[0] MPI startup(): I_MPI_SHM_LMT environment variable is not supported.
[0] MPI startup(): Similar variables:
	 I_MPI_SHM_HEAP
	 I_MPI_SHM
	 I_MPI_SHM_OPT
	 I_MPI_SHM_THP
[0] MPI startup(): To check the list of supported variables, use the impi_info utility or refer to https://software.intel.com/en-us/mpi-library/documentation/get-started.

     Program LD1 v.7.3.1 starts on 19Sep2024 at 21:48:31 

     This program is part of the open-source Quantum ESPRESSO suite
     for quantum simulation of materials; please cite
         "P. Giannozzi et al., J. Phys.:Condens. Matter 21 395502 (2009);
         "P. Giannozzi et al., J. Phys.:Condens. Matter 29 465901 (2017);
         "P. Giannozzi et al., J. Chem. Phys. 152 154105 (2020);
          URL http://www.quantum-espresso.org", 
     in publications or presentations arising from this work. More details at
     http://www.quantum-espresso.org/quote

     Parallel version (MPI), running on     1 processors

     MPI processes distributed on     1 nodes
     89554 MiB available memory on the printing compute node when the environment starts
 
     Waiting for input...
     Reading input from standard input
     --------------------------- All-electron run ----------------------------

     Ag                                                                         
     dirac relativistic calculation

     atomic number is 47.00
     dft =PBE   lsd =0 sic =0 latt =0  beta=0.20 tr2=1.0E-14
     Exchange-correlation= PBE
                           (   1   4   3   4   0   0   0)
     mesh =1237 r(mesh) =  99.46963 a.u. xmin = -7.00 dx = 0.01250
     1 Ry =  13.60569312 eV, c = 137.03599908

     n l j   nl                  e(Ry)          e(Ha)          e(eV)
     Spin orbit split results
     1 0 0.5 1S 1( 2.00)     -1860.8104      -930.4052    -25317.6156
     2 0 0.5 2S 1( 2.00)      -274.0419      -137.0210     -3728.5301
     2 1 0.5 2P 1( 2.00)      -254.6673      -127.3336     -3464.9250
     2 1 1.5 2P 1( 4.00)      -241.7811      -120.8906     -3289.5999
     3 0 0.5 3S 1( 2.00)       -50.3699       -25.1850      -685.3178
     3 1 0.5 3P 1( 2.00)       -42.6648       -21.3324      -580.4842
     3 1 1.5 3P 1( 4.00)       -40.3906       -20.1953      -549.5417
     4 0 0.5 4S 1( 2.00)        -7.1295        -3.5648       -97.0022
     4 1 0.5 4P 1( 2.00)        -4.7035        -2.3518       -63.9946
     4 1 1.5 4P 1( 4.00)        -4.3280        -2.1640       -58.8848
     3 2 1.5 3D 1( 4.00)       -26.7554       -13.3777      -364.0263
     3 2 2.5 3D 1( 6.00)       -26.2975       -13.1487      -357.7952
     4 2 1.5 4D 1( 4.00)        -0.6895        -0.3447        -9.3810
     4 2 2.5 4D 1( 5.50)        -0.6471        -0.3236        -8.8047
     5 0 0.5 5S 1( 1.50)        -0.3658        -0.1829        -4.9763
     5 1 0.5 5P 1( 0.00)        -0.0791        -0.0395        -1.0756
     5 1 1.5 5P 1( 0.00)        -0.0690        -0.0345        -0.9389
     Averaged results
     1 0     1S 1( 2.00)     -1860.8104      -930.4052    -25317.6156
     2 0     2S 1( 2.00)      -274.0419      -137.0210     -3728.5301
     2 1     2P 1( 6.00)      -246.0765      -123.0383     -3348.0416
     3 0     3S 1( 2.00)       -50.3699       -25.1850      -685.3178
     3 1     3P 1( 6.00)       -41.1486       -20.5743      -559.8559
     4 0     4S 1( 2.00)        -7.1295        -3.5648       -97.0022
     4 1     4P 1( 6.00)        -4.4531        -2.2266       -60.5881
     3 2     3D 1(10.00)       -26.4807       -13.2403      -360.2876
     4 2     4D 1( 9.50)        -0.6641        -0.3320        -9.0353
     5 0     5S 1( 1.50)        -0.3658        -0.1829        -4.9763
     5 1     5P 1( 0.00)        -0.0724        -0.0362        -0.9845

     final scf error:  2.9E-15 reached in  27 iterations
 
     Etot =  -10634.365776 Ry,   -5317.182888 Ha, -144687.917309 eV

     Ekin =   11129.538460 Ry,    5564.769230 Ha,  151425.084883 eV
     Encl =  -25784.062742 Ry,  -12892.031371 Ha, -350810.045135 eV
     Eh   =    4318.825144 Ry,    2159.412572 Ha,   58760.609567 eV
     Exc  =    -298.666638 Ry,    -149.333319 Ha,   -4063.566624 eV


     normalization and overlap integrals

     s(1S/1S) =  1.000000  <r> =   0.0311  <r2> =    0.0013  r(max) =   0.0202
     s(1S/2S) =  0.000000
     s(1S/3S) = -0.000000
     s(1S/4S) =  0.000000
     s(1S/5S) =  0.000000
     s(2S/2S) =  1.000000  <r> =   0.1345  <r2> =    0.0214  r(max) =   0.1136
     s(2S/3S) =  0.000000
     s(2S/4S) =  0.000000
     s(2S/5S) =  0.000000
     s(2P/2P) =  1.000000  <r> =   0.1141  <r2> =    0.0160  r(max) =   0.0885
     s(2P/3P) =  0.000000
     s(2P/4P) =  0.000000
     s(2P/5P) =  0.000000
     s(2P/2P) =  1.000000  <r> =   0.1192  <r2> =    0.0173  r(max) =   0.0930
     s(2P/3P) =  0.000000
     s(2P/4P) =  0.000000
     s(2P/5P) =  0.000000
     s(3S/3S) =  1.000000  <r> =   0.3683  <r2> =    0.1553  r(max) =   0.3328
     s(3S/4S) =  0.000000
     s(3S/5S) =  0.000000
     s(3P/3P) =  1.000000  <r> =   0.3600  <r2> =    0.1507  r(max) =   0.3206
     s(3P/4P) =  0.000000
     s(3P/5P) =  0.000000
     s(3P/3P) =  1.000000  <r> =   0.3709  <r2> =    0.1598  r(max) =   0.3287
     s(3P/4P) =  0.000000
     s(3P/5P) =  0.000000
     s(4S/4S) =  1.000000  <r> =   0.9109  <r2> =    0.9406  r(max) =   0.8186
     s(4S/5S) =  0.000000
     s(4P/4P) =  1.000000  <r> =   0.9773  <r2> =    1.0952  r(max) =   0.8606
     s(4P/5P) =  0.000000
     s(4P/4P) =  1.000000  <r> =   1.0086  <r2> =    1.1670  r(max) =   0.8824
     s(4P/5P) = -0.000000
     s(3D/3D) =  1.000000  <r> =   0.3437  <r2> =    0.1409  r(max) =   0.2725
     s(3D/4D) = -0.000000
     s(3D/3D) =  1.000000  <r> =   0.3472  <r2> =    0.1436  r(max) =   0.2759
     s(3D/4D) = -0.000000
     s(4D/4D) =  1.000000  <r> =   1.3708  <r2> =    2.3161  r(max) =   1.0252
     s(4D/4D) =  1.000000  <r> =   1.3942  <r2> =    2.4022  r(max) =   1.0381
     s(5S/5S) =  1.000000  <r> =   3.0605  <r2> =   10.8987  r(max) =   2.4592
     s(5P/5P) =  1.000000  <r> =   4.7579  <r2> =   27.4578  r(max) =   3.4465
     s(5P/5P) =  1.000000  <r> =   5.0032  <r2> =   30.3720  r(max) =   3.6688

     ------------------------ End of All-electron run ------------------------


     --------------------- Generating US pseudopotential ---------------------


      Generating local potential from pseudized AE potential:
      Matching radius rcloc =   2.4000

      Local pseudo, rcloc= 2.399 Estimated cut-off energy=     4.33 Ry

      Computing core charge for nlcc: 

       r > 0.79 : true rho core
       r < 0.79 : rho core = a sin(br)/r    a=  18.06  b=   2.68

      Integrated core pseudo-charge :  10.74

     Fully relativistic calculation: |psi|^2

     Wfc 5S LC norm =  0.99996030 SC norm =  0.00003705 missing  0.00000265

     Wfc 5P LC norm =  0.99998484 SC norm =  0.00001472 missing  0.00000043

     Wfc 5P LC norm =  0.99998649 SC norm =  0.00001045 missing  0.00000306

     Wfc 4D LC norm =  0.99978591 SC norm =  0.00021405 missing  0.00000003

     Wfc 4D LC norm =  0.99979171 SC norm =  0.00020683 missing  0.00000146
      Wfc-us  5S rcutus= 2.282  Estimated cut-off energy=     8.33 Ry
      Wfc-us  5S rcutus= 2.282  Estimated cut-off energy=    20.72 Ry
      Wfc-us  5P rcutus= 2.282  Estimated cut-off energy=    13.45 Ry
      Wfc-us  5P rcutus= 2.282  Estimated cut-off energy=    13.32 Ry
      Wfc-us  5P rcutus= 2.282  Estimated cut-off energy=    26.68 Ry
      Wfc-us  5P rcutus= 2.282  Estimated cut-off energy=    25.95 Ry
      Wfc-us  4D rcutus= 1.915  Estimated cut-off energy=    32.08 Ry
      Wfc-us  4D rcutus= 1.915  Estimated cut-off energy=    32.03 Ry
      Wfc-us  4D rcutus= 1.915  Estimated cut-off energy=    28.87 Ry
      Wfc-us  4D rcutus= 1.915  Estimated cut-off energy=    28.75 Ry

      The bmat matrix
     0.47428     0.39371     0.00000     0.00000     0.00000     0.00000
     0.00000     0.00000     0.00000     0.00000
     0.32899     0.35220     0.00000     0.00000     0.00000     0.00000
     0.00000     0.00000     0.00000     0.00000
     0.00000     0.00000     0.07864     0.00000     0.26718     0.00000
     0.00000     0.00000     0.00000     0.00000
     0.00000     0.00000     0.00000     0.06205     0.00000     0.22253
     0.00000     0.00000     0.00000     0.00000
     0.00000     0.00000     0.22190     0.00000     1.07603     0.00000
     0.00000     0.00000     0.00000     0.00000
     0.00000     0.00000     0.00000     0.20941     0.00000     1.06976
     0.00000     0.00000     0.00000     0.00000
     0.00000     0.00000     0.00000     0.00000     0.00000     0.00000
    -1.80202     0.00000    -1.09469     0.00000
     0.00000     0.00000     0.00000     0.00000     0.00000     0.00000
     0.00000    -1.77506     0.00000    -1.10348
     0.00000     0.00000     0.00000     0.00000     0.00000     0.00000
     0.11618     0.00000     0.13067     0.00000
     0.00000     0.00000     0.00000     0.00000     0.00000     0.00000
     0.00000     0.08242     0.00000     0.11269

      The bmat + epsilon qq matrix
     0.49202     0.33248     0.00000     0.00000     0.00000     0.00000
     0.00000     0.00000     0.00000     0.00000
     0.33244     0.53590     0.00000     0.00000     0.00000     0.00000
     0.00000     0.00000     0.00000     0.00000
     0.00000     0.00000     0.07852     0.00000     0.22246     0.00000
     0.00000     0.00000     0.00000     0.00000
     0.00000     0.00000     0.00000     0.06176     0.00000     0.20955
     0.00000     0.00000     0.00000     0.00000
     0.00000     0.00000     0.22249     0.00000     0.89223     0.00000
     0.00000     0.00000     0.00000     0.00000
     0.00000     0.00000     0.00000     0.20956     0.00000     0.89987
     0.00000     0.00000     0.00000     0.00000
     0.00000     0.00000     0.00000     0.00000     0.00000     0.00000
    -2.01993     0.00000    -0.05113     0.00000
     0.00000     0.00000     0.00000     0.00000     0.00000     0.00000
     0.00000    -1.97075     0.00000    -0.07267
     0.00000     0.00000     0.00000     0.00000     0.00000     0.00000
    -0.05115     0.00000     0.66466     0.00000
     0.00000     0.00000     0.00000     0.00000     0.00000     0.00000
     0.00000    -0.07271     0.00000     0.66044

      The qq matrix
    -0.04850    -0.00942     0.00000     0.00000     0.00000     0.00000
     0.00000     0.00000     0.00000     0.00000
    -0.00942     0.02826     0.00000     0.00000     0.00000     0.00000
     0.00000     0.00000     0.00000     0.00000
     0.00000     0.00000     0.00158     0.00000    -0.00745     0.00000
     0.00000     0.00000     0.00000     0.00000
     0.00000     0.00000     0.00000     0.00432     0.00000    -0.00216
     0.00000     0.00000     0.00000     0.00000
     0.00000     0.00000    -0.00745     0.00000    -0.03063     0.00000
     0.00000     0.00000     0.00000     0.00000
     0.00000     0.00000     0.00000    -0.00216     0.00000    -0.02831
     0.00000     0.00000     0.00000     0.00000
     0.00000     0.00000     0.00000     0.00000     0.00000     0.00000
     0.31604     0.00000     0.24269     0.00000
     0.00000     0.00000     0.00000     0.00000     0.00000     0.00000
     0.00000     0.30238     0.00000     0.23972
     0.00000     0.00000     0.00000     0.00000     0.00000     0.00000
     0.24269     0.00000     0.12418     0.00000
     0.00000     0.00000     0.00000     0.00000     0.00000     0.00000
     0.00000     0.23972     0.00000     0.12738

     Q pseudized with Bessel functions
     Expected ecutrho=     164.7191 due to l1=  2   l2=  2

      The ddd matrix
     0.38771     0.44789     0.00000     0.00000     0.00000     0.00000
     0.00000     0.00000     0.00000     0.00000
     0.44789     0.65158     0.00000     0.00000     0.00000     0.00000
     0.00000     0.00000     0.00000     0.00000
     0.00000     0.00000     0.11579     0.00000     0.27073     0.00000
     0.00000     0.00000     0.00000     0.00000
     0.00000     0.00000     0.00000     0.10580     0.00000     0.27749
     0.00000     0.00000     0.00000     0.00000
     0.00000     0.00000     0.27073     0.00000     0.95077     0.00000
     0.00000     0.00000     0.00000     0.00000
     0.00000     0.00000     0.00000     0.27749     0.00000     0.98025
     0.00000     0.00000     0.00000     0.00000
     0.00000     0.00000     0.00000     0.00000     0.00000     0.00000
    -0.55067     0.00000     1.11906     0.00000
     0.00000     0.00000     0.00000     0.00000     0.00000     0.00000
     0.00000    -0.56949     0.00000     1.07934
     0.00000     0.00000     0.00000     0.00000     0.00000     0.00000
     1.11906     0.00000     1.36981     0.00000
     0.00000     0.00000     0.00000     0.00000     0.00000     0.00000
     0.00000     1.07934     0.00000     1.37839

     ------------------- End of pseudopotential generation -------------------

     --------------------------- All-electron run ----------------------------

     Ag                                                                         
     dirac relativistic calculation

     atomic number is 47.00
     dft =PBE   lsd =0 sic =0 latt =0  beta=0.20 tr2=1.0E-14
     Exchange-correlation= PBE
                           (   1   4   3   4   0   0   0)
     mesh =1237 r(mesh) =  99.46963 a.u. xmin = -7.00 dx = 0.01250
     1 Ry =  13.60569312 eV, c = 137.03599908

     n l j   nl                  e(Ry)          e(Ha)          e(eV)
     Spin orbit split results
     1 0 0.5 1S 1( 2.00)     -1860.8104      -930.4052    -25317.6156
     2 0 0.5 2S 1( 2.00)      -274.0419      -137.0210     -3728.5301
     2 1 0.5 2P 1( 2.00)      -254.6673      -127.3336     -3464.9250
     2 1 1.5 2P 1( 4.00)      -241.7811      -120.8906     -3289.5999
     3 0 0.5 3S 1( 2.00)       -50.3699       -25.1850      -685.3178
     3 1 0.5 3P 1( 2.00)       -42.6648       -21.3324      -580.4842
     3 1 1.5 3P 1( 4.00)       -40.3906       -20.1953      -549.5417
     4 0 0.5 4S 1( 2.00)        -7.1295        -3.5648       -97.0022
     4 1 0.5 4P 1( 2.00)        -4.7035        -2.3518       -63.9946
     4 1 1.5 4P 1( 4.00)        -4.3280        -2.1640       -58.8848
     3 2 1.5 3D 1( 4.00)       -26.7554       -13.3777      -364.0263
     3 2 2.5 3D 1( 6.00)       -26.2975       -13.1487      -357.7952
     4 2 1.5 4D 1( 4.00)        -0.6895        -0.3447        -9.3810
     4 2 2.5 4D 1( 5.50)        -0.6471        -0.3236        -8.8047
     5 0 0.5 5S 1( 1.50)        -0.3658        -0.1829        -4.9763
     5 1 0.5 5P 1( 0.00)        -0.0791        -0.0395        -1.0756
     5 1 1.5 5P 1( 0.00)        -0.0690        -0.0345        -0.9389
     Averaged results
     1 0     1S 1( 2.00)     -1860.8104      -930.4052    -25317.6156
     2 0     2S 1( 2.00)      -274.0419      -137.0210     -3728.5301
     2 1     2P 1( 6.00)      -246.0765      -123.0383     -3348.0416
     3 0     3S 1( 2.00)       -50.3699       -25.1850      -685.3178
     3 1     3P 1( 6.00)       -41.1486       -20.5743      -559.8559
     4 0     4S 1( 2.00)        -7.1295        -3.5648       -97.0022
     4 1     4P 1( 6.00)        -4.4531        -2.2266       -60.5881
     3 2     3D 1(10.00)       -26.4807       -13.2403      -360.2876
     4 2     4D 1( 9.50)        -0.6641        -0.3320        -9.0353
     5 0     5S 1( 1.50)        -0.3658        -0.1829        -4.9763
     5 1     5P 1( 0.00)        -0.0724        -0.0362        -0.9845

     final scf error:  2.9E-15 reached in  27 iterations
 
     Etot =  -10634.365776 Ry,   -5317.182888 Ha, -144687.917309 eV

     Ekin =   11129.538460 Ry,    5564.769230 Ha,  151425.084883 eV
     Encl =  -25784.062742 Ry,  -12892.031371 Ha, -350810.045135 eV
     Eh   =    4318.825144 Ry,    2159.412572 Ha,   58760.609567 eV
     Exc  =    -298.666638 Ry,    -149.333319 Ha,   -4063.566624 eV


     normalization and overlap integrals

     s(1S/1S) =  1.000000  <r> =   0.0311  <r2> =    0.0013  r(max) =   0.0202
     s(1S/2S) =  0.000000
     s(1S/3S) = -0.000000
     s(1S/4S) =  0.000000
     s(1S/5S) =  0.000000
     s(2S/2S) =  1.000000  <r> =   0.1345  <r2> =    0.0214  r(max) =   0.1136
     s(2S/3S) =  0.000000
     s(2S/4S) =  0.000000
     s(2S/5S) =  0.000000
     s(2P/2P) =  1.000000  <r> =   0.1141  <r2> =    0.0160  r(max) =   0.0885
     s(2P/3P) =  0.000000
     s(2P/4P) =  0.000000
     s(2P/5P) =  0.000000
     s(2P/2P) =  1.000000  <r> =   0.1192  <r2> =    0.0173  r(max) =   0.0930
     s(2P/3P) =  0.000000
     s(2P/4P) =  0.000000
     s(2P/5P) =  0.000000
     s(3S/3S) =  1.000000  <r> =   0.3683  <r2> =    0.1553  r(max) =   0.3328
     s(3S/4S) =  0.000000
     s(3S/5S) =  0.000000
     s(3P/3P) =  1.000000  <r> =   0.3600  <r2> =    0.1507  r(max) =   0.3206
     s(3P/4P) =  0.000000
     s(3P/5P) =  0.000000
     s(3P/3P) =  1.000000  <r> =   0.3709  <r2> =    0.1598  r(max) =   0.3287
     s(3P/4P) =  0.000000
     s(3P/5P) =  0.000000
     s(4S/4S) =  1.000000  <r> =   0.9109  <r2> =    0.9406  r(max) =   0.8186
     s(4S/5S) =  0.000000
     s(4P/4P) =  1.000000  <r> =   0.9773  <r2> =    1.0952  r(max) =   0.8606
     s(4P/5P) =  0.000000
     s(4P/4P) =  1.000000  <r> =   1.0086  <r2> =    1.1670  r(max) =   0.8824
     s(4P/5P) = -0.000000
     s(3D/3D) =  1.000000  <r> =   0.3437  <r2> =    0.1409  r(max) =   0.2725
     s(3D/4D) = -0.000000
     s(3D/3D) =  1.000000  <r> =   0.3472  <r2> =    0.1436  r(max) =   0.2759
     s(3D/4D) = -0.000000
     s(4D/4D) =  1.000000  <r> =   1.3708  <r2> =    2.3161  r(max) =   1.0252
     s(4D/4D) =  1.000000  <r> =   1.3942  <r2> =    2.4022  r(max) =   1.0381
     s(5S/5S) =  1.000000  <r> =   3.0605  <r2> =   10.8987  r(max) =   2.4592
     s(5P/5P) =  1.000000  <r> =   4.7579  <r2> =   27.4578  r(max) =   3.4465
     s(5P/5P) =  1.000000  <r> =   5.0032  <r2> =   30.3720  r(max) =   3.6688

     ------------------------ End of All-electron run ------------------------


     ---------------------- Testing the pseudopotential ----------------------

     Ag                                                                         
     dirac relativistic calculation

     atomic number is 47.00   valence charge is 11.00
     dft =PBE   lsd =0 sic =0 latt =0  beta=0.20 tr2=1.0E-14
     mesh =1237 r(mesh) =  99.46963 xmin = -7.00 dx = 0.01250

     n l  j  nl             e AE (Ry)       e PS (Ry)    De AE-PS (Ry) 
     1 0 0.5 5S   1( 1.50)       -0.36575       -0.36575        0.00000
     2 1 0.5 5P   1( 0.00)       -0.07905       -0.07905       -0.00000
     2 1 1.5 5P   1( 0.00)       -0.06901       -0.06901        0.00000
     3 2 1.5 4D   1( 4.00)       -0.68949       -0.68949        0.00000
     3 2 2.5 4D   1( 5.50)       -0.64714       -0.64714        0.00000

     eps = 2.0E-16  iter =  4
 
     Etot =  -10634.365776 Ry,   -5317.182888 Ha, -144687.917309 eV
     Etotps =   -94.603905 Ry,     -47.301952 Ha,   -1287.151695 eV

     Ekin =      30.990226 Ry,      15.495113 Ha,     421.643505 eV
     Encl =    -156.340256 Ry,     -78.170128 Ha,   -2127.117543 eV
     Ehrt =      70.813775 Ry,      35.406888 Ha,     963.470497 eV
     Ecxc =     -35.314318 Ry,     -17.657159 Ha,    -480.475777 eV
     (Ecc =     -18.696449 Ry,      -9.348225 Ha,    -254.378154 eV)
     Epseu=      -4.753332 Ry,      -2.376666 Ha,     -64.672377 eV

     ---------------------- End of pseudopotential test ----------------------

