[0] MPI startup(): I_MPI_SHM_LMT environment variable is not supported.
[0] MPI startup(): Similar variables:
	 I_MPI_SHM_HEAP
	 I_MPI_SHM
	 I_MPI_SHM_OPT
	 I_MPI_SHM_THP
[0] MPI startup(): To check the list of supported variables, use the impi_info utility or refer to https://software.intel.com/en-us/mpi-library/documentation/get-started.

     Program LD1 v.7.3.1 starts on 19Sep2024 at 21:48:35 

     This program is part of the open-source Quantum ESPRESSO suite
     for quantum simulation of materials; please cite
         "P. Giannozzi et al., J. Phys.:Condens. Matter 21 395502 (2009);
         "P. Giannozzi et al., J. Phys.:Condens. Matter 29 465901 (2017);
         "P. Giannozzi et al., J. Chem. Phys. 152 154105 (2020);
          URL http://www.quantum-espresso.org", 
     in publications or presentations arising from this work. More details at
     http://www.quantum-espresso.org/quote

     Parallel version (MPI), running on     1 processors

     MPI processes distributed on     1 nodes
     89545 MiB available memory on the printing compute node when the environment starts
 
     Waiting for input...
     Reading input from standard input
 state nlj           5           2   1.50000000000000       not converged
 state nlj           5           2   2.50000000000000       not converged
 state nlj           5           1  0.500000000000000       not converged
 state nlj           5           1   1.50000000000000       not converged
 state nlj           4           3   2.50000000000000       not converged
 state nlj           4           3   3.50000000000000       not converged
 state nlj           5           2   1.50000000000000       not converged
 state nlj           5           2   2.50000000000000       not converged
 state nlj           6           0  0.500000000000000       not converged
 state nlj           6           1  0.500000000000000       not converged
 state nlj           6           1   1.50000000000000       not converged
 classical turning point too close to mesh           6           1           1
 classical turning point too close to mesh           6           1          -2
     --------------------------- All-electron run ----------------------------

     Au                                                                         
     dirac relativistic calculation

     atomic number is 79.00
     dft =PBE   lsd =0 sic =0 latt =0  beta=0.20 tr2=1.0E-14
     Exchange-correlation= PBE
                           (   1   4   3   4   0   0   0)
     mesh =1279 r(mesh) = 100.03820 a.u. xmin = -7.00 dx = 0.01250
     1 Ry =  13.60569312 eV, c = 137.03599908

     n l j   nl                  e(Ry)          e(Ha)          e(eV)
     Spin orbit split results
     1 0 0.5 1S 1( 2.00)     -5928.1445     -2964.0723    -80656.5149
     2 0 0.5 2S 1( 2.00)     -1045.0861      -522.5431    -14219.1209
     2 1 0.5 2P 1( 2.00)     -1002.0067      -501.0034    -13632.9957
     2 1 1.5 2P 1( 4.00)      -867.0696      -433.5348    -11797.0835
     3 0 0.5 3S 1( 2.00)      -246.6382      -123.3191     -3355.6834
     3 1 0.5 3P 1( 2.00)      -227.3068      -113.6534     -3092.6671
     3 1 1.5 3P 1( 4.00)      -197.5295       -98.7648     -2687.5258
     4 0 0.5 4S 1( 2.00)       -53.5305       -26.7653      -728.3202
     4 1 0.5 4P 1( 2.00)       -45.2909       -22.6455      -616.2144
     4 1 1.5 4P 1( 4.00)       -38.1505       -19.0753      -519.0642
     3 2 1.5 3D 1( 4.00)      -165.5082       -82.7541     -2251.8534
     3 2 2.5 3D 1( 6.00)      -159.1098       -79.5549     -2164.7998
     5 0 0.5 5S 1( 2.00)        -7.9458        -3.9729      -108.1082
     5 1 0.5 5P 1( 2.00)        -5.2786        -2.6393       -71.8187
     5 1 1.5 5P 1( 4.00)        -4.0678        -2.0339       -55.3458
     4 2 1.5 4D 1( 4.00)       -24.6898       -12.3449      -335.9221
     4 2 2.5 4D 1( 6.00)       -23.3603       -11.6802      -317.8337
     4 3 2.5 4F 1( 6.00)        -6.1019        -3.0510       -83.0210
     4 3 3.5 4F 1( 8.00)        -5.8218        -2.9109       -79.2100
     5 2 1.5 5D 1( 4.00)        -0.5760        -0.2880        -7.8366
     5 2 2.5 5D 1( 6.00)        -0.4639        -0.2319        -6.3111
     6 0 0.5 6S 1( 1.00)        -0.4248        -0.2124        -5.7801
     6 1 0.5 6P 1( 0.00)        -0.0849        -0.0425        -1.1552
     6 1 1.5 6P 1( 0.00)        -0.0488        -0.0244        -0.6637
     Averaged results
     1 0     1S 1( 2.00)     -5928.1445     -2964.0723    -80656.5149
     2 0     2S 1( 2.00)     -1045.0861      -522.5431    -14219.1209
     2 1     2P 1( 6.00)      -912.0487      -456.0243    -12409.0542
     3 0     3S 1( 2.00)      -246.6382      -123.3191     -3355.6834
     3 1     3P 1( 6.00)      -207.4553      -103.7276     -2822.5729
     4 0     4S 1( 2.00)       -53.5305       -26.7653      -728.3202
     4 1     4P 1( 6.00)       -40.5306       -20.2653      -551.4476
     3 2     3D 1(10.00)      -161.6692       -80.8346     -2199.6212
     5 0     5S 1( 2.00)        -7.9458        -3.9729      -108.1082
     5 1     5P 1( 6.00)        -4.4714        -2.2357       -60.8368
     4 2     4D 1(10.00)       -23.8921       -11.9461      -325.0691
     4 3     4F 1(14.00)        -5.9419        -2.9709       -80.8433
     5 2     5D 1(10.00)        -0.5087        -0.2544        -6.9213
     6 0     6S 1( 1.00)        -0.4248        -0.2124        -5.7801
     6 1     6P 1( 0.00)        -0.0608        -0.0304        -0.8276

     final scf error:  4.1E-15 reached in  49 iterations
 
     Etot =  -38096.206402 Ry,  -19048.103201 Ha, -518325.293453 eV

     Ekin =   43785.087880 Ry,   21892.543940 Ha,  595726.469064 eV
     Encl =  -95978.078302 Ry,  -47989.039151 Ha,-1305848.279916 eV
     Eh   =   14827.795615 Ry,    7413.897808 Ha,  201742.436829 eV
     Exc  =    -731.011595 Ry,    -365.505797 Ha,   -9945.919430 eV


     normalization and overlap integrals

     s(1S/1S) =  1.000000  <r> =   0.0169  <r2> =    0.0004  r(max) =   0.0104
     s(1S/2S) = -0.000000
     s(1S/3S) = -0.000000
     s(1S/4S) = -0.000000
     s(1S/5S) = -0.000000
     s(1S/6S) = -0.000000
     s(2S/2S) =  1.000000  <r> =   0.0704  <r2> =    0.0059  r(max) =   0.0604
     s(2S/3S) =  0.000000
     s(2S/4S) =  0.000000
     s(2S/5S) =  0.000000
     s(2S/6S) =  0.000000
     s(2P/2P) =  1.000000  <r> =   0.0580  <r2> =    0.0042  r(max) =   0.0447
     s(2P/3P) =  0.000000
     s(2P/4P) =  0.000000
     s(2P/5P) =  0.000000
     s(2P/6P) =  0.000000
     s(2P/2P) =  1.000000  <r> =   0.0665  <r2> =    0.0054  r(max) =   0.0520
     s(2P/3P) =  0.000000
     s(2P/4P) =  0.000000
     s(2P/5P) =  0.000000
     s(2P/6P) =  0.000000
     s(3S/3S) =  1.000000  <r> =   0.1833  <r2> =    0.0386  r(max) =   0.1704
     s(3S/4S) =  0.000000
     s(3S/5S) =  0.000000
     s(3S/6S) =  0.000000
     s(3P/3P) =  1.000000  <r> =   0.1736  <r2> =    0.0352  r(max) =   0.1581
     s(3P/4P) =  0.000000
     s(3P/5P) =  0.000000
     s(3P/6P) =  0.000000
     s(3P/3P) =  1.000000  <r> =   0.1893  <r2> =    0.0416  r(max) =   0.1726
     s(3P/4P) =  0.000000
     s(3P/5P) =  0.000000
     s(3P/6P) =  0.000000
     s(4S/4S) =  1.000000  <r> =   0.4069  <r2> =    0.1870  r(max) =   0.3841
     s(4S/5S) =  0.000000
     s(4S/6S) =  0.000000
     s(4P/4P) =  1.000000  <r> =   0.4094  <r2> =    0.1909  r(max) =   0.3793
     s(4P/5P) =  0.000000
     s(4P/6P) =  0.000000
     s(4P/4P) =  1.000000  <r> =   0.4434  <r2> =    0.2236  r(max) =   0.4140
     s(4P/5P) =  0.000000
     s(4P/6P) =  0.000000
     s(3D/3D) =  1.000000  <r> =   0.1648  <r2> =    0.0319  r(max) =   0.1361
     s(3D/4D) =  0.000000
     s(3D/5D) =  0.000000
     s(3D/3D) =  1.000000  <r> =   0.1696  <r2> =    0.0336  r(max) =   0.1395
     s(3D/4D) = -0.000000
     s(3D/5D) = -0.000000
     s(5S/5S) =  1.000000  <r> =   0.9279  <r2> =    0.9667  r(max) =   0.8441
     s(5S/6S) =  0.000000
     s(5P/5P) =  1.000000  <r> =   1.0041  <r2> =    1.1406  r(max) =   0.8986
     s(5P/6P) =  0.000000
     s(5P/5P) =  1.000000  <r> =   1.1038  <r2> =    1.3808  r(max) =   0.9807
     s(5P/6P) = -0.000000
     s(4D/4D) =  1.000000  <r> =   0.4519  <r2> =    0.2362  r(max) =   0.4038
     s(4D/5D) =  0.000000
     s(4D/4D) =  1.000000  <r> =   0.4631  <r2> =    0.2479  r(max) =   0.4140
     s(4D/5D) = -0.000000
     s(4F/4F) =  1.000000  <r> =   0.4953  <r2> =    0.2974  r(max) =   0.3746
     s(4F/4F) =  1.000000  <r> =   0.5023  <r2> =    0.3060  r(max) =   0.3793
     s(5D/5D) =  1.000000  <r> =   1.5707  <r2> =    2.9799  r(max) =   1.1979
     s(5D/5D) =  1.000000  <r> =   1.6569  <r2> =    3.3460  r(max) =   1.2282
     s(6S/6S) =  1.000000  <r> =   2.8669  <r2> =    9.5073  r(max) =   2.3234
     s(6P/6P) =  1.000000  <r> =   4.4433  <r2> =   23.9471  r(max) =   3.2157
     s(6P/6P) =  1.000000  <r> =   5.3237  <r2> =   34.6520  r(max) =   3.8789

     ------------------------ End of All-electron run ------------------------


     --------------------- Generating PAW atomic setup --------------------


      Generating local potential from pseudized AE potential:
      Matching radius rcloc =   2.4000
      Enforcing V''(0)=0 (lloc=-2)

      Local pseudo, rcloc= 2.412 Estimated cut-off energy=     5.63 Ry

      Computing core charge for nlcc: 

       r > 1.62 : true rho core
      Core charge pseudized with two Bessel functions
      Integrated core pseudo-charge :  10.54

     Fully relativistic calculation: |psi|^2

     Wfc 6S LC norm =  0.99994105 SC norm =  0.00005643 missing  0.00000252
     Speed at rcutus      0.585 a.u.,  v/c =  0.004267,  (v/c)^2 =  0.00001821

     Wfc 6P LC norm =  0.99997767 SC norm =  0.00002207 missing  0.00000026
     Speed at rcutus      0.437 a.u.,  v/c =  0.003188,  (v/c)^2 =  0.00001016

     Wfc 6P LC norm =  0.99998535 SC norm =  0.00001192 missing  0.00000273
     Speed at rcutus      0.341 a.u.,  v/c =  0.002491,  (v/c)^2 =  0.00000621

     Wfc 5D LC norm =  0.99978158 SC norm =  0.00021838 missing  0.00000004
     Speed at rcutus      0.454 a.u.,  v/c =  0.003316,  (v/c)^2 =  0.00001099

     Wfc 5D LC norm =  0.99980112 SC norm =  0.00019700 missing  0.00000189
     Speed at rcutus      0.509 a.u.,  v/c =  0.003712,  (v/c)^2 =  0.00001378
      Wfc-us  6S rcutus= 2.295  Estimated cut-off energy=     8.40 Ry
      Wfc-us  6S rcutus= 2.295  Estimated cut-off energy=    13.61 Ry
      Wfc-us  6P rcutus= 2.412  Estimated cut-off energy=    12.28 Ry
      Wfc-us  6P rcutus= 2.412  Estimated cut-off energy=    11.90 Ry
      Wfc-us  6P rcutus= 2.412  Estimated cut-off energy=    20.25 Ry
      Wfc-us  6P rcutus= 2.412  Estimated cut-off energy=    18.15 Ry
      Wfc-us  5D rcutus= 2.183  Estimated cut-off energy=    24.77 Ry
      Wfc-us  5D rcutus= 2.183  Estimated cut-off energy=    24.63 Ry
      Wfc-us  5D rcutus= 2.183  Estimated cut-off energy=    27.04 Ry
      Wfc-us  5D rcutus= 2.183  Estimated cut-off energy=    25.66 Ry

      The bmat matrix
     0.47313     0.82471     0.00000     0.00000     0.00000     0.00000
     0.00000     0.00000     0.00000     0.00000
     0.54017     1.00140     0.00000     0.00000     0.00000     0.00000
     0.00000     0.00000     0.00000     0.00000
     0.00000     0.00000     0.10132     0.00000     0.32026     0.00000
     0.00000     0.00000     0.00000     0.00000
     0.00000     0.00000     0.00000     0.05287     0.00000     0.18145
     0.00000     0.00000     0.00000     0.00000
     0.00000     0.00000     0.21050     0.00000     0.80194     0.00000
     0.00000     0.00000     0.00000     0.00000
     0.00000     0.00000     0.00000     0.17349     0.00000     0.69435
     0.00000     0.00000     0.00000     0.00000
     0.00000     0.00000     0.00000     0.00000     0.00000     0.00000
    -1.63244     0.00000    -0.95511     0.00000
     0.00000     0.00000     0.00000     0.00000     0.00000     0.00000
     0.00000    -1.54673     0.00000    -0.89506
     0.00000     0.00000     0.00000     0.00000     0.00000     0.00000
    -0.90843     0.00000    -0.53261     0.00000
     0.00000     0.00000     0.00000     0.00000     0.00000     0.00000
     0.00000    -0.87149     0.00000    -0.50450

      The bmat + epsilon qq matrix
     0.50878     0.58451     0.00000     0.00000     0.00000     0.00000
     0.00000     0.00000     0.00000     0.00000
     0.58453     0.70488     0.00000     0.00000     0.00000     0.00000
     0.00000     0.00000     0.00000     0.00000
     0.00000     0.00000     0.10204     0.00000     0.21300     0.00000
     0.00000     0.00000     0.00000     0.00000
     0.00000     0.00000     0.00000     0.05265     0.00000     0.17357
     0.00000     0.00000     0.00000     0.00000
     0.00000     0.00000     0.21303     0.00000     0.48473     0.00000
     0.00000     0.00000     0.00000     0.00000
     0.00000     0.00000     0.00000     0.17360     0.00000     0.53820
     0.00000     0.00000     0.00000     0.00000
     0.00000     0.00000     0.00000     0.00000     0.00000     0.00000
    -1.80017     0.00000    -1.00585     0.00000
     0.00000     0.00000     0.00000     0.00000     0.00000     0.00000
     0.00000    -1.66157     0.00000    -0.93821
     0.00000     0.00000     0.00000     0.00000     0.00000     0.00000
    -1.00585     0.00000    -0.56208     0.00000
     0.00000     0.00000     0.00000     0.00000     0.00000     0.00000
     0.00000    -0.93821     0.00000    -0.52957

      The qq matrix
    -0.08392    -0.10443     0.00000     0.00000     0.00000     0.00000
     0.00000     0.00000     0.00000     0.00000
    -0.10443    -0.12892     0.00000     0.00000     0.00000     0.00000
     0.00000     0.00000     0.00000     0.00000
     0.00000     0.00000    -0.00851     0.00000    -0.02980     0.00000
     0.00000     0.00000     0.00000     0.00000
     0.00000     0.00000     0.00000     0.00447     0.00000    -0.00219
     0.00000     0.00000     0.00000     0.00000
     0.00000     0.00000    -0.02980     0.00000    -0.08811     0.00000
     0.00000     0.00000     0.00000     0.00000
     0.00000     0.00000     0.00000    -0.00219     0.00000    -0.04337
     0.00000     0.00000     0.00000     0.00000
     0.00000     0.00000     0.00000     0.00000     0.00000     0.00000
     0.29121     0.00000     0.16913     0.00000
     0.00000     0.00000     0.00000     0.00000     0.00000     0.00000
     0.00000     0.24758     0.00000     0.14383
     0.00000     0.00000     0.00000     0.00000     0.00000     0.00000
     0.16913     0.00000     0.09823     0.00000
     0.00000     0.00000     0.00000     0.00000     0.00000     0.00000
     0.00000     0.14383     0.00000     0.08355


    multipoles (all-electron charge) - (pseudo charge)
        ns l1:ns1 l2    l=0     l=1     l=2     l=3     l=4     l=5  
         1  0:  1  0 -0.0839
         2  0:  1  0 -0.1044
         2  0:  2  0 -0.1289
         3  1:  1  0  0.0000  0.0530
         3  1:  2  0  0.0000  0.0634
         3  1:  3  1 -0.0085  0.0000 -0.0403
         4  1:  1  0  0.0000  0.0288
         4  1:  2  0  0.0000  0.0362
         4  1:  3  1 -0.0005  0.0000 -0.0224
         4  1:  4  1  0.0045  0.0000 -0.0101
         5  1:  1  0  0.0000  0.1285
         5  1:  2  0  0.0000  0.1533
         5  1:  3  1 -0.0298  0.0000 -0.0901
         5  1:  4  1 -0.0109  0.0000 -0.0541
         5  1:  5  1 -0.0881  0.0000 -0.2024
         6  1:  1  0  0.0000  0.1088
         6  1:  2  0  0.0000  0.1319
         6  1:  3  1 -0.0194  0.0000 -0.0789
         6  1:  4  1 -0.0022  0.0000 -0.0438
         6  1:  5  1 -0.0665  0.0000 -0.1816
         6  1:  6  1 -0.0434  0.0000 -0.1576
         7  2:  1  0  0.0000  0.0000  0.2015
         7  2:  2  0  0.0000  0.0000  0.1889
         7  2:  3  1  0.0000 -0.1228  0.0000 -0.1733
         7  2:  4  1  0.0000 -0.1042  0.0000 -0.1521
         7  2:  5  1  0.0000 -0.2119  0.0000 -0.2637
         7  2:  6  1  0.0000 -0.2391  0.0000 -0.3230
         7  2:  7  2  0.2912  0.0000  0.3271  0.0000  0.4819
         8  2:  1  0  0.0000  0.0000  0.2007
         8  2:  2  0  0.0000  0.0000  0.1892
         8  2:  3  1  0.0000 -0.1197  0.0000 -0.1729
         8  2:  4  1  0.0000 -0.1011  0.0000 -0.1504
         8  2:  5  1  0.0000 -0.2078  0.0000 -0.2654
         8  2:  6  1  0.0000 -0.2336  0.0000 -0.3222
         8  2:  7  2  0.2683  0.0000  0.3035  0.0000  0.4505
         8  2:  8  2  0.2476  0.0000  0.2814  0.0000  0.4209
         9  2:  1  0  0.0000  0.0000  0.1132
         9  2:  2  0  0.0000  0.0000  0.1067
         9  2:  3  1  0.0000 -0.0694  0.0000 -0.0947
         9  2:  4  1  0.0000 -0.0589  0.0000 -0.0834
         9  2:  5  1  0.0000 -0.1208  0.0000 -0.1457
         9  2:  6  1  0.0000 -0.1357  0.0000 -0.1779
         9  2:  7  2  0.1691  0.0000  0.1884  0.0000  0.2759
         9  2:  8  2  0.1558  0.0000  0.1750  0.0000  0.2583
         9  2:  9  2  0.0982  0.0000  0.1085  0.0000  0.1578
        10  2:  1  0  0.0000  0.0000  0.1133
        10  2:  2  0  0.0000  0.0000  0.1070
        10  2:  3  1  0.0000 -0.0680  0.0000 -0.0964
        10  2:  4  1  0.0000 -0.0575  0.0000 -0.0841
        10  2:  5  1  0.0000 -0.1184  0.0000 -0.1485
        10  2:  6  1  0.0000 -0.1330  0.0000 -0.1803
        10  2:  7  2  0.1558  0.0000  0.1757  0.0000  0.2601
        10  2:  8  2  0.1438  0.0000  0.1630  0.0000  0.2433
        10  2:  9  2  0.0905  0.0000  0.1012  0.0000  0.1490
        10  2: 10  2  0.0835  0.0000  0.0944  0.0000  0.1405
     Required augmentation: PSQ   radius:    1.000000

     Q pseudized with Bessel functions
     Expected ecutrho=     357.4080 due to l1=  2   l2=  2

     Estimated PAW energy = -781.292403 Ryd

     The PAW screened D coefficients
     0.50878     0.58453     0.00000     0.00000     0.00000     0.00000
     0.00000     0.00000     0.00000     0.00000
     0.58453     0.70488     0.00000     0.00000     0.00000     0.00000
     0.00000     0.00000     0.00000     0.00000
     0.00000     0.00000     0.10204     0.00000     0.21303     0.00000
     0.00000     0.00000     0.00000     0.00000
     0.00000     0.00000     0.00000     0.05265     0.00000     0.17360
     0.00000     0.00000     0.00000     0.00000
     0.00000     0.00000     0.21303     0.00000     0.48474     0.00000
     0.00000     0.00000     0.00000     0.00000
     0.00000     0.00000     0.00000     0.17360     0.00000     0.53820
     0.00000     0.00000     0.00000     0.00000
     0.00000     0.00000     0.00000     0.00000     0.00000     0.00000
    -1.80017     0.00000    -1.00585     0.00000
     0.00000     0.00000     0.00000     0.00000     0.00000     0.00000
     0.00000    -1.66157     0.00000    -0.93821
     0.00000     0.00000     0.00000     0.00000     0.00000     0.00000
    -1.00585     0.00000    -0.56208     0.00000
     0.00000     0.00000     0.00000     0.00000     0.00000     0.00000
     0.00000    -0.93821     0.00000    -0.52957

     The PAW descreened D coefficients (US)
     0.36477     0.39371     0.00000     0.00000     0.00000     0.00000
     0.00000     0.00000     0.00000     0.00000
     0.39371     0.45818     0.00000     0.00000     0.00000     0.00000
     0.00000     0.00000     0.00000     0.00000
     0.00000     0.00000     0.11289     0.00000     0.19866     0.00000
     0.00000     0.00000     0.00000     0.00000
     0.00000     0.00000     0.00000     0.08631     0.00000     0.22045
     0.00000     0.00000     0.00000     0.00000
     0.00000     0.00000     0.19866     0.00000     0.37349     0.00000
     0.00000     0.00000     0.00000     0.00000
     0.00000     0.00000     0.00000     0.22045     0.00000     0.54331
     0.00000     0.00000     0.00000     0.00000
     0.00000     0.00000     0.00000     0.00000     0.00000     0.00000
    -0.69092     0.00000    -0.35845     0.00000
     0.00000     0.00000     0.00000     0.00000     0.00000     0.00000
     0.00000    -0.70598     0.00000    -0.38225
     0.00000     0.00000     0.00000     0.00000     0.00000     0.00000
    -0.35845     0.00000    -0.18420     0.00000
     0.00000     0.00000     0.00000     0.00000     0.00000     0.00000
     0.00000    -0.38225     0.00000    -0.20614

     ------------------- End of pseudopotential generation -------------------

 state nlj           5           2   1.50000000000000       not converged
 state nlj           5           2   2.50000000000000       not converged
 state nlj           5           1  0.500000000000000       not converged
 state nlj           5           1   1.50000000000000       not converged
 state nlj           4           3   2.50000000000000       not converged
 state nlj           4           3   3.50000000000000       not converged
 state nlj           5           2   1.50000000000000       not converged
 state nlj           5           2   2.50000000000000       not converged
 state nlj           6           0  0.500000000000000       not converged
 state nlj           6           1  0.500000000000000       not converged
 state nlj           6           1   1.50000000000000       not converged
 classical turning point too close to mesh           6           1           1
 classical turning point too close to mesh           6           1          -2
     --------------------------- All-electron run ----------------------------

     Au                                                                         
     dirac relativistic calculation

     atomic number is 79.00
     dft = SLA  PW   PBX  PBC   lsd =0 sic =0 latt =0  beta=0.20 tr2=1.0E-14
     Exchange-correlation=  SLA  PW   PBX  PBC
                           (   1   4   3   4   0   0   0)
     mesh =1279 r(mesh) = 100.03820 a.u. xmin = -7.00 dx = 0.01250
     1 Ry =  13.60569312 eV, c = 137.03599908

     n l j   nl                  e(Ry)          e(Ha)          e(eV)
     Spin orbit split results
     1 0 0.5 1S 1( 2.00)     -5928.1445     -2964.0723    -80656.5149
     2 0 0.5 2S 1( 2.00)     -1045.0861      -522.5431    -14219.1209
     2 1 0.5 2P 1( 2.00)     -1002.0067      -501.0034    -13632.9957
     2 1 1.5 2P 1( 4.00)      -867.0696      -433.5348    -11797.0835
     3 0 0.5 3S 1( 2.00)      -246.6382      -123.3191     -3355.6834
     3 1 0.5 3P 1( 2.00)      -227.3068      -113.6534     -3092.6671
     3 1 1.5 3P 1( 4.00)      -197.5295       -98.7648     -2687.5258
     4 0 0.5 4S 1( 2.00)       -53.5305       -26.7653      -728.3202
     4 1 0.5 4P 1( 2.00)       -45.2909       -22.6455      -616.2144
     4 1 1.5 4P 1( 4.00)       -38.1505       -19.0753      -519.0642
     3 2 1.5 3D 1( 4.00)      -165.5082       -82.7541     -2251.8534
     3 2 2.5 3D 1( 6.00)      -159.1098       -79.5549     -2164.7998
     5 0 0.5 5S 1( 2.00)        -7.9458        -3.9729      -108.1082
     5 1 0.5 5P 1( 2.00)        -5.2786        -2.6393       -71.8187
     5 1 1.5 5P 1( 4.00)        -4.0678        -2.0339       -55.3458
     4 2 1.5 4D 1( 4.00)       -24.6898       -12.3449      -335.9221
     4 2 2.5 4D 1( 6.00)       -23.3603       -11.6802      -317.8337
     4 3 2.5 4F 1( 6.00)        -6.1019        -3.0510       -83.0210
     4 3 3.5 4F 1( 8.00)        -5.8218        -2.9109       -79.2100
     5 2 1.5 5D 1( 4.00)        -0.5760        -0.2880        -7.8366
     5 2 2.5 5D 1( 6.00)        -0.4639        -0.2319        -6.3111
     6 0 0.5 6S 1( 1.00)        -0.4248        -0.2124        -5.7801
     6 1 0.5 6P 1( 0.00)        -0.0849        -0.0425        -1.1552
     6 1 1.5 6P 1( 0.00)        -0.0488        -0.0244        -0.6637
     Averaged results
     1 0     1S 1( 2.00)     -5928.1445     -2964.0723    -80656.5149
     2 0     2S 1( 2.00)     -1045.0861      -522.5431    -14219.1209
     2 1     2P 1( 6.00)      -912.0487      -456.0243    -12409.0542
     3 0     3S 1( 2.00)      -246.6382      -123.3191     -3355.6834
     3 1     3P 1( 6.00)      -207.4553      -103.7276     -2822.5729
     4 0     4S 1( 2.00)       -53.5305       -26.7653      -728.3202
     4 1     4P 1( 6.00)       -40.5306       -20.2653      -551.4476
     3 2     3D 1(10.00)      -161.6692       -80.8346     -2199.6212
     5 0     5S 1( 2.00)        -7.9458        -3.9729      -108.1082
     5 1     5P 1( 6.00)        -4.4714        -2.2357       -60.8368
     4 2     4D 1(10.00)       -23.8921       -11.9461      -325.0691
     4 3     4F 1(14.00)        -5.9419        -2.9709       -80.8433
     5 2     5D 1(10.00)        -0.5087        -0.2544        -6.9213
     6 0     6S 1( 1.00)        -0.4248        -0.2124        -5.7801
     6 1     6P 1( 0.00)        -0.0608        -0.0304        -0.8276

     final scf error:  4.1E-15 reached in  49 iterations
 
     Etot =  -38096.206402 Ry,  -19048.103201 Ha, -518325.293453 eV

     Ekin =   43785.087880 Ry,   21892.543940 Ha,  595726.469064 eV
     Encl =  -95978.078302 Ry,  -47989.039151 Ha,-1305848.279916 eV
     Eh   =   14827.795615 Ry,    7413.897808 Ha,  201742.436829 eV
     Exc  =    -731.011595 Ry,    -365.505797 Ha,   -9945.919430 eV


     normalization and overlap integrals

     s(1S/1S) =  1.000000  <r> =   0.0169  <r2> =    0.0004  r(max) =   0.0104
     s(1S/2S) = -0.000000
     s(1S/3S) = -0.000000
     s(1S/4S) = -0.000000
     s(1S/5S) = -0.000000
     s(1S/6S) = -0.000000
     s(2S/2S) =  1.000000  <r> =   0.0704  <r2> =    0.0059  r(max) =   0.0604
     s(2S/3S) =  0.000000
     s(2S/4S) =  0.000000
     s(2S/5S) =  0.000000
     s(2S/6S) =  0.000000
     s(2P/2P) =  1.000000  <r> =   0.0580  <r2> =    0.0042  r(max) =   0.0447
     s(2P/3P) =  0.000000
     s(2P/4P) =  0.000000
     s(2P/5P) =  0.000000
     s(2P/6P) =  0.000000
     s(2P/2P) =  1.000000  <r> =   0.0665  <r2> =    0.0054  r(max) =   0.0520
     s(2P/3P) =  0.000000
     s(2P/4P) =  0.000000
     s(2P/5P) =  0.000000
     s(2P/6P) =  0.000000
     s(3S/3S) =  1.000000  <r> =   0.1833  <r2> =    0.0386  r(max) =   0.1704
     s(3S/4S) =  0.000000
     s(3S/5S) =  0.000000
     s(3S/6S) =  0.000000
     s(3P/3P) =  1.000000  <r> =   0.1736  <r2> =    0.0352  r(max) =   0.1581
     s(3P/4P) =  0.000000
     s(3P/5P) =  0.000000
     s(3P/6P) =  0.000000
     s(3P/3P) =  1.000000  <r> =   0.1893  <r2> =    0.0416  r(max) =   0.1726
     s(3P/4P) =  0.000000
     s(3P/5P) =  0.000000
     s(3P/6P) =  0.000000
     s(4S/4S) =  1.000000  <r> =   0.4069  <r2> =    0.1870  r(max) =   0.3841
     s(4S/5S) =  0.000000
     s(4S/6S) =  0.000000
     s(4P/4P) =  1.000000  <r> =   0.4094  <r2> =    0.1909  r(max) =   0.3793
     s(4P/5P) =  0.000000
     s(4P/6P) =  0.000000
     s(4P/4P) =  1.000000  <r> =   0.4434  <r2> =    0.2236  r(max) =   0.4140
     s(4P/5P) =  0.000000
     s(4P/6P) =  0.000000
     s(3D/3D) =  1.000000  <r> =   0.1648  <r2> =    0.0319  r(max) =   0.1361
     s(3D/4D) =  0.000000
     s(3D/5D) =  0.000000
     s(3D/3D) =  1.000000  <r> =   0.1696  <r2> =    0.0336  r(max) =   0.1395
     s(3D/4D) = -0.000000
     s(3D/5D) = -0.000000
     s(5S/5S) =  1.000000  <r> =   0.9279  <r2> =    0.9667  r(max) =   0.8441
     s(5S/6S) =  0.000000
     s(5P/5P) =  1.000000  <r> =   1.0041  <r2> =    1.1406  r(max) =   0.8986
     s(5P/6P) =  0.000000
     s(5P/5P) =  1.000000  <r> =   1.1038  <r2> =    1.3808  r(max) =   0.9807
     s(5P/6P) = -0.000000
     s(4D/4D) =  1.000000  <r> =   0.4519  <r2> =    0.2362  r(max) =   0.4038
     s(4D/5D) =  0.000000
     s(4D/4D) =  1.000000  <r> =   0.4631  <r2> =    0.2479  r(max) =   0.4140
     s(4D/5D) = -0.000000
     s(4F/4F) =  1.000000  <r> =   0.4953  <r2> =    0.2974  r(max) =   0.3746
     s(4F/4F) =  1.000000  <r> =   0.5023  <r2> =    0.3060  r(max) =   0.3793
     s(5D/5D) =  1.000000  <r> =   1.5707  <r2> =    2.9799  r(max) =   1.1979
     s(5D/5D) =  1.000000  <r> =   1.6569  <r2> =    3.3460  r(max) =   1.2282
     s(6S/6S) =  1.000000  <r> =   2.8669  <r2> =    9.5073  r(max) =   2.3234
     s(6P/6P) =  1.000000  <r> =   4.4433  <r2> =   23.9471  r(max) =   3.2157
     s(6P/6P) =  1.000000  <r> =   5.3237  <r2> =   34.6520  r(max) =   3.8789

     ------------------------ End of All-electron run ------------------------


     ---------------------- Testing the pseudopotential ----------------------

     Au                                                                         
     dirac relativistic calculation

     atomic number is 79.00   valence charge is 11.00
     dft = SLA  PW   PBX  PBC   lsd =0 sic =0 latt =0  beta=0.20 tr2=1.0E-14
     mesh =1279 r(mesh) = 100.03820 xmin = -7.00 dx = 0.01250

     n l  j  nl             e AE (Ry)       e PS (Ry)    De AE-PS (Ry) 
     1 0 0.5 6S   1( 1.00)       -0.42483       -0.42483        0.00000
     2 1 0.5 6P   1( 0.00)       -0.08491       -0.08491       -0.00000
     2 1 1.5 6P   1( 0.00)       -0.04878       -0.04878        0.00000
     3 2 1.5 5D   1( 4.00)       -0.57598       -0.57598        0.00000
     3 2 2.5 5D   1( 6.00)       -0.46386       -0.46386        0.00000

     eps = 2.2E-15  iter =  3
 
     Etot =  -38096.206402 Ry,  -19048.103201 Ha, -518325.293453 eV
     Etotps =  -781.292411 Ry,    -390.646206 Ha,  -10630.024787 eV

     Ekin =     162.790881 Ry,      81.395440 Ha,    2214.882766 eV
     Encl =    -277.339679 Ry,    -138.669839 Ha,   -3773.398559 eV
     Ehrt =      64.267994 Ry,      32.133997 Ha,     874.410610 eV
     Ecxc =    -731.011608 Ry,    -365.505804 Ha,   -9945.919603 eV
     (Ecc =     -17.031566 Ry,      -8.515783 Ha,    -231.726254 eV)

     ---------------------- End of pseudopotential test ----------------------

