[0] MPI startup(): I_MPI_SHM_LMT environment variable is not supported.
[0] MPI startup(): Similar variables:
	 I_MPI_SHM_HEAP
	 I_MPI_SHM
	 I_MPI_SHM_OPT
	 I_MPI_SHM_THP
[0] MPI startup(): To check the list of supported variables, use the impi_info utility or refer to https://software.intel.com/en-us/mpi-library/documentation/get-started.

     Program LD1 v.7.3.1 starts on 19Sep2024 at 21:48:40 

     This program is part of the open-source Quantum ESPRESSO suite
     for quantum simulation of materials; please cite
         "P. Giannozzi et al., J. Phys.:Condens. Matter 21 395502 (2009);
         "P. Giannozzi et al., J. Phys.:Condens. Matter 29 465901 (2017);
         "P. Giannozzi et al., J. Chem. Phys. 152 154105 (2020);
          URL http://www.quantum-espresso.org", 
     in publications or presentations arising from this work. More details at
     http://www.quantum-espresso.org/quote

     Parallel version (MPI), running on     1 processors

     MPI processes distributed on     1 nodes
     89530 MiB available memory on the printing compute node when the environment starts
 
     Waiting for input...
     Reading input from standard input
     --------------------------- All-electron run ----------------------------

     B                                                                          
     dirac relativistic calculation

     atomic number is  5.00
     dft =PBE   lsd =0 sic =0 latt =0  beta=0.20 tr2=1.0E-14
     Exchange-correlation= PBE
                           (   1   4   3   4   0   0   0)
     mesh =1059 r(mesh) = 101.04461 a.u. xmin = -7.00 dx = 0.01250
     1 Ry =  13.60569312 eV, c = 137.03599908

     n l j   nl                  e(Ry)          e(Ha)          e(eV)
     Spin orbit split results
     1 0 0.5 1S 1( 2.00)       -13.2727        -6.6364      -180.5847
     2 0 0.5 2S 1( 2.00)        -0.6940        -0.3470        -9.4419
     2 1 0.5 2P 1( 1.00)        -0.2652        -0.1326        -3.6081
     2 1 1.5 2P 1( 0.00)        -0.2650        -0.1325        -3.6049
     Averaged results
     1 0     1S 1( 2.00)       -13.2727        -6.6364      -180.5847
     2 0     2S 1( 2.00)        -0.6940        -0.3470        -9.4419
     2 1     2P 1( 1.00)        -0.2650        -0.1325        -3.6059

     final scf error:  1.0E-14 reached in  19 iterations
 
     Etot =     -49.206881 Ry,     -24.603441 Ha,    -669.493723 eV

     Ekin =      49.040170 Ry,      24.520085 Ha,     667.225505 eV
     Encl =    -113.775052 Ry,     -56.887526 Ha,   -1547.988441 eV
     Eh   =      23.126942 Ry,      11.563471 Ha,     314.658077 eV
     Exc  =      -7.598941 Ry,      -3.799471 Ha,    -103.388866 eV


     normalization and overlap integrals

     s(1S/1S) =  1.000000  <r> =   0.3294  <r2> =    0.1474  r(max) =   0.2103
     s(1S/2S) =  0.000000
     s(2S/2S) =  1.000000  <r> =   1.9517  <r2> =    4.5981  r(max) =   1.5152
     s(2P/2P) =  1.000000  <r> =   2.3010  <r2> =    6.8874  r(max) =   1.5731
     s(2P/2P) =  1.000000  <r> =   2.3021  <r2> =    6.8935  r(max) =   1.5731

     ------------------------ End of All-electron run ------------------------


     --------------------- Generating PAW atomic setup --------------------


      Generating local pot.: lloc=2, j= 1.50, matching radius rcloc =   1.2000

      Generating local pot.: lloc=2, j= 2.50, matching radius rcloc =   1.2000

      Computing core charge for nlcc: 

       r > 0.69 : true rho core
       r < 0.69 : rho core = a sin(br)/r    a=   2.08  b=   3.83

      Integrated core pseudo-charge :   0.51

     Fully relativistic calculation: |psi|^2

     Wfc 2S LC norm =  0.99997215 SC norm =  0.00002215 missing  0.00000570
     Speed at rcutus      0.847 a.u.,  v/c =  0.006184,  (v/c)^2 =  0.00003824

     Wfc 2P LC norm =  0.99998051 SC norm =  0.00001910 missing  0.00000039
     Speed at rcutus      0.827 a.u.,  v/c =  0.006035,  (v/c)^2 =  0.00003642

     Wfc 2P LC norm =  0.99998053 SC norm =  0.00001032 missing  0.00000916
     Speed at rcutus      0.827 a.u.,  v/c =  0.006034,  (v/c)^2 =  0.00003641
      Wfc-us  2S rcutus= 1.406  Estimated cut-off energy=    22.09 Ry
      Wfc-us  2S rcutus= 1.406  Estimated cut-off energy=    23.33 Ry
      Wfc-us  2P rcutus= 1.406  Estimated cut-off energy=    37.52 Ry
      Wfc-us  2P rcutus= 1.406  Estimated cut-off energy=    37.52 Ry
      Wfc-us  2P rcutus= 1.406  Estimated cut-off energy=    42.59 Ry
      Wfc-us  2P rcutus= 1.406  Estimated cut-off energy=    42.59 Ry

      The bmat matrix
     0.75446     0.77637     0.00000     0.00000     0.00000     0.00000
     0.74482     0.76743     0.00000     0.00000     0.00000     0.00000
     0.00000     0.00000    -0.05105     0.00000    -0.08761     0.00000
     0.00000     0.00000     0.00000    -0.05078     0.00000    -0.08725
     0.00000     0.00000    -0.05161     0.00000    -0.08727     0.00000
     0.00000     0.00000     0.00000    -0.05135     0.00000    -0.08694

      The bmat + epsilon qq matrix
     0.78364     0.77425     0.00000     0.00000     0.00000     0.00000
     0.77427     0.76529     0.00000     0.00000     0.00000     0.00000
     0.00000     0.00000    -0.05473     0.00000    -0.05706     0.00000
     0.00000     0.00000     0.00000    -0.05444     0.00000    -0.05678
     0.00000     0.00000    -0.05701     0.00000    -0.04422     0.00000
     0.00000     0.00000     0.00000    -0.05673     0.00000    -0.04399

      The qq matrix
    -0.04206    -0.04244     0.00000     0.00000     0.00000     0.00000
    -0.04244    -0.04282     0.00000     0.00000     0.00000     0.00000
     0.00000     0.00000     0.01388     0.00000     0.02037     0.00000
     0.00000     0.00000     0.00000     0.01383     0.00000     0.02031
     0.00000     0.00000     0.02037     0.00000     0.02870     0.00000
     0.00000     0.00000     0.00000     0.02031     0.00000     0.02863


    multipoles (all-electron charge) - (pseudo charge)
        ns l1:ns1 l2    l=0     l=1     l=2     l=3     l=4     l=5  
         1  0:  1  0 -0.0420
         2  0:  1  0 -0.0424
         2  0:  2  0 -0.0428
         3  1:  1  0  0.0000  0.0220
         3  1:  2  0  0.0000  0.0211
         3  1:  3  1  0.0139  0.0000  0.0040
         4  1:  1  0  0.0000  0.0220
         4  1:  2  0  0.0000  0.0211
         4  1:  3  1  0.0138  0.0000  0.0039
         4  1:  4  1  0.0138  0.0000  0.0040
         5  1:  1  0  0.0000  0.0240
         5  1:  2  0  0.0000  0.0230
         5  1:  3  1  0.0204  0.0000  0.0066
         5  1:  4  1  0.0203  0.0000  0.0066
         5  1:  5  1  0.0287  0.0000  0.0098
         6  1:  1  0  0.0000  0.0240
         6  1:  2  0  0.0000  0.0230
         6  1:  3  1  0.0203  0.0000  0.0066
         6  1:  4  1  0.0203  0.0000  0.0066
         6  1:  5  1  0.0287  0.0000  0.0097
         6  1:  6  1  0.0287  0.0000  0.0098
     Required augmentation: BESSEL   radius:    1.300000
     Suggested rho cutoff for augmentation:  32.04 Ry

     Estimated PAW energy =  -10.967545 Ryd

     The PAW screened D coefficients
     0.78363     0.77425     0.00000     0.00000     0.00000     0.00000
     0.77425     0.76529     0.00000     0.00000     0.00000     0.00000
     0.00000     0.00000    -0.05473     0.00000    -0.05701     0.00000
     0.00000     0.00000     0.00000    -0.05444     0.00000    -0.05674
     0.00000     0.00000    -0.05701     0.00000    -0.04419     0.00000
     0.00000     0.00000     0.00000    -0.05674     0.00000    -0.04395

     The PAW descreened D coefficients (US)
     0.56327     0.54825     0.00000     0.00000     0.00000     0.00000
     0.54825     0.53386     0.00000     0.00000     0.00000     0.00000
     0.00000     0.00000     0.05002     0.00000     0.09538     0.00000
     0.00000     0.00000     0.00000     0.04986     0.00000     0.09518
     0.00000     0.00000     0.09538     0.00000     0.16972     0.00000
     0.00000     0.00000     0.00000     0.09518     0.00000     0.16943

     ------------------- End of pseudopotential generation -------------------

     --------------------------- All-electron run ----------------------------

     B                                                                          
     dirac relativistic calculation

     atomic number is  5.00
     dft = SLA  PW   PBX  PBC   lsd =0 sic =0 latt =0  beta=0.20 tr2=1.0E-14
     Exchange-correlation=  SLA  PW   PBX  PBC
                           (   1   4   3   4   0   0   0)
     mesh =1059 r(mesh) = 101.04461 a.u. xmin = -7.00 dx = 0.01250
     1 Ry =  13.60569312 eV, c = 137.03599908

     n l j   nl                  e(Ry)          e(Ha)          e(eV)
     Spin orbit split results
     1 0 0.5 1S 1( 2.00)       -13.2727        -6.6364      -180.5847
     2 0 0.5 2S 1( 2.00)        -0.6940        -0.3470        -9.4419
     2 1 0.5 2P 1( 1.00)        -0.2652        -0.1326        -3.6081
     2 1 1.5 2P 1( 0.00)        -0.2650        -0.1325        -3.6049
     Averaged results
     1 0     1S 1( 2.00)       -13.2727        -6.6364      -180.5847
     2 0     2S 1( 2.00)        -0.6940        -0.3470        -9.4419
     2 1     2P 1( 1.00)        -0.2650        -0.1325        -3.6059

     final scf error:  1.0E-14 reached in  19 iterations
 
     Etot =     -49.206881 Ry,     -24.603441 Ha,    -669.493723 eV

     Ekin =      49.040170 Ry,      24.520085 Ha,     667.225505 eV
     Encl =    -113.775052 Ry,     -56.887526 Ha,   -1547.988441 eV
     Eh   =      23.126942 Ry,      11.563471 Ha,     314.658077 eV
     Exc  =      -7.598941 Ry,      -3.799471 Ha,    -103.388866 eV


     normalization and overlap integrals

     s(1S/1S) =  1.000000  <r> =   0.3294  <r2> =    0.1474  r(max) =   0.2103
     s(1S/2S) =  0.000000
     s(2S/2S) =  1.000000  <r> =   1.9517  <r2> =    4.5981  r(max) =   1.5152
     s(2P/2P) =  1.000000  <r> =   2.3010  <r2> =    6.8874  r(max) =   1.5731
     s(2P/2P) =  1.000000  <r> =   2.3021  <r2> =    6.8935  r(max) =   1.5731

     ------------------------ End of All-electron run ------------------------


     ---------------------- Testing the pseudopotential ----------------------

     B                                                                          
     dirac relativistic calculation

     atomic number is  5.00   valence charge is  3.00
     dft = SLA  PW   PBX  PBC   lsd =0 sic =0 latt =0  beta=0.20 tr2=1.0E-14
     mesh =1059 r(mesh) = 101.04461 xmin = -7.00 dx = 0.01250

     n l  j  nl             e AE (Ry)       e PS (Ry)    De AE-PS (Ry) 
     1 0 0.5 2S   1( 2.00)       -0.69397       -0.69397        0.00000
     2 1 0.5 2P   1( 1.00)       -0.26519       -0.26519       -0.00001
     2 1 1.5 2P   1( 0.00)       -0.26495       -0.26496        0.00000

     eps = 7.8E-17  iter =  4
 
     Etot =     -49.206881 Ry,     -24.603441 Ha,    -669.493723 eV
     Etotps =   -10.967545 Ry,      -5.483773 Ha,    -149.221057 eV

     Ekin =       5.650888 Ry,       2.825444 Ha,      76.884248 eV
     Encl =     -13.018681 Ry,      -6.509340 Ha,    -177.128173 eV
     Ehrt =       3.999191 Ry,       1.999596 Ha,      54.411772 eV
     Ecxc =      -7.598944 Ry,      -3.799472 Ha,    -103.388904 eV
     (Ecc =      -0.570824 Ry,      -0.285412 Ha,      -7.766457 eV)

     ---------------------- End of pseudopotential test ----------------------

