[0] MPI startup(): I_MPI_SHM_LMT environment variable is not supported.
[0] MPI startup(): Similar variables:
	 I_MPI_SHM_HEAP
	 I_MPI_SHM
	 I_MPI_SHM_OPT
	 I_MPI_SHM_THP
[0] MPI startup(): To check the list of supported variables, use the impi_info utility or refer to https://software.intel.com/en-us/mpi-library/documentation/get-started.

     Program LD1 v.7.3.1 starts on 19Sep2024 at 21:48:38 

     This program is part of the open-source Quantum ESPRESSO suite
     for quantum simulation of materials; please cite
         "P. Giannozzi et al., J. Phys.:Condens. Matter 21 395502 (2009);
         "P. Giannozzi et al., J. Phys.:Condens. Matter 29 465901 (2017);
         "P. Giannozzi et al., J. Chem. Phys. 152 154105 (2020);
          URL http://www.quantum-espresso.org", 
     in publications or presentations arising from this work. More details at
     http://www.quantum-espresso.org/quote

     Parallel version (MPI), running on     1 processors

     MPI processes distributed on     1 nodes
     89531 MiB available memory on the printing compute node when the environment starts
 
     Waiting for input...
     Reading input from standard input
     --------------------------- All-electron run ----------------------------

     Bi                                                                         
     dirac relativistic calculation

     atomic number is 83.00
     dft =PBE   lsd =0 sic =0 latt =0  beta=0.20 tr2=1.0E-14
     Exchange-correlation= PBE
                           (   1   4   3   4   0   0   0)
     mesh =1283 r(mesh) = 100.09897 a.u. xmin = -7.00 dx = 0.01250
     1 Ry =  13.60569312 eV, c = 137.03599908

     n l j   nl                  e(Ry)          e(Ha)          e(eV)
     Spin orbit split results
     1 0 0.5 1S 1( 2.00)     -6653.2140     -3326.6070    -90521.5883
     2 0 0.5 2S 1( 2.00)     -1194.2333      -597.1166    -16248.3712
     2 1 0.5 2P 1( 2.00)     -1147.2060      -573.6030    -15608.5325
     2 1 1.5 2P 1( 4.00)      -976.6746      -488.3373    -13288.3349
     3 0 0.5 3S 1( 2.00)      -288.1794      -144.0897     -3920.8801
     3 1 0.5 3P 1( 2.00)      -266.9737      -133.4868     -3632.3616
     3 1 1.5 3P 1( 4.00)      -228.7900      -114.3950     -3112.8463
     4 0 0.5 4S 1( 2.00)       -66.0910       -33.0455      -899.2134
     4 1 0.5 4P 1( 2.00)       -56.8762       -28.4381      -773.8403
     4 1 1.5 4P 1( 4.00)       -47.4666       -23.7333      -645.8166
     3 2 1.5 3D 1( 4.00)      -194.1317       -97.0659     -2641.2964
     3 2 2.5 3D 1( 6.00)      -186.0392       -93.0196     -2531.1923
     5 0 0.5 5S 1( 2.00)       -11.4968        -5.7484      -156.4218
     5 1 0.5 5P 1( 2.00)        -8.3056        -4.1528      -113.0041
     5 1 1.5 5P 1( 4.00)        -6.4944        -3.2472       -88.3610
     4 2 1.5 4D 1( 4.00)       -32.5058       -16.2529      -442.2637
     4 2 2.5 4D 1( 6.00)       -30.7501       -15.3750      -418.3763
     4 3 2.5 4F 1( 6.00)       -11.3375        -5.6687      -154.2540
     4 3 3.5 4F 1( 8.00)       -10.9340        -5.4670      -148.7644
     5 2 1.5 5D 1( 4.00)        -2.0566        -1.0283       -27.9811
     5 2 2.5 5D 1( 6.00)        -1.8368        -0.9184       -24.9915
     6 0 0.5 6S 1( 2.00)        -1.0183        -0.5092       -13.8552
     6 1 0.5 6P 1( 2.00)        -0.4085        -0.2043        -5.5583
     6 1 1.5 6P 1( 1.00)        -0.2726        -0.1363        -3.7083
     Averaged results
     1 0     1S 1( 2.00)     -6653.2140     -3326.6070    -90521.5883
     2 0     2S 1( 2.00)     -1194.2333      -597.1166    -16248.3712
     2 1     2P 1( 6.00)     -1033.5184      -516.7592    -14061.7341
     3 0     3S 1( 2.00)      -288.1794      -144.0897     -3920.8801
     3 1     3P 1( 6.00)      -241.5179      -120.7589     -3286.0181
     4 0     4S 1( 2.00)       -66.0910       -33.0455      -899.2134
     4 1     4P 1( 6.00)       -50.6032       -25.3016      -688.4912
     3 2     3D 1(10.00)      -189.2762       -94.6381     -2575.2339
     5 0     5S 1( 2.00)       -11.4968        -5.7484      -156.4218
     5 1     5P 1( 6.00)        -7.0982        -3.5491       -96.5753
     4 2     4D 1(10.00)       -31.4524       -15.7262      -427.9313
     4 3     4F 1(14.00)       -11.1069        -5.5535      -151.1171
     5 2     5D 1(10.00)        -1.9247        -0.9624       -26.1874
     6 0     6S 1( 2.00)        -1.0183        -0.5092       -13.8552
     6 1     6P 1( 3.00)        -0.3179        -0.1589        -4.3249

     final scf error:  7.4E-15 reached in  26 iterations
 
     Etot =  -43163.075396 Ry,  -21581.537698 Ha, -587263.558086 eV

     Ekin =   50496.213046 Ry,   25248.106523 Ha,  687035.978581 eV
     Encl = -109463.283408 Ry,  -54731.641704 Ha,-1489323.842278 eV
     Eh   =   16601.316011 Ry,    8300.658005 Ha,  225872.411078 eV
     Exc  =    -797.321046 Ry,    -398.660523 Ha,  -10848.105466 eV


     normalization and overlap integrals

     s(1S/1S) =  1.000000  <r> =   0.0158  <r2> =    0.0003  r(max) =   0.0096
     s(1S/2S) = -0.000000
     s(1S/3S) = -0.000000
     s(1S/4S) = -0.000000
     s(1S/5S) = -0.000000
     s(1S/6S) = -0.000000
     s(2S/2S) =  1.000000  <r> =   0.0658  <r2> =    0.0052  r(max) =   0.0561
     s(2S/3S) =  0.000000
     s(2S/4S) =  0.000000
     s(2S/5S) =  0.000000
     s(2S/6S) =  0.000000
     s(2P/2P) =  1.000000  <r> =   0.0539  <r2> =    0.0036  r(max) =   0.0415
     s(2P/3P) =  0.000000
     s(2P/4P) =  0.000000
     s(2P/5P) =  0.000000
     s(2P/6P) =  0.000000
     s(2P/2P) =  1.000000  <r> =   0.0629  <r2> =    0.0048  r(max) =   0.0489
     s(2P/3P) =  0.000000
     s(2P/4P) =  0.000000
     s(2P/5P) =  0.000000
     s(2P/6P) =  0.000000
     s(3S/3S) =  1.000000  <r> =   0.1710  <r2> =    0.0336  r(max) =   0.1582
     s(3S/4S) =  0.000000
     s(3S/5S) =  0.000000
     s(3S/6S) =  0.000000
     s(3P/3P) =  1.000000  <r> =   0.1615  <r2> =    0.0305  r(max) =   0.1486
     s(3P/4P) =  0.000000
     s(3P/5P) =  0.000000
     s(3P/6P) =  0.000000
     s(3P/3P) =  1.000000  <r> =   0.1780  <r2> =    0.0368  r(max) =   0.1643
     s(3P/4P) =  0.000000
     s(3P/5P) =  0.000000
     s(3P/6P) =  0.000000
     s(4S/4S) =  1.000000  <r> =   0.3769  <r2> =    0.1605  r(max) =   0.3565
     s(4S/5S) =  0.000000
     s(4S/6S) =  0.000000
     s(4P/4P) =  1.000000  <r> =   0.3777  <r2> =    0.1625  r(max) =   0.3521
     s(4P/5P) =  0.000000
     s(4P/6P) =  0.000000
     s(4P/4P) =  1.000000  <r> =   0.4124  <r2> =    0.1933  r(max) =   0.3843
     s(4P/5P) =  0.000000
     s(4P/6P) =  0.000000
     s(3D/3D) =  1.000000  <r> =   0.1545  <r2> =    0.0280  r(max) =   0.1279
     s(3D/4D) =  0.000000
     s(3D/5D) =  0.000000
     s(3D/3D) =  1.000000  <r> =   0.1595  <r2> =    0.0297  r(max) =   0.1312
     s(3D/4D) =  0.000000
     s(3D/5D) = -0.000000
     s(5S/5S) =  1.000000  <r> =   0.8317  <r2> =    0.7749  r(max) =   0.7739
     s(5S/6S) =  0.000000
     s(5P/5P) =  1.000000  <r> =   0.8856  <r2> =    0.8838  r(max) =   0.8034
     s(5P/6P) =  0.000000
     s(5P/5P) =  1.000000  <r> =   0.9753  <r2> =    1.0725  r(max) =   0.8879
     s(5P/6P) = -0.000000
     s(4D/4D) =  1.000000  <r> =   0.4161  <r2> =    0.2000  r(max) =   0.3748
     s(4D/5D) =  0.000000
     s(4D/4D) =  1.000000  <r> =   0.4271  <r2> =    0.2105  r(max) =   0.3843
     s(4D/5D) = -0.000000
     s(4F/4F) =  1.000000  <r> =   0.4381  <r2> =    0.2291  r(max) =   0.3391
     s(4F/4F) =  1.000000  <r> =   0.4442  <r2> =    0.2356  r(max) =   0.3434
     s(5D/5D) =  1.000000  <r> =   1.2124  <r2> =    1.7026  r(max) =   1.0188
     s(5D/5D) =  1.000000  <r> =   1.2569  <r2> =    1.8333  r(max) =   1.0446
     s(6S/6S) =  1.000000  <r> =   2.1885  <r2> =    5.4321  r(max) =   1.8798
     s(6P/6P) =  1.000000  <r> =   2.7874  <r2> =    9.0166  r(max) =   2.2393
     s(6P/6P) =  1.000000  <r> =   3.2630  <r2> =   12.4380  r(max) =   2.5694

     ------------------------ End of All-electron run ------------------------


     --------------------- Generating PAW atomic setup --------------------


      Generating local potential from pseudized AE potential:
      Matching radius rcloc =   2.2000
      Enforcing V''(0)=0 (lloc=-2)

      Local pseudo, rcloc= 2.184 Estimated cut-off energy=     6.79 Ry

      Computing core charge for nlcc: 

       r > 1.41 : true rho core
      Core charge pseudized with two Bessel functions
      Integrated core pseudo-charge :  11.49

     Fully relativistic calculation: |psi|^2

     Wfc 6S LC norm =  0.99988599 SC norm =  0.00011141 missing  0.00000260
     Speed at rcutus      0.615 a.u.,  v/c =  0.004489,  (v/c)^2 =  0.00002015

     Wfc 6P LC norm =  0.99993238 SC norm =  0.00006736 missing  0.00000026
     Speed at rcutus      0.699 a.u.,  v/c =  0.005099,  (v/c)^2 =  0.00002600

     Wfc 6P LC norm =  0.99995194 SC norm =  0.00004287 missing  0.00000519
     Speed at rcutus      0.660 a.u.,  v/c =  0.004819,  (v/c)^2 =  0.00002322

     Wfc 5D LC norm =  0.99963781 SC norm =  0.00036214 missing  0.00000005
     Speed at rcutus      0.162 a.u.,  v/c =  0.001182,  (v/c)^2 =  0.00000140

     Wfc 5D LC norm =  0.99966113 SC norm =  0.00033834 missing  0.00000053
     Speed at rcutus      0.276 a.u.,  v/c =  0.002011,  (v/c)^2 =  0.00000404
      Wfc-us  6S rcutus= 2.184  Estimated cut-off energy=     9.91 Ry
      Wfc-us  6S rcutus= 2.184  Estimated cut-off energy=    12.50 Ry
      Wfc-us  6P rcutus= 2.296  Estimated cut-off energy=    14.26 Ry
      Wfc-us  6P rcutus= 2.296  Estimated cut-off energy=    13.83 Ry
      Wfc-us  6P rcutus= 2.296  Estimated cut-off energy=    15.30 Ry
      Wfc-us  6P rcutus= 2.296  Estimated cut-off energy=    14.44 Ry
      Wfc-us  5D rcutus= 1.976  Estimated cut-off energy=    31.12 Ry
      Wfc-us  5D rcutus= 1.976  Estimated cut-off energy=    30.95 Ry
      Wfc-us  5D rcutus= 1.976  Estimated cut-off energy=    26.49 Ry
      Wfc-us  5D rcutus= 1.976  Estimated cut-off energy=    26.11 Ry

      The bmat matrix
     1.33888     1.32756     0.00000     0.00000     0.00000     0.00000
     0.00000     0.00000     0.00000     0.00000
     1.03768     1.04417     0.00000     0.00000     0.00000     0.00000
     0.00000     0.00000     0.00000     0.00000
     0.00000     0.00000     0.40846     0.00000     0.40457     0.00000
     0.00000     0.00000     0.00000     0.00000
     0.00000     0.00000     0.00000     0.29409     0.00000     0.33608
     0.00000     0.00000     0.00000     0.00000
     0.00000     0.00000     0.36039     0.00000     0.35925     0.00000
     0.00000     0.00000     0.00000     0.00000
     0.00000     0.00000     0.00000     0.32215     0.00000     0.36909
     0.00000     0.00000     0.00000     0.00000
     0.00000     0.00000     0.00000     0.00000     0.00000     0.00000
    -2.46093     0.00000    -1.09517     0.00000
     0.00000     0.00000     0.00000     0.00000     0.00000     0.00000
     0.00000    -2.43736     0.00000    -1.17357
     0.00000     0.00000     0.00000     0.00000     0.00000     0.00000
     0.13629     0.00000     0.15028     0.00000
     0.00000     0.00000     0.00000     0.00000     0.00000     0.00000
     0.00000    -0.02809     0.00000     0.07962

      The bmat + epsilon qq matrix
     1.64109     1.27997     0.00000     0.00000     0.00000     0.00000
     0.00000     0.00000     0.00000     0.00000
     1.27998     1.00595     0.00000     0.00000     0.00000     0.00000
     0.00000     0.00000     0.00000     0.00000
     0.00000     0.00000     0.44074     0.00000     0.39005     0.00000
     0.00000     0.00000     0.00000     0.00000
     0.00000     0.00000     0.00000     0.30091     0.00000     0.33018
     0.00000     0.00000     0.00000     0.00000
     0.00000     0.00000     0.39005     0.00000     0.34591     0.00000
     0.00000     0.00000     0.00000     0.00000
     0.00000     0.00000     0.00000     0.33019     0.00000     0.36218
     0.00000     0.00000     0.00000     0.00000
     0.00000     0.00000     0.00000     0.00000     0.00000     0.00000
    -3.30655     0.00000    -0.41952     0.00000
     0.00000     0.00000     0.00000     0.00000     0.00000     0.00000
     0.00000    -3.10478     0.00000    -0.51324
     0.00000     0.00000     0.00000     0.00000     0.00000     0.00000
    -0.41951     0.00000     0.43820     0.00000
     0.00000     0.00000     0.00000     0.00000     0.00000     0.00000
     0.00000    -0.51326     0.00000     0.40097

      The qq matrix
    -0.29677    -0.23794     0.00000     0.00000     0.00000     0.00000
     0.00000     0.00000     0.00000     0.00000
    -0.23794    -0.19110     0.00000     0.00000     0.00000     0.00000
     0.00000     0.00000     0.00000     0.00000
     0.00000     0.00000    -0.07903     0.00000    -0.07262     0.00000
     0.00000     0.00000     0.00000     0.00000
     0.00000     0.00000     0.00000    -0.02503     0.00000    -0.02949
     0.00000     0.00000     0.00000     0.00000
     0.00000     0.00000    -0.07262     0.00000    -0.06674     0.00000
     0.00000     0.00000     0.00000     0.00000
     0.00000     0.00000     0.00000    -0.02949     0.00000    -0.03454
     0.00000     0.00000     0.00000     0.00000
     0.00000     0.00000     0.00000     0.00000     0.00000     0.00000
     0.41118     0.00000     0.27026     0.00000
     0.00000     0.00000     0.00000     0.00000     0.00000     0.00000
     0.00000     0.36335     0.00000     0.26413
     0.00000     0.00000     0.00000     0.00000     0.00000     0.00000
     0.27026     0.00000     0.11517     0.00000
     0.00000     0.00000     0.00000     0.00000     0.00000     0.00000
     0.00000     0.26413     0.00000     0.12854


    multipoles (all-electron charge) - (pseudo charge)
        ns l1:ns1 l2    l=0     l=1     l=2     l=3     l=4     l=5  
         1  0:  1  0 -0.2968
         2  0:  1  0 -0.2379
         2  0:  2  0 -0.1911
         3  1:  1  0  0.0000  0.1938
         3  1:  2  0  0.0000  0.1505
         3  1:  3  1 -0.0790  0.0000 -0.1688
         4  1:  1  0  0.0000  0.1374
         4  1:  2  0  0.0000  0.1071
         4  1:  3  1 -0.0495  0.0000 -0.1240
         4  1:  4  1 -0.0250  0.0000 -0.0856
         5  1:  1  0  0.0000  0.1754
         5  1:  2  0  0.0000  0.1365
         5  1:  3  1 -0.0726  0.0000 -0.1503
         5  1:  4  1 -0.0460  0.0000 -0.1107
         5  1:  5  1 -0.0667  0.0000 -0.1340
         6  1:  1  0  0.0000  0.1525
         6  1:  2  0  0.0000  0.1189
         6  1:  3  1 -0.0563  0.0000 -0.1360
         6  1:  4  1 -0.0295  0.0000 -0.0946
         6  1:  5  1 -0.0522  0.0000 -0.1216
         6  1:  6  1 -0.0345  0.0000 -0.1045
         7  2:  1  0  0.0000  0.0000  0.2775
         7  2:  2  0  0.0000  0.0000  0.2031
         7  2:  3  1  0.0000 -0.2152  0.0000 -0.2520
         7  2:  4  1  0.0000 -0.2059  0.0000 -0.2531
         7  2:  5  1  0.0000 -0.1875  0.0000 -0.2160
         7  2:  6  1  0.0000 -0.2194  0.0000 -0.2677
         7  2:  7  2  0.4112  0.0000  0.3710  0.0000  0.4403
         8  2:  1  0  0.0000  0.0000  0.2839
         8  2:  2  0  0.0000  0.0000  0.2081
         8  2:  3  1  0.0000 -0.2157  0.0000 -0.2590
         8  2:  4  1  0.0000 -0.2054  0.0000 -0.2578
         8  2:  5  1  0.0000 -0.1881  0.0000 -0.2222
         8  2:  6  1  0.0000 -0.2191  0.0000 -0.2728
         8  2:  7  2  0.3860  0.0000  0.3516  0.0000  0.4209
         8  2:  8  2  0.3634  0.0000  0.3330  0.0000  0.4022
         9  2:  1  0  0.0000  0.0000 -0.0507
         9  2:  2  0  0.0000  0.0000 -0.0401
         9  2:  3  1  0.0000 -0.0017  0.0000  0.0701
         9  2:  4  1  0.0000 -0.0171  0.0000  0.0409
         9  2:  5  1  0.0000 -0.0002  0.0000  0.0621
         9  2:  6  1  0.0000 -0.0166  0.0000  0.0455
         9  2:  7  2  0.2703  0.0000  0.2420  0.0000  0.2858
         9  2:  8  2  0.2598  0.0000  0.2371  0.0000  0.2851
         9  2:  9  2  0.1152  0.0000  0.0679  0.0000  0.0323
        10  2:  1  0  0.0000  0.0000 -0.0330
        10  2:  2  0  0.0000  0.0000 -0.0267
        10  2:  3  1  0.0000 -0.0126  0.0000  0.0543
        10  2:  4  1  0.0000 -0.0270  0.0000  0.0260
        10  2:  5  1  0.0000 -0.0098  0.0000  0.0482
        10  2:  6  1  0.0000 -0.0272  0.0000  0.0296
        10  2:  7  2  0.2744  0.0000  0.2490  0.0000  0.2974
        10  2:  8  2  0.2641  0.0000  0.2435  0.0000  0.2955
        10  2:  9  2  0.1217  0.0000  0.0769  0.0000  0.0457
        10  2: 10  2  0.1286  0.0000  0.0860  0.0000  0.0601
     Required augmentation: PSQ   radius:    2.300000

     Q pseudized with Bessel functions
     Expected ecutrho=     443.9534 due to l1=  2   l2=  2

     Estimated PAW energy = -914.257295 Ryd

     The PAW screened D coefficients
     1.64109     1.27998     0.00000     0.00000     0.00000     0.00000
     0.00000     0.00000     0.00000     0.00000
     1.27998     1.00595     0.00000     0.00000     0.00000     0.00000
     0.00000     0.00000     0.00000     0.00000
     0.00000     0.00000     0.44074     0.00000     0.39005     0.00000
     0.00000     0.00000     0.00000     0.00000
     0.00000     0.00000     0.00000     0.30091     0.00000     0.33019
     0.00000     0.00000     0.00000     0.00000
     0.00000     0.00000     0.39005     0.00000     0.34591     0.00000
     0.00000     0.00000     0.00000     0.00000
     0.00000     0.00000     0.00000     0.33019     0.00000     0.36218
     0.00000     0.00000     0.00000     0.00000
     0.00000     0.00000     0.00000     0.00000     0.00000     0.00000
    -3.30655     0.00000    -0.41951     0.00000
     0.00000     0.00000     0.00000     0.00000     0.00000     0.00000
     0.00000    -3.10478     0.00000    -0.51325
     0.00000     0.00000     0.00000     0.00000     0.00000     0.00000
    -0.41951     0.00000     0.43820     0.00000
     0.00000     0.00000     0.00000     0.00000     0.00000     0.00000
     0.00000    -0.51325     0.00000     0.40101

     The PAW descreened D coefficients (US)
     0.55593     0.39719     0.00000     0.00000     0.00000     0.00000
     0.00000     0.00000     0.00000     0.00000
     0.39719     0.28605     0.00000     0.00000     0.00000     0.00000
     0.00000     0.00000     0.00000     0.00000
     0.00000     0.00000     0.25319     0.00000     0.21167     0.00000
     0.00000     0.00000     0.00000     0.00000
     0.00000     0.00000     0.00000     0.31636     0.00000     0.33598
     0.00000     0.00000     0.00000     0.00000
     0.00000     0.00000     0.21167     0.00000     0.17655     0.00000
     0.00000     0.00000     0.00000     0.00000
     0.00000     0.00000     0.00000     0.33598     0.00000     0.35655
     0.00000     0.00000     0.00000     0.00000
     0.00000     0.00000     0.00000     0.00000     0.00000     0.00000
    -1.08722     0.00000     1.00615     0.00000
     0.00000     0.00000     0.00000     0.00000     0.00000     0.00000
     0.00000    -1.12853     0.00000     0.87851
     0.00000     0.00000     0.00000     0.00000     0.00000     0.00000
     1.00615     0.00000     1.10214     0.00000
     0.00000     0.00000     0.00000     0.00000     0.00000     0.00000
     0.00000     0.87851     0.00000     1.12761

     ------------------- End of pseudopotential generation -------------------

     --------------------------- All-electron run ----------------------------

     Bi                                                                         
     dirac relativistic calculation

     atomic number is 83.00
     dft = SLA  PW   PBX  PBC   lsd =0 sic =0 latt =0  beta=0.20 tr2=1.0E-14
     Exchange-correlation=  SLA  PW   PBX  PBC
                           (   1   4   3   4   0   0   0)
     mesh =1283 r(mesh) = 100.09897 a.u. xmin = -7.00 dx = 0.01250
     1 Ry =  13.60569312 eV, c = 137.03599908

     n l j   nl                  e(Ry)          e(Ha)          e(eV)
     Spin orbit split results
     1 0 0.5 1S 1( 2.00)     -6653.2140     -3326.6070    -90521.5883
     2 0 0.5 2S 1( 2.00)     -1194.2333      -597.1166    -16248.3712
     2 1 0.5 2P 1( 2.00)     -1147.2060      -573.6030    -15608.5325
     2 1 1.5 2P 1( 4.00)      -976.6746      -488.3373    -13288.3349
     3 0 0.5 3S 1( 2.00)      -288.1794      -144.0897     -3920.8801
     3 1 0.5 3P 1( 2.00)      -266.9737      -133.4868     -3632.3616
     3 1 1.5 3P 1( 4.00)      -228.7900      -114.3950     -3112.8463
     4 0 0.5 4S 1( 2.00)       -66.0910       -33.0455      -899.2134
     4 1 0.5 4P 1( 2.00)       -56.8762       -28.4381      -773.8403
     4 1 1.5 4P 1( 4.00)       -47.4666       -23.7333      -645.8166
     3 2 1.5 3D 1( 4.00)      -194.1317       -97.0659     -2641.2964
     3 2 2.5 3D 1( 6.00)      -186.0392       -93.0196     -2531.1923
     5 0 0.5 5S 1( 2.00)       -11.4968        -5.7484      -156.4218
     5 1 0.5 5P 1( 2.00)        -8.3056        -4.1528      -113.0041
     5 1 1.5 5P 1( 4.00)        -6.4944        -3.2472       -88.3610
     4 2 1.5 4D 1( 4.00)       -32.5058       -16.2529      -442.2637
     4 2 2.5 4D 1( 6.00)       -30.7501       -15.3750      -418.3763
     4 3 2.5 4F 1( 6.00)       -11.3375        -5.6687      -154.2540
     4 3 3.5 4F 1( 8.00)       -10.9340        -5.4670      -148.7644
     5 2 1.5 5D 1( 4.00)        -2.0566        -1.0283       -27.9811
     5 2 2.5 5D 1( 6.00)        -1.8368        -0.9184       -24.9915
     6 0 0.5 6S 1( 2.00)        -1.0183        -0.5092       -13.8552
     6 1 0.5 6P 1( 2.00)        -0.4085        -0.2043        -5.5583
     6 1 1.5 6P 1( 1.00)        -0.2726        -0.1363        -3.7083
     Averaged results
     1 0     1S 1( 2.00)     -6653.2140     -3326.6070    -90521.5883
     2 0     2S 1( 2.00)     -1194.2333      -597.1166    -16248.3712
     2 1     2P 1( 6.00)     -1033.5184      -516.7592    -14061.7341
     3 0     3S 1( 2.00)      -288.1794      -144.0897     -3920.8801
     3 1     3P 1( 6.00)      -241.5179      -120.7589     -3286.0181
     4 0     4S 1( 2.00)       -66.0910       -33.0455      -899.2134
     4 1     4P 1( 6.00)       -50.6032       -25.3016      -688.4912
     3 2     3D 1(10.00)      -189.2762       -94.6381     -2575.2339
     5 0     5S 1( 2.00)       -11.4968        -5.7484      -156.4218
     5 1     5P 1( 6.00)        -7.0982        -3.5491       -96.5753
     4 2     4D 1(10.00)       -31.4524       -15.7262      -427.9313
     4 3     4F 1(14.00)       -11.1069        -5.5535      -151.1171
     5 2     5D 1(10.00)        -1.9247        -0.9624       -26.1874
     6 0     6S 1( 2.00)        -1.0183        -0.5092       -13.8552
     6 1     6P 1( 3.00)        -0.3179        -0.1589        -4.3249

     final scf error:  7.4E-15 reached in  26 iterations
 
     Etot =  -43163.075396 Ry,  -21581.537698 Ha, -587263.558086 eV

     Ekin =   50496.213046 Ry,   25248.106523 Ha,  687035.978581 eV
     Encl = -109463.283408 Ry,  -54731.641704 Ha,-1489323.842278 eV
     Eh   =   16601.316011 Ry,    8300.658005 Ha,  225872.411078 eV
     Exc  =    -797.321046 Ry,    -398.660523 Ha,  -10848.105466 eV


     normalization and overlap integrals

     s(1S/1S) =  1.000000  <r> =   0.0158  <r2> =    0.0003  r(max) =   0.0096
     s(1S/2S) = -0.000000
     s(1S/3S) = -0.000000
     s(1S/4S) = -0.000000
     s(1S/5S) = -0.000000
     s(1S/6S) = -0.000000
     s(2S/2S) =  1.000000  <r> =   0.0658  <r2> =    0.0052  r(max) =   0.0561
     s(2S/3S) =  0.000000
     s(2S/4S) =  0.000000
     s(2S/5S) =  0.000000
     s(2S/6S) =  0.000000
     s(2P/2P) =  1.000000  <r> =   0.0539  <r2> =    0.0036  r(max) =   0.0415
     s(2P/3P) =  0.000000
     s(2P/4P) =  0.000000
     s(2P/5P) =  0.000000
     s(2P/6P) =  0.000000
     s(2P/2P) =  1.000000  <r> =   0.0629  <r2> =    0.0048  r(max) =   0.0489
     s(2P/3P) =  0.000000
     s(2P/4P) =  0.000000
     s(2P/5P) =  0.000000
     s(2P/6P) =  0.000000
     s(3S/3S) =  1.000000  <r> =   0.1710  <r2> =    0.0336  r(max) =   0.1582
     s(3S/4S) =  0.000000
     s(3S/5S) =  0.000000
     s(3S/6S) =  0.000000
     s(3P/3P) =  1.000000  <r> =   0.1615  <r2> =    0.0305  r(max) =   0.1486
     s(3P/4P) =  0.000000
     s(3P/5P) =  0.000000
     s(3P/6P) =  0.000000
     s(3P/3P) =  1.000000  <r> =   0.1780  <r2> =    0.0368  r(max) =   0.1643
     s(3P/4P) =  0.000000
     s(3P/5P) =  0.000000
     s(3P/6P) =  0.000000
     s(4S/4S) =  1.000000  <r> =   0.3769  <r2> =    0.1605  r(max) =   0.3565
     s(4S/5S) =  0.000000
     s(4S/6S) =  0.000000
     s(4P/4P) =  1.000000  <r> =   0.3777  <r2> =    0.1625  r(max) =   0.3521
     s(4P/5P) =  0.000000
     s(4P/6P) =  0.000000
     s(4P/4P) =  1.000000  <r> =   0.4124  <r2> =    0.1933  r(max) =   0.3843
     s(4P/5P) =  0.000000
     s(4P/6P) =  0.000000
     s(3D/3D) =  1.000000  <r> =   0.1545  <r2> =    0.0280  r(max) =   0.1279
     s(3D/4D) =  0.000000
     s(3D/5D) =  0.000000
     s(3D/3D) =  1.000000  <r> =   0.1595  <r2> =    0.0297  r(max) =   0.1312
     s(3D/4D) =  0.000000
     s(3D/5D) = -0.000000
     s(5S/5S) =  1.000000  <r> =   0.8317  <r2> =    0.7749  r(max) =   0.7739
     s(5S/6S) =  0.000000
     s(5P/5P) =  1.000000  <r> =   0.8856  <r2> =    0.8838  r(max) =   0.8034
     s(5P/6P) =  0.000000
     s(5P/5P) =  1.000000  <r> =   0.9753  <r2> =    1.0725  r(max) =   0.8879
     s(5P/6P) = -0.000000
     s(4D/4D) =  1.000000  <r> =   0.4161  <r2> =    0.2000  r(max) =   0.3748
     s(4D/5D) =  0.000000
     s(4D/4D) =  1.000000  <r> =   0.4271  <r2> =    0.2105  r(max) =   0.3843
     s(4D/5D) = -0.000000
     s(4F/4F) =  1.000000  <r> =   0.4381  <r2> =    0.2291  r(max) =   0.3391
     s(4F/4F) =  1.000000  <r> =   0.4442  <r2> =    0.2356  r(max) =   0.3434
     s(5D/5D) =  1.000000  <r> =   1.2124  <r2> =    1.7026  r(max) =   1.0188
     s(5D/5D) =  1.000000  <r> =   1.2569  <r2> =    1.8333  r(max) =   1.0446
     s(6S/6S) =  1.000000  <r> =   2.1885  <r2> =    5.4321  r(max) =   1.8798
     s(6P/6P) =  1.000000  <r> =   2.7874  <r2> =    9.0166  r(max) =   2.2393
     s(6P/6P) =  1.000000  <r> =   3.2630  <r2> =   12.4380  r(max) =   2.5694

     ------------------------ End of All-electron run ------------------------


     ---------------------- Testing the pseudopotential ----------------------

     Bi                                                                         
     dirac relativistic calculation

     atomic number is 83.00   valence charge is 15.00
     dft = SLA  PW   PBX  PBC   lsd =0 sic =0 latt =0  beta=0.20 tr2=1.0E-14
     mesh =1283 r(mesh) = 100.09897 xmin = -7.00 dx = 0.01250

     n l  j  nl             e AE (Ry)       e PS (Ry)    De AE-PS (Ry) 
     1 0 0.5 6S   1( 2.00)       -1.01834       -1.01834        0.00000
     2 1 0.5 6P   1( 2.00)       -0.40853       -0.40853       -0.00000
     2 1 1.5 6P   1( 1.00)       -0.27255       -0.27255        0.00000
     3 2 1.5 5D   1( 4.00)       -2.05657       -2.05658        0.00000
     3 2 2.5 5D   1( 6.00)       -1.83684       -1.83685        0.00000

     eps = 2.2E-15  iter =  3
 
     Etot =  -43163.075396 Ry,  -21581.537698 Ha, -587263.558086 eV
     Etotps =  -914.257304 Ry,    -457.128652 Ha,  -12439.104320 eV

     Ekin =     300.961685 Ry,     150.480842 Ha,    4094.792324 eV
     Encl =    -542.495888 Ry,    -271.247944 Ha,   -7381.032578 eV
     Ehrt =     124.597954 Ry,      62.298977 Ha,    1695.241524 eV
     Ecxc =    -797.321055 Ry,    -398.660527 Ha,  -10848.105590 eV
     (Ecc =     -21.868497 Ry,     -10.934248 Ha,    -297.536055 eV)

     ---------------------- End of pseudopotential test ----------------------

