[0] MPI startup(): I_MPI_SHM_LMT environment variable is not supported.
[0] MPI startup(): Similar variables:
	 I_MPI_SHM_HEAP
	 I_MPI_SHM
	 I_MPI_SHM_OPT
	 I_MPI_SHM_THP
[0] MPI startup(): To check the list of supported variables, use the impi_info utility or refer to https://software.intel.com/en-us/mpi-library/documentation/get-started.

     Program LD1 v.7.3.1 starts on 19Sep2024 at 21:48:45 

     This program is part of the open-source Quantum ESPRESSO suite
     for quantum simulation of materials; please cite
         "P. Giannozzi et al., J. Phys.:Condens. Matter 21 395502 (2009);
         "P. Giannozzi et al., J. Phys.:Condens. Matter 29 465901 (2017);
         "P. Giannozzi et al., J. Chem. Phys. 152 154105 (2020);
          URL http://www.quantum-espresso.org", 
     in publications or presentations arising from this work. More details at
     http://www.quantum-espresso.org/quote

     Parallel version (MPI), running on     1 processors

     MPI processes distributed on     1 nodes
     89513 MiB available memory on the printing compute node when the environment starts
 
     Waiting for input...
     Reading input from standard input
     --------------------------- All-electron run ----------------------------

     C                                                                          
     dirac relativistic calculation

     atomic number is  6.00
     dft =PBE   lsd =0 sic =0 latt =0  beta=0.20 tr2=1.0E-14
     Exchange-correlation= PBE
                           (   1   4   3   4   0   0   0)
     mesh =1073 r(mesh) = 100.30751 a.u. xmin = -7.00 dx = 0.01250
     1 Ry =  13.60569312 eV, c = 137.03599908

     n l j   nl                  e(Ry)          e(Ha)          e(eV)
     Spin orbit split results
     1 0 0.5 1S 1( 2.00)       -20.0918       -10.0459      -273.3632
     2 0 0.5 2S 1( 2.00)        -1.0104        -0.5052       -13.7468
     2 1 0.5 2P 1( 2.00)        -0.3886        -0.1943        -5.2877
     2 1 1.5 2P 1( 0.00)        -0.3880        -0.1940        -5.2790
     Averaged results
     1 0     1S 1( 2.00)       -20.0918       -10.0459      -273.3632
     2 0     2S 1( 2.00)        -1.0104        -0.5052       -13.7468
     2 1     2P 1( 2.00)        -0.3882        -0.1941        -5.2819

     final scf error:  7.1E-15 reached in  21 iterations
 
     Etot =     -75.530912 Ry,     -37.765456 Ha,   -1027.650411 eV

     Ekin =      75.335578 Ry,      37.667789 Ha,    1024.992756 eV
     Encl =    -176.105189 Ry,     -88.052594 Ha,   -2396.033156 eV
     Eh   =      35.395566 Ry,      17.697783 Ha,     481.581213 eV
     Exc  =     -10.156868 Ry,      -5.078434 Ha,    -138.191225 eV


     normalization and overlap integrals

     s(1S/1S) =  1.000000  <r> =   0.2706  <r2> =    0.0993  r(max) =   0.1730
     s(1S/2S) =  0.000000
     s(2S/2S) =  1.000000  <r> =   1.5715  <r2> =    2.9916  r(max) =   1.2162
     s(2P/2P) =  1.000000  <r> =   1.7993  <r2> =    4.2564  r(max) =   1.2011
     s(2P/2P) =  1.000000  <r> =   1.8007  <r2> =    4.2631  r(max) =   1.2011

     ------------------------ End of All-electron run ------------------------


     --------------------- Generating PAW atomic setup --------------------


      Generating local pot.: lloc=2, j= 1.50, matching radius rcloc =   1.1000

      Generating local pot.: lloc=2, j= 2.50, matching radius rcloc =   1.1000

      Computing core charge for nlcc: 

       r > 0.81 : true rho core
      Core charge pseudized with two Bessel functions
      Integrated core pseudo-charge :   0.40

     Fully relativistic calculation: |psi|^2

     Wfc 2S LC norm =  0.99995606 SC norm =  0.00003861 missing  0.00000533
     Speed at rcutus      0.958 a.u.,  v/c =  0.006993,  (v/c)^2 =  0.00004891

     Wfc 2P LC norm =  0.99996747 SC norm =  0.00003234 missing  0.00000018
     Speed at rcutus      0.835 a.u.,  v/c =  0.006097,  (v/c)^2 =  0.00003717

     Wfc 2P LC norm =  0.99996751 SC norm =  0.00002397 missing  0.00000851
     Speed at rcutus      0.836 a.u.,  v/c =  0.006097,  (v/c)^2 =  0.00003717
      Wfc-us  2S rcutus= 1.295  Estimated cut-off energy=    26.88 Ry
      Wfc-us  2S rcutus= 1.295  Estimated cut-off energy=    29.06 Ry
      Wfc-us  2P rcutus= 1.467  Estimated cut-off energy=    35.35 Ry
      Wfc-us  2P rcutus= 1.467  Estimated cut-off energy=    35.34 Ry
      Wfc-us  2P rcutus= 1.467  Estimated cut-off energy=    36.66 Ry
      Wfc-us  2P rcutus= 1.467  Estimated cut-off energy=    36.65 Ry

      The bmat matrix
     1.45169     1.31468     0.00000     0.00000     0.00000     0.00000
     1.23647     1.12188     0.00000     0.00000     0.00000     0.00000
     0.00000     0.00000    -0.11458     0.00000    -0.10176     0.00000
     0.00000     0.00000     0.00000    -0.11389     0.00000    -0.10121
     0.00000     0.00000    -0.08404     0.00000    -0.07472     0.00000
     0.00000     0.00000     0.00000    -0.08357     0.00000    -0.07436

      The bmat + epsilon qq matrix
     1.53825     1.31099     0.00000     0.00000     0.00000     0.00000
     1.31104     1.11870     0.00000     0.00000     0.00000     0.00000
     0.00000     0.00000    -0.13356     0.00000    -0.09974     0.00000
     0.00000     0.00000     0.00000    -0.13277     0.00000    -0.09920
     0.00000     0.00000    -0.09973     0.00000    -0.07306     0.00000
     0.00000     0.00000     0.00000    -0.09919     0.00000    -0.07270

      The qq matrix
    -0.08567    -0.07381     0.00000     0.00000     0.00000     0.00000
    -0.07381    -0.06363     0.00000     0.00000     0.00000     0.00000
     0.00000     0.00000     0.04884     0.00000     0.04037     0.00000
     0.00000     0.00000     0.00000     0.04865     0.00000     0.04024
     0.00000     0.00000     0.04037     0.00000     0.03329     0.00000
     0.00000     0.00000     0.00000     0.04024     0.00000     0.03320


    multipoles (all-electron charge) - (pseudo charge)
        ns l1:ns1 l2    l=0     l=1     l=2     l=3     l=4     l=5  
         1  0:  1  0 -0.0856
         2  0:  1  0 -0.0738
         2  0:  2  0 -0.0636
         3  1:  1  0  0.0000  0.0172
         3  1:  2  0  0.0000  0.0140
         3  1:  3  1  0.0489  0.0000  0.0172
         4  1:  1  0  0.0000  0.0172
         4  1:  2  0  0.0000  0.0140
         4  1:  3  1  0.0487  0.0000  0.0172
         4  1:  4  1  0.0487  0.0000  0.0172
         5  1:  1  0  0.0000  0.0125
         5  1:  2  0  0.0000  0.0101
         5  1:  3  1  0.0404  0.0000  0.0145
         5  1:  4  1  0.0403  0.0000  0.0144
         5  1:  5  1  0.0333  0.0000  0.0121
         6  1:  1  0  0.0000  0.0125
         6  1:  2  0  0.0000  0.0102
         6  1:  3  1  0.0403  0.0000  0.0144
         6  1:  4  1  0.0403  0.0000  0.0144
         6  1:  5  1  0.0332  0.0000  0.0120
         6  1:  6  1  0.0332  0.0000  0.0120
     Required augmentation: BESSEL   radius:    1.100000
     Suggested rho cutoff for augmentation:  44.99 Ry

     Estimated PAW energy =  -17.766762 Ryd

     The PAW screened D coefficients
     1.53821     1.31101     0.00000     0.00000     0.00000     0.00000
     1.31101     1.11870     0.00000     0.00000     0.00000     0.00000
     0.00000     0.00000    -0.13357     0.00000    -0.09973     0.00000
     0.00000     0.00000     0.00000    -0.13278     0.00000    -0.09919
     0.00000     0.00000    -0.09973     0.00000    -0.07306     0.00000
     0.00000     0.00000     0.00000    -0.09919     0.00000    -0.07270

     The PAW descreened D coefficients (US)
     0.78996     0.66467     0.00000     0.00000     0.00000     0.00000
     0.66467     0.56003     0.00000     0.00000     0.00000     0.00000
     0.00000     0.00000     0.35429     0.00000     0.30358     0.00000
     0.00000     0.00000     0.00000     0.35309     0.00000     0.30270
     0.00000     0.00000     0.30358     0.00000     0.25953     0.00000
     0.00000     0.00000     0.00000     0.30270     0.00000     0.25890

     ------------------- End of pseudopotential generation -------------------

     --------------------------- All-electron run ----------------------------

     C                                                                          
     dirac relativistic calculation

     atomic number is  6.00
     dft = SLA  PW   PBX  PBC   lsd =0 sic =0 latt =0  beta=0.20 tr2=1.0E-14
     Exchange-correlation=  SLA  PW   PBX  PBC
                           (   1   4   3   4   0   0   0)
     mesh =1073 r(mesh) = 100.30751 a.u. xmin = -7.00 dx = 0.01250
     1 Ry =  13.60569312 eV, c = 137.03599908

     n l j   nl                  e(Ry)          e(Ha)          e(eV)
     Spin orbit split results
     1 0 0.5 1S 1( 2.00)       -20.0918       -10.0459      -273.3632
     2 0 0.5 2S 1( 2.00)        -1.0104        -0.5052       -13.7468
     2 1 0.5 2P 1( 2.00)        -0.3886        -0.1943        -5.2877
     2 1 1.5 2P 1( 0.00)        -0.3880        -0.1940        -5.2790
     Averaged results
     1 0     1S 1( 2.00)       -20.0918       -10.0459      -273.3632
     2 0     2S 1( 2.00)        -1.0104        -0.5052       -13.7468
     2 1     2P 1( 2.00)        -0.3882        -0.1941        -5.2819

     final scf error:  7.1E-15 reached in  21 iterations
 
     Etot =     -75.530912 Ry,     -37.765456 Ha,   -1027.650411 eV

     Ekin =      75.335578 Ry,      37.667789 Ha,    1024.992756 eV
     Encl =    -176.105189 Ry,     -88.052594 Ha,   -2396.033156 eV
     Eh   =      35.395566 Ry,      17.697783 Ha,     481.581213 eV
     Exc  =     -10.156868 Ry,      -5.078434 Ha,    -138.191225 eV


     normalization and overlap integrals

     s(1S/1S) =  1.000000  <r> =   0.2706  <r2> =    0.0993  r(max) =   0.1730
     s(1S/2S) =  0.000000
     s(2S/2S) =  1.000000  <r> =   1.5715  <r2> =    2.9916  r(max) =   1.2162
     s(2P/2P) =  1.000000  <r> =   1.7993  <r2> =    4.2564  r(max) =   1.2011
     s(2P/2P) =  1.000000  <r> =   1.8007  <r2> =    4.2631  r(max) =   1.2011

     ------------------------ End of All-electron run ------------------------


     ---------------------- Testing the pseudopotential ----------------------

     C                                                                          
     dirac relativistic calculation

     atomic number is  6.00   valence charge is  4.00
     dft = SLA  PW   PBX  PBC   lsd =0 sic =0 latt =0  beta=0.20 tr2=1.0E-14
     mesh =1073 r(mesh) = 100.30751 xmin = -7.00 dx = 0.01250

     n l  j  nl             e AE (Ry)       e PS (Ry)    De AE-PS (Ry) 
     1 0 0.5 2S   1( 2.00)       -1.01037       -1.01037        0.00001
     2 1 0.5 2P   1( 2.00)       -0.38864       -0.38864       -0.00000
     2 1 1.5 2P   1( 0.00)       -0.38800       -0.38800        0.00000

     eps = 2.5E-16  iter =  4
 
     Etot =     -75.530912 Ry,     -37.765456 Ha,   -1027.650411 eV
     Etotps =   -17.766767 Ry,      -8.883384 Ha,    -241.729182 eV

     Ekin =      11.496284 Ry,       5.748142 Ha,     156.414913 eV
     Encl =     -27.872413 Ry,     -13.936207 Ha,    -379.223501 eV
     Ehrt =       8.766237 Ry,       4.383118 Ha,     119.270725 eV
     Ecxc =     -10.156875 Ry,      -5.078437 Ha,    -138.191319 eV
     (Ecc =      -0.498121 Ry,      -0.249060 Ha,      -6.777279 eV)

     ---------------------- End of pseudopotential test ----------------------

