[0] MPI startup(): I_MPI_SHM_LMT environment variable is not supported.
[0] MPI startup(): Similar variables:
	 I_MPI_SHM_HEAP
	 I_MPI_SHM
	 I_MPI_SHM_OPT
	 I_MPI_SHM_THP
[0] MPI startup(): To check the list of supported variables, use the impi_info utility or refer to https://software.intel.com/en-us/mpi-library/documentation/get-started.

     Program LD1 v.7.3.1 starts on 19Sep2024 at 21:48:42 

     This program is part of the open-source Quantum ESPRESSO suite
     for quantum simulation of materials; please cite
         "P. Giannozzi et al., J. Phys.:Condens. Matter 21 395502 (2009);
         "P. Giannozzi et al., J. Phys.:Condens. Matter 29 465901 (2017);
         "P. Giannozzi et al., J. Chem. Phys. 152 154105 (2020);
          URL http://www.quantum-espresso.org", 
     in publications or presentations arising from this work. More details at
     http://www.quantum-espresso.org/quote

     Parallel version (MPI), running on     1 processors

     MPI processes distributed on     1 nodes
     89523 MiB available memory on the printing compute node when the environment starts
 
     Waiting for input...
     Reading input from standard input
     --------------------------- All-electron run ----------------------------

     Cd                                                                         
     dirac relativistic calculation

     atomic number is 48.00
     dft =PBE   lsd =0 sic =0 latt =0  beta=0.20 tr2=1.0E-14
     Exchange-correlation= PBE
                           (   1   4   3   4   0   0   0)
     mesh =1239 r(mesh) =  99.86297 a.u. xmin = -7.00 dx = 0.01250
     1 Ry =  13.60569312 eV, c = 137.03599908

     n l j   nl                  e(Ry)          e(Ha)          e(eV)
     Spin orbit split results
     1 0 0.5 1S 1( 2.00)     -1948.6641      -974.3320    -26512.9257
     2 0 0.5 2S 1( 2.00)      -289.4413      -144.7207     -3938.0499
     2 1 0.5 2P 1( 2.00)      -269.4622      -134.7311     -3666.2204
     2 1 1.5 2P 1( 4.00)      -255.3167      -127.6583     -3473.7605
     3 0 0.5 3S 1( 2.00)       -54.1536       -27.0768      -736.7979
     3 1 0.5 3P 1( 2.00)       -46.1495       -23.0748      -627.8959
     3 1 1.5 3P 1( 4.00)       -43.6231       -21.8115      -593.5223
     4 0 0.5 4S 1( 2.00)        -8.0168        -4.0084      -109.0745
     4 1 0.5 4P 1( 2.00)        -5.4467        -2.7234       -74.1063
     4 1 1.5 4P 1( 4.00)        -5.0162        -2.5081       -68.2485
     3 2 1.5 3D 1( 4.00)       -29.4646       -14.7323      -400.8868
     3 2 2.5 3D 1( 6.00)       -28.9512       -14.4756      -393.9018
     4 2 1.5 4D 1( 4.00)        -1.0947        -0.5474       -14.8947
     4 2 2.5 4D 1( 5.50)        -1.0418        -0.5209       -14.1742
     5 0 0.5 5S 1( 2.00)        -0.5027        -0.2514        -6.8400
     5 1 0.5 5P 1( 0.50)        -0.1483        -0.0741        -2.0177
     5 1 1.5 5P 1( 0.00)        -0.1318        -0.0659        -1.7936
     Averaged results
     1 0     1S 1( 2.00)     -1948.6641      -974.3320    -26512.9257
     2 0     2S 1( 2.00)      -289.4413      -144.7207     -3938.0499
     2 1     2P 1( 6.00)      -260.0319      -130.0159     -3537.9138
     3 0     3S 1( 2.00)       -54.1536       -27.0768      -736.7979
     3 1     3P 1( 6.00)       -44.4652       -22.2326      -604.9802
     4 0     4S 1( 2.00)        -8.0168        -4.0084      -109.0745
     4 1     4P 1( 6.00)        -5.1597        -2.5798       -70.2011
     3 2     3D 1(10.00)       -29.1566       -14.5783      -396.6958
     4 2     4D 1( 9.50)        -1.0630        -0.5315       -14.4624
     5 0     5S 1( 2.00)        -0.5027        -0.2514        -6.8400
     5 1     5P 1( 0.50)        -0.1373        -0.0687        -1.8683

     final scf error:  2.3E-15 reached in  25 iterations
 
     Etot =  -11191.667158 Ry,   -5595.833579 Ha, -152270.388886 eV

     Ekin =   11736.250028 Ry,    5868.125014 Ha,  159679.816289 eV
     Encl =  -27143.409443 Ry,  -13571.704722 Ha, -369304.899198 eV
     Eh   =    4524.541192 Ry,    2262.270596 Ha,   61559.518978 eV
     Exc  =    -309.048934 Ry,    -154.524467 Ha,   -4204.824955 eV


     normalization and overlap integrals

     s(1S/1S) =  1.000000  <r> =   0.0304  <r2> =    0.0012  r(max) =   0.0196
     s(1S/2S) = -0.000000
     s(1S/3S) = -0.000000
     s(1S/4S) =  0.000000
     s(1S/5S) =  0.000000
     s(2S/2S) =  1.000000  <r> =   0.1313  <r2> =    0.0204  r(max) =   0.1112
     s(2S/3S) =  0.000000
     s(2S/4S) =  0.000000
     s(2S/5S) =  0.000000
     s(2P/2P) =  1.000000  <r> =   0.1112  <r2> =    0.0152  r(max) =   0.0866
     s(2P/3P) =  0.000000
     s(2P/4P) =  0.000000
     s(2P/5P) =  0.000000
     s(2P/2P) =  1.000000  <r> =   0.1164  <r2> =    0.0165  r(max) =   0.0899
     s(2P/3P) =  0.000000
     s(2P/4P) =  0.000000
     s(2P/5P) =  0.000000
     s(3S/3S) =  1.000000  <r> =   0.3580  <r2> =    0.1468  r(max) =   0.3259
     s(3S/4S) =  0.000000
     s(3S/5S) =  0.000000
     s(3P/3P) =  1.000000  <r> =   0.3494  <r2> =    0.1420  r(max) =   0.3100
     s(3P/4P) =  0.000000
     s(3P/5P) =  0.000000
     s(3P/3P) =  1.000000  <r> =   0.3604  <r2> =    0.1508  r(max) =   0.3218
     s(3P/4P) =  0.000000
     s(3P/5P) =  0.000000
     s(4S/4S) =  1.000000  <r> =   0.8777  <r2> =    0.8729  r(max) =   0.7916
     s(4S/5S) =  0.000000
     s(4P/4P) =  1.000000  <r> =   0.9366  <r2> =    1.0045  r(max) =   0.8322
     s(4P/5P) =  0.000000
     s(4P/4P) =  1.000000  <r> =   0.9672  <r2> =    1.0716  r(max) =   0.8533
     s(4P/5P) = -0.000000
     s(3D/3D) =  1.000000  <r> =   0.3326  <r2> =    0.1318  r(max) =   0.2635
     s(3D/4D) = -0.000000
     s(3D/3D) =  1.000000  <r> =   0.3362  <r2> =    0.1344  r(max) =   0.2668
     s(3D/4D) = -0.000000
     s(4D/4D) =  1.000000  <r> =   1.2501  <r2> =    1.8923  r(max) =   0.9669
     s(4D/4D) =  1.000000  <r> =   1.2688  <r2> =    1.9522  r(max) =   0.9790
     s(5S/5S) =  1.000000  <r> =   2.7766  <r2> =    8.8999  r(max) =   2.2621
     s(5P/5P) =  1.000000  <r> =   4.0052  <r2> =   19.2329  r(max) =   3.0156
     s(5P/5P) =  1.000000  <r> =   4.2172  <r2> =   21.3435  r(max) =   3.1308

     ------------------------ End of All-electron run ------------------------


     --------------------- Generating PAW atomic setup --------------------


      Generating local potential from pseudized AE potential:
      Matching radius rcloc =   1.9000

      Local pseudo, rcloc= 1.923 Estimated cut-off energy=     6.78 Ry

      Computing core charge for nlcc: 

       r > 1.31 : true rho core
      Core charge pseudized with two Bessel functions
      Integrated core pseudo-charge :  11.51

     Fully relativistic calculation: |psi|^2

     Wfc 5S LC norm =  0.99994981 SC norm =  0.00004734 missing  0.00000285
     Speed at rcutus      0.657 a.u.,  v/c =  0.004793,  (v/c)^2 =  0.00002297

     Wfc 5P LC norm =  0.99997701 SC norm =  0.00002271 missing  0.00000028
     Speed at rcutus      0.496 a.u.,  v/c =  0.003620,  (v/c)^2 =  0.00001310

     Wfc 5P LC norm =  0.99997945 SC norm =  0.00001664 missing  0.00000391
     Speed at rcutus      0.467 a.u.,  v/c =  0.003404,  (v/c)^2 =  0.00001159

     Wfc 4D LC norm =  0.99974927 SC norm =  0.00025069 missing  0.00000004
     Speed at rcutus      0.607 a.u.,  v/c =  0.004430,  (v/c)^2 =  0.00001963

     Wfc 4D LC norm =  0.99975543 SC norm =  0.00024369 missing  0.00000088
     Speed at rcutus      0.630 a.u.,  v/c =  0.004599,  (v/c)^2 =  0.00002115
      Wfc-us  5S rcutus= 2.125  Estimated cut-off energy=     9.59 Ry
      Wfc-us  5S rcutus= 2.125  Estimated cut-off energy=    14.46 Ry
      Wfc-us  5P rcutus= 2.291  Estimated cut-off energy=    13.60 Ry
      Wfc-us  5P rcutus= 2.291  Estimated cut-off energy=    13.48 Ry
      Wfc-us  5P rcutus= 2.291  Estimated cut-off energy=    31.08 Ry
      Wfc-us  5P rcutus= 2.291  Estimated cut-off energy=    30.53 Ry
      Wfc-us  4D rcutus= 1.784  Estimated cut-off energy=    37.15 Ry
      Wfc-us  4D rcutus= 1.784  Estimated cut-off energy=    37.09 Ry
      Wfc-us  4D rcutus= 1.784  Estimated cut-off energy=    32.59 Ry
      Wfc-us  4D rcutus= 1.784  Estimated cut-off energy=    32.44 Ry

      The bmat matrix
     0.72355     1.09823     0.00000     0.00000     0.00000     0.00000
     0.00000     0.00000     0.00000     0.00000
     0.92379     1.45081     0.00000     0.00000     0.00000     0.00000
     0.00000     0.00000     0.00000     0.00000
     0.00000     0.00000     0.18757     0.00000     0.26950     0.00000
     0.00000     0.00000     0.00000     0.00000
     0.00000     0.00000     0.00000     0.14800     0.00000     0.23157
     0.00000     0.00000     0.00000     0.00000
     0.00000     0.00000     0.26107     0.00000     0.76150     0.00000
     0.00000     0.00000     0.00000     0.00000
     0.00000     0.00000     0.00000     0.24380     0.00000     0.74892
     0.00000     0.00000     0.00000     0.00000
     0.00000     0.00000     0.00000     0.00000     0.00000     0.00000
    -1.58742     0.00000    -1.29690     0.00000
     0.00000     0.00000     0.00000     0.00000     0.00000     0.00000
     0.00000    -1.55630     0.00000    -1.29713
     0.00000     0.00000     0.00000     0.00000     0.00000     0.00000
     0.03754     0.00000     0.13147     0.00000
     0.00000     0.00000     0.00000     0.00000     0.00000     0.00000
     0.00000     0.00692     0.00000     0.10886

      The bmat + epsilon qq matrix
     0.74520     0.95505     0.00000     0.00000     0.00000     0.00000
     0.00000     0.00000     0.00000     0.00000
     0.95508     1.25063     0.00000     0.00000     0.00000     0.00000
     0.00000     0.00000     0.00000     0.00000
     0.00000     0.00000     0.18858     0.00000     0.26126     0.00000
     0.00000     0.00000     0.00000     0.00000
     0.00000     0.00000     0.00000     0.14815     0.00000     0.24366
     0.00000     0.00000     0.00000     0.00000
     0.00000     0.00000     0.26122     0.00000     1.18029     0.00000
     0.00000     0.00000     0.00000     0.00000
     0.00000     0.00000     0.00000     0.24360     0.00000     1.17175
     0.00000     0.00000     0.00000     0.00000
     0.00000     0.00000     0.00000     0.00000     0.00000     0.00000
    -1.92519     0.00000    -0.23327     0.00000
     0.00000     0.00000     0.00000     0.00000     0.00000     0.00000
     0.00000    -1.86372     0.00000    -0.24738
     0.00000     0.00000     0.00000     0.00000     0.00000     0.00000
    -0.23325     0.00000     0.70933     0.00000
     0.00000     0.00000     0.00000     0.00000     0.00000     0.00000
     0.00000    -0.24741     0.00000     0.70025

      The qq matrix
    -0.04306    -0.06225     0.00000     0.00000     0.00000     0.00000
     0.00000     0.00000     0.00000     0.00000
    -0.06225    -0.08704     0.00000     0.00000     0.00000     0.00000
     0.00000     0.00000     0.00000     0.00000
     0.00000     0.00000    -0.00679     0.00000    -0.00103     0.00000
     0.00000     0.00000     0.00000     0.00000
     0.00000     0.00000     0.00000    -0.00113     0.00000     0.00151
     0.00000     0.00000     0.00000     0.00000
     0.00000     0.00000    -0.00103     0.00000     0.05235     0.00000
     0.00000     0.00000     0.00000     0.00000
     0.00000     0.00000     0.00000     0.00151     0.00000     0.05285
     0.00000     0.00000     0.00000     0.00000
     0.00000     0.00000     0.00000     0.00000     0.00000     0.00000
     0.30854     0.00000     0.24736     0.00000
     0.00000     0.00000     0.00000     0.00000     0.00000     0.00000
     0.00000     0.29509     0.00000     0.24413
     0.00000     0.00000     0.00000     0.00000     0.00000     0.00000
     0.24736     0.00000     0.13439     0.00000
     0.00000     0.00000     0.00000     0.00000     0.00000     0.00000
     0.00000     0.24413     0.00000     0.13753


    multipoles (all-electron charge) - (pseudo charge)
        ns l1:ns1 l2    l=0     l=1     l=2     l=3     l=4     l=5  
         1  0:  1  0 -0.0431
         2  0:  1  0 -0.0623
         2  0:  2  0 -0.0870
         3  1:  1  0  0.0000  0.0398
         3  1:  2  0  0.0000  0.0525
         3  1:  3  1 -0.0068  0.0000 -0.0371
         4  1:  1  0  0.0000  0.0335
         4  1:  2  0  0.0000  0.0450
         4  1:  3  1 -0.0038  0.0000 -0.0316
         4  1:  4  1 -0.0011  0.0000 -0.0265
         5  1:  1  0  0.0000  0.0207
         5  1:  2  0  0.0000  0.0282
         5  1:  3  1 -0.0010  0.0000 -0.0275
         5  1:  4  1 -0.0005  0.0000 -0.0264
         5  1:  5  1  0.0524  0.0000  0.0365
         6  1:  1  0  0.0000  0.0208
         6  1:  2  0  0.0000  0.0288
         6  1:  3  1  0.0007  0.0000 -0.0291
         6  1:  4  1  0.0015  0.0000 -0.0275
         6  1:  5  1  0.0523  0.0000  0.0338
         6  1:  6  1  0.0529  0.0000  0.0313
         7  2:  1  0  0.0000  0.0000  0.2041
         7  2:  2  0  0.0000  0.0000  0.2187
         7  2:  3  1  0.0000 -0.1476  0.0000 -0.1750
         7  2:  4  1  0.0000 -0.1404  0.0000 -0.1681
         7  2:  5  1  0.0000 -0.0868  0.0000 -0.0012
         7  2:  6  1  0.0000 -0.1037  0.0000 -0.0265
         7  2:  7  2  0.3085  0.0000  0.2186  0.0000  0.2104
         8  2:  1  0  0.0000  0.0000  0.2039
         8  2:  2  0  0.0000  0.0000  0.2185
         8  2:  3  1  0.0000 -0.1470  0.0000 -0.1753
         8  2:  4  1  0.0000 -0.1398  0.0000 -0.1684
         8  2:  5  1  0.0000 -0.0854  0.0000 -0.0004
         8  2:  6  1  0.0000 -0.1023  0.0000 -0.0257
         8  2:  7  2  0.3014  0.0000  0.2140  0.0000  0.2064
         8  2:  8  2  0.2951  0.0000  0.2098  0.0000  0.2031
         9  2:  1  0  0.0000  0.0000  0.0012
         9  2:  2  0  0.0000  0.0000 -0.0024
         9  2:  3  1  0.0000 -0.0164  0.0000  0.0277
         9  2:  4  1  0.0000 -0.0172  0.0000  0.0240
         9  2:  5  1  0.0000 -0.0500  0.0000 -0.0449
         9  2:  6  1  0.0000 -0.0527  0.0000 -0.0431
         9  2:  7  2  0.2474  0.0000  0.1767  0.0000  0.1718
         9  2:  8  2  0.2433  0.0000  0.1748  0.0000  0.1708
         9  2:  9  2  0.1344  0.0000  0.0676  0.0000  0.0365
        10  2:  1  0  0.0000  0.0000  0.0045
        10  2:  2  0  0.0000  0.0000  0.0012
        10  2:  3  1  0.0000 -0.0184  0.0000  0.0251
        10  2:  4  1  0.0000 -0.0191  0.0000  0.0214
        10  2:  5  1  0.0000 -0.0509  0.0000 -0.0454
        10  2:  6  1  0.0000 -0.0538  0.0000 -0.0439
        10  2:  7  2  0.2478  0.0000  0.1776  0.0000  0.1733
        10  2:  8  2  0.2441  0.0000  0.1757  0.0000  0.1719
        10  2:  9  2  0.1358  0.0000  0.0694  0.0000  0.0388
        10  2: 10  2  0.1376  0.0000  0.0713  0.0000  0.0415
     Required augmentation: PSQ   radius:    1.600000

     Q pseudized with Bessel functions
     Expected ecutrho=     179.3614 due to l1=  2   l2=  2

     Estimated PAW energy = -382.107996 Ryd

     The PAW screened D coefficients
     0.74520     0.95508     0.00000     0.00000     0.00000     0.00000
     0.00000     0.00000     0.00000     0.00000
     0.95508     1.25064     0.00000     0.00000     0.00000     0.00000
     0.00000     0.00000     0.00000     0.00000
     0.00000     0.00000     0.18858     0.00000     0.26122     0.00000
     0.00000     0.00000     0.00000     0.00000
     0.00000     0.00000     0.00000     0.14815     0.00000     0.24360
     0.00000     0.00000     0.00000     0.00000
     0.00000     0.00000     0.26122     0.00000     1.18034     0.00000
     0.00000     0.00000     0.00000     0.00000
     0.00000     0.00000     0.00000     0.24360     0.00000     1.17181
     0.00000     0.00000     0.00000     0.00000
     0.00000     0.00000     0.00000     0.00000     0.00000     0.00000
    -1.92519     0.00000    -0.23325     0.00000
     0.00000     0.00000     0.00000     0.00000     0.00000     0.00000
     0.00000    -1.86372     0.00000    -0.24740
     0.00000     0.00000     0.00000     0.00000     0.00000     0.00000
    -0.23325     0.00000     0.70939     0.00000
     0.00000     0.00000     0.00000     0.00000     0.00000     0.00000
     0.00000    -0.24740     0.00000     0.70038

     The PAW descreened D coefficients (US)
     0.87270     1.00825     0.00000     0.00000     0.00000     0.00000
     0.00000     0.00000     0.00000     0.00000
     1.00825     1.17737     0.00000     0.00000     0.00000     0.00000
     0.00000     0.00000     0.00000     0.00000
     0.00000     0.00000     0.33742     0.00000     3.43384     0.00000
     0.00000     0.00000     0.00000     0.00000
     0.00000     0.00000     0.00000     0.31375     0.00000     0.89125
     0.00000     0.00000     0.00000     0.00000
     0.00000     0.00000     3.43384     0.00000     1.41100     0.00000
     0.00000     0.00000     0.00000     0.00000
     0.00000     0.00000     0.00000     0.89125     0.00000     1.53032
     0.00000     0.00000     0.00000     0.00000
     0.00000     0.00000     0.00000     0.00000     0.00000     0.00000
     2.50482     0.00000     2.47810     0.00000
     0.00000     0.00000     0.00000     0.00000     0.00000     0.00000
     0.00000     2.33100     0.00000     2.42084
     0.00000     0.00000     0.00000     0.00000     0.00000     0.00000
     2.47810     0.00000     2.71968     0.00000
     0.00000     0.00000     0.00000     0.00000     0.00000     0.00000
     0.00000     2.42084     0.00000     2.73458

     ------------------- End of pseudopotential generation -------------------

     --------------------------- All-electron run ----------------------------

     Cd                                                                         
     dirac relativistic calculation

     atomic number is 48.00
     dft = SLA  PW   PBX  PBC   lsd =0 sic =0 latt =0  beta=0.20 tr2=1.0E-14
     Exchange-correlation=  SLA  PW   PBX  PBC
                           (   1   4   3   4   0   0   0)
     mesh =1239 r(mesh) =  99.86297 a.u. xmin = -7.00 dx = 0.01250
     1 Ry =  13.60569312 eV, c = 137.03599908

     n l j   nl                  e(Ry)          e(Ha)          e(eV)
     Spin orbit split results
     1 0 0.5 1S 1( 2.00)     -1948.6641      -974.3320    -26512.9257
     2 0 0.5 2S 1( 2.00)      -289.4413      -144.7207     -3938.0499
     2 1 0.5 2P 1( 2.00)      -269.4622      -134.7311     -3666.2204
     2 1 1.5 2P 1( 4.00)      -255.3167      -127.6583     -3473.7605
     3 0 0.5 3S 1( 2.00)       -54.1536       -27.0768      -736.7979
     3 1 0.5 3P 1( 2.00)       -46.1495       -23.0748      -627.8959
     3 1 1.5 3P 1( 4.00)       -43.6231       -21.8115      -593.5223
     4 0 0.5 4S 1( 2.00)        -8.0168        -4.0084      -109.0745
     4 1 0.5 4P 1( 2.00)        -5.4467        -2.7234       -74.1063
     4 1 1.5 4P 1( 4.00)        -5.0162        -2.5081       -68.2485
     3 2 1.5 3D 1( 4.00)       -29.4646       -14.7323      -400.8868
     3 2 2.5 3D 1( 6.00)       -28.9512       -14.4756      -393.9018
     4 2 1.5 4D 1( 4.00)        -1.0947        -0.5474       -14.8947
     4 2 2.5 4D 1( 5.50)        -1.0418        -0.5209       -14.1742
     5 0 0.5 5S 1( 2.00)        -0.5027        -0.2514        -6.8400
     5 1 0.5 5P 1( 0.50)        -0.1483        -0.0741        -2.0177
     5 1 1.5 5P 1( 0.00)        -0.1318        -0.0659        -1.7936
     Averaged results
     1 0     1S 1( 2.00)     -1948.6641      -974.3320    -26512.9257
     2 0     2S 1( 2.00)      -289.4413      -144.7207     -3938.0499
     2 1     2P 1( 6.00)      -260.0319      -130.0159     -3537.9138
     3 0     3S 1( 2.00)       -54.1536       -27.0768      -736.7979
     3 1     3P 1( 6.00)       -44.4652       -22.2326      -604.9802
     4 0     4S 1( 2.00)        -8.0168        -4.0084      -109.0745
     4 1     4P 1( 6.00)        -5.1597        -2.5798       -70.2011
     3 2     3D 1(10.00)       -29.1566       -14.5783      -396.6958
     4 2     4D 1( 9.50)        -1.0630        -0.5315       -14.4624
     5 0     5S 1( 2.00)        -0.5027        -0.2514        -6.8400
     5 1     5P 1( 0.50)        -0.1373        -0.0687        -1.8683

     final scf error:  2.3E-15 reached in  25 iterations
 
     Etot =  -11191.667158 Ry,   -5595.833579 Ha, -152270.388886 eV

     Ekin =   11736.250028 Ry,    5868.125014 Ha,  159679.816289 eV
     Encl =  -27143.409443 Ry,  -13571.704722 Ha, -369304.899198 eV
     Eh   =    4524.541192 Ry,    2262.270596 Ha,   61559.518978 eV
     Exc  =    -309.048934 Ry,    -154.524467 Ha,   -4204.824955 eV


     normalization and overlap integrals

     s(1S/1S) =  1.000000  <r> =   0.0304  <r2> =    0.0012  r(max) =   0.0196
     s(1S/2S) = -0.000000
     s(1S/3S) = -0.000000
     s(1S/4S) =  0.000000
     s(1S/5S) =  0.000000
     s(2S/2S) =  1.000000  <r> =   0.1313  <r2> =    0.0204  r(max) =   0.1112
     s(2S/3S) =  0.000000
     s(2S/4S) =  0.000000
     s(2S/5S) =  0.000000
     s(2P/2P) =  1.000000  <r> =   0.1112  <r2> =    0.0152  r(max) =   0.0866
     s(2P/3P) =  0.000000
     s(2P/4P) =  0.000000
     s(2P/5P) =  0.000000
     s(2P/2P) =  1.000000  <r> =   0.1164  <r2> =    0.0165  r(max) =   0.0899
     s(2P/3P) =  0.000000
     s(2P/4P) =  0.000000
     s(2P/5P) =  0.000000
     s(3S/3S) =  1.000000  <r> =   0.3580  <r2> =    0.1468  r(max) =   0.3259
     s(3S/4S) =  0.000000
     s(3S/5S) =  0.000000
     s(3P/3P) =  1.000000  <r> =   0.3494  <r2> =    0.1420  r(max) =   0.3100
     s(3P/4P) =  0.000000
     s(3P/5P) =  0.000000
     s(3P/3P) =  1.000000  <r> =   0.3604  <r2> =    0.1508  r(max) =   0.3218
     s(3P/4P) =  0.000000
     s(3P/5P) =  0.000000
     s(4S/4S) =  1.000000  <r> =   0.8777  <r2> =    0.8729  r(max) =   0.7916
     s(4S/5S) =  0.000000
     s(4P/4P) =  1.000000  <r> =   0.9366  <r2> =    1.0045  r(max) =   0.8322
     s(4P/5P) =  0.000000
     s(4P/4P) =  1.000000  <r> =   0.9672  <r2> =    1.0716  r(max) =   0.8533
     s(4P/5P) = -0.000000
     s(3D/3D) =  1.000000  <r> =   0.3326  <r2> =    0.1318  r(max) =   0.2635
     s(3D/4D) = -0.000000
     s(3D/3D) =  1.000000  <r> =   0.3362  <r2> =    0.1344  r(max) =   0.2668
     s(3D/4D) = -0.000000
     s(4D/4D) =  1.000000  <r> =   1.2501  <r2> =    1.8923  r(max) =   0.9669
     s(4D/4D) =  1.000000  <r> =   1.2688  <r2> =    1.9522  r(max) =   0.9790
     s(5S/5S) =  1.000000  <r> =   2.7766  <r2> =    8.8999  r(max) =   2.2621
     s(5P/5P) =  1.000000  <r> =   4.0052  <r2> =   19.2329  r(max) =   3.0156
     s(5P/5P) =  1.000000  <r> =   4.2172  <r2> =   21.3435  r(max) =   3.1308

     ------------------------ End of All-electron run ------------------------


     ---------------------- Testing the pseudopotential ----------------------

     Cd                                                                         
     dirac relativistic calculation

     atomic number is 48.00   valence charge is 12.00
     dft = SLA  PW   PBX  PBC   lsd =0 sic =0 latt =0  beta=0.20 tr2=1.0E-14
     mesh =1239 r(mesh) =  99.86297 xmin = -7.00 dx = 0.01250

     n l  j  nl             e AE (Ry)       e PS (Ry)    De AE-PS (Ry) 
     1 0 0.5 5S   1( 2.00)       -0.50273       -0.50273        0.00000
     2 1 0.5 5P   1( 0.50)       -0.14830       -0.14830       -0.00000
     2 1 1.5 5P   1( 0.00)       -0.13183       -0.13183        0.00000
     3 2 1.5 4D   1( 4.00)       -1.09474       -1.09475        0.00000
     3 2 2.5 4D   1( 5.50)       -1.04178       -1.04179        0.00001

     eps = 6.6E-15  iter =  3
 
     Etot =  -11191.667158 Ry,   -5595.833579 Ha, -152270.388886 eV
     Etotps =  -382.108016 Ry,    -191.054008 Ha,   -5198.844403 eV

     Ekin =     186.128549 Ry,      93.064275 Ha,    2532.407924 eV
     Encl =    -344.554135 Ry,    -172.277068 Ha,   -4687.897828 eV
     Ehrt =      85.366505 Ry,      42.683252 Ha,    1161.470465 eV
     Ecxc =    -309.048935 Ry,    -154.524467 Ha,   -4204.824963 eV
     (Ecc =     -21.739878 Ry,     -10.869939 Ha,    -295.786114 eV)

     ---------------------- End of pseudopotential test ----------------------

