[0] MPI startup(): I_MPI_SHM_LMT environment variable is not supported.
[0] MPI startup(): Similar variables:
	 I_MPI_SHM_HEAP
	 I_MPI_SHM
	 I_MPI_SHM_OPT
	 I_MPI_SHM_THP
[0] MPI startup(): To check the list of supported variables, use the impi_info utility or refer to https://software.intel.com/en-us/mpi-library/documentation/get-started.

     Program LD1 v.7.3.1 starts on 19Sep2024 at 21:48:47 

     This program is part of the open-source Quantum ESPRESSO suite
     for quantum simulation of materials; please cite
         "P. Giannozzi et al., J. Phys.:Condens. Matter 21 395502 (2009);
         "P. Giannozzi et al., J. Phys.:Condens. Matter 29 465901 (2017);
         "P. Giannozzi et al., J. Chem. Phys. 152 154105 (2020);
          URL http://www.quantum-espresso.org", 
     in publications or presentations arising from this work. More details at
     http://www.quantum-espresso.org/quote

     Parallel version (MPI), running on     1 processors

     MPI processes distributed on     1 nodes
     89504 MiB available memory on the printing compute node when the environment starts
 
     Waiting for input...
     Reading input from standard input
     --------------------------- All-electron run ----------------------------

     Cu                                                                         
     dirac relativistic calculation

     atomic number is 29.00
     dft =PBE   lsd =0 sic =0 latt =0  beta=0.20 tr2=1.0E-14
     Exchange-correlation= PBE
                           (   1   4   3   4   0   0   0)
     mesh =1199 r(mesh) = 100.25372 a.u. xmin = -7.00 dx = 0.01250
     1 Ry =  13.60569312 eV, c = 137.03599908

     n l j   nl                  e(Ry)          e(Ha)          e(eV)
     Spin orbit split results
     1 0 0.5 1S 1( 2.00)      -650.5570      -325.2785     -8851.2793
     2 0 0.5 2S 1( 2.00)       -78.2568       -39.1284     -1064.7383
     2 1 0.5 2P 1( 2.00)       -68.5737       -34.2868      -932.9926
     2 1 1.5 2P 1( 4.00)       -67.0675       -33.5337      -912.4995
     3 0 0.5 3S 1( 2.00)        -8.6081        -4.3041      -117.1192
     3 1 0.5 3P 1( 2.00)        -5.6048        -2.8024       -76.2575
     3 1 1.5 3P 1( 4.00)        -5.4142        -2.7071       -73.6640
     3 2 1.5 3D 1( 4.00)        -0.5342        -0.2671        -7.2684
     3 2 2.5 3D 1( 5.50)        -0.5135        -0.2568        -6.9868
     4 0 0.5 4S 1( 1.50)        -0.3809        -0.1905        -5.1824
     4 1 0.5 4P 1( 0.00)        -0.0697        -0.0349        -0.9489
     4 1 1.5 4P 1( 0.00)        -0.0665        -0.0332        -0.9048
     Averaged results
     1 0     1S 1( 2.00)      -650.5570      -325.2785     -8851.2793
     2 0     2S 1( 2.00)       -78.2568       -39.1284     -1064.7383
     2 1     2P 1( 6.00)       -67.5695       -33.7848      -919.3305
     3 0     3S 1( 2.00)        -8.6081        -4.3041      -117.1192
     3 1     3P 1( 6.00)        -5.4777        -2.7389       -74.5285
     3 2     3D 1( 9.50)        -0.5218        -0.2609        -7.0995
     4 0     4S 1( 1.50)        -0.3809        -0.1905        -5.1824
     4 1     4P 1( 0.00)        -0.0676        -0.0338        -0.9195

     final scf error:  5.9E-15 reached in  38 iterations
 
     Etot =   -3309.768744 Ry,   -1654.884372 Ha,  -45031.697844 eV

     Ekin =    3367.185612 Ry,    1683.592806 Ha,   45812.894124 eV
     Encl =   -7973.487506 Ry,   -3986.743753 Ha, -108484.824128 eV
     Eh   =    1431.493471 Ry,     715.746736 Ha,   19476.460878 eV
     Exc  =    -134.960321 Ry,     -67.480161 Ha,   -1836.228718 eV


     normalization and overlap integrals

     s(1S/1S) =  1.000000  <r> =   0.0521  <r2> =    0.0037  r(max) =   0.0341
     s(1S/2S) =  0.000000
     s(1S/3S) = -0.000000
     s(1S/4S) =  0.000000
     s(2S/2S) =  1.000000  <r> =   0.2350  <r2> =    0.0652  r(max) =   0.1960
     s(2S/3S) =  0.000000
     s(2S/4S) =  0.000000
     s(2P/2P) =  1.000000  <r> =   0.2041  <r2> =    0.0512  r(max) =   0.1565
     s(2P/3P) =  0.000000
     s(2P/4P) =  0.000000
     s(2P/2P) =  1.000000  <r> =   0.2075  <r2> =    0.0528  r(max) =   0.1585
     s(2P/3P) =  0.000000
     s(2P/4P) =  0.000000
     s(3S/3S) =  1.000000  <r> =   0.7106  <r2> =    0.5841  r(max) =   0.6112
     s(3S/4S) =  0.000000
     s(3P/3P) =  1.000000  <r> =   0.7400  <r2> =    0.6479  r(max) =   0.6112
     s(3P/4P) =  0.000000
     s(3P/3P) =  1.000000  <r> =   0.7507  <r2> =    0.6668  r(max) =   0.6189
     s(3P/4P) = -0.000000
     s(3D/3D) =  1.000000  <r> =   0.9934  <r2> =    1.3731  r(max) =   0.5961
     s(3D/3D) =  1.000000  <r> =   1.0036  <r2> =    1.4053  r(max) =   0.6036
     s(4S/4S) =  1.000000  <r> =   2.8310  <r2> =    9.4532  r(max) =   2.2149
     s(4P/4P) =  1.000000  <r> =   4.6821  <r2> =   27.1069  r(max) =   3.3458
     s(4P/4P) =  1.000000  <r> =   4.7675  <r2> =   28.1015  r(max) =   3.3879

     ------------------------ End of All-electron run ------------------------


     --------------------- Generating US pseudopotential ---------------------


      Generating local potential from pseudized AE potential:
      Matching radius rcloc =   1.9000

      Local pseudo, rcloc= 1.883 Estimated cut-off energy=     6.94 Ry

      Computing core charge for nlcc: 

       r > 0.70 : true rho core
       r < 0.70 : rho core = a sin(br)/r    a=  23.00  b=   3.27

      Integrated core pseudo-charge :   8.87

     Fully relativistic calculation: |psi|^2

     Wfc 4S LC norm =  0.99996743 SC norm =  0.00003011 missing  0.00000246

     Wfc 4P LC norm =  0.99998846 SC norm =  0.00001120 missing  0.00000034

     Wfc 4P LC norm =  0.99998889 SC norm =  0.00000798 missing  0.00000313

     Wfc 3D LC norm =  0.99974242 SC norm =  0.00025757 missing  0.00000001

     Wfc 3D LC norm =  0.99974557 SC norm =  0.00025377 missing  0.00000066
      Wfc-us  4S rcutus= 2.300  Estimated cut-off energy=     8.48 Ry
      Wfc-us  4S rcutus= 2.300  Estimated cut-off energy=    22.55 Ry
      Wfc-us  4P rcutus= 2.300  Estimated cut-off energy=    13.56 Ry
      Wfc-us  4P rcutus= 2.300  Estimated cut-off energy=    13.52 Ry
      Wfc-us  4P rcutus= 2.300  Estimated cut-off energy=    30.50 Ry
      Wfc-us  4P rcutus= 2.300  Estimated cut-off energy=    30.32 Ry
      Wfc-us  3D rcutus= 1.883  Estimated cut-off energy=    33.25 Ry
      Wfc-us  3D rcutus= 1.883  Estimated cut-off energy=    33.22 Ry
      Wfc-us  3D rcutus= 1.883  Estimated cut-off energy=    29.41 Ry
      Wfc-us  3D rcutus= 1.883  Estimated cut-off energy=    29.38 Ry

      The bmat matrix
     0.72254     0.42168     0.00000     0.00000     0.00000     0.00000
     0.00000     0.00000     0.00000     0.00000
     0.36644     0.38789     0.00000     0.00000     0.00000     0.00000
     0.00000     0.00000     0.00000     0.00000
     0.00000     0.00000     0.08480     0.00000     0.23985     0.00000
     0.00000     0.00000     0.00000     0.00000
     0.00000     0.00000     0.00000     0.08039     0.00000     0.23218
     0.00000     0.00000     0.00000     0.00000
     0.00000     0.00000     0.16253     0.00000     0.85304     0.00000
     0.00000     0.00000     0.00000     0.00000
     0.00000     0.00000     0.00000     0.16090     0.00000     0.85532
     0.00000     0.00000     0.00000     0.00000
     0.00000     0.00000     0.00000     0.00000     0.00000     0.00000
    -0.96537     0.00000    -0.48682     0.00000
     0.00000     0.00000     0.00000     0.00000     0.00000     0.00000
     0.00000    -0.96651     0.00000    -0.49357
     0.00000     0.00000     0.00000     0.00000     0.00000     0.00000
     0.33773     0.00000     0.19931     0.00000
     0.00000     0.00000     0.00000     0.00000     0.00000     0.00000
     0.00000     0.32853     0.00000     0.19697

      The bmat + epsilon qq matrix
     0.76351     0.36974     0.00000     0.00000     0.00000     0.00000
     0.00000     0.00000     0.00000     0.00000
     0.36968     0.79441     0.00000     0.00000     0.00000     0.00000
     0.00000     0.00000     0.00000     0.00000
     0.00000     0.00000     0.08540     0.00000     0.16339     0.00000
     0.00000     0.00000     0.00000     0.00000
     0.00000     0.00000     0.00000     0.08090     0.00000     0.16168
     0.00000     0.00000     0.00000     0.00000
     0.00000     0.00000     0.16338     0.00000     0.81998     0.00000
     0.00000     0.00000     0.00000     0.00000
     0.00000     0.00000     0.00000     0.16164     0.00000     0.83406
     0.00000     0.00000     0.00000     0.00000
     0.00000     0.00000     0.00000     0.00000     0.00000     0.00000
    -1.31483     0.00000     0.18230     0.00000
     0.00000     0.00000     0.00000     0.00000     0.00000     0.00000
     0.00000    -1.29926     0.00000     0.17849
     0.00000     0.00000     0.00000     0.00000     0.00000     0.00000
     0.18231     0.00000     0.44620     0.00000
     0.00000     0.00000     0.00000     0.00000     0.00000     0.00000
     0.00000     0.17848     0.00000     0.44915

      The qq matrix
    -0.10756    -0.00851     0.00000     0.00000     0.00000     0.00000
     0.00000     0.00000     0.00000     0.00000
    -0.00851     0.06664     0.00000     0.00000     0.00000     0.00000
     0.00000     0.00000     0.00000     0.00000
     0.00000     0.00000    -0.00865     0.00000    -0.01214     0.00000
     0.00000     0.00000     0.00000     0.00000
     0.00000     0.00000     0.00000    -0.00754     0.00000    -0.01119
     0.00000     0.00000     0.00000     0.00000
     0.00000     0.00000    -0.01214     0.00000    -0.00525     0.00000
     0.00000     0.00000     0.00000     0.00000
     0.00000     0.00000     0.00000    -0.01119     0.00000    -0.00337
     0.00000     0.00000     0.00000     0.00000
     0.00000     0.00000     0.00000     0.00000     0.00000     0.00000
     0.65414     0.00000     0.29092     0.00000
     0.00000     0.00000     0.00000     0.00000     0.00000     0.00000
     0.00000     0.64797     0.00000     0.29220
     0.00000     0.00000     0.00000     0.00000     0.00000     0.00000
     0.29092     0.00000     0.10734     0.00000
     0.00000     0.00000     0.00000     0.00000     0.00000     0.00000
     0.00000     0.29220     0.00000     0.10964

     Q pseudized with Bessel functions
     Expected ecutrho=     150.2848 due to l1=  2   l2=  2

      The ddd matrix
     0.34090     0.26201     0.00000     0.00000     0.00000     0.00000
     0.00000     0.00000     0.00000     0.00000
     0.26201     0.77423     0.00000     0.00000     0.00000     0.00000
     0.00000     0.00000     0.00000     0.00000
     0.00000     0.00000     0.07606     0.00000     0.05534     0.00000
     0.00000     0.00000     0.00000     0.00000
     0.00000     0.00000     0.00000     0.07621     0.00000     0.07437
     0.00000     0.00000     0.00000     0.00000
     0.00000     0.00000     0.05534     0.00000     0.65920     0.00000
     0.00000     0.00000     0.00000     0.00000
     0.00000     0.00000     0.00000     0.07437     0.00000     0.68922
     0.00000     0.00000     0.00000     0.00000
     0.00000     0.00000     0.00000     0.00000     0.00000     0.00000
     2.44144     0.00000     1.88383     0.00000
     0.00000     0.00000     0.00000     0.00000     0.00000     0.00000
     0.00000     2.42242     0.00000     1.88690
     0.00000     0.00000     0.00000     0.00000     0.00000     0.00000
     1.88383     0.00000     1.16941     0.00000
     0.00000     0.00000     0.00000     0.00000     0.00000     0.00000
     0.00000     1.88690     0.00000     1.18481

     ------------------- End of pseudopotential generation -------------------

     --------------------------- All-electron run ----------------------------

     Cu                                                                         
     dirac relativistic calculation

     atomic number is 29.00
     dft =PBE   lsd =0 sic =0 latt =0  beta=0.20 tr2=1.0E-14
     Exchange-correlation= PBE
                           (   1   4   3   4   0   0   0)
     mesh =1199 r(mesh) = 100.25372 a.u. xmin = -7.00 dx = 0.01250
     1 Ry =  13.60569312 eV, c = 137.03599908

     n l j   nl                  e(Ry)          e(Ha)          e(eV)
     Spin orbit split results
     1 0 0.5 1S 1( 2.00)      -650.5570      -325.2785     -8851.2793
     2 0 0.5 2S 1( 2.00)       -78.2568       -39.1284     -1064.7383
     2 1 0.5 2P 1( 2.00)       -68.5737       -34.2868      -932.9926
     2 1 1.5 2P 1( 4.00)       -67.0675       -33.5337      -912.4995
     3 0 0.5 3S 1( 2.00)        -8.6081        -4.3041      -117.1192
     3 1 0.5 3P 1( 2.00)        -5.6048        -2.8024       -76.2575
     3 1 1.5 3P 1( 4.00)        -5.4142        -2.7071       -73.6640
     3 2 1.5 3D 1( 4.00)        -0.5342        -0.2671        -7.2684
     3 2 2.5 3D 1( 5.50)        -0.5135        -0.2568        -6.9868
     4 0 0.5 4S 1( 1.50)        -0.3809        -0.1905        -5.1824
     4 1 0.5 4P 1( 0.00)        -0.0697        -0.0349        -0.9489
     4 1 1.5 4P 1( 0.00)        -0.0665        -0.0332        -0.9048
     Averaged results
     1 0     1S 1( 2.00)      -650.5570      -325.2785     -8851.2793
     2 0     2S 1( 2.00)       -78.2568       -39.1284     -1064.7383
     2 1     2P 1( 6.00)       -67.5695       -33.7848      -919.3305
     3 0     3S 1( 2.00)        -8.6081        -4.3041      -117.1192
     3 1     3P 1( 6.00)        -5.4777        -2.7389       -74.5285
     3 2     3D 1( 9.50)        -0.5218        -0.2609        -7.0995
     4 0     4S 1( 1.50)        -0.3809        -0.1905        -5.1824
     4 1     4P 1( 0.00)        -0.0676        -0.0338        -0.9195

     final scf error:  5.9E-15 reached in  38 iterations
 
     Etot =   -3309.768744 Ry,   -1654.884372 Ha,  -45031.697844 eV

     Ekin =    3367.185612 Ry,    1683.592806 Ha,   45812.894124 eV
     Encl =   -7973.487506 Ry,   -3986.743753 Ha, -108484.824128 eV
     Eh   =    1431.493471 Ry,     715.746736 Ha,   19476.460878 eV
     Exc  =    -134.960321 Ry,     -67.480161 Ha,   -1836.228718 eV


     normalization and overlap integrals

     s(1S/1S) =  1.000000  <r> =   0.0521  <r2> =    0.0037  r(max) =   0.0341
     s(1S/2S) =  0.000000
     s(1S/3S) = -0.000000
     s(1S/4S) =  0.000000
     s(2S/2S) =  1.000000  <r> =   0.2350  <r2> =    0.0652  r(max) =   0.1960
     s(2S/3S) =  0.000000
     s(2S/4S) =  0.000000
     s(2P/2P) =  1.000000  <r> =   0.2041  <r2> =    0.0512  r(max) =   0.1565
     s(2P/3P) =  0.000000
     s(2P/4P) =  0.000000
     s(2P/2P) =  1.000000  <r> =   0.2075  <r2> =    0.0528  r(max) =   0.1585
     s(2P/3P) =  0.000000
     s(2P/4P) =  0.000000
     s(3S/3S) =  1.000000  <r> =   0.7106  <r2> =    0.5841  r(max) =   0.6112
     s(3S/4S) =  0.000000
     s(3P/3P) =  1.000000  <r> =   0.7400  <r2> =    0.6479  r(max) =   0.6112
     s(3P/4P) =  0.000000
     s(3P/3P) =  1.000000  <r> =   0.7507  <r2> =    0.6668  r(max) =   0.6189
     s(3P/4P) = -0.000000
     s(3D/3D) =  1.000000  <r> =   0.9934  <r2> =    1.3731  r(max) =   0.5961
     s(3D/3D) =  1.000000  <r> =   1.0036  <r2> =    1.4053  r(max) =   0.6036
     s(4S/4S) =  1.000000  <r> =   2.8310  <r2> =    9.4532  r(max) =   2.2149
     s(4P/4P) =  1.000000  <r> =   4.6821  <r2> =   27.1069  r(max) =   3.3458
     s(4P/4P) =  1.000000  <r> =   4.7675  <r2> =   28.1015  r(max) =   3.3879

     ------------------------ End of All-electron run ------------------------


     ---------------------- Testing the pseudopotential ----------------------

     Cu                                                                         
     dirac relativistic calculation

     atomic number is 29.00   valence charge is 11.00
     dft =PBE   lsd =0 sic =0 latt =0  beta=0.20 tr2=1.0E-14
     mesh =1199 r(mesh) = 100.25372 xmin = -7.00 dx = 0.01250

     n l  j  nl             e AE (Ry)       e PS (Ry)    De AE-PS (Ry) 
     1 0 0.5 4S   1( 1.50)       -0.38090       -0.38090        0.00000
     2 1 0.5 4P   1( 0.00)       -0.06975       -0.06974       -0.00000
     2 1 1.5 4P   1( 0.00)       -0.06650       -0.06650        0.00000
     3 2 1.5 3D   1( 4.00)       -0.53422       -0.53422       -0.00000
     3 2 2.5 3D   1( 5.50)       -0.51352       -0.51352        0.00000

     eps = 8.2E-15  iter =  3
 
     Etot =   -3309.768744 Ry,   -1654.884372 Ha,  -45031.697844 eV
     Etotps =  -117.118900 Ry,     -58.559450 Ha,   -1593.483812 eV

     Ekin =      16.727963 Ry,       8.363981 Ha,     227.595528 eV
     Encl =    -213.351584 Ry,    -106.675792 Ha,   -2902.796180 eV
     Ehrt =      95.957908 Ry,      47.978954 Ha,    1305.573843 eV
     Ecxc =     -40.053609 Ry,     -20.026805 Ha,    -544.957116 eV
     (Ecc =     -17.894400 Ry,      -8.947200 Ha,    -243.465709 eV)
     Epseu=      23.600423 Ry,      11.800212 Ha,     321.100113 eV

     ---------------------- End of pseudopotential test ----------------------

