[0] MPI startup(): I_MPI_SHM_LMT environment variable is not supported.
[0] MPI startup(): Similar variables:
	 I_MPI_SHM_HEAP
	 I_MPI_SHM
	 I_MPI_SHM_OPT
	 I_MPI_SHM_THP
[0] MPI startup(): To check the list of supported variables, use the impi_info utility or refer to https://software.intel.com/en-us/mpi-library/documentation/get-started.

     Program LD1 v.7.3.1 starts on 19Sep2024 at 21:48:48 

     This program is part of the open-source Quantum ESPRESSO suite
     for quantum simulation of materials; please cite
         "P. Giannozzi et al., J. Phys.:Condens. Matter 21 395502 (2009);
         "P. Giannozzi et al., J. Phys.:Condens. Matter 29 465901 (2017);
         "P. Giannozzi et al., J. Chem. Phys. 152 154105 (2020);
          URL http://www.quantum-espresso.org", 
     in publications or presentations arising from this work. More details at
     http://www.quantum-espresso.org/quote

     Parallel version (MPI), running on     1 processors

     MPI processes distributed on     1 nodes
     89495 MiB available memory on the printing compute node when the environment starts
 
     Waiting for input...
     Reading input from standard input
     --------------------------- All-electron run ----------------------------

     Fe                                                                         
     dirac relativistic calculation

     atomic number is 26.00
     dft =PBE   lsd =0 sic =0 latt =0  beta=0.20 tr2=1.0E-14
     Exchange-correlation= PBE
                           (   1   4   3   4   0   0   0)
     mesh =1191 r(mesh) = 101.18024 a.u. xmin = -7.00 dx = 0.01250
     1 Ry =  13.60569312 eV, c = 137.03599908

     n l j   nl                  e(Ry)          e(Ha)          e(eV)
     Spin orbit split results
     1 0 0.5 1S 1( 2.00)      -514.2933      -257.1467     -6997.3172
     2 0 0.5 2S 1( 2.00)       -60.2248       -30.1124      -819.4000
     2 1 0.5 2P 1( 2.00)       -51.9261       -25.9631      -706.4906
     2 1 1.5 2P 1( 4.00)       -51.0088       -25.5044      -694.0099
     3 0 0.5 3S 1( 2.00)        -6.9057        -3.4528       -93.9564
     3 1 0.5 3P 1( 2.00)        -4.4852        -2.2426       -61.0245
     3 1 1.5 3P 1( 4.00)        -4.3719        -2.1860       -59.4830
     4 0 0.5 4S 1( 2.00)        -0.3887        -0.1943        -5.2885
     3 2 1.5 3D 1( 4.00)        -0.5561        -0.2781        -7.5665
     3 2 2.5 3D 1( 2.00)        -0.5450        -0.2725        -7.4146
     4 1 0.5 4P 1( 0.00)        -0.0995        -0.0498        -1.3539
     4 1 1.5 4P 1( 0.00)        -0.0963        -0.0482        -1.3105
     Averaged results
     1 0     1S 1( 2.00)      -514.2933      -257.1467     -6997.3172
     2 0     2S 1( 2.00)       -60.2248       -30.1124      -819.4000
     2 1     2P 1( 6.00)       -51.3146       -25.6573      -698.1702
     3 0     3S 1( 2.00)        -6.9057        -3.4528       -93.9564
     3 1     3P 1( 6.00)        -4.4097        -2.2048       -59.9968
     4 0     4S 1( 2.00)        -0.3887        -0.1943        -5.2885
     3 2     3D 1( 6.00)        -0.5494        -0.2747        -7.4754
     4 1     4P 1( 0.00)        -0.0974        -0.0487        -1.3250

     final scf error:  1.5E-15 reached in  33 iterations
 
     Etot =   -2544.972026 Ry,   -1272.486013 Ha,  -34626.108394 eV

     Ekin =    2580.384480 Ry,    1290.192240 Ha,   35107.919375 eV
     Encl =   -6090.945668 Ry,   -3045.472834 Ha,  -82871.537582 eV
     Eh   =    1076.759171 Ry,     538.379585 Ha,   14650.054843 eV
     Exc  =    -111.170009 Ry,     -55.585005 Ha,   -1512.545030 eV


     normalization and overlap integrals

     s(1S/1S) =  1.000000  <r> =   0.0585  <r2> =    0.0046  r(max) =   0.0385
     s(1S/2S) =  0.000000
     s(1S/3S) = -0.000000
     s(1S/4S) =  0.000000
     s(2S/2S) =  1.000000  <r> =   0.2667  <r2> =    0.0841  r(max) =   0.2213
     s(2S/3S) =  0.000000
     s(2S/4S) =  0.000000
     s(2P/2P) =  1.000000  <r> =   0.2334  <r2> =    0.0671  r(max) =   0.1790
     s(2P/3P) =  0.000000
     s(2P/4P) =  0.000000
     s(2P/2P) =  1.000000  <r> =   0.2365  <r2> =    0.0687  r(max) =   0.1812
     s(2P/3P) =  0.000000
     s(2P/4P) = -0.000000
     s(3S/3S) =  1.000000  <r> =   0.8106  <r2> =    0.7589  r(max) =   0.6990
     s(3S/4S) =  0.000000
     s(3P/3P) =  1.000000  <r> =   0.8515  <r2> =    0.8560  r(max) =   0.7078
     s(3P/4P) =  0.000000
     s(3P/3P) =  1.000000  <r> =   0.8609  <r2> =    0.8751  r(max) =   0.7167
     s(3P/4P) = -0.000000
     s(4S/4S) =  1.000000  <r> =   2.9896  <r2> =   10.4241  r(max) =   2.4095
     s(3D/3D) =  1.000000  <r> =   1.1378  <r2> =    1.7547  r(max) =   0.7078
     s(3D/3D) =  1.000000  <r> =   1.1449  <r2> =    1.7788  r(max) =   0.7167
     s(4P/4P) =  1.000000  <r> =   4.4350  <r2> =   23.7643  r(max) =   3.2933
     s(4P/4P) =  1.000000  <r> =   4.4924  <r2> =   24.3816  r(max) =   3.3348

     ------------------------ End of All-electron run ------------------------


     --------------------- Generating US pseudopotential ---------------------


      Generating local potential from pseudized AE potential:
      Matching radius rcloc =   1.8000
      Enforcing V''(0)=0 (lloc=-2)

      Local pseudo, rcloc= 1.807 Estimated cut-off energy=     9.92 Ry

      Computing core charge for nlcc: 

       r > 0.60 : true rho core
      Core charge pseudized with two Bessel functions
      Integrated core pseudo-charge :   2.32

     Fully relativistic calculation: |psi|^2

     Wfc 3S LC norm =  0.99965140 SC norm =  0.00034858 missing  0.00000002

     Wfc 4S LC norm =  0.99996977 SC norm =  0.00002715 missing  0.00000308

     Wfc 3P LC norm =  0.99969170 SC norm =  0.00030827 missing  0.00000004

     Wfc 3P LC norm =  0.99969703 SC norm =  0.00030286 missing  0.00000011

     Wfc 4P LC norm =  0.99998641 SC norm =  0.00001287 missing  0.00000072

     Wfc 4P LC norm =  0.99998676 SC norm =  0.00000943 missing  0.00000382

     Wfc 3D LC norm =  0.99981144 SC norm =  0.00018855 missing  0.00000002

     Wfc 3D LC norm =  0.99981300 SC norm =  0.00018502 missing  0.00000198
      Wfc-us  3S rcutus= 1.306  Estimated cut-off energy=    31.53 Ry
      Wfc-us  4S rcutus= 1.408  Estimated cut-off energy=    56.75 Ry
      Wfc-us  3P rcutus= 1.306  Estimated cut-off energy=    48.85 Ry
      Wfc-us  3P rcutus= 1.306  Estimated cut-off energy=    48.76 Ry
      Wfc-us  4P rcutus= 1.595  Estimated cut-off energy=    64.02 Ry
      Wfc-us  4P rcutus= 1.595  Estimated cut-off energy=    63.87 Ry
      Wfc-us  3D rcutus= 1.998  Estimated cut-off energy=    29.49 Ry
      Wfc-us  3D rcutus= 1.998  Estimated cut-off energy=    29.47 Ry
      Wfc-us  3D rcutus= 1.998  Estimated cut-off energy=    32.04 Ry
      Wfc-us  3D rcutus= 1.998  Estimated cut-off energy=    31.74 Ry

      The bmat matrix
    -8.34474    -1.47116     0.00000     0.00000     0.00000     0.00000
     0.00000     0.00000     0.00000     0.00000
    -3.18010    -0.98718     0.00000     0.00000     0.00000     0.00000
     0.00000     0.00000     0.00000     0.00000
     0.00000     0.00000    -6.19422     0.00000    -1.91406     0.00000
     0.00000     0.00000     0.00000     0.00000
     0.00000     0.00000     0.00000    -6.13167     0.00000    -1.83992
     0.00000     0.00000     0.00000     0.00000
     0.00000     0.00000    -2.60202     0.00000    -1.19588     0.00000
     0.00000     0.00000     0.00000     0.00000
     0.00000     0.00000     0.00000    -2.47816     0.00000    -1.09916
     0.00000     0.00000     0.00000     0.00000
     0.00000     0.00000     0.00000     0.00000     0.00000     0.00000
    -0.99346     0.00000    -0.55841     0.00000
     0.00000     0.00000     0.00000     0.00000     0.00000     0.00000
     0.00000    -0.99331     0.00000    -0.55612
     0.00000     0.00000     0.00000     0.00000     0.00000     0.00000
    -0.50786     0.00000    -0.28603     0.00000
     0.00000     0.00000     0.00000     0.00000     0.00000     0.00000
     0.00000    -0.50955     0.00000    -0.28572

      The bmat + epsilon qq matrix
    -6.06404    -1.36923     0.00000     0.00000     0.00000     0.00000
     0.00000     0.00000     0.00000     0.00000
    -1.36925    -0.93267     0.00000     0.00000     0.00000     0.00000
     0.00000     0.00000     0.00000     0.00000
     0.00000     0.00000    -6.89957     0.00000    -1.89845     0.00000
     0.00000     0.00000     0.00000     0.00000
     0.00000     0.00000     0.00000    -6.76338     0.00000    -1.82555
     0.00000     0.00000     0.00000     0.00000
     0.00000     0.00000    -1.89846     0.00000    -1.18661     0.00000
     0.00000     0.00000     0.00000     0.00000
     0.00000     0.00000     0.00000    -1.82555     0.00000    -1.09088
     0.00000     0.00000     0.00000     0.00000
     0.00000     0.00000     0.00000     0.00000     0.00000     0.00000
    -1.32166     0.00000    -0.68793     0.00000
     0.00000     0.00000     0.00000     0.00000     0.00000     0.00000
     0.00000    -1.31266     0.00000    -0.68461
     0.00000     0.00000     0.00000     0.00000     0.00000     0.00000
    -0.68793     0.00000    -0.35711     0.00000
     0.00000     0.00000     0.00000     0.00000     0.00000     0.00000
     0.00000    -0.68461     0.00000    -0.35617

      The qq matrix
    -0.33026    -0.26223     0.00000     0.00000     0.00000     0.00000
     0.00000     0.00000     0.00000     0.00000
    -0.26223    -0.14023     0.00000     0.00000     0.00000     0.00000
     0.00000     0.00000     0.00000     0.00000
     0.00000     0.00000     0.15726     0.00000    -0.15686     0.00000
     0.00000     0.00000     0.00000     0.00000
     0.00000     0.00000     0.00000     0.14449     0.00000    -0.14927
     0.00000     0.00000     0.00000     0.00000
     0.00000     0.00000    -0.15686     0.00000    -0.09321     0.00000
     0.00000     0.00000     0.00000     0.00000
     0.00000     0.00000     0.00000    -0.14927     0.00000    -0.08602
     0.00000     0.00000     0.00000     0.00000
     0.00000     0.00000     0.00000     0.00000     0.00000     0.00000
     0.59015     0.00000     0.32380     0.00000
     0.00000     0.00000     0.00000     0.00000     0.00000     0.00000
     0.00000     0.58600     0.00000     0.32123
     0.00000     0.00000     0.00000     0.00000     0.00000     0.00000
     0.32380     0.00000     0.17772     0.00000
     0.00000     0.00000     0.00000     0.00000     0.00000     0.00000
     0.00000     0.32123     0.00000     0.17612

     Q pseudized with Bessel functions
     Expected ecutrho=     781.8091 due to l1=  2   l2=  2

      The ddd matrix
    -7.59233    -2.57412     0.00000     0.00000     0.00000     0.00000
     0.00000     0.00000     0.00000     0.00000
    -2.57412    -1.57972     0.00000     0.00000     0.00000     0.00000
     0.00000     0.00000     0.00000     0.00000
     0.00000     0.00000    -6.18693     0.00000    -2.58529     0.00000
     0.00000     0.00000     0.00000     0.00000
     0.00000     0.00000     0.00000    -6.10891     0.00000    -2.47913
     0.00000     0.00000     0.00000     0.00000
     0.00000     0.00000    -2.58529     0.00000    -1.60576     0.00000
     0.00000     0.00000     0.00000     0.00000
     0.00000     0.00000     0.00000    -2.47913     0.00000    -1.47745
     0.00000     0.00000     0.00000     0.00000
     0.00000     0.00000     0.00000     0.00000     0.00000     0.00000
     1.21796     0.00000     0.70814     0.00000
     0.00000     0.00000     0.00000     0.00000     0.00000     0.00000
     0.00000     1.20823     0.00000     0.69962
     0.00000     0.00000     0.00000     0.00000     0.00000     0.00000
     0.70814     0.00000     0.41052     0.00000
     0.00000     0.00000     0.00000     0.00000     0.00000     0.00000
     0.00000     0.69962     0.00000     0.40406

     ------------------- End of pseudopotential generation -------------------

     --------------------------- All-electron run ----------------------------

     Fe                                                                         
     dirac relativistic calculation

     atomic number is 26.00
     dft =PBE   lsd =0 sic =0 latt =0  beta=0.20 tr2=1.0E-14
     Exchange-correlation= PBE
                           (   1   4   3   4   0   0   0)
     mesh =1191 r(mesh) = 101.18024 a.u. xmin = -7.00 dx = 0.01250
     1 Ry =  13.60569312 eV, c = 137.03599908

     n l j   nl                  e(Ry)          e(Ha)          e(eV)
     Spin orbit split results
     1 0 0.5 1S 1( 2.00)      -514.2933      -257.1467     -6997.3172
     2 0 0.5 2S 1( 2.00)       -60.2248       -30.1124      -819.4000
     2 1 0.5 2P 1( 2.00)       -51.9261       -25.9631      -706.4906
     2 1 1.5 2P 1( 4.00)       -51.0088       -25.5044      -694.0099
     3 0 0.5 3S 1( 2.00)        -6.9057        -3.4528       -93.9564
     3 1 0.5 3P 1( 2.00)        -4.4852        -2.2426       -61.0245
     3 1 1.5 3P 1( 4.00)        -4.3719        -2.1860       -59.4830
     4 0 0.5 4S 1( 2.00)        -0.3887        -0.1943        -5.2885
     3 2 1.5 3D 1( 4.00)        -0.5561        -0.2781        -7.5665
     3 2 2.5 3D 1( 2.00)        -0.5450        -0.2725        -7.4146
     4 1 0.5 4P 1( 0.00)        -0.0995        -0.0498        -1.3539
     4 1 1.5 4P 1( 0.00)        -0.0963        -0.0482        -1.3105
     Averaged results
     1 0     1S 1( 2.00)      -514.2933      -257.1467     -6997.3172
     2 0     2S 1( 2.00)       -60.2248       -30.1124      -819.4000
     2 1     2P 1( 6.00)       -51.3146       -25.6573      -698.1702
     3 0     3S 1( 2.00)        -6.9057        -3.4528       -93.9564
     3 1     3P 1( 6.00)        -4.4097        -2.2048       -59.9968
     4 0     4S 1( 2.00)        -0.3887        -0.1943        -5.2885
     3 2     3D 1( 6.00)        -0.5494        -0.2747        -7.4754
     4 1     4P 1( 0.00)        -0.0974        -0.0487        -1.3250

     final scf error:  1.5E-15 reached in  33 iterations
 
     Etot =   -2544.972026 Ry,   -1272.486013 Ha,  -34626.108394 eV

     Ekin =    2580.384480 Ry,    1290.192240 Ha,   35107.919375 eV
     Encl =   -6090.945668 Ry,   -3045.472834 Ha,  -82871.537582 eV
     Eh   =    1076.759171 Ry,     538.379585 Ha,   14650.054843 eV
     Exc  =    -111.170009 Ry,     -55.585005 Ha,   -1512.545030 eV


     normalization and overlap integrals

     s(1S/1S) =  1.000000  <r> =   0.0585  <r2> =    0.0046  r(max) =   0.0385
     s(1S/2S) =  0.000000
     s(1S/3S) = -0.000000
     s(1S/4S) =  0.000000
     s(2S/2S) =  1.000000  <r> =   0.2667  <r2> =    0.0841  r(max) =   0.2213
     s(2S/3S) =  0.000000
     s(2S/4S) =  0.000000
     s(2P/2P) =  1.000000  <r> =   0.2334  <r2> =    0.0671  r(max) =   0.1790
     s(2P/3P) =  0.000000
     s(2P/4P) =  0.000000
     s(2P/2P) =  1.000000  <r> =   0.2365  <r2> =    0.0687  r(max) =   0.1812
     s(2P/3P) =  0.000000
     s(2P/4P) = -0.000000
     s(3S/3S) =  1.000000  <r> =   0.8106  <r2> =    0.7589  r(max) =   0.6990
     s(3S/4S) =  0.000000
     s(3P/3P) =  1.000000  <r> =   0.8515  <r2> =    0.8560  r(max) =   0.7078
     s(3P/4P) =  0.000000
     s(3P/3P) =  1.000000  <r> =   0.8609  <r2> =    0.8751  r(max) =   0.7167
     s(3P/4P) = -0.000000
     s(4S/4S) =  1.000000  <r> =   2.9896  <r2> =   10.4241  r(max) =   2.4095
     s(3D/3D) =  1.000000  <r> =   1.1378  <r2> =    1.7547  r(max) =   0.7078
     s(3D/3D) =  1.000000  <r> =   1.1449  <r2> =    1.7788  r(max) =   0.7167
     s(4P/4P) =  1.000000  <r> =   4.4350  <r2> =   23.7643  r(max) =   3.2933
     s(4P/4P) =  1.000000  <r> =   4.4924  <r2> =   24.3816  r(max) =   3.3348

     ------------------------ End of All-electron run ------------------------


     ---------------------- Testing the pseudopotential ----------------------

     Fe                                                                         
     dirac relativistic calculation

     atomic number is 26.00   valence charge is 16.00
     dft =PBE   lsd =0 sic =0 latt =0  beta=0.20 tr2=1.0E-14
     mesh =1191 r(mesh) = 101.18024 xmin = -7.00 dx = 0.01250

     n l  j  nl             e AE (Ry)       e PS (Ry)    De AE-PS (Ry) 
     1 0 0.5 3S   1( 2.00)       -6.90567       -6.90567       -0.00000
     2 0 0.5 4S   1( 2.00)       -0.38870       -0.38870        0.00000
     2 1 0.5 3P   1( 2.00)       -4.48522       -4.48522        0.00000
     2 1 1.5 3P   1( 4.00)       -4.37192       -4.37192        0.00000
     3 1 0.5 4P   1( 0.00)       -0.09951       -0.09950       -0.00000
     3 1 1.5 4P   1( 0.00)       -0.09632       -0.09632       -0.00000
     3 2 1.5 3D   1( 4.00)       -0.55612       -0.55612        0.00000
     3 2 2.5 3D   1( 2.00)       -0.54497       -0.54497        0.00000

     eps = 3.0E-15  iter =  4
 
     Etot =   -2544.972026 Ry,   -1272.486013 Ha,  -34626.108394 eV
     Etotps =  -253.715757 Ry,    -126.857878 Ha,   -3451.978726 eV

     Ekin =      59.705141 Ry,      29.852570 Ha,     812.329822 eV
     Encl =    -441.473914 Ry,    -220.736957 Ha,   -6006.558592 eV
     Ehrt =     209.995421 Ry,     104.997711 Ha,    2857.133261 eV
     Ecxc =     -34.077068 Ry,     -17.038534 Ha,    -463.642124 eV
     (Ecc =      -6.582080 Ry,      -3.291040 Ha,     -89.553763 eV)
     Epseu=     -47.865338 Ry,     -23.932669 Ha,    -651.241094 eV

     ---------------------- End of pseudopotential test ----------------------

