[0] MPI startup(): I_MPI_SHM_LMT environment variable is not supported.
[0] MPI startup(): Similar variables:
	 I_MPI_SHM_HEAP
	 I_MPI_SHM
	 I_MPI_SHM_OPT
	 I_MPI_SHM_THP
[0] MPI startup(): To check the list of supported variables, use the impi_info utility or refer to https://software.intel.com/en-us/mpi-library/documentation/get-started.

     Program LD1 v.7.3.1 starts on 19Sep2024 at 21:48:50 

     This program is part of the open-source Quantum ESPRESSO suite
     for quantum simulation of materials; please cite
         "P. Giannozzi et al., J. Phys.:Condens. Matter 21 395502 (2009);
         "P. Giannozzi et al., J. Phys.:Condens. Matter 29 465901 (2017);
         "P. Giannozzi et al., J. Chem. Phys. 152 154105 (2020);
          URL http://www.quantum-espresso.org", 
     in publications or presentations arising from this work. More details at
     http://www.quantum-espresso.org/quote

     Parallel version (MPI), running on     1 processors

     MPI processes distributed on     1 nodes
     89491 MiB available memory on the printing compute node when the environment starts
 
     Waiting for input...
     Reading input from standard input
     --------------------------- All-electron run ----------------------------

     Ga                                                                         
     dirac relativistic calculation

     atomic number is 31.00
     dft =PBE   lsd =0 sic =0 latt =0  beta=0.20 tr2=1.0E-14
     Exchange-correlation= PBE
                           (   1   4   3   4   0   0   0)
     mesh =1205 r(mesh) = 101.09016 a.u. xmin = -7.00 dx = 0.01250
     1 Ry =  13.60569312 eV, c = 137.03599908

     n l j   nl                  e(Ry)          e(Ha)          e(eV)
     Spin orbit split results
     1 0 0.5 1S 1( 2.00)      -751.6694      -375.8347    -10226.9834
     2 0 0.5 2S 1( 2.00)       -92.7381       -46.3691     -1261.7668
     2 1 0.5 2P 1( 2.00)       -82.0916       -41.0458     -1116.9128
     2 1 1.5 2P 1( 4.00)       -80.0590       -40.0295     -1089.2587
     3 0 0.5 3S 1( 2.00)       -10.8784        -5.4392      -148.0076
     3 1 0.5 3P 1( 2.00)        -7.4381        -3.7191      -101.2011
     3 1 1.5 3P 1( 4.00)        -7.1717        -3.5858       -97.5753
     3 2 1.5 3D 1( 4.00)        -1.4227        -0.7113       -19.3568
     3 2 2.5 3D 1( 6.00)        -1.3888        -0.6944       -18.8953
     4 0 0.5 4S 1( 2.00)        -0.6541        -0.3270        -8.8993
     4 1 0.5 4P 1( 1.00)        -0.1927        -0.0964        -2.6223
     4 1 1.5 4P 1( 0.00)        -0.1843        -0.0921        -2.5074
     Averaged results
     1 0     1S 1( 2.00)      -751.6694      -375.8347    -10226.9834
     2 0     2S 1( 2.00)       -92.7381       -46.3691     -1261.7668
     2 1     2P 1( 6.00)       -80.7365       -40.3683     -1098.4767
     3 0     3S 1( 2.00)       -10.8784        -5.4392      -148.0076
     3 1     3P 1( 6.00)        -7.2605        -3.6302       -98.7839
     3 2     3D 1(10.00)        -1.4023        -0.7012       -19.0799
     4 0     4S 1( 2.00)        -0.6541        -0.3270        -8.8993
     4 1     4P 1( 1.00)        -0.1871        -0.0936        -2.5457

     final scf error:  9.2E-15 reached in  28 iterations
 
     Etot =   -3888.046899 Ry,   -1944.023449 Ha,  -52899.572954 eV

     Ekin =    3965.287298 Ry,    1982.643649 Ha,   53950.482125 eV
     Encl =   -9381.563266 Ry,   -4690.781633 Ha, -127642.670814 eV
     Eh   =    1679.313648 Ry,     839.656824 Ha,   22848.226156 eV
     Exc  =    -151.084579 Ry,     -75.542290 Ha,   -2055.610421 eV


     normalization and overlap integrals

     s(1S/1S) =  1.000000  <r> =   0.0486  <r2> =    0.0032  r(max) =   0.0319
     s(1S/2S) =  0.000000
     s(1S/3S) = -0.000000
     s(1S/4S) =  0.000000
     s(2S/2S) =  1.000000  <r> =   0.2176  <r2> =    0.0559  r(max) =   0.1833
     s(2S/3S) =  0.000000
     s(2S/4S) =  0.000000
     s(2P/2P) =  1.000000  <r> =   0.1883  <r2> =    0.0436  r(max) =   0.1446
     s(2P/3P) =  0.000000
     s(2P/4P) =  0.000000
     s(2P/2P) =  1.000000  <r> =   0.1918  <r2> =    0.0451  r(max) =   0.1482
     s(2P/3P) =  0.000000
     s(2P/4P) =  0.000000
     s(3S/3S) =  1.000000  <r> =   0.6517  <r2> =    0.4906  r(max) =   0.5647
     s(3S/4S) =  0.000000
     s(3P/3P) =  1.000000  <r> =   0.6719  <r2> =    0.5327  r(max) =   0.5647
     s(3P/4P) =  0.000000
     s(3P/3P) =  1.000000  <r> =   0.6826  <r2> =    0.5499  r(max) =   0.5718
     s(3P/4P) = -0.000000
     s(3D/3D) =  1.000000  <r> =   0.8069  <r2> =    0.8547  r(max) =   0.5305
     s(3D/3D) =  1.000000  <r> =   0.8133  <r2> =    0.8693  r(max) =   0.5371
     s(4S/4S) =  1.000000  <r> =   2.3446  <r2> =    6.4035  r(max) =   1.8984
     s(4P/4P) =  1.000000  <r> =   3.3885  <r2> =   13.9297  r(max) =   2.4993
     s(4P/4P) =  1.000000  <r> =   3.4586  <r2> =   14.5156  r(max) =   2.5626

     ------------------------ End of All-electron run ------------------------


     --------------------- Generating PAW atomic setup --------------------


      Generating local potential from pseudized AE potential:
      Matching radius rcloc =   2.0000

      Local pseudo, rcloc= 1.996 Estimated cut-off energy=     6.10 Ry

      Computing core charge for nlcc: 

       r > 1.00 : true rho core
      Core charge pseudized with two Bessel functions
      Integrated core pseudo-charge :   8.95

     Fully relativistic calculation: |psi|^2

     Wfc 4S LC norm =  0.99994939 SC norm =  0.00004876 missing  0.00000185
     Speed at rcutus      0.629 a.u.,  v/c =  0.004589,  (v/c)^2 =  0.00002106

     Wfc 4P LC norm =  0.99997571 SC norm =  0.00002418 missing  0.00000011
     Speed at rcutus      0.474 a.u.,  v/c =  0.003459,  (v/c)^2 =  0.00001196

     Wfc 4P LC norm =  0.99997667 SC norm =  0.00001962 missing  0.00000371
     Speed at rcutus      0.471 a.u.,  v/c =  0.003441,  (v/c)^2 =  0.00001184

     Wfc 3D LC norm =  0.99965345 SC norm =  0.00034655 missing  0.00000001
     Speed at rcutus      0.112 a.u.,  v/c =  0.000817,  (v/c)^2 =  0.00000067

     Wfc 3D LC norm =  0.99965723 SC norm =  0.00034268 missing  0.00000009
     Speed at rcutus      0.124 a.u.,  v/c =  0.000907,  (v/c)^2 =  0.00000082
      Wfc-us  4S rcutus= 1.996  Estimated cut-off energy=    11.32 Ry
      Wfc-us  4S rcutus= 1.996  Estimated cut-off energy=    20.94 Ry
      Wfc-us  4P rcutus= 2.499  Estimated cut-off energy=    11.97 Ry
      Wfc-us  4P rcutus= 2.499  Estimated cut-off energy=    11.94 Ry
      Wfc-us  4P rcutus= 2.499  Estimated cut-off energy=    13.53 Ry
      Wfc-us  4P rcutus= 2.499  Estimated cut-off energy=    13.38 Ry
      Wfc-us  3D rcutus= 1.898  Estimated cut-off energy=    33.46 Ry
      Wfc-us  3D rcutus= 1.898  Estimated cut-off energy=    33.43 Ry
      Wfc-us  3D rcutus= 1.898  Estimated cut-off energy=    28.77 Ry
      Wfc-us  3D rcutus= 1.898  Estimated cut-off energy=    28.74 Ry

      The bmat matrix
     0.86536     1.48388     0.00000     0.00000     0.00000     0.00000
     0.00000     0.00000     0.00000     0.00000
     0.95912     1.78162     0.00000     0.00000     0.00000     0.00000
     0.00000     0.00000     0.00000     0.00000
     0.00000     0.00000     0.18310     0.00000     0.57554     0.00000
     0.00000     0.00000     0.00000     0.00000
     0.00000     0.00000     0.00000     0.17970     0.00000     0.60009
     0.00000     0.00000     0.00000     0.00000
     0.00000     0.00000     0.21200     0.00000     1.07704     0.00000
     0.00000     0.00000     0.00000     0.00000
     0.00000     0.00000     0.00000     0.21851     0.00000     1.15803
     0.00000     0.00000     0.00000     0.00000
     0.00000     0.00000     0.00000     0.00000     0.00000     0.00000
    -0.89704     0.00000    -0.30948     0.00000
     0.00000     0.00000     0.00000     0.00000     0.00000     0.00000
     0.00000    -0.90482     0.00000    -0.31808
     0.00000     0.00000     0.00000     0.00000     0.00000     0.00000
     0.44706     0.00000     0.18553     0.00000
     0.00000     0.00000     0.00000     0.00000     0.00000     0.00000
     0.00000     0.43767     0.00000     0.18535

      The bmat + epsilon qq matrix
     0.94477     1.05034     0.00000     0.00000     0.00000     0.00000
     0.00000     0.00000     0.00000     0.00000
     1.05059     1.27705     0.00000     0.00000     0.00000     0.00000
     0.00000     0.00000     0.00000     0.00000
     0.00000     0.00000     0.19052     0.00000     0.22269     0.00000
     0.00000     0.00000     0.00000     0.00000
     0.00000     0.00000     0.00000     0.18651     0.00000     0.22925
     0.00000     0.00000     0.00000     0.00000
     0.00000     0.00000     0.22280     0.00000     0.29481     0.00000
     0.00000     0.00000     0.00000     0.00000
     0.00000     0.00000     0.00000     0.22936     0.00000     0.29542
     0.00000     0.00000     0.00000     0.00000
     0.00000     0.00000     0.00000     0.00000     0.00000     0.00000
    -2.01571     0.00000     0.05157     0.00000
     0.00000     0.00000     0.00000     0.00000     0.00000     0.00000
     0.00000    -1.99015     0.00000     0.04714
     0.00000     0.00000     0.00000     0.00000     0.00000     0.00000
     0.05194     0.00000     0.28838     0.00000
     0.00000     0.00000     0.00000     0.00000     0.00000     0.00000
     0.00000     0.04751     0.00000     0.29188

      The qq matrix
    -0.12142    -0.13985     0.00000     0.00000     0.00000     0.00000
     0.00000     0.00000     0.00000     0.00000
    -0.13985    -0.16276     0.00000     0.00000     0.00000     0.00000
     0.00000     0.00000     0.00000     0.00000
     0.00000     0.00000    -0.03853     0.00000    -0.05601     0.00000
     0.00000     0.00000     0.00000     0.00000
     0.00000     0.00000     0.00000    -0.03697     0.00000    -0.05886
     0.00000     0.00000     0.00000     0.00000
     0.00000     0.00000    -0.05601     0.00000    -0.12416     0.00000
     0.00000     0.00000     0.00000     0.00000
     0.00000     0.00000     0.00000    -0.05886     0.00000    -0.13692
     0.00000     0.00000     0.00000     0.00000
     0.00000     0.00000     0.00000     0.00000     0.00000     0.00000
     0.78631     0.00000     0.27772     0.00000
     0.00000     0.00000     0.00000     0.00000     0.00000     0.00000
     0.00000     0.78150     0.00000     0.28094
     0.00000     0.00000     0.00000     0.00000     0.00000     0.00000
     0.27772     0.00000     0.07911     0.00000
     0.00000     0.00000     0.00000     0.00000     0.00000     0.00000
     0.00000     0.28094     0.00000     0.08195


    multipoles (all-electron charge) - (pseudo charge)
        ns l1:ns1 l2    l=0     l=1     l=2     l=3     l=4     l=5  
         1  0:  1  0 -0.1214
         2  0:  1  0 -0.1398
         2  0:  2  0 -0.1627
         3  1:  1  0  0.0000  0.0833
         3  1:  2  0  0.0000  0.0799
         3  1:  3  1 -0.0385  0.0000 -0.0812
         4  1:  1  0  0.0000  0.0825
         4  1:  2  0  0.0000  0.0793
         4  1:  3  1 -0.0378  0.0000 -0.0804
         4  1:  4  1 -0.0370  0.0000 -0.0795
         5  1:  1  0  0.0000  0.1196
         5  1:  2  0  0.0000  0.1381
         5  1:  3  1 -0.0560  0.0000 -0.0700
         5  1:  4  1 -0.0551  0.0000 -0.0695
         5  1:  5  1 -0.1241  0.0000 -0.1291
         6  1:  1  0  0.0000  0.1285
         6  1:  2  0  0.0000  0.1470
         6  1:  3  1 -0.0600  0.0000 -0.0775
         6  1:  4  1 -0.0588  0.0000 -0.0767
         6  1:  5  1 -0.1304  0.0000 -0.1370
         6  1:  6  1 -0.1368  0.0000 -0.1453
         7  2:  1  0  0.0000  0.0000  0.0460
         7  2:  2  0  0.0000  0.0000  0.0189
         7  2:  3  1  0.0000 -0.0714  0.0000 -0.0522
         7  2:  4  1  0.0000 -0.0747  0.0000 -0.0568
         7  2:  5  1  0.0000 -0.0567  0.0000 -0.0024
         7  2:  6  1  0.0000 -0.0673  0.0000 -0.0151
         7  2:  7  2  0.7867  0.0000  0.3790  0.0000  0.2987
         8  2:  1  0  0.0000  0.0000  0.0465
         8  2:  2  0  0.0000  0.0000  0.0194
         8  2:  3  1  0.0000 -0.0717  0.0000 -0.0529
         8  2:  4  1  0.0000 -0.0750  0.0000 -0.0575
         8  2:  5  1  0.0000 -0.0570  0.0000 -0.0028
         8  2:  6  1  0.0000 -0.0676  0.0000 -0.0156
         8  2:  7  2  0.7836  0.0000  0.3788  0.0000  0.2991
         8  2:  8  2  0.7818  0.0000  0.3789  0.0000  0.2997
         9  2:  1  0  0.0000  0.0000 -0.0494
         9  2:  2  0  0.0000  0.0000 -0.0517
         9  2:  3  1  0.0000  0.0252  0.0000  0.0752
         9  2:  4  1  0.0000  0.0246  0.0000  0.0752
         9  2:  5  1  0.0000  0.0273  0.0000  0.0435
         9  2:  6  1  0.0000  0.0302  0.0000  0.0516
         9  2:  7  2  0.2779  0.0000  0.1076  0.0000  0.0655
         9  2:  8  2  0.2768  0.0000  0.1077  0.0000  0.0661
         9  2:  9  2  0.0792  0.0000  0.0031  0.0000 -0.0304
        10  2:  1  0  0.0000  0.0000 -0.0488
        10  2:  2  0  0.0000  0.0000 -0.0514
        10  2:  3  1  0.0000  0.0247  0.0000  0.0748
        10  2:  4  1  0.0000  0.0240  0.0000  0.0745
        10  2:  5  1  0.0000  0.0268  0.0000  0.0434
        10  2:  6  1  0.0000  0.0296  0.0000  0.0515
        10  2:  7  2  0.2817  0.0000  0.1101  0.0000  0.0677
        10  2:  8  2  0.2811  0.0000  0.1102  0.0000  0.0680
        10  2:  9  2  0.0805  0.0000  0.0037  0.0000 -0.0305
        10  2: 10  2  0.0820  0.0000  0.0047  0.0000 -0.0287
     Required augmentation: BESSEL   radius:    1.900000
     Suggested rho cutoff for augmentation:  26.87 Ry

     Estimated PAW energy = -277.849014 Ryd

     The PAW screened D coefficients
     0.94474     1.05055     0.00000     0.00000     0.00000     0.00000
     0.00000     0.00000     0.00000     0.00000
     1.05055     1.27733     0.00000     0.00000     0.00000     0.00000
     0.00000     0.00000     0.00000     0.00000
     0.00000     0.00000     0.19052     0.00000     0.22279     0.00000
     0.00000     0.00000     0.00000     0.00000
     0.00000     0.00000     0.00000     0.18651     0.00000     0.22936
     0.00000     0.00000     0.00000     0.00000
     0.00000     0.00000     0.22279     0.00000     0.29530     0.00000
     0.00000     0.00000     0.00000     0.00000
     0.00000     0.00000     0.00000     0.22936     0.00000     0.29591
     0.00000     0.00000     0.00000     0.00000
     0.00000     0.00000     0.00000     0.00000     0.00000     0.00000
    -2.01621     0.00000     0.05175     0.00000
     0.00000     0.00000     0.00000     0.00000     0.00000     0.00000
     0.00000    -1.99062     0.00000     0.04732
     0.00000     0.00000     0.00000     0.00000     0.00000     0.00000
     0.05175     0.00000     0.28850     0.00000
     0.00000     0.00000     0.00000     0.00000     0.00000     0.00000
     0.00000     0.04732     0.00000     0.29199

     The PAW descreened D coefficients (US)
     0.09699     0.12616     0.00000     0.00000     0.00000     0.00000
     0.00000     0.00000     0.00000     0.00000
     0.12616     0.24286     0.00000     0.00000     0.00000     0.00000
     0.00000     0.00000     0.00000     0.00000
     0.00000     0.00000    -0.20808     0.00000    -0.23913     0.00000
     0.00000     0.00000     0.00000     0.00000
     0.00000     0.00000     0.00000    -0.19953     0.00000    -0.25152
     0.00000     0.00000     0.00000     0.00000
     0.00000     0.00000    -0.23913     0.00000    -0.52992     0.00000
     0.00000     0.00000     0.00000     0.00000
     0.00000     0.00000     0.00000    -0.25152     0.00000    -0.59567
     0.00000     0.00000     0.00000     0.00000
     0.00000     0.00000     0.00000     0.00000     0.00000     0.00000
    -4.10568     0.00000    -0.77479     0.00000
     0.00000     0.00000     0.00000     0.00000     0.00000     0.00000
     0.00000    -4.05131     0.00000    -0.77785
     0.00000     0.00000     0.00000     0.00000     0.00000     0.00000
    -0.77479     0.00000    -0.22109     0.00000
     0.00000     0.00000     0.00000     0.00000     0.00000     0.00000
     0.00000    -0.77785     0.00000    -0.22094

     ------------------- End of pseudopotential generation -------------------

     --------------------------- All-electron run ----------------------------

     Ga                                                                         
     dirac relativistic calculation

     atomic number is 31.00
     dft = SLA  PW   PBX  PBC   lsd =0 sic =0 latt =0  beta=0.20 tr2=1.0E-14
     Exchange-correlation=  SLA  PW   PBX  PBC
                           (   1   4   3   4   0   0   0)
     mesh =1205 r(mesh) = 101.09016 a.u. xmin = -7.00 dx = 0.01250
     1 Ry =  13.60569312 eV, c = 137.03599908

     n l j   nl                  e(Ry)          e(Ha)          e(eV)
     Spin orbit split results
     1 0 0.5 1S 1( 2.00)      -751.6694      -375.8347    -10226.9834
     2 0 0.5 2S 1( 2.00)       -92.7381       -46.3691     -1261.7668
     2 1 0.5 2P 1( 2.00)       -82.0916       -41.0458     -1116.9128
     2 1 1.5 2P 1( 4.00)       -80.0590       -40.0295     -1089.2587
     3 0 0.5 3S 1( 2.00)       -10.8784        -5.4392      -148.0076
     3 1 0.5 3P 1( 2.00)        -7.4381        -3.7191      -101.2011
     3 1 1.5 3P 1( 4.00)        -7.1717        -3.5858       -97.5753
     3 2 1.5 3D 1( 4.00)        -1.4227        -0.7113       -19.3568
     3 2 2.5 3D 1( 6.00)        -1.3888        -0.6944       -18.8953
     4 0 0.5 4S 1( 2.00)        -0.6541        -0.3270        -8.8993
     4 1 0.5 4P 1( 1.00)        -0.1927        -0.0964        -2.6223
     4 1 1.5 4P 1( 0.00)        -0.1843        -0.0921        -2.5074
     Averaged results
     1 0     1S 1( 2.00)      -751.6694      -375.8347    -10226.9834
     2 0     2S 1( 2.00)       -92.7381       -46.3691     -1261.7668
     2 1     2P 1( 6.00)       -80.7365       -40.3683     -1098.4767
     3 0     3S 1( 2.00)       -10.8784        -5.4392      -148.0076
     3 1     3P 1( 6.00)        -7.2605        -3.6302       -98.7839
     3 2     3D 1(10.00)        -1.4023        -0.7012       -19.0799
     4 0     4S 1( 2.00)        -0.6541        -0.3270        -8.8993
     4 1     4P 1( 1.00)        -0.1871        -0.0936        -2.5457

     final scf error:  9.2E-15 reached in  28 iterations
 
     Etot =   -3888.046899 Ry,   -1944.023449 Ha,  -52899.572954 eV

     Ekin =    3965.287298 Ry,    1982.643649 Ha,   53950.482125 eV
     Encl =   -9381.563266 Ry,   -4690.781633 Ha, -127642.670814 eV
     Eh   =    1679.313648 Ry,     839.656824 Ha,   22848.226156 eV
     Exc  =    -151.084579 Ry,     -75.542290 Ha,   -2055.610421 eV


     normalization and overlap integrals

     s(1S/1S) =  1.000000  <r> =   0.0486  <r2> =    0.0032  r(max) =   0.0319
     s(1S/2S) =  0.000000
     s(1S/3S) = -0.000000
     s(1S/4S) =  0.000000
     s(2S/2S) =  1.000000  <r> =   0.2176  <r2> =    0.0559  r(max) =   0.1833
     s(2S/3S) =  0.000000
     s(2S/4S) =  0.000000
     s(2P/2P) =  1.000000  <r> =   0.1883  <r2> =    0.0436  r(max) =   0.1446
     s(2P/3P) =  0.000000
     s(2P/4P) =  0.000000
     s(2P/2P) =  1.000000  <r> =   0.1918  <r2> =    0.0451  r(max) =   0.1482
     s(2P/3P) =  0.000000
     s(2P/4P) =  0.000000
     s(3S/3S) =  1.000000  <r> =   0.6517  <r2> =    0.4906  r(max) =   0.5647
     s(3S/4S) =  0.000000
     s(3P/3P) =  1.000000  <r> =   0.6719  <r2> =    0.5327  r(max) =   0.5647
     s(3P/4P) =  0.000000
     s(3P/3P) =  1.000000  <r> =   0.6826  <r2> =    0.5499  r(max) =   0.5718
     s(3P/4P) = -0.000000
     s(3D/3D) =  1.000000  <r> =   0.8069  <r2> =    0.8547  r(max) =   0.5305
     s(3D/3D) =  1.000000  <r> =   0.8133  <r2> =    0.8693  r(max) =   0.5371
     s(4S/4S) =  1.000000  <r> =   2.3446  <r2> =    6.4035  r(max) =   1.8984
     s(4P/4P) =  1.000000  <r> =   3.3885  <r2> =   13.9297  r(max) =   2.4993
     s(4P/4P) =  1.000000  <r> =   3.4586  <r2> =   14.5156  r(max) =   2.5626

     ------------------------ End of All-electron run ------------------------


     ---------------------- Testing the pseudopotential ----------------------

     Ga                                                                         
     dirac relativistic calculation

     atomic number is 31.00   valence charge is 13.00
     dft = SLA  PW   PBX  PBC   lsd =0 sic =0 latt =0  beta=0.20 tr2=1.0E-14
     mesh =1205 r(mesh) = 101.09016 xmin = -7.00 dx = 0.01250

     n l  j  nl             e AE (Ry)       e PS (Ry)    De AE-PS (Ry) 
     1 0 0.5 4S   1( 2.00)       -0.65409       -0.65409        0.00000
     2 1 0.5 4P   1( 1.00)       -0.19273       -0.19273       -0.00000
     2 1 1.5 4P   1( 0.00)       -0.18429       -0.18429        0.00000
     3 2 1.5 3D   1( 4.00)       -1.42270       -1.42270        0.00000
     3 2 2.5 3D   1( 6.00)       -1.38878       -1.38878        0.00000

     eps = 7.6E-16  iter =  4
 
     Etot =   -3888.046899 Ry,   -1944.023449 Ha,  -52899.572954 eV
     Etotps =  -277.849018 Ry,    -138.924509 Ha,   -3780.328468 eV

     Ekin =     268.751152 Ry,     134.375576 Ha,    3656.545697 eV
     Encl =    -541.080965 Ry,    -270.540483 Ha,   -7361.781566 eV
     Ehrt =     145.565376 Ry,      72.782688 Ha,    1980.517838 eV
     Ecxc =    -151.084580 Ry,     -75.542290 Ha,   -2055.610437 eV
     (Ecc =     -19.966889 Ry,      -9.983445 Ha,    -271.663367 eV)

     ---------------------- End of pseudopotential test ----------------------

