[0] MPI startup(): I_MPI_SHM_LMT environment variable is not supported.
[0] MPI startup(): Similar variables:
	 I_MPI_SHM_HEAP
	 I_MPI_SHM
	 I_MPI_SHM_OPT
	 I_MPI_SHM_THP
[0] MPI startup(): To check the list of supported variables, use the impi_info utility or refer to https://software.intel.com/en-us/mpi-library/documentation/get-started.

     Program LD1 v.7.3.1 starts on 19Sep2024 at 21:48:51 

     This program is part of the open-source Quantum ESPRESSO suite
     for quantum simulation of materials; please cite
         "P. Giannozzi et al., J. Phys.:Condens. Matter 21 395502 (2009);
         "P. Giannozzi et al., J. Phys.:Condens. Matter 29 465901 (2017);
         "P. Giannozzi et al., J. Chem. Phys. 152 154105 (2020);
          URL http://www.quantum-espresso.org", 
     in publications or presentations arising from this work. More details at
     http://www.quantum-espresso.org/quote

     Parallel version (MPI), running on     1 processors

     MPI processes distributed on     1 nodes
     89490 MiB available memory on the printing compute node when the environment starts
 
     Waiting for input...
     Reading input from standard input
     --------------------------- All-electron run ----------------------------

     Ga                                                                         
     dirac relativistic calculation

     atomic number is 31.00
     dft =PBE   lsd =0 sic =0 latt =0  beta=0.20 tr2=1.0E-14
     Exchange-correlation= PBE
                           (   1   4   3   4   0   0   0)
     mesh =1205 r(mesh) = 101.09016 a.u. xmin = -7.00 dx = 0.01250
     1 Ry =  13.60569312 eV, c = 137.03599908

     n l j   nl                  e(Ry)          e(Ha)          e(eV)
     Spin orbit split results
     1 0 0.5 1S 1( 2.00)      -751.6694      -375.8347    -10226.9834
     2 0 0.5 2S 1( 2.00)       -92.7381       -46.3691     -1261.7668
     2 1 0.5 2P 1( 2.00)       -82.0916       -41.0458     -1116.9128
     2 1 1.5 2P 1( 4.00)       -80.0590       -40.0295     -1089.2587
     3 0 0.5 3S 1( 2.00)       -10.8784        -5.4392      -148.0076
     3 1 0.5 3P 1( 2.00)        -7.4381        -3.7191      -101.2011
     3 1 1.5 3P 1( 4.00)        -7.1717        -3.5858       -97.5753
     3 2 1.5 3D 1( 4.00)        -1.4227        -0.7113       -19.3568
     3 2 2.5 3D 1( 6.00)        -1.3888        -0.6944       -18.8953
     4 0 0.5 4S 1( 2.00)        -0.6541        -0.3270        -8.8993
     4 1 0.5 4P 1( 1.00)        -0.1927        -0.0964        -2.6223
     4 1 1.5 4P 1( 0.00)        -0.1843        -0.0921        -2.5074
     Averaged results
     1 0     1S 1( 2.00)      -751.6694      -375.8347    -10226.9834
     2 0     2S 1( 2.00)       -92.7381       -46.3691     -1261.7668
     2 1     2P 1( 6.00)       -80.7365       -40.3683     -1098.4767
     3 0     3S 1( 2.00)       -10.8784        -5.4392      -148.0076
     3 1     3P 1( 6.00)        -7.2605        -3.6302       -98.7839
     3 2     3D 1(10.00)        -1.4023        -0.7012       -19.0799
     4 0     4S 1( 2.00)        -0.6541        -0.3270        -8.8993
     4 1     4P 1( 1.00)        -0.1871        -0.0936        -2.5457

     final scf error:  9.2E-15 reached in  28 iterations
 
     Etot =   -3888.046899 Ry,   -1944.023449 Ha,  -52899.572954 eV

     Ekin =    3965.287298 Ry,    1982.643649 Ha,   53950.482125 eV
     Encl =   -9381.563266 Ry,   -4690.781633 Ha, -127642.670814 eV
     Eh   =    1679.313648 Ry,     839.656824 Ha,   22848.226156 eV
     Exc  =    -151.084579 Ry,     -75.542290 Ha,   -2055.610421 eV


     normalization and overlap integrals

     s(1S/1S) =  1.000000  <r> =   0.0486  <r2> =    0.0032  r(max) =   0.0319
     s(1S/2S) =  0.000000
     s(1S/3S) = -0.000000
     s(1S/4S) =  0.000000
     s(2S/2S) =  1.000000  <r> =   0.2176  <r2> =    0.0559  r(max) =   0.1833
     s(2S/3S) =  0.000000
     s(2S/4S) =  0.000000
     s(2P/2P) =  1.000000  <r> =   0.1883  <r2> =    0.0436  r(max) =   0.1446
     s(2P/3P) =  0.000000
     s(2P/4P) =  0.000000
     s(2P/2P) =  1.000000  <r> =   0.1918  <r2> =    0.0451  r(max) =   0.1482
     s(2P/3P) =  0.000000
     s(2P/4P) =  0.000000
     s(3S/3S) =  1.000000  <r> =   0.6517  <r2> =    0.4906  r(max) =   0.5647
     s(3S/4S) =  0.000000
     s(3P/3P) =  1.000000  <r> =   0.6719  <r2> =    0.5327  r(max) =   0.5647
     s(3P/4P) =  0.000000
     s(3P/3P) =  1.000000  <r> =   0.6826  <r2> =    0.5499  r(max) =   0.5718
     s(3P/4P) = -0.000000
     s(3D/3D) =  1.000000  <r> =   0.8069  <r2> =    0.8547  r(max) =   0.5305
     s(3D/3D) =  1.000000  <r> =   0.8133  <r2> =    0.8693  r(max) =   0.5371
     s(4S/4S) =  1.000000  <r> =   2.3446  <r2> =    6.4035  r(max) =   1.8984
     s(4P/4P) =  1.000000  <r> =   3.3885  <r2> =   13.9297  r(max) =   2.4993
     s(4P/4P) =  1.000000  <r> =   3.4586  <r2> =   14.5156  r(max) =   2.5626

     ------------------------ End of All-electron run ------------------------


     --------------------- Generating US pseudopotential ---------------------


      Generating local potential from pseudized AE potential:
      Matching radius rcloc =   2.0000

      Local pseudo, rcloc= 1.996 Estimated cut-off energy=     6.10 Ry

      Computing core charge for nlcc: 

       r > 1.00 : true rho core
      Core charge pseudized with two Bessel functions
      Integrated core pseudo-charge :   8.95

     Fully relativistic calculation: |psi|^2

     Wfc 4S LC norm =  0.99994939 SC norm =  0.00004876 missing  0.00000185

     Wfc 4P LC norm =  0.99997571 SC norm =  0.00002418 missing  0.00000011

     Wfc 4P LC norm =  0.99997667 SC norm =  0.00001962 missing  0.00000371

     Wfc 3D LC norm =  0.99965345 SC norm =  0.00034655 missing  0.00000001

     Wfc 3D LC norm =  0.99965723 SC norm =  0.00034268 missing  0.00000009
      Wfc-us  4S rcutus= 1.996  Estimated cut-off energy=    11.32 Ry
      Wfc-us  4S rcutus= 1.996  Estimated cut-off energy=    20.94 Ry
      Wfc-us  4P rcutus= 2.499  Estimated cut-off energy=    11.97 Ry
      Wfc-us  4P rcutus= 2.499  Estimated cut-off energy=    11.94 Ry
      Wfc-us  4P rcutus= 2.499  Estimated cut-off energy=    13.53 Ry
      Wfc-us  4P rcutus= 2.499  Estimated cut-off energy=    13.38 Ry
      Wfc-us  3D rcutus= 1.898  Estimated cut-off energy=    33.46 Ry
      Wfc-us  3D rcutus= 1.898  Estimated cut-off energy=    33.43 Ry
      Wfc-us  3D rcutus= 1.898  Estimated cut-off energy=    28.77 Ry
      Wfc-us  3D rcutus= 1.898  Estimated cut-off energy=    28.74 Ry

      The bmat matrix
     0.86536     1.48388     0.00000     0.00000     0.00000     0.00000
     0.00000     0.00000     0.00000     0.00000
     0.95912     1.78162     0.00000     0.00000     0.00000     0.00000
     0.00000     0.00000     0.00000     0.00000
     0.00000     0.00000     0.18310     0.00000     0.57554     0.00000
     0.00000     0.00000     0.00000     0.00000
     0.00000     0.00000     0.00000     0.17970     0.00000     0.60009
     0.00000     0.00000     0.00000     0.00000
     0.00000     0.00000     0.21200     0.00000     1.07704     0.00000
     0.00000     0.00000     0.00000     0.00000
     0.00000     0.00000     0.00000     0.21851     0.00000     1.15803
     0.00000     0.00000     0.00000     0.00000
     0.00000     0.00000     0.00000     0.00000     0.00000     0.00000
    -0.89704     0.00000    -0.30948     0.00000
     0.00000     0.00000     0.00000     0.00000     0.00000     0.00000
     0.00000    -0.90482     0.00000    -0.31808
     0.00000     0.00000     0.00000     0.00000     0.00000     0.00000
     0.44706     0.00000     0.18553     0.00000
     0.00000     0.00000     0.00000     0.00000     0.00000     0.00000
     0.00000     0.43767     0.00000     0.18535

      The bmat + epsilon qq matrix
     0.94474     1.05052     0.00000     0.00000     0.00000     0.00000
     0.00000     0.00000     0.00000     0.00000
     1.05055     1.27731     0.00000     0.00000     0.00000     0.00000
     0.00000     0.00000     0.00000     0.00000
     0.00000     0.00000     0.19052     0.00000     0.22285     0.00000
     0.00000     0.00000     0.00000     0.00000
     0.00000     0.00000     0.00000     0.18651     0.00000     0.22942
     0.00000     0.00000     0.00000     0.00000
     0.00000     0.00000     0.22279     0.00000     0.29526     0.00000
     0.00000     0.00000     0.00000     0.00000
     0.00000     0.00000     0.00000     0.22936     0.00000     0.29587
     0.00000     0.00000     0.00000     0.00000
     0.00000     0.00000     0.00000     0.00000     0.00000     0.00000
    -2.01621     0.00000     0.05174     0.00000
     0.00000     0.00000     0.00000     0.00000     0.00000     0.00000
     0.00000    -1.99062     0.00000     0.04732
     0.00000     0.00000     0.00000     0.00000     0.00000     0.00000
     0.05175     0.00000     0.28849     0.00000
     0.00000     0.00000     0.00000     0.00000     0.00000     0.00000
     0.00000     0.04731     0.00000     0.29197

      The qq matrix
    -0.12137    -0.13979     0.00000     0.00000     0.00000     0.00000
     0.00000     0.00000     0.00000     0.00000
    -0.13979    -0.16268     0.00000     0.00000     0.00000     0.00000
     0.00000     0.00000     0.00000     0.00000
     0.00000     0.00000    -0.03851     0.00000    -0.05598     0.00000
     0.00000     0.00000     0.00000     0.00000
     0.00000     0.00000     0.00000    -0.03695     0.00000    -0.05884
     0.00000     0.00000     0.00000     0.00000
     0.00000     0.00000    -0.05598     0.00000    -0.12409     0.00000
     0.00000     0.00000     0.00000     0.00000
     0.00000     0.00000     0.00000    -0.05884     0.00000    -0.13685
     0.00000     0.00000     0.00000     0.00000
     0.00000     0.00000     0.00000     0.00000     0.00000     0.00000
     0.78665     0.00000     0.27786     0.00000
     0.00000     0.00000     0.00000     0.00000     0.00000     0.00000
     0.00000     0.78184     0.00000     0.28108
     0.00000     0.00000     0.00000     0.00000     0.00000     0.00000
     0.27786     0.00000     0.07920     0.00000
     0.00000     0.00000     0.00000     0.00000     0.00000     0.00000
     0.00000     0.28108     0.00000     0.08202

     Q pseudized with Bessel functions
     Expected ecutrho=     180.0187 due to l1=  2   l2=  2

      The ddd matrix
     0.42617     0.41460     0.00000     0.00000     0.00000     0.00000
     0.00000     0.00000     0.00000     0.00000
     0.41460     0.48969     0.00000     0.00000     0.00000     0.00000
     0.00000     0.00000     0.00000     0.00000
     0.00000     0.00000     0.08144     0.00000     0.00917     0.00000
     0.00000     0.00000     0.00000     0.00000
     0.00000     0.00000     0.00000     0.08526     0.00000     0.00785
     0.00000     0.00000     0.00000     0.00000
     0.00000     0.00000     0.00917     0.00000    -0.22232     0.00000
     0.00000     0.00000     0.00000     0.00000
     0.00000     0.00000     0.00000     0.00785     0.00000    -0.29065
     0.00000     0.00000     0.00000     0.00000
     0.00000     0.00000     0.00000     0.00000     0.00000     0.00000
     2.28948     0.00000     1.62651     0.00000
     0.00000     0.00000     0.00000     0.00000     0.00000     0.00000
     0.00000     2.28582     0.00000     1.62628
     0.00000     0.00000     0.00000     0.00000     0.00000     0.00000
     1.62651     0.00000     0.79652     0.00000
     0.00000     0.00000     0.00000     0.00000     0.00000     0.00000
     0.00000     1.62628     0.00000     0.81566

     ------------------- End of pseudopotential generation -------------------

     --------------------------- All-electron run ----------------------------

     Ga                                                                         
     dirac relativistic calculation

     atomic number is 31.00
     dft =PBE   lsd =0 sic =0 latt =0  beta=0.20 tr2=1.0E-14
     Exchange-correlation= PBE
                           (   1   4   3   4   0   0   0)
     mesh =1205 r(mesh) = 101.09016 a.u. xmin = -7.00 dx = 0.01250
     1 Ry =  13.60569312 eV, c = 137.03599908

     n l j   nl                  e(Ry)          e(Ha)          e(eV)
     Spin orbit split results
     1 0 0.5 1S 1( 2.00)      -751.6694      -375.8347    -10226.9834
     2 0 0.5 2S 1( 2.00)       -92.7381       -46.3691     -1261.7668
     2 1 0.5 2P 1( 2.00)       -82.0916       -41.0458     -1116.9128
     2 1 1.5 2P 1( 4.00)       -80.0590       -40.0295     -1089.2587
     3 0 0.5 3S 1( 2.00)       -10.8784        -5.4392      -148.0076
     3 1 0.5 3P 1( 2.00)        -7.4381        -3.7191      -101.2011
     3 1 1.5 3P 1( 4.00)        -7.1717        -3.5858       -97.5753
     3 2 1.5 3D 1( 4.00)        -1.4227        -0.7113       -19.3568
     3 2 2.5 3D 1( 6.00)        -1.3888        -0.6944       -18.8953
     4 0 0.5 4S 1( 2.00)        -0.6541        -0.3270        -8.8993
     4 1 0.5 4P 1( 1.00)        -0.1927        -0.0964        -2.6223
     4 1 1.5 4P 1( 0.00)        -0.1843        -0.0921        -2.5074
     Averaged results
     1 0     1S 1( 2.00)      -751.6694      -375.8347    -10226.9834
     2 0     2S 1( 2.00)       -92.7381       -46.3691     -1261.7668
     2 1     2P 1( 6.00)       -80.7365       -40.3683     -1098.4767
     3 0     3S 1( 2.00)       -10.8784        -5.4392      -148.0076
     3 1     3P 1( 6.00)        -7.2605        -3.6302       -98.7839
     3 2     3D 1(10.00)        -1.4023        -0.7012       -19.0799
     4 0     4S 1( 2.00)        -0.6541        -0.3270        -8.8993
     4 1     4P 1( 1.00)        -0.1871        -0.0936        -2.5457

     final scf error:  9.2E-15 reached in  28 iterations
 
     Etot =   -3888.046899 Ry,   -1944.023449 Ha,  -52899.572954 eV

     Ekin =    3965.287298 Ry,    1982.643649 Ha,   53950.482125 eV
     Encl =   -9381.563266 Ry,   -4690.781633 Ha, -127642.670814 eV
     Eh   =    1679.313648 Ry,     839.656824 Ha,   22848.226156 eV
     Exc  =    -151.084579 Ry,     -75.542290 Ha,   -2055.610421 eV


     normalization and overlap integrals

     s(1S/1S) =  1.000000  <r> =   0.0486  <r2> =    0.0032  r(max) =   0.0319
     s(1S/2S) =  0.000000
     s(1S/3S) = -0.000000
     s(1S/4S) =  0.000000
     s(2S/2S) =  1.000000  <r> =   0.2176  <r2> =    0.0559  r(max) =   0.1833
     s(2S/3S) =  0.000000
     s(2S/4S) =  0.000000
     s(2P/2P) =  1.000000  <r> =   0.1883  <r2> =    0.0436  r(max) =   0.1446
     s(2P/3P) =  0.000000
     s(2P/4P) =  0.000000
     s(2P/2P) =  1.000000  <r> =   0.1918  <r2> =    0.0451  r(max) =   0.1482
     s(2P/3P) =  0.000000
     s(2P/4P) =  0.000000
     s(3S/3S) =  1.000000  <r> =   0.6517  <r2> =    0.4906  r(max) =   0.5647
     s(3S/4S) =  0.000000
     s(3P/3P) =  1.000000  <r> =   0.6719  <r2> =    0.5327  r(max) =   0.5647
     s(3P/4P) =  0.000000
     s(3P/3P) =  1.000000  <r> =   0.6826  <r2> =    0.5499  r(max) =   0.5718
     s(3P/4P) = -0.000000
     s(3D/3D) =  1.000000  <r> =   0.8069  <r2> =    0.8547  r(max) =   0.5305
     s(3D/3D) =  1.000000  <r> =   0.8133  <r2> =    0.8693  r(max) =   0.5371
     s(4S/4S) =  1.000000  <r> =   2.3446  <r2> =    6.4035  r(max) =   1.8984
     s(4P/4P) =  1.000000  <r> =   3.3885  <r2> =   13.9297  r(max) =   2.4993
     s(4P/4P) =  1.000000  <r> =   3.4586  <r2> =   14.5156  r(max) =   2.5626

     ------------------------ End of All-electron run ------------------------


     ---------------------- Testing the pseudopotential ----------------------

     Ga                                                                         
     dirac relativistic calculation

     atomic number is 31.00   valence charge is 13.00
     dft =PBE   lsd =0 sic =0 latt =0  beta=0.20 tr2=1.0E-14
     mesh =1205 r(mesh) = 101.09016 xmin = -7.00 dx = 0.01250

     n l  j  nl             e AE (Ry)       e PS (Ry)    De AE-PS (Ry) 
     1 0 0.5 4S   1( 2.00)       -0.65409       -0.65409        0.00000
     2 1 0.5 4P   1( 1.00)       -0.19273       -0.19273       -0.00000
     2 1 1.5 4P   1( 0.00)       -0.18429       -0.18429        0.00000
     3 2 1.5 3D   1( 4.00)       -1.42270       -1.42270        0.00000
     3 2 2.5 3D   1( 6.00)       -1.38878       -1.38878        0.00000

     eps = 1.8E-15  iter =  3
 
     Etot =   -3888.046899 Ry,   -1944.023449 Ha,  -52899.572954 eV
     Etotps =  -172.544048 Ry,     -86.272024 Ha,   -2347.581365 eV

     Ekin =      14.138232 Ry,       7.069116 Ha,     192.360441 eV
     Encl =    -302.334806 Ry,    -151.167403 Ha,   -4113.474592 eV
     Ehrt =     140.180915 Ry,      70.090457 Ha,    1907.258509 eV
     Ecxc =     -48.335032 Ry,     -24.167516 Ha,    -657.631617 eV
     (Ecc =     -19.966889 Ry,      -9.983445 Ha,    -271.663367 eV)
     Epseu=      23.806644 Ry,      11.903322 Ha,     323.905895 eV

     ---------------------- End of pseudopotential test ----------------------

