[0] MPI startup(): I_MPI_SHM_LMT environment variable is not supported.
[0] MPI startup(): Similar variables:
	 I_MPI_SHM_HEAP
	 I_MPI_SHM
	 I_MPI_SHM_OPT
	 I_MPI_SHM_THP
[0] MPI startup(): To check the list of supported variables, use the impi_info utility or refer to https://software.intel.com/en-us/mpi-library/documentation/get-started.

     Program LD1 v.7.3.1 starts on 19Sep2024 at 21:48:52 

     This program is part of the open-source Quantum ESPRESSO suite
     for quantum simulation of materials; please cite
         "P. Giannozzi et al., J. Phys.:Condens. Matter 21 395502 (2009);
         "P. Giannozzi et al., J. Phys.:Condens. Matter 29 465901 (2017);
         "P. Giannozzi et al., J. Chem. Phys. 152 154105 (2020);
          URL http://www.quantum-espresso.org", 
     in publications or presentations arising from this work. More details at
     http://www.quantum-espresso.org/quote

     Parallel version (MPI), running on     1 processors

     MPI processes distributed on     1 nodes
     89480 MiB available memory on the printing compute node when the environment starts
 
     Waiting for input...
     Reading input from standard input
     --------------------------- All-electron run ----------------------------

     Ge                                                                         
     dirac relativistic calculation

     atomic number is 32.00
     dft =PBE   lsd =0 sic =0 latt =0  beta=0.20 tr2=1.0E-14
     Exchange-correlation= PBE
                           (   1   4   3   4   0   0   0)
     mesh =1207 r(mesh) = 100.41023 a.u. xmin = -7.00 dx = 0.01250
     1 Ry =  13.60569312 eV, c = 137.03599908

     n l j   nl                  e(Ry)          e(Ha)          e(eV)
     Spin orbit split results
     1 0 0.5 1S 1( 2.00)      -805.3777      -402.6888    -10957.7216
     2 0 0.5 2S 1( 2.00)      -100.7722       -50.3861     -1371.0759
     2 1 0.5 2P 1( 2.00)       -89.6312       -44.8156     -1219.4944
     2 1 1.5 2P 1( 4.00)       -87.2886       -43.6443     -1187.6217
     3 0 0.5 3S 1( 2.00)       -12.3681        -6.1840      -168.2760
     3 1 0.5 3P 1( 2.00)        -8.6956        -4.3478      -118.3099
     3 1 1.5 3P 1( 4.00)        -8.3813        -4.1907      -114.0337
     3 2 1.5 3D 1( 4.00)        -2.1681        -1.0840       -29.4981
     3 2 2.5 3D 1( 6.00)        -2.1251        -1.0625       -28.9133
     4 0 0.5 4S 1( 2.00)        -0.8548        -0.4274       -11.6303
     4 1 0.5 4P 1( 2.00)        -0.2901        -0.1451        -3.9471
     4 1 1.5 4P 1( 0.00)        -0.2765        -0.1383        -3.7621
     Averaged results
     1 0     1S 1( 2.00)      -805.3777      -402.6888    -10957.7216
     2 0     2S 1( 2.00)      -100.7722       -50.3861     -1371.0759
     2 1     2P 1( 6.00)       -88.0694       -44.0347     -1198.2459
     3 0     3S 1( 2.00)       -12.3681        -6.1840      -168.2760
     3 1     3P 1( 6.00)        -8.4861        -4.2430      -115.4591
     3 2     3D 1(10.00)        -2.1423        -1.0711       -29.1472
     4 0     4S 1( 2.00)        -0.8548        -0.4274       -11.6303
     4 1     4P 1( 2.00)        -0.2810        -0.1405        -3.8238

     final scf error:  1.4E-15 reached in  35 iterations
 
     Etot =   -4197.887395 Ry,   -2098.943697 Ha,  -57115.167659 eV

     Ekin =    4286.874484 Ry,    2143.437242 Ha,   58325.898686 eV
     Encl =  -10131.232533 Ry,   -5065.616266 Ha, -137842.440795 eV
     Eh   =    1805.637031 Ry,     902.818516 Ha,   24566.943336 eV
     Exc  =    -159.166377 Ry,     -79.583189 Ha,   -2165.568885 eV


     normalization and overlap integrals

     s(1S/1S) =  1.000000  <r> =   0.0470  <r2> =    0.0030  r(max) =   0.0309
     s(1S/2S) =  0.000000
     s(1S/3S) = -0.000000
     s(1S/4S) =  0.000000
     s(2S/2S) =  1.000000  <r> =   0.2098  <r2> =    0.0520  r(max) =   0.1754
     s(2S/3S) =  0.000000
     s(2S/4S) =  0.000000
     s(2P/2P) =  1.000000  <r> =   0.1812  <r2> =    0.0403  r(max) =   0.1401
     s(2P/3P) =  0.000000
     s(2P/4P) =  0.000000
     s(2P/2P) =  1.000000  <r> =   0.1848  <r2> =    0.0418  r(max) =   0.1418
     s(2P/3P) =  0.000000
     s(2P/4P) =  0.000000
     s(3S/3S) =  1.000000  <r> =   0.6241  <r2> =    0.4494  r(max) =   0.5402
     s(3S/4S) =  0.000000
     s(3P/3P) =  1.000000  <r> =   0.6398  <r2> =    0.4822  r(max) =   0.5402
     s(3P/4P) =  0.000000
     s(3P/3P) =  1.000000  <r> =   0.6505  <r2> =    0.4983  r(max) =   0.5470
     s(3P/4P) = -0.000000
     s(3D/3D) =  1.000000  <r> =   0.7335  <r2> =    0.6912  r(max) =   0.5012
     s(3D/3D) =  1.000000  <r> =   0.7389  <r2> =    0.7017  r(max) =   0.5075
     s(4S/4S) =  1.000000  <r> =   2.1195  <r2> =    5.2015  r(max) =   1.7494
     s(4P/4P) =  1.000000  <r> =   2.8708  <r2> =    9.8733  r(max) =   2.1908
     s(4P/4P) =  1.000000  <r> =   2.9309  <r2> =   10.2954  r(max) =   2.2463

     ------------------------ End of All-electron run ------------------------


     --------------------- Generating US pseudopotential ---------------------


      Generating local potential from pseudized AE potential:
      Matching radius rcloc =   2.2000

      Local pseudo, rcloc= 2.191 Estimated cut-off energy=     5.09 Ry

      Computing core charge for nlcc: 

       r > 0.90 : true rho core
      Core charge pseudized with two Bessel functions
      Integrated core pseudo-charge :   9.72

     Fully relativistic calculation: |psi|^2

     Wfc 4S LC norm =  0.99993555 SC norm =  0.00006182 missing  0.00000263

     Wfc 4P LC norm =  0.99996456 SC norm =  0.00003528 missing  0.00000017

     Wfc 4P LC norm =  0.99996593 SC norm =  0.00002897 missing  0.00000510

     Wfc 3D LC norm =  0.99960030 SC norm =  0.00039969 missing  0.00000001

     Wfc 3D LC norm =  0.99960445 SC norm =  0.00039545 missing  0.00000011
      Wfc-us  4S rcutus= 2.084  Estimated cut-off energy=    10.80 Ry
      Wfc-us  4S rcutus= 2.084  Estimated cut-off energy=    22.45 Ry
      Wfc-us  4P rcutus= 2.191  Estimated cut-off energy=    15.59 Ry
      Wfc-us  4P rcutus= 2.191  Estimated cut-off energy=    15.54 Ry
      Wfc-us  4P rcutus= 2.191  Estimated cut-off energy=    14.16 Ry
      Wfc-us  4P rcutus= 2.191  Estimated cut-off energy=    34.57 Ry
      Wfc-us  3D rcutus= 1.839  Estimated cut-off energy=    36.08 Ry
      Wfc-us  3D rcutus= 1.839  Estimated cut-off energy=    36.05 Ry
      Wfc-us  3D rcutus= 1.839  Estimated cut-off energy=    29.16 Ry
      Wfc-us  3D rcutus= 1.839  Estimated cut-off energy=    29.11 Ry

      The bmat matrix
     1.09216     1.68592     0.00000     0.00000     0.00000     0.00000
     0.00000     0.00000     0.00000     0.00000
     0.93274     1.64589     0.00000     0.00000     0.00000     0.00000
     0.00000     0.00000     0.00000     0.00000
     0.00000     0.00000     0.20246     0.00000     0.65062     0.00000
     0.00000     0.00000     0.00000     0.00000
     0.00000     0.00000     0.00000     0.20287     0.00000     0.43650
     0.00000     0.00000     0.00000     0.00000
     0.00000     0.00000     0.19823     0.00000     1.09430     0.00000
     0.00000     0.00000     0.00000     0.00000
     0.00000     0.00000     0.00000     0.17556     0.00000     0.80659
     0.00000     0.00000     0.00000     0.00000
     0.00000     0.00000     0.00000     0.00000     0.00000     0.00000
    -0.97197     0.00000    -0.31875     0.00000
     0.00000     0.00000     0.00000     0.00000     0.00000     0.00000
     0.00000    -0.98339     0.00000    -0.33160
     0.00000     0.00000     0.00000     0.00000     0.00000     0.00000
     0.29700     0.00000     0.13179     0.00000
     0.00000     0.00000     0.00000     0.00000     0.00000     0.00000
     0.00000     0.27828     0.00000     0.12802

      The bmat + epsilon qq matrix
     1.28622     1.09552     0.00000     0.00000     0.00000     0.00000
     0.00000     0.00000     0.00000     0.00000
     1.09554     1.14996     0.00000     0.00000     0.00000     0.00000
     0.00000     0.00000     0.00000     0.00000
     0.00000     0.00000     0.21575     0.00000     0.21817     0.00000
     0.00000     0.00000     0.00000     0.00000
     0.00000     0.00000     0.00000     0.21479     0.00000     0.18660
     0.00000     0.00000     0.00000     0.00000
     0.00000     0.00000     0.21814     0.00000     0.26699     0.00000
     0.00000     0.00000     0.00000     0.00000
     0.00000     0.00000     0.00000     0.18653     0.00000     0.52244
     0.00000     0.00000     0.00000     0.00000
     0.00000     0.00000     0.00000     0.00000     0.00000     0.00000
    -2.76374     0.00000    -0.45806     0.00000
     0.00000     0.00000     0.00000     0.00000     0.00000     0.00000
     0.00000    -2.73075     0.00000    -0.47301
     0.00000     0.00000     0.00000     0.00000     0.00000     0.00000
    -0.45805     0.00000     0.07881     0.00000
     0.00000     0.00000     0.00000     0.00000     0.00000     0.00000
     0.00000    -0.47302     0.00000     0.07290

      The qq matrix
    -0.22702    -0.19045     0.00000     0.00000     0.00000     0.00000
     0.00000     0.00000     0.00000     0.00000
    -0.19045    -0.15998     0.00000     0.00000     0.00000     0.00000
     0.00000     0.00000     0.00000     0.00000
     0.00000     0.00000    -0.04581     0.00000    -0.06864     0.00000
     0.00000     0.00000     0.00000     0.00000
     0.00000     0.00000     0.00000    -0.04311     0.00000    -0.03967
     0.00000     0.00000     0.00000     0.00000
     0.00000     0.00000    -0.06864     0.00000    -0.13132     0.00000
     0.00000     0.00000     0.00000     0.00000
     0.00000     0.00000     0.00000    -0.03967     0.00000    -0.04510
     0.00000     0.00000     0.00000     0.00000
     0.00000     0.00000     0.00000     0.00000     0.00000     0.00000
     0.82644     0.00000     0.34826     0.00000
     0.00000     0.00000     0.00000     0.00000     0.00000     0.00000
     0.00000     0.82225     0.00000     0.35354
     0.00000     0.00000     0.00000     0.00000     0.00000     0.00000
     0.34826     0.00000     0.13246     0.00000
     0.00000     0.00000     0.00000     0.00000     0.00000     0.00000
     0.00000     0.35354     0.00000     0.13780

     Q pseudized with Bessel functions
     Expected ecutrho=     246.8320 due to l1=  1   l2=  2

      The ddd matrix
     0.33249     0.25973     0.00000     0.00000     0.00000     0.00000
     0.00000     0.00000     0.00000     0.00000
     0.25973     0.42863     0.00000     0.00000     0.00000     0.00000
     0.00000     0.00000     0.00000     0.00000
     0.00000     0.00000     0.07155     0.00000    -0.04549     0.00000
     0.00000     0.00000     0.00000     0.00000
     0.00000     0.00000     0.00000     0.08280     0.00000     0.04589
     0.00000     0.00000     0.00000     0.00000
     0.00000     0.00000    -0.04549     0.00000    -0.28833     0.00000
     0.00000     0.00000     0.00000     0.00000
     0.00000     0.00000     0.00000     0.04589     0.00000     0.24655
     0.00000     0.00000     0.00000     0.00000
     0.00000     0.00000     0.00000     0.00000     0.00000     0.00000
     1.48299     0.00000     1.36140     0.00000
     0.00000     0.00000     0.00000     0.00000     0.00000     0.00000
     0.00000     1.49146     0.00000     1.37177
     0.00000     0.00000     0.00000     0.00000     0.00000     0.00000
     1.36140     0.00000     0.80719     0.00000
     0.00000     0.00000     0.00000     0.00000     0.00000     0.00000
     0.00000     1.37177     0.00000     0.82818

     ------------------- End of pseudopotential generation -------------------

     --------------------------- All-electron run ----------------------------

     Ge                                                                         
     dirac relativistic calculation

     atomic number is 32.00
     dft =PBE   lsd =0 sic =0 latt =0  beta=0.20 tr2=1.0E-14
     Exchange-correlation= PBE
                           (   1   4   3   4   0   0   0)
     mesh =1207 r(mesh) = 100.41023 a.u. xmin = -7.00 dx = 0.01250
     1 Ry =  13.60569312 eV, c = 137.03599908

     n l j   nl                  e(Ry)          e(Ha)          e(eV)
     Spin orbit split results
     1 0 0.5 1S 1( 2.00)      -805.3777      -402.6888    -10957.7216
     2 0 0.5 2S 1( 2.00)      -100.7722       -50.3861     -1371.0759
     2 1 0.5 2P 1( 2.00)       -89.6312       -44.8156     -1219.4944
     2 1 1.5 2P 1( 4.00)       -87.2886       -43.6443     -1187.6217
     3 0 0.5 3S 1( 2.00)       -12.3681        -6.1840      -168.2760
     3 1 0.5 3P 1( 2.00)        -8.6956        -4.3478      -118.3099
     3 1 1.5 3P 1( 4.00)        -8.3813        -4.1907      -114.0337
     3 2 1.5 3D 1( 4.00)        -2.1681        -1.0840       -29.4981
     3 2 2.5 3D 1( 6.00)        -2.1251        -1.0625       -28.9133
     4 0 0.5 4S 1( 2.00)        -0.8548        -0.4274       -11.6303
     4 1 0.5 4P 1( 2.00)        -0.2901        -0.1451        -3.9471
     4 1 1.5 4P 1( 0.00)        -0.2765        -0.1383        -3.7621
     Averaged results
     1 0     1S 1( 2.00)      -805.3777      -402.6888    -10957.7216
     2 0     2S 1( 2.00)      -100.7722       -50.3861     -1371.0759
     2 1     2P 1( 6.00)       -88.0694       -44.0347     -1198.2459
     3 0     3S 1( 2.00)       -12.3681        -6.1840      -168.2760
     3 1     3P 1( 6.00)        -8.4861        -4.2430      -115.4591
     3 2     3D 1(10.00)        -2.1423        -1.0711       -29.1472
     4 0     4S 1( 2.00)        -0.8548        -0.4274       -11.6303
     4 1     4P 1( 2.00)        -0.2810        -0.1405        -3.8238

     final scf error:  1.4E-15 reached in  35 iterations
 
     Etot =   -4197.887395 Ry,   -2098.943697 Ha,  -57115.167659 eV

     Ekin =    4286.874484 Ry,    2143.437242 Ha,   58325.898686 eV
     Encl =  -10131.232533 Ry,   -5065.616266 Ha, -137842.440795 eV
     Eh   =    1805.637031 Ry,     902.818516 Ha,   24566.943336 eV
     Exc  =    -159.166377 Ry,     -79.583189 Ha,   -2165.568885 eV


     normalization and overlap integrals

     s(1S/1S) =  1.000000  <r> =   0.0470  <r2> =    0.0030  r(max) =   0.0309
     s(1S/2S) =  0.000000
     s(1S/3S) = -0.000000
     s(1S/4S) =  0.000000
     s(2S/2S) =  1.000000  <r> =   0.2098  <r2> =    0.0520  r(max) =   0.1754
     s(2S/3S) =  0.000000
     s(2S/4S) =  0.000000
     s(2P/2P) =  1.000000  <r> =   0.1812  <r2> =    0.0403  r(max) =   0.1401
     s(2P/3P) =  0.000000
     s(2P/4P) =  0.000000
     s(2P/2P) =  1.000000  <r> =   0.1848  <r2> =    0.0418  r(max) =   0.1418
     s(2P/3P) =  0.000000
     s(2P/4P) =  0.000000
     s(3S/3S) =  1.000000  <r> =   0.6241  <r2> =    0.4494  r(max) =   0.5402
     s(3S/4S) =  0.000000
     s(3P/3P) =  1.000000  <r> =   0.6398  <r2> =    0.4822  r(max) =   0.5402
     s(3P/4P) =  0.000000
     s(3P/3P) =  1.000000  <r> =   0.6505  <r2> =    0.4983  r(max) =   0.5470
     s(3P/4P) = -0.000000
     s(3D/3D) =  1.000000  <r> =   0.7335  <r2> =    0.6912  r(max) =   0.5012
     s(3D/3D) =  1.000000  <r> =   0.7389  <r2> =    0.7017  r(max) =   0.5075
     s(4S/4S) =  1.000000  <r> =   2.1195  <r2> =    5.2015  r(max) =   1.7494
     s(4P/4P) =  1.000000  <r> =   2.8708  <r2> =    9.8733  r(max) =   2.1908
     s(4P/4P) =  1.000000  <r> =   2.9309  <r2> =   10.2954  r(max) =   2.2463

     ------------------------ End of All-electron run ------------------------


     ---------------------- Testing the pseudopotential ----------------------

     Ge                                                                         
     dirac relativistic calculation

     atomic number is 32.00   valence charge is 14.00
     dft =PBE   lsd =0 sic =0 latt =0  beta=0.20 tr2=1.0E-14
     mesh =1207 r(mesh) = 100.41023 xmin = -7.00 dx = 0.01250

     n l  j  nl             e AE (Ry)       e PS (Ry)    De AE-PS (Ry) 
     1 0 0.5 4S   1( 2.00)       -0.85481       -0.85481        0.00000
     2 1 0.5 4P   1( 2.00)       -0.29011       -0.29011       -0.00000
     2 1 1.5 4P   1( 0.00)       -0.27651       -0.27651        0.00000
     3 2 1.5 3D   1( 4.00)       -2.16807       -2.16807       -0.00000
     3 2 2.5 3D   1( 6.00)       -2.12509       -2.12509       -0.00000

     eps = 3.5E-15  iter =  3
 
     Etot =   -4197.887395 Ry,   -2098.943697 Ha,  -57115.167659 eV
     Etotps =  -210.995422 Ry,    -105.497711 Ha,   -2870.738964 eV

     Ekin =      14.729296 Ry,       7.364648 Ha,     200.402285 eV
     Encl =    -351.895176 Ry,    -175.947588 Ha,   -4787.777770 eV
     Ehrt =     166.930439 Ry,      83.465220 Ha,    2271.204326 eV
     Ecxc =     -56.448743 Ry,     -28.224372 Ha,    -768.024278 eV
     (Ecc =     -23.893771 Ry,     -11.946885 Ha,    -325.091311 eV)
     Epseu=      15.688761 Ry,       7.844381 Ha,     213.456473 eV

     ---------------------- End of pseudopotential test ----------------------

