[0] MPI startup(): I_MPI_SHM_LMT environment variable is not supported.
[0] MPI startup(): Similar variables:
	 I_MPI_SHM_HEAP
	 I_MPI_SHM
	 I_MPI_SHM_OPT
	 I_MPI_SHM_THP
[0] MPI startup(): To check the list of supported variables, use the impi_info utility or refer to https://software.intel.com/en-us/mpi-library/documentation/get-started.

     Program LD1 v.7.3.1 starts on 19Sep2024 at 21:48:54 

     This program is part of the open-source Quantum ESPRESSO suite
     for quantum simulation of materials; please cite
         "P. Giannozzi et al., J. Phys.:Condens. Matter 21 395502 (2009);
         "P. Giannozzi et al., J. Phys.:Condens. Matter 29 465901 (2017);
         "P. Giannozzi et al., J. Chem. Phys. 152 154105 (2020);
          URL http://www.quantum-espresso.org", 
     in publications or presentations arising from this work. More details at
     http://www.quantum-espresso.org/quote

     Parallel version (MPI), running on     1 processors

     MPI processes distributed on     1 nodes
     89467 MiB available memory on the printing compute node when the environment starts
 
     Waiting for input...
     Reading input from standard input
     --------------------------- All-electron run ----------------------------

     H                                                                          
     dirac relativistic calculation

     atomic number is  1.00
     dft =PBE   lsd =0 sic =0 latt =0  beta=0.20 tr2=1.0E-14
     Exchange-correlation= PBE
                           (   1   4   3   4   0   0   0)
     mesh = 929 r(mesh) =  99.48432 a.u. xmin = -7.00 dx = 0.01250
     1 Ry =  13.60569312 eV, c = 137.03599908

     n l j   nl                  e(Ry)          e(Ha)          e(eV)
     Spin orbit split results
     1 0 0.5 1S 1( 1.00)        -0.4772        -0.2386        -6.4928
     Averaged results
     1 0     1S 1( 1.00)        -0.4772        -0.2386        -6.4928

     final scf error:  7.8E-15 reached in  28 iterations
 
     Etot =      -0.917858 Ry,      -0.458929 Ha,     -12.488092 eV

     Ekin =       0.894553 Ry,       0.447276 Ha,      12.171007 eV
     Encl =      -1.889296 Ry,      -0.944648 Ha,     -25.705175 eV
     Eh   =       0.579628 Ry,       0.289814 Ha,       7.886239 eV
     Exc  =      -0.502743 Ry,      -0.251371 Ha,      -6.840164 eV


     normalization and overlap integrals

     s(1S/1S) =  1.000000  <r> =   1.6358  <r2> =    3.6634  r(max) =   1.0253

     ------------------------ End of All-electron run ------------------------


     --------------------- Generating PAW atomic setup --------------------


      Generating local pot.: lloc=1, j= 0.50, matching radius rcloc =   0.7500

      Generating local pot.: lloc=1, j= 1.50, matching radius rcloc =   0.7500

      Computing core charge for PAW: 
      Integrated core pseudo-charge :   0.00

     Fully relativistic calculation: |psi|^2

     Wfc 1S LC norm =  0.99998809 SC norm =  0.00000543 missing  0.00000648
     Speed at rcutus      0.680 a.u.,  v/c =  0.004963,  (v/c)^2 =  0.00002463
      Wfc-us  1S rcutus= 1.000  Estimated cut-off energy=    44.32 Ry
      Wfc-us  1S rcutus= 1.000  Estimated cut-off energy=    45.66 Ry

      The bmat matrix
    -0.05613    -0.05698
    -0.05213    -0.05285

      The bmat + epsilon qq matrix
    -0.06054    -0.05652
    -0.05651    -0.05240

      The qq matrix
     0.00923     0.00919
     0.00919     0.00914


    multipoles (all-electron charge) - (pseudo charge)
        ns l1:ns1 l2    l=0     l=1     l=2     l=3     l=4     l=5  
         1  0:  1  0  0.0092
         2  0:  1  0  0.0092
         2  0:  2  0  0.0091
     Required augmentation: PSQ   radius:    0.800000

     Q pseudized with Bessel functions
     Expected ecutrho=     221.0773 due to l1=  0   l2=  0

     Estimated PAW energy =   -0.917867 Ryd

     The PAW screened D coefficients
    -0.06054    -0.05651
    -0.05651    -0.05240

     The PAW descreened D coefficients (US)
    -0.00996    -0.00649
    -0.00649    -0.00298

     ------------------- End of pseudopotential generation -------------------

     --------------------------- All-electron run ----------------------------

     H                                                                          
     dirac relativistic calculation

     atomic number is  1.00
     dft = SLA  PW   PBX  PBC   lsd =0 sic =0 latt =0  beta=0.20 tr2=1.0E-14
     Exchange-correlation=  SLA  PW   PBX  PBC
                           (   1   4   3   4   0   0   0)
     mesh = 929 r(mesh) =  99.48432 a.u. xmin = -7.00 dx = 0.01250
     1 Ry =  13.60569312 eV, c = 137.03599908

     n l j   nl                  e(Ry)          e(Ha)          e(eV)
     Spin orbit split results
     1 0 0.5 1S 1( 1.00)        -0.4772        -0.2386        -6.4928
     Averaged results
     1 0     1S 1( 1.00)        -0.4772        -0.2386        -6.4928

     final scf error:  7.8E-15 reached in  28 iterations
 
     Etot =      -0.917858 Ry,      -0.458929 Ha,     -12.488092 eV

     Ekin =       0.894553 Ry,       0.447276 Ha,      12.171007 eV
     Encl =      -1.889296 Ry,      -0.944648 Ha,     -25.705175 eV
     Eh   =       0.579628 Ry,       0.289814 Ha,       7.886239 eV
     Exc  =      -0.502743 Ry,      -0.251371 Ha,      -6.840164 eV


     normalization and overlap integrals

     s(1S/1S) =  1.000000  <r> =   1.6358  <r2> =    3.6634  r(max) =   1.0253

     ------------------------ End of All-electron run ------------------------


     ---------------------- Testing the pseudopotential ----------------------

     H                                                                          
     dirac relativistic calculation

     atomic number is  1.00   valence charge is  1.00
     dft = SLA  PW   PBX  PBC   lsd =0 sic =0 latt =0  beta=0.20 tr2=1.0E-14
     mesh = 929 r(mesh) =  99.48432 xmin = -7.00 dx = 0.01250

     n l  j  nl             e AE (Ry)       e PS (Ry)    De AE-PS (Ry) 
     1 0 0.5 1S   1( 1.00)       -0.47721       -0.47721        0.00000

     eps = 5.1E-16  iter =  3
 
     Etot =      -0.917858 Ry,      -0.458929 Ha,     -12.488092 eV
     Etotps =    -0.917870 Ry,      -0.458935 Ha,     -12.488261 eV

     Ekin =       0.894548 Ry,       0.447274 Ha,      12.170939 eV
     Encl =      -1.889303 Ry,      -0.944652 Ha,     -25.705282 eV
     Ehrt =       0.579630 Ry,       0.289815 Ha,       7.886267 eV
     Ecxc =      -0.502744 Ry,      -0.251372 Ha,      -6.840186 eV

     ---------------------- End of pseudopotential test ----------------------

