[0] MPI startup(): I_MPI_SHM_LMT environment variable is not supported.
[0] MPI startup(): Similar variables:
	 I_MPI_SHM_HEAP
	 I_MPI_SHM
	 I_MPI_SHM_OPT
	 I_MPI_SHM_THP
[0] MPI startup(): To check the list of supported variables, use the impi_info utility or refer to https://software.intel.com/en-us/mpi-library/documentation/get-started.

     Program LD1 v.7.3.1 starts on 19Sep2024 at 21:48:54 

     This program is part of the open-source Quantum ESPRESSO suite
     for quantum simulation of materials; please cite
         "P. Giannozzi et al., J. Phys.:Condens. Matter 21 395502 (2009);
         "P. Giannozzi et al., J. Phys.:Condens. Matter 29 465901 (2017);
         "P. Giannozzi et al., J. Chem. Phys. 152 154105 (2020);
          URL http://www.quantum-espresso.org", 
     in publications or presentations arising from this work. More details at
     http://www.quantum-espresso.org/quote

     Parallel version (MPI), running on     1 processors

     MPI processes distributed on     1 nodes
     89471 MiB available memory on the printing compute node when the environment starts
 
     Waiting for input...
     Reading input from standard input
     --------------------------- All-electron run ----------------------------

     Hg                                                                         
     dirac relativistic calculation

     atomic number is 80.00
     dft =PBE   lsd =0 sic =0 latt =0  beta=0.20 tr2=1.0E-14
     Exchange-correlation= PBE
                           (   1   4   3   4   0   0   0)
     mesh =1279 r(mesh) =  98.78773 a.u. xmin = -7.00 dx = 0.01250
     1 Ry =  13.60569312 eV, c = 137.03599908

     n l j   nl                  e(Ry)          e(Ha)          e(eV)
     Spin orbit split results
     1 0 0.5 1S 1( 2.00)     -6103.9317     -3051.9659    -83048.2217
     2 0 0.5 2S 1( 2.00)     -1080.8902      -540.4451    -14706.2601
     2 1 0.5 2P 1( 2.00)     -1036.8537      -518.4269    -14107.1136
     2 1 1.5 2P 1( 4.00)      -893.6723      -446.8361    -12159.0310
     3 0 0.5 3S 1( 2.00)      -256.4664      -128.2332     -3489.4035
     3 1 0.5 3P 1( 2.00)      -236.6781      -118.3390     -3220.1691
     3 1 1.5 3P 1( 4.00)      -204.9622      -102.4811     -2788.6535
     4 0 0.5 4S 1( 2.00)       -56.3872       -28.1936      -767.1871
     4 1 0.5 4P 1( 2.00)       -47.9099       -23.9550      -651.8478
     4 1 1.5 4P 1( 4.00)       -40.2521       -20.1261      -547.6582
     3 2 1.5 3D 1( 4.00)      -172.2892       -86.1446     -2344.1137
     3 2 2.5 3D 1( 6.00)      -165.4954       -82.7477     -2251.6790
     5 0 0.5 5S 1( 2.00)        -8.6643        -4.3321      -117.8831
     5 1 0.5 5P 1( 2.00)        -5.8707        -2.9353       -79.8744
     5 1 1.5 5P 1( 4.00)        -4.5281        -2.2640       -61.6074
     4 2 1.5 4D 1( 4.00)       -26.4215       -13.2108      -359.4835
     4 2 2.5 4D 1( 6.00)       -24.9942       -12.4971      -340.0640
     4 3 2.5 4F 1( 6.00)        -7.1989        -3.5995       -97.9461
     4 3 3.5 4F 1( 8.00)        -6.8908        -3.4454       -93.7538
     5 2 1.5 5D 1( 4.00)        -0.8081        -0.4040       -10.9947
     5 2 2.5 5D 1( 6.00)        -0.6732        -0.3366        -9.1600
     6 0 0.5 6S 1( 2.00)        -0.5019        -0.2510        -6.8287
     6 1 0.5 6P 1( 0.00)        -0.1142        -0.0571        -1.5536
     6 1 1.5 6P 1( 0.00)        -0.0661        -0.0330        -0.8993
     Averaged results
     1 0     1S 1( 2.00)     -6103.9317     -3051.9659    -83048.2217
     2 0     2S 1( 2.00)     -1080.8902      -540.4451    -14706.2601
     2 1     2P 1( 6.00)      -941.3994      -470.6997    -12808.3919
     3 0     3S 1( 2.00)      -256.4664      -128.2332     -3489.4035
     3 1     3P 1( 6.00)      -215.5342      -107.7671     -2932.4920
     4 0     4S 1( 2.00)       -56.3872       -28.1936      -767.1871
     4 1     4P 1( 6.00)       -42.8047       -21.4024      -582.3881
     3 2     3D 1(10.00)      -168.2129       -84.1064     -2288.6528
     5 0     5S 1( 2.00)        -8.6643        -4.3321      -117.8831
     5 1     5P 1( 6.00)        -4.9756        -2.4878       -67.6964
     4 2     4D 1(10.00)       -25.5652       -12.7826      -347.8318
     4 3     4F 1(14.00)        -7.0228        -3.5114       -95.5505
     5 2     5D 1(10.00)        -0.7272        -0.3636        -9.8939
     6 0     6S 1( 2.00)        -0.5019        -0.2510        -6.8287
     6 1     6P 1( 0.00)        -0.0821        -0.0411        -1.1174

     final scf error:  7.7E-15 reached in  26 iterations
 
     Etot =  -39324.322277 Ry,  -19662.161139 Ha, -535034.661173 eV

     Ekin =   45389.491167 Ry,   22694.745583 Ha,  617555.487825 eV
     Encl =  -99236.082377 Ry,  -49618.041188 Ha,-1350175.683548 eV
     Eh   =   15269.732564 Ry,    7634.866282 Ha,  207755.295341 eV
     Exc  =    -747.463632 Ry,    -373.731816 Ha,  -10169.760791 eV


     normalization and overlap integrals

     s(1S/1S) =  1.000000  <r> =   0.0166  <r2> =    0.0004  r(max) =   0.0102
     s(1S/2S) = -0.000000
     s(1S/3S) = -0.000000
     s(1S/4S) = -0.000000
     s(1S/5S) = -0.000000
     s(1S/6S) = -0.000000
     s(2S/2S) =  1.000000  <r> =   0.0692  <r2> =    0.0057  r(max) =   0.0589
     s(2S/3S) =  0.000000
     s(2S/4S) =  0.000000
     s(2S/5S) =  0.000000
     s(2S/6S) =  0.000000
     s(2P/2P) =  1.000000  <r> =   0.0569  <r2> =    0.0041  r(max) =   0.0442
     s(2P/3P) =  0.000000
     s(2P/4P) =  0.000000
     s(2P/5P) =  0.000000
     s(2P/6P) =  0.000000
     s(2P/2P) =  1.000000  <r> =   0.0656  <r2> =    0.0052  r(max) =   0.0513
     s(2P/3P) =  0.000000
     s(2P/4P) =  0.000000
     s(2P/5P) =  0.000000
     s(2P/6P) =  0.000000
     s(3S/3S) =  1.000000  <r> =   0.1801  <r2> =    0.0372  r(max) =   0.1662
     s(3S/4S) =  0.000000
     s(3S/5S) =  0.000000
     s(3S/6S) =  0.000000
     s(3P/3P) =  1.000000  <r> =   0.1704  <r2> =    0.0339  r(max) =   0.1561
     s(3P/4P) =  0.000000
     s(3P/5P) =  0.000000
     s(3P/6P) =  0.000000
     s(3P/3P) =  1.000000  <r> =   0.1863  <r2> =    0.0403  r(max) =   0.1704
     s(3P/4P) =  0.000000
     s(3P/5P) =  0.000000
     s(3P/6P) =  0.000000
     s(4S/4S) =  1.000000  <r> =   0.3990  <r2> =    0.1799  r(max) =   0.3746
     s(4S/5S) =  0.000000
     s(4S/6S) =  0.000000
     s(4P/4P) =  1.000000  <r> =   0.4011  <r2> =    0.1833  r(max) =   0.3746
     s(4P/5P) =  0.000000
     s(4P/6P) =  0.000000
     s(4P/4P) =  1.000000  <r> =   0.4353  <r2> =    0.2154  r(max) =   0.4037
     s(4P/5P) =  0.000000
     s(4P/6P) =  0.000000
     s(3D/3D) =  1.000000  <r> =   0.1621  <r2> =    0.0309  r(max) =   0.1327
     s(3D/4D) =  0.000000
     s(3D/5D) =  0.000000
     s(3D/3D) =  1.000000  <r> =   0.1670  <r2> =    0.0326  r(max) =   0.1378
     s(3D/4D) = -0.000000
     s(3D/5D) = -0.000000
     s(5S/5S) =  1.000000  <r> =   0.9023  <r2> =    0.9136  r(max) =   0.8336
     s(5S/6S) =  0.000000
     s(5P/5P) =  1.000000  <r> =   0.9722  <r2> =    1.0682  r(max) =   0.8763
     s(5P/6P) =  0.000000
     s(5P/5P) =  1.000000  <r> =   1.0694  <r2> =    1.2943  r(max) =   0.9565
     s(5P/6P) = -0.000000
     s(4D/4D) =  1.000000  <r> =   0.4425  <r2> =    0.2264  r(max) =   0.3987
     s(4D/5D) =  0.000000
     s(4D/4D) =  1.000000  <r> =   0.4536  <r2> =    0.2377  r(max) =   0.4088
     s(4D/5D) = -0.000000
     s(4F/4F) =  1.000000  <r> =   0.4793  <r2> =    0.2773  r(max) =   0.3653
     s(4F/4F) =  1.000000  <r> =   0.4860  <r2> =    0.2852  r(max) =   0.3699
     s(5D/5D) =  1.000000  <r> =   1.4596  <r2> =    2.5380  r(max) =   1.1394
     s(5D/5D) =  1.000000  <r> =   1.5303  <r2> =    2.8074  r(max) =   1.1829
     s(6S/6S) =  1.000000  <r> =   2.6976  <r2> =    8.3855  r(max) =   2.2100
     s(6P/6P) =  1.000000  <r> =   4.0160  <r2> =   19.4227  r(max) =   2.9461
     s(6P/6P) =  1.000000  <r> =   4.8250  <r2> =   28.2464  r(max) =   3.5095

     ------------------------ End of All-electron run ------------------------


     --------------------- Generating US pseudopotential ---------------------


      Generating local potential from pseudized AE potential:
      Matching radius rcloc =   1.9000

      Local pseudo, rcloc= 1.902 Estimated cut-off energy=     7.05 Ry

      Computing core charge for nlcc: 

       r > 1.50 : true rho core
      Core charge pseudized with two Bessel functions
      Integrated core pseudo-charge :  11.88

     Fully relativistic calculation: |psi|^2

     Wfc 6S LC norm =  0.99993174 SC norm =  0.00006548 missing  0.00000278

     Wfc 6P LC norm =  0.99997153 SC norm =  0.00002823 missing  0.00000024

     Wfc 6P LC norm =  0.99998138 SC norm =  0.00001538 missing  0.00000324

     Wfc 5D LC norm =  0.99974882 SC norm =  0.00025113 missing  0.00000005

     Wfc 5D LC norm =  0.99976931 SC norm =  0.00022900 missing  0.00000169
      Wfc-us  6S rcutus= 2.102  Estimated cut-off energy=     9.86 Ry
      Wfc-us  6S rcutus= 2.102  Estimated cut-off energy=    14.55 Ry
      Wfc-us  6P rcutus= 2.323  Estimated cut-off energy=    13.30 Ry
      Wfc-us  6P rcutus= 2.323  Estimated cut-off energy=    12.88 Ry
      Wfc-us  6P rcutus= 2.323  Estimated cut-off energy=    30.18 Ry
      Wfc-us  6P rcutus= 2.323  Estimated cut-off energy=    28.37 Ry
      Wfc-us  5D rcutus= 2.210  Estimated cut-off energy=    24.42 Ry
      Wfc-us  5D rcutus= 2.210  Estimated cut-off energy=    24.28 Ry
      Wfc-us  5D rcutus= 2.210  Estimated cut-off energy=    23.39 Ry
      Wfc-us  5D rcutus= 2.210  Estimated cut-off energy=    23.06 Ry

      The bmat matrix
     0.90352     1.28421     0.00000     0.00000     0.00000     0.00000
     0.00000     0.00000     0.00000     0.00000
     1.09679     1.60172     0.00000     0.00000     0.00000     0.00000
     0.00000     0.00000     0.00000     0.00000
     0.00000     0.00000     0.23626     0.00000     0.33599     0.00000
     0.00000     0.00000     0.00000     0.00000
     0.00000     0.00000     0.00000     0.09451     0.00000     0.18906
     0.00000     0.00000     0.00000     0.00000
     0.00000     0.00000     0.30689     0.00000     0.79718     0.00000
     0.00000     0.00000     0.00000     0.00000
     0.00000     0.00000     0.00000     0.22736     0.00000     0.79474
     0.00000     0.00000     0.00000     0.00000
     0.00000     0.00000     0.00000     0.00000     0.00000     0.00000
    -0.66100     0.00000    -0.98958     0.00000
     0.00000     0.00000     0.00000     0.00000     0.00000     0.00000
     0.00000    -0.59552     0.00000    -0.96688
     0.00000     0.00000     0.00000     0.00000     0.00000     0.00000
     0.24211     0.00000     0.29621     0.00000
     0.00000     0.00000     0.00000     0.00000     0.00000     0.00000
     0.00000     0.19487     0.00000     0.24970

      The bmat + epsilon qq matrix
     0.92850     1.13033     0.00000     0.00000     0.00000     0.00000
     0.00000     0.00000     0.00000     0.00000
     1.13037     1.40057     0.00000     0.00000     0.00000     0.00000
     0.00000     0.00000     0.00000     0.00000
     0.00000     0.00000     0.23759     0.00000     0.30735     0.00000
     0.00000     0.00000     0.00000     0.00000
     0.00000     0.00000     0.00000     0.09420     0.00000     0.22709
     0.00000     0.00000     0.00000     0.00000
     0.00000     0.00000     0.30730     0.00000     1.20438     0.00000
     0.00000     0.00000     0.00000     0.00000
     0.00000     0.00000     0.00000     0.22705     0.00000     1.15343
     0.00000     0.00000     0.00000     0.00000
     0.00000     0.00000     0.00000     0.00000     0.00000     0.00000
    -0.96087     0.00000     0.04727     0.00000
     0.00000     0.00000     0.00000     0.00000     0.00000     0.00000
     0.00000    -0.81365     0.00000     0.03762
     0.00000     0.00000     0.00000     0.00000     0.00000     0.00000
     0.04726     0.00000     0.65338     0.00000
     0.00000     0.00000     0.00000     0.00000     0.00000     0.00000
     0.00000     0.03759     0.00000     0.65057

      The qq matrix
    -0.04978    -0.06690     0.00000     0.00000     0.00000     0.00000
     0.00000     0.00000     0.00000     0.00000
    -0.06690    -0.08745     0.00000     0.00000     0.00000     0.00000
     0.00000     0.00000     0.00000     0.00000
     0.00000     0.00000    -0.01161     0.00000    -0.00358     0.00000
     0.00000     0.00000     0.00000     0.00000
     0.00000     0.00000     0.00000     0.00482     0.00000     0.00475
     0.00000     0.00000     0.00000     0.00000
     0.00000     0.00000    -0.00358     0.00000     0.05090     0.00000
     0.00000     0.00000     0.00000     0.00000
     0.00000     0.00000     0.00000     0.00475     0.00000     0.04484
     0.00000     0.00000     0.00000     0.00000
     0.00000     0.00000     0.00000     0.00000     0.00000     0.00000
     0.37109     0.00000     0.24113     0.00000
     0.00000     0.00000     0.00000     0.00000     0.00000     0.00000
     0.00000     0.32399     0.00000     0.23361
     0.00000     0.00000     0.00000     0.00000     0.00000     0.00000
     0.24113     0.00000     0.08306     0.00000
     0.00000     0.00000     0.00000     0.00000     0.00000     0.00000
     0.00000     0.23361     0.00000     0.09323

     Q pseudized with Bessel functions
     Expected ecutrho=     118.9498 due to l1=  2   l2=  2

      The ddd matrix
     0.85184     0.82955     0.00000     0.00000     0.00000     0.00000
     0.00000     0.00000     0.00000     0.00000
     0.82955     0.83440     0.00000     0.00000     0.00000     0.00000
     0.00000     0.00000     0.00000     0.00000
     0.00000     0.00000     0.32088     0.00000     0.25667     0.00000
     0.00000     0.00000     0.00000     0.00000
     0.00000     0.00000     0.00000     0.24236     0.00000     0.23996
     0.00000     0.00000     0.00000     0.00000
     0.00000     0.00000     0.25667     0.00000    -0.87194     0.00000
     0.00000     0.00000     0.00000     0.00000
     0.00000     0.00000     0.00000     0.23996     0.00000     1.14609
     0.00000     0.00000     0.00000     0.00000
     0.00000     0.00000     0.00000     0.00000     0.00000     0.00000
     2.10507     0.00000     2.23759     0.00000
     0.00000     0.00000     0.00000     0.00000     0.00000     0.00000
     0.00000     1.79269     0.00000     2.11218
     0.00000     0.00000     0.00000     0.00000     0.00000     0.00000
     2.23759     0.00000     1.90758     0.00000
     0.00000     0.00000     0.00000     0.00000     0.00000     0.00000
     0.00000     2.11218     0.00000     1.97612

     ------------------- End of pseudopotential generation -------------------

     --------------------------- All-electron run ----------------------------

     Hg                                                                         
     dirac relativistic calculation

     atomic number is 80.00
     dft =PBE   lsd =0 sic =0 latt =0  beta=0.20 tr2=1.0E-14
     Exchange-correlation= PBE
                           (   1   4   3   4   0   0   0)
     mesh =1279 r(mesh) =  98.78773 a.u. xmin = -7.00 dx = 0.01250
     1 Ry =  13.60569312 eV, c = 137.03599908

     n l j   nl                  e(Ry)          e(Ha)          e(eV)
     Spin orbit split results
     1 0 0.5 1S 1( 2.00)     -6103.9317     -3051.9659    -83048.2217
     2 0 0.5 2S 1( 2.00)     -1080.8902      -540.4451    -14706.2601
     2 1 0.5 2P 1( 2.00)     -1036.8537      -518.4269    -14107.1136
     2 1 1.5 2P 1( 4.00)      -893.6723      -446.8361    -12159.0310
     3 0 0.5 3S 1( 2.00)      -256.4664      -128.2332     -3489.4035
     3 1 0.5 3P 1( 2.00)      -236.6781      -118.3390     -3220.1691
     3 1 1.5 3P 1( 4.00)      -204.9622      -102.4811     -2788.6535
     4 0 0.5 4S 1( 2.00)       -56.3872       -28.1936      -767.1871
     4 1 0.5 4P 1( 2.00)       -47.9099       -23.9550      -651.8478
     4 1 1.5 4P 1( 4.00)       -40.2521       -20.1261      -547.6582
     3 2 1.5 3D 1( 4.00)      -172.2892       -86.1446     -2344.1137
     3 2 2.5 3D 1( 6.00)      -165.4954       -82.7477     -2251.6790
     5 0 0.5 5S 1( 2.00)        -8.6643        -4.3321      -117.8831
     5 1 0.5 5P 1( 2.00)        -5.8707        -2.9353       -79.8744
     5 1 1.5 5P 1( 4.00)        -4.5281        -2.2640       -61.6074
     4 2 1.5 4D 1( 4.00)       -26.4215       -13.2108      -359.4835
     4 2 2.5 4D 1( 6.00)       -24.9942       -12.4971      -340.0640
     4 3 2.5 4F 1( 6.00)        -7.1989        -3.5995       -97.9461
     4 3 3.5 4F 1( 8.00)        -6.8908        -3.4454       -93.7538
     5 2 1.5 5D 1( 4.00)        -0.8081        -0.4040       -10.9947
     5 2 2.5 5D 1( 6.00)        -0.6732        -0.3366        -9.1600
     6 0 0.5 6S 1( 2.00)        -0.5019        -0.2510        -6.8287
     6 1 0.5 6P 1( 0.00)        -0.1142        -0.0571        -1.5536
     6 1 1.5 6P 1( 0.00)        -0.0661        -0.0330        -0.8993
     Averaged results
     1 0     1S 1( 2.00)     -6103.9317     -3051.9659    -83048.2217
     2 0     2S 1( 2.00)     -1080.8902      -540.4451    -14706.2601
     2 1     2P 1( 6.00)      -941.3994      -470.6997    -12808.3919
     3 0     3S 1( 2.00)      -256.4664      -128.2332     -3489.4035
     3 1     3P 1( 6.00)      -215.5342      -107.7671     -2932.4920
     4 0     4S 1( 2.00)       -56.3872       -28.1936      -767.1871
     4 1     4P 1( 6.00)       -42.8047       -21.4024      -582.3881
     3 2     3D 1(10.00)      -168.2129       -84.1064     -2288.6528
     5 0     5S 1( 2.00)        -8.6643        -4.3321      -117.8831
     5 1     5P 1( 6.00)        -4.9756        -2.4878       -67.6964
     4 2     4D 1(10.00)       -25.5652       -12.7826      -347.8318
     4 3     4F 1(14.00)        -7.0228        -3.5114       -95.5505
     5 2     5D 1(10.00)        -0.7272        -0.3636        -9.8939
     6 0     6S 1( 2.00)        -0.5019        -0.2510        -6.8287
     6 1     6P 1( 0.00)        -0.0821        -0.0411        -1.1174

     final scf error:  7.7E-15 reached in  26 iterations
 
     Etot =  -39324.322277 Ry,  -19662.161139 Ha, -535034.661173 eV

     Ekin =   45389.491167 Ry,   22694.745583 Ha,  617555.487825 eV
     Encl =  -99236.082377 Ry,  -49618.041188 Ha,-1350175.683548 eV
     Eh   =   15269.732564 Ry,    7634.866282 Ha,  207755.295341 eV
     Exc  =    -747.463632 Ry,    -373.731816 Ha,  -10169.760791 eV


     normalization and overlap integrals

     s(1S/1S) =  1.000000  <r> =   0.0166  <r2> =    0.0004  r(max) =   0.0102
     s(1S/2S) = -0.000000
     s(1S/3S) = -0.000000
     s(1S/4S) = -0.000000
     s(1S/5S) = -0.000000
     s(1S/6S) = -0.000000
     s(2S/2S) =  1.000000  <r> =   0.0692  <r2> =    0.0057  r(max) =   0.0589
     s(2S/3S) =  0.000000
     s(2S/4S) =  0.000000
     s(2S/5S) =  0.000000
     s(2S/6S) =  0.000000
     s(2P/2P) =  1.000000  <r> =   0.0569  <r2> =    0.0041  r(max) =   0.0442
     s(2P/3P) =  0.000000
     s(2P/4P) =  0.000000
     s(2P/5P) =  0.000000
     s(2P/6P) =  0.000000
     s(2P/2P) =  1.000000  <r> =   0.0656  <r2> =    0.0052  r(max) =   0.0513
     s(2P/3P) =  0.000000
     s(2P/4P) =  0.000000
     s(2P/5P) =  0.000000
     s(2P/6P) =  0.000000
     s(3S/3S) =  1.000000  <r> =   0.1801  <r2> =    0.0372  r(max) =   0.1662
     s(3S/4S) =  0.000000
     s(3S/5S) =  0.000000
     s(3S/6S) =  0.000000
     s(3P/3P) =  1.000000  <r> =   0.1704  <r2> =    0.0339  r(max) =   0.1561
     s(3P/4P) =  0.000000
     s(3P/5P) =  0.000000
     s(3P/6P) =  0.000000
     s(3P/3P) =  1.000000  <r> =   0.1863  <r2> =    0.0403  r(max) =   0.1704
     s(3P/4P) =  0.000000
     s(3P/5P) =  0.000000
     s(3P/6P) =  0.000000
     s(4S/4S) =  1.000000  <r> =   0.3990  <r2> =    0.1799  r(max) =   0.3746
     s(4S/5S) =  0.000000
     s(4S/6S) =  0.000000
     s(4P/4P) =  1.000000  <r> =   0.4011  <r2> =    0.1833  r(max) =   0.3746
     s(4P/5P) =  0.000000
     s(4P/6P) =  0.000000
     s(4P/4P) =  1.000000  <r> =   0.4353  <r2> =    0.2154  r(max) =   0.4037
     s(4P/5P) =  0.000000
     s(4P/6P) =  0.000000
     s(3D/3D) =  1.000000  <r> =   0.1621  <r2> =    0.0309  r(max) =   0.1327
     s(3D/4D) =  0.000000
     s(3D/5D) =  0.000000
     s(3D/3D) =  1.000000  <r> =   0.1670  <r2> =    0.0326  r(max) =   0.1378
     s(3D/4D) = -0.000000
     s(3D/5D) = -0.000000
     s(5S/5S) =  1.000000  <r> =   0.9023  <r2> =    0.9136  r(max) =   0.8336
     s(5S/6S) =  0.000000
     s(5P/5P) =  1.000000  <r> =   0.9722  <r2> =    1.0682  r(max) =   0.8763
     s(5P/6P) =  0.000000
     s(5P/5P) =  1.000000  <r> =   1.0694  <r2> =    1.2943  r(max) =   0.9565
     s(5P/6P) = -0.000000
     s(4D/4D) =  1.000000  <r> =   0.4425  <r2> =    0.2264  r(max) =   0.3987
     s(4D/5D) =  0.000000
     s(4D/4D) =  1.000000  <r> =   0.4536  <r2> =    0.2377  r(max) =   0.4088
     s(4D/5D) = -0.000000
     s(4F/4F) =  1.000000  <r> =   0.4793  <r2> =    0.2773  r(max) =   0.3653
     s(4F/4F) =  1.000000  <r> =   0.4860  <r2> =    0.2852  r(max) =   0.3699
     s(5D/5D) =  1.000000  <r> =   1.4596  <r2> =    2.5380  r(max) =   1.1394
     s(5D/5D) =  1.000000  <r> =   1.5303  <r2> =    2.8074  r(max) =   1.1829
     s(6S/6S) =  1.000000  <r> =   2.6976  <r2> =    8.3855  r(max) =   2.2100
     s(6P/6P) =  1.000000  <r> =   4.0160  <r2> =   19.4227  r(max) =   2.9461
     s(6P/6P) =  1.000000  <r> =   4.8250  <r2> =   28.2464  r(max) =   3.5095

     ------------------------ End of All-electron run ------------------------


     ---------------------- Testing the pseudopotential ----------------------

     Hg                                                                         
     dirac relativistic calculation

     atomic number is 80.00   valence charge is 12.00
     dft =PBE   lsd =0 sic =0 latt =0  beta=0.20 tr2=1.0E-14
     mesh =1279 r(mesh) =  98.78773 xmin = -7.00 dx = 0.01250

     n l  j  nl             e AE (Ry)       e PS (Ry)    De AE-PS (Ry) 
     1 0 0.5 6S   1( 2.00)       -0.50190       -0.50191        0.00000
     2 1 0.5 6P   1( 0.00)       -0.11419       -0.11419       -0.00000
     2 1 1.5 6P   1( 0.00)       -0.06610       -0.06610        0.00000
     3 2 1.5 5D   1( 4.00)       -0.80809       -0.80809        0.00000
     3 2 2.5 5D   1( 6.00)       -0.67325       -0.67325        0.00000

     eps = 1.7E-16  iter =  4
 
     Etot =  -39324.322277 Ry,  -19662.161139 Ha, -535034.661173 eV
     Etotps =  -105.893167 Ry,     -52.946583 Ha,   -1440.749934 eV

     Ekin =      26.036483 Ry,      13.018241 Ha,     354.244395 eV
     Encl =    -193.265242 Ry,     -96.632621 Ha,   -2629.507569 eV
     Ehrt =      78.548323 Ry,      39.274162 Ha,    1068.704378 eV
     Ecxc =     -38.092842 Ry,     -19.046421 Ha,    -518.279522 eV
     (Ecc =     -21.093060 Ry,     -10.546530 Ha,    -286.985706 eV)
     Epseu=      20.880111 Ry,      10.440056 Ha,     284.088383 eV

     ---------------------- End of pseudopotential test ----------------------

