[0] MPI startup(): I_MPI_SHM_LMT environment variable is not supported.
[0] MPI startup(): Similar variables:
	 I_MPI_SHM_HEAP
	 I_MPI_SHM
	 I_MPI_SHM_OPT
	 I_MPI_SHM_THP
[0] MPI startup(): To check the list of supported variables, use the impi_info utility or refer to https://software.intel.com/en-us/mpi-library/documentation/get-started.

     Program LD1 v.7.3.1 starts on 19Sep2024 at 21:48:58 

     This program is part of the open-source Quantum ESPRESSO suite
     for quantum simulation of materials; please cite
         "P. Giannozzi et al., J. Phys.:Condens. Matter 21 395502 (2009);
         "P. Giannozzi et al., J. Phys.:Condens. Matter 29 465901 (2017);
         "P. Giannozzi et al., J. Chem. Phys. 152 154105 (2020);
          URL http://www.quantum-espresso.org", 
     in publications or presentations arising from this work. More details at
     http://www.quantum-espresso.org/quote

     Parallel version (MPI), running on     1 processors

     MPI processes distributed on     1 nodes
     89455 MiB available memory on the printing compute node when the environment starts
 
     Waiting for input...
     Reading input from standard input
     --------------------------- All-electron run ----------------------------

     I                                                                          
     dirac relativistic calculation

     atomic number is 53.00
     dft =PBE   lsd =0 sic =0 latt =0  beta=0.20 tr2=1.0E-14
     Exchange-correlation= PBE
                           (   1   4   3   4   0   0   0)
     mesh =1247 r(mesh) =  99.95380 a.u. xmin = -7.00 dx = 0.01250
     1 Ry =  13.60569312 eV, c = 137.03599908

     n l j   nl                  e(Ry)          e(Ha)          e(eV)
     Spin orbit split results
     1 0 0.5 1S 1( 2.00)     -2422.5664     -1211.2832    -32960.6956
     2 0 0.5 2S 1( 2.00)      -374.1565      -187.0782     -5090.6580
     2 1 0.5 2P 1( 2.00)      -351.0353      -175.5176     -4776.0785
     2 1 1.5 2P 1( 4.00)      -329.0786      -164.5393     -4477.3425
     3 0 0.5 3S 1( 2.00)       -75.5125       -37.7562     -1027.3995
     3 1 0.5 3P 1( 2.00)       -65.9565       -32.9782      -897.3838
     3 1 1.5 3P 1( 4.00)       -61.8246       -30.9123      -841.1663
     4 0 0.5 4S 1( 2.00)       -13.2526        -6.6263      -180.3112
     4 1 0.5 4P 1( 2.00)        -9.9188        -4.9594      -134.9523
     4 1 1.5 4P 1( 4.00)        -9.1145        -4.5572      -124.0090
     3 2 1.5 3D 1( 4.00)       -44.9957       -22.4979      -612.1983
     3 2 2.5 3D 1( 6.00)       -44.1270       -22.0635      -600.3779
     4 2 1.5 4D 1( 4.00)        -3.7591        -1.8796       -51.1455
     4 2 2.5 4D 1( 6.00)        -3.6332        -1.8166       -49.4324
     5 0 0.5 5S 1( 2.00)        -1.2734        -0.6367       -17.3259
     5 1 0.5 5P 1( 2.00)        -0.5680        -0.2840        -7.7278
     5 1 1.5 5P 1( 3.00)        -0.4947        -0.2474        -6.7314
     Averaged results
     1 0     1S 1( 2.00)     -2422.5664     -1211.2832    -32960.6956
     2 0     2S 1( 2.00)      -374.1565      -187.0782     -5090.6580
     2 1     2P 1( 6.00)      -336.3975      -168.1988     -4576.9212
     3 0     3S 1( 2.00)       -75.5125       -37.7562     -1027.3995
     3 1     3P 1( 6.00)       -63.2019       -31.6009      -859.9055
     4 0     4S 1( 2.00)       -13.2526        -6.6263      -180.3112
     4 1     4P 1( 6.00)        -9.3826        -4.6913      -127.6568
     3 2     3D 1(10.00)       -44.4745       -22.2372      -605.1061
     4 2     4D 1(10.00)        -3.6836        -1.8418       -50.1176
     5 0     5S 1( 2.00)        -1.2734        -0.6367       -17.3259
     5 1     5P 1( 5.00)        -0.5192        -0.2596        -7.0635

     final scf error:  4.9E-15 reached in  25 iterations
 
     Etot =  -14238.081745 Ry,   -7119.040873 Ha, -193718.970884 eV

     Ekin =   15092.326297 Ry,    7546.163149 Ha,  205341.560112 eV
     Encl =  -34604.585065 Ry,  -17302.292533 Ha, -470819.365047 eV
     Eh   =    5637.381059 Ry,    2818.690530 Ha,   76700.476709 eV
     Exc  =    -363.204036 Ry,    -181.602018 Ha,   -4941.642657 eV


     normalization and overlap integrals

     s(1S/1S) =  1.000000  <r> =   0.0272  <r2> =    0.0010  r(max) =   0.0175
     s(1S/2S) = -0.000000
     s(1S/3S) = -0.000000
     s(1S/4S) =  0.000000
     s(1S/5S) =  0.000000
     s(2S/2S) =  1.000000  <r> =   0.1167  <r2> =    0.0161  r(max) =   0.0995
     s(2S/3S) =  0.000000
     s(2S/4S) =  0.000000
     s(2S/5S) =  0.000000
     s(2P/2P) =  1.000000  <r> =   0.0985  <r2> =    0.0119  r(max) =   0.0765
     s(2P/3P) =  0.000000
     s(2P/4P) =  0.000000
     s(2P/5P) =  0.000000
     s(2P/2P) =  1.000000  <r> =   0.1041  <r2> =    0.0132  r(max) =   0.0814
     s(2P/3P) =  0.000000
     s(2P/4P) =  0.000000
     s(2P/5P) =  0.000000
     s(3S/3S) =  1.000000  <r> =   0.3138  <r2> =    0.1127  r(max) =   0.2843
     s(3S/4S) =  0.000000
     s(3S/5S) =  0.000000
     s(3P/3P) =  1.000000  <r> =   0.3040  <r2> =    0.1074  r(max) =   0.2738
     s(3P/4P) =  0.000000
     s(3P/5P) =  0.000000
     s(3P/3P) =  1.000000  <r> =   0.3156  <r2> =    0.1155  r(max) =   0.2843
     s(3P/4P) =  0.000000
     s(3P/5P) =  0.000000
     s(4S/4S) =  1.000000  <r> =   0.7400  <r2> =    0.6188  r(max) =   0.6820
     s(4S/5S) =  0.000000
     s(4P/4P) =  1.000000  <r> =   0.7728  <r2> =    0.6808  r(max) =   0.6992
     s(4P/5P) =  0.000000
     s(4P/4P) =  1.000000  <r> =   0.8010  <r2> =    0.7313  r(max) =   0.7259
     s(4P/5P) =  0.000000
     s(3D/3D) =  1.000000  <r> =   0.2865  <r2> =    0.0972  r(max) =   0.2299
     s(3D/4D) = -0.000000
     s(3D/3D) =  1.000000  <r> =   0.2901  <r2> =    0.0996  r(max) =   0.2327
     s(3D/4D) = -0.000000
     s(4D/4D) =  1.000000  <r> =   0.9149  <r2> =    0.9806  r(max) =   0.7728
     s(4D/4D) =  1.000000  <r> =   0.9264  <r2> =    1.0056  r(max) =   0.7825
     s(5S/5S) =  1.000000  <r> =   1.9677  <r2> =    4.3925  r(max) =   1.6984
     s(5P/5P) =  1.000000  <r> =   2.3947  <r2> =    6.6316  r(max) =   1.9733
     s(5P/5P) =  1.000000  <r> =   2.5199  <r2> =    7.3581  r(max) =   2.0487

     ------------------------ End of All-electron run ------------------------


     --------------------- Generating US pseudopotential ---------------------


      Generating local pot.: lloc=2, j= 1.50, matching radius rcloc =   2.0000

      Generating local pot.: lloc=2, j= 2.50, matching radius rcloc =   2.0000

      Computing core charge for nlcc: 

       r > 1.41 : true rho core
      Core charge pseudized with two Bessel functions
      Integrated core pseudo-charge :  17.11

     Fully relativistic calculation: |psi|^2

     Wfc 5S LC norm =  0.99988529 SC norm =  0.00011044 missing  0.00000427

     Wfc 5P LC norm =  0.99992318 SC norm =  0.00007643 missing  0.00000038

     Wfc 5P LC norm =  0.99993066 SC norm =  0.00006150 missing  0.00000784
      Wfc-us  5S rcutus= 1.877  Estimated cut-off energy=    13.14 Ry
      Wfc-us  5S rcutus= 1.877  Estimated cut-off energy=    28.14 Ry
      Wfc-us  5P rcutus= 1.877  Estimated cut-off energy=    20.98 Ry
      Wfc-us  5P rcutus= 1.877  Estimated cut-off energy=    20.74 Ry
      Wfc-us  5P rcutus= 1.877  Estimated cut-off energy=    22.10 Ry
      Wfc-us  5P rcutus= 1.877  Estimated cut-off energy=    21.67 Ry

      The bmat matrix
     0.57424     1.53716     0.00000     0.00000     0.00000     0.00000
     0.66989     1.20713     0.00000     0.00000     0.00000     0.00000
     0.00000     0.00000    -0.19135     0.00000    -0.12099     0.00000
     0.00000     0.00000     0.00000    -0.13461     0.00000    -0.09663
     0.00000     0.00000    -0.15299     0.00000    -0.08728     0.00000
     0.00000     0.00000     0.00000    -0.11448     0.00000    -0.07493

      The bmat + epsilon qq matrix
     0.82380     0.82172     0.00000     0.00000     0.00000     0.00000
     0.82174     0.88010     0.00000     0.00000     0.00000     0.00000
     0.00000     0.00000    -0.16821     0.00000    -0.12932     0.00000
     0.00000     0.00000     0.00000    -0.12353     0.00000    -0.10177
     0.00000     0.00000    -0.12932     0.00000    -0.09576     0.00000
     0.00000     0.00000     0.00000    -0.10176     0.00000    -0.08076

      The qq matrix
    -0.19597    -0.11924     0.00000     0.00000     0.00000     0.00000
    -0.11924    -0.05450     0.00000     0.00000     0.00000     0.00000
     0.00000     0.00000    -0.04075     0.00000    -0.04168     0.00000
     0.00000     0.00000     0.00000    -0.02238     0.00000    -0.02571
     0.00000     0.00000    -0.04168     0.00000    -0.04244     0.00000
     0.00000     0.00000     0.00000    -0.02571     0.00000    -0.02914

     Q pseudized with Bessel functions
     Expected ecutrho=      97.2204 due to l1=  1   l2=  1

      The ddd matrix
    -0.15844    -0.36024     0.00000     0.00000     0.00000     0.00000
    -0.36024     0.36889     0.00000     0.00000     0.00000     0.00000
     0.00000     0.00000    -0.00869     0.00000    -0.03598     0.00000
     0.00000     0.00000     0.00000     0.15864     0.00000     0.13568
     0.00000     0.00000    -0.03598     0.00000    -0.06138     0.00000
     0.00000     0.00000     0.00000     0.13568     0.00000     0.11093

     ------------------- End of pseudopotential generation -------------------

     --------------------------- All-electron run ----------------------------

     I                                                                          
     dirac relativistic calculation

     atomic number is 53.00
     dft =PBE   lsd =0 sic =0 latt =0  beta=0.20 tr2=1.0E-14
     Exchange-correlation= PBE
                           (   1   4   3   4   0   0   0)
     mesh =1247 r(mesh) =  99.95380 a.u. xmin = -7.00 dx = 0.01250
     1 Ry =  13.60569312 eV, c = 137.03599908

     n l j   nl                  e(Ry)          e(Ha)          e(eV)
     Spin orbit split results
     1 0 0.5 1S 1( 2.00)     -2422.5664     -1211.2832    -32960.6956
     2 0 0.5 2S 1( 2.00)      -374.1565      -187.0782     -5090.6580
     2 1 0.5 2P 1( 2.00)      -351.0353      -175.5176     -4776.0785
     2 1 1.5 2P 1( 4.00)      -329.0786      -164.5393     -4477.3425
     3 0 0.5 3S 1( 2.00)       -75.5125       -37.7562     -1027.3995
     3 1 0.5 3P 1( 2.00)       -65.9565       -32.9782      -897.3838
     3 1 1.5 3P 1( 4.00)       -61.8246       -30.9123      -841.1663
     4 0 0.5 4S 1( 2.00)       -13.2526        -6.6263      -180.3112
     4 1 0.5 4P 1( 2.00)        -9.9188        -4.9594      -134.9523
     4 1 1.5 4P 1( 4.00)        -9.1145        -4.5572      -124.0090
     3 2 1.5 3D 1( 4.00)       -44.9957       -22.4979      -612.1983
     3 2 2.5 3D 1( 6.00)       -44.1270       -22.0635      -600.3779
     4 2 1.5 4D 1( 4.00)        -3.7591        -1.8796       -51.1455
     4 2 2.5 4D 1( 6.00)        -3.6332        -1.8166       -49.4324
     5 0 0.5 5S 1( 2.00)        -1.2734        -0.6367       -17.3259
     5 1 0.5 5P 1( 2.00)        -0.5680        -0.2840        -7.7278
     5 1 1.5 5P 1( 3.00)        -0.4947        -0.2474        -6.7314
     Averaged results
     1 0     1S 1( 2.00)     -2422.5664     -1211.2832    -32960.6956
     2 0     2S 1( 2.00)      -374.1565      -187.0782     -5090.6580
     2 1     2P 1( 6.00)      -336.3975      -168.1988     -4576.9212
     3 0     3S 1( 2.00)       -75.5125       -37.7562     -1027.3995
     3 1     3P 1( 6.00)       -63.2019       -31.6009      -859.9055
     4 0     4S 1( 2.00)       -13.2526        -6.6263      -180.3112
     4 1     4P 1( 6.00)        -9.3826        -4.6913      -127.6568
     3 2     3D 1(10.00)       -44.4745       -22.2372      -605.1061
     4 2     4D 1(10.00)        -3.6836        -1.8418       -50.1176
     5 0     5S 1( 2.00)        -1.2734        -0.6367       -17.3259
     5 1     5P 1( 5.00)        -0.5192        -0.2596        -7.0635

     final scf error:  4.9E-15 reached in  25 iterations
 
     Etot =  -14238.081745 Ry,   -7119.040873 Ha, -193718.970884 eV

     Ekin =   15092.326297 Ry,    7546.163149 Ha,  205341.560112 eV
     Encl =  -34604.585065 Ry,  -17302.292533 Ha, -470819.365047 eV
     Eh   =    5637.381059 Ry,    2818.690530 Ha,   76700.476709 eV
     Exc  =    -363.204036 Ry,    -181.602018 Ha,   -4941.642657 eV


     normalization and overlap integrals

     s(1S/1S) =  1.000000  <r> =   0.0272  <r2> =    0.0010  r(max) =   0.0175
     s(1S/2S) = -0.000000
     s(1S/3S) = -0.000000
     s(1S/4S) =  0.000000
     s(1S/5S) =  0.000000
     s(2S/2S) =  1.000000  <r> =   0.1167  <r2> =    0.0161  r(max) =   0.0995
     s(2S/3S) =  0.000000
     s(2S/4S) =  0.000000
     s(2S/5S) =  0.000000
     s(2P/2P) =  1.000000  <r> =   0.0985  <r2> =    0.0119  r(max) =   0.0765
     s(2P/3P) =  0.000000
     s(2P/4P) =  0.000000
     s(2P/5P) =  0.000000
     s(2P/2P) =  1.000000  <r> =   0.1041  <r2> =    0.0132  r(max) =   0.0814
     s(2P/3P) =  0.000000
     s(2P/4P) =  0.000000
     s(2P/5P) =  0.000000
     s(3S/3S) =  1.000000  <r> =   0.3138  <r2> =    0.1127  r(max) =   0.2843
     s(3S/4S) =  0.000000
     s(3S/5S) =  0.000000
     s(3P/3P) =  1.000000  <r> =   0.3040  <r2> =    0.1074  r(max) =   0.2738
     s(3P/4P) =  0.000000
     s(3P/5P) =  0.000000
     s(3P/3P) =  1.000000  <r> =   0.3156  <r2> =    0.1155  r(max) =   0.2843
     s(3P/4P) =  0.000000
     s(3P/5P) =  0.000000
     s(4S/4S) =  1.000000  <r> =   0.7400  <r2> =    0.6188  r(max) =   0.6820
     s(4S/5S) =  0.000000
     s(4P/4P) =  1.000000  <r> =   0.7728  <r2> =    0.6808  r(max) =   0.6992
     s(4P/5P) =  0.000000
     s(4P/4P) =  1.000000  <r> =   0.8010  <r2> =    0.7313  r(max) =   0.7259
     s(4P/5P) =  0.000000
     s(3D/3D) =  1.000000  <r> =   0.2865  <r2> =    0.0972  r(max) =   0.2299
     s(3D/4D) = -0.000000
     s(3D/3D) =  1.000000  <r> =   0.2901  <r2> =    0.0996  r(max) =   0.2327
     s(3D/4D) = -0.000000
     s(4D/4D) =  1.000000  <r> =   0.9149  <r2> =    0.9806  r(max) =   0.7728
     s(4D/4D) =  1.000000  <r> =   0.9264  <r2> =    1.0056  r(max) =   0.7825
     s(5S/5S) =  1.000000  <r> =   1.9677  <r2> =    4.3925  r(max) =   1.6984
     s(5P/5P) =  1.000000  <r> =   2.3947  <r2> =    6.6316  r(max) =   1.9733
     s(5P/5P) =  1.000000  <r> =   2.5199  <r2> =    7.3581  r(max) =   2.0487

     ------------------------ End of All-electron run ------------------------


     ---------------------- Testing the pseudopotential ----------------------

     I                                                                          
     dirac relativistic calculation

     atomic number is 53.00   valence charge is  7.00
     dft =PBE   lsd =0 sic =0 latt =0  beta=0.20 tr2=1.0E-14
     mesh =1247 r(mesh) =  99.95380 xmin = -7.00 dx = 0.01250

     n l  j  nl             e AE (Ry)       e PS (Ry)    De AE-PS (Ry) 
     1 0 0.5 5S   1( 2.00)       -1.27343       -1.27344        0.00000
     2 1 0.5 5P   1( 2.00)       -0.56798       -0.56798       -0.00000
     2 1 1.5 5P   1( 3.00)       -0.49475       -0.49475        0.00000

     eps = 4.8E-15  iter =  3
 
     Etot =  -14238.081745 Ry,   -7119.040873 Ha, -193718.970884 eV
     Etotps =   -58.810405 Ry,     -29.405203 Ha,    -800.156323 eV

     Ekin =       6.431767 Ry,       3.215883 Ha,      87.508644 eV
     Encl =     -42.985065 Ry,     -21.492533 Ha,    -584.841609 eV
     Ehrt =      19.101148 Ry,       9.550574 Ha,     259.884364 eV
     Ecxc =     -41.499944 Ry,     -20.749972 Ha,    -564.635503 eV
     (Ecc =     -35.530451 Ry,     -17.765225 Ha,    -483.416411 eV)
     Epseu=       0.141689 Ry,       0.070845 Ha,       1.927780 eV

     ---------------------- End of pseudopotential test ----------------------

