[0] MPI startup(): I_MPI_SHM_LMT environment variable is not supported.
[0] MPI startup(): Similar variables:
	 I_MPI_SHM_HEAP
	 I_MPI_SHM
	 I_MPI_SHM_OPT
	 I_MPI_SHM_THP
[0] MPI startup(): To check the list of supported variables, use the impi_info utility or refer to https://software.intel.com/en-us/mpi-library/documentation/get-started.

     Program LD1 v.7.3.1 starts on 19Sep2024 at 21:48:56 

     This program is part of the open-source Quantum ESPRESSO suite
     for quantum simulation of materials; please cite
         "P. Giannozzi et al., J. Phys.:Condens. Matter 21 395502 (2009);
         "P. Giannozzi et al., J. Phys.:Condens. Matter 29 465901 (2017);
         "P. Giannozzi et al., J. Chem. Phys. 152 154105 (2020);
          URL http://www.quantum-espresso.org", 
     in publications or presentations arising from this work. More details at
     http://www.quantum-espresso.org/quote

     Parallel version (MPI), running on     1 processors

     MPI processes distributed on     1 nodes
     89465 MiB available memory on the printing compute node when the environment starts
 
     Waiting for input...
     Reading input from standard input
     --------------------------- All-electron run ----------------------------

     In                                                                         
     dirac relativistic calculation

     atomic number is 49.00
     dft =PBE   lsd =0 sic =0 latt =0  beta=0.20 tr2=1.0E-14
     Exchange-correlation= PBE
                           (   1   4   3   4   0   0   0)
     mesh =1241 r(mesh) = 100.30140 a.u. xmin = -7.00 dx = 0.01250
     1 Ry =  13.60569312 eV, c = 137.03599908

     n l j   nl                  e(Ry)          e(Ha)          e(eV)
     Spin orbit split results
     1 0 0.5 1S 1( 2.00)     -2038.6035     -1019.3018    -27736.6137
     2 0 0.5 2S 1( 2.00)      -305.1404      -152.5702     -4151.6465
     2 1 0.5 2P 1( 2.00)      -284.5500      -142.2750     -3871.4996
     2 1 1.5 2P 1( 4.00)      -269.0508      -134.5254     -3660.6227
     3 0 0.5 3S 1( 2.00)       -57.8964       -28.9482      -787.7205
     3 1 0.5 3P 1( 2.00)       -49.5893       -24.7947      -674.6972
     3 1 1.5 3P 1( 4.00)       -46.7897       -23.3949      -636.6067
     4 0 0.5 4S 1( 2.00)        -8.7764        -4.3882      -119.4085
     4 1 0.5 4P 1( 2.00)        -6.0645        -3.0322       -82.5111
     4 1 1.5 4P 1( 4.00)        -5.5758        -2.7879       -75.8631
     3 2 1.5 3D 1( 4.00)       -32.1030       -16.0515      -436.7830
     3 2 2.5 3D 1( 6.00)       -31.5294       -15.7647      -428.9795
     4 2 1.5 4D 1( 4.00)        -1.3941        -0.6971       -18.9679
     4 2 2.5 4D 1( 6.00)        -1.3310        -0.6655       -18.1088
     5 0 0.5 5S 1( 2.00)        -0.5949        -0.2975        -8.0945
     5 1 0.5 5P 1( 1.00)        -0.1941        -0.0970        -2.6406
     5 1 1.5 5P 1( 0.00)        -0.1724        -0.0862        -2.3457
     Averaged results
     1 0     1S 1( 2.00)     -2038.6035     -1019.3018    -27736.6137
     2 0     2S 1( 2.00)      -305.1404      -152.5702     -4151.6465
     2 1     2P 1( 6.00)      -274.2172      -137.1086     -3730.9150
     3 0     3S 1( 2.00)       -57.8964       -28.9482      -787.7205
     3 1     3P 1( 6.00)       -47.7229       -23.8615      -649.3036
     4 0     4S 1( 2.00)        -8.7764        -4.3882      -119.4085
     4 1     4P 1( 6.00)        -5.7387        -2.8694       -78.0791
     3 2     3D 1(10.00)       -31.7588       -15.8794      -432.1009
     4 2     4D 1(10.00)        -1.3562        -0.6781       -18.4524
     5 0     5S 1( 2.00)        -0.5949        -0.2975        -8.0945
     5 1     5P 1( 1.00)        -0.1796        -0.0898        -2.4440

     final scf error:  3.0E-15 reached in  26 iterations
 
     Etot =  -11766.450358 Ry,   -5883.225179 Ha, -160090.712717 eV

     Ekin =   12364.173336 Ry,    6182.086668 Ha,  168223.148133 eV
     Encl =  -28555.247920 Ry,  -14277.623960 Ha, -388513.940256 eV
     Eh   =    4744.481273 Ry,    2372.240637 Ha,   64551.956229 eV
     Exc  =    -319.857047 Ry,    -159.928523 Ha,   -4351.876823 eV


     normalization and overlap integrals

     s(1S/1S) =  1.000000  <r> =   0.0297  <r2> =    0.0012  r(max) =   0.0192
     s(1S/2S) = -0.000000
     s(1S/3S) = -0.000000
     s(1S/4S) =  0.000000
     s(1S/5S) =  0.000000
     s(2S/2S) =  1.000000  <r> =   0.1281  <r2> =    0.0194  r(max) =   0.1090
     s(2S/3S) =  0.000000
     s(2S/4S) =  0.000000
     s(2S/5S) =  0.000000
     s(2P/2P) =  1.000000  <r> =   0.1085  <r2> =    0.0145  r(max) =   0.0838
     s(2P/3P) =  0.000000
     s(2P/4P) =  0.000000
     s(2P/5P) =  0.000000
     s(2P/2P) =  1.000000  <r> =   0.1137  <r2> =    0.0158  r(max) =   0.0881
     s(2P/3P) =  0.000000
     s(2P/4P) =  0.000000
     s(2P/5P) =  0.000000
     s(3S/3S) =  1.000000  <r> =   0.3483  <r2> =    0.1389  r(max) =   0.3153
     s(3S/4S) =  0.000000
     s(3S/5S) =  0.000000
     s(3P/3P) =  1.000000  <r> =   0.3394  <r2> =    0.1339  r(max) =   0.3037
     s(3P/4P) =  0.000000
     s(3P/5P) =  0.000000
     s(3P/3P) =  1.000000  <r> =   0.3505  <r2> =    0.1426  r(max) =   0.3114
     s(3P/4P) =  0.000000
     s(3P/5P) =  0.000000
     s(4S/4S) =  1.000000  <r> =   0.8481  <r2> =    0.8146  r(max) =   0.7658
     s(4S/5S) =  0.000000
     s(4P/4P) =  1.000000  <r> =   0.9013  <r2> =    0.9297  r(max) =   0.7951
     s(4P/5P) =  0.000000
     s(4P/4P) =  1.000000  <r> =   0.9317  <r2> =    0.9938  r(max) =   0.8255
     s(4P/5P) = -0.000000
     s(3D/3D) =  1.000000  <r> =   0.3223  <r2> =    0.1235  r(max) =   0.2581
     s(3D/4D) = -0.000000
     s(3D/3D) =  1.000000  <r> =   0.3258  <r2> =    0.1261  r(max) =   0.2581
     s(3D/4D) = -0.000000
     s(4D/4D) =  1.000000  <r> =   1.1734  <r2> =    1.6555  r(max) =   0.9237
     s(4D/4D) =  1.000000  <r> =   1.1905  <r2> =    1.7061  r(max) =   0.9354
     s(5S/5S) =  1.000000  <r> =   2.6156  <r2> =    7.8719  r(max) =   2.1612
     s(5P/5P) =  1.000000  <r> =   3.6366  <r2> =   15.7319  r(max) =   2.7751
     s(5P/5P) =  1.000000  <r> =   3.8287  <r2> =   17.4574  r(max) =   2.9174

     ------------------------ End of All-electron run ------------------------


     --------------------- Generating US pseudopotential ---------------------


      Generating local potential from pseudized AE potential:
      Matching radius rcloc =   1.9000

      Local pseudo, rcloc= 1.884 Estimated cut-off energy=     7.05 Ry

      Computing core charge for nlcc: 

       r > 1.20 : true rho core
      Core charge pseudized with two Bessel functions
      Integrated core pseudo-charge :  12.12

     Fully relativistic calculation: |psi|^2

     Wfc 5S LC norm =  0.99994241 SC norm =  0.00005526 missing  0.00000233

     Wfc 5P LC norm =  0.99997145 SC norm =  0.00002840 missing  0.00000015

     Wfc 5P LC norm =  0.99997444 SC norm =  0.00002163 missing  0.00000393

     Wfc 4D LC norm =  0.99971810 SC norm =  0.00028187 missing  0.00000003

     Wfc 4D LC norm =  0.99972491 SC norm =  0.00027476 missing  0.00000033
      Wfc-us  5S rcutus= 1.980  Estimated cut-off energy=    10.95 Ry
      Wfc-us  5S rcutus= 1.980  Estimated cut-off energy=    17.18 Ry
      Wfc-us  5P rcutus= 2.480  Estimated cut-off energy=    11.94 Ry
      Wfc-us  5P rcutus= 2.480  Estimated cut-off energy=    11.84 Ry
      Wfc-us  5P rcutus= 2.480  Estimated cut-off energy=    11.17 Ry
      Wfc-us  5P rcutus= 2.480  Estimated cut-off energy=    26.81 Ry
      Wfc-us  4D rcutus= 1.980  Estimated cut-off energy=    30.66 Ry
      Wfc-us  4D rcutus= 1.980  Estimated cut-off energy=    30.61 Ry
      Wfc-us  4D rcutus= 1.980  Estimated cut-off energy=    48.28 Ry
      Wfc-us  4D rcutus= 1.980  Estimated cut-off energy=    46.64 Ry

      The bmat matrix
     0.70068     1.10530     0.00000     0.00000     0.00000     0.00000
     0.00000     0.00000     0.00000     0.00000
     0.93762     1.54798     0.00000     0.00000     0.00000     0.00000
     0.00000     0.00000     0.00000     0.00000
     0.00000     0.00000     0.31880     0.00000     1.42507     0.00000
     0.00000     0.00000     0.00000     0.00000
     0.00000     0.00000     0.00000     0.26541     0.00000     0.39920
     0.00000     0.00000     0.00000     0.00000
     0.00000     0.00000     0.70863     0.00000     4.02211     0.00000
     0.00000     0.00000     0.00000     0.00000
     0.00000     0.00000     0.00000     0.31789     0.00000     0.85223
     0.00000     0.00000     0.00000     0.00000
     0.00000     0.00000     0.00000     0.00000     0.00000     0.00000
    -1.16504     0.00000    -0.93291     0.00000
     0.00000     0.00000     0.00000     0.00000     0.00000     0.00000
     0.00000    -1.15443     0.00000    -0.86850
     0.00000     0.00000     0.00000     0.00000     0.00000     0.00000
    -0.75704     0.00000    -0.81532     0.00000
     0.00000     0.00000     0.00000     0.00000     0.00000     0.00000
     0.00000    -0.69865     0.00000    -0.64611

      The bmat + epsilon qq matrix
     0.71662     0.96457     0.00000     0.00000     0.00000     0.00000
     0.00000     0.00000     0.00000     0.00000
     0.96462     1.33075     0.00000     0.00000     0.00000     0.00000
     0.00000     0.00000     0.00000     0.00000
     0.00000     0.00000     0.32529     0.00000     0.73007     0.00000
     0.00000     0.00000     0.00000     0.00000
     0.00000     0.00000     0.00000     0.26953     0.00000     0.32011
     0.00000     0.00000     0.00000     0.00000
     0.00000     0.00000     0.73004     0.00000     1.61070     0.00000
     0.00000     0.00000     0.00000     0.00000
     0.00000     0.00000     0.00000     0.32005     0.00000     1.04401
     0.00000     0.00000     0.00000     0.00000
     0.00000     0.00000     0.00000     0.00000     0.00000     0.00000
    -1.85773     0.00000    -1.06578     0.00000
     0.00000     0.00000     0.00000     0.00000     0.00000     0.00000
     0.00000    -1.79532     0.00000    -1.00791
     0.00000     0.00000     0.00000     0.00000     0.00000     0.00000
    -1.06578     0.00000    -0.86152     0.00000
     0.00000     0.00000     0.00000     0.00000     0.00000     0.00000
     0.00000    -1.00790     0.00000    -0.70744

      The qq matrix
    -0.02679    -0.04540     0.00000     0.00000     0.00000     0.00000
     0.00000     0.00000     0.00000     0.00000
    -0.04540    -0.07007     0.00000     0.00000     0.00000     0.00000
     0.00000     0.00000     0.00000     0.00000
     0.00000     0.00000    -0.03344     0.00000    -0.11032     0.00000
     0.00000     0.00000     0.00000     0.00000
     0.00000     0.00000     0.00000    -0.02393     0.00000    -0.01255
     0.00000     0.00000     0.00000     0.00000
     0.00000     0.00000    -0.11032     0.00000    -0.38276     0.00000
     0.00000     0.00000     0.00000     0.00000
     0.00000     0.00000     0.00000    -0.01255     0.00000     0.03044
     0.00000     0.00000     0.00000     0.00000
     0.00000     0.00000     0.00000     0.00000     0.00000     0.00000
     0.49687     0.00000     0.22145     0.00000
     0.00000     0.00000     0.00000     0.00000     0.00000     0.00000
     0.00000     0.48152     0.00000     0.23235
     0.00000     0.00000     0.00000     0.00000     0.00000     0.00000
     0.22145     0.00000     0.07699     0.00000
     0.00000     0.00000     0.00000     0.00000     0.00000     0.00000
     0.00000     0.23235     0.00000     0.10222

     Q pseudized with Bessel functions
     Expected ecutrho=     130.6098 due to l1=  2   l2=  2

      The ddd matrix
     0.74823     0.72185     0.00000     0.00000     0.00000     0.00000
     0.00000     0.00000     0.00000     0.00000
     0.72185     1.34196     0.00000     0.00000     0.00000     0.00000
     0.00000     0.00000     0.00000     0.00000
     0.00000     0.00000     0.27060     0.00000     0.23890     0.00000
     0.00000     0.00000     0.00000     0.00000
     0.00000     0.00000     0.00000     0.27089     0.00000     0.21485
     0.00000     0.00000     0.00000     0.00000
     0.00000     0.00000     0.23890     0.00000    -0.74449     0.00000
     0.00000     0.00000     0.00000     0.00000
     0.00000     0.00000     0.00000     0.21485     0.00000     0.69482
     0.00000     0.00000     0.00000     0.00000
     0.00000     0.00000     0.00000     0.00000     0.00000     0.00000
     2.59420     0.00000     1.01383     0.00000
     0.00000     0.00000     0.00000     0.00000     0.00000     0.00000
     0.00000     2.55292     0.00000     1.12611
     0.00000     0.00000     0.00000     0.00000     0.00000     0.00000
     1.01383     0.00000    -0.18568     0.00000
     0.00000     0.00000     0.00000     0.00000     0.00000     0.00000
     0.00000     1.12611     0.00000     0.18962

     ------------------- End of pseudopotential generation -------------------

     --------------------------- All-electron run ----------------------------

     In                                                                         
     dirac relativistic calculation

     atomic number is 49.00
     dft =PBE   lsd =0 sic =0 latt =0  beta=0.20 tr2=1.0E-14
     Exchange-correlation= PBE
                           (   1   4   3   4   0   0   0)
     mesh =1241 r(mesh) = 100.30140 a.u. xmin = -7.00 dx = 0.01250
     1 Ry =  13.60569312 eV, c = 137.03599908

     n l j   nl                  e(Ry)          e(Ha)          e(eV)
     Spin orbit split results
     1 0 0.5 1S 1( 2.00)     -2038.6035     -1019.3018    -27736.6137
     2 0 0.5 2S 1( 2.00)      -305.1404      -152.5702     -4151.6465
     2 1 0.5 2P 1( 2.00)      -284.5500      -142.2750     -3871.4996
     2 1 1.5 2P 1( 4.00)      -269.0508      -134.5254     -3660.6227
     3 0 0.5 3S 1( 2.00)       -57.8964       -28.9482      -787.7205
     3 1 0.5 3P 1( 2.00)       -49.5893       -24.7947      -674.6972
     3 1 1.5 3P 1( 4.00)       -46.7897       -23.3949      -636.6067
     4 0 0.5 4S 1( 2.00)        -8.7764        -4.3882      -119.4085
     4 1 0.5 4P 1( 2.00)        -6.0645        -3.0322       -82.5111
     4 1 1.5 4P 1( 4.00)        -5.5758        -2.7879       -75.8631
     3 2 1.5 3D 1( 4.00)       -32.1030       -16.0515      -436.7830
     3 2 2.5 3D 1( 6.00)       -31.5294       -15.7647      -428.9795
     4 2 1.5 4D 1( 4.00)        -1.3941        -0.6971       -18.9679
     4 2 2.5 4D 1( 6.00)        -1.3310        -0.6655       -18.1088
     5 0 0.5 5S 1( 2.00)        -0.5949        -0.2975        -8.0945
     5 1 0.5 5P 1( 1.00)        -0.1941        -0.0970        -2.6406
     5 1 1.5 5P 1( 0.00)        -0.1724        -0.0862        -2.3457
     Averaged results
     1 0     1S 1( 2.00)     -2038.6035     -1019.3018    -27736.6137
     2 0     2S 1( 2.00)      -305.1404      -152.5702     -4151.6465
     2 1     2P 1( 6.00)      -274.2172      -137.1086     -3730.9150
     3 0     3S 1( 2.00)       -57.8964       -28.9482      -787.7205
     3 1     3P 1( 6.00)       -47.7229       -23.8615      -649.3036
     4 0     4S 1( 2.00)        -8.7764        -4.3882      -119.4085
     4 1     4P 1( 6.00)        -5.7387        -2.8694       -78.0791
     3 2     3D 1(10.00)       -31.7588       -15.8794      -432.1009
     4 2     4D 1(10.00)        -1.3562        -0.6781       -18.4524
     5 0     5S 1( 2.00)        -0.5949        -0.2975        -8.0945
     5 1     5P 1( 1.00)        -0.1796        -0.0898        -2.4440

     final scf error:  3.0E-15 reached in  26 iterations
 
     Etot =  -11766.450358 Ry,   -5883.225179 Ha, -160090.712717 eV

     Ekin =   12364.173336 Ry,    6182.086668 Ha,  168223.148133 eV
     Encl =  -28555.247920 Ry,  -14277.623960 Ha, -388513.940256 eV
     Eh   =    4744.481273 Ry,    2372.240637 Ha,   64551.956229 eV
     Exc  =    -319.857047 Ry,    -159.928523 Ha,   -4351.876823 eV


     normalization and overlap integrals

     s(1S/1S) =  1.000000  <r> =   0.0297  <r2> =    0.0012  r(max) =   0.0192
     s(1S/2S) = -0.000000
     s(1S/3S) = -0.000000
     s(1S/4S) =  0.000000
     s(1S/5S) =  0.000000
     s(2S/2S) =  1.000000  <r> =   0.1281  <r2> =    0.0194  r(max) =   0.1090
     s(2S/3S) =  0.000000
     s(2S/4S) =  0.000000
     s(2S/5S) =  0.000000
     s(2P/2P) =  1.000000  <r> =   0.1085  <r2> =    0.0145  r(max) =   0.0838
     s(2P/3P) =  0.000000
     s(2P/4P) =  0.000000
     s(2P/5P) =  0.000000
     s(2P/2P) =  1.000000  <r> =   0.1137  <r2> =    0.0158  r(max) =   0.0881
     s(2P/3P) =  0.000000
     s(2P/4P) =  0.000000
     s(2P/5P) =  0.000000
     s(3S/3S) =  1.000000  <r> =   0.3483  <r2> =    0.1389  r(max) =   0.3153
     s(3S/4S) =  0.000000
     s(3S/5S) =  0.000000
     s(3P/3P) =  1.000000  <r> =   0.3394  <r2> =    0.1339  r(max) =   0.3037
     s(3P/4P) =  0.000000
     s(3P/5P) =  0.000000
     s(3P/3P) =  1.000000  <r> =   0.3505  <r2> =    0.1426  r(max) =   0.3114
     s(3P/4P) =  0.000000
     s(3P/5P) =  0.000000
     s(4S/4S) =  1.000000  <r> =   0.8481  <r2> =    0.8146  r(max) =   0.7658
     s(4S/5S) =  0.000000
     s(4P/4P) =  1.000000  <r> =   0.9013  <r2> =    0.9297  r(max) =   0.7951
     s(4P/5P) =  0.000000
     s(4P/4P) =  1.000000  <r> =   0.9317  <r2> =    0.9938  r(max) =   0.8255
     s(4P/5P) = -0.000000
     s(3D/3D) =  1.000000  <r> =   0.3223  <r2> =    0.1235  r(max) =   0.2581
     s(3D/4D) = -0.000000
     s(3D/3D) =  1.000000  <r> =   0.3258  <r2> =    0.1261  r(max) =   0.2581
     s(3D/4D) = -0.000000
     s(4D/4D) =  1.000000  <r> =   1.1734  <r2> =    1.6555  r(max) =   0.9237
     s(4D/4D) =  1.000000  <r> =   1.1905  <r2> =    1.7061  r(max) =   0.9354
     s(5S/5S) =  1.000000  <r> =   2.6156  <r2> =    7.8719  r(max) =   2.1612
     s(5P/5P) =  1.000000  <r> =   3.6366  <r2> =   15.7319  r(max) =   2.7751
     s(5P/5P) =  1.000000  <r> =   3.8287  <r2> =   17.4574  r(max) =   2.9174

     ------------------------ End of All-electron run ------------------------


     ---------------------- Testing the pseudopotential ----------------------

     In                                                                         
     dirac relativistic calculation

     atomic number is 49.00   valence charge is 13.00
     dft =PBE   lsd =0 sic =0 latt =0  beta=0.20 tr2=1.0E-14
     mesh =1241 r(mesh) = 100.30140 xmin = -7.00 dx = 0.01250

     n l  j  nl             e AE (Ry)       e PS (Ry)    De AE-PS (Ry) 
     1 0 0.5 5S   1( 2.00)       -0.59493       -0.59493        0.00000
     2 1 0.5 5P   1( 1.00)       -0.19408       -0.19408       -0.00000
     2 1 1.5 5P   1( 0.00)       -0.17241       -0.17241        0.00000
     3 2 1.5 4D   1( 4.00)       -1.39411       -1.39411        0.00000
     3 2 2.5 4D   1( 6.00)       -1.33097       -1.33097        0.00000

     eps = 3.4E-15  iter =  3
 
     Etot =  -11766.450358 Ry,   -5883.225179 Ha, -160090.712717 eV
     Etotps =  -144.807481 Ry,     -72.403740 Ha,   -1970.206145 eV

     Ekin =      27.986326 Ry,      13.993163 Ha,     380.773361 eV
     Encl =    -260.518706 Ry,    -130.259353 Ha,   -3544.537561 eV
     Ehrt =     107.666583 Ry,      53.833291 Ha,    1464.878487 eV
     Ecxc =     -47.403109 Ry,     -23.701554 Ha,    -644.952151 eV
     (Ecc =     -24.486877 Ry,     -12.243439 Ha,    -333.160939 eV)
     Epseu=      27.461425 Ry,      13.730712 Ha,     373.631719 eV

     ---------------------- End of pseudopotential test ----------------------

