[0] MPI startup(): I_MPI_SHM_LMT environment variable is not supported.
[0] MPI startup(): Similar variables:
	 I_MPI_SHM_HEAP
	 I_MPI_SHM
	 I_MPI_SHM_OPT
	 I_MPI_SHM_THP
[0] MPI startup(): To check the list of supported variables, use the impi_info utility or refer to https://software.intel.com/en-us/mpi-library/documentation/get-started.

     Program LD1 v.7.3.1 starts on 19Sep2024 at 21:48:55 

     This program is part of the open-source Quantum ESPRESSO suite
     for quantum simulation of materials; please cite
         "P. Giannozzi et al., J. Phys.:Condens. Matter 21 395502 (2009);
         "P. Giannozzi et al., J. Phys.:Condens. Matter 29 465901 (2017);
         "P. Giannozzi et al., J. Chem. Phys. 152 154105 (2020);
          URL http://www.quantum-espresso.org", 
     in publications or presentations arising from this work. More details at
     http://www.quantum-espresso.org/quote

     Parallel version (MPI), running on     1 processors

     MPI processes distributed on     1 nodes
     89468 MiB available memory on the printing compute node when the environment starts
 
     Waiting for input...
     Reading input from standard input
     --------------------------- All-electron run ----------------------------

     In                                                                         
     dirac relativistic calculation

     atomic number is 49.00
     dft =PBE   lsd =0 sic =0 latt =0  beta=0.20 tr2=1.0E-14
     Exchange-correlation= PBE
                           (   1   4   3   4   0   0   0)
     mesh =1241 r(mesh) = 100.30140 a.u. xmin = -7.00 dx = 0.01250
     1 Ry =  13.60569312 eV, c = 137.03599908

     n l j   nl                  e(Ry)          e(Ha)          e(eV)
     Spin orbit split results
     1 0 0.5 1S 1( 2.00)     -2038.6035     -1019.3018    -27736.6137
     2 0 0.5 2S 1( 2.00)      -305.1404      -152.5702     -4151.6465
     2 1 0.5 2P 1( 2.00)      -284.5500      -142.2750     -3871.4996
     2 1 1.5 2P 1( 4.00)      -269.0508      -134.5254     -3660.6227
     3 0 0.5 3S 1( 2.00)       -57.8964       -28.9482      -787.7205
     3 1 0.5 3P 1( 2.00)       -49.5893       -24.7947      -674.6972
     3 1 1.5 3P 1( 4.00)       -46.7897       -23.3949      -636.6067
     4 0 0.5 4S 1( 2.00)        -8.7764        -4.3882      -119.4085
     4 1 0.5 4P 1( 2.00)        -6.0645        -3.0322       -82.5111
     4 1 1.5 4P 1( 4.00)        -5.5758        -2.7879       -75.8631
     3 2 1.5 3D 1( 4.00)       -32.1030       -16.0515      -436.7830
     3 2 2.5 3D 1( 6.00)       -31.5294       -15.7647      -428.9795
     4 2 1.5 4D 1( 4.00)        -1.3941        -0.6971       -18.9679
     4 2 2.5 4D 1( 6.00)        -1.3310        -0.6655       -18.1088
     5 0 0.5 5S 1( 2.00)        -0.5949        -0.2975        -8.0945
     5 1 0.5 5P 1( 1.00)        -0.1941        -0.0970        -2.6406
     5 1 1.5 5P 1( 0.00)        -0.1724        -0.0862        -2.3457
     Averaged results
     1 0     1S 1( 2.00)     -2038.6035     -1019.3018    -27736.6137
     2 0     2S 1( 2.00)      -305.1404      -152.5702     -4151.6465
     2 1     2P 1( 6.00)      -274.2172      -137.1086     -3730.9150
     3 0     3S 1( 2.00)       -57.8964       -28.9482      -787.7205
     3 1     3P 1( 6.00)       -47.7229       -23.8615      -649.3036
     4 0     4S 1( 2.00)        -8.7764        -4.3882      -119.4085
     4 1     4P 1( 6.00)        -5.7387        -2.8694       -78.0791
     3 2     3D 1(10.00)       -31.7588       -15.8794      -432.1009
     4 2     4D 1(10.00)        -1.3562        -0.6781       -18.4524
     5 0     5S 1( 2.00)        -0.5949        -0.2975        -8.0945
     5 1     5P 1( 1.00)        -0.1796        -0.0898        -2.4440

     final scf error:  3.0E-15 reached in  26 iterations
 
     Etot =  -11766.450358 Ry,   -5883.225179 Ha, -160090.712717 eV

     Ekin =   12364.173336 Ry,    6182.086668 Ha,  168223.148133 eV
     Encl =  -28555.247920 Ry,  -14277.623960 Ha, -388513.940256 eV
     Eh   =    4744.481273 Ry,    2372.240637 Ha,   64551.956229 eV
     Exc  =    -319.857047 Ry,    -159.928523 Ha,   -4351.876823 eV


     normalization and overlap integrals

     s(1S/1S) =  1.000000  <r> =   0.0297  <r2> =    0.0012  r(max) =   0.0192
     s(1S/2S) = -0.000000
     s(1S/3S) = -0.000000
     s(1S/4S) =  0.000000
     s(1S/5S) =  0.000000
     s(2S/2S) =  1.000000  <r> =   0.1281  <r2> =    0.0194  r(max) =   0.1090
     s(2S/3S) =  0.000000
     s(2S/4S) =  0.000000
     s(2S/5S) =  0.000000
     s(2P/2P) =  1.000000  <r> =   0.1085  <r2> =    0.0145  r(max) =   0.0838
     s(2P/3P) =  0.000000
     s(2P/4P) =  0.000000
     s(2P/5P) =  0.000000
     s(2P/2P) =  1.000000  <r> =   0.1137  <r2> =    0.0158  r(max) =   0.0881
     s(2P/3P) =  0.000000
     s(2P/4P) =  0.000000
     s(2P/5P) =  0.000000
     s(3S/3S) =  1.000000  <r> =   0.3483  <r2> =    0.1389  r(max) =   0.3153
     s(3S/4S) =  0.000000
     s(3S/5S) =  0.000000
     s(3P/3P) =  1.000000  <r> =   0.3394  <r2> =    0.1339  r(max) =   0.3037
     s(3P/4P) =  0.000000
     s(3P/5P) =  0.000000
     s(3P/3P) =  1.000000  <r> =   0.3505  <r2> =    0.1426  r(max) =   0.3114
     s(3P/4P) =  0.000000
     s(3P/5P) =  0.000000
     s(4S/4S) =  1.000000  <r> =   0.8481  <r2> =    0.8146  r(max) =   0.7658
     s(4S/5S) =  0.000000
     s(4P/4P) =  1.000000  <r> =   0.9013  <r2> =    0.9297  r(max) =   0.7951
     s(4P/5P) =  0.000000
     s(4P/4P) =  1.000000  <r> =   0.9317  <r2> =    0.9938  r(max) =   0.8255
     s(4P/5P) = -0.000000
     s(3D/3D) =  1.000000  <r> =   0.3223  <r2> =    0.1235  r(max) =   0.2581
     s(3D/4D) = -0.000000
     s(3D/3D) =  1.000000  <r> =   0.3258  <r2> =    0.1261  r(max) =   0.2581
     s(3D/4D) = -0.000000
     s(4D/4D) =  1.000000  <r> =   1.1734  <r2> =    1.6555  r(max) =   0.9237
     s(4D/4D) =  1.000000  <r> =   1.1905  <r2> =    1.7061  r(max) =   0.9354
     s(5S/5S) =  1.000000  <r> =   2.6156  <r2> =    7.8719  r(max) =   2.1612
     s(5P/5P) =  1.000000  <r> =   3.6366  <r2> =   15.7319  r(max) =   2.7751
     s(5P/5P) =  1.000000  <r> =   3.8287  <r2> =   17.4574  r(max) =   2.9174

     ------------------------ End of All-electron run ------------------------


     --------------------- Generating PAW atomic setup --------------------


      Generating local potential from pseudized AE potential:
      Matching radius rcloc =   1.9000

      Local pseudo, rcloc= 1.884 Estimated cut-off energy=     7.05 Ry

      Computing core charge for nlcc: 

       r > 1.20 : true rho core
      Core charge pseudized with two Bessel functions
      Integrated core pseudo-charge :  12.12

     Fully relativistic calculation: |psi|^2

     Wfc 5S LC norm =  0.99994241 SC norm =  0.00005526 missing  0.00000233
     Speed at rcutus      0.753 a.u.,  v/c =  0.005492,  (v/c)^2 =  0.00003016

     Wfc 5P LC norm =  0.99997145 SC norm =  0.00002840 missing  0.00000015
     Speed at rcutus      0.512 a.u.,  v/c =  0.003738,  (v/c)^2 =  0.00001397

     Wfc 5P LC norm =  0.99997444 SC norm =  0.00002163 missing  0.00000393
     Speed at rcutus      0.495 a.u.,  v/c =  0.003610,  (v/c)^2 =  0.00001303

     Wfc 4D LC norm =  0.99971810 SC norm =  0.00028187 missing  0.00000003
     Speed at rcutus      0.266 a.u.,  v/c =  0.001939,  (v/c)^2 =  0.00000376

     Wfc 4D LC norm =  0.99972491 SC norm =  0.00027476 missing  0.00000033
     Speed at rcutus      0.292 a.u.,  v/c =  0.002134,  (v/c)^2 =  0.00000455
      Wfc-us  5S rcutus= 1.980  Estimated cut-off energy=    10.95 Ry
      Wfc-us  5S rcutus= 1.980  Estimated cut-off energy=    17.18 Ry
      Wfc-us  5P rcutus= 2.480  Estimated cut-off energy=    11.94 Ry
      Wfc-us  5P rcutus= 2.480  Estimated cut-off energy=    11.84 Ry
      Wfc-us  5P rcutus= 2.480  Estimated cut-off energy=    11.17 Ry
      Wfc-us  5P rcutus= 2.480  Estimated cut-off energy=    26.81 Ry
      Wfc-us  4D rcutus= 1.980  Estimated cut-off energy=    30.66 Ry
      Wfc-us  4D rcutus= 1.980  Estimated cut-off energy=    30.61 Ry
      Wfc-us  4D rcutus= 1.980  Estimated cut-off energy=    48.28 Ry
      Wfc-us  4D rcutus= 1.980  Estimated cut-off energy=    46.64 Ry

      The bmat matrix
     0.70068     1.10530     0.00000     0.00000     0.00000     0.00000
     0.00000     0.00000     0.00000     0.00000
     0.93762     1.54798     0.00000     0.00000     0.00000     0.00000
     0.00000     0.00000     0.00000     0.00000
     0.00000     0.00000     0.31880     0.00000     1.42507     0.00000
     0.00000     0.00000     0.00000     0.00000
     0.00000     0.00000     0.00000     0.26541     0.00000     0.39920
     0.00000     0.00000     0.00000     0.00000
     0.00000     0.00000     0.70863     0.00000     4.02211     0.00000
     0.00000     0.00000     0.00000     0.00000
     0.00000     0.00000     0.00000     0.31789     0.00000     0.85223
     0.00000     0.00000     0.00000     0.00000
     0.00000     0.00000     0.00000     0.00000     0.00000     0.00000
    -1.16504     0.00000    -0.93291     0.00000
     0.00000     0.00000     0.00000     0.00000     0.00000     0.00000
     0.00000    -1.15443     0.00000    -0.86850
     0.00000     0.00000     0.00000     0.00000     0.00000     0.00000
    -0.75704     0.00000    -0.81532     0.00000
     0.00000     0.00000     0.00000     0.00000     0.00000     0.00000
     0.00000    -0.69865     0.00000    -0.64611

      The bmat + epsilon qq matrix
     0.71665     0.96437     0.00000     0.00000     0.00000     0.00000
     0.00000     0.00000     0.00000     0.00000
     0.96466     1.33045     0.00000     0.00000     0.00000     0.00000
     0.00000     0.00000     0.00000     0.00000
     0.00000     0.00000     0.32529     0.00000     0.72984     0.00000
     0.00000     0.00000     0.00000     0.00000
     0.00000     0.00000     0.00000     0.26954     0.00000     0.31987
     0.00000     0.00000     0.00000     0.00000
     0.00000     0.00000     0.73004     0.00000     1.61007     0.00000
     0.00000     0.00000     0.00000     0.00000
     0.00000     0.00000     0.00000     0.32006     0.00000     1.04339
     0.00000     0.00000     0.00000     0.00000
     0.00000     0.00000     0.00000     0.00000     0.00000     0.00000
    -1.85734     0.00000    -1.06568     0.00000
     0.00000     0.00000     0.00000     0.00000     0.00000     0.00000
     0.00000    -1.79496     0.00000    -1.00781
     0.00000     0.00000     0.00000     0.00000     0.00000     0.00000
    -1.06554     0.00000    -0.86145     0.00000
     0.00000     0.00000     0.00000     0.00000     0.00000     0.00000
     0.00000    -1.00768     0.00000    -0.70738

      The qq matrix
    -0.02685    -0.04546     0.00000     0.00000     0.00000     0.00000
     0.00000     0.00000     0.00000     0.00000
    -0.04546    -0.07017     0.00000     0.00000     0.00000     0.00000
     0.00000     0.00000     0.00000     0.00000
     0.00000     0.00000    -0.03346     0.00000    -0.11035     0.00000
     0.00000     0.00000     0.00000     0.00000
     0.00000     0.00000     0.00000    -0.02395     0.00000    -0.01259
     0.00000     0.00000     0.00000     0.00000
     0.00000     0.00000    -0.11035     0.00000    -0.38286     0.00000
     0.00000     0.00000     0.00000     0.00000
     0.00000     0.00000     0.00000    -0.01259     0.00000     0.03034
     0.00000     0.00000     0.00000     0.00000
     0.00000     0.00000     0.00000     0.00000     0.00000     0.00000
     0.49659     0.00000     0.22128     0.00000
     0.00000     0.00000     0.00000     0.00000     0.00000     0.00000
     0.00000     0.48125     0.00000     0.23218
     0.00000     0.00000     0.00000     0.00000     0.00000     0.00000
     0.22128     0.00000     0.07688     0.00000
     0.00000     0.00000     0.00000     0.00000     0.00000     0.00000
     0.00000     0.23218     0.00000     0.10211


    multipoles (all-electron charge) - (pseudo charge)
        ns l1:ns1 l2    l=0     l=1     l=2     l=3     l=4     l=5  
         1  0:  1  0 -0.0268
         2  0:  1  0 -0.0454
         2  0:  2  0 -0.0701
         3  1:  1  0  0.0000  0.0647
         3  1:  2  0  0.0000  0.0820
         3  1:  3  1 -0.0334  0.0000 -0.0926
         4  1:  1  0  0.0000  0.0596
         4  1:  2  0  0.0000  0.0758
         4  1:  3  1 -0.0286  0.0000 -0.0841
         4  1:  4  1 -0.0239  0.0000 -0.0759
         5  1:  1  0  0.0000  0.1788
         5  1:  2  0  0.0000  0.2400
         5  1:  3  1 -0.1103  0.0000 -0.1940
         5  1:  4  1 -0.0965  0.0000 -0.1751
         5  1:  5  1 -0.3828  0.0000 -0.5071
         6  1:  1  0  0.0000  0.0047
         6  1:  2  0  0.0000  0.0258
         6  1:  3  1 -0.0138  0.0000 -0.0404
         6  1:  4  1 -0.0126  0.0000 -0.0401
         6  1:  5  1 -0.0997  0.0000 -0.1649
         6  1:  6  1  0.0304  0.0000  0.0242
         7  2:  1  0  0.0000  0.0000  0.1249
         7  2:  2  0  0.0000  0.0000  0.1164
         7  2:  3  1  0.0000 -0.1640  0.0000 -0.2011
         7  2:  4  1  0.0000 -0.1627  0.0000 -0.2029
         7  2:  5  1  0.0000 -0.3138  0.0000 -0.3610
         7  2:  6  1  0.0000 -0.0800  0.0000  0.0263
         7  2:  7  2  0.4969  0.0000  0.4042  0.0000  0.4462
         8  2:  1  0  0.0000  0.0000  0.1254
         8  2:  2  0  0.0000  0.0000  0.1173
         8  2:  3  1  0.0000 -0.1643  0.0000 -0.2031
         8  2:  4  1  0.0000 -0.1629  0.0000 -0.2046
         8  2:  5  1  0.0000 -0.3154  0.0000 -0.3652
         8  2:  6  1  0.0000 -0.0791  0.0000  0.0269
         8  2:  7  2  0.4887  0.0000  0.3992  0.0000  0.4419
         8  2:  8  2  0.4815  0.0000  0.3945  0.0000  0.4382
         9  2:  1  0  0.0000  0.0000  0.1140
         9  2:  2  0  0.0000  0.0000  0.1296
         9  2:  3  1  0.0000 -0.1096  0.0000 -0.1178
         9  2:  4  1  0.0000 -0.1048  0.0000 -0.1136
         9  2:  5  1  0.0000 -0.2538  0.0000 -0.2683
         9  2:  6  1  0.0000 -0.1011  0.0000 -0.0772
         9  2:  7  2  0.2215  0.0000  0.1484  0.0000  0.1320
         9  2:  8  2  0.2162  0.0000  0.1450  0.0000  0.1292
         9  2:  9  2  0.0770  0.0000  0.0322  0.0000  0.0115
        10  2:  1  0  0.0000  0.0000  0.1010
        10  2:  2  0  0.0000  0.0000  0.1111
        10  2:  3  1  0.0000 -0.1029  0.0000 -0.1112
        10  2:  4  1  0.0000 -0.0993  0.0000 -0.1086
        10  2:  5  1  0.0000 -0.2295  0.0000 -0.2431
        10  2:  6  1  0.0000 -0.0871  0.0000 -0.0567
        10  2:  7  2  0.2369  0.0000  0.1696  0.0000  0.1637
        10  2:  8  2  0.2324  0.0000  0.1665  0.0000  0.1610
        10  2:  9  2  0.0901  0.0000  0.0466  0.0000  0.0288
        10  2: 10  2  0.1022  0.0000  0.0603  0.0000  0.0467
     Required augmentation: BESSEL   radius:    1.900000
     Suggested rho cutoff for augmentation:  27.29 Ry

     Estimated PAW energy = -411.413684 Ryd

     The PAW screened D coefficients
     0.71662     0.96462     0.00000     0.00000     0.00000     0.00000
     0.00000     0.00000     0.00000     0.00000
     0.96462     1.33077     0.00000     0.00000     0.00000     0.00000
     0.00000     0.00000     0.00000     0.00000
     0.00000     0.00000     0.32529     0.00000     0.73004     0.00000
     0.00000     0.00000     0.00000     0.00000
     0.00000     0.00000     0.00000     0.26953     0.00000     0.32005
     0.00000     0.00000     0.00000     0.00000
     0.00000     0.00000     0.73004     0.00000     1.61073     0.00000
     0.00000     0.00000     0.00000     0.00000
     0.00000     0.00000     0.00000     0.32005     0.00000     1.04406
     0.00000     0.00000     0.00000     0.00000
     0.00000     0.00000     0.00000     0.00000     0.00000     0.00000
    -1.85773     0.00000    -1.06578     0.00000
     0.00000     0.00000     0.00000     0.00000     0.00000     0.00000
     0.00000    -1.79533     0.00000    -1.00791
     0.00000     0.00000     0.00000     0.00000     0.00000     0.00000
    -1.06578     0.00000    -0.86153     0.00000
     0.00000     0.00000     0.00000     0.00000     0.00000     0.00000
     0.00000    -1.00791     0.00000    -0.70744

     The PAW descreened D coefficients (US)
     0.42095     0.52408     0.00000     0.00000     0.00000     0.00000
     0.00000     0.00000     0.00000     0.00000
     0.52408     0.70041     0.00000     0.00000     0.00000     0.00000
     0.00000     0.00000     0.00000     0.00000
     0.00000     0.00000    -0.03021     0.00000    -0.22891     0.00000
     0.00000     0.00000     0.00000     0.00000
     0.00000     0.00000     0.00000    -0.00342     0.00000     0.16648
     0.00000     0.00000     0.00000     0.00000
     0.00000     0.00000    -0.22891     0.00000    -1.38615     0.00000
     0.00000     0.00000     0.00000     0.00000
     0.00000     0.00000     0.00000     0.16648     0.00000     1.23092
     0.00000     0.00000     0.00000     0.00000
     0.00000     0.00000     0.00000     0.00000     0.00000     0.00000
     1.25107     0.00000     0.23054     0.00000
     0.00000     0.00000     0.00000     0.00000     0.00000     0.00000
     0.00000     1.22023     0.00000     0.38262
     0.00000     0.00000     0.00000     0.00000     0.00000     0.00000
     0.23054     0.00000    -0.47762     0.00000
     0.00000     0.00000     0.00000     0.00000     0.00000     0.00000
     0.00000     0.38262     0.00000    -0.13705

     ------------------- End of pseudopotential generation -------------------

     --------------------------- All-electron run ----------------------------

     In                                                                         
     dirac relativistic calculation

     atomic number is 49.00
     dft = SLA  PW   PBX  PBC   lsd =0 sic =0 latt =0  beta=0.20 tr2=1.0E-14
     Exchange-correlation=  SLA  PW   PBX  PBC
                           (   1   4   3   4   0   0   0)
     mesh =1241 r(mesh) = 100.30140 a.u. xmin = -7.00 dx = 0.01250
     1 Ry =  13.60569312 eV, c = 137.03599908

     n l j   nl                  e(Ry)          e(Ha)          e(eV)
     Spin orbit split results
     1 0 0.5 1S 1( 2.00)     -2038.6035     -1019.3018    -27736.6137
     2 0 0.5 2S 1( 2.00)      -305.1404      -152.5702     -4151.6465
     2 1 0.5 2P 1( 2.00)      -284.5500      -142.2750     -3871.4996
     2 1 1.5 2P 1( 4.00)      -269.0508      -134.5254     -3660.6227
     3 0 0.5 3S 1( 2.00)       -57.8964       -28.9482      -787.7205
     3 1 0.5 3P 1( 2.00)       -49.5893       -24.7947      -674.6972
     3 1 1.5 3P 1( 4.00)       -46.7897       -23.3949      -636.6067
     4 0 0.5 4S 1( 2.00)        -8.7764        -4.3882      -119.4085
     4 1 0.5 4P 1( 2.00)        -6.0645        -3.0322       -82.5111
     4 1 1.5 4P 1( 4.00)        -5.5758        -2.7879       -75.8631
     3 2 1.5 3D 1( 4.00)       -32.1030       -16.0515      -436.7830
     3 2 2.5 3D 1( 6.00)       -31.5294       -15.7647      -428.9795
     4 2 1.5 4D 1( 4.00)        -1.3941        -0.6971       -18.9679
     4 2 2.5 4D 1( 6.00)        -1.3310        -0.6655       -18.1088
     5 0 0.5 5S 1( 2.00)        -0.5949        -0.2975        -8.0945
     5 1 0.5 5P 1( 1.00)        -0.1941        -0.0970        -2.6406
     5 1 1.5 5P 1( 0.00)        -0.1724        -0.0862        -2.3457
     Averaged results
     1 0     1S 1( 2.00)     -2038.6035     -1019.3018    -27736.6137
     2 0     2S 1( 2.00)      -305.1404      -152.5702     -4151.6465
     2 1     2P 1( 6.00)      -274.2172      -137.1086     -3730.9150
     3 0     3S 1( 2.00)       -57.8964       -28.9482      -787.7205
     3 1     3P 1( 6.00)       -47.7229       -23.8615      -649.3036
     4 0     4S 1( 2.00)        -8.7764        -4.3882      -119.4085
     4 1     4P 1( 6.00)        -5.7387        -2.8694       -78.0791
     3 2     3D 1(10.00)       -31.7588       -15.8794      -432.1009
     4 2     4D 1(10.00)        -1.3562        -0.6781       -18.4524
     5 0     5S 1( 2.00)        -0.5949        -0.2975        -8.0945
     5 1     5P 1( 1.00)        -0.1796        -0.0898        -2.4440

     final scf error:  3.0E-15 reached in  26 iterations
 
     Etot =  -11766.450358 Ry,   -5883.225179 Ha, -160090.712717 eV

     Ekin =   12364.173336 Ry,    6182.086668 Ha,  168223.148133 eV
     Encl =  -28555.247920 Ry,  -14277.623960 Ha, -388513.940256 eV
     Eh   =    4744.481273 Ry,    2372.240637 Ha,   64551.956229 eV
     Exc  =    -319.857047 Ry,    -159.928523 Ha,   -4351.876823 eV


     normalization and overlap integrals

     s(1S/1S) =  1.000000  <r> =   0.0297  <r2> =    0.0012  r(max) =   0.0192
     s(1S/2S) = -0.000000
     s(1S/3S) = -0.000000
     s(1S/4S) =  0.000000
     s(1S/5S) =  0.000000
     s(2S/2S) =  1.000000  <r> =   0.1281  <r2> =    0.0194  r(max) =   0.1090
     s(2S/3S) =  0.000000
     s(2S/4S) =  0.000000
     s(2S/5S) =  0.000000
     s(2P/2P) =  1.000000  <r> =   0.1085  <r2> =    0.0145  r(max) =   0.0838
     s(2P/3P) =  0.000000
     s(2P/4P) =  0.000000
     s(2P/5P) =  0.000000
     s(2P/2P) =  1.000000  <r> =   0.1137  <r2> =    0.0158  r(max) =   0.0881
     s(2P/3P) =  0.000000
     s(2P/4P) =  0.000000
     s(2P/5P) =  0.000000
     s(3S/3S) =  1.000000  <r> =   0.3483  <r2> =    0.1389  r(max) =   0.3153
     s(3S/4S) =  0.000000
     s(3S/5S) =  0.000000
     s(3P/3P) =  1.000000  <r> =   0.3394  <r2> =    0.1339  r(max) =   0.3037
     s(3P/4P) =  0.000000
     s(3P/5P) =  0.000000
     s(3P/3P) =  1.000000  <r> =   0.3505  <r2> =    0.1426  r(max) =   0.3114
     s(3P/4P) =  0.000000
     s(3P/5P) =  0.000000
     s(4S/4S) =  1.000000  <r> =   0.8481  <r2> =    0.8146  r(max) =   0.7658
     s(4S/5S) =  0.000000
     s(4P/4P) =  1.000000  <r> =   0.9013  <r2> =    0.9297  r(max) =   0.7951
     s(4P/5P) =  0.000000
     s(4P/4P) =  1.000000  <r> =   0.9317  <r2> =    0.9938  r(max) =   0.8255
     s(4P/5P) = -0.000000
     s(3D/3D) =  1.000000  <r> =   0.3223  <r2> =    0.1235  r(max) =   0.2581
     s(3D/4D) = -0.000000
     s(3D/3D) =  1.000000  <r> =   0.3258  <r2> =    0.1261  r(max) =   0.2581
     s(3D/4D) = -0.000000
     s(4D/4D) =  1.000000  <r> =   1.1734  <r2> =    1.6555  r(max) =   0.9237
     s(4D/4D) =  1.000000  <r> =   1.1905  <r2> =    1.7061  r(max) =   0.9354
     s(5S/5S) =  1.000000  <r> =   2.6156  <r2> =    7.8719  r(max) =   2.1612
     s(5P/5P) =  1.000000  <r> =   3.6366  <r2> =   15.7319  r(max) =   2.7751
     s(5P/5P) =  1.000000  <r> =   3.8287  <r2> =   17.4574  r(max) =   2.9174

     ------------------------ End of All-electron run ------------------------


     ---------------------- Testing the pseudopotential ----------------------

     In                                                                         
     dirac relativistic calculation

     atomic number is 49.00   valence charge is 13.00
     dft = SLA  PW   PBX  PBC   lsd =0 sic =0 latt =0  beta=0.20 tr2=1.0E-14
     mesh =1241 r(mesh) = 100.30140 xmin = -7.00 dx = 0.01250

     n l  j  nl             e AE (Ry)       e PS (Ry)    De AE-PS (Ry) 
     1 0 0.5 5S   1( 2.00)       -0.59493       -0.59493        0.00000
     2 1 0.5 5P   1( 1.00)       -0.19408       -0.19408       -0.00000
     2 1 1.5 5P   1( 0.00)       -0.17241       -0.17241        0.00000
     3 2 1.5 4D   1( 4.00)       -1.39411       -1.39411        0.00000
     3 2 2.5 4D   1( 6.00)       -1.33097       -1.33097        0.00000

     eps = 2.3E-16  iter =  4
 
     Etot =  -11766.450358 Ry,   -5883.225179 Ha, -160090.712717 eV
     Etotps =  -411.413691 Ry,    -205.706846 Ha,   -5597.568429 eV

     Ekin =     221.169403 Ry,     110.584702 Ha,    3009.163026 eV
     Encl =    -416.075955 Ry,    -208.037978 Ha,   -5661.001761 eV
     Ehrt =     103.349915 Ry,      51.674958 Ha,    1406.147229 eV
     Ecxc =    -319.857054 Ry,    -159.928527 Ha,   -4351.876923 eV
     (Ecc =     -24.486877 Ry,     -12.243439 Ha,    -333.160939 eV)

     ---------------------- End of pseudopotential test ----------------------

