[0] MPI startup(): I_MPI_SHM_LMT environment variable is not supported.
[0] MPI startup(): Similar variables:
	 I_MPI_SHM_HEAP
	 I_MPI_SHM
	 I_MPI_SHM_OPT
	 I_MPI_SHM_THP
[0] MPI startup(): To check the list of supported variables, use the impi_info utility or refer to https://software.intel.com/en-us/mpi-library/documentation/get-started.

     Program LD1 v.7.3.1 starts on 19Sep2024 at 21:48:58 

     This program is part of the open-source Quantum ESPRESSO suite
     for quantum simulation of materials; please cite
         "P. Giannozzi et al., J. Phys.:Condens. Matter 21 395502 (2009);
         "P. Giannozzi et al., J. Phys.:Condens. Matter 29 465901 (2017);
         "P. Giannozzi et al., J. Chem. Phys. 152 154105 (2020);
          URL http://www.quantum-espresso.org", 
     in publications or presentations arising from this work. More details at
     http://www.quantum-espresso.org/quote

     Parallel version (MPI), running on     1 processors

     MPI processes distributed on     1 nodes
     89457 MiB available memory on the printing compute node when the environment starts
 
     Waiting for input...
     Reading input from standard input
     --------------------------- All-electron run ----------------------------

     Ir                                                                         
     dirac relativistic calculation

     atomic number is 77.00
     dft =PBE   lsd =0 sic =0 latt =0  beta=0.20 tr2=1.0E-14
     Exchange-correlation= PBE
                           (   1   4   3   4   0   0   0)
     mesh =1277 r(mesh) = 100.10249 a.u. xmin = -7.00 dx = 0.01250
     1 Ry =  13.60569312 eV, c = 137.03599908

     n l j   nl                  e(Ry)          e(Ha)          e(eV)
     Spin orbit split results
     1 0 0.5 1S 1( 2.00)     -5587.4289     -2793.7144    -76020.8426
     2 0 0.5 2S 1( 2.00)      -976.6501      -488.3251    -13288.0021
     2 1 0.5 2P 1( 2.00)      -935.4269      -467.7134    -12727.1309
     2 1 1.5 2P 1( 4.00)      -815.7853      -407.8926    -11099.3239
     3 0 0.5 3S 1( 2.00)      -228.3919      -114.1960     -3107.4301
     3 1 0.5 3P 1( 2.00)      -209.9527      -104.9764     -2856.5521
     3 1 1.5 3P 1( 4.00)      -183.7556       -91.8778     -2500.1217
     4 0 0.5 4S 1( 2.00)       -48.7035       -24.3518      -662.6455
     4 1 0.5 4P 1( 2.00)       -40.9274       -20.4637      -556.8458
     4 1 1.5 4P 1( 4.00)       -34.7319       -17.3659      -472.5514
     3 2 1.5 3D 1( 4.00)      -153.0243       -76.5122     -2082.0021
     3 2 2.5 3D 1( 6.00)      -147.3643       -73.6822     -2004.9940
     5 0 0.5 5S 1( 2.00)        -7.1651        -3.5825       -97.4857
     5 1 0.5 5P 1( 2.00)        -4.7267        -2.3634       -64.3101
     5 1 1.5 5P 1( 4.00)        -3.7298        -1.8649       -50.7459
     4 2 1.5 4D 1( 4.00)       -22.0010       -11.0005      -299.3388
     4 2 2.5 4D 1( 6.00)       -20.8512       -10.4256      -283.6951
     4 3 2.5 4F 1( 6.00)        -4.6632        -2.3316       -63.4458
     4 3 3.5 4F 1( 8.00)        -4.4340        -2.2170       -60.3272
     5 2 1.5 5D 1( 4.00)        -0.5699        -0.2849        -7.7538
     5 2 2.5 5D 1( 3.00)        -0.4806        -0.2403        -6.5389
     6 0 0.5 6S 1( 2.00)        -0.4627        -0.2313        -6.2951
     6 1 0.5 6P 1( 0.00)        -0.1206        -0.0603        -1.6406
     6 1 1.5 6P 1( 0.00)        -0.0785        -0.0392        -1.0680
     Averaged results
     1 0     1S 1( 2.00)     -5587.4289     -2793.7144    -76020.8426
     2 0     2S 1( 2.00)      -976.6501      -488.3251    -13288.0021
     2 1     2P 1( 6.00)      -855.6658      -427.8329    -11641.9263
     3 0     3S 1( 2.00)      -228.3919      -114.1960     -3107.4301
     3 1     3P 1( 6.00)      -192.4879       -96.2440     -2618.9318
     4 0     4S 1( 2.00)       -48.7035       -24.3518      -662.6455
     4 1     4P 1( 6.00)       -36.7971       -18.3985      -500.6495
     3 2     3D 1(10.00)      -149.6283       -74.8142     -2035.7972
     5 0     5S 1( 2.00)        -7.1651        -3.5825       -97.4857
     5 1     5P 1( 6.00)        -4.0621        -2.0310       -55.2673
     4 2     4D 1(10.00)       -21.3111       -10.6556      -289.9526
     4 3     4F 1(14.00)        -4.5322        -2.2661       -61.6637
     5 2     5D 1( 7.00)        -0.5163        -0.2582        -7.0249
     6 0     6S 1( 2.00)        -0.4627        -0.2313        -6.2951
     6 1     6P 1( 0.00)        -0.0925        -0.0463        -1.2588

     final scf error:  8.4E-15 reached in  31 iterations
 
     Etot =  -35716.176123 Ry,  -17858.088061 Ha, -485943.331851 eV

     Ekin =   40716.383409 Ry,   20358.191705 Ha,  553974.617741 eV
     Encl =  -89657.936733 Ry,  -44828.968366 Ha,-1219858.373228 eV
     Eh   =   13923.218259 Ry,    6961.609130 Ha,  189435.034918 eV
     Exc  =    -697.841058 Ry,    -348.920529 Ha,   -9494.611283 eV


     normalization and overlap integrals

     s(1S/1S) =  1.000000  <r> =   0.0174  <r2> =    0.0004  r(max) =   0.0108
     s(1S/2S) = -0.000000
     s(1S/3S) = -0.000000
     s(1S/4S) = -0.000000
     s(1S/5S) = -0.000000
     s(1S/6S) = -0.000000
     s(2S/2S) =  1.000000  <r> =   0.0729  <r2> =    0.0064  r(max) =   0.0620
     s(2S/3S) =  0.000000
     s(2S/4S) =  0.000000
     s(2S/5S) =  0.000000
     s(2S/6S) =  0.000000
     s(2P/2P) =  1.000000  <r> =   0.0602  <r2> =    0.0045  r(max) =   0.0465
     s(2P/3P) =  0.000000
     s(2P/4P) =  0.000000
     s(2P/5P) =  0.000000
     s(2P/6P) =  0.000000
     s(2P/2P) =  1.000000  <r> =   0.0685  <r2> =    0.0057  r(max) =   0.0533
     s(2P/3P) =  0.000000
     s(2P/4P) =  0.000000
     s(2P/5P) =  0.000000
     s(2P/6P) =  0.000000
     s(3S/3S) =  1.000000  <r> =   0.1899  <r2> =    0.0414  r(max) =   0.1749
     s(3S/4S) =  0.000000
     s(3S/5S) =  0.000000
     s(3S/6S) =  0.000000
     s(3P/3P) =  1.000000  <r> =   0.1801  <r2> =    0.0378  r(max) =   0.1643
     s(3P/4P) =  0.000000
     s(3P/5P) =  0.000000
     s(3P/6P) =  0.000000
     s(3P/3P) =  1.000000  <r> =   0.1954  <r2> =    0.0443  r(max) =   0.1793
     s(3P/4P) =  0.000000
     s(3P/5P) =  0.000000
     s(3P/6P) =  0.000000
     s(4S/4S) =  1.000000  <r> =   0.4232  <r2> =    0.2023  r(max) =   0.3990
     s(4S/5S) =  0.000000
     s(4S/6S) =  0.000000
     s(4P/4P) =  1.000000  <r> =   0.4267  <r2> =    0.2074  r(max) =   0.3990
     s(4P/5P) =  0.000000
     s(4P/6P) =  0.000000
     s(4P/4P) =  1.000000  <r> =   0.4604  <r2> =    0.2411  r(max) =   0.4247
     s(4P/5P) =  0.000000
     s(4P/6P) =  0.000000
     s(3D/3D) =  1.000000  <r> =   0.1705  <r2> =    0.0341  r(max) =   0.1396
     s(3D/4D) =  0.000000
     s(3D/5D) =  0.000000
     s(3D/3D) =  1.000000  <r> =   0.1752  <r2> =    0.0359  r(max) =   0.1432
     s(3D/4D) = -0.000000
     s(3D/5D) = -0.000000
     s(5S/5S) =  1.000000  <r> =   0.9789  <r2> =    1.0761  r(max) =   0.8880
     s(5S/6S) =  0.000000
     s(5P/5P) =  1.000000  <r> =   1.0655  <r2> =    1.2847  r(max) =   0.9453
     s(5P/6P) =  0.000000
     s(5P/5P) =  1.000000  <r> =   1.1654  <r2> =    1.5392  r(max) =   1.0317
     s(5P/6P) = -0.000000
     s(4D/4D) =  1.000000  <r> =   0.4719  <r2> =    0.2579  r(max) =   0.4195
     s(4D/5D) =  0.000000
     s(4D/4D) =  1.000000  <r> =   0.4832  <r2> =    0.2701  r(max) =   0.4301
     s(4D/5D) = -0.000000
     s(4F/4F) =  1.000000  <r> =   0.5315  <r2> =    0.3462  r(max) =   0.3940
     s(4F/4F) =  1.000000  <r> =   0.5392  <r2> =    0.3565  r(max) =   0.3990
     s(5D/5D) =  1.000000  <r> =   1.6814  <r2> =    3.4012  r(max) =   1.2760
     s(5D/5D) =  1.000000  <r> =   1.7620  <r2> =    3.7589  r(max) =   1.3247
     s(6S/6S) =  1.000000  <r> =   2.9073  <r2> =    9.7032  r(max) =   2.4138
     s(6P/6P) =  1.000000  <r> =   4.1942  <r2> =   20.9283  r(max) =   3.1778
     s(6P/6P) =  1.000000  <r> =   4.8682  <r2> =   28.3188  r(max) =   3.6462

     ------------------------ End of All-electron run ------------------------


     --------------------- Generating PAW atomic setup --------------------


      Generating local potential from pseudized AE potential:
      Matching radius rcloc =   2.4000

      Local pseudo, rcloc= 2.414 Estimated cut-off energy=     4.30 Ry

      Computing core charge for nlcc: 

       r > 1.20 : true rho core
       r < 1.20 : rho core = a sin(br)/r    a=  14.14  b=   2.13

      Integrated core pseudo-charge :  11.45

     Fully relativistic calculation: |psi|^2

     Wfc 6S LC norm =  0.99994172 SC norm =  0.00005604 missing  0.00000224
     Speed at rcutus      0.569 a.u.,  v/c =  0.004153,  (v/c)^2 =  0.00001725

     Wfc 6P LC norm =  0.99997390 SC norm =  0.00002592 missing  0.00000017
     Speed at rcutus      0.459 a.u.,  v/c =  0.003347,  (v/c)^2 =  0.00001120

     Wfc 6P LC norm =  0.99998131 SC norm =  0.00001569 missing  0.00000300
     Speed at rcutus      0.386 a.u.,  v/c =  0.002814,  (v/c)^2 =  0.00000792

     Wfc 5D LC norm =  0.99981378 SC norm =  0.00018618 missing  0.00000004
     Speed at rcutus      0.542 a.u.,  v/c =  0.003958,  (v/c)^2 =  0.00001566

     Wfc 5D LC norm =  0.99982890 SC norm =  0.00016954 missing  0.00000156
     Speed at rcutus      0.587 a.u.,  v/c =  0.004280,  (v/c)^2 =  0.00001832
      Wfc-us  6S rcutus= 2.414  Estimated cut-off energy=     7.63 Ry
      Wfc-us  6S rcutus= 2.414  Estimated cut-off energy=    13.47 Ry
      Wfc-us  6P rcutus= 2.602  Estimated cut-off energy=    10.66 Ry
      Wfc-us  6P rcutus= 2.602  Estimated cut-off energy=    10.36 Ry
      Wfc-us  6P rcutus= 2.602  Estimated cut-off energy=    19.20 Ry
      Wfc-us  6P rcutus= 2.602  Estimated cut-off energy=    17.32 Ry
      Wfc-us  5D rcutus= 2.184  Estimated cut-off energy=    24.59 Ry
      Wfc-us  5D rcutus= 2.184  Estimated cut-off energy=    24.47 Ry
      Wfc-us  5D rcutus= 2.184  Estimated cut-off energy=    40.17 Ry
      Wfc-us  5D rcutus= 2.184  Estimated cut-off energy=    38.24 Ry

      The bmat matrix
     0.77639     1.20889     0.00000     0.00000     0.00000     0.00000
     0.00000     0.00000     0.00000     0.00000
     0.88717     1.45785     0.00000     0.00000     0.00000     0.00000
     0.00000     0.00000     0.00000     0.00000
     0.00000     0.00000     0.18705     0.00000     0.49521     0.00000
     0.00000     0.00000     0.00000     0.00000
     0.00000     0.00000     0.00000     0.09602     0.00000     0.29517
     0.00000     0.00000     0.00000     0.00000
     0.00000     0.00000     0.35430     0.00000     1.11828     0.00000
     0.00000     0.00000     0.00000     0.00000
     0.00000     0.00000     0.00000     0.26020     0.00000     0.95596
     0.00000     0.00000     0.00000     0.00000
     0.00000     0.00000     0.00000     0.00000     0.00000     0.00000
    -1.04943     0.00000    -0.89899     0.00000
     0.00000     0.00000     0.00000     0.00000     0.00000     0.00000
     0.00000    -0.96368     0.00000    -0.79411
     0.00000     0.00000     0.00000     0.00000     0.00000     0.00000
    -0.80430     0.00000    -0.95602     0.00000
     0.00000     0.00000     0.00000     0.00000     0.00000     0.00000
     0.00000    -0.68983     0.00000    -0.69323

      The bmat + epsilon qq matrix
     0.81875     0.93739     0.00000     0.00000     0.00000     0.00000
     0.00000     0.00000     0.00000     0.00000
     0.93742     1.14111     0.00000     0.00000     0.00000     0.00000
     0.00000     0.00000     0.00000     0.00000
     0.00000     0.00000     0.18890     0.00000     0.35897     0.00000
     0.00000     0.00000     0.00000     0.00000
     0.00000     0.00000     0.00000     0.09576     0.00000     0.26095
     0.00000     0.00000     0.00000     0.00000
     0.00000     0.00000     0.35900     0.00000     0.80728     0.00000
     0.00000     0.00000     0.00000     0.00000
     0.00000     0.00000     0.00000     0.26097     0.00000     0.75342
     0.00000     0.00000     0.00000     0.00000
     0.00000     0.00000     0.00000     0.00000     0.00000     0.00000
    -1.17063     0.00000    -0.84370     0.00000
     0.00000     0.00000     0.00000     0.00000     0.00000     0.00000
     0.00000    -1.04910     0.00000    -0.72897
     0.00000     0.00000     0.00000     0.00000     0.00000     0.00000
    -0.84369     0.00000    -0.97444     0.00000
     0.00000     0.00000     0.00000     0.00000     0.00000     0.00000
     0.00000    -0.72897     0.00000    -0.67627

      The qq matrix
    -0.09157    -0.10860     0.00000     0.00000     0.00000     0.00000
     0.00000     0.00000     0.00000     0.00000
    -0.10860    -0.12670     0.00000     0.00000     0.00000     0.00000
     0.00000     0.00000     0.00000     0.00000
     0.00000     0.00000    -0.01539     0.00000    -0.03893     0.00000
     0.00000     0.00000     0.00000     0.00000
     0.00000     0.00000     0.00000     0.00339     0.00000    -0.00978
     0.00000     0.00000     0.00000     0.00000
     0.00000     0.00000    -0.03893     0.00000    -0.08886     0.00000
     0.00000     0.00000     0.00000     0.00000
     0.00000     0.00000     0.00000    -0.00978     0.00000    -0.05787
     0.00000     0.00000     0.00000     0.00000
     0.00000     0.00000     0.00000     0.00000     0.00000     0.00000
     0.21267     0.00000     0.06911     0.00000
     0.00000     0.00000     0.00000     0.00000     0.00000     0.00000
     0.00000     0.17773     0.00000     0.08142
     0.00000     0.00000     0.00000     0.00000     0.00000     0.00000
     0.06911     0.00000    -0.02303     0.00000
     0.00000     0.00000     0.00000     0.00000     0.00000     0.00000
     0.00000     0.08142     0.00000     0.02119


    multipoles (all-electron charge) - (pseudo charge)
        ns l1:ns1 l2    l=0     l=1     l=2     l=3     l=4     l=5  
         1  0:  1  0 -0.0916
         2  0:  1  0 -0.1086
         2  0:  2  0 -0.1267
         3  1:  1  0  0.0000  0.0742
         3  1:  2  0  0.0000  0.0852
         3  1:  3  1 -0.0154  0.0000 -0.0707
         4  1:  1  0  0.0000  0.0464
         4  1:  2  0  0.0000  0.0561
         4  1:  3  1 -0.0045  0.0000 -0.0447
         4  1:  4  1  0.0034  0.0000 -0.0249
         5  1:  1  0  0.0000  0.1422
         5  1:  2  0  0.0000  0.1635
         5  1:  3  1 -0.0389  0.0000 -0.1260
         5  1:  4  1 -0.0189  0.0000 -0.0853
         5  1:  5  1 -0.0889  0.0000 -0.2264
         6  1:  1  0  0.0000  0.1312
         6  1:  2  0  0.0000  0.1539
         6  1:  3  1 -0.0299  0.0000 -0.1190
         6  1:  4  1 -0.0098  0.0000 -0.0759
         6  1:  5  1 -0.0753  0.0000 -0.2193
         6  1:  6  1 -0.0579  0.0000 -0.2062
         7  2:  1  0  0.0000  0.0000  0.2694
         7  2:  2  0  0.0000  0.0000  0.2414
         7  2:  3  1  0.0000 -0.1706  0.0000 -0.2833
         7  2:  4  1  0.0000 -0.1479  0.0000 -0.2520
         7  2:  5  1  0.0000 -0.2504  0.0000 -0.3549
         7  2:  6  1  0.0000 -0.2857  0.0000 -0.4419
         7  2:  7  2  0.2127  0.0000  0.2436  0.0000  0.3688
         8  2:  1  0  0.0000  0.0000  0.2661
         8  2:  2  0  0.0000  0.0000  0.2392
         8  2:  3  1  0.0000 -0.1664  0.0000 -0.2813
         8  2:  4  1  0.0000 -0.1438  0.0000 -0.2491
         8  2:  5  1  0.0000 -0.2445  0.0000 -0.3531
         8  2:  6  1  0.0000 -0.2788  0.0000 -0.4382
         8  2:  7  2  0.1943  0.0000  0.2233  0.0000  0.3401
         8  2:  8  2  0.1777  0.0000  0.2045  0.0000  0.3135
         9  2:  1  0  0.0000  0.0000  0.2314
         9  2:  2  0  0.0000  0.0000  0.2425
         9  2:  3  1  0.0000 -0.1266  0.0000 -0.1800
         9  2:  4  1  0.0000 -0.0997  0.0000 -0.1449
         9  2:  5  1  0.0000 -0.2249  0.0000 -0.3013
         9  2:  6  1  0.0000 -0.2278  0.0000 -0.3193
         9  2:  7  2  0.0691  0.0000  0.0507  0.0000  0.0462
         9  2:  8  2  0.0571  0.0000  0.0384  0.0000  0.0306
         9  2:  9  2 -0.0230  0.0000 -0.0506  0.0000 -0.0901
        10  2:  1  0  0.0000  0.0000  0.2063
        10  2:  2  0  0.0000  0.0000  0.2084
        10  2:  3  1  0.0000 -0.1177  0.0000 -0.1712
        10  2:  4  1  0.0000 -0.0956  0.0000 -0.1427
        10  2:  5  1  0.0000 -0.1996  0.0000 -0.2679
        10  2:  6  1  0.0000 -0.2087  0.0000 -0.2957
        10  2:  7  2  0.0928  0.0000  0.0886  0.0000  0.1162
        10  2:  8  2  0.0814  0.0000  0.0764  0.0000  0.0998
        10  2:  9  2  0.0003  0.0000 -0.0207  0.0000 -0.0451
        10  2: 10  2  0.0212  0.0000  0.0072  0.0000 -0.0002
     Required augmentation: PSQ   radius:    1.000000

     Q pseudized with Bessel functions
     Expected ecutrho=     526.2817 due to l1=  2   l2=  2

     Estimated PAW energy = -726.666327 Ryd

     The PAW screened D coefficients
     0.81875     0.93742     0.00000     0.00000     0.00000     0.00000
     0.00000     0.00000     0.00000     0.00000
     0.93742     1.14111     0.00000     0.00000     0.00000     0.00000
     0.00000     0.00000     0.00000     0.00000
     0.00000     0.00000     0.18890     0.00000     0.35900     0.00000
     0.00000     0.00000     0.00000     0.00000
     0.00000     0.00000     0.00000     0.09576     0.00000     0.26097
     0.00000     0.00000     0.00000     0.00000
     0.00000     0.00000     0.35900     0.00000     0.80729     0.00000
     0.00000     0.00000     0.00000     0.00000
     0.00000     0.00000     0.00000     0.26097     0.00000     0.75342
     0.00000     0.00000     0.00000     0.00000
     0.00000     0.00000     0.00000     0.00000     0.00000     0.00000
    -1.17063     0.00000    -0.84369     0.00000
     0.00000     0.00000     0.00000     0.00000     0.00000     0.00000
     0.00000    -1.04910     0.00000    -0.72897
     0.00000     0.00000     0.00000     0.00000     0.00000     0.00000
    -0.84369     0.00000    -0.97443     0.00000
     0.00000     0.00000     0.00000     0.00000     0.00000     0.00000
     0.00000    -0.72897     0.00000    -0.67627

     The PAW descreened D coefficients (US)
     0.56724     0.61372     0.00000     0.00000     0.00000     0.00000
     0.00000     0.00000     0.00000     0.00000
     0.61372     0.74080     0.00000     0.00000     0.00000     0.00000
     0.00000     0.00000     0.00000     0.00000
     0.00000     0.00000     0.21162     0.00000     0.38770     0.00000
     0.00000     0.00000     0.00000     0.00000
     0.00000     0.00000     0.00000     0.17102     0.00000     0.34480
     0.00000     0.00000     0.00000     0.00000
     0.00000     0.00000     0.38770     0.00000     0.66235     0.00000
     0.00000     0.00000     0.00000     0.00000
     0.00000     0.00000     0.00000     0.34480     0.00000     0.75156
     0.00000     0.00000     0.00000     0.00000
     0.00000     0.00000     0.00000     0.00000     0.00000     0.00000
     0.14016     0.00000    -0.27049     0.00000
     0.00000     0.00000     0.00000     0.00000     0.00000     0.00000
     0.00000     0.06509     0.00000    -0.12428
     0.00000     0.00000     0.00000     0.00000     0.00000     0.00000
    -0.27049     0.00000    -0.92488     0.00000
     0.00000     0.00000     0.00000     0.00000     0.00000     0.00000
     0.00000    -0.12428     0.00000    -0.41388

     ------------------- End of pseudopotential generation -------------------

     --------------------------- All-electron run ----------------------------

     Ir                                                                         
     dirac relativistic calculation

     atomic number is 77.00
     dft = SLA  PW   PBX  PBC   lsd =0 sic =0 latt =0  beta=0.20 tr2=1.0E-14
     Exchange-correlation=  SLA  PW   PBX  PBC
                           (   1   4   3   4   0   0   0)
     mesh =1277 r(mesh) = 100.10249 a.u. xmin = -7.00 dx = 0.01250
     1 Ry =  13.60569312 eV, c = 137.03599908

     n l j   nl                  e(Ry)          e(Ha)          e(eV)
     Spin orbit split results
     1 0 0.5 1S 1( 2.00)     -5587.4289     -2793.7144    -76020.8426
     2 0 0.5 2S 1( 2.00)      -976.6501      -488.3251    -13288.0021
     2 1 0.5 2P 1( 2.00)      -935.4269      -467.7134    -12727.1309
     2 1 1.5 2P 1( 4.00)      -815.7853      -407.8926    -11099.3239
     3 0 0.5 3S 1( 2.00)      -228.3919      -114.1960     -3107.4301
     3 1 0.5 3P 1( 2.00)      -209.9527      -104.9764     -2856.5521
     3 1 1.5 3P 1( 4.00)      -183.7556       -91.8778     -2500.1217
     4 0 0.5 4S 1( 2.00)       -48.7035       -24.3518      -662.6455
     4 1 0.5 4P 1( 2.00)       -40.9274       -20.4637      -556.8458
     4 1 1.5 4P 1( 4.00)       -34.7319       -17.3659      -472.5514
     3 2 1.5 3D 1( 4.00)      -153.0243       -76.5122     -2082.0021
     3 2 2.5 3D 1( 6.00)      -147.3643       -73.6822     -2004.9940
     5 0 0.5 5S 1( 2.00)        -7.1651        -3.5825       -97.4857
     5 1 0.5 5P 1( 2.00)        -4.7267        -2.3634       -64.3101
     5 1 1.5 5P 1( 4.00)        -3.7298        -1.8649       -50.7459
     4 2 1.5 4D 1( 4.00)       -22.0010       -11.0005      -299.3388
     4 2 2.5 4D 1( 6.00)       -20.8512       -10.4256      -283.6951
     4 3 2.5 4F 1( 6.00)        -4.6632        -2.3316       -63.4458
     4 3 3.5 4F 1( 8.00)        -4.4340        -2.2170       -60.3272
     5 2 1.5 5D 1( 4.00)        -0.5699        -0.2849        -7.7538
     5 2 2.5 5D 1( 3.00)        -0.4806        -0.2403        -6.5389
     6 0 0.5 6S 1( 2.00)        -0.4627        -0.2313        -6.2951
     6 1 0.5 6P 1( 0.00)        -0.1206        -0.0603        -1.6406
     6 1 1.5 6P 1( 0.00)        -0.0785        -0.0392        -1.0680
     Averaged results
     1 0     1S 1( 2.00)     -5587.4289     -2793.7144    -76020.8426
     2 0     2S 1( 2.00)      -976.6501      -488.3251    -13288.0021
     2 1     2P 1( 6.00)      -855.6658      -427.8329    -11641.9263
     3 0     3S 1( 2.00)      -228.3919      -114.1960     -3107.4301
     3 1     3P 1( 6.00)      -192.4879       -96.2440     -2618.9318
     4 0     4S 1( 2.00)       -48.7035       -24.3518      -662.6455
     4 1     4P 1( 6.00)       -36.7971       -18.3985      -500.6495
     3 2     3D 1(10.00)      -149.6283       -74.8142     -2035.7972
     5 0     5S 1( 2.00)        -7.1651        -3.5825       -97.4857
     5 1     5P 1( 6.00)        -4.0621        -2.0310       -55.2673
     4 2     4D 1(10.00)       -21.3111       -10.6556      -289.9526
     4 3     4F 1(14.00)        -4.5322        -2.2661       -61.6637
     5 2     5D 1( 7.00)        -0.5163        -0.2582        -7.0249
     6 0     6S 1( 2.00)        -0.4627        -0.2313        -6.2951
     6 1     6P 1( 0.00)        -0.0925        -0.0463        -1.2588

     final scf error:  8.4E-15 reached in  31 iterations
 
     Etot =  -35716.176123 Ry,  -17858.088061 Ha, -485943.331851 eV

     Ekin =   40716.383409 Ry,   20358.191705 Ha,  553974.617741 eV
     Encl =  -89657.936733 Ry,  -44828.968366 Ha,-1219858.373228 eV
     Eh   =   13923.218259 Ry,    6961.609130 Ha,  189435.034918 eV
     Exc  =    -697.841058 Ry,    -348.920529 Ha,   -9494.611283 eV


     normalization and overlap integrals

     s(1S/1S) =  1.000000  <r> =   0.0174  <r2> =    0.0004  r(max) =   0.0108
     s(1S/2S) = -0.000000
     s(1S/3S) = -0.000000
     s(1S/4S) = -0.000000
     s(1S/5S) = -0.000000
     s(1S/6S) = -0.000000
     s(2S/2S) =  1.000000  <r> =   0.0729  <r2> =    0.0064  r(max) =   0.0620
     s(2S/3S) =  0.000000
     s(2S/4S) =  0.000000
     s(2S/5S) =  0.000000
     s(2S/6S) =  0.000000
     s(2P/2P) =  1.000000  <r> =   0.0602  <r2> =    0.0045  r(max) =   0.0465
     s(2P/3P) =  0.000000
     s(2P/4P) =  0.000000
     s(2P/5P) =  0.000000
     s(2P/6P) =  0.000000
     s(2P/2P) =  1.000000  <r> =   0.0685  <r2> =    0.0057  r(max) =   0.0533
     s(2P/3P) =  0.000000
     s(2P/4P) =  0.000000
     s(2P/5P) =  0.000000
     s(2P/6P) =  0.000000
     s(3S/3S) =  1.000000  <r> =   0.1899  <r2> =    0.0414  r(max) =   0.1749
     s(3S/4S) =  0.000000
     s(3S/5S) =  0.000000
     s(3S/6S) =  0.000000
     s(3P/3P) =  1.000000  <r> =   0.1801  <r2> =    0.0378  r(max) =   0.1643
     s(3P/4P) =  0.000000
     s(3P/5P) =  0.000000
     s(3P/6P) =  0.000000
     s(3P/3P) =  1.000000  <r> =   0.1954  <r2> =    0.0443  r(max) =   0.1793
     s(3P/4P) =  0.000000
     s(3P/5P) =  0.000000
     s(3P/6P) =  0.000000
     s(4S/4S) =  1.000000  <r> =   0.4232  <r2> =    0.2023  r(max) =   0.3990
     s(4S/5S) =  0.000000
     s(4S/6S) =  0.000000
     s(4P/4P) =  1.000000  <r> =   0.4267  <r2> =    0.2074  r(max) =   0.3990
     s(4P/5P) =  0.000000
     s(4P/6P) =  0.000000
     s(4P/4P) =  1.000000  <r> =   0.4604  <r2> =    0.2411  r(max) =   0.4247
     s(4P/5P) =  0.000000
     s(4P/6P) =  0.000000
     s(3D/3D) =  1.000000  <r> =   0.1705  <r2> =    0.0341  r(max) =   0.1396
     s(3D/4D) =  0.000000
     s(3D/5D) =  0.000000
     s(3D/3D) =  1.000000  <r> =   0.1752  <r2> =    0.0359  r(max) =   0.1432
     s(3D/4D) = -0.000000
     s(3D/5D) = -0.000000
     s(5S/5S) =  1.000000  <r> =   0.9789  <r2> =    1.0761  r(max) =   0.8880
     s(5S/6S) =  0.000000
     s(5P/5P) =  1.000000  <r> =   1.0655  <r2> =    1.2847  r(max) =   0.9453
     s(5P/6P) =  0.000000
     s(5P/5P) =  1.000000  <r> =   1.1654  <r2> =    1.5392  r(max) =   1.0317
     s(5P/6P) = -0.000000
     s(4D/4D) =  1.000000  <r> =   0.4719  <r2> =    0.2579  r(max) =   0.4195
     s(4D/5D) =  0.000000
     s(4D/4D) =  1.000000  <r> =   0.4832  <r2> =    0.2701  r(max) =   0.4301
     s(4D/5D) = -0.000000
     s(4F/4F) =  1.000000  <r> =   0.5315  <r2> =    0.3462  r(max) =   0.3940
     s(4F/4F) =  1.000000  <r> =   0.5392  <r2> =    0.3565  r(max) =   0.3990
     s(5D/5D) =  1.000000  <r> =   1.6814  <r2> =    3.4012  r(max) =   1.2760
     s(5D/5D) =  1.000000  <r> =   1.7620  <r2> =    3.7589  r(max) =   1.3247
     s(6S/6S) =  1.000000  <r> =   2.9073  <r2> =    9.7032  r(max) =   2.4138
     s(6P/6P) =  1.000000  <r> =   4.1942  <r2> =   20.9283  r(max) =   3.1778
     s(6P/6P) =  1.000000  <r> =   4.8682  <r2> =   28.3188  r(max) =   3.6462

     ------------------------ End of All-electron run ------------------------


     ---------------------- Testing the pseudopotential ----------------------

     Ir                                                                         
     dirac relativistic calculation

     atomic number is 77.00   valence charge is  9.00
     dft = SLA  PW   PBX  PBC   lsd =0 sic =0 latt =0  beta=0.20 tr2=1.0E-14
     mesh =1277 r(mesh) = 100.10249 xmin = -7.00 dx = 0.01250

     n l  j  nl             e AE (Ry)       e PS (Ry)    De AE-PS (Ry) 
     1 0 0.5 6S   1( 2.00)       -0.46268       -0.46268        0.00000
     2 1 0.5 6P   1( 0.00)       -0.12058       -0.12058       -0.00000
     2 1 1.5 6P   1( 0.00)       -0.07849       -0.07849        0.00000
     3 2 1.5 5D   1( 4.00)       -0.56990       -0.56990        0.00000
     3 2 2.5 5D   1( 3.00)       -0.48060       -0.48061        0.00000

     eps = 1.7E-15  iter =  3
 
     Etot =  -35716.176123 Ry,  -17858.088061 Ha, -485943.331851 eV
     Etotps =  -726.666334 Ry,    -363.333167 Ha,   -9886.799141 eV

     Ekin =     105.840084 Ry,      52.920042 Ha,    1440.027705 eV
     Encl =    -172.326524 Ry,     -86.163262 Ha,   -2344.621801 eV
     Ehrt =      37.661169 Ry,      18.830584 Ha,     512.406304 eV
     Ecxc =    -697.841063 Ry,    -348.920531 Ha,   -9494.611349 eV
     (Ecc =     -17.929110 Ry,      -8.964555 Ha,    -243.937963 eV)

     ---------------------- End of pseudopotential test ----------------------

