[0] MPI startup(): I_MPI_SHM_LMT environment variable is not supported.
[0] MPI startup(): Similar variables:
	 I_MPI_SHM_HEAP
	 I_MPI_SHM
	 I_MPI_SHM_OPT
	 I_MPI_SHM_THP
[0] MPI startup(): To check the list of supported variables, use the impi_info utility or refer to https://software.intel.com/en-us/mpi-library/documentation/get-started.

     Program LD1 v.7.3.1 starts on 19Sep2024 at 21:48:59 

     This program is part of the open-source Quantum ESPRESSO suite
     for quantum simulation of materials; please cite
         "P. Giannozzi et al., J. Phys.:Condens. Matter 21 395502 (2009);
         "P. Giannozzi et al., J. Phys.:Condens. Matter 29 465901 (2017);
         "P. Giannozzi et al., J. Chem. Phys. 152 154105 (2020);
          URL http://www.quantum-espresso.org", 
     in publications or presentations arising from this work. More details at
     http://www.quantum-espresso.org/quote

     Parallel version (MPI), running on     1 processors

     MPI processes distributed on     1 nodes
     89452 MiB available memory on the printing compute node when the environment starts
 
     Waiting for input...
     Reading input from standard input
     --------------------------- All-electron run ----------------------------

     Ir                                                                         
     dirac relativistic calculation

     atomic number is 77.00
     dft =PBE   lsd =0 sic =0 latt =0  beta=0.20 tr2=1.0E-14
     Exchange-correlation= PBE
                           (   1   4   3   4   0   0   0)
     mesh =1277 r(mesh) = 100.10249 a.u. xmin = -7.00 dx = 0.01250
     1 Ry =  13.60569312 eV, c = 137.03599908

     n l j   nl                  e(Ry)          e(Ha)          e(eV)
     Spin orbit split results
     1 0 0.5 1S 1( 2.00)     -5587.4289     -2793.7144    -76020.8426
     2 0 0.5 2S 1( 2.00)      -976.6501      -488.3251    -13288.0021
     2 1 0.5 2P 1( 2.00)      -935.4269      -467.7134    -12727.1309
     2 1 1.5 2P 1( 4.00)      -815.7853      -407.8926    -11099.3239
     3 0 0.5 3S 1( 2.00)      -228.3919      -114.1960     -3107.4301
     3 1 0.5 3P 1( 2.00)      -209.9527      -104.9764     -2856.5521
     3 1 1.5 3P 1( 4.00)      -183.7556       -91.8778     -2500.1217
     4 0 0.5 4S 1( 2.00)       -48.7035       -24.3518      -662.6455
     4 1 0.5 4P 1( 2.00)       -40.9274       -20.4637      -556.8458
     4 1 1.5 4P 1( 4.00)       -34.7319       -17.3659      -472.5514
     3 2 1.5 3D 1( 4.00)      -153.0243       -76.5122     -2082.0021
     3 2 2.5 3D 1( 6.00)      -147.3643       -73.6822     -2004.9940
     5 0 0.5 5S 1( 2.00)        -7.1651        -3.5825       -97.4857
     5 1 0.5 5P 1( 2.00)        -4.7267        -2.3634       -64.3101
     5 1 1.5 5P 1( 4.00)        -3.7298        -1.8649       -50.7459
     4 2 1.5 4D 1( 4.00)       -22.0010       -11.0005      -299.3388
     4 2 2.5 4D 1( 6.00)       -20.8512       -10.4256      -283.6951
     4 3 2.5 4F 1( 6.00)        -4.6632        -2.3316       -63.4458
     4 3 3.5 4F 1( 8.00)        -4.4340        -2.2170       -60.3272
     5 2 1.5 5D 1( 4.00)        -0.5699        -0.2849        -7.7538
     5 2 2.5 5D 1( 3.00)        -0.4806        -0.2403        -6.5389
     6 0 0.5 6S 1( 2.00)        -0.4627        -0.2313        -6.2951
     6 1 0.5 6P 1( 0.00)        -0.1206        -0.0603        -1.6406
     6 1 1.5 6P 1( 0.00)        -0.0785        -0.0392        -1.0680
     Averaged results
     1 0     1S 1( 2.00)     -5587.4289     -2793.7144    -76020.8426
     2 0     2S 1( 2.00)      -976.6501      -488.3251    -13288.0021
     2 1     2P 1( 6.00)      -855.6658      -427.8329    -11641.9263
     3 0     3S 1( 2.00)      -228.3919      -114.1960     -3107.4301
     3 1     3P 1( 6.00)      -192.4879       -96.2440     -2618.9318
     4 0     4S 1( 2.00)       -48.7035       -24.3518      -662.6455
     4 1     4P 1( 6.00)       -36.7971       -18.3985      -500.6495
     3 2     3D 1(10.00)      -149.6283       -74.8142     -2035.7972
     5 0     5S 1( 2.00)        -7.1651        -3.5825       -97.4857
     5 1     5P 1( 6.00)        -4.0621        -2.0310       -55.2673
     4 2     4D 1(10.00)       -21.3111       -10.6556      -289.9526
     4 3     4F 1(14.00)        -4.5322        -2.2661       -61.6637
     5 2     5D 1( 7.00)        -0.5163        -0.2582        -7.0249
     6 0     6S 1( 2.00)        -0.4627        -0.2313        -6.2951
     6 1     6P 1( 0.00)        -0.0925        -0.0463        -1.2588

     final scf error:  8.4E-15 reached in  31 iterations
 
     Etot =  -35716.176123 Ry,  -17858.088061 Ha, -485943.331851 eV

     Ekin =   40716.383409 Ry,   20358.191705 Ha,  553974.617741 eV
     Encl =  -89657.936733 Ry,  -44828.968366 Ha,-1219858.373228 eV
     Eh   =   13923.218259 Ry,    6961.609130 Ha,  189435.034918 eV
     Exc  =    -697.841058 Ry,    -348.920529 Ha,   -9494.611283 eV


     normalization and overlap integrals

     s(1S/1S) =  1.000000  <r> =   0.0174  <r2> =    0.0004  r(max) =   0.0108
     s(1S/2S) = -0.000000
     s(1S/3S) = -0.000000
     s(1S/4S) = -0.000000
     s(1S/5S) = -0.000000
     s(1S/6S) = -0.000000
     s(2S/2S) =  1.000000  <r> =   0.0729  <r2> =    0.0064  r(max) =   0.0620
     s(2S/3S) =  0.000000
     s(2S/4S) =  0.000000
     s(2S/5S) =  0.000000
     s(2S/6S) =  0.000000
     s(2P/2P) =  1.000000  <r> =   0.0602  <r2> =    0.0045  r(max) =   0.0465
     s(2P/3P) =  0.000000
     s(2P/4P) =  0.000000
     s(2P/5P) =  0.000000
     s(2P/6P) =  0.000000
     s(2P/2P) =  1.000000  <r> =   0.0685  <r2> =    0.0057  r(max) =   0.0533
     s(2P/3P) =  0.000000
     s(2P/4P) =  0.000000
     s(2P/5P) =  0.000000
     s(2P/6P) =  0.000000
     s(3S/3S) =  1.000000  <r> =   0.1899  <r2> =    0.0414  r(max) =   0.1749
     s(3S/4S) =  0.000000
     s(3S/5S) =  0.000000
     s(3S/6S) =  0.000000
     s(3P/3P) =  1.000000  <r> =   0.1801  <r2> =    0.0378  r(max) =   0.1643
     s(3P/4P) =  0.000000
     s(3P/5P) =  0.000000
     s(3P/6P) =  0.000000
     s(3P/3P) =  1.000000  <r> =   0.1954  <r2> =    0.0443  r(max) =   0.1793
     s(3P/4P) =  0.000000
     s(3P/5P) =  0.000000
     s(3P/6P) =  0.000000
     s(4S/4S) =  1.000000  <r> =   0.4232  <r2> =    0.2023  r(max) =   0.3990
     s(4S/5S) =  0.000000
     s(4S/6S) =  0.000000
     s(4P/4P) =  1.000000  <r> =   0.4267  <r2> =    0.2074  r(max) =   0.3990
     s(4P/5P) =  0.000000
     s(4P/6P) =  0.000000
     s(4P/4P) =  1.000000  <r> =   0.4604  <r2> =    0.2411  r(max) =   0.4247
     s(4P/5P) =  0.000000
     s(4P/6P) =  0.000000
     s(3D/3D) =  1.000000  <r> =   0.1705  <r2> =    0.0341  r(max) =   0.1396
     s(3D/4D) =  0.000000
     s(3D/5D) =  0.000000
     s(3D/3D) =  1.000000  <r> =   0.1752  <r2> =    0.0359  r(max) =   0.1432
     s(3D/4D) = -0.000000
     s(3D/5D) = -0.000000
     s(5S/5S) =  1.000000  <r> =   0.9789  <r2> =    1.0761  r(max) =   0.8880
     s(5S/6S) =  0.000000
     s(5P/5P) =  1.000000  <r> =   1.0655  <r2> =    1.2847  r(max) =   0.9453
     s(5P/6P) =  0.000000
     s(5P/5P) =  1.000000  <r> =   1.1654  <r2> =    1.5392  r(max) =   1.0317
     s(5P/6P) = -0.000000
     s(4D/4D) =  1.000000  <r> =   0.4719  <r2> =    0.2579  r(max) =   0.4195
     s(4D/5D) =  0.000000
     s(4D/4D) =  1.000000  <r> =   0.4832  <r2> =    0.2701  r(max) =   0.4301
     s(4D/5D) = -0.000000
     s(4F/4F) =  1.000000  <r> =   0.5315  <r2> =    0.3462  r(max) =   0.3940
     s(4F/4F) =  1.000000  <r> =   0.5392  <r2> =    0.3565  r(max) =   0.3990
     s(5D/5D) =  1.000000  <r> =   1.6814  <r2> =    3.4012  r(max) =   1.2760
     s(5D/5D) =  1.000000  <r> =   1.7620  <r2> =    3.7589  r(max) =   1.3247
     s(6S/6S) =  1.000000  <r> =   2.9073  <r2> =    9.7032  r(max) =   2.4138
     s(6P/6P) =  1.000000  <r> =   4.1942  <r2> =   20.9283  r(max) =   3.1778
     s(6P/6P) =  1.000000  <r> =   4.8682  <r2> =   28.3188  r(max) =   3.6462

     ------------------------ End of All-electron run ------------------------


     --------------------- Generating US pseudopotential ---------------------


      Generating local potential from pseudized AE potential:
      Matching radius rcloc =   2.3000

      Local pseudo, rcloc= 2.296 Estimated cut-off energy=     4.77 Ry

      Computing core charge for nlcc: 

       r > 1.62 : true rho core
      Core charge pseudized with two Bessel functions
      Integrated core pseudo-charge :  12.21

     Fully relativistic calculation: |psi|^2

     Wfc 6S LC norm =  0.99994172 SC norm =  0.00005604 missing  0.00000224

     Wfc 6P LC norm =  0.99997390 SC norm =  0.00002592 missing  0.00000017

     Wfc 6P LC norm =  0.99998131 SC norm =  0.00001569 missing  0.00000300

     Wfc 5D LC norm =  0.99981378 SC norm =  0.00018618 missing  0.00000004

     Wfc 5D LC norm =  0.99982890 SC norm =  0.00016954 missing  0.00000156
      Wfc-us  6S rcutus= 2.414  Estimated cut-off energy=     7.63 Ry
      Wfc-us  6S rcutus= 2.414  Estimated cut-off energy=    13.47 Ry
      Wfc-us  6P rcutus= 2.602  Estimated cut-off energy=    10.66 Ry
      Wfc-us  6P rcutus= 2.602  Estimated cut-off energy=    10.36 Ry
      Wfc-us  6P rcutus= 2.602  Estimated cut-off energy=    19.20 Ry
      Wfc-us  6P rcutus= 2.602  Estimated cut-off energy=    17.32 Ry
      Wfc-us  5D rcutus= 2.184  Estimated cut-off energy=    24.59 Ry
      Wfc-us  5D rcutus= 2.184  Estimated cut-off energy=    24.47 Ry
      Wfc-us  5D rcutus= 2.184  Estimated cut-off energy=    40.17 Ry
      Wfc-us  5D rcutus= 2.184  Estimated cut-off energy=    38.24 Ry

      The bmat matrix
     0.84349     1.29094     0.00000     0.00000     0.00000     0.00000
     0.00000     0.00000     0.00000     0.00000
     0.96923     1.55998     0.00000     0.00000     0.00000     0.00000
     0.00000     0.00000     0.00000     0.00000
     0.00000     0.00000     0.19902     0.00000     0.52382     0.00000
     0.00000     0.00000     0.00000     0.00000
     0.00000     0.00000     0.00000     0.09950     0.00000     0.30745
     0.00000     0.00000     0.00000     0.00000
     0.00000     0.00000     0.38291     0.00000     1.18897     0.00000
     0.00000     0.00000     0.00000     0.00000
     0.00000     0.00000     0.00000     0.27249     0.00000     1.00215
     0.00000     0.00000     0.00000     0.00000
     0.00000     0.00000     0.00000     0.00000     0.00000     0.00000
    -0.90931     0.00000    -0.77455     0.00000
     0.00000     0.00000     0.00000     0.00000     0.00000     0.00000
     0.00000    -0.82640     0.00000    -0.68380
     0.00000     0.00000     0.00000     0.00000     0.00000     0.00000
    -0.67986     0.00000    -0.83231     0.00000
     0.00000     0.00000     0.00000     0.00000     0.00000     0.00000
     0.00000    -0.57952     0.00000    -0.59721

      The bmat + epsilon qq matrix
     0.88586     1.01945     0.00000     0.00000     0.00000     0.00000
     0.00000     0.00000     0.00000     0.00000
     1.01947     1.24324     0.00000     0.00000     0.00000     0.00000
     0.00000     0.00000     0.00000     0.00000
     0.00000     0.00000     0.20088     0.00000     0.38758     0.00000
     0.00000     0.00000     0.00000     0.00000
     0.00000     0.00000     0.00000     0.09923     0.00000     0.27324
     0.00000     0.00000     0.00000     0.00000
     0.00000     0.00000     0.38760     0.00000     0.87797     0.00000
     0.00000     0.00000     0.00000     0.00000
     0.00000     0.00000     0.00000     0.27325     0.00000     0.79961
     0.00000     0.00000     0.00000     0.00000
     0.00000     0.00000     0.00000     0.00000     0.00000     0.00000
    -1.03051     0.00000    -0.71926     0.00000
     0.00000     0.00000     0.00000     0.00000     0.00000     0.00000
     0.00000    -0.91182     0.00000    -0.61866
     0.00000     0.00000     0.00000     0.00000     0.00000     0.00000
    -0.71924     0.00000    -0.85073     0.00000
     0.00000     0.00000     0.00000     0.00000     0.00000     0.00000
     0.00000    -0.61865     0.00000    -0.58026

      The qq matrix
    -0.09157    -0.10860     0.00000     0.00000     0.00000     0.00000
     0.00000     0.00000     0.00000     0.00000
    -0.10860    -0.12670     0.00000     0.00000     0.00000     0.00000
     0.00000     0.00000     0.00000     0.00000
     0.00000     0.00000    -0.01539     0.00000    -0.03893     0.00000
     0.00000     0.00000     0.00000     0.00000
     0.00000     0.00000     0.00000     0.00339     0.00000    -0.00978
     0.00000     0.00000     0.00000     0.00000
     0.00000     0.00000    -0.03893     0.00000    -0.08886     0.00000
     0.00000     0.00000     0.00000     0.00000
     0.00000     0.00000     0.00000    -0.00978     0.00000    -0.05787
     0.00000     0.00000     0.00000     0.00000
     0.00000     0.00000     0.00000     0.00000     0.00000     0.00000
     0.21267     0.00000     0.06911     0.00000
     0.00000     0.00000     0.00000     0.00000     0.00000     0.00000
     0.00000     0.17773     0.00000     0.08142
     0.00000     0.00000     0.00000     0.00000     0.00000     0.00000
     0.06911     0.00000    -0.02303     0.00000
     0.00000     0.00000     0.00000     0.00000     0.00000     0.00000
     0.00000     0.08142     0.00000     0.02119

     Q pseudized with Bessel functions
     Expected ecutrho=     526.2817 due to l1=  2   l2=  2

      The ddd matrix
     0.53731     0.57437     0.00000     0.00000     0.00000     0.00000
     0.00000     0.00000     0.00000     0.00000
     0.57437     0.69280     0.00000     0.00000     0.00000     0.00000
     0.00000     0.00000     0.00000     0.00000
     0.00000     0.00000     0.19822     0.00000     0.37122     0.00000
     0.00000     0.00000     0.00000     0.00000
     0.00000     0.00000     0.00000     0.16249     0.00000     0.32336
     0.00000     0.00000     0.00000     0.00000
     0.00000     0.00000     0.37122     0.00000     0.61553     0.00000
     0.00000     0.00000     0.00000     0.00000
     0.00000     0.00000     0.00000     0.32336     0.00000     0.70512
     0.00000     0.00000     0.00000     0.00000
     0.00000     0.00000     0.00000     0.00000     0.00000     0.00000
     0.15259     0.00000    -0.28401     0.00000
     0.00000     0.00000     0.00000     0.00000     0.00000     0.00000
     0.00000     0.07745     0.00000    -0.13422
     0.00000     0.00000     0.00000     0.00000     0.00000     0.00000
    -0.28401     0.00000    -0.94824     0.00000
     0.00000     0.00000     0.00000     0.00000     0.00000     0.00000
     0.00000    -0.13422     0.00000    -0.43144

     ------------------- End of pseudopotential generation -------------------

     --------------------------- All-electron run ----------------------------

     Ir                                                                         
     dirac relativistic calculation

     atomic number is 77.00
     dft =PBE   lsd =0 sic =0 latt =0  beta=0.20 tr2=1.0E-14
     Exchange-correlation= PBE
                           (   1   4   3   4   0   0   0)
     mesh =1277 r(mesh) = 100.10249 a.u. xmin = -7.00 dx = 0.01250
     1 Ry =  13.60569312 eV, c = 137.03599908

     n l j   nl                  e(Ry)          e(Ha)          e(eV)
     Spin orbit split results
     1 0 0.5 1S 1( 2.00)     -5587.4289     -2793.7144    -76020.8426
     2 0 0.5 2S 1( 2.00)      -976.6501      -488.3251    -13288.0021
     2 1 0.5 2P 1( 2.00)      -935.4269      -467.7134    -12727.1309
     2 1 1.5 2P 1( 4.00)      -815.7853      -407.8926    -11099.3239
     3 0 0.5 3S 1( 2.00)      -228.3919      -114.1960     -3107.4301
     3 1 0.5 3P 1( 2.00)      -209.9527      -104.9764     -2856.5521
     3 1 1.5 3P 1( 4.00)      -183.7556       -91.8778     -2500.1217
     4 0 0.5 4S 1( 2.00)       -48.7035       -24.3518      -662.6455
     4 1 0.5 4P 1( 2.00)       -40.9274       -20.4637      -556.8458
     4 1 1.5 4P 1( 4.00)       -34.7319       -17.3659      -472.5514
     3 2 1.5 3D 1( 4.00)      -153.0243       -76.5122     -2082.0021
     3 2 2.5 3D 1( 6.00)      -147.3643       -73.6822     -2004.9940
     5 0 0.5 5S 1( 2.00)        -7.1651        -3.5825       -97.4857
     5 1 0.5 5P 1( 2.00)        -4.7267        -2.3634       -64.3101
     5 1 1.5 5P 1( 4.00)        -3.7298        -1.8649       -50.7459
     4 2 1.5 4D 1( 4.00)       -22.0010       -11.0005      -299.3388
     4 2 2.5 4D 1( 6.00)       -20.8512       -10.4256      -283.6951
     4 3 2.5 4F 1( 6.00)        -4.6632        -2.3316       -63.4458
     4 3 3.5 4F 1( 8.00)        -4.4340        -2.2170       -60.3272
     5 2 1.5 5D 1( 4.00)        -0.5699        -0.2849        -7.7538
     5 2 2.5 5D 1( 3.00)        -0.4806        -0.2403        -6.5389
     6 0 0.5 6S 1( 2.00)        -0.4627        -0.2313        -6.2951
     6 1 0.5 6P 1( 0.00)        -0.1206        -0.0603        -1.6406
     6 1 1.5 6P 1( 0.00)        -0.0785        -0.0392        -1.0680
     Averaged results
     1 0     1S 1( 2.00)     -5587.4289     -2793.7144    -76020.8426
     2 0     2S 1( 2.00)      -976.6501      -488.3251    -13288.0021
     2 1     2P 1( 6.00)      -855.6658      -427.8329    -11641.9263
     3 0     3S 1( 2.00)      -228.3919      -114.1960     -3107.4301
     3 1     3P 1( 6.00)      -192.4879       -96.2440     -2618.9318
     4 0     4S 1( 2.00)       -48.7035       -24.3518      -662.6455
     4 1     4P 1( 6.00)       -36.7971       -18.3985      -500.6495
     3 2     3D 1(10.00)      -149.6283       -74.8142     -2035.7972
     5 0     5S 1( 2.00)        -7.1651        -3.5825       -97.4857
     5 1     5P 1( 6.00)        -4.0621        -2.0310       -55.2673
     4 2     4D 1(10.00)       -21.3111       -10.6556      -289.9526
     4 3     4F 1(14.00)        -4.5322        -2.2661       -61.6637
     5 2     5D 1( 7.00)        -0.5163        -0.2582        -7.0249
     6 0     6S 1( 2.00)        -0.4627        -0.2313        -6.2951
     6 1     6P 1( 0.00)        -0.0925        -0.0463        -1.2588

     final scf error:  8.4E-15 reached in  31 iterations
 
     Etot =  -35716.176123 Ry,  -17858.088061 Ha, -485943.331851 eV

     Ekin =   40716.383409 Ry,   20358.191705 Ha,  553974.617741 eV
     Encl =  -89657.936733 Ry,  -44828.968366 Ha,-1219858.373228 eV
     Eh   =   13923.218259 Ry,    6961.609130 Ha,  189435.034918 eV
     Exc  =    -697.841058 Ry,    -348.920529 Ha,   -9494.611283 eV


     normalization and overlap integrals

     s(1S/1S) =  1.000000  <r> =   0.0174  <r2> =    0.0004  r(max) =   0.0108
     s(1S/2S) = -0.000000
     s(1S/3S) = -0.000000
     s(1S/4S) = -0.000000
     s(1S/5S) = -0.000000
     s(1S/6S) = -0.000000
     s(2S/2S) =  1.000000  <r> =   0.0729  <r2> =    0.0064  r(max) =   0.0620
     s(2S/3S) =  0.000000
     s(2S/4S) =  0.000000
     s(2S/5S) =  0.000000
     s(2S/6S) =  0.000000
     s(2P/2P) =  1.000000  <r> =   0.0602  <r2> =    0.0045  r(max) =   0.0465
     s(2P/3P) =  0.000000
     s(2P/4P) =  0.000000
     s(2P/5P) =  0.000000
     s(2P/6P) =  0.000000
     s(2P/2P) =  1.000000  <r> =   0.0685  <r2> =    0.0057  r(max) =   0.0533
     s(2P/3P) =  0.000000
     s(2P/4P) =  0.000000
     s(2P/5P) =  0.000000
     s(2P/6P) =  0.000000
     s(3S/3S) =  1.000000  <r> =   0.1899  <r2> =    0.0414  r(max) =   0.1749
     s(3S/4S) =  0.000000
     s(3S/5S) =  0.000000
     s(3S/6S) =  0.000000
     s(3P/3P) =  1.000000  <r> =   0.1801  <r2> =    0.0378  r(max) =   0.1643
     s(3P/4P) =  0.000000
     s(3P/5P) =  0.000000
     s(3P/6P) =  0.000000
     s(3P/3P) =  1.000000  <r> =   0.1954  <r2> =    0.0443  r(max) =   0.1793
     s(3P/4P) =  0.000000
     s(3P/5P) =  0.000000
     s(3P/6P) =  0.000000
     s(4S/4S) =  1.000000  <r> =   0.4232  <r2> =    0.2023  r(max) =   0.3990
     s(4S/5S) =  0.000000
     s(4S/6S) =  0.000000
     s(4P/4P) =  1.000000  <r> =   0.4267  <r2> =    0.2074  r(max) =   0.3990
     s(4P/5P) =  0.000000
     s(4P/6P) =  0.000000
     s(4P/4P) =  1.000000  <r> =   0.4604  <r2> =    0.2411  r(max) =   0.4247
     s(4P/5P) =  0.000000
     s(4P/6P) =  0.000000
     s(3D/3D) =  1.000000  <r> =   0.1705  <r2> =    0.0341  r(max) =   0.1396
     s(3D/4D) =  0.000000
     s(3D/5D) =  0.000000
     s(3D/3D) =  1.000000  <r> =   0.1752  <r2> =    0.0359  r(max) =   0.1432
     s(3D/4D) = -0.000000
     s(3D/5D) = -0.000000
     s(5S/5S) =  1.000000  <r> =   0.9789  <r2> =    1.0761  r(max) =   0.8880
     s(5S/6S) =  0.000000
     s(5P/5P) =  1.000000  <r> =   1.0655  <r2> =    1.2847  r(max) =   0.9453
     s(5P/6P) =  0.000000
     s(5P/5P) =  1.000000  <r> =   1.1654  <r2> =    1.5392  r(max) =   1.0317
     s(5P/6P) = -0.000000
     s(4D/4D) =  1.000000  <r> =   0.4719  <r2> =    0.2579  r(max) =   0.4195
     s(4D/5D) =  0.000000
     s(4D/4D) =  1.000000  <r> =   0.4832  <r2> =    0.2701  r(max) =   0.4301
     s(4D/5D) = -0.000000
     s(4F/4F) =  1.000000  <r> =   0.5315  <r2> =    0.3462  r(max) =   0.3940
     s(4F/4F) =  1.000000  <r> =   0.5392  <r2> =    0.3565  r(max) =   0.3990
     s(5D/5D) =  1.000000  <r> =   1.6814  <r2> =    3.4012  r(max) =   1.2760
     s(5D/5D) =  1.000000  <r> =   1.7620  <r2> =    3.7589  r(max) =   1.3247
     s(6S/6S) =  1.000000  <r> =   2.9073  <r2> =    9.7032  r(max) =   2.4138
     s(6P/6P) =  1.000000  <r> =   4.1942  <r2> =   20.9283  r(max) =   3.1778
     s(6P/6P) =  1.000000  <r> =   4.8682  <r2> =   28.3188  r(max) =   3.6462

     ------------------------ End of All-electron run ------------------------


     ---------------------- Testing the pseudopotential ----------------------

     Ir                                                                         
     dirac relativistic calculation

     atomic number is 77.00   valence charge is  9.00
     dft =PBE   lsd =0 sic =0 latt =0  beta=0.20 tr2=1.0E-14
     mesh =1277 r(mesh) = 100.10249 xmin = -7.00 dx = 0.01250

     n l  j  nl             e AE (Ry)       e PS (Ry)    De AE-PS (Ry) 
     1 0 0.5 6S   1( 2.00)       -0.46268       -0.46268        0.00000
     2 1 0.5 6P   1( 0.00)       -0.12058       -0.12058       -0.00000
     2 1 1.5 6P   1( 0.00)       -0.07849       -0.07849        0.00000
     3 2 1.5 5D   1( 4.00)       -0.56990       -0.56990       -0.00000
     3 2 2.5 5D   1( 3.00)       -0.48060       -0.48061        0.00000

     eps = 1.9E-15  iter =  3
 
     Etot =  -35716.176123 Ry,  -17858.088061 Ha, -485943.331851 eV
     Etotps =   -61.215067 Ry,     -30.607534 Ha,    -832.873419 eV

     Ekin =      19.886193 Ry,       9.943097 Ha,     270.565444 eV
     Encl =     -90.061577 Ry,     -45.030789 Ha,   -1225.350179 eV
     Ehrt =      37.587775 Ry,      18.793887 Ha,     511.407727 eV
     Ecxc =     -30.544783 Ry,     -15.272392 Ha,    -415.582945 eV
     (Ecc =     -20.151070 Ry,     -10.075535 Ha,    -274.169278 eV)
     Epseu=       1.917325 Ry,       0.958662 Ha,      26.086534 eV

     ---------------------- End of pseudopotential test ----------------------

