[0] MPI startup(): I_MPI_SHM_LMT environment variable is not supported.
[0] MPI startup(): Similar variables:
	 I_MPI_SHM_HEAP
	 I_MPI_SHM
	 I_MPI_SHM_OPT
	 I_MPI_SHM_THP
[0] MPI startup(): To check the list of supported variables, use the impi_info utility or refer to https://software.intel.com/en-us/mpi-library/documentation/get-started.

     Program LD1 v.7.3.1 starts on 19Sep2024 at 21:49: 2 

     This program is part of the open-source Quantum ESPRESSO suite
     for quantum simulation of materials; please cite
         "P. Giannozzi et al., J. Phys.:Condens. Matter 21 395502 (2009);
         "P. Giannozzi et al., J. Phys.:Condens. Matter 29 465901 (2017);
         "P. Giannozzi et al., J. Chem. Phys. 152 154105 (2020);
          URL http://www.quantum-espresso.org", 
     in publications or presentations arising from this work. More details at
     http://www.quantum-espresso.org/quote

     Parallel version (MPI), running on     1 processors

     MPI processes distributed on     1 nodes
     89434 MiB available memory on the printing compute node when the environment starts
 
     Waiting for input...
     Reading input from standard input
     --------------------------- All-electron run ----------------------------

     Mo                                                                         
     dirac relativistic calculation

     atomic number is 42.00
     dft =PBE   lsd =0 sic =0 latt =0  beta=0.20 tr2=1.0E-14
     Exchange-correlation= PBE
                           (   1   4   3   4   0   0   0)
     mesh =1229 r(mesh) = 100.71859 a.u. xmin = -7.00 dx = 0.01250
     1 Ry =  13.60569312 eV, c = 137.03599908

     n l j   nl                  e(Ry)          e(Ha)          e(eV)
     Spin orbit split results
     1 0 0.5 1S 1( 2.00)     -1456.2270      -728.1135    -19812.9771
     2 0 0.5 2S 1( 2.00)      -205.6160      -102.8080     -2797.5481
     2 1 0.5 2P 1( 2.00)      -189.1490       -94.5745     -2573.5030
     2 1 1.5 2P 1( 4.00)      -181.3169       -90.6584     -2466.9417
     3 0 0.5 3S 1( 2.00)       -34.9917       -17.4958      -476.0859
     3 1 0.5 3P 1( 2.00)       -28.7264       -14.3632      -390.8430
     3 1 1.5 3P 1( 4.00)       -27.4370       -13.7185      -373.2991
     4 0 0.5 4S 1( 2.00)        -4.7186        -2.3593       -64.2000
     4 1 0.5 4P 1( 2.00)        -2.9444        -1.4722       -40.0604
     4 1 1.5 4P 1( 4.00)        -2.7621        -1.3811       -37.5807
     3 2 1.5 3D 1( 4.00)       -16.3650        -8.1825      -222.6566
     3 2 2.5 3D 1( 6.00)       -16.1208        -8.0604      -219.3353
     4 2 1.5 4D 1( 4.00)        -0.2801        -0.1401        -3.8110
     4 2 2.5 4D 1( 1.00)        -0.2652        -0.1326        -3.6084
     5 0 0.5 5S 1( 1.00)        -0.2989        -0.1494        -4.0665
     5 1 0.5 5P 1( 0.00)        -0.0808        -0.0404        -1.0993
     5 1 1.5 5P 1( 0.00)        -0.0741        -0.0370        -1.0076
     Averaged results
     1 0     1S 1( 2.00)     -1456.2270      -728.1135    -19812.9771
     2 0     2S 1( 2.00)      -205.6160      -102.8080     -2797.5481
     2 1     2P 1( 6.00)      -183.9276       -91.9638     -2502.4621
     3 0     3S 1( 2.00)       -34.9917       -17.4958      -476.0859
     3 1     3P 1( 6.00)       -27.8668       -13.9334      -379.1471
     4 0     4S 1( 2.00)        -4.7186        -2.3593       -64.2000
     4 1     4P 1( 6.00)        -2.8229        -1.4114       -38.4073
     3 2     3D 1(10.00)       -16.2185        -8.1092      -220.6638
     4 2     4D 1( 5.00)        -0.2712        -0.1356        -3.6894
     5 0     5S 1( 1.00)        -0.2989        -0.1494        -4.0665
     5 1     5P 1( 0.00)        -0.0763        -0.0382        -1.0381

     final scf error:  4.7E-15 reached in  31 iterations
 
     Etot =   -8098.439809 Ry,   -4049.219904 Ha, -110184.886816 eV

     Ekin =    8397.594161 Ry,    4198.797081 Ha,  114255.089130 eV
     Encl =  -19567.431630 Ry,   -9783.715815 Ha, -266228.469959 eV
     Eh   =    3318.791499 Ry,    1659.395750 Ha,   45154.458676 eV
     Exc  =    -247.393840 Ry,    -123.696920 Ha,   -3365.964663 eV


     normalization and overlap integrals

     s(1S/1S) =  1.000000  <r> =   0.0352  <r2> =    0.0017  r(max) =   0.0229
     s(1S/2S) =  0.000000
     s(1S/3S) = -0.000000
     s(1S/4S) =  0.000000
     s(1S/5S) =  0.000000
     s(2S/2S) =  1.000000  <r> =   0.1534  <r2> =    0.0278  r(max) =   0.1303
     s(2S/3S) =  0.000000
     s(2S/4S) =  0.000000
     s(2S/5S) =  0.000000
     s(2P/2P) =  1.000000  <r> =   0.1308  <r2> =    0.0210  r(max) =   0.1015
     s(2P/3P) =  0.000000
     s(2P/4P) =  0.000000
     s(2P/5P) =  0.000000
     s(2P/2P) =  1.000000  <r> =   0.1353  <r2> =    0.0224  r(max) =   0.1054
     s(2P/3P) =  0.000000
     s(2P/4P) =  0.000000
     s(2P/5P) =  0.000000
     s(3S/3S) =  1.000000  <r> =   0.4287  <r2> =    0.2106  r(max) =   0.3819
     s(3S/4S) =  0.000000
     s(3S/5S) =  0.000000
     s(3P/3P) =  1.000000  <r> =   0.4233  <r2> =    0.2088  r(max) =   0.3724
     s(3P/4P) =  0.000000
     s(3P/5P) =  0.000000
     s(3P/3P) =  1.000000  <r> =   0.4339  <r2> =    0.2191  r(max) =   0.3819
     s(3P/4P) =  0.000000
     s(3P/5P) =  0.000000
     s(4S/4S) =  1.000000  <r> =   1.1079  <r2> =    1.3926  r(max) =   0.9874
     s(4S/5S) =  0.000000
     s(4P/4P) =  1.000000  <r> =   1.2173  <r2> =    1.7019  r(max) =   1.0511
     s(4P/5P) =  0.000000
     s(4P/4P) =  1.000000  <r> =   1.2487  <r2> =    1.7915  r(max) =   1.0777
     s(4P/5P) = -0.000000
     s(3D/3D) =  1.000000  <r> =   0.4132  <r2> =    0.2055  r(max) =   0.3206
     s(3D/4D) = -0.000000
     s(3D/3D) =  1.000000  <r> =   0.4167  <r2> =    0.2088  r(max) =   0.3246
     s(3D/4D) = -0.000000
     s(4D/4D) =  1.000000  <r> =   1.9879  <r2> =    5.0143  r(max) =   1.3838
     s(4D/4D) =  1.000000  <r> =   2.0206  <r2> =    5.1941  r(max) =   1.3838
     s(5S/5S) =  1.000000  <r> =   3.6021  <r2> =   14.9783  r(max) =   2.9663
     s(5P/5P) =  1.000000  <r> =   5.2824  <r2> =   33.1287  r(max) =   4.0545
     s(5P/5P) =  1.000000  <r> =   5.4609  <r2> =   35.4021  r(max) =   4.1572

     ------------------------ End of All-electron run ------------------------


     --------------------- Generating US pseudopotential ---------------------


      Generating local potential from pseudized AE potential:
      Matching radius rcloc =   1.4000

      Local pseudo, rcloc= 1.401 Estimated cut-off energy=    12.76 Ry

      Computing core charge for nlcc: 

       r > 1.01 : true rho core
      Core charge pseudized with two Bessel functions
      Integrated core pseudo-charge :   4.87

     Fully relativistic calculation: |psi|^2

     Wfc 4S LC norm =  0.99971198 SC norm =  0.00028698 missing  0.00000105

     Wfc 5S LC norm =  0.99997124 SC norm =  0.00002633 missing  0.00000243

     Wfc 4P LC norm =  0.99975950 SC norm =  0.00023989 missing  0.00000061

     Wfc 4P LC norm =  0.99976974 SC norm =  0.00022721 missing  0.00000306

     Wfc 5P LC norm =  0.99998742 SC norm =  0.00001070 missing  0.00000187

     Wfc 5P LC norm =  0.99998829 SC norm =  0.00000904 missing  0.00000268

     Wfc 4D LC norm =  0.99989445 SC norm =  0.00010523 missing  0.00000031

     Wfc 4D LC norm =  0.99989715 SC norm =  0.00009159 missing  0.00001126
      Wfc-us  4S rcutus= 1.300  Estimated cut-off energy=    29.51 Ry
      Wfc-us  5S rcutus= 1.300  Estimated cut-off energy=    43.74 Ry
      Wfc-us  4P rcutus= 1.711  Estimated cut-off energy=    28.43 Ry
      Wfc-us  4P rcutus= 1.711  Estimated cut-off energy=    28.29 Ry
      Wfc-us  5P rcutus= 1.711  Estimated cut-off energy=    49.44 Ry
      Wfc-us  5P rcutus= 1.711  Estimated cut-off energy=    47.89 Ry
      Wfc-us  4D rcutus= 1.711  Estimated cut-off energy=    38.62 Ry
      Wfc-us  4D rcutus= 1.711  Estimated cut-off energy=    38.58 Ry
      Wfc-us  4D rcutus= 1.711  Estimated cut-off energy=    40.30 Ry
      Wfc-us  4D rcutus= 1.711  Estimated cut-off energy=    40.18 Ry

      The bmat matrix
     8.77387     3.03237     0.00000     0.00000     0.00000     0.00000
     0.00000     0.00000     0.00000     0.00000
     2.38158     0.83781     0.00000     0.00000     0.00000     0.00000
     0.00000     0.00000     0.00000     0.00000
     0.00000     0.00000     1.86735     0.00000     0.66631     0.00000
     0.00000     0.00000     0.00000     0.00000
     0.00000     0.00000     0.00000     2.02540     0.00000     0.61620
     0.00000     0.00000     0.00000     0.00000
     0.00000     0.00000     0.52986     0.00000     0.16236     0.00000
     0.00000     0.00000     0.00000     0.00000
     0.00000     0.00000     0.00000     0.50603     0.00000     0.14061
     0.00000     0.00000     0.00000     0.00000
     0.00000     0.00000     0.00000     0.00000     0.00000     0.00000
     0.17610     0.00000     0.12923     0.00000
     0.00000     0.00000     0.00000     0.00000     0.00000     0.00000
     0.00000     0.18482     0.00000     0.13826
     0.00000     0.00000     0.00000     0.00000     0.00000     0.00000
     0.13893     0.00000     0.10312     0.00000
     0.00000     0.00000     0.00000     0.00000     0.00000     0.00000
     0.00000     0.14658     0.00000     0.11072

      The bmat + epsilon qq matrix
    11.29886     3.07638     0.00000     0.00000     0.00000     0.00000
     0.00000     0.00000     0.00000     0.00000
     3.07641     0.85000     0.00000     0.00000     0.00000     0.00000
     0.00000     0.00000     0.00000     0.00000
     0.00000     0.00000     2.06068     0.00000     0.67016     0.00000
     0.00000     0.00000     0.00000     0.00000
     0.00000     0.00000     0.00000     2.27491     0.00000     0.61924
     0.00000     0.00000     0.00000     0.00000
     0.00000     0.00000     0.67016     0.00000     0.16380     0.00000
     0.00000     0.00000     0.00000     0.00000
     0.00000     0.00000     0.00000     0.61924     0.00000     0.14160
     0.00000     0.00000     0.00000     0.00000
     0.00000     0.00000     0.00000     0.00000     0.00000     0.00000
     0.17094     0.00000     0.13424     0.00000
     0.00000     0.00000     0.00000     0.00000     0.00000     0.00000
     0.00000     0.18062     0.00000     0.14267
     0.00000     0.00000     0.00000     0.00000     0.00000     0.00000
     0.13425     0.00000     0.10755     0.00000
     0.00000     0.00000     0.00000     0.00000     0.00000     0.00000
     0.00000     0.14268     0.00000     0.11470

      The qq matrix
    -0.53511    -0.14725     0.00000     0.00000     0.00000     0.00000
     0.00000     0.00000     0.00000     0.00000
    -0.14725    -0.04080     0.00000     0.00000     0.00000     0.00000
     0.00000     0.00000     0.00000     0.00000
     0.00000     0.00000    -0.06566     0.00000    -0.04765     0.00000
     0.00000     0.00000     0.00000     0.00000
     0.00000     0.00000     0.00000    -0.09033     0.00000    -0.04099
     0.00000     0.00000     0.00000     0.00000
     0.00000     0.00000    -0.04765     0.00000    -0.01790     0.00000
     0.00000     0.00000     0.00000     0.00000
     0.00000     0.00000     0.00000    -0.04099     0.00000    -0.01331
     0.00000     0.00000     0.00000     0.00000
     0.00000     0.00000     0.00000     0.00000     0.00000     0.00000
     0.01842     0.00000     0.01671     0.00000
     0.00000     0.00000     0.00000     0.00000     0.00000     0.00000
     0.00000     0.01584     0.00000     0.01471
     0.00000     0.00000     0.00000     0.00000     0.00000     0.00000
     0.01671     0.00000     0.01478     0.00000
     0.00000     0.00000     0.00000     0.00000     0.00000     0.00000
     0.00000     0.01471     0.00000     0.01328

     Q pseudized with Bessel functions
     Expected ecutrho=     496.6869 due to l1=  1   l2=  2

      The ddd matrix
     1.39099     0.28415     0.00000     0.00000     0.00000     0.00000
     0.00000     0.00000     0.00000     0.00000
     0.28415     0.05870     0.00000     0.00000     0.00000     0.00000
     0.00000     0.00000     0.00000     0.00000
     0.00000     0.00000     1.22186     0.00000    -0.04489     0.00000
     0.00000     0.00000     0.00000     0.00000
     0.00000     0.00000     0.00000     1.03463     0.00000     0.01456
     0.00000     0.00000     0.00000     0.00000
     0.00000     0.00000    -0.04489     0.00000    -0.11350     0.00000
     0.00000     0.00000     0.00000     0.00000
     0.00000     0.00000     0.00000     0.01456     0.00000    -0.06221
     0.00000     0.00000     0.00000     0.00000
     0.00000     0.00000     0.00000     0.00000     0.00000     0.00000
     0.58566     0.00000     0.47945     0.00000
     0.00000     0.00000     0.00000     0.00000     0.00000     0.00000
     0.00000     0.56168     0.00000     0.46401
     0.00000     0.00000     0.00000     0.00000     0.00000     0.00000
     0.47945     0.00000     0.39341     0.00000
     0.00000     0.00000     0.00000     0.00000     0.00000     0.00000
     0.00000     0.46401     0.00000     0.38392

     ------------------- End of pseudopotential generation -------------------

     --------------------------- All-electron run ----------------------------

     Mo                                                                         
     dirac relativistic calculation

     atomic number is 42.00
     dft =PBE   lsd =0 sic =0 latt =0  beta=0.20 tr2=1.0E-14
     Exchange-correlation= PBE
                           (   1   4   3   4   0   0   0)
     mesh =1229 r(mesh) = 100.71859 a.u. xmin = -7.00 dx = 0.01250
     1 Ry =  13.60569312 eV, c = 137.03599908

     n l j   nl                  e(Ry)          e(Ha)          e(eV)
     Spin orbit split results
     1 0 0.5 1S 1( 2.00)     -1456.2270      -728.1135    -19812.9771
     2 0 0.5 2S 1( 2.00)      -205.6160      -102.8080     -2797.5481
     2 1 0.5 2P 1( 2.00)      -189.1490       -94.5745     -2573.5030
     2 1 1.5 2P 1( 4.00)      -181.3169       -90.6584     -2466.9417
     3 0 0.5 3S 1( 2.00)       -34.9917       -17.4958      -476.0859
     3 1 0.5 3P 1( 2.00)       -28.7264       -14.3632      -390.8430
     3 1 1.5 3P 1( 4.00)       -27.4370       -13.7185      -373.2991
     4 0 0.5 4S 1( 2.00)        -4.7186        -2.3593       -64.2000
     4 1 0.5 4P 1( 2.00)        -2.9444        -1.4722       -40.0604
     4 1 1.5 4P 1( 4.00)        -2.7621        -1.3811       -37.5807
     3 2 1.5 3D 1( 4.00)       -16.3650        -8.1825      -222.6566
     3 2 2.5 3D 1( 6.00)       -16.1208        -8.0604      -219.3353
     4 2 1.5 4D 1( 4.00)        -0.2801        -0.1401        -3.8110
     4 2 2.5 4D 1( 1.00)        -0.2652        -0.1326        -3.6084
     5 0 0.5 5S 1( 1.00)        -0.2989        -0.1494        -4.0665
     5 1 0.5 5P 1( 0.00)        -0.0808        -0.0404        -1.0993
     5 1 1.5 5P 1( 0.00)        -0.0741        -0.0370        -1.0076
     Averaged results
     1 0     1S 1( 2.00)     -1456.2270      -728.1135    -19812.9771
     2 0     2S 1( 2.00)      -205.6160      -102.8080     -2797.5481
     2 1     2P 1( 6.00)      -183.9276       -91.9638     -2502.4621
     3 0     3S 1( 2.00)       -34.9917       -17.4958      -476.0859
     3 1     3P 1( 6.00)       -27.8668       -13.9334      -379.1471
     4 0     4S 1( 2.00)        -4.7186        -2.3593       -64.2000
     4 1     4P 1( 6.00)        -2.8229        -1.4114       -38.4073
     3 2     3D 1(10.00)       -16.2185        -8.1092      -220.6638
     4 2     4D 1( 5.00)        -0.2712        -0.1356        -3.6894
     5 0     5S 1( 1.00)        -0.2989        -0.1494        -4.0665
     5 1     5P 1( 0.00)        -0.0763        -0.0382        -1.0381

     final scf error:  4.7E-15 reached in  31 iterations
 
     Etot =   -8098.439809 Ry,   -4049.219904 Ha, -110184.886816 eV

     Ekin =    8397.594161 Ry,    4198.797081 Ha,  114255.089130 eV
     Encl =  -19567.431630 Ry,   -9783.715815 Ha, -266228.469959 eV
     Eh   =    3318.791499 Ry,    1659.395750 Ha,   45154.458676 eV
     Exc  =    -247.393840 Ry,    -123.696920 Ha,   -3365.964663 eV


     normalization and overlap integrals

     s(1S/1S) =  1.000000  <r> =   0.0352  <r2> =    0.0017  r(max) =   0.0229
     s(1S/2S) =  0.000000
     s(1S/3S) = -0.000000
     s(1S/4S) =  0.000000
     s(1S/5S) =  0.000000
     s(2S/2S) =  1.000000  <r> =   0.1534  <r2> =    0.0278  r(max) =   0.1303
     s(2S/3S) =  0.000000
     s(2S/4S) =  0.000000
     s(2S/5S) =  0.000000
     s(2P/2P) =  1.000000  <r> =   0.1308  <r2> =    0.0210  r(max) =   0.1015
     s(2P/3P) =  0.000000
     s(2P/4P) =  0.000000
     s(2P/5P) =  0.000000
     s(2P/2P) =  1.000000  <r> =   0.1353  <r2> =    0.0224  r(max) =   0.1054
     s(2P/3P) =  0.000000
     s(2P/4P) =  0.000000
     s(2P/5P) =  0.000000
     s(3S/3S) =  1.000000  <r> =   0.4287  <r2> =    0.2106  r(max) =   0.3819
     s(3S/4S) =  0.000000
     s(3S/5S) =  0.000000
     s(3P/3P) =  1.000000  <r> =   0.4233  <r2> =    0.2088  r(max) =   0.3724
     s(3P/4P) =  0.000000
     s(3P/5P) =  0.000000
     s(3P/3P) =  1.000000  <r> =   0.4339  <r2> =    0.2191  r(max) =   0.3819
     s(3P/4P) =  0.000000
     s(3P/5P) =  0.000000
     s(4S/4S) =  1.000000  <r> =   1.1079  <r2> =    1.3926  r(max) =   0.9874
     s(4S/5S) =  0.000000
     s(4P/4P) =  1.000000  <r> =   1.2173  <r2> =    1.7019  r(max) =   1.0511
     s(4P/5P) =  0.000000
     s(4P/4P) =  1.000000  <r> =   1.2487  <r2> =    1.7915  r(max) =   1.0777
     s(4P/5P) = -0.000000
     s(3D/3D) =  1.000000  <r> =   0.4132  <r2> =    0.2055  r(max) =   0.3206
     s(3D/4D) = -0.000000
     s(3D/3D) =  1.000000  <r> =   0.4167  <r2> =    0.2088  r(max) =   0.3246
     s(3D/4D) = -0.000000
     s(4D/4D) =  1.000000  <r> =   1.9879  <r2> =    5.0143  r(max) =   1.3838
     s(4D/4D) =  1.000000  <r> =   2.0206  <r2> =    5.1941  r(max) =   1.3838
     s(5S/5S) =  1.000000  <r> =   3.6021  <r2> =   14.9783  r(max) =   2.9663
     s(5P/5P) =  1.000000  <r> =   5.2824  <r2> =   33.1287  r(max) =   4.0545
     s(5P/5P) =  1.000000  <r> =   5.4609  <r2> =   35.4021  r(max) =   4.1572

     ------------------------ End of All-electron run ------------------------


     ---------------------- Testing the pseudopotential ----------------------

     Mo                                                                         
     dirac relativistic calculation

     atomic number is 42.00   valence charge is 14.00
     dft =PBE   lsd =0 sic =0 latt =0  beta=0.20 tr2=1.0E-14
     mesh =1229 r(mesh) = 100.71859 xmin = -7.00 dx = 0.01250

     n l  j  nl             e AE (Ry)       e PS (Ry)    De AE-PS (Ry) 
     1 0 0.5 4S   1( 2.00)       -4.71861       -4.71862        0.00001
     2 0 0.5 5S   1( 1.00)       -0.29888       -0.29887       -0.00001
     2 1 0.5 4P   1( 2.00)       -2.94438       -2.94438       -0.00000
     2 1 1.5 4P   1( 4.00)       -2.76213       -2.76213        0.00000
     3 1 0.5 5P   1( 0.00)       -0.08080       -0.08079       -0.00000
     3 1 1.5 5P   1( 0.00)       -0.07405       -0.07405       -0.00000
     3 2 1.5 4D   1( 4.00)       -0.28011       -0.28010       -0.00001
     3 2 2.5 4D   1( 1.00)       -0.26521       -0.26522        0.00000

     eps = 3.0E-15  iter =  4
 
     Etot =   -8098.439809 Ry,   -4049.219904 Ha, -110184.886816 eV
     Etotps =  -147.005095 Ry,     -73.502548 Ha,   -2000.106213 eV

     Ekin =      49.576638 Ry,      24.788319 Ha,     674.524518 eV
     Encl =    -293.468462 Ry,    -146.734231 Ha,   -3992.841829 eV
     Ehrt =     112.554172 Ry,      56.277086 Ha,    1531.377528 eV
     Ecxc =     -27.994724 Ry,     -13.997362 Ha,    -380.887629 eV
     (Ecc =     -10.492273 Ry,      -5.246136 Ha,    -142.754644 eV)
     Epseu=      12.327281 Ry,       6.163640 Ha,     167.721199 eV

     ---------------------- End of pseudopotential test ----------------------

