[0] MPI startup(): I_MPI_SHM_LMT environment variable is not supported.
[0] MPI startup(): Similar variables:
	 I_MPI_SHM_HEAP
	 I_MPI_SHM
	 I_MPI_SHM_OPT
	 I_MPI_SHM_THP
[0] MPI startup(): To check the list of supported variables, use the impi_info utility or refer to https://software.intel.com/en-us/mpi-library/documentation/get-started.

     Program LD1 v.7.3.1 starts on 19Sep2024 at 21:49: 4 

     This program is part of the open-source Quantum ESPRESSO suite
     for quantum simulation of materials; please cite
         "P. Giannozzi et al., J. Phys.:Condens. Matter 21 395502 (2009);
         "P. Giannozzi et al., J. Phys.:Condens. Matter 29 465901 (2017);
         "P. Giannozzi et al., J. Chem. Phys. 152 154105 (2020);
          URL http://www.quantum-espresso.org", 
     in publications or presentations arising from this work. More details at
     http://www.quantum-espresso.org/quote

     Parallel version (MPI), running on     1 processors

     MPI processes distributed on     1 nodes
     89420 MiB available memory on the printing compute node when the environment starts
 
     Waiting for input...
     Reading input from standard input
     --------------------------- All-electron run ----------------------------

     Nb                                                                         
     dirac relativistic calculation

     atomic number is 41.00
     dft =PBE   lsd =0 sic =0 latt =0  beta=0.20 tr2=1.0E-14
     Exchange-correlation= PBE
                           (   1   4   3   4   0   0   0)
     mesh =1227 r(mesh) = 100.62774 a.u. xmin = -7.00 dx = 0.01250
     1 Ry =  13.60569312 eV, c = 137.03599908

     n l j   nl                  e(Ry)          e(Ha)          e(eV)
     Spin orbit split results
     1 0 0.5 1S 1( 2.00)     -1381.7543      -690.8772    -18799.7251
     2 0 0.5 2S 1( 2.00)      -193.2235       -96.6118     -2628.9401
     2 1 0.5 2P 1( 2.00)      -177.3175       -88.6587     -2412.5274
     2 1 1.5 2P 1( 4.00)      -170.2778       -85.1389     -2316.7474
     3 0 0.5 3S 1( 2.00)       -32.2310       -16.1155      -438.5247
     3 1 0.5 3P 1( 2.00)       -26.2428       -13.1214      -357.0514
     3 1 1.5 3P 1( 4.00)       -25.1026       -12.5513      -341.5385
     4 0 0.5 4S 1( 2.00)        -4.2800        -2.1400       -58.2329
     4 1 0.5 4P 1( 2.00)        -2.6324        -1.3162       -35.8152
     4 1 1.5 4P 1( 4.00)        -2.4785        -1.2392       -33.7217
     3 2 1.5 3D 1( 4.00)       -14.5319        -7.2659      -197.7161
     3 2 2.5 3D 1( 6.00)       -14.3196        -7.1598      -194.8285
     4 2 1.5 4D 1( 4.00)        -0.2249        -0.1125        -3.0604
     4 2 2.5 4D 1( 0.00)        -0.2137        -0.1068        -2.9070
     5 0 0.5 5S 1( 1.00)        -0.2907        -0.1454        -3.9552
     5 1 0.5 5P 1( 0.00)        -0.0851        -0.0426        -1.1579
     5 1 1.5 5P 1( 0.00)        -0.0789        -0.0394        -1.0729
     Averaged results
     1 0     1S 1( 2.00)     -1381.7543      -690.8772    -18799.7251
     2 0     2S 1( 2.00)      -193.2235       -96.6118     -2628.9401
     2 1     2P 1( 6.00)      -172.6244       -86.3122     -2348.6741
     3 0     3S 1( 2.00)       -32.2310       -16.1155      -438.5247
     3 1     3P 1( 6.00)       -25.4827       -12.7413      -346.7094
     4 0     4S 1( 2.00)        -4.2800        -2.1400       -58.2329
     4 1     4P 1( 6.00)        -2.5298        -1.2649       -34.4195
     3 2     3D 1(10.00)       -14.4045        -7.2023      -195.9835
     4 2     4D 1( 4.00)        -0.2182        -0.1091        -2.9683
     5 0     5S 1( 1.00)        -0.2907        -0.1454        -3.9552
     5 1     5P 1( 0.00)        -0.0809        -0.0405        -1.1012

     final scf error:  5.8E-15 reached in  33 iterations
 
     Etot =   -7640.254134 Ry,   -3820.127067 Ha, -103950.953123 eV

     Ekin =    7908.888951 Ry,    3954.444476 Ha,  107605.916016 eV
     Encl =  -18451.650298 Ry,   -9225.825149 Ha, -251047.491566 eV
     Eh   =    3140.276510 Ry,    1570.138255 Ha,   42725.638512 eV
     Exc  =    -237.769297 Ry,    -118.884648 Ha,   -3235.016085 eV


     normalization and overlap integrals

     s(1S/1S) =  1.000000  <r> =   0.0361  <r2> =    0.0018  r(max) =   0.0235
     s(1S/2S) =  0.000000
     s(1S/3S) = -0.000000
     s(1S/4S) =  0.000000
     s(1S/5S) =  0.000000
     s(2S/2S) =  1.000000  <r> =   0.1577  <r2> =    0.0294  r(max) =   0.1335
     s(2S/3S) =  0.000000
     s(2S/4S) =  0.000000
     s(2S/5S) =  0.000000
     s(2P/2P) =  1.000000  <r> =   0.1346  <r2> =    0.0222  r(max) =   0.1040
     s(2P/3P) =  0.000000
     s(2P/4P) =  0.000000
     s(2P/5P) =  0.000000
     s(2P/2P) =  1.000000  <r> =   0.1391  <r2> =    0.0236  r(max) =   0.1080
     s(2P/3P) =  0.000000
     s(2P/4P) =  0.000000
     s(2P/5P) =  0.000000
     s(3S/3S) =  1.000000  <r> =   0.4430  <r2> =    0.2251  r(max) =   0.3961
     s(3S/4S) =  0.000000
     s(3S/5S) =  0.000000
     s(3P/3P) =  1.000000  <r> =   0.4386  <r2> =    0.2243  r(max) =   0.3815
     s(3P/4P) =  0.000000
     s(3P/5P) =  0.000000
     s(3P/3P) =  1.000000  <r> =   0.4491  <r2> =    0.2349  r(max) =   0.3912
     s(3P/4P) =  0.000000
     s(3P/5P) =  0.000000
     s(4S/4S) =  1.000000  <r> =   1.1596  <r2> =    1.5261  r(max) =   1.0371
     s(4S/5S) =  0.000000
     s(4P/4P) =  1.000000  <r> =   1.2828  <r2> =    1.8909  r(max) =   1.1040
     s(4P/5P) =  0.000000
     s(4P/4P) =  1.000000  <r> =   1.3145  <r2> =    1.9863  r(max) =   1.1319
     s(4P/5P) = -0.000000
     s(3D/3D) =  1.000000  <r> =   0.4310  <r2> =    0.2241  r(max) =   0.3325
     s(3D/4D) = -0.000000
     s(3D/3D) =  1.000000  <r> =   0.4345  <r2> =    0.2276  r(max) =   0.3367
     s(3D/4D) = -0.000000
     s(4D/4D) =  1.000000  <r> =   2.2060  <r2> =    6.2253  r(max) =   1.4902
     s(4D/4D) =  1.000000  <r> =   2.2421  <r2> =    6.4467  r(max) =   1.5090
     s(5S/5S) =  1.000000  <r> =   3.7384  <r2> =   16.0924  r(max) =   3.0769
     s(5P/5P) =  1.000000  <r> =   5.3837  <r2> =   34.1965  r(max) =   4.1534
     s(5P/5P) =  1.000000  <r> =   5.5465  <r2> =   36.2905  r(max) =   4.3121

     ------------------------ End of All-electron run ------------------------


     --------------------- Generating US pseudopotential ---------------------


      Generating local potential from pseudized AE potential:
      Matching radius rcloc =   1.5000

      Local pseudo, rcloc= 1.509 Estimated cut-off energy=    10.98 Ry

      Computing core charge for nlcc: 

       r > 1.01 : true rho core
      Core charge pseudized with two Bessel functions
      Integrated core pseudo-charge :   5.86

     Fully relativistic calculation: |psi|^2

     Wfc 4S LC norm =  0.99973987 SC norm =  0.00025874 missing  0.00000139

     Wfc 5S LC norm =  0.99997334 SC norm =  0.00002437 missing  0.00000230

     Wfc 4P LC norm =  0.99978541 SC norm =  0.00021388 missing  0.00000070

     Wfc 4P LC norm =  0.99979420 SC norm =  0.00020197 missing  0.00000383

     Wfc 4D LC norm =  0.99991332 SC norm =  0.00008612 missing  0.00000055

     Wfc 4D LC norm =  0.99991555 SC norm =  0.00007253 missing  0.00001193
      Wfc-us  4S rcutus= 1.400  Estimated cut-off energy=    25.68 Ry
      Wfc-us  5S rcutus= 1.400  Estimated cut-off energy=    39.90 Ry
      Wfc-us  4P rcutus= 1.710  Estimated cut-off energy=    28.18 Ry
      Wfc-us  4P rcutus= 1.710  Estimated cut-off energy=    28.05 Ry
      Wfc-us  5P rcutus= 1.710  Estimated cut-off energy=    43.48 Ry
      Wfc-us  5P rcutus= 1.710  Estimated cut-off energy=    41.11 Ry
      Wfc-us  4D rcutus= 1.710  Estimated cut-off energy=    38.39 Ry
      Wfc-us  4D rcutus= 1.710  Estimated cut-off energy=    38.35 Ry
      Wfc-us  4D rcutus= 1.710  Estimated cut-off energy=    39.41 Ry
      Wfc-us  4D rcutus= 1.710  Estimated cut-off energy=    39.33 Ry

      The bmat matrix
     7.44635     2.67345     0.00000     0.00000     0.00000     0.00000
     0.00000     0.00000     0.00000     0.00000
     2.03695     0.74659     0.00000     0.00000     0.00000     0.00000
     0.00000     0.00000     0.00000     0.00000
     0.00000     0.00000     1.58812     0.00000     1.48860     0.00000
     0.00000     0.00000     0.00000     0.00000
     0.00000     0.00000     0.00000     1.71564     0.00000     1.48382
     0.00000     0.00000     0.00000     0.00000
     0.00000     0.00000     1.24982     0.00000     1.13228     0.00000
     0.00000     0.00000     0.00000     0.00000
     0.00000     0.00000     0.00000     1.27171     0.00000     1.08968
     0.00000     0.00000     0.00000     0.00000
     0.00000     0.00000     0.00000     0.00000     0.00000     0.00000
     0.12981     0.00000     0.10568     0.00000
     0.00000     0.00000     0.00000     0.00000     0.00000     0.00000
     0.00000     0.13664     0.00000     0.11307
     0.00000     0.00000     0.00000     0.00000     0.00000     0.00000
     0.10720     0.00000     0.08776     0.00000
     0.00000     0.00000     0.00000     0.00000     0.00000     0.00000
     0.00000     0.11404     0.00000     0.09481

      The bmat + epsilon qq matrix
     9.90158     2.71984     0.00000     0.00000     0.00000     0.00000
     0.00000     0.00000     0.00000     0.00000
     2.71985     0.75961     0.00000     0.00000     0.00000     0.00000
     0.00000     0.00000     0.00000     0.00000
     0.00000     0.00000     1.87874     0.00000     1.54460     0.00000
     0.00000     0.00000     0.00000     0.00000
     0.00000     0.00000     0.00000     2.03139     0.00000     1.53743
     0.00000     0.00000     0.00000     0.00000
     0.00000     0.00000     1.54461     0.00000     1.18533     0.00000
     0.00000     0.00000     0.00000     0.00000
     0.00000     0.00000     0.00000     1.53744     0.00000     1.13444
     0.00000     0.00000     0.00000     0.00000
     0.00000     0.00000     0.00000     0.00000     0.00000     0.00000
     0.12924     0.00000     0.10640     0.00000
     0.00000     0.00000     0.00000     0.00000     0.00000     0.00000
     0.00000     0.13639     0.00000     0.11353
     0.00000     0.00000     0.00000     0.00000     0.00000     0.00000
     0.10640     0.00000     0.08859     0.00000
     0.00000     0.00000     0.00000     0.00000     0.00000     0.00000
     0.00000     0.11354     0.00000     0.09543

      The qq matrix
    -0.57365    -0.15955     0.00000     0.00000     0.00000     0.00000
     0.00000     0.00000     0.00000     0.00000
    -0.15955    -0.04480     0.00000     0.00000     0.00000     0.00000
     0.00000     0.00000     0.00000     0.00000
     0.00000     0.00000    -0.11040     0.00000    -0.11199     0.00000
     0.00000     0.00000     0.00000     0.00000
     0.00000     0.00000     0.00000    -0.12740     0.00000    -0.10721
     0.00000     0.00000     0.00000     0.00000
     0.00000     0.00000    -0.11199     0.00000    -0.10611     0.00000
     0.00000     0.00000     0.00000     0.00000
     0.00000     0.00000     0.00000    -0.10721     0.00000    -0.08953
     0.00000     0.00000     0.00000     0.00000
     0.00000     0.00000     0.00000     0.00000     0.00000     0.00000
     0.00253     0.00000     0.00356     0.00000
     0.00000     0.00000     0.00000     0.00000     0.00000     0.00000
     0.00000     0.00114     0.00000     0.00233
     0.00000     0.00000     0.00000     0.00000     0.00000     0.00000
     0.00356     0.00000     0.00414     0.00000
     0.00000     0.00000     0.00000     0.00000     0.00000     0.00000
     0.00000     0.00233     0.00000     0.00309

     Q pseudized with Bessel functions
     Expected ecutrho=     363.9015 due to l1=  2   l2=  2

      The ddd matrix
     0.79109     0.12290     0.00000     0.00000     0.00000     0.00000
     0.00000     0.00000     0.00000     0.00000
     0.12290     0.01392     0.00000     0.00000     0.00000     0.00000
     0.00000     0.00000     0.00000     0.00000
     0.00000     0.00000     0.43914     0.00000     0.03100     0.00000
     0.00000     0.00000     0.00000     0.00000
     0.00000     0.00000     0.00000     0.43542     0.00000     0.13092
     0.00000     0.00000     0.00000     0.00000
     0.00000     0.00000     0.03100     0.00000    -0.28447     0.00000
     0.00000     0.00000     0.00000     0.00000
     0.00000     0.00000     0.00000     0.13092     0.00000    -0.07942
     0.00000     0.00000     0.00000     0.00000
     0.00000     0.00000     0.00000     0.00000     0.00000     0.00000
     0.29267     0.00000     0.25446     0.00000
     0.00000     0.00000     0.00000     0.00000     0.00000     0.00000
     0.00000     0.28540     0.00000     0.25027
     0.00000     0.00000     0.00000     0.00000     0.00000     0.00000
     0.25446     0.00000     0.22201     0.00000
     0.00000     0.00000     0.00000     0.00000     0.00000     0.00000
     0.00000     0.25027     0.00000     0.22016

     ------------------- End of pseudopotential generation -------------------

     --------------------------- All-electron run ----------------------------

     Nb                                                                         
     dirac relativistic calculation

     atomic number is 41.00
     dft =PBE   lsd =0 sic =0 latt =0  beta=0.20 tr2=1.0E-14
     Exchange-correlation= PBE
                           (   1   4   3   4   0   0   0)
     mesh =1227 r(mesh) = 100.62774 a.u. xmin = -7.00 dx = 0.01250
     1 Ry =  13.60569312 eV, c = 137.03599908

     n l j   nl                  e(Ry)          e(Ha)          e(eV)
     Spin orbit split results
     1 0 0.5 1S 1( 2.00)     -1381.7543      -690.8772    -18799.7251
     2 0 0.5 2S 1( 2.00)      -193.2235       -96.6118     -2628.9401
     2 1 0.5 2P 1( 2.00)      -177.3175       -88.6587     -2412.5274
     2 1 1.5 2P 1( 4.00)      -170.2778       -85.1389     -2316.7474
     3 0 0.5 3S 1( 2.00)       -32.2310       -16.1155      -438.5247
     3 1 0.5 3P 1( 2.00)       -26.2428       -13.1214      -357.0514
     3 1 1.5 3P 1( 4.00)       -25.1026       -12.5513      -341.5385
     4 0 0.5 4S 1( 2.00)        -4.2800        -2.1400       -58.2329
     4 1 0.5 4P 1( 2.00)        -2.6324        -1.3162       -35.8152
     4 1 1.5 4P 1( 4.00)        -2.4785        -1.2392       -33.7217
     3 2 1.5 3D 1( 4.00)       -14.5319        -7.2659      -197.7161
     3 2 2.5 3D 1( 6.00)       -14.3196        -7.1598      -194.8285
     4 2 1.5 4D 1( 4.00)        -0.2249        -0.1125        -3.0604
     4 2 2.5 4D 1( 0.00)        -0.2137        -0.1068        -2.9070
     5 0 0.5 5S 1( 1.00)        -0.2907        -0.1454        -3.9552
     5 1 0.5 5P 1( 0.00)        -0.0851        -0.0426        -1.1579
     5 1 1.5 5P 1( 0.00)        -0.0789        -0.0394        -1.0729
     Averaged results
     1 0     1S 1( 2.00)     -1381.7543      -690.8772    -18799.7251
     2 0     2S 1( 2.00)      -193.2235       -96.6118     -2628.9401
     2 1     2P 1( 6.00)      -172.6244       -86.3122     -2348.6741
     3 0     3S 1( 2.00)       -32.2310       -16.1155      -438.5247
     3 1     3P 1( 6.00)       -25.4827       -12.7413      -346.7094
     4 0     4S 1( 2.00)        -4.2800        -2.1400       -58.2329
     4 1     4P 1( 6.00)        -2.5298        -1.2649       -34.4195
     3 2     3D 1(10.00)       -14.4045        -7.2023      -195.9835
     4 2     4D 1( 4.00)        -0.2182        -0.1091        -2.9683
     5 0     5S 1( 1.00)        -0.2907        -0.1454        -3.9552
     5 1     5P 1( 0.00)        -0.0809        -0.0405        -1.1012

     final scf error:  5.8E-15 reached in  33 iterations
 
     Etot =   -7640.254134 Ry,   -3820.127067 Ha, -103950.953123 eV

     Ekin =    7908.888951 Ry,    3954.444476 Ha,  107605.916016 eV
     Encl =  -18451.650298 Ry,   -9225.825149 Ha, -251047.491566 eV
     Eh   =    3140.276510 Ry,    1570.138255 Ha,   42725.638512 eV
     Exc  =    -237.769297 Ry,    -118.884648 Ha,   -3235.016085 eV


     normalization and overlap integrals

     s(1S/1S) =  1.000000  <r> =   0.0361  <r2> =    0.0018  r(max) =   0.0235
     s(1S/2S) =  0.000000
     s(1S/3S) = -0.000000
     s(1S/4S) =  0.000000
     s(1S/5S) =  0.000000
     s(2S/2S) =  1.000000  <r> =   0.1577  <r2> =    0.0294  r(max) =   0.1335
     s(2S/3S) =  0.000000
     s(2S/4S) =  0.000000
     s(2S/5S) =  0.000000
     s(2P/2P) =  1.000000  <r> =   0.1346  <r2> =    0.0222  r(max) =   0.1040
     s(2P/3P) =  0.000000
     s(2P/4P) =  0.000000
     s(2P/5P) =  0.000000
     s(2P/2P) =  1.000000  <r> =   0.1391  <r2> =    0.0236  r(max) =   0.1080
     s(2P/3P) =  0.000000
     s(2P/4P) =  0.000000
     s(2P/5P) =  0.000000
     s(3S/3S) =  1.000000  <r> =   0.4430  <r2> =    0.2251  r(max) =   0.3961
     s(3S/4S) =  0.000000
     s(3S/5S) =  0.000000
     s(3P/3P) =  1.000000  <r> =   0.4386  <r2> =    0.2243  r(max) =   0.3815
     s(3P/4P) =  0.000000
     s(3P/5P) =  0.000000
     s(3P/3P) =  1.000000  <r> =   0.4491  <r2> =    0.2349  r(max) =   0.3912
     s(3P/4P) =  0.000000
     s(3P/5P) =  0.000000
     s(4S/4S) =  1.000000  <r> =   1.1596  <r2> =    1.5261  r(max) =   1.0371
     s(4S/5S) =  0.000000
     s(4P/4P) =  1.000000  <r> =   1.2828  <r2> =    1.8909  r(max) =   1.1040
     s(4P/5P) =  0.000000
     s(4P/4P) =  1.000000  <r> =   1.3145  <r2> =    1.9863  r(max) =   1.1319
     s(4P/5P) = -0.000000
     s(3D/3D) =  1.000000  <r> =   0.4310  <r2> =    0.2241  r(max) =   0.3325
     s(3D/4D) = -0.000000
     s(3D/3D) =  1.000000  <r> =   0.4345  <r2> =    0.2276  r(max) =   0.3367
     s(3D/4D) = -0.000000
     s(4D/4D) =  1.000000  <r> =   2.2060  <r2> =    6.2253  r(max) =   1.4902
     s(4D/4D) =  1.000000  <r> =   2.2421  <r2> =    6.4467  r(max) =   1.5090
     s(5S/5S) =  1.000000  <r> =   3.7384  <r2> =   16.0924  r(max) =   3.0769
     s(5P/5P) =  1.000000  <r> =   5.3837  <r2> =   34.1965  r(max) =   4.1534
     s(5P/5P) =  1.000000  <r> =   5.5465  <r2> =   36.2905  r(max) =   4.3121

     ------------------------ End of All-electron run ------------------------


     ---------------------- Testing the pseudopotential ----------------------

     Nb                                                                         
     dirac relativistic calculation

     atomic number is 41.00   valence charge is 13.00
     dft =PBE   lsd =0 sic =0 latt =0  beta=0.20 tr2=1.0E-14
     mesh =1227 r(mesh) = 100.62774 xmin = -7.00 dx = 0.01250

     n l  j  nl             e AE (Ry)       e PS (Ry)    De AE-PS (Ry) 
     1 0 0.5 4S   1( 2.00)       -4.28004       -4.28004        0.00000
     2 0 0.5 5S   1( 1.00)       -0.29070       -0.29070       -0.00001
     2 1 0.5 4P   1( 2.00)       -2.63237       -2.63237       -0.00000
     2 1 1.5 4P   1( 4.00)       -2.47850       -2.47850        0.00000
     3 2 1.5 4D   1( 4.00)       -0.22494       -0.22493       -0.00001
     3 2 2.5 4D   1( 0.00)       -0.21366       -0.21366        0.00000

     eps = 5.7E-15  iter =  4
 
     Etot =   -7640.254134 Ry,   -3820.127067 Ha, -103950.953123 eV
     Etotps =  -127.111457 Ry,     -63.555728 Ha,   -1729.439476 eV

     Ekin =      43.273764 Ry,      21.636882 Ha,     588.769552 eV
     Encl =    -239.760919 Ry,    -119.880459 Ha,   -3262.113484 eV
     Ehrt =      92.502285 Ry,      46.251142 Ha,    1258.557699 eV
     Ecxc =     -28.513343 Ry,     -14.256671 Ha,    -387.943790 eV
     (Ecc =     -13.195920 Ry,      -6.597960 Ha,    -179.539644 eV)
     Epseu=       5.386756 Ry,       2.693378 Ha,      73.290547 eV

     ---------------------- End of pseudopotential test ----------------------

