[0] MPI startup(): I_MPI_SHM_LMT environment variable is not supported.
[0] MPI startup(): Similar variables:
	 I_MPI_SHM_HEAP
	 I_MPI_SHM
	 I_MPI_SHM_OPT
	 I_MPI_SHM_THP
[0] MPI startup(): To check the list of supported variables, use the impi_info utility or refer to https://software.intel.com/en-us/mpi-library/documentation/get-started.

     Program LD1 v.7.3.1 starts on 19Sep2024 at 21:49: 5 

     This program is part of the open-source Quantum ESPRESSO suite
     for quantum simulation of materials; please cite
         "P. Giannozzi et al., J. Phys.:Condens. Matter 21 395502 (2009);
         "P. Giannozzi et al., J. Phys.:Condens. Matter 29 465901 (2017);
         "P. Giannozzi et al., J. Chem. Phys. 152 154105 (2020);
          URL http://www.quantum-espresso.org", 
     in publications or presentations arising from this work. More details at
     http://www.quantum-espresso.org/quote

     Parallel version (MPI), running on     1 processors

     MPI processes distributed on     1 nodes
     89416 MiB available memory on the printing compute node when the environment starts
 
     Waiting for input...
     Reading input from standard input
     --------------------------- All-electron run ----------------------------

     Ni                                                                         
     dirac relativistic calculation

     atomic number is 28.00
     dft =PBE   lsd =0 sic =0 latt =0  beta=0.20 tr2=1.0E-14
     Exchange-correlation= PBE
                           (   1   4   3   4   0   0   0)
     mesh =1195 r(mesh) =  98.77016 a.u. xmin = -7.00 dx = 0.01250
     1 Ry =  13.60569312 eV, c = 137.03599908

     n l j   nl                  e(Ry)          e(Ha)          e(eV)
     Spin orbit split results
     1 0 0.5 1S 1( 2.00)      -603.4352      -301.7176     -8210.1548
     2 0 0.5 2S 1( 2.00)       -72.1355       -36.0678      -981.4539
     2 1 0.5 2P 1( 2.00)       -62.9182       -31.4591      -856.0452
     2 1 1.5 2P 1( 4.00)       -61.6332       -30.8166      -838.5624
     3 0 0.5 3S 1( 2.00)        -8.1588        -4.0794      -111.0059
     3 1 0.5 3P 1( 2.00)        -5.3529        -2.6764       -72.8293
     3 1 1.5 3P 1( 4.00)        -5.1906        -2.5953       -70.6215
     4 0 0.5 4S 1( 2.00)        -0.4146        -0.2073        -5.6407
     3 2 1.5 3D 1( 4.00)        -0.6614        -0.3307        -8.9986
     3 2 2.5 3D 1( 4.00)        -0.6438        -0.3219        -8.7595
     4 1 0.5 4P 1( 0.00)        -0.0926        -0.0463        -1.2596
     4 1 1.5 4P 1( 0.00)        -0.0888        -0.0444        -1.2082
     Averaged results
     1 0     1S 1( 2.00)      -603.4352      -301.7176     -8210.1548
     2 0     2S 1( 2.00)       -72.1355       -36.0678      -981.4539
     2 1     2P 1( 6.00)       -62.0615       -31.0308      -844.3900
     3 0     3S 1( 2.00)        -8.1588        -4.0794      -111.0059
     3 1     3P 1( 6.00)        -5.2447        -2.6223       -71.3574
     4 0     4S 1( 2.00)        -0.4146        -0.2073        -5.6407
     3 2     3D 1( 8.00)        -0.6508        -0.3254        -8.8551
     4 1     4P 1( 0.00)        -0.0901        -0.0450        -1.2253

     final scf error:  9.0E-15 reached in  38 iterations
 
     Etot =   -3041.175374 Ry,   -1520.587687 Ha,  -41377.298869 eV

     Ekin =    3090.388900 Ry,    1545.194450 Ha,   42046.883008 eV
     Encl =   -7306.629020 Ry,   -3653.314510 Ha,  -99411.752214 eV
     Eh   =    1301.623498 Ry,     650.811749 Ha,   17709.489875 eV
     Exc  =    -126.558752 Ry,     -63.279376 Ha,   -1721.919538 eV


     normalization and overlap integrals

     s(1S/1S) =  1.000000  <r> =   0.0541  <r2> =    0.0039  r(max) =   0.0353
     s(1S/2S) =  0.000000
     s(1S/3S) = -0.000000
     s(1S/4S) =  0.000000
     s(2S/2S) =  1.000000  <r> =   0.2447  <r2> =    0.0707  r(max) =   0.2055
     s(2S/3S) =  0.000000
     s(2S/4S) =  0.000000
     s(2P/2P) =  1.000000  <r> =   0.2131  <r2> =    0.0558  r(max) =   0.1641
     s(2P/3P) =  0.000000
     s(2P/4P) =  0.000000
     s(2P/2P) =  1.000000  <r> =   0.2163  <r2> =    0.0574  r(max) =   0.1662
     s(2P/3P) =  0.000000
     s(2P/4P) =  0.000000
     s(3S/3S) =  1.000000  <r> =   0.7399  <r2> =    0.6327  r(max) =   0.6410
     s(3S/4S) =  0.000000
     s(3P/3P) =  1.000000  <r> =   0.7717  <r2> =    0.7037  r(max) =   0.6410
     s(3P/4P) =  0.000000
     s(3P/3P) =  1.000000  <r> =   0.7819  <r2> =    0.7223  r(max) =   0.6491
     s(3P/4P) = -0.000000
     s(4S/4S) =  1.000000  <r> =   2.8079  <r2> =    9.2383  r(max) =   2.2374
     s(3D/3D) =  1.000000  <r> =   1.0068  <r2> =    1.3761  r(max) =   0.6252
     s(3D/3D) =  1.000000  <r> =   1.0146  <r2> =    1.3998  r(max) =   0.6331
     s(4P/4P) =  1.000000  <r> =   4.3389  <r2> =   22.9986  r(max) =   3.1355
     s(4P/4P) =  1.000000  <r> =   4.4097  <r2> =   23.7538  r(max) =   3.2149

     ------------------------ End of All-electron run ------------------------


     --------------------- Generating PAW atomic setup --------------------


      Generating local potential from pseudized AE potential:
      Matching radius rcloc =   2.1000

      Local pseudo, rcloc= 2.102 Estimated cut-off energy=     5.52 Ry

      Computing core charge for nlcc: 

       r > 1.01 : true rho core
      Core charge pseudized with two Bessel functions
      Integrated core pseudo-charge :  10.13

     Fully relativistic calculation: |psi|^2

     Wfc 4S LC norm =  0.99996605 SC norm =  0.00003119 missing  0.00000276
     Speed at rcutus      0.524 a.u.,  v/c =  0.003825,  (v/c)^2 =  0.00001463

     Wfc 4P LC norm =  0.99998601 SC norm =  0.00001361 missing  0.00000037
     Speed at rcutus      0.421 a.u.,  v/c =  0.003071,  (v/c)^2 =  0.00000943

     Wfc 4P LC norm =  0.99998647 SC norm =  0.00000990 missing  0.00000363
     Speed at rcutus      0.413 a.u.,  v/c =  0.003010,  (v/c)^2 =  0.00000906

     Wfc 3D LC norm =  0.99976026 SC norm =  0.00023973 missing  0.00000002
     Speed at rcutus      0.409 a.u.,  v/c =  0.002982,  (v/c)^2 =  0.00000889

     Wfc 3D LC norm =  0.99976266 SC norm =  0.00023656 missing  0.00000079
     Speed at rcutus      0.416 a.u.,  v/c =  0.003033,  (v/c)^2 =  0.00000920
      Wfc-us  4S rcutus= 2.210  Estimated cut-off energy=     9.06 Ry
      Wfc-us  4S rcutus= 2.210  Estimated cut-off energy=    23.23 Ry
      Wfc-us  4P rcutus= 2.210  Estimated cut-off energy=    14.60 Ry
      Wfc-us  4P rcutus= 2.210  Estimated cut-off energy=    14.57 Ry
      Wfc-us  4P rcutus= 2.210  Estimated cut-off energy=    31.76 Ry
      Wfc-us  4P rcutus= 2.210  Estimated cut-off energy=    31.56 Ry
      Wfc-us  3D rcutus= 1.809  Estimated cut-off energy=    36.00 Ry
      Wfc-us  3D rcutus= 1.809  Estimated cut-off energy=    35.98 Ry
      Wfc-us  3D rcutus= 1.809  Estimated cut-off energy=    41.46 Ry
      Wfc-us  3D rcutus= 1.809  Estimated cut-off energy=    40.75 Ry

      The bmat matrix
     0.57956     0.44979     0.00000     0.00000     0.00000     0.00000
     0.00000     0.00000     0.00000     0.00000
     0.35473     0.39908     0.00000     0.00000     0.00000     0.00000
     0.00000     0.00000     0.00000     0.00000
     0.00000     0.00000     0.08942     0.00000     0.25222     0.00000
     0.00000     0.00000     0.00000     0.00000
     0.00000     0.00000     0.00000     0.08533     0.00000     0.24573
     0.00000     0.00000     0.00000     0.00000
     0.00000     0.00000     0.17238     0.00000     0.87665     0.00000
     0.00000     0.00000     0.00000     0.00000
     0.00000     0.00000     0.00000     0.17296     0.00000     0.88511
     0.00000     0.00000     0.00000     0.00000
     0.00000     0.00000     0.00000     0.00000     0.00000     0.00000
    -1.30649     0.00000    -0.74572     0.00000
     0.00000     0.00000     0.00000     0.00000     0.00000     0.00000
     0.00000    -1.30749     0.00000    -0.74165
     0.00000     0.00000     0.00000     0.00000     0.00000     0.00000
    -0.65799     0.00000    -0.37824     0.00000
     0.00000     0.00000     0.00000     0.00000     0.00000     0.00000
     0.00000    -0.66052     0.00000    -0.37668

      The bmat + epsilon qq matrix
     0.61378     0.36064     0.00000     0.00000     0.00000     0.00000
     0.00000     0.00000     0.00000     0.00000
     0.36059     0.75457     0.00000     0.00000     0.00000     0.00000
     0.00000     0.00000     0.00000     0.00000
     0.00000     0.00000     0.08998     0.00000     0.17350     0.00000
     0.00000     0.00000     0.00000     0.00000
     0.00000     0.00000     0.00000     0.08577     0.00000     0.17396
     0.00000     0.00000     0.00000     0.00000
     0.00000     0.00000     0.17351     0.00000     0.81473     0.00000
     0.00000     0.00000     0.00000     0.00000
     0.00000     0.00000     0.00000     0.17394     0.00000     0.82644
     0.00000     0.00000     0.00000     0.00000
     0.00000     0.00000     0.00000     0.00000     0.00000     0.00000
    -1.70898     0.00000    -0.87998     0.00000
     0.00000     0.00000     0.00000     0.00000     0.00000     0.00000
     0.00000    -1.69601     0.00000    -0.87475
     0.00000     0.00000     0.00000     0.00000     0.00000     0.00000
    -0.87997     0.00000    -0.45235     0.00000
     0.00000     0.00000     0.00000     0.00000     0.00000     0.00000
     0.00000    -0.87475     0.00000    -0.45013

      The qq matrix
    -0.08253    -0.01415     0.00000     0.00000     0.00000     0.00000
     0.00000     0.00000     0.00000     0.00000
    -0.01415     0.05643     0.00000     0.00000     0.00000     0.00000
     0.00000     0.00000     0.00000     0.00000
     0.00000     0.00000    -0.00609     0.00000    -0.01211     0.00000
     0.00000     0.00000     0.00000     0.00000
     0.00000     0.00000     0.00000    -0.00489     0.00000    -0.01104
     0.00000     0.00000     0.00000     0.00000
     0.00000     0.00000    -0.01211     0.00000    -0.00952     0.00000
     0.00000     0.00000     0.00000     0.00000
     0.00000     0.00000     0.00000    -0.01104     0.00000    -0.00903
     0.00000     0.00000     0.00000     0.00000
     0.00000     0.00000     0.00000     0.00000     0.00000     0.00000
     0.60856     0.00000     0.33563     0.00000
     0.00000     0.00000     0.00000     0.00000     0.00000     0.00000
     0.00000     0.60346     0.00000     0.33275
     0.00000     0.00000     0.00000     0.00000     0.00000     0.00000
     0.33563     0.00000     0.18528     0.00000
     0.00000     0.00000     0.00000     0.00000     0.00000     0.00000
     0.00000     0.33275     0.00000     0.18361


    multipoles (all-electron charge) - (pseudo charge)
        ns l1:ns1 l2    l=0     l=1     l=2     l=3     l=4     l=5  
         1  0:  1  0 -0.0825
         2  0:  1  0 -0.0142
         2  0:  2  0  0.0564
         3  1:  1  0  0.0000  0.0393
         3  1:  2  0  0.0000  0.0095
         3  1:  3  1 -0.0061  0.0000 -0.0232
         4  1:  1  0  0.0000  0.0376
         4  1:  2  0  0.0000  0.0097
         4  1:  3  1 -0.0055  0.0000 -0.0223
         4  1:  4  1 -0.0049  0.0000 -0.0215
         5  1:  1  0  0.0000  0.0714
         5  1:  2  0  0.0000 -0.0129
         5  1:  3  1 -0.0121  0.0000 -0.0329
         5  1:  4  1 -0.0115  0.0000 -0.0323
         5  1:  5  1 -0.0095  0.0000 -0.0332
         6  1:  1  0  0.0000  0.0714
         6  1:  2  0  0.0000 -0.0122
         6  1:  3  1 -0.0117  0.0000 -0.0333
         6  1:  4  1 -0.0110  0.0000 -0.0327
         6  1:  5  1 -0.0094  0.0000 -0.0342
         6  1:  6  1 -0.0090  0.0000 -0.0351
         7  2:  1  0  0.0000  0.0000  0.1262
         7  2:  2  0  0.0000  0.0000 -0.0312
         7  2:  3  1  0.0000 -0.0798  0.0000 -0.0681
         7  2:  4  1  0.0000 -0.0800  0.0000 -0.0688
         7  2:  5  1  0.0000 -0.0812  0.0000 -0.0068
         7  2:  6  1  0.0000 -0.0863  0.0000 -0.0124
         7  2:  7  2  0.6086  0.0000  0.3163  0.0000  0.2505
         8  2:  1  0  0.0000  0.0000  0.1265
         8  2:  2  0  0.0000  0.0000 -0.0314
         8  2:  3  1  0.0000 -0.0798  0.0000 -0.0684
         8  2:  4  1  0.0000 -0.0800  0.0000 -0.0690
         8  2:  5  1  0.0000 -0.0811  0.0000 -0.0069
         8  2:  6  1  0.0000 -0.0863  0.0000 -0.0125
         8  2:  7  2  0.6056  0.0000  0.3154  0.0000  0.2500
         8  2:  8  2  0.6035  0.0000  0.3148  0.0000  0.2499
         9  2:  1  0  0.0000  0.0000  0.0636
         9  2:  2  0  0.0000  0.0000 -0.0105
         9  2:  3  1  0.0000 -0.0419  0.0000 -0.0329
         9  2:  4  1  0.0000 -0.0419  0.0000 -0.0332
         9  2:  5  1  0.0000 -0.0469  0.0000 -0.0076
         9  2:  6  1  0.0000 -0.0496  0.0000 -0.0104
         9  2:  7  2  0.3356  0.0000  0.1705  0.0000  0.1319
         9  2:  8  2  0.3340  0.0000  0.1700  0.0000  0.1318
         9  2:  9  2  0.1853  0.0000  0.0921  0.0000  0.0697
        10  2:  1  0  0.0000  0.0000  0.0639
        10  2:  2  0  0.0000  0.0000 -0.0113
        10  2:  3  1  0.0000 -0.0419  0.0000 -0.0332
        10  2:  4  1  0.0000 -0.0420  0.0000 -0.0335
        10  2:  5  1  0.0000 -0.0464  0.0000 -0.0071
        10  2:  6  1  0.0000 -0.0491  0.0000 -0.0098
        10  2:  7  2  0.3339  0.0000  0.1704  0.0000  0.1324
        10  2:  8  2  0.3327  0.0000  0.1701  0.0000  0.1323
        10  2:  9  2  0.1843  0.0000  0.0920  0.0000  0.0698
        10  2: 10  2  0.1836  0.0000  0.0920  0.0000  0.0701
     Required augmentation: PSQ   radius:    1.300000

     Q pseudized with Bessel functions
     Expected ecutrho=     235.6172 due to l1=  2   l2=  2

     Estimated PAW energy = -185.295715 Ryd

     The PAW screened D coefficients
     0.61378     0.36059     0.00000     0.00000     0.00000     0.00000
     0.00000     0.00000     0.00000     0.00000
     0.36059     0.75460     0.00000     0.00000     0.00000     0.00000
     0.00000     0.00000     0.00000     0.00000
     0.00000     0.00000     0.08998     0.00000     0.17351     0.00000
     0.00000     0.00000     0.00000     0.00000
     0.00000     0.00000     0.00000     0.08577     0.00000     0.17394
     0.00000     0.00000     0.00000     0.00000
     0.00000     0.00000     0.17351     0.00000     0.81474     0.00000
     0.00000     0.00000     0.00000     0.00000
     0.00000     0.00000     0.00000     0.17394     0.00000     0.82646
     0.00000     0.00000     0.00000     0.00000
     0.00000     0.00000     0.00000     0.00000     0.00000     0.00000
    -1.70898     0.00000    -0.87997     0.00000
     0.00000     0.00000     0.00000     0.00000     0.00000     0.00000
     0.00000    -1.69601     0.00000    -0.87475
     0.00000     0.00000     0.00000     0.00000     0.00000     0.00000
    -0.87997     0.00000    -0.45235     0.00000
     0.00000     0.00000     0.00000     0.00000     0.00000     0.00000
     0.00000    -0.87475     0.00000    -0.45013

     The PAW descreened D coefficients (US)
     0.40283     0.48347     0.00000     0.00000     0.00000     0.00000
     0.00000     0.00000     0.00000     0.00000
     0.48347     0.99096     0.00000     0.00000     0.00000     0.00000
     0.00000     0.00000     0.00000     0.00000
     0.00000     0.00000     0.10882     0.00000     0.21717     0.00000
     0.00000     0.00000     0.00000     0.00000
     0.00000     0.00000     0.00000     0.10847     0.00000     0.22330
     0.00000     0.00000     0.00000     0.00000
     0.00000     0.00000     0.21717     0.00000     1.78636     0.00000
     0.00000     0.00000     0.00000     0.00000
     0.00000     0.00000     0.00000     0.22330     0.00000     1.40504
     0.00000     0.00000     0.00000     0.00000
     0.00000     0.00000     0.00000     0.00000     0.00000     0.00000
     1.26331     0.00000     0.77215     0.00000
     0.00000     0.00000     0.00000     0.00000     0.00000     0.00000
     0.00000     1.24888     0.00000     0.76047
     0.00000     0.00000     0.00000     0.00000     0.00000     0.00000
     0.77215     0.00000     0.46651     0.00000
     0.00000     0.00000     0.00000     0.00000     0.00000     0.00000
     0.00000     0.76047     0.00000     0.45823

     ------------------- End of pseudopotential generation -------------------

     --------------------------- All-electron run ----------------------------

     Ni                                                                         
     dirac relativistic calculation

     atomic number is 28.00
     dft = SLA  PW   PBX  PBC   lsd =0 sic =0 latt =0  beta=0.20 tr2=1.0E-14
     Exchange-correlation=  SLA  PW   PBX  PBC
                           (   1   4   3   4   0   0   0)
     mesh =1195 r(mesh) =  98.77016 a.u. xmin = -7.00 dx = 0.01250
     1 Ry =  13.60569312 eV, c = 137.03599908

     n l j   nl                  e(Ry)          e(Ha)          e(eV)
     Spin orbit split results
     1 0 0.5 1S 1( 2.00)      -603.4352      -301.7176     -8210.1548
     2 0 0.5 2S 1( 2.00)       -72.1355       -36.0678      -981.4539
     2 1 0.5 2P 1( 2.00)       -62.9182       -31.4591      -856.0452
     2 1 1.5 2P 1( 4.00)       -61.6332       -30.8166      -838.5624
     3 0 0.5 3S 1( 2.00)        -8.1588        -4.0794      -111.0059
     3 1 0.5 3P 1( 2.00)        -5.3529        -2.6764       -72.8293
     3 1 1.5 3P 1( 4.00)        -5.1906        -2.5953       -70.6215
     4 0 0.5 4S 1( 2.00)        -0.4146        -0.2073        -5.6407
     3 2 1.5 3D 1( 4.00)        -0.6614        -0.3307        -8.9986
     3 2 2.5 3D 1( 4.00)        -0.6438        -0.3219        -8.7595
     4 1 0.5 4P 1( 0.00)        -0.0926        -0.0463        -1.2596
     4 1 1.5 4P 1( 0.00)        -0.0888        -0.0444        -1.2082
     Averaged results
     1 0     1S 1( 2.00)      -603.4352      -301.7176     -8210.1548
     2 0     2S 1( 2.00)       -72.1355       -36.0678      -981.4539
     2 1     2P 1( 6.00)       -62.0615       -31.0308      -844.3900
     3 0     3S 1( 2.00)        -8.1588        -4.0794      -111.0059
     3 1     3P 1( 6.00)        -5.2447        -2.6223       -71.3574
     4 0     4S 1( 2.00)        -0.4146        -0.2073        -5.6407
     3 2     3D 1( 8.00)        -0.6508        -0.3254        -8.8551
     4 1     4P 1( 0.00)        -0.0901        -0.0450        -1.2253

     final scf error:  9.0E-15 reached in  38 iterations
 
     Etot =   -3041.175374 Ry,   -1520.587687 Ha,  -41377.298869 eV

     Ekin =    3090.388900 Ry,    1545.194450 Ha,   42046.883008 eV
     Encl =   -7306.629020 Ry,   -3653.314510 Ha,  -99411.752214 eV
     Eh   =    1301.623498 Ry,     650.811749 Ha,   17709.489875 eV
     Exc  =    -126.558752 Ry,     -63.279376 Ha,   -1721.919538 eV


     normalization and overlap integrals

     s(1S/1S) =  1.000000  <r> =   0.0541  <r2> =    0.0039  r(max) =   0.0353
     s(1S/2S) =  0.000000
     s(1S/3S) = -0.000000
     s(1S/4S) =  0.000000
     s(2S/2S) =  1.000000  <r> =   0.2447  <r2> =    0.0707  r(max) =   0.2055
     s(2S/3S) =  0.000000
     s(2S/4S) =  0.000000
     s(2P/2P) =  1.000000  <r> =   0.2131  <r2> =    0.0558  r(max) =   0.1641
     s(2P/3P) =  0.000000
     s(2P/4P) =  0.000000
     s(2P/2P) =  1.000000  <r> =   0.2163  <r2> =    0.0574  r(max) =   0.1662
     s(2P/3P) =  0.000000
     s(2P/4P) =  0.000000
     s(3S/3S) =  1.000000  <r> =   0.7399  <r2> =    0.6327  r(max) =   0.6410
     s(3S/4S) =  0.000000
     s(3P/3P) =  1.000000  <r> =   0.7717  <r2> =    0.7037  r(max) =   0.6410
     s(3P/4P) =  0.000000
     s(3P/3P) =  1.000000  <r> =   0.7819  <r2> =    0.7223  r(max) =   0.6491
     s(3P/4P) = -0.000000
     s(4S/4S) =  1.000000  <r> =   2.8079  <r2> =    9.2383  r(max) =   2.2374
     s(3D/3D) =  1.000000  <r> =   1.0068  <r2> =    1.3761  r(max) =   0.6252
     s(3D/3D) =  1.000000  <r> =   1.0146  <r2> =    1.3998  r(max) =   0.6331
     s(4P/4P) =  1.000000  <r> =   4.3389  <r2> =   22.9986  r(max) =   3.1355
     s(4P/4P) =  1.000000  <r> =   4.4097  <r2> =   23.7538  r(max) =   3.2149

     ------------------------ End of All-electron run ------------------------


     ---------------------- Testing the pseudopotential ----------------------

     Ni                                                                         
     dirac relativistic calculation

     atomic number is 28.00   valence charge is 10.00
     dft = SLA  PW   PBX  PBC   lsd =0 sic =0 latt =0  beta=0.20 tr2=1.0E-14
     mesh =1195 r(mesh) =  98.77016 xmin = -7.00 dx = 0.01250

     n l  j  nl             e AE (Ry)       e PS (Ry)    De AE-PS (Ry) 
     1 0 0.5 4S   1( 2.00)       -0.41458       -0.41459        0.00000
     2 1 0.5 4P   1( 0.00)       -0.09258       -0.09258       -0.00000
     2 1 1.5 4P   1( 0.00)       -0.08880       -0.08880        0.00000
     3 2 1.5 3D   1( 4.00)       -0.66138       -0.66139        0.00000
     3 2 2.5 3D   1( 4.00)       -0.64381       -0.64381        0.00000

     eps = 7.5E-17  iter =  4
 
     Etot =   -3041.175374 Ry,   -1520.587687 Ha,  -41377.298869 eV
     Etotps =  -185.295720 Ry,     -92.647860 Ha,   -2521.076704 eV

     Ekin =     148.772828 Ry,      74.386414 Ha,    2024.157439 eV
     Encl =    -281.980713 Ry,    -140.990357 Ha,   -3836.543052 eV
     Ehrt =      74.470923 Ry,      37.235462 Ha,    1013.228528 eV
     Ecxc =    -126.558758 Ry,     -63.279379 Ha,   -1721.919620 eV
     (Ecc =     -21.548548 Ry,     -10.774274 Ha,    -293.182935 eV)

     ---------------------- End of pseudopotential test ----------------------

