[0] MPI startup(): I_MPI_SHM_LMT environment variable is not supported.
[0] MPI startup(): Similar variables:
	 I_MPI_SHM_HEAP
	 I_MPI_SHM
	 I_MPI_SHM_OPT
	 I_MPI_SHM_THP
[0] MPI startup(): To check the list of supported variables, use the impi_info utility or refer to https://software.intel.com/en-us/mpi-library/documentation/get-started.

     Program LD1 v.7.3.1 starts on 19Sep2024 at 21:49: 6 

     This program is part of the open-source Quantum ESPRESSO suite
     for quantum simulation of materials; please cite
         "P. Giannozzi et al., J. Phys.:Condens. Matter 21 395502 (2009);
         "P. Giannozzi et al., J. Phys.:Condens. Matter 29 465901 (2017);
         "P. Giannozzi et al., J. Chem. Phys. 152 154105 (2020);
          URL http://www.quantum-espresso.org", 
     in publications or presentations arising from this work. More details at
     http://www.quantum-espresso.org/quote

     Parallel version (MPI), running on     1 processors

     MPI processes distributed on     1 nodes
     89409 MiB available memory on the printing compute node when the environment starts
 
     Waiting for input...
     Reading input from standard input
     --------------------------- All-electron run ----------------------------

     Ni                                                                         
     dirac relativistic calculation

     atomic number is 28.00
     dft =PBE   lsd =0 sic =0 latt =0  beta=0.20 tr2=1.0E-14
     Exchange-correlation= PBE
                           (   1   4   3   4   0   0   0)
     mesh =1195 r(mesh) =  98.77016 a.u. xmin = -7.00 dx = 0.01250
     1 Ry =  13.60569312 eV, c = 137.03599908

     n l j   nl                  e(Ry)          e(Ha)          e(eV)
     Spin orbit split results
     1 0 0.5 1S 1( 2.00)      -603.4352      -301.7176     -8210.1548
     2 0 0.5 2S 1( 2.00)       -72.1355       -36.0678      -981.4539
     2 1 0.5 2P 1( 2.00)       -62.9182       -31.4591      -856.0452
     2 1 1.5 2P 1( 4.00)       -61.6332       -30.8166      -838.5624
     3 0 0.5 3S 1( 2.00)        -8.1588        -4.0794      -111.0059
     3 1 0.5 3P 1( 2.00)        -5.3529        -2.6764       -72.8293
     3 1 1.5 3P 1( 4.00)        -5.1906        -2.5953       -70.6215
     4 0 0.5 4S 1( 2.00)        -0.4146        -0.2073        -5.6407
     3 2 1.5 3D 1( 4.00)        -0.6614        -0.3307        -8.9986
     3 2 2.5 3D 1( 4.00)        -0.6438        -0.3219        -8.7595
     4 1 0.5 4P 1( 0.00)        -0.0926        -0.0463        -1.2596
     4 1 1.5 4P 1( 0.00)        -0.0888        -0.0444        -1.2082
     Averaged results
     1 0     1S 1( 2.00)      -603.4352      -301.7176     -8210.1548
     2 0     2S 1( 2.00)       -72.1355       -36.0678      -981.4539
     2 1     2P 1( 6.00)       -62.0615       -31.0308      -844.3900
     3 0     3S 1( 2.00)        -8.1588        -4.0794      -111.0059
     3 1     3P 1( 6.00)        -5.2447        -2.6223       -71.3574
     4 0     4S 1( 2.00)        -0.4146        -0.2073        -5.6407
     3 2     3D 1( 8.00)        -0.6508        -0.3254        -8.8551
     4 1     4P 1( 0.00)        -0.0901        -0.0450        -1.2253

     final scf error:  9.0E-15 reached in  38 iterations
 
     Etot =   -3041.175374 Ry,   -1520.587687 Ha,  -41377.298869 eV

     Ekin =    3090.388900 Ry,    1545.194450 Ha,   42046.883008 eV
     Encl =   -7306.629020 Ry,   -3653.314510 Ha,  -99411.752214 eV
     Eh   =    1301.623498 Ry,     650.811749 Ha,   17709.489875 eV
     Exc  =    -126.558752 Ry,     -63.279376 Ha,   -1721.919538 eV


     normalization and overlap integrals

     s(1S/1S) =  1.000000  <r> =   0.0541  <r2> =    0.0039  r(max) =   0.0353
     s(1S/2S) =  0.000000
     s(1S/3S) = -0.000000
     s(1S/4S) =  0.000000
     s(2S/2S) =  1.000000  <r> =   0.2447  <r2> =    0.0707  r(max) =   0.2055
     s(2S/3S) =  0.000000
     s(2S/4S) =  0.000000
     s(2P/2P) =  1.000000  <r> =   0.2131  <r2> =    0.0558  r(max) =   0.1641
     s(2P/3P) =  0.000000
     s(2P/4P) =  0.000000
     s(2P/2P) =  1.000000  <r> =   0.2163  <r2> =    0.0574  r(max) =   0.1662
     s(2P/3P) =  0.000000
     s(2P/4P) =  0.000000
     s(3S/3S) =  1.000000  <r> =   0.7399  <r2> =    0.6327  r(max) =   0.6410
     s(3S/4S) =  0.000000
     s(3P/3P) =  1.000000  <r> =   0.7717  <r2> =    0.7037  r(max) =   0.6410
     s(3P/4P) =  0.000000
     s(3P/3P) =  1.000000  <r> =   0.7819  <r2> =    0.7223  r(max) =   0.6491
     s(3P/4P) = -0.000000
     s(4S/4S) =  1.000000  <r> =   2.8079  <r2> =    9.2383  r(max) =   2.2374
     s(3D/3D) =  1.000000  <r> =   1.0068  <r2> =    1.3761  r(max) =   0.6252
     s(3D/3D) =  1.000000  <r> =   1.0146  <r2> =    1.3998  r(max) =   0.6331
     s(4P/4P) =  1.000000  <r> =   4.3389  <r2> =   22.9986  r(max) =   3.1355
     s(4P/4P) =  1.000000  <r> =   4.4097  <r2> =   23.7538  r(max) =   3.2149

     ------------------------ End of All-electron run ------------------------


     --------------------- Generating US pseudopotential ---------------------


      Generating local potential from pseudized AE potential:
      Matching radius rcloc =   2.1000

      Local pseudo, rcloc= 2.102 Estimated cut-off energy=     5.52 Ry

      Computing core charge for nlcc: 

       r > 1.01 : true rho core
      Core charge pseudized with two Bessel functions
      Integrated core pseudo-charge :  10.13

     Fully relativistic calculation: |psi|^2

     Wfc 4S LC norm =  0.99996605 SC norm =  0.00003119 missing  0.00000276

     Wfc 4P LC norm =  0.99998601 SC norm =  0.00001361 missing  0.00000037

     Wfc 4P LC norm =  0.99998647 SC norm =  0.00000990 missing  0.00000363

     Wfc 3D LC norm =  0.99976026 SC norm =  0.00023973 missing  0.00000002

     Wfc 3D LC norm =  0.99976266 SC norm =  0.00023656 missing  0.00000079
      Wfc-us  4S rcutus= 2.210  Estimated cut-off energy=     9.06 Ry
      Wfc-us  4S rcutus= 2.210  Estimated cut-off energy=    23.23 Ry
      Wfc-us  4P rcutus= 2.210  Estimated cut-off energy=    14.60 Ry
      Wfc-us  4P rcutus= 2.210  Estimated cut-off energy=    14.57 Ry
      Wfc-us  4P rcutus= 2.210  Estimated cut-off energy=    31.76 Ry
      Wfc-us  4P rcutus= 2.210  Estimated cut-off energy=    31.56 Ry
      Wfc-us  3D rcutus= 1.809  Estimated cut-off energy=    36.00 Ry
      Wfc-us  3D rcutus= 1.809  Estimated cut-off energy=    35.98 Ry
      Wfc-us  3D rcutus= 1.809  Estimated cut-off energy=    41.46 Ry
      Wfc-us  3D rcutus= 1.809  Estimated cut-off energy=    40.75 Ry

      The bmat matrix
     0.57956     0.44979     0.00000     0.00000     0.00000     0.00000
     0.00000     0.00000     0.00000     0.00000
     0.35473     0.39908     0.00000     0.00000     0.00000     0.00000
     0.00000     0.00000     0.00000     0.00000
     0.00000     0.00000     0.08942     0.00000     0.25222     0.00000
     0.00000     0.00000     0.00000     0.00000
     0.00000     0.00000     0.00000     0.08533     0.00000     0.24573
     0.00000     0.00000     0.00000     0.00000
     0.00000     0.00000     0.17238     0.00000     0.87665     0.00000
     0.00000     0.00000     0.00000     0.00000
     0.00000     0.00000     0.00000     0.17296     0.00000     0.88511
     0.00000     0.00000     0.00000     0.00000
     0.00000     0.00000     0.00000     0.00000     0.00000     0.00000
    -1.30649     0.00000    -0.74572     0.00000
     0.00000     0.00000     0.00000     0.00000     0.00000     0.00000
     0.00000    -1.30749     0.00000    -0.74165
     0.00000     0.00000     0.00000     0.00000     0.00000     0.00000
    -0.65799     0.00000    -0.37824     0.00000
     0.00000     0.00000     0.00000     0.00000     0.00000     0.00000
     0.00000    -0.66052     0.00000    -0.37668

      The bmat + epsilon qq matrix
     0.61378     0.36064     0.00000     0.00000     0.00000     0.00000
     0.00000     0.00000     0.00000     0.00000
     0.36059     0.75457     0.00000     0.00000     0.00000     0.00000
     0.00000     0.00000     0.00000     0.00000
     0.00000     0.00000     0.08998     0.00000     0.17350     0.00000
     0.00000     0.00000     0.00000     0.00000
     0.00000     0.00000     0.00000     0.08577     0.00000     0.17396
     0.00000     0.00000     0.00000     0.00000
     0.00000     0.00000     0.17351     0.00000     0.81473     0.00000
     0.00000     0.00000     0.00000     0.00000
     0.00000     0.00000     0.00000     0.17394     0.00000     0.82644
     0.00000     0.00000     0.00000     0.00000
     0.00000     0.00000     0.00000     0.00000     0.00000     0.00000
    -1.70898     0.00000    -0.87998     0.00000
     0.00000     0.00000     0.00000     0.00000     0.00000     0.00000
     0.00000    -1.69601     0.00000    -0.87475
     0.00000     0.00000     0.00000     0.00000     0.00000     0.00000
    -0.87997     0.00000    -0.45235     0.00000
     0.00000     0.00000     0.00000     0.00000     0.00000     0.00000
     0.00000    -0.87475     0.00000    -0.45013

      The qq matrix
    -0.08253    -0.01415     0.00000     0.00000     0.00000     0.00000
     0.00000     0.00000     0.00000     0.00000
    -0.01415     0.05643     0.00000     0.00000     0.00000     0.00000
     0.00000     0.00000     0.00000     0.00000
     0.00000     0.00000    -0.00609     0.00000    -0.01211     0.00000
     0.00000     0.00000     0.00000     0.00000
     0.00000     0.00000     0.00000    -0.00489     0.00000    -0.01104
     0.00000     0.00000     0.00000     0.00000
     0.00000     0.00000    -0.01211     0.00000    -0.00952     0.00000
     0.00000     0.00000     0.00000     0.00000
     0.00000     0.00000     0.00000    -0.01104     0.00000    -0.00903
     0.00000     0.00000     0.00000     0.00000
     0.00000     0.00000     0.00000     0.00000     0.00000     0.00000
     0.60856     0.00000     0.33563     0.00000
     0.00000     0.00000     0.00000     0.00000     0.00000     0.00000
     0.00000     0.60346     0.00000     0.33275
     0.00000     0.00000     0.00000     0.00000     0.00000     0.00000
     0.33563     0.00000     0.18528     0.00000
     0.00000     0.00000     0.00000     0.00000     0.00000     0.00000
     0.00000     0.33275     0.00000     0.18361

     Q pseudized with Bessel functions
     Expected ecutrho=     235.6172 due to l1=  2   l2=  2

      The ddd matrix
     0.35522     0.37574     0.00000     0.00000     0.00000     0.00000
     0.00000     0.00000     0.00000     0.00000
     0.37574     0.99119     0.00000     0.00000     0.00000     0.00000
     0.00000     0.00000     0.00000     0.00000
     0.00000     0.00000     0.09507     0.00000     0.17334     0.00000
     0.00000     0.00000     0.00000     0.00000
     0.00000     0.00000     0.00000     0.09487     0.00000     0.17932
     0.00000     0.00000     0.00000     0.00000
     0.00000     0.00000     0.17334     0.00000     1.07626     0.00000
     0.00000     0.00000     0.00000     0.00000
     0.00000     0.00000     0.00000     0.17932     0.00000     0.98566
     0.00000     0.00000     0.00000     0.00000
     0.00000     0.00000     0.00000     0.00000     0.00000     0.00000
     1.27746     0.00000     0.77582     0.00000
     0.00000     0.00000     0.00000     0.00000     0.00000     0.00000
     0.00000     1.26348     0.00000     0.76482
     0.00000     0.00000     0.00000     0.00000     0.00000     0.00000
     0.77582     0.00000     0.46631     0.00000
     0.00000     0.00000     0.00000     0.00000     0.00000     0.00000
     0.00000     0.76482     0.00000     0.45866

     ------------------- End of pseudopotential generation -------------------

     --------------------------- All-electron run ----------------------------

     Ni                                                                         
     dirac relativistic calculation

     atomic number is 28.00
     dft =PBE   lsd =0 sic =0 latt =0  beta=0.20 tr2=1.0E-14
     Exchange-correlation= PBE
                           (   1   4   3   4   0   0   0)
     mesh =1195 r(mesh) =  98.77016 a.u. xmin = -7.00 dx = 0.01250
     1 Ry =  13.60569312 eV, c = 137.03599908

     n l j   nl                  e(Ry)          e(Ha)          e(eV)
     Spin orbit split results
     1 0 0.5 1S 1( 2.00)      -603.4352      -301.7176     -8210.1548
     2 0 0.5 2S 1( 2.00)       -72.1355       -36.0678      -981.4539
     2 1 0.5 2P 1( 2.00)       -62.9182       -31.4591      -856.0452
     2 1 1.5 2P 1( 4.00)       -61.6332       -30.8166      -838.5624
     3 0 0.5 3S 1( 2.00)        -8.1588        -4.0794      -111.0059
     3 1 0.5 3P 1( 2.00)        -5.3529        -2.6764       -72.8293
     3 1 1.5 3P 1( 4.00)        -5.1906        -2.5953       -70.6215
     4 0 0.5 4S 1( 2.00)        -0.4146        -0.2073        -5.6407
     3 2 1.5 3D 1( 4.00)        -0.6614        -0.3307        -8.9986
     3 2 2.5 3D 1( 4.00)        -0.6438        -0.3219        -8.7595
     4 1 0.5 4P 1( 0.00)        -0.0926        -0.0463        -1.2596
     4 1 1.5 4P 1( 0.00)        -0.0888        -0.0444        -1.2082
     Averaged results
     1 0     1S 1( 2.00)      -603.4352      -301.7176     -8210.1548
     2 0     2S 1( 2.00)       -72.1355       -36.0678      -981.4539
     2 1     2P 1( 6.00)       -62.0615       -31.0308      -844.3900
     3 0     3S 1( 2.00)        -8.1588        -4.0794      -111.0059
     3 1     3P 1( 6.00)        -5.2447        -2.6223       -71.3574
     4 0     4S 1( 2.00)        -0.4146        -0.2073        -5.6407
     3 2     3D 1( 8.00)        -0.6508        -0.3254        -8.8551
     4 1     4P 1( 0.00)        -0.0901        -0.0450        -1.2253

     final scf error:  9.0E-15 reached in  38 iterations
 
     Etot =   -3041.175374 Ry,   -1520.587687 Ha,  -41377.298869 eV

     Ekin =    3090.388900 Ry,    1545.194450 Ha,   42046.883008 eV
     Encl =   -7306.629020 Ry,   -3653.314510 Ha,  -99411.752214 eV
     Eh   =    1301.623498 Ry,     650.811749 Ha,   17709.489875 eV
     Exc  =    -126.558752 Ry,     -63.279376 Ha,   -1721.919538 eV


     normalization and overlap integrals

     s(1S/1S) =  1.000000  <r> =   0.0541  <r2> =    0.0039  r(max) =   0.0353
     s(1S/2S) =  0.000000
     s(1S/3S) = -0.000000
     s(1S/4S) =  0.000000
     s(2S/2S) =  1.000000  <r> =   0.2447  <r2> =    0.0707  r(max) =   0.2055
     s(2S/3S) =  0.000000
     s(2S/4S) =  0.000000
     s(2P/2P) =  1.000000  <r> =   0.2131  <r2> =    0.0558  r(max) =   0.1641
     s(2P/3P) =  0.000000
     s(2P/4P) =  0.000000
     s(2P/2P) =  1.000000  <r> =   0.2163  <r2> =    0.0574  r(max) =   0.1662
     s(2P/3P) =  0.000000
     s(2P/4P) =  0.000000
     s(3S/3S) =  1.000000  <r> =   0.7399  <r2> =    0.6327  r(max) =   0.6410
     s(3S/4S) =  0.000000
     s(3P/3P) =  1.000000  <r> =   0.7717  <r2> =    0.7037  r(max) =   0.6410
     s(3P/4P) =  0.000000
     s(3P/3P) =  1.000000  <r> =   0.7819  <r2> =    0.7223  r(max) =   0.6491
     s(3P/4P) = -0.000000
     s(4S/4S) =  1.000000  <r> =   2.8079  <r2> =    9.2383  r(max) =   2.2374
     s(3D/3D) =  1.000000  <r> =   1.0068  <r2> =    1.3761  r(max) =   0.6252
     s(3D/3D) =  1.000000  <r> =   1.0146  <r2> =    1.3998  r(max) =   0.6331
     s(4P/4P) =  1.000000  <r> =   4.3389  <r2> =   22.9986  r(max) =   3.1355
     s(4P/4P) =  1.000000  <r> =   4.4097  <r2> =   23.7538  r(max) =   3.2149

     ------------------------ End of All-electron run ------------------------


     ---------------------- Testing the pseudopotential ----------------------

     Ni                                                                         
     dirac relativistic calculation

     atomic number is 28.00   valence charge is 10.00
     dft =PBE   lsd =0 sic =0 latt =0  beta=0.20 tr2=1.0E-14
     mesh =1195 r(mesh) =  98.77016 xmin = -7.00 dx = 0.01250

     n l  j  nl             e AE (Ry)       e PS (Ry)    De AE-PS (Ry) 
     1 0 0.5 4S   1( 2.00)       -0.41458       -0.41459        0.00000
     2 1 0.5 4P   1( 0.00)       -0.09258       -0.09258       -0.00000
     2 1 1.5 4P   1( 0.00)       -0.08880       -0.08880        0.00000
     3 2 1.5 3D   1( 4.00)       -0.66138       -0.66138        0.00000
     3 2 2.5 3D   1( 4.00)       -0.64381       -0.64381        0.00000

     eps = 1.7E-16  iter =  4
 
     Etot =   -3041.175374 Ry,   -1520.587687 Ha,  -41377.298869 eV
     Etotps =  -100.058719 Ry,     -50.029360 Ha,   -1361.368225 eV

     Ekin =      17.363176 Ry,       8.681588 Ha,     236.238043 eV
     Encl =    -161.425532 Ry,     -80.712766 Ha,   -2196.306254 eV
     Ehrt =      74.191784 Ry,      37.095892 Ha,    1009.430648 eV
     Ecxc =     -41.062384 Ry,     -20.531192 Ha,    -558.682193 eV
     (Ecc =     -21.548548 Ry,     -10.774274 Ha,    -293.182935 eV)
     Epseu=      10.874237 Ry,       5.437118 Ha,     147.951531 eV

     ---------------------- End of pseudopotential test ----------------------

