[0] MPI startup(): I_MPI_SHM_LMT environment variable is not supported.
[0] MPI startup(): Similar variables:
	 I_MPI_SHM_HEAP
	 I_MPI_SHM
	 I_MPI_SHM_OPT
	 I_MPI_SHM_THP
[0] MPI startup(): To check the list of supported variables, use the impi_info utility or refer to https://software.intel.com/en-us/mpi-library/documentation/get-started.

     Program LD1 v.7.3.1 starts on 19Sep2024 at 21:49: 8 

     This program is part of the open-source Quantum ESPRESSO suite
     for quantum simulation of materials; please cite
         "P. Giannozzi et al., J. Phys.:Condens. Matter 21 395502 (2009);
         "P. Giannozzi et al., J. Phys.:Condens. Matter 29 465901 (2017);
         "P. Giannozzi et al., J. Chem. Phys. 152 154105 (2020);
          URL http://www.quantum-espresso.org", 
     in publications or presentations arising from this work. More details at
     http://www.quantum-espresso.org/quote

     Parallel version (MPI), running on     1 processors

     MPI processes distributed on     1 nodes
     89404 MiB available memory on the printing compute node when the environment starts
 
     Waiting for input...
     Reading input from standard input
     --------------------------- All-electron run ----------------------------

     O                                                                          
     dirac relativistic calculation

     atomic number is  8.00
     dft =PBE   lsd =0 sic =0 latt =0  beta=0.20 tr2=1.0E-14
     Exchange-correlation= PBE
                           (   1   4   3   4   0   0   0)
     mesh =1095 r(mesh) =  99.04343 a.u. xmin = -7.00 dx = 0.01250
     1 Ry =  13.60569312 eV, c = 137.03599908

     n l j   nl                  e(Ry)          e(Ha)          e(eV)
     Spin orbit split results
     1 0 0.5 1S 1( 2.00)       -37.8273       -18.9137      -514.6669
     2 0 0.5 2S 1( 2.00)        -1.7607        -0.8804       -23.9562
     2 1 0.5 2P 1( 2.00)        -0.6652        -0.3326        -9.0499
     2 1 1.5 2P 1( 2.00)        -0.6625        -0.3312        -9.0134
     Averaged results
     1 0     1S 1( 2.00)       -37.8273       -18.9137      -514.6669
     2 0     2S 1( 2.00)        -1.7607        -0.8804       -23.9562
     2 1     2P 1( 4.00)        -0.6634        -0.3317        -9.0255

     final scf error:  7.1E-15 reached in  23 iterations
 
     Etot =    -150.006111 Ry,     -75.003056 Ha,   -2040.937114 eV

     Ekin =     149.814409 Ry,      74.907204 Ha,    2038.328871 eV
     Encl =    -356.144404 Ry,    -178.072202 Ha,   -4845.591465 eV
     Eh   =      72.876088 Ry,      36.438044 Ha,     991.529693 eV
     Exc  =     -16.552204 Ry,      -8.276102 Ha,    -225.204213 eV


     normalization and overlap integrals

     s(1S/1S) =  1.000000  <r> =   0.1995  <r2> =    0.0538  r(max) =   0.1298
     s(1S/2S) =  0.000000
     s(2S/2S) =  1.000000  <r> =   1.1394  <r2> =    1.5807  r(max) =   0.8677
     s(2P/2P) =  1.000000  <r> =   1.2644  <r2> =    2.1333  r(max) =   0.8151
     s(2P/2P) =  1.000000  <r> =   1.2666  <r2> =    2.1409  r(max) =   0.8151

     ------------------------ End of All-electron run ------------------------


     --------------------- Generating US pseudopotential ---------------------


      Generating local pot.: lloc=2, j= 1.50, matching radius rcloc =   1.3000

      Generating local pot.: lloc=2, j= 2.50, matching radius rcloc =   1.3000

      Computing core charge for nlcc: 

       r > 0.50 : true rho core
      Core charge pseudized with two Bessel functions
      Integrated core pseudo-charge :   0.67

     Fully relativistic calculation: |psi|^2

     Wfc 2S LC norm =  0.99991434 SC norm =  0.00008089 missing  0.00000477

     Wfc 2P LC norm =  0.99993232 SC norm =  0.00006739 missing  0.00000028

     Wfc 2P LC norm =  0.99993249 SC norm =  0.00005940 missing  0.00000811
      Wfc-us  2S rcutus= 1.344  Estimated cut-off energy=    26.91 Ry
      Wfc-us  2S rcutus= 1.344  Estimated cut-off energy=    35.80 Ry
      Wfc-us  2P rcutus= 1.344  Estimated cut-off energy=    43.14 Ry
      Wfc-us  2P rcutus= 1.344  Estimated cut-off energy=    43.14 Ry
      Wfc-us  2P rcutus= 1.344  Estimated cut-off energy=    46.67 Ry
      Wfc-us  2P rcutus= 1.344  Estimated cut-off energy=    46.63 Ry

      The bmat matrix
     2.22987     1.76478     0.00000     0.00000     0.00000     0.00000
     1.55930     1.24168     0.00000     0.00000     0.00000     0.00000
     0.00000     0.00000    -0.47076     0.00000    -0.36189     0.00000
     0.00000     0.00000     0.00000    -0.46802     0.00000    -0.35988
     0.00000     0.00000    -0.29088     0.00000    -0.22444     0.00000
     0.00000     0.00000     0.00000    -0.28947     0.00000    -0.22340

      The bmat + epsilon qq matrix
     2.51003     1.75911     0.00000     0.00000     0.00000     0.00000
     1.75913     1.23760     0.00000     0.00000     0.00000     0.00000
     0.00000     0.00000    -0.56497     0.00000    -0.35693     0.00000
     0.00000     0.00000     0.00000    -0.56135     0.00000    -0.35494
     0.00000     0.00000    -0.35692     0.00000    -0.22096     0.00000
     0.00000     0.00000     0.00000    -0.35494     0.00000    -0.21994

      The qq matrix
    -0.15912    -0.11349     0.00000     0.00000     0.00000     0.00000
    -0.11349    -0.08146     0.00000     0.00000     0.00000     0.00000
     0.00000     0.00000     0.14163     0.00000     0.09928     0.00000
     0.00000     0.00000     0.00000     0.14088     0.00000     0.09881
     0.00000     0.00000     0.09928     0.00000     0.06948     0.00000
     0.00000     0.00000     0.00000     0.09881     0.00000     0.06919

     Q pseudized with Bessel functions
     Expected ecutrho=     323.0302 due to l1=  1   l2=  1

      The ddd matrix
     0.76691     0.49398     0.00000     0.00000     0.00000     0.00000
     0.49398     0.31610     0.00000     0.00000     0.00000     0.00000
     0.00000     0.00000     0.92144     0.00000     0.68714     0.00000
     0.00000     0.00000     0.00000     0.91671     0.00000     0.68384
     0.00000     0.00000     0.68714     0.00000     0.51149     0.00000
     0.00000     0.00000     0.00000     0.68384     0.00000     0.50919

     ------------------- End of pseudopotential generation -------------------

     --------------------------- All-electron run ----------------------------

     O                                                                          
     dirac relativistic calculation

     atomic number is  8.00
     dft =PBE   lsd =0 sic =0 latt =0  beta=0.20 tr2=1.0E-14
     Exchange-correlation= PBE
                           (   1   4   3   4   0   0   0)
     mesh =1095 r(mesh) =  99.04343 a.u. xmin = -7.00 dx = 0.01250
     1 Ry =  13.60569312 eV, c = 137.03599908

     n l j   nl                  e(Ry)          e(Ha)          e(eV)
     Spin orbit split results
     1 0 0.5 1S 1( 2.00)       -37.8273       -18.9137      -514.6669
     2 0 0.5 2S 1( 2.00)        -1.7607        -0.8804       -23.9562
     2 1 0.5 2P 1( 2.00)        -0.6652        -0.3326        -9.0499
     2 1 1.5 2P 1( 2.00)        -0.6625        -0.3312        -9.0134
     Averaged results
     1 0     1S 1( 2.00)       -37.8273       -18.9137      -514.6669
     2 0     2S 1( 2.00)        -1.7607        -0.8804       -23.9562
     2 1     2P 1( 4.00)        -0.6634        -0.3317        -9.0255

     final scf error:  7.1E-15 reached in  23 iterations
 
     Etot =    -150.006111 Ry,     -75.003056 Ha,   -2040.937114 eV

     Ekin =     149.814409 Ry,      74.907204 Ha,    2038.328871 eV
     Encl =    -356.144404 Ry,    -178.072202 Ha,   -4845.591465 eV
     Eh   =      72.876088 Ry,      36.438044 Ha,     991.529693 eV
     Exc  =     -16.552204 Ry,      -8.276102 Ha,    -225.204213 eV


     normalization and overlap integrals

     s(1S/1S) =  1.000000  <r> =   0.1995  <r2> =    0.0538  r(max) =   0.1298
     s(1S/2S) =  0.000000
     s(2S/2S) =  1.000000  <r> =   1.1394  <r2> =    1.5807  r(max) =   0.8677
     s(2P/2P) =  1.000000  <r> =   1.2644  <r2> =    2.1333  r(max) =   0.8151
     s(2P/2P) =  1.000000  <r> =   1.2666  <r2> =    2.1409  r(max) =   0.8151

     ------------------------ End of All-electron run ------------------------


     ---------------------- Testing the pseudopotential ----------------------

     O                                                                          
     dirac relativistic calculation

     atomic number is  8.00   valence charge is  6.00
     dft =PBE   lsd =0 sic =0 latt =0  beta=0.20 tr2=1.0E-14
     mesh =1095 r(mesh) =  99.04343 xmin = -7.00 dx = 0.01250

     n l  j  nl             e AE (Ry)       e PS (Ry)    De AE-PS (Ry) 
     1 0 0.5 2S   1( 2.00)       -1.76075       -1.76075        0.00000
     2 1 0.5 2P   1( 2.00)       -0.66515       -0.66515       -0.00000
     2 1 1.5 2P   1( 2.00)       -0.66247       -0.66248        0.00001

     eps = 1.1E-16  iter =  4
 
     Etot =    -150.006111 Ry,     -75.003056 Ha,   -2040.937114 eV
     Etotps =   -33.172943 Ry,     -16.586472 Ha,    -451.340886 eV

     Ekin =      15.976223 Ry,       7.988111 Ha,     217.367584 eV
     Encl =     -73.378274 Ry,     -36.689137 Ha,    -998.362281 eV
     Ehrt =      27.314091 Ry,      13.657045 Ha,     371.627138 eV
     Ecxc =      -8.295095 Ry,      -4.147547 Ha,    -112.860516 eV
     (Ecc =      -1.482876 Ry,      -0.741438 Ha,     -20.175558 eV)
     Epseu=       5.210112 Ry,       2.605056 Ha,      70.887190 eV

     ---------------------- End of pseudopotential test ----------------------

