[0] MPI startup(): I_MPI_SHM_LMT environment variable is not supported.
[0] MPI startup(): Similar variables:
	 I_MPI_SHM_HEAP
	 I_MPI_SHM
	 I_MPI_SHM_OPT
	 I_MPI_SHM_THP
[0] MPI startup(): To check the list of supported variables, use the impi_info utility or refer to https://software.intel.com/en-us/mpi-library/documentation/get-started.

     Program LD1 v.7.3.1 starts on 19Sep2024 at 21:49: 8 

     This program is part of the open-source Quantum ESPRESSO suite
     for quantum simulation of materials; please cite
         "P. Giannozzi et al., J. Phys.:Condens. Matter 21 395502 (2009);
         "P. Giannozzi et al., J. Phys.:Condens. Matter 29 465901 (2017);
         "P. Giannozzi et al., J. Chem. Phys. 152 154105 (2020);
          URL http://www.quantum-espresso.org", 
     in publications or presentations arising from this work. More details at
     http://www.quantum-espresso.org/quote

     Parallel version (MPI), running on     1 processors

     MPI processes distributed on     1 nodes
     89408 MiB available memory on the printing compute node when the environment starts
 
     Waiting for input...
     Reading input from standard input
     --------------------------- All-electron run ----------------------------

     O                                                                          
     dirac relativistic calculation

     atomic number is  8.00
     dft =PBE   lsd =0 sic =0 latt =0  beta=0.20 tr2=1.0E-14
     Exchange-correlation= PBE
                           (   1   4   3   4   0   0   0)
     mesh =1095 r(mesh) =  99.04343 a.u. xmin = -7.00 dx = 0.01250
     1 Ry =  13.60569312 eV, c = 137.03599908

     n l j   nl                  e(Ry)          e(Ha)          e(eV)
     Spin orbit split results
     1 0 0.5 1S 1( 2.00)       -37.8273       -18.9137      -514.6669
     2 0 0.5 2S 1( 2.00)        -1.7607        -0.8804       -23.9562
     2 1 0.5 2P 1( 2.00)        -0.6652        -0.3326        -9.0499
     2 1 1.5 2P 1( 2.00)        -0.6625        -0.3312        -9.0134
     Averaged results
     1 0     1S 1( 2.00)       -37.8273       -18.9137      -514.6669
     2 0     2S 1( 2.00)        -1.7607        -0.8804       -23.9562
     2 1     2P 1( 4.00)        -0.6634        -0.3317        -9.0255

     final scf error:  7.1E-15 reached in  23 iterations
 
     Etot =    -150.006111 Ry,     -75.003056 Ha,   -2040.937114 eV

     Ekin =     149.814409 Ry,      74.907204 Ha,    2038.328871 eV
     Encl =    -356.144404 Ry,    -178.072202 Ha,   -4845.591465 eV
     Eh   =      72.876088 Ry,      36.438044 Ha,     991.529693 eV
     Exc  =     -16.552204 Ry,      -8.276102 Ha,    -225.204213 eV


     normalization and overlap integrals

     s(1S/1S) =  1.000000  <r> =   0.1995  <r2> =    0.0538  r(max) =   0.1298
     s(1S/2S) =  0.000000
     s(2S/2S) =  1.000000  <r> =   1.1394  <r2> =    1.5807  r(max) =   0.8677
     s(2P/2P) =  1.000000  <r> =   1.2644  <r2> =    2.1333  r(max) =   0.8151
     s(2P/2P) =  1.000000  <r> =   1.2666  <r2> =    2.1409  r(max) =   0.8151

     ------------------------ End of All-electron run ------------------------


     --------------------- Generating PAW atomic setup --------------------


      Generating local pot.: lloc=2, j= 1.50, matching radius rcloc =   1.3000

      Generating local pot.: lloc=2, j= 2.50, matching radius rcloc =   1.3000

      Computing core charge for nlcc: 

       r > 0.70 : true rho core
      Core charge pseudized with two Bessel functions
      Integrated core pseudo-charge :   0.20

     Fully relativistic calculation: |psi|^2

     Wfc 2S LC norm =  0.99991434 SC norm =  0.00008089 missing  0.00000477
     Speed at rcutus      0.330 a.u.,  v/c =  0.002407,  (v/c)^2 =  0.00000579

     Wfc 2P LC norm =  0.99993232 SC norm =  0.00006739 missing  0.00000028
     Speed at rcutus      0.801 a.u.,  v/c =  0.005845,  (v/c)^2 =  0.00003416

     Wfc 2P LC norm =  0.99993249 SC norm =  0.00005940 missing  0.00000811
     Speed at rcutus      0.802 a.u.,  v/c =  0.005853,  (v/c)^2 =  0.00003425
      Wfc-us  2S rcutus= 1.344  Estimated cut-off energy=    26.91 Ry
      Wfc-us  2S rcutus= 1.344  Estimated cut-off energy=    35.80 Ry
      Wfc-us  2P rcutus= 1.344  Estimated cut-off energy=    43.14 Ry
      Wfc-us  2P rcutus= 1.344  Estimated cut-off energy=    43.14 Ry
      Wfc-us  2P rcutus= 1.344  Estimated cut-off energy=    46.67 Ry
      Wfc-us  2P rcutus= 1.344  Estimated cut-off energy=    46.63 Ry

      The bmat matrix
     2.22987     1.76478     0.00000     0.00000     0.00000     0.00000
     1.55930     1.24168     0.00000     0.00000     0.00000     0.00000
     0.00000     0.00000    -0.47076     0.00000    -0.36189     0.00000
     0.00000     0.00000     0.00000    -0.46802     0.00000    -0.35988
     0.00000     0.00000    -0.29088     0.00000    -0.22444     0.00000
     0.00000     0.00000     0.00000    -0.28947     0.00000    -0.22340

      The bmat + epsilon qq matrix
     2.51017     1.75911     0.00000     0.00000     0.00000     0.00000
     1.75923     1.23760     0.00000     0.00000     0.00000     0.00000
     0.00000     0.00000    -0.56492     0.00000    -0.35693     0.00000
     0.00000     0.00000     0.00000    -0.56132     0.00000    -0.35495
     0.00000     0.00000    -0.35689     0.00000    -0.22096     0.00000
     0.00000     0.00000     0.00000    -0.35491     0.00000    -0.21994

      The qq matrix
    -0.15920    -0.11355     0.00000     0.00000     0.00000     0.00000
    -0.11355    -0.08151     0.00000     0.00000     0.00000     0.00000
     0.00000     0.00000     0.14156     0.00000     0.09924     0.00000
     0.00000     0.00000     0.00000     0.14082     0.00000     0.09877
     0.00000     0.00000     0.09924     0.00000     0.06944     0.00000
     0.00000     0.00000     0.00000     0.09877     0.00000     0.06916


    multipoles (all-electron charge) - (pseudo charge)
        ns l1:ns1 l2    l=0     l=1     l=2     l=3     l=4     l=5  
         1  0:  1  0 -0.1591
         2  0:  1  0 -0.1135
         2  0:  2  0 -0.0815
         3  1:  1  0  0.0000 -0.0056
         3  1:  2  0  0.0000 -0.0048
         3  1:  3  1  0.1416  0.0000  0.0437
         4  1:  1  0  0.0000 -0.0055
         4  1:  2  0  0.0000 -0.0048
         4  1:  3  1  0.1411  0.0000  0.0435
         4  1:  4  1  0.1409  0.0000  0.0435
         5  1:  1  0  0.0000 -0.0061
         5  1:  2  0  0.0000 -0.0047
         5  1:  3  1  0.0993  0.0000  0.0305
         5  1:  4  1  0.0990  0.0000  0.0305
         5  1:  5  1  0.0695  0.0000  0.0213
         6  1:  1  0  0.0000 -0.0060
         6  1:  2  0  0.0000 -0.0047
         6  1:  3  1  0.0990  0.0000  0.0305
         6  1:  4  1  0.0988  0.0000  0.0304
         6  1:  5  1  0.0693  0.0000  0.0212
         6  1:  6  1  0.0692  0.0000  0.0212
     Required augmentation: BESSEL   radius:    1.200000
     Suggested rho cutoff for augmentation:  37.78 Ry

     Estimated PAW energy =  -41.159254 Ryd

     The PAW screened D coefficients
     2.51003     1.75912     0.00000     0.00000     0.00000     0.00000
     1.75912     1.23761     0.00000     0.00000     0.00000     0.00000
     0.00000     0.00000    -0.56497     0.00000    -0.35692     0.00000
     0.00000     0.00000     0.00000    -0.56135     0.00000    -0.35494
     0.00000     0.00000    -0.35692     0.00000    -0.22096     0.00000
     0.00000     0.00000     0.00000    -0.35494     0.00000    -0.21994

     The PAW descreened D coefficients (US)
     1.20711     0.83690     0.00000     0.00000     0.00000     0.00000
     0.83690     0.57972     0.00000     0.00000     0.00000     0.00000
     0.00000     0.00000     0.72616     0.00000     0.54862     0.00000
     0.00000     0.00000     0.00000     0.72289     0.00000     0.54631
     0.00000     0.00000     0.54862     0.00000     0.41295     0.00000
     0.00000     0.00000     0.00000     0.54631     0.00000     0.41133

     ------------------- End of pseudopotential generation -------------------

     --------------------------- All-electron run ----------------------------

     O                                                                          
     dirac relativistic calculation

     atomic number is  8.00
     dft = SLA  PW   PBX  PBC   lsd =0 sic =0 latt =0  beta=0.20 tr2=1.0E-14
     Exchange-correlation=  SLA  PW   PBX  PBC
                           (   1   4   3   4   0   0   0)
     mesh =1095 r(mesh) =  99.04343 a.u. xmin = -7.00 dx = 0.01250
     1 Ry =  13.60569312 eV, c = 137.03599908

     n l j   nl                  e(Ry)          e(Ha)          e(eV)
     Spin orbit split results
     1 0 0.5 1S 1( 2.00)       -37.8273       -18.9137      -514.6669
     2 0 0.5 2S 1( 2.00)        -1.7607        -0.8804       -23.9562
     2 1 0.5 2P 1( 2.00)        -0.6652        -0.3326        -9.0499
     2 1 1.5 2P 1( 2.00)        -0.6625        -0.3312        -9.0134
     Averaged results
     1 0     1S 1( 2.00)       -37.8273       -18.9137      -514.6669
     2 0     2S 1( 2.00)        -1.7607        -0.8804       -23.9562
     2 1     2P 1( 4.00)        -0.6634        -0.3317        -9.0255

     final scf error:  7.1E-15 reached in  23 iterations
 
     Etot =    -150.006111 Ry,     -75.003056 Ha,   -2040.937114 eV

     Ekin =     149.814409 Ry,      74.907204 Ha,    2038.328871 eV
     Encl =    -356.144404 Ry,    -178.072202 Ha,   -4845.591465 eV
     Eh   =      72.876088 Ry,      36.438044 Ha,     991.529693 eV
     Exc  =     -16.552204 Ry,      -8.276102 Ha,    -225.204213 eV


     normalization and overlap integrals

     s(1S/1S) =  1.000000  <r> =   0.1995  <r2> =    0.0538  r(max) =   0.1298
     s(1S/2S) =  0.000000
     s(2S/2S) =  1.000000  <r> =   1.1394  <r2> =    1.5807  r(max) =   0.8677
     s(2P/2P) =  1.000000  <r> =   1.2644  <r2> =    2.1333  r(max) =   0.8151
     s(2P/2P) =  1.000000  <r> =   1.2666  <r2> =    2.1409  r(max) =   0.8151

     ------------------------ End of All-electron run ------------------------


     ---------------------- Testing the pseudopotential ----------------------

     O                                                                          
     dirac relativistic calculation

     atomic number is  8.00   valence charge is  6.00
     dft = SLA  PW   PBX  PBC   lsd =0 sic =0 latt =0  beta=0.20 tr2=1.0E-14
     mesh =1095 r(mesh) =  99.04343 xmin = -7.00 dx = 0.01250

     n l  j  nl             e AE (Ry)       e PS (Ry)    De AE-PS (Ry) 
     1 0 0.5 2S   1( 2.00)       -1.76075       -1.76075        0.00000
     2 1 0.5 2P   1( 2.00)       -0.66515       -0.66515       -0.00000
     2 1 1.5 2P   1( 2.00)       -0.66247       -0.66247        0.00000

     eps = 3.6E-16  iter =  4
 
     Etot =    -150.006111 Ry,     -75.003056 Ha,   -2040.937114 eV
     Etotps =   -41.159259 Ry,     -20.579629 Ha,    -560.000245 eV

     Ekin =      33.216317 Ry,      16.608159 Ha,     451.931019 eV
     Encl =     -85.181579 Ry,     -42.590790 Ha,   -1158.954428 eV
     Ehrt =      27.358230 Ry,      13.679115 Ha,     372.227684 eV
     Ecxc =     -16.552227 Ry,      -8.276113 Ha,    -225.204520 eV
     (Ecc =      -0.241550 Ry,      -0.120775 Ha,      -3.286461 eV)

     ---------------------- End of pseudopotential test ----------------------

