[0] MPI startup(): I_MPI_SHM_LMT environment variable is not supported.
[0] MPI startup(): Similar variables:
	 I_MPI_SHM_HEAP
	 I_MPI_SHM
	 I_MPI_SHM_OPT
	 I_MPI_SHM_THP
[0] MPI startup(): To check the list of supported variables, use the impi_info utility or refer to https://software.intel.com/en-us/mpi-library/documentation/get-started.

     Program LD1 v.7.3.1 starts on 19Sep2024 at 21:49: 9 

     This program is part of the open-source Quantum ESPRESSO suite
     for quantum simulation of materials; please cite
         "P. Giannozzi et al., J. Phys.:Condens. Matter 21 395502 (2009);
         "P. Giannozzi et al., J. Phys.:Condens. Matter 29 465901 (2017);
         "P. Giannozzi et al., J. Chem. Phys. 152 154105 (2020);
          URL http://www.quantum-espresso.org", 
     in publications or presentations arising from this work. More details at
     http://www.quantum-espresso.org/quote

     Parallel version (MPI), running on     1 processors

     MPI processes distributed on     1 nodes
     89396 MiB available memory on the printing compute node when the environment starts
 
     Waiting for input...
     Reading input from standard input
     --------------------------- All-electron run ----------------------------

     Pb                                                                         
     dirac relativistic calculation

     atomic number is 82.00
     dft =PBE   lsd =0 sic =0 latt =0  beta=0.20 tr2=1.0E-14
     Exchange-correlation= PBE
                           (   1   4   3   4   0   0   0)
     mesh =1281 r(mesh) =  98.81810 a.u. xmin = -7.00 dx = 0.01250
     1 Ry =  13.60569312 eV, c = 137.03599908

     n l j   nl                  e(Ry)          e(Ha)          e(eV)
     Spin orbit split results
     1 0 0.5 1S 1( 2.00)     -6466.4384     -3233.2192    -87980.3768
     2 0 0.5 2S 1( 2.00)     -1155.4848      -577.7424    -15721.1714
     2 1 0.5 2P 1( 2.00)     -1109.4752      -554.7376    -15095.1785
     2 1 1.5 2P 1( 4.00)      -948.5166      -474.2583    -12905.2253
     3 0 0.5 3S 1( 2.00)      -277.2746      -138.6373     -3772.5130
     3 1 0.5 3P 1( 2.00)      -256.5492      -128.2746     -3490.5301
     3 1 1.5 3P 1( 4.00)      -220.6355      -110.3178     -3001.8991
     4 0 0.5 4S 1( 2.00)       -62.7095       -31.3548      -853.2068
     4 1 0.5 4P 1( 2.00)       -53.7447       -26.8724      -731.2344
     4 1 1.5 4P 1( 4.00)       -44.9541       -22.4770      -611.6311
     3 2 1.5 3D 1( 4.00)      -186.6438       -93.3219     -2539.4186
     3 2 2.5 3D 1( 6.00)      -179.0035       -89.5018     -2435.4671
     5 0 0.5 5S 1( 2.00)       -10.4833        -5.2416      -142.6319
     5 1 0.5 5P 1( 2.00)        -7.4277        -3.7138      -101.0590
     5 1 1.5 5P 1( 4.00)        -5.7856        -2.8928       -78.7166
     4 2 1.5 4D 1( 4.00)       -30.3733       -15.1866      -413.2493
     4 2 2.5 4D 1( 6.00)       -28.7331       -14.3665      -390.9333
     4 3 2.5 4F 1( 6.00)        -9.8606        -4.9303      -134.1606
     4 3 3.5 4F 1( 8.00)        -9.4909        -4.7454      -129.1301
     5 2 1.5 5D 1( 4.00)        -1.5894        -0.7947       -21.6246
     5 2 2.5 5D 1( 6.00)        -1.4002        -0.7001       -19.0506
     6 0 0.5 6S 1( 2.00)        -0.8257        -0.4129       -11.2348
     6 1 0.5 6P 1( 2.00)        -0.2934        -0.1467        -3.9913
     6 1 1.5 6P 1( 0.00)        -0.1927        -0.0963        -2.6217
     Averaged results
     1 0     1S 1( 2.00)     -6466.4384     -3233.2192    -87980.3768
     2 0     2S 1( 2.00)     -1155.4848      -577.7424    -15721.1714
     2 1     2P 1( 6.00)     -1002.1694      -501.0847    -13635.2097
     3 0     3S 1( 2.00)      -277.2746      -138.6373     -3772.5130
     3 1     3P 1( 6.00)      -232.6068      -116.3034     -3164.7761
     4 0     4S 1( 2.00)       -62.7095       -31.3548      -853.2068
     4 1     4P 1( 6.00)       -47.8843       -23.9421      -651.4989
     3 2     3D 1(10.00)      -182.0596       -91.0298     -2477.0477
     5 0     5S 1( 2.00)       -10.4833        -5.2416      -142.6319
     5 1     5P 1( 6.00)        -6.3329        -3.1665       -86.1641
     4 2     4D 1(10.00)       -29.3891       -14.6946      -399.8597
     4 3     4F 1(14.00)        -9.6493        -4.8247      -131.2860
     5 2     5D 1(10.00)        -1.4759        -0.7379       -20.0802
     6 0     6S 1( 2.00)        -0.8257        -0.4129       -11.2348
     6 1     6P 1( 2.00)        -0.2262        -0.1131        -3.0782

     final scf error:  6.6E-15 reached in  25 iterations
 
     Etot =  -41857.281688 Ry,  -20928.640844 Ha, -569497.329612 eV

     Ekin =   48743.251554 Ry,   24371.625777 Ha,  663185.722460 eV
     Encl = -105972.981610 Ry,  -52986.490805 Ha,-1441835.867115 eV
     Eh   =   16153.005382 Ry,    8076.502691 Ha,  219772.834244 eV
     Exc  =    -780.557014 Ry,    -390.278507 Ha,  -10620.019201 eV


     normalization and overlap integrals

     s(1S/1S) =  1.000000  <r> =   0.0160  <r2> =    0.0004  r(max) =   0.0099
     s(1S/2S) = -0.000000
     s(1S/3S) = -0.000000
     s(1S/4S) = -0.000000
     s(1S/5S) = -0.000000
     s(1S/6S) = -0.000000
     s(2S/2S) =  1.000000  <r> =   0.0669  <r2> =    0.0054  r(max) =   0.0575
     s(2S/3S) =  0.000000
     s(2S/4S) =  0.000000
     s(2S/5S) =  0.000000
     s(2S/6S) =  0.000000
     s(2P/2P) =  1.000000  <r> =   0.0549  <r2> =    0.0038  r(max) =   0.0426
     s(2P/3P) =  0.000000
     s(2P/4P) =  0.000000
     s(2P/5P) =  0.000000
     s(2P/6P) =  0.000000
     s(2P/2P) =  1.000000  <r> =   0.0638  <r2> =    0.0050  r(max) =   0.0495
     s(2P/3P) =  0.000000
     s(2P/4P) =  0.000000
     s(2P/5P) =  0.000000
     s(2P/6P) =  0.000000
     s(3S/3S) =  1.000000  <r> =   0.1739  <r2> =    0.0347  r(max) =   0.1622
     s(3S/4S) =  0.000000
     s(3S/5S) =  0.000000
     s(3S/6S) =  0.000000
     s(3P/3P) =  1.000000  <r> =   0.1644  <r2> =    0.0316  r(max) =   0.1504
     s(3P/4P) =  0.000000
     s(3P/5P) =  0.000000
     s(3P/6P) =  0.000000
     s(3P/3P) =  1.000000  <r> =   0.1807  <r2> =    0.0379  r(max) =   0.1663
     s(3P/4P) =  0.000000
     s(3P/5P) =  0.000000
     s(3P/6P) =  0.000000
     s(4S/4S) =  1.000000  <r> =   0.3840  <r2> =    0.1666  r(max) =   0.3609
     s(4S/5S) =  0.000000
     s(4S/6S) =  0.000000
     s(4P/4P) =  1.000000  <r> =   0.3853  <r2> =    0.1691  r(max) =   0.3609
     s(4P/5P) =  0.000000
     s(4P/6P) =  0.000000
     s(4P/4P) =  1.000000  <r> =   0.4198  <r2> =    0.2003  r(max) =   0.3939
     s(4P/5P) =  0.000000
     s(4P/6P) =  0.000000
     s(3D/3D) =  1.000000  <r> =   0.1570  <r2> =    0.0289  r(max) =   0.1295
     s(3D/4D) =  0.000000
     s(3D/5D) =  0.000000
     s(3D/3D) =  1.000000  <r> =   0.1619  <r2> =    0.0306  r(max) =   0.1328
     s(3D/4D) = -0.000000
     s(3D/5D) = -0.000000
     s(5S/5S) =  1.000000  <r> =   0.8543  <r2> =    0.8180  r(max) =   0.7932
     s(5S/6S) =  0.000000
     s(5P/5P) =  1.000000  <r> =   0.9130  <r2> =    0.9402  r(max) =   0.8235
     s(5P/6P) =  0.000000
     s(5P/5P) =  1.000000  <r> =   1.0050  <r2> =    1.1402  r(max) =   0.9101
     s(5P/6P) = -0.000000
     s(4D/4D) =  1.000000  <r> =   0.4246  <r2> =    0.2083  r(max) =   0.3842
     s(4D/5D) =  0.000000
     s(4D/4D) =  1.000000  <r> =   0.4356  <r2> =    0.2191  r(max) =   0.3939
     s(4D/5D) = -0.000000
     s(4F/4F) =  1.000000  <r> =   0.4508  <r2> =    0.2435  r(max) =   0.3476
     s(4F/4F) =  1.000000  <r> =   0.4571  <r2> =    0.2503  r(max) =   0.3520
     s(5D/5D) =  1.000000  <r> =   1.2807  <r2> =    1.9126  r(max) =   1.0574
     s(5D/5D) =  1.000000  <r> =   1.3309  <r2> =    2.0709  r(max) =   1.0841
     s(6S/6S) =  1.000000  <r> =   2.3345  <r2> =    6.2079  r(max) =   1.9754
     s(6P/6P) =  1.000000  <r> =   3.0939  <r2> =   11.2251  r(max) =   2.4128
     s(6P/6P) =  1.000000  <r> =   3.6552  <r2> =   15.7753  r(max) =   2.8033

     ------------------------ End of All-electron run ------------------------


     --------------------- Generating US pseudopotential ---------------------


      Generating local potential from pseudized AE potential:
      Matching radius rcloc =   2.2000

      Local pseudo, rcloc= 2.211 Estimated cut-off energy=     5.15 Ry

      Computing core charge for nlcc: 

       r > 1.41 : true rho core
      Core charge pseudized with two Bessel functions
      Integrated core pseudo-charge :  12.21

     Fully relativistic calculation: |psi|^2

     Wfc 6S LC norm =  0.99990275 SC norm =  0.00009544 missing  0.00000181

     Wfc 6P LC norm =  0.99994722 SC norm =  0.00005261 missing  0.00000017

     Wfc 6P LC norm =  0.99996344 SC norm =  0.00003264 missing  0.00000392

     Wfc 5D LC norm =  0.99967591 SC norm =  0.00032406 missing  0.00000003

     Wfc 5D LC norm =  0.99969813 SC norm =  0.00030153 missing  0.00000034
      Wfc-us  6S rcutus= 2.211  Estimated cut-off energy=     9.51 Ry
      Wfc-us  6S rcutus= 2.211  Estimated cut-off energy=    21.33 Ry
      Wfc-us  6P rcutus= 2.568  Estimated cut-off energy=    11.47 Ry
      Wfc-us  6P rcutus= 2.568  Estimated cut-off energy=    11.15 Ry
      Wfc-us  6P rcutus= 2.568  Estimated cut-off energy=    12.09 Ry
      Wfc-us  6P rcutus= 2.568  Estimated cut-off energy=    10.68 Ry
      Wfc-us  5D rcutus= 2.103  Estimated cut-off energy=    27.40 Ry
      Wfc-us  5D rcutus= 2.103  Estimated cut-off energy=    27.25 Ry
      Wfc-us  5D rcutus= 2.103  Estimated cut-off energy=    41.05 Ry
      Wfc-us  5D rcutus= 2.103  Estimated cut-off energy=    35.26 Ry

      The bmat matrix
     1.80629     1.71377     0.00000     0.00000     0.00000     0.00000
     0.00000     0.00000     0.00000     0.00000
     1.10669     1.20768     0.00000     0.00000     0.00000     0.00000
     0.00000     0.00000     0.00000     0.00000
     0.00000     0.00000     0.54957     0.00000     1.97346     0.00000
     0.00000     0.00000     0.00000     0.00000
     0.00000     0.00000     0.00000     0.34136     0.00000     1.72000
     0.00000     0.00000     0.00000     0.00000
     0.00000     0.00000     0.80464     0.00000     3.81202     0.00000
     0.00000     0.00000     0.00000     0.00000
     0.00000     0.00000     0.00000     0.76071     0.00000     5.11201
     0.00000     0.00000     0.00000     0.00000
     0.00000     0.00000     0.00000     0.00000     0.00000     0.00000
    -1.37045     0.00000    -1.00471     0.00000
     0.00000     0.00000     0.00000     0.00000     0.00000     0.00000
     0.00000    -1.32666     0.00000    -0.83603
     0.00000     0.00000     0.00000     0.00000     0.00000     0.00000
    -0.86817     0.00000    -0.75115     0.00000
     0.00000     0.00000     0.00000     0.00000     0.00000     0.00000
     0.00000    -0.73159     0.00000    -0.47721

      The bmat + epsilon qq matrix
     1.99233     1.19275     0.00000     0.00000     0.00000     0.00000
     0.00000     0.00000     0.00000     0.00000
     1.19274     1.09781     0.00000     0.00000     0.00000     0.00000
     0.00000     0.00000     0.00000     0.00000
     0.00000     0.00000     0.57474     0.00000     0.85518     0.00000
     0.00000     0.00000     0.00000     0.00000
     0.00000     0.00000     0.00000     0.34882     0.00000     0.78840
     0.00000     0.00000     0.00000     0.00000
     0.00000     0.00000     0.85511     0.00000     1.17721     0.00000
     0.00000     0.00000     0.00000     0.00000
     0.00000     0.00000     0.00000     0.78833     0.00000     1.58917
     0.00000     0.00000     0.00000     0.00000
     0.00000     0.00000     0.00000     0.00000     0.00000     0.00000
    -2.06654     0.00000    -1.18296     0.00000
     0.00000     0.00000     0.00000     0.00000     0.00000     0.00000
     0.00000    -1.87275     0.00000    -1.02394
     0.00000     0.00000     0.00000     0.00000     0.00000     0.00000
    -1.18296     0.00000    -0.81917     0.00000
     0.00000     0.00000     0.00000     0.00000     0.00000     0.00000
     0.00000    -1.02394     0.00000    -0.57728

      The qq matrix
    -0.22530    -0.10420     0.00000     0.00000     0.00000     0.00000
     0.00000     0.00000     0.00000     0.00000
    -0.10420    -0.02197     0.00000     0.00000     0.00000     0.00000
     0.00000     0.00000     0.00000     0.00000
     0.00000     0.00000    -0.08581     0.00000    -0.17204     0.00000
     0.00000     0.00000     0.00000     0.00000
     0.00000     0.00000     0.00000    -0.03872     0.00000    -0.14332
     0.00000     0.00000     0.00000     0.00000
     0.00000     0.00000    -0.17204     0.00000    -0.40535     0.00000
     0.00000     0.00000     0.00000     0.00000
     0.00000     0.00000     0.00000    -0.14332     0.00000    -0.54197
     0.00000     0.00000     0.00000     0.00000
     0.00000     0.00000     0.00000     0.00000     0.00000     0.00000
     0.43796     0.00000     0.19805     0.00000
     0.00000     0.00000     0.00000     0.00000     0.00000     0.00000
     0.00000     0.39001     0.00000     0.20879
     0.00000     0.00000     0.00000     0.00000     0.00000     0.00000
     0.19805     0.00000     0.07558     0.00000
     0.00000     0.00000     0.00000     0.00000     0.00000     0.00000
     0.00000     0.20879     0.00000     0.11120

     Q pseudized with Bessel functions
     Expected ecutrho=     165.8130 due to l1=  2   l2=  2

      The ddd matrix
     0.79774     0.86010     0.00000     0.00000     0.00000     0.00000
     0.00000     0.00000     0.00000     0.00000
     0.86010     0.89602     0.00000     0.00000     0.00000     0.00000
     0.00000     0.00000     0.00000     0.00000
     0.00000     0.00000     0.29593     0.00000     0.04911     0.00000
     0.00000     0.00000     0.00000     0.00000
     0.00000     0.00000     0.00000     0.29831     0.00000     0.23652
     0.00000     0.00000     0.00000     0.00000
     0.00000     0.00000     0.04911     0.00000    -1.08878     0.00000
     0.00000     0.00000     0.00000     0.00000
     0.00000     0.00000     0.00000     0.23652     0.00000    -1.16095
     0.00000     0.00000     0.00000     0.00000
     0.00000     0.00000     0.00000     0.00000     0.00000     0.00000
     0.80241     0.00000     0.16231     0.00000
     0.00000     0.00000     0.00000     0.00000     0.00000     0.00000
     0.00000     0.63671     0.00000     0.35623
     0.00000     0.00000     0.00000     0.00000     0.00000     0.00000
     0.16231     0.00000    -0.20364     0.00000
     0.00000     0.00000     0.00000     0.00000     0.00000     0.00000
     0.00000     0.35623     0.00000     0.17800

     ------------------- End of pseudopotential generation -------------------

     --------------------------- All-electron run ----------------------------

     Pb                                                                         
     dirac relativistic calculation

     atomic number is 82.00
     dft =PBE   lsd =0 sic =0 latt =0  beta=0.20 tr2=1.0E-14
     Exchange-correlation= PBE
                           (   1   4   3   4   0   0   0)
     mesh =1281 r(mesh) =  98.81810 a.u. xmin = -7.00 dx = 0.01250
     1 Ry =  13.60569312 eV, c = 137.03599908

     n l j   nl                  e(Ry)          e(Ha)          e(eV)
     Spin orbit split results
     1 0 0.5 1S 1( 2.00)     -6466.4384     -3233.2192    -87980.3768
     2 0 0.5 2S 1( 2.00)     -1155.4848      -577.7424    -15721.1714
     2 1 0.5 2P 1( 2.00)     -1109.4752      -554.7376    -15095.1785
     2 1 1.5 2P 1( 4.00)      -948.5166      -474.2583    -12905.2253
     3 0 0.5 3S 1( 2.00)      -277.2746      -138.6373     -3772.5130
     3 1 0.5 3P 1( 2.00)      -256.5492      -128.2746     -3490.5301
     3 1 1.5 3P 1( 4.00)      -220.6355      -110.3178     -3001.8991
     4 0 0.5 4S 1( 2.00)       -62.7095       -31.3548      -853.2068
     4 1 0.5 4P 1( 2.00)       -53.7447       -26.8724      -731.2344
     4 1 1.5 4P 1( 4.00)       -44.9541       -22.4770      -611.6311
     3 2 1.5 3D 1( 4.00)      -186.6438       -93.3219     -2539.4186
     3 2 2.5 3D 1( 6.00)      -179.0035       -89.5018     -2435.4671
     5 0 0.5 5S 1( 2.00)       -10.4833        -5.2416      -142.6319
     5 1 0.5 5P 1( 2.00)        -7.4277        -3.7138      -101.0590
     5 1 1.5 5P 1( 4.00)        -5.7856        -2.8928       -78.7166
     4 2 1.5 4D 1( 4.00)       -30.3733       -15.1866      -413.2493
     4 2 2.5 4D 1( 6.00)       -28.7331       -14.3665      -390.9333
     4 3 2.5 4F 1( 6.00)        -9.8606        -4.9303      -134.1606
     4 3 3.5 4F 1( 8.00)        -9.4909        -4.7454      -129.1301
     5 2 1.5 5D 1( 4.00)        -1.5894        -0.7947       -21.6246
     5 2 2.5 5D 1( 6.00)        -1.4002        -0.7001       -19.0506
     6 0 0.5 6S 1( 2.00)        -0.8257        -0.4129       -11.2348
     6 1 0.5 6P 1( 2.00)        -0.2934        -0.1467        -3.9913
     6 1 1.5 6P 1( 0.00)        -0.1927        -0.0963        -2.6217
     Averaged results
     1 0     1S 1( 2.00)     -6466.4384     -3233.2192    -87980.3768
     2 0     2S 1( 2.00)     -1155.4848      -577.7424    -15721.1714
     2 1     2P 1( 6.00)     -1002.1694      -501.0847    -13635.2097
     3 0     3S 1( 2.00)      -277.2746      -138.6373     -3772.5130
     3 1     3P 1( 6.00)      -232.6068      -116.3034     -3164.7761
     4 0     4S 1( 2.00)       -62.7095       -31.3548      -853.2068
     4 1     4P 1( 6.00)       -47.8843       -23.9421      -651.4989
     3 2     3D 1(10.00)      -182.0596       -91.0298     -2477.0477
     5 0     5S 1( 2.00)       -10.4833        -5.2416      -142.6319
     5 1     5P 1( 6.00)        -6.3329        -3.1665       -86.1641
     4 2     4D 1(10.00)       -29.3891       -14.6946      -399.8597
     4 3     4F 1(14.00)        -9.6493        -4.8247      -131.2860
     5 2     5D 1(10.00)        -1.4759        -0.7379       -20.0802
     6 0     6S 1( 2.00)        -0.8257        -0.4129       -11.2348
     6 1     6P 1( 2.00)        -0.2262        -0.1131        -3.0782

     final scf error:  6.6E-15 reached in  25 iterations
 
     Etot =  -41857.281688 Ry,  -20928.640844 Ha, -569497.329612 eV

     Ekin =   48743.251554 Ry,   24371.625777 Ha,  663185.722460 eV
     Encl = -105972.981610 Ry,  -52986.490805 Ha,-1441835.867115 eV
     Eh   =   16153.005382 Ry,    8076.502691 Ha,  219772.834244 eV
     Exc  =    -780.557014 Ry,    -390.278507 Ha,  -10620.019201 eV


     normalization and overlap integrals

     s(1S/1S) =  1.000000  <r> =   0.0160  <r2> =    0.0004  r(max) =   0.0099
     s(1S/2S) = -0.000000
     s(1S/3S) = -0.000000
     s(1S/4S) = -0.000000
     s(1S/5S) = -0.000000
     s(1S/6S) = -0.000000
     s(2S/2S) =  1.000000  <r> =   0.0669  <r2> =    0.0054  r(max) =   0.0575
     s(2S/3S) =  0.000000
     s(2S/4S) =  0.000000
     s(2S/5S) =  0.000000
     s(2S/6S) =  0.000000
     s(2P/2P) =  1.000000  <r> =   0.0549  <r2> =    0.0038  r(max) =   0.0426
     s(2P/3P) =  0.000000
     s(2P/4P) =  0.000000
     s(2P/5P) =  0.000000
     s(2P/6P) =  0.000000
     s(2P/2P) =  1.000000  <r> =   0.0638  <r2> =    0.0050  r(max) =   0.0495
     s(2P/3P) =  0.000000
     s(2P/4P) =  0.000000
     s(2P/5P) =  0.000000
     s(2P/6P) =  0.000000
     s(3S/3S) =  1.000000  <r> =   0.1739  <r2> =    0.0347  r(max) =   0.1622
     s(3S/4S) =  0.000000
     s(3S/5S) =  0.000000
     s(3S/6S) =  0.000000
     s(3P/3P) =  1.000000  <r> =   0.1644  <r2> =    0.0316  r(max) =   0.1504
     s(3P/4P) =  0.000000
     s(3P/5P) =  0.000000
     s(3P/6P) =  0.000000
     s(3P/3P) =  1.000000  <r> =   0.1807  <r2> =    0.0379  r(max) =   0.1663
     s(3P/4P) =  0.000000
     s(3P/5P) =  0.000000
     s(3P/6P) =  0.000000
     s(4S/4S) =  1.000000  <r> =   0.3840  <r2> =    0.1666  r(max) =   0.3609
     s(4S/5S) =  0.000000
     s(4S/6S) =  0.000000
     s(4P/4P) =  1.000000  <r> =   0.3853  <r2> =    0.1691  r(max) =   0.3609
     s(4P/5P) =  0.000000
     s(4P/6P) =  0.000000
     s(4P/4P) =  1.000000  <r> =   0.4198  <r2> =    0.2003  r(max) =   0.3939
     s(4P/5P) =  0.000000
     s(4P/6P) =  0.000000
     s(3D/3D) =  1.000000  <r> =   0.1570  <r2> =    0.0289  r(max) =   0.1295
     s(3D/4D) =  0.000000
     s(3D/5D) =  0.000000
     s(3D/3D) =  1.000000  <r> =   0.1619  <r2> =    0.0306  r(max) =   0.1328
     s(3D/4D) = -0.000000
     s(3D/5D) = -0.000000
     s(5S/5S) =  1.000000  <r> =   0.8543  <r2> =    0.8180  r(max) =   0.7932
     s(5S/6S) =  0.000000
     s(5P/5P) =  1.000000  <r> =   0.9130  <r2> =    0.9402  r(max) =   0.8235
     s(5P/6P) =  0.000000
     s(5P/5P) =  1.000000  <r> =   1.0050  <r2> =    1.1402  r(max) =   0.9101
     s(5P/6P) = -0.000000
     s(4D/4D) =  1.000000  <r> =   0.4246  <r2> =    0.2083  r(max) =   0.3842
     s(4D/5D) =  0.000000
     s(4D/4D) =  1.000000  <r> =   0.4356  <r2> =    0.2191  r(max) =   0.3939
     s(4D/5D) = -0.000000
     s(4F/4F) =  1.000000  <r> =   0.4508  <r2> =    0.2435  r(max) =   0.3476
     s(4F/4F) =  1.000000  <r> =   0.4571  <r2> =    0.2503  r(max) =   0.3520
     s(5D/5D) =  1.000000  <r> =   1.2807  <r2> =    1.9126  r(max) =   1.0574
     s(5D/5D) =  1.000000  <r> =   1.3309  <r2> =    2.0709  r(max) =   1.0841
     s(6S/6S) =  1.000000  <r> =   2.3345  <r2> =    6.2079  r(max) =   1.9754
     s(6P/6P) =  1.000000  <r> =   3.0939  <r2> =   11.2251  r(max) =   2.4128
     s(6P/6P) =  1.000000  <r> =   3.6552  <r2> =   15.7753  r(max) =   2.8033

     ------------------------ End of All-electron run ------------------------


     ---------------------- Testing the pseudopotential ----------------------

     Pb                                                                         
     dirac relativistic calculation

     atomic number is 82.00   valence charge is 14.00
     dft =PBE   lsd =0 sic =0 latt =0  beta=0.20 tr2=1.0E-14
     mesh =1281 r(mesh) =  98.81810 xmin = -7.00 dx = 0.01250

     n l  j  nl             e AE (Ry)       e PS (Ry)    De AE-PS (Ry) 
     1 0 0.5 6S   1( 2.00)       -0.82574       -0.82575        0.00000
     2 1 0.5 6P   1( 2.00)       -0.29335       -0.29335       -0.00000
     2 1 1.5 6P   1( 0.00)       -0.19269       -0.19269        0.00000
     3 2 1.5 5D   1( 4.00)       -1.58938       -1.58938       -0.00000
     3 2 2.5 5D   1( 6.00)       -1.40019       -1.40019        0.00000

     eps = 3.3E-17  iter =  4
 
     Etot =  -41857.281688 Ry,  -20928.640844 Ha, -569497.329612 eV
     Etotps =  -145.185421 Ry,     -72.592711 Ha,   -1975.348291 eV

     Ekin =      30.837078 Ry,      15.418539 Ha,     419.559819 eV
     Encl =    -249.007989 Ry,    -124.503995 Ha,   -3387.926289 eV
     Ehrt =     107.506741 Ry,      53.753371 Ha,    1462.703730 eV
     Ecxc =     -43.738502 Ry,     -21.869251 Ha,    -595.092635 eV
     (Ecc =     -23.316533 Ry,     -11.658266 Ha,    -317.237590 eV)
     Epseu=       9.217251 Ry,       4.608625 Ha,     125.407084 eV

     ---------------------- End of pseudopotential test ----------------------

