[0] MPI startup(): I_MPI_SHM_LMT environment variable is not supported.
[0] MPI startup(): Similar variables:
	 I_MPI_SHM_HEAP
	 I_MPI_SHM
	 I_MPI_SHM_OPT
	 I_MPI_SHM_THP
[0] MPI startup(): To check the list of supported variables, use the impi_info utility or refer to https://software.intel.com/en-us/mpi-library/documentation/get-started.

     Program LD1 v.7.3.1 starts on 19Sep2024 at 21:49:10 

     This program is part of the open-source Quantum ESPRESSO suite
     for quantum simulation of materials; please cite
         "P. Giannozzi et al., J. Phys.:Condens. Matter 21 395502 (2009);
         "P. Giannozzi et al., J. Phys.:Condens. Matter 29 465901 (2017);
         "P. Giannozzi et al., J. Chem. Phys. 152 154105 (2020);
          URL http://www.quantum-espresso.org", 
     in publications or presentations arising from this work. More details at
     http://www.quantum-espresso.org/quote

     Parallel version (MPI), running on     1 processors

     MPI processes distributed on     1 nodes
     89395 MiB available memory on the printing compute node when the environment starts
 
     Waiting for input...
     Reading input from standard input
     --------------------------- All-electron run ----------------------------

     Pd                                                                         
     dirac relativistic calculation

     atomic number is 46.00
     dft =PBE   lsd =0 sic =0 latt =0  beta=0.20 tr2=1.0E-14
     Exchange-correlation= PBE
                           (   1   4   3   4   0   0   0)
     mesh =1235 r(mesh) =  99.12271 a.u. xmin = -7.00 dx = 0.01250
     1 Ry =  13.60569312 eV, c = 137.03599908

     n l j   nl                  e(Ry)          e(Ha)          e(eV)
     Spin orbit split results
     1 0 0.5 1S 1( 2.00)     -1775.1928      -887.5964    -24152.7283
     2 0 0.5 2S 1( 2.00)      -259.1120      -129.5560     -3525.3990
     2 1 0.5 2P 1( 2.00)      -240.3348      -120.1674     -3269.9221
     2 1 1.5 2P 1( 4.00)      -228.6189      -114.3094     -3110.5184
     3 0 0.5 3S 1( 2.00)       -46.7146       -23.3573      -635.5840
     3 1 0.5 3P 1( 2.00)       -39.3048       -19.6524      -534.7684
     3 1 1.5 3P 1( 4.00)       -37.2627       -18.6314      -506.9851
     4 0 0.5 4S 1( 2.00)        -6.2683        -3.1341       -85.2839
     4 1 0.5 4P 1( 2.00)        -3.9854        -1.9927       -54.2238
     4 1 1.5 4P 1( 4.00)        -3.6601        -1.8300       -49.7979
     3 2 1.5 3D 1( 4.00)       -24.1469       -12.0735      -328.5355
     3 2 2.5 3D 1( 6.00)       -23.7398       -11.8699      -322.9962
     4 2 1.5 4D 1( 4.00)        -0.3172        -0.1586        -4.3161
     4 2 2.5 4D 1( 6.00)        -0.2853        -0.1426        -3.8812
     5 0 0.5 5S 1( 0.00)        -0.2443        -0.1222        -3.3242
     5 1 0.5 5P 1( 0.00)        -0.0267        -0.0133        -0.3630
     5 1 1.5 5P 1( 0.00)        -0.0217        -0.0108        -0.2947
     Averaged results
     1 0     1S 1( 2.00)     -1775.1928      -887.5964    -24152.7283
     2 0     2S 1( 2.00)      -259.1120      -129.5560     -3525.3990
     2 1     2P 1( 6.00)      -232.5242      -116.2621     -3163.6530
     3 0     3S 1( 2.00)       -46.7146       -23.3573      -635.5840
     3 1     3P 1( 6.00)       -37.9434       -18.9717      -516.2462
     4 0     4S 1( 2.00)        -6.2683        -3.1341       -85.2839
     4 1     4P 1( 6.00)        -3.7685        -1.8843       -51.2732
     3 2     3D 1(10.00)       -23.9026       -11.9513      -325.2119
     4 2     4D 1(10.00)        -0.2980        -0.1490        -4.0552
     5 0     5S 1( 0.00)        -0.2443        -0.1222        -3.3242
     5 1     5P 1( 0.00)        -0.0233        -0.0117        -0.3175

     final scf error:  7.5E-15 reached in  31 iterations
 
     Etot =  -10093.888029 Ry,   -5046.944015 Ha, -137334.342941 eV

     Ekin =   10543.237696 Ry,    5271.618848 Ha,  143448.056608 eV
     Encl =  -24468.280278 Ry,  -12234.140139 Ha, -332907.912709 eV
     Eh   =    4119.644726 Ry,    2059.822363 Ha,   56050.621913 eV
     Exc  =    -288.490172 Ry,    -144.245086 Ha,   -3925.108752 eV


     normalization and overlap integrals

     s(1S/1S) =  1.000000  <r> =   0.0319  <r2> =    0.0014  r(max) =   0.0207
     s(1S/2S) =  0.000000
     s(1S/3S) = -0.000000
     s(1S/4S) =  0.000000
     s(1S/5S) =  0.000000
     s(2S/2S) =  1.000000  <r> =   0.1380  <r2> =    0.0225  r(max) =   0.1175
     s(2S/3S) =  0.000000
     s(2S/4S) =  0.000000
     s(2S/5S) =  0.000000
     s(2P/2P) =  1.000000  <r> =   0.1171  <r2> =    0.0169  r(max) =   0.0904
     s(2P/3P) =  0.000000
     s(2P/4P) =  0.000000
     s(2P/5P) =  0.000000
     s(2P/2P) =  1.000000  <r> =   0.1221  <r2> =    0.0182  r(max) =   0.0950
     s(2P/3P) =  0.000000
     s(2P/4P) =  0.000000
     s(2P/5P) =  0.000000
     s(3S/3S) =  1.000000  <r> =   0.3790  <r2> =    0.1645  r(max) =   0.3401
     s(3S/4S) =  0.000000
     s(3S/5S) =  0.000000
     s(3P/3P) =  1.000000  <r> =   0.3712  <r2> =    0.1603  r(max) =   0.3275
     s(3P/4P) =  0.000000
     s(3P/5P) =  0.000000
     s(3P/3P) =  1.000000  <r> =   0.3820  <r2> =    0.1696  r(max) =   0.3401
     s(3P/4P) =  0.000000
     s(3P/5P) =  0.000000
     s(4S/4S) =  1.000000  <r> =   0.9470  <r2> =    1.0175  r(max) =   0.8469
     s(4S/5S) =  0.000000
     s(4P/4P) =  1.000000  <r> =   1.0227  <r2> =    1.2015  r(max) =   0.8903
     s(4P/5P) =  0.000000
     s(4P/4P) =  1.000000  <r> =   1.0550  <r2> =    1.2793  r(max) =   0.9244
     s(4P/5P) = -0.000000
     s(3D/3D) =  1.000000  <r> =   0.3556  <r2> =    0.1510  r(max) =   0.2819
     s(3D/4D) = -0.000000
     s(3D/3D) =  1.000000  <r> =   0.3591  <r2> =    0.1538  r(max) =   0.2819
     s(3D/4D) = -0.000000
     s(4D/4D) =  1.000000  <r> =   1.5688  <r2> =    3.1564  r(max) =   1.0875
     s(4D/4D) =  1.000000  <r> =   1.6058  <r2> =    3.3282  r(max) =   1.1012
     s(5S/5S) =  1.000000  <r> =   3.4552  <r2> =   14.0371  r(max) =   2.6748
     s(5P/5P) =  1.000000  <r> =   6.1631  <r2> =   47.8710  r(max) =   4.3551
     s(5P/5P) =  1.000000  <r> =   6.5304  <r2> =   54.0863  r(max) =   4.5784

     ------------------------ End of All-electron run ------------------------


     --------------------- Generating PAW atomic setup --------------------


      Generating local potential from pseudized AE potential:
      Matching radius rcloc =   2.1000

      Local pseudo, rcloc= 2.109 Estimated cut-off energy=     5.69 Ry

      Computing core charge for nlcc: 

       r > 0.86 : true rho core
       r < 0.86 : rho core = a sin(br)/r    a=  15.99  b=   2.52

      Integrated core pseudo-charge :  10.53

     Fully relativistic calculation: |psi|^2

     Wfc 5S LC norm =  0.99997045 SC norm =  0.00002762 missing  0.00000193
     Speed at rcutus      0.497 a.u.,  v/c =  0.003625,  (v/c)^2 =  0.00001314

     Wfc 5P LC norm =  0.99999160 SC norm =  0.00000804 missing  0.00000036
     Speed at rcutus      0.268 a.u.,  v/c =  0.001957,  (v/c)^2 =  0.00000383

     Wfc 5P LC norm =  0.99999259 SC norm =  0.00000548 missing  0.00000193
     Speed at rcutus      0.247 a.u.,  v/c =  0.001802,  (v/c)^2 =  0.00000325

     Wfc 4D LC norm =  0.99982613 SC norm =  0.00017386 missing  0.00000001
     Speed at rcutus      0.674 a.u.,  v/c =  0.004916,  (v/c)^2 =  0.00002417

     Wfc 4D LC norm =  0.99983195 SC norm =  0.00016673 missing  0.00000131
     Speed at rcutus      0.688 a.u.,  v/c =  0.005017,  (v/c)^2 =  0.00002518
      Wfc-us  5S rcutus= 2.274  Estimated cut-off energy=    23.42 Ry
      Wfc-us  5S rcutus= 2.274  Estimated cut-off energy=    18.35 Ry
      Wfc-us  5P rcutus= 2.576  Estimated cut-off energy=    10.59 Ry
      Wfc-us  5P rcutus= 2.576  Estimated cut-off energy=    10.50 Ry
      Wfc-us  5P rcutus= 2.576  Estimated cut-off energy=    24.31 Ry
      Wfc-us  5P rcutus= 2.576  Estimated cut-off energy=    23.90 Ry
      Wfc-us  4D rcutus= 1.909  Estimated cut-off energy=    31.91 Ry
      Wfc-us  4D rcutus= 1.909  Estimated cut-off energy=    31.85 Ry
      Wfc-us  4D rcutus= 1.909  Estimated cut-off energy=    28.11 Ry
      Wfc-us  4D rcutus= 1.909  Estimated cut-off energy=    27.99 Ry

      The bmat matrix
     0.73529    -1.53918     0.00000     0.00000     0.00000     0.00000
     0.00000     0.00000     0.00000     0.00000
    -0.72653     0.86689     0.00000     0.00000     0.00000     0.00000
     0.00000     0.00000     0.00000     0.00000
     0.00000     0.00000     0.05565     0.00000     0.12914     0.00000
     0.00000     0.00000     0.00000     0.00000
     0.00000     0.00000     0.00000     0.04344     0.00000     0.11059
     0.00000     0.00000     0.00000     0.00000
     0.00000     0.00000     0.12631     0.00000     0.60029     0.00000
     0.00000     0.00000     0.00000     0.00000
     0.00000     0.00000     0.00000     0.11744     0.00000     0.59553
     0.00000     0.00000     0.00000     0.00000
     0.00000     0.00000     0.00000     0.00000     0.00000     0.00000
    -1.22596     0.00000    -1.08372     0.00000
     0.00000     0.00000     0.00000     0.00000     0.00000     0.00000
     0.00000    -1.18872     0.00000    -1.07629
     0.00000     0.00000     0.00000     0.00000     0.00000     0.00000
    -0.06933     0.00000     0.02724     0.00000
     0.00000     0.00000     0.00000     0.00000     0.00000     0.00000
     0.00000    -0.09007     0.00000     0.00873

      The bmat + epsilon qq matrix
     0.87665    -0.76110     0.00000     0.00000     0.00000     0.00000
     0.00000     0.00000     0.00000     0.00000
    -0.76109     0.81488     0.00000     0.00000     0.00000     0.00000
     0.00000     0.00000     0.00000     0.00000
     0.00000     0.00000     0.05570     0.00000     0.12633     0.00000
     0.00000     0.00000     0.00000     0.00000
     0.00000     0.00000     0.00000     0.04344     0.00000     0.11744
     0.00000     0.00000     0.00000     0.00000
     0.00000     0.00000     0.12632     0.00000     0.89941     0.00000
     0.00000     0.00000     0.00000     0.00000
     0.00000     0.00000     0.00000     0.11741     0.00000     0.89594
     0.00000     0.00000     0.00000     0.00000
     0.00000     0.00000     0.00000     0.00000     0.00000     0.00000
    -1.29971     0.00000    -0.13903     0.00000
     0.00000     0.00000     0.00000     0.00000     0.00000     0.00000
     0.00000    -1.25143     0.00000    -0.15140
     0.00000     0.00000     0.00000     0.00000     0.00000     0.00000
    -0.13902     0.00000     0.65319     0.00000
     0.00000     0.00000     0.00000     0.00000     0.00000     0.00000
     0.00000    -0.15143     0.00000     0.64430

      The qq matrix
    -0.57858     0.14147     0.00000     0.00000     0.00000     0.00000
     0.00000     0.00000     0.00000     0.00000
     0.14147    -0.00946     0.00000     0.00000     0.00000     0.00000
     0.00000     0.00000     0.00000     0.00000
     0.00000     0.00000    -0.00202     0.00000    -0.00044     0.00000
     0.00000     0.00000     0.00000     0.00000
     0.00000     0.00000     0.00000     0.00010     0.00000     0.00109
     0.00000     0.00000     0.00000     0.00000
     0.00000     0.00000    -0.00044     0.00000     0.04748     0.00000
     0.00000     0.00000     0.00000     0.00000
     0.00000     0.00000     0.00000     0.00109     0.00000     0.04768
     0.00000     0.00000     0.00000     0.00000
     0.00000     0.00000     0.00000     0.00000     0.00000     0.00000
     0.23248     0.00000     0.21970     0.00000
     0.00000     0.00000     0.00000     0.00000     0.00000     0.00000
     0.00000     0.21983     0.00000     0.21509
     0.00000     0.00000     0.00000     0.00000     0.00000     0.00000
     0.21970     0.00000     0.14557     0.00000
     0.00000     0.00000     0.00000     0.00000     0.00000     0.00000
     0.00000     0.21509     0.00000     0.14781


    multipoles (all-electron charge) - (pseudo charge)
        ns l1:ns1 l2    l=0     l=1     l=2     l=3     l=4     l=5  
         1  0:  1  0 -0.5786
         2  0:  1  0  0.1415
         2  0:  2  0 -0.0094
         3  1:  1  0  0.0000 -0.0304
         3  1:  2  0  0.0000  0.0300
         3  1:  3  1 -0.0020  0.0000 -0.0180
         4  1:  1  0  0.0000 -0.0228
         4  1:  2  0  0.0000  0.0270
         4  1:  3  1 -0.0009  0.0000 -0.0152
         4  1:  4  1  0.0001  0.0000 -0.0126
         5  1:  1  0  0.0000 -0.1629
         5  1:  2  0  0.0000  0.0004
         5  1:  3  1 -0.0004  0.0000 -0.0220
         5  1:  4  1 -0.0001  0.0000 -0.0209
         5  1:  5  1  0.0475  0.0000  0.0399
         6  1:  1  0  0.0000 -0.1519
         6  1:  2  0  0.0000  0.0045
         6  1:  3  1  0.0006  0.0000 -0.0231
         6  1:  4  1  0.0011  0.0000 -0.0217
         6  1:  5  1  0.0473  0.0000  0.0364
         6  1:  6  1  0.0477  0.0000  0.0330
         7  2:  1  0  0.0000  0.0000 -0.2793
         7  2:  2  0  0.0000  0.0000  0.1326
         7  2:  3  1  0.0000 -0.0994  0.0000 -0.1473
         7  2:  4  1  0.0000 -0.0936  0.0000 -0.1400
         7  2:  5  1  0.0000 -0.0985  0.0000 -0.0145
         7  2:  6  1  0.0000 -0.1151  0.0000 -0.0454
         7  2:  7  2  0.2325  0.0000  0.1909  0.0000  0.2130
         8  2:  1  0  0.0000  0.0000 -0.2786
         8  2:  2  0  0.0000  0.0000  0.1314
         8  2:  3  1  0.0000 -0.0984  0.0000 -0.1468
         8  2:  4  1  0.0000 -0.0927  0.0000 -0.1394
         8  2:  5  1  0.0000 -0.0965  0.0000 -0.0130
         8  2:  6  1  0.0000 -0.1129  0.0000 -0.0438
         8  2:  7  2  0.2258  0.0000  0.1858  0.0000  0.2076
         8  2:  8  2  0.2198  0.0000  0.1810  0.0000  0.2030
         9  2:  1  0  0.0000  0.0000  0.0084
         9  2:  2  0  0.0000  0.0000  0.0117
         9  2:  3  1  0.0000 -0.0145  0.0000  0.0226
         9  2:  4  1  0.0000 -0.0144  0.0000  0.0199
         9  2:  5  1  0.0000 -0.0679  0.0000 -0.0806
         9  2:  6  1  0.0000 -0.0702  0.0000 -0.0772
         9  2:  7  2  0.2197  0.0000  0.1834  0.0000  0.2082
         9  2:  8  2  0.2148  0.0000  0.1802  0.0000  0.2054
         9  2:  9  2  0.1456  0.0000  0.0916  0.0000  0.0690
        10  2:  1  0  0.0000  0.0000  0.0028
        10  2:  2  0  0.0000  0.0000  0.0138
        10  2:  3  1  0.0000 -0.0158  0.0000  0.0206
        10  2:  4  1  0.0000 -0.0157  0.0000  0.0179
        10  2:  5  1  0.0000 -0.0690  0.0000 -0.0815
        10  2:  6  1  0.0000 -0.0715  0.0000 -0.0786
        10  2:  7  2  0.2196  0.0000  0.1839  0.0000  0.2093
        10  2:  8  2  0.2151  0.0000  0.1807  0.0000  0.2061
        10  2:  9  2  0.1466  0.0000  0.0932  0.0000  0.0713
        10  2: 10  2  0.1478  0.0000  0.0950  0.0000  0.0743
     Required augmentation: PSQ   radius:    0.850000

     Q pseudized with Bessel functions
     Expected ecutrho=     496.3615 due to l1=  2   l2=  2

     Estimated PAW energy = -331.514724 Ryd

     The PAW screened D coefficients
     0.87665    -0.76109     0.00000     0.00000     0.00000     0.00000
     0.00000     0.00000     0.00000     0.00000
    -0.76109     0.81493     0.00000     0.00000     0.00000     0.00000
     0.00000     0.00000     0.00000     0.00000
     0.00000     0.00000     0.05570     0.00000     0.12632     0.00000
     0.00000     0.00000     0.00000     0.00000
     0.00000     0.00000     0.00000     0.04344     0.00000     0.11741
     0.00000     0.00000     0.00000     0.00000
     0.00000     0.00000     0.12632     0.00000     0.89943     0.00000
     0.00000     0.00000     0.00000     0.00000
     0.00000     0.00000     0.00000     0.11741     0.00000     0.89598
     0.00000     0.00000     0.00000     0.00000
     0.00000     0.00000     0.00000     0.00000     0.00000     0.00000
    -1.29971     0.00000    -0.13902     0.00000
     0.00000     0.00000     0.00000     0.00000     0.00000     0.00000
     0.00000    -1.25143     0.00000    -0.15143
     0.00000     0.00000     0.00000     0.00000     0.00000     0.00000
    -0.13902     0.00000     0.65326     0.00000
     0.00000     0.00000     0.00000     0.00000     0.00000     0.00000
     0.00000    -0.15143     0.00000     0.64442

     The PAW descreened D coefficients (US)
    -3.19091    -0.08159     0.00000     0.00000     0.00000     0.00000
     0.00000     0.00000     0.00000     0.00000
    -0.08159     0.97164     0.00000     0.00000     0.00000     0.00000
     0.00000     0.00000     0.00000     0.00000
     0.00000     0.00000     0.08020     0.00000     0.19636     0.00000
     0.00000     0.00000     0.00000     0.00000
     0.00000     0.00000     0.00000     0.07261     0.00000     0.19539
     0.00000     0.00000     0.00000     0.00000
     0.00000     0.00000     0.19636     0.00000     1.26663     0.00000
     0.00000     0.00000     0.00000     0.00000
     0.00000     0.00000     0.00000     0.19539     0.00000     1.28344
     0.00000     0.00000     0.00000     0.00000
     0.00000     0.00000     0.00000     0.00000     0.00000     0.00000
     0.24112     0.00000     1.28408     0.00000
     0.00000     0.00000     0.00000     0.00000     0.00000     0.00000
     0.00000     0.20791     0.00000     1.23973
     0.00000     0.00000     0.00000     0.00000     0.00000     0.00000
     1.28408     0.00000     1.68272     0.00000
     0.00000     0.00000     0.00000     0.00000     0.00000     0.00000
     0.00000     1.23973     0.00000     1.68423

     ------------------- End of pseudopotential generation -------------------

     --------------------------- All-electron run ----------------------------

     Pd                                                                         
     dirac relativistic calculation

     atomic number is 46.00
     dft = SLA  PW   PBX  PBC   lsd =0 sic =0 latt =0  beta=0.20 tr2=1.0E-14
     Exchange-correlation=  SLA  PW   PBX  PBC
                           (   1   4   3   4   0   0   0)
     mesh =1235 r(mesh) =  99.12271 a.u. xmin = -7.00 dx = 0.01250
     1 Ry =  13.60569312 eV, c = 137.03599908

     n l j   nl                  e(Ry)          e(Ha)          e(eV)
     Spin orbit split results
     1 0 0.5 1S 1( 2.00)     -1775.1928      -887.5964    -24152.7283
     2 0 0.5 2S 1( 2.00)      -259.1120      -129.5560     -3525.3990
     2 1 0.5 2P 1( 2.00)      -240.3348      -120.1674     -3269.9221
     2 1 1.5 2P 1( 4.00)      -228.6189      -114.3094     -3110.5184
     3 0 0.5 3S 1( 2.00)       -46.7146       -23.3573      -635.5840
     3 1 0.5 3P 1( 2.00)       -39.3048       -19.6524      -534.7684
     3 1 1.5 3P 1( 4.00)       -37.2627       -18.6314      -506.9851
     4 0 0.5 4S 1( 2.00)        -6.2683        -3.1341       -85.2839
     4 1 0.5 4P 1( 2.00)        -3.9854        -1.9927       -54.2238
     4 1 1.5 4P 1( 4.00)        -3.6601        -1.8300       -49.7979
     3 2 1.5 3D 1( 4.00)       -24.1469       -12.0735      -328.5355
     3 2 2.5 3D 1( 6.00)       -23.7398       -11.8699      -322.9962
     4 2 1.5 4D 1( 4.00)        -0.3172        -0.1586        -4.3161
     4 2 2.5 4D 1( 6.00)        -0.2853        -0.1426        -3.8812
     5 0 0.5 5S 1( 0.00)        -0.2443        -0.1222        -3.3242
     5 1 0.5 5P 1( 0.00)        -0.0267        -0.0133        -0.3630
     5 1 1.5 5P 1( 0.00)        -0.0217        -0.0108        -0.2947
     Averaged results
     1 0     1S 1( 2.00)     -1775.1928      -887.5964    -24152.7283
     2 0     2S 1( 2.00)      -259.1120      -129.5560     -3525.3990
     2 1     2P 1( 6.00)      -232.5242      -116.2621     -3163.6530
     3 0     3S 1( 2.00)       -46.7146       -23.3573      -635.5840
     3 1     3P 1( 6.00)       -37.9434       -18.9717      -516.2462
     4 0     4S 1( 2.00)        -6.2683        -3.1341       -85.2839
     4 1     4P 1( 6.00)        -3.7685        -1.8843       -51.2732
     3 2     3D 1(10.00)       -23.9026       -11.9513      -325.2119
     4 2     4D 1(10.00)        -0.2980        -0.1490        -4.0552
     5 0     5S 1( 0.00)        -0.2443        -0.1222        -3.3242
     5 1     5P 1( 0.00)        -0.0233        -0.0117        -0.3175

     final scf error:  7.5E-15 reached in  31 iterations
 
     Etot =  -10093.888029 Ry,   -5046.944015 Ha, -137334.342941 eV

     Ekin =   10543.237696 Ry,    5271.618848 Ha,  143448.056608 eV
     Encl =  -24468.280278 Ry,  -12234.140139 Ha, -332907.912709 eV
     Eh   =    4119.644726 Ry,    2059.822363 Ha,   56050.621913 eV
     Exc  =    -288.490172 Ry,    -144.245086 Ha,   -3925.108752 eV


     normalization and overlap integrals

     s(1S/1S) =  1.000000  <r> =   0.0319  <r2> =    0.0014  r(max) =   0.0207
     s(1S/2S) =  0.000000
     s(1S/3S) = -0.000000
     s(1S/4S) =  0.000000
     s(1S/5S) =  0.000000
     s(2S/2S) =  1.000000  <r> =   0.1380  <r2> =    0.0225  r(max) =   0.1175
     s(2S/3S) =  0.000000
     s(2S/4S) =  0.000000
     s(2S/5S) =  0.000000
     s(2P/2P) =  1.000000  <r> =   0.1171  <r2> =    0.0169  r(max) =   0.0904
     s(2P/3P) =  0.000000
     s(2P/4P) =  0.000000
     s(2P/5P) =  0.000000
     s(2P/2P) =  1.000000  <r> =   0.1221  <r2> =    0.0182  r(max) =   0.0950
     s(2P/3P) =  0.000000
     s(2P/4P) =  0.000000
     s(2P/5P) =  0.000000
     s(3S/3S) =  1.000000  <r> =   0.3790  <r2> =    0.1645  r(max) =   0.3401
     s(3S/4S) =  0.000000
     s(3S/5S) =  0.000000
     s(3P/3P) =  1.000000  <r> =   0.3712  <r2> =    0.1603  r(max) =   0.3275
     s(3P/4P) =  0.000000
     s(3P/5P) =  0.000000
     s(3P/3P) =  1.000000  <r> =   0.3820  <r2> =    0.1696  r(max) =   0.3401
     s(3P/4P) =  0.000000
     s(3P/5P) =  0.000000
     s(4S/4S) =  1.000000  <r> =   0.9470  <r2> =    1.0175  r(max) =   0.8469
     s(4S/5S) =  0.000000
     s(4P/4P) =  1.000000  <r> =   1.0227  <r2> =    1.2015  r(max) =   0.8903
     s(4P/5P) =  0.000000
     s(4P/4P) =  1.000000  <r> =   1.0550  <r2> =    1.2793  r(max) =   0.9244
     s(4P/5P) = -0.000000
     s(3D/3D) =  1.000000  <r> =   0.3556  <r2> =    0.1510  r(max) =   0.2819
     s(3D/4D) = -0.000000
     s(3D/3D) =  1.000000  <r> =   0.3591  <r2> =    0.1538  r(max) =   0.2819
     s(3D/4D) = -0.000000
     s(4D/4D) =  1.000000  <r> =   1.5688  <r2> =    3.1564  r(max) =   1.0875
     s(4D/4D) =  1.000000  <r> =   1.6058  <r2> =    3.3282  r(max) =   1.1012
     s(5S/5S) =  1.000000  <r> =   3.4552  <r2> =   14.0371  r(max) =   2.6748
     s(5P/5P) =  1.000000  <r> =   6.1631  <r2> =   47.8710  r(max) =   4.3551
     s(5P/5P) =  1.000000  <r> =   6.5304  <r2> =   54.0863  r(max) =   4.5784

     ------------------------ End of All-electron run ------------------------


       Warning: n=1, l=0 expected 0 nodes, found 1
       Setting wfc to zero for this iteration
       (This warning will only be printed once per wavefunction)

       Zero norm: self consistency problem; state:  1 (l=  0, j=0.5)

     ---------------------- Testing the pseudopotential ----------------------

     Pd                                                                         
     dirac relativistic calculation

     atomic number is 46.00   valence charge is 10.00
     dft = SLA  PW   PBX  PBC   lsd =0 sic =0 latt =0  beta=0.20 tr2=1.0E-14
     mesh =1235 r(mesh) =  99.12271 xmin = -7.00 dx = 0.01250

     n l  j  nl             e AE (Ry)       e PS (Ry)    De AE-PS (Ry) 
     1 0 0.5 5S   1( 0.00)       -0.24433       -0.24433        0.00000
     2 1 0.5 5P   1( 0.00)       -0.02668       -0.02668       -0.00000
     2 1 1.5 5P   1( 0.00)       -0.02166       -0.02166        0.00000
     3 2 1.5 4D   1( 4.00)       -0.31722       -0.31723        0.00000
     3 2 2.5 4D   1( 6.00)       -0.28527       -0.28527        0.00000

     eps = 9.7E-15  iter =  3
 
     Etot =  -10093.888029 Ry,   -5046.944015 Ha, -137334.342941 eV
     Etotps =  -331.514735 Ry,    -165.757367 Ha,   -4510.487746 eV

     Ekin =     128.618838 Ry,      64.309419 Ha,    1749.948434 eV
     Encl =    -229.976396 Ry,    -114.988198 Ha,   -3128.988268 eV
     Ehrt =      58.333002 Ry,      29.166501 Ha,     793.660928 eV
     Ecxc =    -288.490179 Ry,    -144.245089 Ha,   -3925.108840 eV
     (Ecc =     -17.368086 Ry,      -8.684043 Ha,    -236.304851 eV)

     ---------------------- End of pseudopotential test ----------------------

