[0] MPI startup(): I_MPI_SHM_LMT environment variable is not supported.
[0] MPI startup(): Similar variables:
	 I_MPI_SHM_HEAP
	 I_MPI_SHM
	 I_MPI_SHM_OPT
	 I_MPI_SHM_THP
[0] MPI startup(): To check the list of supported variables, use the impi_info utility or refer to https://software.intel.com/en-us/mpi-library/documentation/get-started.

     Program LD1 v.7.3.1 starts on 19Sep2024 at 21:49:11 

     This program is part of the open-source Quantum ESPRESSO suite
     for quantum simulation of materials; please cite
         "P. Giannozzi et al., J. Phys.:Condens. Matter 21 395502 (2009);
         "P. Giannozzi et al., J. Phys.:Condens. Matter 29 465901 (2017);
         "P. Giannozzi et al., J. Chem. Phys. 152 154105 (2020);
          URL http://www.quantum-espresso.org", 
     in publications or presentations arising from this work. More details at
     http://www.quantum-espresso.org/quote

     Parallel version (MPI), running on     1 processors

     MPI processes distributed on     1 nodes
     89387 MiB available memory on the printing compute node when the environment starts
 
     Waiting for input...
     Reading input from standard input
     --------------------------- All-electron run ----------------------------

     Pd                                                                         
     dirac relativistic calculation

     atomic number is 46.00
     dft =PBE   lsd =0 sic =0 latt =0  beta=0.20 tr2=1.0E-14
     Exchange-correlation= PBE
                           (   1   4   3   4   0   0   0)
     mesh =1235 r(mesh) =  99.12271 a.u. xmin = -7.00 dx = 0.01250
     1 Ry =  13.60569312 eV, c = 137.03599908

     n l j   nl                  e(Ry)          e(Ha)          e(eV)
     Spin orbit split results
     1 0 0.5 1S 1( 2.00)     -1775.3089      -887.6544    -24154.3081
     2 0 0.5 2S 1( 2.00)      -259.2342      -129.6171     -3527.0606
     2 1 0.5 2P 1( 2.00)      -240.4564      -120.2282     -3271.5759
     2 1 1.5 2P 1( 4.00)      -228.7406      -114.3703     -3112.1745
     3 0 0.5 3S 1( 2.00)       -46.8364       -23.4182      -637.2418
     3 1 0.5 3P 1( 2.00)       -39.4266       -19.7133      -536.4263
     3 1 1.5 3P 1( 4.00)       -37.3846       -18.6923      -508.6431
     4 0 0.5 4S 1( 2.00)        -6.3861        -3.1930       -86.8871
     4 1 0.5 4P 1( 2.00)        -4.1003        -2.0501       -55.7868
     4 1 1.5 4P 1( 4.00)        -3.7737        -1.8869       -51.3445
     3 2 1.5 3D 1( 4.00)       -24.2691       -12.1346      -330.1985
     3 2 2.5 3D 1( 6.00)       -23.8620       -11.9310      -324.6592
     4 2 1.5 4D 1( 4.00)        -0.4102        -0.2051        -5.5808
     4 2 2.5 4D 1( 5.50)        -0.3770        -0.1885        -5.1289
     5 0 0.5 5S 1( 0.50)        -0.2814        -0.1407        -3.8283
     5 1 0.5 5P 1( 0.00)        -0.0456        -0.0228        -0.6211
     5 1 1.5 5P 1( 0.00)        -0.0393        -0.0197        -0.5353
     Averaged results
     1 0     1S 1( 2.00)     -1775.3089      -887.6544    -24154.3081
     2 0     2S 1( 2.00)      -259.2342      -129.6171     -3527.0606
     2 1     2P 1( 6.00)      -232.6459      -116.3229     -3165.3083
     3 0     3S 1( 2.00)       -46.8364       -23.4182      -637.2418
     3 1     3P 1( 6.00)       -38.0653       -19.0326      -517.9042
     4 0     4S 1( 2.00)        -6.3861        -3.1930       -86.8871
     4 1     4P 1( 6.00)        -3.8826        -1.9413       -52.8252
     3 2     3D 1(10.00)       -24.0249       -12.0124      -326.8750
     4 2     4D 1( 9.50)        -0.3903        -0.1951        -5.3097
     5 0     5S 1( 0.50)        -0.2814        -0.1407        -3.8283
     5 1     5P 1( 0.00)        -0.0414        -0.0207        -0.5639

     final scf error:  7.3E-15 reached in  29 iterations
 
     Etot =  -10093.854195 Ry,   -5046.927097 Ha, -137333.882602 eV

     Ekin =   10543.274032 Ry,    5271.637016 Ha,  143448.550990 eV
     Encl =  -24463.165754 Ry,  -12231.582877 Ha, -332838.326062 eV
     Eh   =    4114.358376 Ry,    2057.179188 Ha,   55978.697460 eV
     Exc  =    -288.320849 Ry,    -144.160424 Ha,   -3922.804990 eV


     normalization and overlap integrals

     s(1S/1S) =  1.000000  <r> =   0.0319  <r2> =    0.0014  r(max) =   0.0207
     s(1S/2S) =  0.000000
     s(1S/3S) = -0.000000
     s(1S/4S) =  0.000000
     s(1S/5S) =  0.000000
     s(2S/2S) =  1.000000  <r> =   0.1380  <r2> =    0.0225  r(max) =   0.1175
     s(2S/3S) =  0.000000
     s(2S/4S) =  0.000000
     s(2S/5S) =  0.000000
     s(2P/2P) =  1.000000  <r> =   0.1171  <r2> =    0.0169  r(max) =   0.0904
     s(2P/3P) =  0.000000
     s(2P/4P) =  0.000000
     s(2P/5P) =  0.000000
     s(2P/2P) =  1.000000  <r> =   0.1221  <r2> =    0.0182  r(max) =   0.0950
     s(2P/3P) =  0.000000
     s(2P/4P) =  0.000000
     s(2P/5P) =  0.000000
     s(3S/3S) =  1.000000  <r> =   0.3790  <r2> =    0.1645  r(max) =   0.3401
     s(3S/4S) =  0.000000
     s(3S/5S) =  0.000000
     s(3P/3P) =  1.000000  <r> =   0.3712  <r2> =    0.1603  r(max) =   0.3275
     s(3P/4P) =  0.000000
     s(3P/5P) =  0.000000
     s(3P/3P) =  1.000000  <r> =   0.3820  <r2> =    0.1696  r(max) =   0.3401
     s(3P/4P) =  0.000000
     s(3P/5P) =  0.000000
     s(4S/4S) =  1.000000  <r> =   0.9461  <r2> =    1.0153  r(max) =   0.8469
     s(4S/5S) =  0.000000
     s(4P/4P) =  1.000000  <r> =   1.0208  <r2> =    1.1964  r(max) =   0.8903
     s(4P/5P) =  0.000000
     s(4P/4P) =  1.000000  <r> =   1.0527  <r2> =    1.2731  r(max) =   0.9129
     s(4P/5P) = -0.000000
     s(3D/3D) =  1.000000  <r> =   0.3556  <r2> =    0.1510  r(max) =   0.2819
     s(3D/4D) = -0.000000
     s(3D/3D) =  1.000000  <r> =   0.3591  <r2> =    0.1538  r(max) =   0.2819
     s(3D/4D) = -0.000000
     s(4D/4D) =  1.000000  <r> =   1.5238  <r2> =    2.9335  r(max) =   1.0875
     s(4D/4D) =  1.000000  <r> =   1.5551  <r2> =    3.0690  r(max) =   1.1012
     s(5S/5S) =  1.000000  <r> =   3.3447  <r2> =   13.1049  r(max) =   2.6415
     s(5P/5P) =  1.000000  <r> =   5.6145  <r2> =   38.8107  r(max) =   4.0405
     s(5P/5P) =  1.000000  <r> =   5.9035  <r2> =   42.9612  r(max) =   4.2476

     ------------------------ End of All-electron run ------------------------


     --------------------- Generating US pseudopotential ---------------------


      Generating local potential from pseudized AE potential:
      Matching radius rcloc =   2.2000

      Local pseudo, rcloc= 2.217 Estimated cut-off energy=     5.12 Ry

      Computing core charge for nlcc: 

       r > 0.87 : true rho core
       r < 0.87 : rho core = a sin(br)/r    a=  15.90  b=   2.51

      Integrated core pseudo-charge :  10.50

     Fully relativistic calculation: |psi|^2

     Wfc 5S LC norm =  0.99996781 SC norm =  0.00003019 missing  0.00000201

     Wfc 5P LC norm =  0.99998971 SC norm =  0.00000995 missing  0.00000034

     Wfc 5P LC norm =  0.99999085 SC norm =  0.00000693 missing  0.00000222

     Wfc 4D LC norm =  0.99982013 SC norm =  0.00017986 missing  0.00000002

     Wfc 4D LC norm =  0.99982563 SC norm =  0.00017321 missing  0.00000116
      Wfc-us  5S rcutus= 2.274  Estimated cut-off energy=     8.19 Ry
      Wfc-us  5S rcutus= 2.274  Estimated cut-off energy=    11.84 Ry
      Wfc-us  5P rcutus= 2.576  Estimated cut-off energy=    10.64 Ry
      Wfc-us  5P rcutus= 2.576  Estimated cut-off energy=    10.55 Ry
      Wfc-us  5P rcutus= 2.576  Estimated cut-off energy=    24.44 Ry
      Wfc-us  5P rcutus= 2.576  Estimated cut-off energy=    24.04 Ry
      Wfc-us  4D rcutus= 1.909  Estimated cut-off energy=    31.98 Ry
      Wfc-us  4D rcutus= 1.909  Estimated cut-off energy=    31.93 Ry
      Wfc-us  4D rcutus= 1.909  Estimated cut-off energy=    28.27 Ry
      Wfc-us  4D rcutus= 1.909  Estimated cut-off energy=    28.14 Ry

      The bmat matrix
     0.34749     0.59109     0.00000     0.00000     0.00000     0.00000
     0.00000     0.00000     0.00000     0.00000
     0.50975     0.89938     0.00000     0.00000     0.00000     0.00000
     0.00000     0.00000     0.00000     0.00000
     0.00000     0.00000     0.06935     0.00000     0.13909     0.00000
     0.00000     0.00000     0.00000     0.00000
     0.00000     0.00000     0.00000     0.05535     0.00000     0.12089
     0.00000     0.00000     0.00000     0.00000
     0.00000     0.00000     0.13382     0.00000     0.57414     0.00000
     0.00000     0.00000     0.00000     0.00000
     0.00000     0.00000     0.00000     0.12636     0.00000     0.56880
     0.00000     0.00000     0.00000     0.00000
     0.00000     0.00000     0.00000     0.00000     0.00000     0.00000
    -1.40766     0.00000    -1.11385     0.00000
     0.00000     0.00000     0.00000     0.00000     0.00000     0.00000
     0.00000    -1.37188     0.00000    -1.11047
     0.00000     0.00000     0.00000     0.00000     0.00000     0.00000
    -0.06314     0.00000     0.03485     0.00000
     0.00000     0.00000     0.00000     0.00000     0.00000     0.00000
     0.00000    -0.08709     0.00000     0.01594

      The bmat + epsilon qq matrix
     0.35286     0.51976     0.00000     0.00000     0.00000     0.00000
     0.00000     0.00000     0.00000     0.00000
     0.51979     0.77620     0.00000     0.00000     0.00000     0.00000
     0.00000     0.00000     0.00000     0.00000
     0.00000     0.00000     0.06950     0.00000     0.13388     0.00000
     0.00000     0.00000     0.00000     0.00000
     0.00000     0.00000     0.00000     0.05537     0.00000     0.12636
     0.00000     0.00000     0.00000     0.00000
     0.00000     0.00000     0.13386     0.00000     0.87822     0.00000
     0.00000     0.00000     0.00000     0.00000
     0.00000     0.00000     0.00000     0.12633     0.00000     0.87682
     0.00000     0.00000     0.00000     0.00000
     0.00000     0.00000     0.00000     0.00000     0.00000     0.00000
    -1.50651     0.00000    -0.15463     0.00000
     0.00000     0.00000     0.00000     0.00000     0.00000     0.00000
     0.00000    -1.45807     0.00000    -0.16954
     0.00000     0.00000     0.00000     0.00000     0.00000     0.00000
    -0.15464     0.00000     0.64837     0.00000
     0.00000     0.00000     0.00000     0.00000     0.00000     0.00000
     0.00000    -0.16958     0.00000     0.63945

      The qq matrix
    -0.01907    -0.03566     0.00000     0.00000     0.00000     0.00000
     0.00000     0.00000     0.00000     0.00000
    -0.03566    -0.06159     0.00000     0.00000     0.00000     0.00000
     0.00000     0.00000     0.00000     0.00000
     0.00000     0.00000    -0.00321     0.00000    -0.00083     0.00000
     0.00000     0.00000     0.00000     0.00000
     0.00000     0.00000     0.00000    -0.00049     0.00000     0.00087
     0.00000     0.00000     0.00000     0.00000
     0.00000     0.00000    -0.00083     0.00000     0.04827     0.00000
     0.00000     0.00000     0.00000     0.00000
     0.00000     0.00000     0.00000     0.00087     0.00000     0.04889
     0.00000     0.00000     0.00000     0.00000
     0.00000     0.00000     0.00000     0.00000     0.00000     0.00000
     0.24098     0.00000     0.22307     0.00000
     0.00000     0.00000     0.00000     0.00000     0.00000     0.00000
     0.00000     0.22864     0.00000     0.21882
     0.00000     0.00000     0.00000     0.00000     0.00000     0.00000
     0.22307     0.00000     0.14268     0.00000
     0.00000     0.00000     0.00000     0.00000     0.00000     0.00000
     0.00000     0.21882     0.00000     0.14500

     Q pseudized with Bessel functions
     Expected ecutrho=     137.7347 due to l1=  2   l2=  2

      The ddd matrix
     0.37309     0.49090     0.00000     0.00000     0.00000     0.00000
     0.00000     0.00000     0.00000     0.00000
     0.49090     0.65552     0.00000     0.00000     0.00000     0.00000
     0.00000     0.00000     0.00000     0.00000
     0.00000     0.00000     0.09390     0.00000     0.30353     0.00000
     0.00000     0.00000     0.00000     0.00000
     0.00000     0.00000     0.00000     0.08675     0.00000     0.24385
     0.00000     0.00000     0.00000     0.00000
     0.00000     0.00000     0.30353     0.00000     1.05337     0.00000
     0.00000     0.00000     0.00000     0.00000
     0.00000     0.00000     0.00000     0.24385     0.00000     1.08955
     0.00000     0.00000     0.00000     0.00000
     0.00000     0.00000     0.00000     0.00000     0.00000     0.00000
    -0.06547     0.00000     1.11182     0.00000
     0.00000     0.00000     0.00000     0.00000     0.00000     0.00000
     0.00000    -0.08908     0.00000     1.06964
     0.00000     0.00000     0.00000     0.00000     0.00000     0.00000
     1.11182     0.00000     1.63695     0.00000
     0.00000     0.00000     0.00000     0.00000     0.00000     0.00000
     0.00000     1.06964     0.00000     1.63633

     ------------------- End of pseudopotential generation -------------------

     --------------------------- All-electron run ----------------------------

     Pd                                                                         
     dirac relativistic calculation

     atomic number is 46.00
     dft =PBE   lsd =0 sic =0 latt =0  beta=0.20 tr2=1.0E-14
     Exchange-correlation= PBE
                           (   1   4   3   4   0   0   0)
     mesh =1235 r(mesh) =  99.12271 a.u. xmin = -7.00 dx = 0.01250
     1 Ry =  13.60569312 eV, c = 137.03599908

     n l j   nl                  e(Ry)          e(Ha)          e(eV)
     Spin orbit split results
     1 0 0.5 1S 1( 2.00)     -1775.3089      -887.6544    -24154.3081
     2 0 0.5 2S 1( 2.00)      -259.2342      -129.6171     -3527.0606
     2 1 0.5 2P 1( 2.00)      -240.4564      -120.2282     -3271.5759
     2 1 1.5 2P 1( 4.00)      -228.7406      -114.3703     -3112.1745
     3 0 0.5 3S 1( 2.00)       -46.8364       -23.4182      -637.2418
     3 1 0.5 3P 1( 2.00)       -39.4266       -19.7133      -536.4263
     3 1 1.5 3P 1( 4.00)       -37.3846       -18.6923      -508.6431
     4 0 0.5 4S 1( 2.00)        -6.3861        -3.1930       -86.8871
     4 1 0.5 4P 1( 2.00)        -4.1003        -2.0501       -55.7868
     4 1 1.5 4P 1( 4.00)        -3.7737        -1.8869       -51.3445
     3 2 1.5 3D 1( 4.00)       -24.2691       -12.1346      -330.1985
     3 2 2.5 3D 1( 6.00)       -23.8620       -11.9310      -324.6592
     4 2 1.5 4D 1( 4.00)        -0.4102        -0.2051        -5.5808
     4 2 2.5 4D 1( 5.50)        -0.3770        -0.1885        -5.1289
     5 0 0.5 5S 1( 0.50)        -0.2814        -0.1407        -3.8283
     5 1 0.5 5P 1( 0.00)        -0.0456        -0.0228        -0.6211
     5 1 1.5 5P 1( 0.00)        -0.0393        -0.0197        -0.5353
     Averaged results
     1 0     1S 1( 2.00)     -1775.3089      -887.6544    -24154.3081
     2 0     2S 1( 2.00)      -259.2342      -129.6171     -3527.0606
     2 1     2P 1( 6.00)      -232.6459      -116.3229     -3165.3083
     3 0     3S 1( 2.00)       -46.8364       -23.4182      -637.2418
     3 1     3P 1( 6.00)       -38.0653       -19.0326      -517.9042
     4 0     4S 1( 2.00)        -6.3861        -3.1930       -86.8871
     4 1     4P 1( 6.00)        -3.8826        -1.9413       -52.8252
     3 2     3D 1(10.00)       -24.0249       -12.0124      -326.8750
     4 2     4D 1( 9.50)        -0.3903        -0.1951        -5.3097
     5 0     5S 1( 0.50)        -0.2814        -0.1407        -3.8283
     5 1     5P 1( 0.00)        -0.0414        -0.0207        -0.5639

     final scf error:  7.3E-15 reached in  29 iterations
 
     Etot =  -10093.854195 Ry,   -5046.927097 Ha, -137333.882602 eV

     Ekin =   10543.274032 Ry,    5271.637016 Ha,  143448.550990 eV
     Encl =  -24463.165754 Ry,  -12231.582877 Ha, -332838.326062 eV
     Eh   =    4114.358376 Ry,    2057.179188 Ha,   55978.697460 eV
     Exc  =    -288.320849 Ry,    -144.160424 Ha,   -3922.804990 eV


     normalization and overlap integrals

     s(1S/1S) =  1.000000  <r> =   0.0319  <r2> =    0.0014  r(max) =   0.0207
     s(1S/2S) =  0.000000
     s(1S/3S) = -0.000000
     s(1S/4S) =  0.000000
     s(1S/5S) =  0.000000
     s(2S/2S) =  1.000000  <r> =   0.1380  <r2> =    0.0225  r(max) =   0.1175
     s(2S/3S) =  0.000000
     s(2S/4S) =  0.000000
     s(2S/5S) =  0.000000
     s(2P/2P) =  1.000000  <r> =   0.1171  <r2> =    0.0169  r(max) =   0.0904
     s(2P/3P) =  0.000000
     s(2P/4P) =  0.000000
     s(2P/5P) =  0.000000
     s(2P/2P) =  1.000000  <r> =   0.1221  <r2> =    0.0182  r(max) =   0.0950
     s(2P/3P) =  0.000000
     s(2P/4P) =  0.000000
     s(2P/5P) =  0.000000
     s(3S/3S) =  1.000000  <r> =   0.3790  <r2> =    0.1645  r(max) =   0.3401
     s(3S/4S) =  0.000000
     s(3S/5S) =  0.000000
     s(3P/3P) =  1.000000  <r> =   0.3712  <r2> =    0.1603  r(max) =   0.3275
     s(3P/4P) =  0.000000
     s(3P/5P) =  0.000000
     s(3P/3P) =  1.000000  <r> =   0.3820  <r2> =    0.1696  r(max) =   0.3401
     s(3P/4P) =  0.000000
     s(3P/5P) =  0.000000
     s(4S/4S) =  1.000000  <r> =   0.9461  <r2> =    1.0153  r(max) =   0.8469
     s(4S/5S) =  0.000000
     s(4P/4P) =  1.000000  <r> =   1.0208  <r2> =    1.1964  r(max) =   0.8903
     s(4P/5P) =  0.000000
     s(4P/4P) =  1.000000  <r> =   1.0527  <r2> =    1.2731  r(max) =   0.9129
     s(4P/5P) = -0.000000
     s(3D/3D) =  1.000000  <r> =   0.3556  <r2> =    0.1510  r(max) =   0.2819
     s(3D/4D) = -0.000000
     s(3D/3D) =  1.000000  <r> =   0.3591  <r2> =    0.1538  r(max) =   0.2819
     s(3D/4D) = -0.000000
     s(4D/4D) =  1.000000  <r> =   1.5238  <r2> =    2.9335  r(max) =   1.0875
     s(4D/4D) =  1.000000  <r> =   1.5551  <r2> =    3.0690  r(max) =   1.1012
     s(5S/5S) =  1.000000  <r> =   3.3447  <r2> =   13.1049  r(max) =   2.6415
     s(5P/5P) =  1.000000  <r> =   5.6145  <r2> =   38.8107  r(max) =   4.0405
     s(5P/5P) =  1.000000  <r> =   5.9035  <r2> =   42.9612  r(max) =   4.2476

     ------------------------ End of All-electron run ------------------------


     ---------------------- Testing the pseudopotential ----------------------

     Pd                                                                         
     dirac relativistic calculation

     atomic number is 46.00   valence charge is 10.00
     dft =PBE   lsd =0 sic =0 latt =0  beta=0.20 tr2=1.0E-14
     mesh =1235 r(mesh) =  99.12271 xmin = -7.00 dx = 0.01250

     n l  j  nl             e AE (Ry)       e PS (Ry)    De AE-PS (Ry) 
     1 0 0.5 5S   1( 0.50)       -0.28138       -0.28138        0.00000
     2 1 0.5 5P   1( 0.00)       -0.04565       -0.04565       -0.00000
     2 1 1.5 5P   1( 0.00)       -0.03935       -0.03935        0.00000
     3 2 1.5 4D   1( 4.00)       -0.41018       -0.41018       -0.00000
     3 2 2.5 4D   1( 5.50)       -0.37697       -0.37697        0.00000

     eps = 4.4E-17  iter =  4
 
     Etot =  -10093.854195 Ry,   -5046.927097 Ha, -137333.882602 eV
     Etotps =   -78.225959 Ry,     -39.112980 Ha,   -1064.318395 eV

     Ekin =      30.540176 Ry,      15.270088 Ha,     415.520267 eV
     Encl =    -134.499639 Ry,     -67.249820 Ha,   -1829.960820 eV
     Ehrt =      58.552145 Ry,      29.276072 Ha,     796.642512 eV
     Ecxc =     -32.253355 Ry,     -16.126678 Ha,    -438.829250 eV
     (Ecc =     -17.295156 Ry,      -8.647578 Ha,    -235.312583 eV)
     Epseu=      -0.565286 Ry,      -0.282643 Ha,      -7.691104 eV

     ---------------------- End of pseudopotential test ----------------------

