[0] MPI startup(): I_MPI_SHM_LMT environment variable is not supported.
[0] MPI startup(): Similar variables:
	 I_MPI_SHM_HEAP
	 I_MPI_SHM
	 I_MPI_SHM_OPT
	 I_MPI_SHM_THP
[0] MPI startup(): To check the list of supported variables, use the impi_info utility or refer to https://software.intel.com/en-us/mpi-library/documentation/get-started.

     Program LD1 v.7.3.1 starts on 19Sep2024 at 21:49:14 

     This program is part of the open-source Quantum ESPRESSO suite
     for quantum simulation of materials; please cite
         "P. Giannozzi et al., J. Phys.:Condens. Matter 21 395502 (2009);
         "P. Giannozzi et al., J. Phys.:Condens. Matter 29 465901 (2017);
         "P. Giannozzi et al., J. Chem. Phys. 152 154105 (2020);
          URL http://www.quantum-espresso.org", 
     in publications or presentations arising from this work. More details at
     http://www.quantum-espresso.org/quote

     Parallel version (MPI), running on     1 processors

     MPI processes distributed on     1 nodes
     89381 MiB available memory on the printing compute node when the environment starts
 
     Waiting for input...
     Reading input from standard input
 state nlj           5           2   1.50000000000000       not converged
 state nlj           5           2   2.50000000000000       not converged
 state nlj           5           1  0.500000000000000       not converged
 state nlj           5           1   1.50000000000000       not converged
 state nlj           4           3   2.50000000000000       not converged
 state nlj           4           3   3.50000000000000       not converged
 state nlj           5           2   1.50000000000000       not converged
 state nlj           5           2   2.50000000000000       not converged
 state nlj           6           0  0.500000000000000       not converged
 state nlj           6           1  0.500000000000000       not converged
 state nlj           6           1   1.50000000000000       not converged
 classical turning point too close to mesh           6           1           1
 classical turning point too close to mesh           6           1          -2
     --------------------------- All-electron run ----------------------------

     Pt                                                                         
     dirac relativistic calculation

     atomic number is 78.00
     dft =PBE   lsd =0 sic =0 latt =0  beta=0.20 tr2=1.0E-14
     Exchange-correlation= PBE
                           (   1   4   3   4   0   0   0)
     mesh =1277 r(mesh) =  98.81913 a.u. xmin = -7.00 dx = 0.01250
     1 Ry =  13.60569312 eV, c = 137.03599908

     n l j   nl                  e(Ry)          e(Ha)          e(eV)
     Spin orbit split results
     1 0 0.5 1S 1( 2.00)     -5756.0115     -2878.0058    -78314.5265
     2 0 0.5 2S 1( 2.00)     -1010.3598      -505.1799    -13746.6448
     2 1 0.5 2P 1( 2.00)      -968.2178      -484.1089    -13173.2743
     2 1 1.5 2P 1( 4.00)      -841.1215      -420.5608    -11444.0410
     3 0 0.5 3S 1( 2.00)      -237.2955      -118.6477     -3228.5696
     3 1 0.5 3P 1( 2.00)      -218.4138      -109.2069     -2971.6714
     3 1 1.5 3P 1( 4.00)      -190.4745       -95.2372     -2591.5374
     4 0 0.5 4S 1( 2.00)       -50.9834       -25.4917      -693.6643
     4 1 0.5 4P 1( 2.00)       -42.9775       -21.4887      -584.7383
     4 1 1.5 4P 1( 4.00)       -36.3240       -18.1620      -494.2128
     3 2 1.5 3D 1( 4.00)      -159.1005       -79.5502     -2164.6725
     3 2 2.5 3D 1( 6.00)      -153.0799       -76.5400     -2082.7585
     5 0 0.5 5S 1( 2.00)        -7.4592        -3.7296      -101.4882
     5 1 0.5 5P 1( 2.00)        -4.9104        -2.4552       -66.8093
     5 1 1.5 5P 1( 4.00)        -3.8142        -1.9071       -51.8949
     4 2 1.5 4D 1( 4.00)       -23.2299       -11.6149      -316.0586
     4 2 2.5 4D 1( 6.00)       -21.9928       -10.9964      -299.2278
     4 3 2.5 4F 1( 6.00)        -5.2702        -2.6351       -71.7044
     4 3 3.5 4F 1( 8.00)        -5.0164        -2.5082       -68.2510
     5 2 1.5 5D 1( 4.00)        -0.5090        -0.2545        -6.9252
     5 2 2.5 5D 1( 5.00)        -0.4116        -0.2058        -5.6007
     6 0 0.5 6S 1( 1.00)        -0.4160        -0.2080        -5.6602
     6 1 0.5 6P 1( 0.00)        -0.0888        -0.0444        -1.2083
     6 1 1.5 6P 1( 0.00)        -0.0537        -0.0269        -0.7309
     Averaged results
     1 0     1S 1( 2.00)     -5756.0115     -2878.0058    -78314.5265
     2 0     2S 1( 2.00)     -1010.3598      -505.1799    -13746.6448
     2 1     2P 1( 6.00)      -883.4869      -441.7435    -12020.4521
     3 0     3S 1( 2.00)      -237.2955      -118.6477     -3228.5696
     3 1     3P 1( 6.00)      -199.7876       -99.8938     -2718.2487
     4 0     4S 1( 2.00)       -50.9834       -25.4917      -693.6643
     4 1     4P 1( 6.00)       -38.5418       -19.2709      -524.3880
     3 2     3D 1(10.00)      -155.4882       -77.7441     -2115.5241
     5 0     5S 1( 2.00)        -7.4592        -3.7296      -101.4882
     5 1     5P 1( 6.00)        -4.1796        -2.0898       -56.8664
     4 2     4D 1(10.00)       -22.4877       -11.2438      -305.9601
     4 3     4F 1(14.00)        -5.1251        -2.5626       -69.7311
     5 2     5D 1( 9.00)        -0.4506        -0.2253        -6.1305
     6 0     6S 1( 1.00)        -0.4160        -0.2080        -5.6602
     6 1     6P 1( 0.00)        -0.0654        -0.0327        -0.8900

     final scf error:  6.0E-15 reached in  37 iterations
 
     Etot =  -36893.568852 Ry,  -18446.784426 Ha, -501962.576006 eV

     Ekin =   42227.899766 Ry,   21113.949883 Ha,  574539.845450 eV
     Encl =  -92784.844437 Ry,  -46392.422218 Ha,-1262402.119868 eV
     Eh   =   14377.819587 Ry,    7188.909793 Ha,  195620.201073 eV
     Exc  =    -714.443768 Ry,    -357.221884 Ha,   -9720.502660 eV


     normalization and overlap integrals

     s(1S/1S) =  1.000000  <r> =   0.0171  <r2> =    0.0004  r(max) =   0.0106
     s(1S/2S) = -0.000000
     s(1S/3S) = -0.000000
     s(1S/4S) = -0.000000
     s(1S/5S) = -0.000000
     s(1S/6S) = -0.000000
     s(2S/2S) =  1.000000  <r> =   0.0717  <r2> =    0.0061  r(max) =   0.0612
     s(2S/3S) =  0.000000
     s(2S/4S) =  0.000000
     s(2S/5S) =  0.000000
     s(2S/6S) =  0.000000
     s(2P/2P) =  1.000000  <r> =   0.0591  <r2> =    0.0044  r(max) =   0.0459
     s(2P/3P) =  0.000000
     s(2P/4P) =  0.000000
     s(2P/5P) =  0.000000
     s(2P/6P) =  0.000000
     s(2P/2P) =  1.000000  <r> =   0.0675  <r2> =    0.0055  r(max) =   0.0526
     s(2P/3P) =  0.000000
     s(2P/4P) =  0.000000
     s(2P/5P) =  0.000000
     s(2P/6P) =  0.000000
     s(3S/3S) =  1.000000  <r> =   0.1865  <r2> =    0.0399  r(max) =   0.1726
     s(3S/4S) =  0.000000
     s(3S/5S) =  0.000000
     s(3S/6S) =  0.000000
     s(3P/3P) =  1.000000  <r> =   0.1768  <r2> =    0.0365  r(max) =   0.1622
     s(3P/4P) =  0.000000
     s(3P/5P) =  0.000000
     s(3P/6P) =  0.000000
     s(3P/3P) =  1.000000  <r> =   0.1923  <r2> =    0.0429  r(max) =   0.1770
     s(3P/4P) =  0.000000
     s(3P/5P) =  0.000000
     s(3P/6P) =  0.000000
     s(4S/4S) =  1.000000  <r> =   0.4149  <r2> =    0.1945  r(max) =   0.3890
     s(4S/5S) =  0.000000
     s(4S/6S) =  0.000000
     s(4P/4P) =  1.000000  <r> =   0.4179  <r2> =    0.1989  r(max) =   0.3890
     s(4P/5P) =  0.000000
     s(4P/6P) =  0.000000
     s(4P/4P) =  1.000000  <r> =   0.4518  <r2> =    0.2321  r(max) =   0.4193
     s(4P/5P) =  0.000000
     s(4P/6P) =  0.000000
     s(3D/3D) =  1.000000  <r> =   0.1676  <r2> =    0.0330  r(max) =   0.1378
     s(3D/4D) =  0.000000
     s(3D/5D) =  0.000000
     s(3D/3D) =  1.000000  <r> =   0.1723  <r2> =    0.0347  r(max) =   0.1413
     s(3D/4D) = -0.000000
     s(3D/5D) = -0.000000
     s(5S/5S) =  1.000000  <r> =   0.9535  <r2> =    1.0210  r(max) =   0.8657
     s(5S/6S) =  0.000000
     s(5P/5P) =  1.000000  <r> =   1.0353  <r2> =    1.2132  r(max) =   0.9215
     s(5P/6P) =  0.000000
     s(5P/5P) =  1.000000  <r> =   1.1360  <r2> =    1.4631  r(max) =   1.0058
     s(5P/6P) = -0.000000
     s(4D/4D) =  1.000000  <r> =   0.4617  <r2> =    0.2467  r(max) =   0.4141
     s(4D/5D) =  0.000000
     s(4D/4D) =  1.000000  <r> =   0.4729  <r2> =    0.2587  r(max) =   0.4246
     s(4D/5D) = -0.000000
     s(4F/4F) =  1.000000  <r> =   0.5126  <r2> =    0.3202  r(max) =   0.3842
     s(4F/4F) =  1.000000  <r> =   0.5199  <r2> =    0.3296  r(max) =   0.3890
     s(5D/5D) =  1.000000  <r> =   1.6502  <r2> =    3.3027  r(max) =   1.2439
     s(5D/5D) =  1.000000  <r> =   1.7410  <r2> =    3.7096  r(max) =   1.2754
     s(6S/6S) =  1.000000  <r> =   2.9354  <r2> =    9.9517  r(max) =   2.3828
     s(6P/6P) =  1.000000  <r> =   4.4820  <r2> =   24.2386  r(max) =   3.2569
     s(6P/6P) =  1.000000  <r> =   5.2993  <r2> =   34.0924  r(max) =   3.8798

     ------------------------ End of All-electron run ------------------------


     --------------------- Generating US pseudopotential ---------------------


      Generating local potential from pseudized AE potential:
      Matching radius rcloc =   2.4000
      Enforcing V''(0)=0 (lloc=-2)

      Local pseudo, rcloc= 2.383 Estimated cut-off energy=     5.76 Ry

      Computing core charge for nlcc: 

       r > 1.62 : true rho core
      Core charge pseudized with two Bessel functions
      Integrated core pseudo-charge :  11.36

     Fully relativistic calculation: |psi|^2

     Wfc 6S LC norm =  0.99994389 SC norm =  0.00005376 missing  0.00000235

     Wfc 6P LC norm =  0.99997803 SC norm =  0.00002174 missing  0.00000023

     Wfc 6P LC norm =  0.99998509 SC norm =  0.00001221 missing  0.00000270

     Wfc 5D LC norm =  0.99980297 SC norm =  0.00019700 missing  0.00000003

     Wfc 5D LC norm =  0.99982063 SC norm =  0.00017753 missing  0.00000184
      Wfc-us  6S rcutus= 2.383  Estimated cut-off energy=     7.82 Ry
      Wfc-us  6S rcutus= 2.383  Estimated cut-off energy=    13.62 Ry
      Wfc-us  6P rcutus= 2.505  Estimated cut-off energy=    11.40 Ry
      Wfc-us  6P rcutus= 2.505  Estimated cut-off energy=    11.07 Ry
      Wfc-us  6P rcutus= 2.505  Estimated cut-off energy=    19.41 Ry
      Wfc-us  6P rcutus= 2.505  Estimated cut-off energy=    17.43 Ry
      Wfc-us  5D rcutus= 2.211  Estimated cut-off energy=    24.06 Ry
      Wfc-us  5D rcutus= 2.211  Estimated cut-off energy=    23.93 Ry
      Wfc-us  5D rcutus= 2.211  Estimated cut-off energy=    40.05 Ry
      Wfc-us  5D rcutus= 2.211  Estimated cut-off energy=    38.22 Ry

      The bmat matrix
     0.51900     0.91221     0.00000     0.00000     0.00000     0.00000
     0.00000     0.00000     0.00000     0.00000
     0.58840     1.11325     0.00000     0.00000     0.00000     0.00000
     0.00000     0.00000     0.00000     0.00000
     0.00000     0.00000     0.11161     0.00000     0.34000     0.00000
     0.00000     0.00000     0.00000     0.00000
     0.00000     0.00000     0.00000     0.05908     0.00000     0.19880
     0.00000     0.00000     0.00000     0.00000
     0.00000     0.00000     0.22699     0.00000     0.84094     0.00000
     0.00000     0.00000     0.00000     0.00000
     0.00000     0.00000     0.00000     0.18430     0.00000     0.73357
     0.00000     0.00000     0.00000     0.00000
     0.00000     0.00000     0.00000     0.00000     0.00000     0.00000
    -1.46718     0.00000    -1.34242     0.00000
     0.00000     0.00000     0.00000     0.00000     0.00000     0.00000
     0.00000    -1.37676     0.00000    -1.16706
     0.00000     0.00000     0.00000     0.00000     0.00000     0.00000
    -1.24448     0.00000    -1.57127     0.00000
     0.00000     0.00000     0.00000     0.00000     0.00000     0.00000
     0.00000    -1.05330     0.00000    -1.09042

      The bmat + epsilon qq matrix
     0.55698     0.63458     0.00000     0.00000     0.00000     0.00000
     0.00000     0.00000     0.00000     0.00000
     0.63460     0.77914     0.00000     0.00000     0.00000     0.00000
     0.00000     0.00000     0.00000     0.00000
     0.00000     0.00000     0.11246     0.00000     0.22976     0.00000
     0.00000     0.00000     0.00000     0.00000
     0.00000     0.00000     0.00000     0.05885     0.00000     0.18450
     0.00000     0.00000     0.00000     0.00000
     0.00000     0.00000     0.22979     0.00000     0.52954     0.00000
     0.00000     0.00000     0.00000     0.00000
     0.00000     0.00000     0.00000     0.18452     0.00000     0.56341
     0.00000     0.00000     0.00000     0.00000
     0.00000     0.00000     0.00000     0.00000     0.00000     0.00000
    -1.59879     0.00000    -1.28257     0.00000
     0.00000     0.00000     0.00000     0.00000     0.00000     0.00000
     0.00000    -1.46654     0.00000    -1.09196
     0.00000     0.00000     0.00000     0.00000     0.00000     0.00000
    -1.28256     0.00000    -1.60794     0.00000
     0.00000     0.00000     0.00000     0.00000     0.00000     0.00000
     0.00000    -1.09195     0.00000    -1.07717

      The qq matrix
    -0.09130    -0.11105     0.00000     0.00000     0.00000     0.00000
     0.00000     0.00000     0.00000     0.00000
    -0.11105    -0.13365     0.00000     0.00000     0.00000     0.00000
     0.00000     0.00000     0.00000     0.00000
     0.00000     0.00000    -0.00957     0.00000    -0.03150     0.00000
     0.00000     0.00000     0.00000     0.00000
     0.00000     0.00000     0.00000     0.00428     0.00000    -0.00408
     0.00000     0.00000     0.00000     0.00000
     0.00000     0.00000    -0.03150     0.00000    -0.08897     0.00000
     0.00000     0.00000     0.00000     0.00000
     0.00000     0.00000     0.00000    -0.00408     0.00000    -0.04861
     0.00000     0.00000     0.00000     0.00000
     0.00000     0.00000     0.00000     0.00000     0.00000     0.00000
     0.25856     0.00000     0.07481     0.00000
     0.00000     0.00000     0.00000     0.00000     0.00000     0.00000
     0.00000     0.21811     0.00000     0.09388
     0.00000     0.00000     0.00000     0.00000     0.00000     0.00000
     0.07481     0.00000    -0.04583     0.00000
     0.00000     0.00000     0.00000     0.00000     0.00000     0.00000
     0.00000     0.09388     0.00000     0.01657

     Q pseudized with Bessel functions
     Expected ecutrho=     432.5806 due to l1=  2   l2=  2

      The ddd matrix
     0.31547     0.33185     0.00000     0.00000     0.00000     0.00000
     0.00000     0.00000     0.00000     0.00000
     0.33185     0.40640     0.00000     0.00000     0.00000     0.00000
     0.00000     0.00000     0.00000     0.00000
     0.00000     0.00000     0.09790     0.00000     0.16068     0.00000
     0.00000     0.00000     0.00000     0.00000
     0.00000     0.00000     0.00000     0.07906     0.00000     0.19117
     0.00000     0.00000     0.00000     0.00000
     0.00000     0.00000     0.16068     0.00000     0.30512     0.00000
     0.00000     0.00000     0.00000     0.00000
     0.00000     0.00000     0.00000     0.19117     0.00000     0.46370
     0.00000     0.00000     0.00000     0.00000
     0.00000     0.00000     0.00000     0.00000     0.00000     0.00000
    -0.82568     0.00000    -1.04537     0.00000
     0.00000     0.00000     0.00000     0.00000     0.00000     0.00000
     0.00000    -0.81559     0.00000    -0.80357
     0.00000     0.00000     0.00000     0.00000     0.00000     0.00000
    -1.04537     0.00000    -1.73678     0.00000
     0.00000     0.00000     0.00000     0.00000     0.00000     0.00000
     0.00000    -0.80357     0.00000    -1.02083

     ------------------- End of pseudopotential generation -------------------

 state nlj           5           2   1.50000000000000       not converged
 state nlj           5           2   2.50000000000000       not converged
 state nlj           5           1  0.500000000000000       not converged
 state nlj           5           1   1.50000000000000       not converged
 state nlj           4           3   2.50000000000000       not converged
 state nlj           4           3   3.50000000000000       not converged
 state nlj           5           2   1.50000000000000       not converged
 state nlj           5           2   2.50000000000000       not converged
 state nlj           6           0  0.500000000000000       not converged
 state nlj           6           1  0.500000000000000       not converged
 state nlj           6           1   1.50000000000000       not converged
 classical turning point too close to mesh           6           1           1
 classical turning point too close to mesh           6           1          -2
     --------------------------- All-electron run ----------------------------

     Pt                                                                         
     dirac relativistic calculation

     atomic number is 78.00
     dft =PBE   lsd =0 sic =0 latt =0  beta=0.20 tr2=1.0E-14
     Exchange-correlation= PBE
                           (   1   4   3   4   0   0   0)
     mesh =1277 r(mesh) =  98.81913 a.u. xmin = -7.00 dx = 0.01250
     1 Ry =  13.60569312 eV, c = 137.03599908

     n l j   nl                  e(Ry)          e(Ha)          e(eV)
     Spin orbit split results
     1 0 0.5 1S 1( 2.00)     -5756.0115     -2878.0058    -78314.5265
     2 0 0.5 2S 1( 2.00)     -1010.3598      -505.1799    -13746.6448
     2 1 0.5 2P 1( 2.00)      -968.2178      -484.1089    -13173.2743
     2 1 1.5 2P 1( 4.00)      -841.1215      -420.5608    -11444.0410
     3 0 0.5 3S 1( 2.00)      -237.2955      -118.6477     -3228.5696
     3 1 0.5 3P 1( 2.00)      -218.4138      -109.2069     -2971.6714
     3 1 1.5 3P 1( 4.00)      -190.4745       -95.2372     -2591.5374
     4 0 0.5 4S 1( 2.00)       -50.9834       -25.4917      -693.6643
     4 1 0.5 4P 1( 2.00)       -42.9775       -21.4887      -584.7383
     4 1 1.5 4P 1( 4.00)       -36.3240       -18.1620      -494.2128
     3 2 1.5 3D 1( 4.00)      -159.1005       -79.5502     -2164.6725
     3 2 2.5 3D 1( 6.00)      -153.0799       -76.5400     -2082.7585
     5 0 0.5 5S 1( 2.00)        -7.4592        -3.7296      -101.4882
     5 1 0.5 5P 1( 2.00)        -4.9104        -2.4552       -66.8093
     5 1 1.5 5P 1( 4.00)        -3.8142        -1.9071       -51.8949
     4 2 1.5 4D 1( 4.00)       -23.2299       -11.6149      -316.0586
     4 2 2.5 4D 1( 6.00)       -21.9928       -10.9964      -299.2278
     4 3 2.5 4F 1( 6.00)        -5.2702        -2.6351       -71.7044
     4 3 3.5 4F 1( 8.00)        -5.0164        -2.5082       -68.2510
     5 2 1.5 5D 1( 4.00)        -0.5090        -0.2545        -6.9252
     5 2 2.5 5D 1( 5.00)        -0.4116        -0.2058        -5.6007
     6 0 0.5 6S 1( 1.00)        -0.4160        -0.2080        -5.6602
     6 1 0.5 6P 1( 0.00)        -0.0888        -0.0444        -1.2083
     6 1 1.5 6P 1( 0.00)        -0.0537        -0.0269        -0.7309
     Averaged results
     1 0     1S 1( 2.00)     -5756.0115     -2878.0058    -78314.5265
     2 0     2S 1( 2.00)     -1010.3598      -505.1799    -13746.6448
     2 1     2P 1( 6.00)      -883.4869      -441.7435    -12020.4521
     3 0     3S 1( 2.00)      -237.2955      -118.6477     -3228.5696
     3 1     3P 1( 6.00)      -199.7876       -99.8938     -2718.2487
     4 0     4S 1( 2.00)       -50.9834       -25.4917      -693.6643
     4 1     4P 1( 6.00)       -38.5418       -19.2709      -524.3880
     3 2     3D 1(10.00)      -155.4882       -77.7441     -2115.5241
     5 0     5S 1( 2.00)        -7.4592        -3.7296      -101.4882
     5 1     5P 1( 6.00)        -4.1796        -2.0898       -56.8664
     4 2     4D 1(10.00)       -22.4877       -11.2438      -305.9601
     4 3     4F 1(14.00)        -5.1251        -2.5626       -69.7311
     5 2     5D 1( 9.00)        -0.4506        -0.2253        -6.1305
     6 0     6S 1( 1.00)        -0.4160        -0.2080        -5.6602
     6 1     6P 1( 0.00)        -0.0654        -0.0327        -0.8900

     final scf error:  6.0E-15 reached in  37 iterations
 
     Etot =  -36893.568852 Ry,  -18446.784426 Ha, -501962.576006 eV

     Ekin =   42227.899766 Ry,   21113.949883 Ha,  574539.845450 eV
     Encl =  -92784.844437 Ry,  -46392.422218 Ha,-1262402.119868 eV
     Eh   =   14377.819587 Ry,    7188.909793 Ha,  195620.201073 eV
     Exc  =    -714.443768 Ry,    -357.221884 Ha,   -9720.502660 eV


     normalization and overlap integrals

     s(1S/1S) =  1.000000  <r> =   0.0171  <r2> =    0.0004  r(max) =   0.0106
     s(1S/2S) = -0.000000
     s(1S/3S) = -0.000000
     s(1S/4S) = -0.000000
     s(1S/5S) = -0.000000
     s(1S/6S) = -0.000000
     s(2S/2S) =  1.000000  <r> =   0.0717  <r2> =    0.0061  r(max) =   0.0612
     s(2S/3S) =  0.000000
     s(2S/4S) =  0.000000
     s(2S/5S) =  0.000000
     s(2S/6S) =  0.000000
     s(2P/2P) =  1.000000  <r> =   0.0591  <r2> =    0.0044  r(max) =   0.0459
     s(2P/3P) =  0.000000
     s(2P/4P) =  0.000000
     s(2P/5P) =  0.000000
     s(2P/6P) =  0.000000
     s(2P/2P) =  1.000000  <r> =   0.0675  <r2> =    0.0055  r(max) =   0.0526
     s(2P/3P) =  0.000000
     s(2P/4P) =  0.000000
     s(2P/5P) =  0.000000
     s(2P/6P) =  0.000000
     s(3S/3S) =  1.000000  <r> =   0.1865  <r2> =    0.0399  r(max) =   0.1726
     s(3S/4S) =  0.000000
     s(3S/5S) =  0.000000
     s(3S/6S) =  0.000000
     s(3P/3P) =  1.000000  <r> =   0.1768  <r2> =    0.0365  r(max) =   0.1622
     s(3P/4P) =  0.000000
     s(3P/5P) =  0.000000
     s(3P/6P) =  0.000000
     s(3P/3P) =  1.000000  <r> =   0.1923  <r2> =    0.0429  r(max) =   0.1770
     s(3P/4P) =  0.000000
     s(3P/5P) =  0.000000
     s(3P/6P) =  0.000000
     s(4S/4S) =  1.000000  <r> =   0.4149  <r2> =    0.1945  r(max) =   0.3890
     s(4S/5S) =  0.000000
     s(4S/6S) =  0.000000
     s(4P/4P) =  1.000000  <r> =   0.4179  <r2> =    0.1989  r(max) =   0.3890
     s(4P/5P) =  0.000000
     s(4P/6P) =  0.000000
     s(4P/4P) =  1.000000  <r> =   0.4518  <r2> =    0.2321  r(max) =   0.4193
     s(4P/5P) =  0.000000
     s(4P/6P) =  0.000000
     s(3D/3D) =  1.000000  <r> =   0.1676  <r2> =    0.0330  r(max) =   0.1378
     s(3D/4D) =  0.000000
     s(3D/5D) =  0.000000
     s(3D/3D) =  1.000000  <r> =   0.1723  <r2> =    0.0347  r(max) =   0.1413
     s(3D/4D) = -0.000000
     s(3D/5D) = -0.000000
     s(5S/5S) =  1.000000  <r> =   0.9535  <r2> =    1.0210  r(max) =   0.8657
     s(5S/6S) =  0.000000
     s(5P/5P) =  1.000000  <r> =   1.0353  <r2> =    1.2132  r(max) =   0.9215
     s(5P/6P) =  0.000000
     s(5P/5P) =  1.000000  <r> =   1.1360  <r2> =    1.4631  r(max) =   1.0058
     s(5P/6P) = -0.000000
     s(4D/4D) =  1.000000  <r> =   0.4617  <r2> =    0.2467  r(max) =   0.4141
     s(4D/5D) =  0.000000
     s(4D/4D) =  1.000000  <r> =   0.4729  <r2> =    0.2587  r(max) =   0.4246
     s(4D/5D) = -0.000000
     s(4F/4F) =  1.000000  <r> =   0.5126  <r2> =    0.3202  r(max) =   0.3842
     s(4F/4F) =  1.000000  <r> =   0.5199  <r2> =    0.3296  r(max) =   0.3890
     s(5D/5D) =  1.000000  <r> =   1.6502  <r2> =    3.3027  r(max) =   1.2439
     s(5D/5D) =  1.000000  <r> =   1.7410  <r2> =    3.7096  r(max) =   1.2754
     s(6S/6S) =  1.000000  <r> =   2.9354  <r2> =    9.9517  r(max) =   2.3828
     s(6P/6P) =  1.000000  <r> =   4.4820  <r2> =   24.2386  r(max) =   3.2569
     s(6P/6P) =  1.000000  <r> =   5.2993  <r2> =   34.0924  r(max) =   3.8798

     ------------------------ End of All-electron run ------------------------


     ---------------------- Testing the pseudopotential ----------------------

     Pt                                                                         
     dirac relativistic calculation

     atomic number is 78.00   valence charge is 10.00
     dft =PBE   lsd =0 sic =0 latt =0  beta=0.20 tr2=1.0E-14
     mesh =1277 r(mesh) =  98.81913 xmin = -7.00 dx = 0.01250

     n l  j  nl             e AE (Ry)       e PS (Ry)    De AE-PS (Ry) 
     1 0 0.5 6S   1( 1.00)       -0.41602       -0.41602        0.00000
     2 1 0.5 6P   1( 0.00)       -0.08881       -0.08880       -0.00000
     2 1 1.5 6P   1( 0.00)       -0.05372       -0.05372        0.00000
     3 2 1.5 5D   1( 4.00)       -0.50899       -0.50899        0.00000
     3 2 2.5 5D   1( 5.00)       -0.41164       -0.41165        0.00000

     eps = 2.3E-15  iter =  3
 
     Etot =  -36893.568852 Ry,  -18446.784426 Ha, -501962.576006 eV
     Etotps =   -71.994548 Ry,     -35.997274 Ha,    -979.535724 eV

     Ekin =      23.558145 Ry,      11.779072 Ha,     320.524887 eV
     Encl =    -107.758639 Ry,     -53.879319 Ha,   -1466.130969 eV
     Ehrt =      50.420218 Ry,      25.210109 Ha,     686.002013 eV
     Ecxc =     -31.149085 Ry,     -15.574542 Ha,    -423.804890 eV
     (Ecc =     -18.540742 Ry,      -9.270371 Ha,    -252.259646 eV)
     Epseu=      -7.065187 Ry,      -3.532593 Ha,     -96.126764 eV

     ---------------------- End of pseudopotential test ----------------------

