[0] MPI startup(): I_MPI_SHM_LMT environment variable is not supported.
[0] MPI startup(): Similar variables:
	 I_MPI_SHM_HEAP
	 I_MPI_SHM
	 I_MPI_SHM_OPT
	 I_MPI_SHM_THP
[0] MPI startup(): To check the list of supported variables, use the impi_info utility or refer to https://software.intel.com/en-us/mpi-library/documentation/get-started.

     Program LD1 v.7.3.1 starts on 19Sep2024 at 21:49:15 

     This program is part of the open-source Quantum ESPRESSO suite
     for quantum simulation of materials; please cite
         "P. Giannozzi et al., J. Phys.:Condens. Matter 21 395502 (2009);
         "P. Giannozzi et al., J. Phys.:Condens. Matter 29 465901 (2017);
         "P. Giannozzi et al., J. Chem. Phys. 152 154105 (2020);
          URL http://www.quantum-espresso.org", 
     in publications or presentations arising from this work. More details at
     http://www.quantum-espresso.org/quote

     Parallel version (MPI), running on     1 processors

     MPI processes distributed on     1 nodes
     89378 MiB available memory on the printing compute node when the environment starts
 
     Waiting for input...
     Reading input from standard input
     --------------------------- All-electron run ----------------------------

     Rh                                                                         
     dirac relativistic calculation

     atomic number is 45.00
     dft =PBE   lsd =0 sic =0 latt =0  beta=0.20 tr2=1.0E-14
     Exchange-correlation= PBE
                           (   1   4   3   4   0   0   0)
     mesh =1233 r(mesh) =  98.82371 a.u. xmin = -7.00 dx = 0.01250
     1 Ry =  13.60569312 eV, c = 137.03599908

     n l j   nl                  e(Ry)          e(Ha)          e(eV)
     Spin orbit split results
     1 0 0.5 1S 1( 2.00)     -1692.4015      -846.2008    -23026.2956
     2 0 0.5 2S 1( 2.00)      -245.2925      -122.6463     -3337.3750
     2 1 0.5 2P 1( 2.00)      -227.1024      -113.5512     -3089.8853
     2 1 1.5 2P 1( 4.00)      -216.4731      -108.2366     -2945.2670
     3 0 0.5 3S 1( 2.00)       -43.8308       -21.9154      -596.3479
     3 1 0.5 3P 1( 2.00)       -36.7126       -18.3563      -499.5007
     3 1 1.5 3P 1( 4.00)       -34.8841       -17.4420      -474.6219
     4 0 0.5 4S 1( 2.00)        -6.0559        -3.0280       -82.3950
     4 1 0.5 4P 1( 2.00)        -3.8972        -1.9486       -53.0248
     4 1 1.5 4P 1( 4.00)        -3.6110        -1.8055       -49.1305
     3 2 1.5 3D 1( 4.00)       -22.2858       -11.1429      -303.2144
     3 2 2.5 3D 1( 6.00)       -21.9252       -10.9626      -298.3082
     4 2 1.5 4D 1( 4.00)        -0.4517        -0.2258        -6.1456
     4 2 2.5 4D 1( 4.00)        -0.4230        -0.2115        -5.7547
     5 0 0.5 5S 1( 1.00)        -0.3156        -0.1578        -4.2941
     5 1 0.5 5P 1( 0.00)        -0.0678        -0.0339        -0.9227
     5 1 1.5 5P 1( 0.00)        -0.0601        -0.0301        -0.8178
     Averaged results
     1 0     1S 1( 2.00)     -1692.4015      -846.2008    -23026.2956
     2 0     2S 1( 2.00)      -245.2925      -122.6463     -3337.3750
     2 1     2P 1( 6.00)      -220.0162      -110.0081     -2993.4731
     3 0     3S 1( 2.00)       -43.8308       -21.9154      -596.3479
     3 1     3P 1( 6.00)       -35.4936       -17.7468      -482.9148
     4 0     4S 1( 2.00)        -6.0559        -3.0280       -82.3950
     4 1     4P 1( 6.00)        -3.7064        -1.8532       -50.4286
     3 2     3D 1(10.00)       -22.0695       -11.0347      -300.2706
     4 2     4D 1( 8.00)        -0.4345        -0.2172        -5.9110
     5 0     5S 1( 1.00)        -0.3156        -0.1578        -4.2941
     5 1     5P 1( 0.00)        -0.0627        -0.0313        -0.8528

     final scf error:  4.1E-15 reached in  31 iterations
 
     Etot =   -9570.081628 Ry,   -4785.040814 Ha, -130207.593790 eV

     Ekin =    9977.396262 Ry,    4988.698131 Ha,  135749.391702 eV
     Encl =  -23169.363524 Ry,  -11584.681762 Ha, -315235.249962 eV
     Eh   =    3899.494297 Ry,    1949.747149 Ha,   53055.322740 eV
     Exc  =    -277.608662 Ry,    -138.804331 Ha,   -3777.058270 eV


     normalization and overlap integrals

     s(1S/1S) =  1.000000  <r> =   0.0326  <r2> =    0.0014  r(max) =   0.0211
     s(1S/2S) =  0.000000
     s(1S/3S) = -0.000000
     s(1S/4S) =  0.000000
     s(1S/5S) =  0.000000
     s(2S/2S) =  1.000000  <r> =   0.1416  <r2> =    0.0237  r(max) =   0.1201
     s(2S/3S) =  0.000000
     s(2S/4S) =  0.000000
     s(2S/5S) =  0.000000
     s(2P/2P) =  1.000000  <r> =   0.1203  <r2> =    0.0178  r(max) =   0.0936
     s(2P/3P) =  0.000000
     s(2P/4P) =  0.000000
     s(2P/5P) =  0.000000
     s(2P/2P) =  1.000000  <r> =   0.1252  <r2> =    0.0191  r(max) =   0.0971
     s(2P/3P) =  0.000000
     s(2P/4P) =  0.000000
     s(2P/5P) =  0.000000
     s(3S/3S) =  1.000000  <r> =   0.3904  <r2> =    0.1746  r(max) =   0.3520
     s(3S/4S) =  0.000000
     s(3S/5S) =  0.000000
     s(3P/3P) =  1.000000  <r> =   0.3831  <r2> =    0.1708  r(max) =   0.3390
     s(3P/4P) =  0.000000
     s(3P/5P) =  0.000000
     s(3P/3P) =  1.000000  <r> =   0.3938  <r2> =    0.1802  r(max) =   0.3476
     s(3P/4P) =  0.000000
     s(3P/5P) =  0.000000
     s(4S/4S) =  1.000000  <r> =   0.9805  <r2> =    1.0902  r(max) =   0.8766
     s(4S/5S) =  0.000000
     s(4P/4P) =  1.000000  <r> =   1.0611  <r2> =    1.2920  r(max) =   0.9332
     s(4P/5P) =  0.000000
     s(4P/4P) =  1.000000  <r> =   1.0924  <r2> =    1.3700  r(max) =   0.9568
     s(4P/5P) = -0.000000
     s(3D/3D) =  1.000000  <r> =   0.3683  <r2> =    0.1623  r(max) =   0.2918
     s(3D/4D) = -0.000000
     s(3D/3D) =  1.000000  <r> =   0.3718  <r2> =    0.1652  r(max) =   0.2918
     s(3D/4D) = -0.000000
     s(4D/4D) =  1.000000  <r> =   1.5776  <r2> =    3.1136  r(max) =   1.1398
     s(4D/4D) =  1.000000  <r> =   1.6053  <r2> =    3.2343  r(max) =   1.1541
     s(5S/5S) =  1.000000  <r> =   3.3088  <r2> =   12.7348  r(max) =   2.6667
     s(5P/5P) =  1.000000  <r> =   5.1605  <r2> =   32.2129  r(max) =   3.7842
     s(5P/5P) =  1.000000  <r> =   5.3932  <r2> =   35.1919  r(max) =   3.9782

     ------------------------ End of All-electron run ------------------------


     --------------------- Generating PAW atomic setup --------------------


      Generating local potential from pseudized AE potential:
      Matching radius rcloc =   1.9000

      Local pseudo, rcloc= 1.903 Estimated cut-off energy=     6.98 Ry

      Computing core charge for nlcc: 

       r > 0.91 : true rho core
      Core charge pseudized with two Bessel functions
      Integrated core pseudo-charge :   4.83

     Fully relativistic calculation: |psi|^2

     Wfc 4S LC norm =  0.99962306 SC norm =  0.00037679 missing  0.00000015
     Speed at rcutus      0.715 a.u.,  v/c =  0.005217,  (v/c)^2 = -0.00002721

     Wfc 5S LC norm =  0.99996627 SC norm =  0.00003093 missing  0.00000280
     Speed at rcutus      0.229 a.u.,  v/c =  0.001671,  (v/c)^2 =  0.00000279

     Wfc 4P LC norm =  0.99967684 SC norm =  0.00032300 missing  0.00000016
     Speed at rcutus      0.545 a.u.,  v/c =  0.003980,  (v/c)^2 = -0.00001584

     Wfc 4P LC norm =  0.99969244 SC norm =  0.00030694 missing  0.00000063
     Speed at rcutus      0.509 a.u.,  v/c =  0.003715,  (v/c)^2 = -0.00001380

     Wfc 5P LC norm =  0.99998725 SC norm =  0.00001167 missing  0.00000107
     Speed at rcutus      0.237 a.u.,  v/c =  0.001733,  (v/c)^2 =  0.00000300

     Wfc 5P LC norm =  0.99998847 SC norm =  0.00000871 missing  0.00000282
     Speed at rcutus      0.197 a.u.,  v/c =  0.001436,  (v/c)^2 =  0.00000206

     Wfc 4D LC norm =  0.99983504 SC norm =  0.00016493 missing  0.00000003
     Speed at rcutus      0.724 a.u.,  v/c =  0.005282,  (v/c)^2 =  0.00002790

     Wfc 4D LC norm =  0.99983954 SC norm =  0.00015497 missing  0.00000549
     Speed at rcutus      0.737 a.u.,  v/c =  0.005376,  (v/c)^2 =  0.00002890
      Wfc-us  4S rcutus= 1.679  Estimated cut-off energy=    19.80 Ry
      Wfc-us  5S rcutus= 1.308  Estimated cut-off energy=    54.76 Ry
      Wfc-us  4P rcutus= 1.679  Estimated cut-off energy=    30.22 Ry
      Wfc-us  4P rcutus= 1.679  Estimated cut-off energy=    30.05 Ry
      Wfc-us  5P rcutus= 1.679  Estimated cut-off energy=    55.61 Ry
      Wfc-us  5P rcutus= 1.679  Estimated cut-off energy=    54.77 Ry
      Wfc-us  4D rcutus= 1.903  Estimated cut-off energy=    32.09 Ry
      Wfc-us  4D rcutus= 1.903  Estimated cut-off energy=    32.04 Ry
      Wfc-us  4D rcutus= 1.903  Estimated cut-off energy=    37.77 Ry
      Wfc-us  4D rcutus= 1.903  Estimated cut-off energy=    37.16 Ry

      The bmat matrix
    -0.71534     0.81872     0.00000     0.00000     0.00000     0.00000
     0.00000     0.00000     0.00000     0.00000
    -0.05961     0.24293     0.00000     0.00000     0.00000     0.00000
     0.00000     0.00000     0.00000     0.00000
     0.00000     0.00000    -1.93289     0.00000    -0.15931     0.00000
     0.00000     0.00000     0.00000     0.00000
     0.00000     0.00000     0.00000    -1.71644     0.00000    -0.13038
     0.00000     0.00000     0.00000     0.00000
     0.00000     0.00000    -0.46478     0.00000    -0.16334     0.00000
     0.00000     0.00000     0.00000     0.00000
     0.00000     0.00000     0.00000    -0.36460     0.00000    -0.10597
     0.00000     0.00000     0.00000     0.00000
     0.00000     0.00000     0.00000     0.00000     0.00000     0.00000
    -0.85940     0.00000    -0.60784     0.00000
     0.00000     0.00000     0.00000     0.00000     0.00000     0.00000
     0.00000    -0.82945     0.00000    -0.58620
     0.00000     0.00000     0.00000     0.00000     0.00000     0.00000
    -0.51003     0.00000    -0.36360     0.00000
     0.00000     0.00000     0.00000     0.00000     0.00000     0.00000
     0.00000    -0.49624     0.00000    -0.35269

      The bmat + epsilon qq matrix
     1.81193     0.86701     0.00000     0.00000     0.00000     0.00000
     0.00000     0.00000     0.00000     0.00000
     0.86699     0.26021     0.00000     0.00000     0.00000     0.00000
     0.00000     0.00000     0.00000     0.00000
     0.00000     0.00000    -2.29779     0.00000    -0.15391     0.00000
     0.00000     0.00000     0.00000     0.00000
     0.00000     0.00000     0.00000    -1.89519     0.00000    -0.12641
     0.00000     0.00000     0.00000     0.00000
     0.00000     0.00000    -0.15391     0.00000    -0.16043     0.00000
     0.00000     0.00000     0.00000     0.00000
     0.00000     0.00000     0.00000    -0.12642     0.00000    -0.10411
     0.00000     0.00000     0.00000     0.00000
     0.00000     0.00000     0.00000     0.00000     0.00000     0.00000
    -0.94767     0.00000    -0.56881     0.00000
     0.00000     0.00000     0.00000     0.00000     0.00000     0.00000
     0.00000    -0.90778     0.00000    -0.54888
     0.00000     0.00000     0.00000     0.00000     0.00000     0.00000
    -0.56880     0.00000    -0.33763     0.00000
     0.00000     0.00000     0.00000     0.00000     0.00000     0.00000
     0.00000    -0.54887     0.00000    -0.32764

      The qq matrix
    -0.41732    -0.15301     0.00000     0.00000     0.00000     0.00000
     0.00000     0.00000     0.00000     0.00000
    -0.15301    -0.05475     0.00000     0.00000     0.00000     0.00000
     0.00000     0.00000     0.00000     0.00000
     0.00000     0.00000     0.09363     0.00000    -0.07977     0.00000
     0.00000     0.00000     0.00000     0.00000
     0.00000     0.00000     0.00000     0.04950     0.00000    -0.06596
     0.00000     0.00000     0.00000     0.00000
     0.00000     0.00000    -0.07977     0.00000    -0.04291     0.00000
     0.00000     0.00000     0.00000     0.00000
     0.00000     0.00000     0.00000    -0.06596     0.00000    -0.03088
     0.00000     0.00000     0.00000     0.00000
     0.00000     0.00000     0.00000     0.00000     0.00000     0.00000
     0.19541     0.00000     0.13010     0.00000
     0.00000     0.00000     0.00000     0.00000     0.00000     0.00000
     0.00000     0.18520     0.00000     0.12442
     0.00000     0.00000     0.00000     0.00000     0.00000     0.00000
     0.13010     0.00000     0.08659     0.00000
     0.00000     0.00000     0.00000     0.00000     0.00000     0.00000
     0.00000     0.12442     0.00000     0.08351


    multipoles (all-electron charge) - (pseudo charge)
        ns l1:ns1 l2    l=0     l=1     l=2     l=3     l=4     l=5  
         1  0:  1  0 -0.4173
         2  0:  1  0 -0.1530
         2  0:  2  0 -0.0548
         3  1:  1  0  0.0000  0.0378
         3  1:  2  0  0.0000  0.0250
         3  1:  3  1  0.0936  0.0000  0.0681
         4  1:  1  0  0.0000  0.0574
         4  1:  2  0  0.0000  0.0291
         4  1:  3  1  0.0705  0.0000  0.0533
         4  1:  4  1  0.0495  0.0000  0.0391
         5  1:  1  0  0.0000  0.1068
         5  1:  2  0  0.0000  0.0275
         5  1:  3  1 -0.0798  0.0000 -0.0510
         5  1:  4  1 -0.0840  0.0000 -0.0536
         5  1:  5  1 -0.0429  0.0000 -0.0226
         6  1:  1  0  0.0000  0.0869
         6  1:  2  0  0.0000  0.0228
         6  1:  3  1 -0.0623  0.0000 -0.0394
         6  1:  4  1 -0.0660  0.0000 -0.0418
         6  1:  5  1 -0.0365  0.0000 -0.0194
         6  1:  6  1 -0.0309  0.0000 -0.0166
         7  2:  1  0  0.0000  0.0000  0.1038
         7  2:  2  0  0.0000  0.0000  0.0078
         7  2:  3  1  0.0000 -0.1466  0.0000 -0.1370
         7  2:  4  1  0.0000 -0.1355  0.0000 -0.1290
         7  2:  5  1  0.0000  0.0183  0.0000  0.0176
         7  2:  6  1  0.0000  0.0113  0.0000  0.0108
         7  2:  7  2  0.1954  0.0000  0.1597  0.0000  0.1794
         8  2:  1  0  0.0000  0.0000  0.0987
         8  2:  2  0  0.0000  0.0000  0.0072
         8  2:  3  1  0.0000 -0.1410  0.0000 -0.1320
         8  2:  4  1  0.0000 -0.1302  0.0000 -0.1243
         8  2:  5  1  0.0000  0.0188  0.0000  0.0179
         8  2:  6  1  0.0000  0.0118  0.0000  0.0111
         8  2:  7  2  0.1900  0.0000  0.1553  0.0000  0.1747
         8  2:  8  2  0.1852  0.0000  0.1514  0.0000  0.1708
         9  2:  1  0  0.0000  0.0000  0.0697
         9  2:  2  0  0.0000  0.0000  0.0050
         9  2:  3  1  0.0000 -0.0983  0.0000 -0.0918
         9  2:  4  1  0.0000 -0.0908  0.0000 -0.0867
         9  2:  5  1  0.0000  0.0119  0.0000  0.0111
         9  2:  6  1  0.0000  0.0073  0.0000  0.0067
         9  2:  7  2  0.1301  0.0000  0.1048  0.0000  0.1167
         9  2:  8  2  0.1265  0.0000  0.1021  0.0000  0.1140
         9  2:  9  2  0.0866  0.0000  0.0686  0.0000  0.0756
        10  2:  1  0  0.0000  0.0000  0.0677
        10  2:  2  0  0.0000  0.0000  0.0047
        10  2:  3  1  0.0000 -0.0958  0.0000 -0.0898
        10  2:  4  1  0.0000 -0.0886  0.0000 -0.0849
        10  2:  5  1  0.0000  0.0121  0.0000  0.0112
        10  2:  6  1  0.0000  0.0075  0.0000  0.0068
        10  2:  7  2  0.1276  0.0000  0.1032  0.0000  0.1153
        10  2:  8  2  0.1244  0.0000  0.1006  0.0000  0.1128
        10  2:  9  2  0.0849  0.0000  0.0676  0.0000  0.0747
        10  2: 10  2  0.0835  0.0000  0.0666  0.0000  0.0739
     Required augmentation: PSQ   radius:    1.900000

     Q pseudized with Bessel functions
     Expected ecutrho=     438.9792 due to l1=  2   l2=  2

     Estimated PAW energy = -470.232971 Ryd

     The PAW screened D coefficients
     1.81193     0.86699     0.00000     0.00000     0.00000     0.00000
     0.00000     0.00000     0.00000     0.00000
     0.86699     0.26021     0.00000     0.00000     0.00000     0.00000
     0.00000     0.00000     0.00000     0.00000
     0.00000     0.00000    -2.29779     0.00000    -0.15391     0.00000
     0.00000     0.00000     0.00000     0.00000
     0.00000     0.00000     0.00000    -1.89520     0.00000    -0.12642
     0.00000     0.00000     0.00000     0.00000
     0.00000     0.00000    -0.15391     0.00000    -0.16043     0.00000
     0.00000     0.00000     0.00000     0.00000
     0.00000     0.00000     0.00000    -0.12642     0.00000    -0.10411
     0.00000     0.00000     0.00000     0.00000
     0.00000     0.00000     0.00000     0.00000     0.00000     0.00000
    -0.94767     0.00000    -0.56880     0.00000
     0.00000     0.00000     0.00000     0.00000     0.00000     0.00000
     0.00000    -0.90779     0.00000    -0.54887
     0.00000     0.00000     0.00000     0.00000     0.00000     0.00000
    -0.56880     0.00000    -0.33763     0.00000
     0.00000     0.00000     0.00000     0.00000     0.00000     0.00000
     0.00000    -0.54887     0.00000    -0.32764

     The PAW descreened D coefficients (US)
    -2.31987    -0.70111     0.00000     0.00000     0.00000     0.00000
     0.00000     0.00000     0.00000     0.00000
    -0.70111    -0.31338     0.00000     0.00000     0.00000     0.00000
     0.00000     0.00000     0.00000     0.00000
     0.00000     0.00000    -1.38220     0.00000    -0.83185     0.00000
     0.00000     0.00000     0.00000     0.00000
     0.00000     0.00000     0.00000    -1.36344     0.00000    -0.68512
     0.00000     0.00000     0.00000     0.00000
     0.00000     0.00000    -0.83185     0.00000    -0.55446     0.00000
     0.00000     0.00000     0.00000     0.00000
     0.00000     0.00000     0.00000    -0.68512     0.00000    -0.38527
     0.00000     0.00000     0.00000     0.00000
     0.00000     0.00000     0.00000     0.00000     0.00000     0.00000
     0.68024     0.00000     0.52159     0.00000
     0.00000     0.00000     0.00000     0.00000     0.00000     0.00000
     0.00000     0.63688     0.00000     0.49361
     0.00000     0.00000     0.00000     0.00000     0.00000     0.00000
     0.52159     0.00000     0.39283     0.00000
     0.00000     0.00000     0.00000     0.00000     0.00000     0.00000
     0.00000     0.49361     0.00000     0.37578

     ------------------- End of pseudopotential generation -------------------

     --------------------------- All-electron run ----------------------------

     Rh                                                                         
     dirac relativistic calculation

     atomic number is 45.00
     dft = SLA  PW   PBX  PBC   lsd =0 sic =0 latt =0  beta=0.20 tr2=1.0E-14
     Exchange-correlation=  SLA  PW   PBX  PBC
                           (   1   4   3   4   0   0   0)
     mesh =1233 r(mesh) =  98.82371 a.u. xmin = -7.00 dx = 0.01250
     1 Ry =  13.60569312 eV, c = 137.03599908

     n l j   nl                  e(Ry)          e(Ha)          e(eV)
     Spin orbit split results
     1 0 0.5 1S 1( 2.00)     -1692.4015      -846.2008    -23026.2956
     2 0 0.5 2S 1( 2.00)      -245.2925      -122.6463     -3337.3750
     2 1 0.5 2P 1( 2.00)      -227.1024      -113.5512     -3089.8853
     2 1 1.5 2P 1( 4.00)      -216.4731      -108.2366     -2945.2670
     3 0 0.5 3S 1( 2.00)       -43.8308       -21.9154      -596.3479
     3 1 0.5 3P 1( 2.00)       -36.7126       -18.3563      -499.5007
     3 1 1.5 3P 1( 4.00)       -34.8841       -17.4420      -474.6219
     4 0 0.5 4S 1( 2.00)        -6.0559        -3.0280       -82.3950
     4 1 0.5 4P 1( 2.00)        -3.8972        -1.9486       -53.0248
     4 1 1.5 4P 1( 4.00)        -3.6110        -1.8055       -49.1305
     3 2 1.5 3D 1( 4.00)       -22.2858       -11.1429      -303.2144
     3 2 2.5 3D 1( 6.00)       -21.9252       -10.9626      -298.3082
     4 2 1.5 4D 1( 4.00)        -0.4517        -0.2258        -6.1456
     4 2 2.5 4D 1( 4.00)        -0.4230        -0.2115        -5.7547
     5 0 0.5 5S 1( 1.00)        -0.3156        -0.1578        -4.2941
     5 1 0.5 5P 1( 0.00)        -0.0678        -0.0339        -0.9227
     5 1 1.5 5P 1( 0.00)        -0.0601        -0.0301        -0.8178
     Averaged results
     1 0     1S 1( 2.00)     -1692.4015      -846.2008    -23026.2956
     2 0     2S 1( 2.00)      -245.2925      -122.6463     -3337.3750
     2 1     2P 1( 6.00)      -220.0162      -110.0081     -2993.4731
     3 0     3S 1( 2.00)       -43.8308       -21.9154      -596.3479
     3 1     3P 1( 6.00)       -35.4936       -17.7468      -482.9148
     4 0     4S 1( 2.00)        -6.0559        -3.0280       -82.3950
     4 1     4P 1( 6.00)        -3.7064        -1.8532       -50.4286
     3 2     3D 1(10.00)       -22.0695       -11.0347      -300.2706
     4 2     4D 1( 8.00)        -0.4345        -0.2172        -5.9110
     5 0     5S 1( 1.00)        -0.3156        -0.1578        -4.2941
     5 1     5P 1( 0.00)        -0.0627        -0.0313        -0.8528

     final scf error:  4.1E-15 reached in  31 iterations
 
     Etot =   -9570.081628 Ry,   -4785.040814 Ha, -130207.593790 eV

     Ekin =    9977.396262 Ry,    4988.698131 Ha,  135749.391702 eV
     Encl =  -23169.363524 Ry,  -11584.681762 Ha, -315235.249962 eV
     Eh   =    3899.494297 Ry,    1949.747149 Ha,   53055.322740 eV
     Exc  =    -277.608662 Ry,    -138.804331 Ha,   -3777.058270 eV


     normalization and overlap integrals

     s(1S/1S) =  1.000000  <r> =   0.0326  <r2> =    0.0014  r(max) =   0.0211
     s(1S/2S) =  0.000000
     s(1S/3S) = -0.000000
     s(1S/4S) =  0.000000
     s(1S/5S) =  0.000000
     s(2S/2S) =  1.000000  <r> =   0.1416  <r2> =    0.0237  r(max) =   0.1201
     s(2S/3S) =  0.000000
     s(2S/4S) =  0.000000
     s(2S/5S) =  0.000000
     s(2P/2P) =  1.000000  <r> =   0.1203  <r2> =    0.0178  r(max) =   0.0936
     s(2P/3P) =  0.000000
     s(2P/4P) =  0.000000
     s(2P/5P) =  0.000000
     s(2P/2P) =  1.000000  <r> =   0.1252  <r2> =    0.0191  r(max) =   0.0971
     s(2P/3P) =  0.000000
     s(2P/4P) =  0.000000
     s(2P/5P) =  0.000000
     s(3S/3S) =  1.000000  <r> =   0.3904  <r2> =    0.1746  r(max) =   0.3520
     s(3S/4S) =  0.000000
     s(3S/5S) =  0.000000
     s(3P/3P) =  1.000000  <r> =   0.3831  <r2> =    0.1708  r(max) =   0.3390
     s(3P/4P) =  0.000000
     s(3P/5P) =  0.000000
     s(3P/3P) =  1.000000  <r> =   0.3938  <r2> =    0.1802  r(max) =   0.3476
     s(3P/4P) =  0.000000
     s(3P/5P) =  0.000000
     s(4S/4S) =  1.000000  <r> =   0.9805  <r2> =    1.0902  r(max) =   0.8766
     s(4S/5S) =  0.000000
     s(4P/4P) =  1.000000  <r> =   1.0611  <r2> =    1.2920  r(max) =   0.9332
     s(4P/5P) =  0.000000
     s(4P/4P) =  1.000000  <r> =   1.0924  <r2> =    1.3700  r(max) =   0.9568
     s(4P/5P) = -0.000000
     s(3D/3D) =  1.000000  <r> =   0.3683  <r2> =    0.1623  r(max) =   0.2918
     s(3D/4D) = -0.000000
     s(3D/3D) =  1.000000  <r> =   0.3718  <r2> =    0.1652  r(max) =   0.2918
     s(3D/4D) = -0.000000
     s(4D/4D) =  1.000000  <r> =   1.5776  <r2> =    3.1136  r(max) =   1.1398
     s(4D/4D) =  1.000000  <r> =   1.6053  <r2> =    3.2343  r(max) =   1.1541
     s(5S/5S) =  1.000000  <r> =   3.3088  <r2> =   12.7348  r(max) =   2.6667
     s(5P/5P) =  1.000000  <r> =   5.1605  <r2> =   32.2129  r(max) =   3.7842
     s(5P/5P) =  1.000000  <r> =   5.3932  <r2> =   35.1919  r(max) =   3.9782

     ------------------------ End of All-electron run ------------------------


     ---------------------- Testing the pseudopotential ----------------------

     Rh                                                                         
     dirac relativistic calculation

     atomic number is 45.00   valence charge is 17.00
     dft = SLA  PW   PBX  PBC   lsd =0 sic =0 latt =0  beta=0.20 tr2=1.0E-14
     mesh =1233 r(mesh) =  98.82371 xmin = -7.00 dx = 0.01250

     n l  j  nl             e AE (Ry)       e PS (Ry)    De AE-PS (Ry) 
     1 0 0.5 4S   1( 2.00)       -6.05592       -6.05592        0.00000
     2 0 0.5 5S   1( 1.00)       -0.31561       -0.31561        0.00000
     2 1 0.5 4P   1( 2.00)       -3.89725       -3.89725        0.00000
     2 1 1.5 4P   1( 4.00)       -3.61102       -3.61102        0.00000
     3 1 0.5 5P   1( 0.00)       -0.06781       -0.06781       -0.00000
     3 1 1.5 5P   1( 0.00)       -0.06011       -0.06011        0.00000
     3 2 1.5 4D   1( 4.00)       -0.45169       -0.45170        0.00000
     3 2 2.5 4D   1( 4.00)       -0.42296       -0.42296        0.00000

     eps = 1.7E-15  iter =  4
 
     Etot =   -9570.081628 Ry,   -4785.040814 Ha, -130207.593790 eV
     Etotps =  -470.232970 Ry,    -235.116485 Ha,   -6397.845481 eV

     Ekin =     303.553975 Ry,     151.776988 Ha,    4130.062232 eV
     Encl =    -686.335045 Ry,    -343.167523 Ha,   -9338.064004 eV
     Ehrt =     190.156795 Ry,      95.078398 Ha,    2587.214998 eV
     Ecxc =    -277.608695 Ry,    -138.804347 Ha,   -3777.058707 eV
     (Ecc =     -11.602250 Ry,      -5.801125 Ha,    -157.856658 eV)

     ---------------------- End of pseudopotential test ----------------------

