[0] MPI startup(): I_MPI_SHM_LMT environment variable is not supported.
[0] MPI startup(): Similar variables:
	 I_MPI_SHM_HEAP
	 I_MPI_SHM
	 I_MPI_SHM_OPT
	 I_MPI_SHM_THP
[0] MPI startup(): To check the list of supported variables, use the impi_info utility or refer to https://software.intel.com/en-us/mpi-library/documentation/get-started.

     Program LD1 v.7.3.1 starts on 19Sep2024 at 21:49:21 

     This program is part of the open-source Quantum ESPRESSO suite
     for quantum simulation of materials; please cite
         "P. Giannozzi et al., J. Phys.:Condens. Matter 21 395502 (2009);
         "P. Giannozzi et al., J. Phys.:Condens. Matter 29 465901 (2017);
         "P. Giannozzi et al., J. Chem. Phys. 152 154105 (2020);
          URL http://www.quantum-espresso.org", 
     in publications or presentations arising from this work. More details at
     http://www.quantum-espresso.org/quote

     Parallel version (MPI), running on     1 processors

     MPI processes distributed on     1 nodes
     89345 MiB available memory on the printing compute node when the environment starts
 
     Waiting for input...
     Reading input from standard input
     --------------------------- All-electron run ----------------------------

     S                                                                          
     dirac relativistic calculation

     atomic number is 16.00
     dft =PBE   lsd =0 sic =0 latt =0  beta=0.20 tr2=1.0E-14
     Exchange-correlation= PBE
                           (   1   4   3   4   0   0   0)
     mesh =1151 r(mesh) =  99.72449 a.u. xmin = -7.00 dx = 0.01250
     1 Ry =  13.60569312 eV, c = 137.03599908

     n l j   nl                  e(Ry)          e(Ha)          e(eV)
     Spin orbit split results
     1 0 0.5 1S 1( 2.00)      -176.8141       -88.4071     -2405.6785
     2 0 0.5 2S 1( 2.00)       -15.5567        -7.7784      -211.6599
     2 1 0.5 2P 1( 2.00)       -11.5612        -5.7806      -157.2977
     2 1 1.5 2P 1( 4.00)       -11.4684        -5.7342      -156.0351
     3 0 0.5 3S 1( 2.00)        -1.2674        -0.6337       -17.2434
     3 1 0.5 3P 1( 2.00)        -0.5185        -0.2592        -7.0544
     3 1 1.5 3P 1( 2.00)        -0.5123        -0.2562        -6.9707
     Averaged results
     1 0     1S 1( 2.00)      -176.8141       -88.4071     -2405.6785
     2 0     2S 1( 2.00)       -15.5567        -7.7784      -211.6599
     2 1     2P 1( 6.00)       -11.4993        -5.7497      -156.4560
     3 0     3S 1( 2.00)        -1.2674        -0.6337       -17.2434
     3 1     3P 1( 4.00)        -0.5144        -0.2572        -6.9986

     final scf error:  5.9E-15 reached in  26 iterations
 
     Etot =    -798.099565 Ry,    -399.049783 Ha,  -10858.697769 eV

     Ekin =     801.630067 Ry,     400.815033 Ha,   10906.732685 eV
     Encl =   -1903.426521 Ry,    -951.713261 Ha,  -25897.437129 eV
     Eh   =     354.642310 Ry,     177.321155 Ha,    4825.154439 eV
     Exc  =     -50.945421 Ry,     -25.472711 Ha,    -693.147764 eV


     normalization and overlap integrals

     s(1S/1S) =  1.000000  <r> =   0.0969  <r2> =    0.0126  r(max) =   0.0633
     s(1S/2S) =  0.000000
     s(1S/3S) = -0.000000
     s(2S/2S) =  1.000000  <r> =   0.4789  <r2> =    0.2730  r(max) =   0.3877
     s(2S/3S) =  0.000000
     s(2P/2P) =  1.000000  <r> =   0.4410  <r2> =    0.2433  r(max) =   0.3254
     s(2P/3P) =  0.000000
     s(2P/2P) =  1.000000  <r> =   0.4433  <r2> =    0.2457  r(max) =   0.3254
     s(2P/3P) =  0.000000
     s(3S/3S) =  1.000000  <r> =   1.6946  <r2> =    3.3436  r(max) =   1.4048
     s(3P/3P) =  1.000000  <r> =   2.0657  <r2> =    5.1469  r(max) =   1.5919
     s(3P/3P) =  1.000000  <r> =   2.0756  <r2> =    5.1972  r(max) =   1.6119

     ------------------------ End of All-electron run ------------------------


     --------------------- Generating PAW atomic setup --------------------


      Generating local pot.: lloc=2, j= 1.50, matching radius rcloc =   1.9000

      Generating local pot.: lloc=2, j= 2.50, matching radius rcloc =   1.9000

      Computing core charge for nlcc: 

       r > 1.21 : true rho core
      Core charge pseudized with two Bessel functions
      Integrated core pseudo-charge :   1.69

     Fully relativistic calculation: |psi|^2

     Wfc 3S LC norm =  0.99992755 SC norm =  0.00007060 missing  0.00000185
     Speed at rcutus      0.069 a.u.,  v/c =  0.000503,  (v/c)^2 = -0.00000025

     Wfc 3P LC norm =  0.99994885 SC norm =  0.00005086 missing  0.00000029
     Speed at rcutus      0.562 a.u.,  v/c =  0.004098,  (v/c)^2 =  0.00001679

     Wfc 3P LC norm =  0.99994926 SC norm =  0.00004649 missing  0.00000425
     Speed at rcutus      0.564 a.u.,  v/c =  0.004119,  (v/c)^2 =  0.00001697
      Wfc-us  3S rcutus= 2.122  Estimated cut-off energy=    11.11 Ry
      Wfc-us  3S rcutus= 2.122  Estimated cut-off energy=    11.84 Ry
      Wfc-us  3P rcutus= 2.122  Estimated cut-off energy=    17.34 Ry
      Wfc-us  3P rcutus= 2.122  Estimated cut-off energy=    17.33 Ry
      Wfc-us  3P rcutus= 2.122  Estimated cut-off energy=    17.53 Ry
      Wfc-us  3P rcutus= 2.122  Estimated cut-off energy=    17.48 Ry

      The bmat matrix
     3.71272     5.80822     0.00000     0.00000     0.00000     0.00000
     3.31919     5.75229     0.00000     0.00000     0.00000     0.00000
     0.00000     0.00000     0.69406     0.00000     0.20801     0.00000
     0.00000     0.00000     0.00000     0.69361     0.00000     0.22601
     0.00000     0.00000     0.47050     0.00000     0.50081     0.00000
     0.00000     0.00000     0.00000     0.47499     0.00000     0.51247

      The bmat + epsilon qq matrix
     4.17536     3.75331     0.00000     0.00000     0.00000     0.00000
     3.75324     3.45731     0.00000     0.00000     0.00000     0.00000
     0.00000     0.00000     0.71462     0.00000     0.44967     0.00000
     0.00000     0.00000     0.00000     0.71440     0.00000     0.45547
     0.00000     0.00000     0.44961     0.00000     0.81968     0.00000
     0.00000     0.00000     0.00000     0.45540     0.00000     0.82359

      The qq matrix
    -0.36504    -0.34248     0.00000     0.00000     0.00000     0.00000
    -0.34248    -0.38250     0.00000     0.00000     0.00000     0.00000
     0.00000     0.00000    -0.03965     0.00000     0.04028     0.00000
     0.00000     0.00000     0.00000    -0.04057     0.00000     0.03824
     0.00000     0.00000     0.04028     0.00000     0.05314     0.00000
     0.00000     0.00000     0.00000     0.03824     0.00000     0.05185


    multipoles (all-electron charge) - (pseudo charge)
        ns l1:ns1 l2    l=0     l=1     l=2     l=3     l=4     l=5  
         1  0:  1  0 -0.3650
         2  0:  1  0 -0.3425
         2  0:  2  0 -0.3825
         3  1:  1  0  0.0000  0.1444
         3  1:  2  0  0.0000  0.1000
         3  1:  3  1 -0.0396  0.0000 -0.0616
         4  1:  1  0  0.0000  0.1446
         4  1:  2  0  0.0000  0.0999
         4  1:  3  1 -0.0402  0.0000 -0.0622
         4  1:  4  1 -0.0406  0.0000 -0.0628
         5  1:  1  0  0.0000  0.0016
         5  1:  2  0  0.0000  0.0488
         5  1:  3  1  0.0403  0.0000  0.0549
         5  1:  4  1  0.0395  0.0000  0.0542
         5  1:  5  1  0.0531  0.0000  0.0373
         6  1:  1  0  0.0000  0.0038
         6  1:  2  0  0.0000  0.0503
         6  1:  3  1  0.0390  0.0000  0.0535
         6  1:  4  1  0.0382  0.0000  0.0527
         6  1:  5  1  0.0525  0.0000  0.0370
         6  1:  6  1  0.0519  0.0000  0.0367
     Required augmentation: PSQ   radius:    1.900000

     Q pseudized with Bessel functions
     Expected ecutrho=      77.3351 due to l1=  1   l2=  1

     Estimated PAW energy =  -66.005677 Ryd

     The PAW screened D coefficients
     4.17536     3.75325     0.00000     0.00000     0.00000     0.00000
     3.75325     3.45735     0.00000     0.00000     0.00000     0.00000
     0.00000     0.00000     0.71462     0.00000     0.44961     0.00000
     0.00000     0.00000     0.00000     0.71440     0.00000     0.45540
     0.00000     0.00000     0.44961     0.00000     0.81971     0.00000
     0.00000     0.00000     0.00000     0.45540     0.00000     0.82363

     The PAW descreened D coefficients (US)
     1.08899     0.36624     0.00000     0.00000     0.00000     0.00000
     0.36624    -0.08312     0.00000     0.00000     0.00000     0.00000
     0.00000     0.00000     0.59314     0.00000     0.68423     0.00000
     0.00000     0.00000     0.00000     0.58581     0.00000     0.67093
     0.00000     0.00000     0.68423     0.00000     1.64345     0.00000
     0.00000     0.00000     0.00000     0.67093     0.00000     1.63163

     ------------------- End of pseudopotential generation -------------------

     --------------------------- All-electron run ----------------------------

     S                                                                          
     dirac relativistic calculation

     atomic number is 16.00
     dft = SLA  PW   PBX  PBC   lsd =0 sic =0 latt =0  beta=0.20 tr2=1.0E-14
     Exchange-correlation=  SLA  PW   PBX  PBC
                           (   1   4   3   4   0   0   0)
     mesh =1151 r(mesh) =  99.72449 a.u. xmin = -7.00 dx = 0.01250
     1 Ry =  13.60569312 eV, c = 137.03599908

     n l j   nl                  e(Ry)          e(Ha)          e(eV)
     Spin orbit split results
     1 0 0.5 1S 1( 2.00)      -176.8141       -88.4071     -2405.6785
     2 0 0.5 2S 1( 2.00)       -15.5567        -7.7784      -211.6599
     2 1 0.5 2P 1( 2.00)       -11.5612        -5.7806      -157.2977
     2 1 1.5 2P 1( 4.00)       -11.4684        -5.7342      -156.0351
     3 0 0.5 3S 1( 2.00)        -1.2674        -0.6337       -17.2434
     3 1 0.5 3P 1( 2.00)        -0.5185        -0.2592        -7.0544
     3 1 1.5 3P 1( 2.00)        -0.5123        -0.2562        -6.9707
     Averaged results
     1 0     1S 1( 2.00)      -176.8141       -88.4071     -2405.6785
     2 0     2S 1( 2.00)       -15.5567        -7.7784      -211.6599
     2 1     2P 1( 6.00)       -11.4993        -5.7497      -156.4560
     3 0     3S 1( 2.00)        -1.2674        -0.6337       -17.2434
     3 1     3P 1( 4.00)        -0.5144        -0.2572        -6.9986

     final scf error:  5.9E-15 reached in  26 iterations
 
     Etot =    -798.099565 Ry,    -399.049783 Ha,  -10858.697769 eV

     Ekin =     801.630067 Ry,     400.815033 Ha,   10906.732685 eV
     Encl =   -1903.426521 Ry,    -951.713261 Ha,  -25897.437129 eV
     Eh   =     354.642310 Ry,     177.321155 Ha,    4825.154439 eV
     Exc  =     -50.945421 Ry,     -25.472711 Ha,    -693.147764 eV


     normalization and overlap integrals

     s(1S/1S) =  1.000000  <r> =   0.0969  <r2> =    0.0126  r(max) =   0.0633
     s(1S/2S) =  0.000000
     s(1S/3S) = -0.000000
     s(2S/2S) =  1.000000  <r> =   0.4789  <r2> =    0.2730  r(max) =   0.3877
     s(2S/3S) =  0.000000
     s(2P/2P) =  1.000000  <r> =   0.4410  <r2> =    0.2433  r(max) =   0.3254
     s(2P/3P) =  0.000000
     s(2P/2P) =  1.000000  <r> =   0.4433  <r2> =    0.2457  r(max) =   0.3254
     s(2P/3P) =  0.000000
     s(3S/3S) =  1.000000  <r> =   1.6946  <r2> =    3.3436  r(max) =   1.4048
     s(3P/3P) =  1.000000  <r> =   2.0657  <r2> =    5.1469  r(max) =   1.5919
     s(3P/3P) =  1.000000  <r> =   2.0756  <r2> =    5.1972  r(max) =   1.6119

     ------------------------ End of All-electron run ------------------------


     ---------------------- Testing the pseudopotential ----------------------

     S                                                                          
     dirac relativistic calculation

     atomic number is 16.00   valence charge is  6.00
     dft = SLA  PW   PBX  PBC   lsd =0 sic =0 latt =0  beta=0.20 tr2=1.0E-14
     mesh =1151 r(mesh) =  99.72449 xmin = -7.00 dx = 0.01250

     n l  j  nl             e AE (Ry)       e PS (Ry)    De AE-PS (Ry) 
     1 0 0.5 3S   1( 2.00)       -1.26737       -1.26737        0.00000
     2 1 0.5 3P   1( 2.00)       -0.51849       -0.51849        0.00000
     2 1 1.5 3P   1( 2.00)       -0.51234       -0.51234        0.00000

     eps = 9.3E-16  iter =  3
 
     Etot =    -798.099565 Ry,    -399.049783 Ha,  -10858.697769 eV
     Etotps =   -66.005682 Ry,     -33.002841 Ha,    -898.053059 eV

     Ekin =      26.291351 Ry,      13.145675 Ha,     357.712053 eV
     Encl =     -58.205662 Ry,     -29.102831 Ha,    -791.928382 eV
     Ehrt =      16.854057 Ry,       8.427029 Ha,     229.311132 eV
     Ecxc =     -50.945428 Ry,     -25.472714 Ha,    -693.147862 eV
     (Ecc =      -2.225677 Ry,      -1.112838 Ha,     -30.281874 eV)

     ---------------------- End of pseudopotential test ----------------------

