[0] MPI startup(): I_MPI_SHM_LMT environment variable is not supported.
[0] MPI startup(): Similar variables:
	 I_MPI_SHM_HEAP
	 I_MPI_SHM
	 I_MPI_SHM_OPT
	 I_MPI_SHM_THP
[0] MPI startup(): To check the list of supported variables, use the impi_info utility or refer to https://software.intel.com/en-us/mpi-library/documentation/get-started.

     Program LD1 v.7.3.1 starts on 19Sep2024 at 21:49:17 

     This program is part of the open-source Quantum ESPRESSO suite
     for quantum simulation of materials; please cite
         "P. Giannozzi et al., J. Phys.:Condens. Matter 21 395502 (2009);
         "P. Giannozzi et al., J. Phys.:Condens. Matter 29 465901 (2017);
         "P. Giannozzi et al., J. Chem. Phys. 152 154105 (2020);
          URL http://www.quantum-espresso.org", 
     in publications or presentations arising from this work. More details at
     http://www.quantum-espresso.org/quote

     Parallel version (MPI), running on     1 processors

     MPI processes distributed on     1 nodes
     89369 MiB available memory on the printing compute node when the environment starts
 
     Waiting for input...
     Reading input from standard input
     --------------------------- All-electron run ----------------------------

     Sc                                                                         
     dirac relativistic calculation

     atomic number is 21.00
     dft =PBE   lsd =0 sic =0 latt =0  beta=0.20 tr2=1.0E-14
     Exchange-correlation= PBE
                           (   1   4   3   4   0   0   0)
     mesh =1173 r(mesh) = 100.03074 a.u. xmin = -7.00 dx = 0.01250
     1 Ry =  13.60569312 eV, c = 137.03599908

     n l j   nl                  e(Ry)          e(Ha)          e(eV)
     Spin orbit split results
     1 0 0.5 1S 1( 2.00)      -323.1423      -161.5712     -4396.5750
     2 0 0.5 2S 1( 2.00)       -34.8543       -17.4271      -474.2162
     2 1 0.5 2P 1( 2.00)       -28.7559       -14.3780      -391.2446
     2 1 1.5 2P 1( 4.00)       -28.4148       -14.2074      -386.6029
     3 0 0.5 3S 1( 2.00)        -4.0440        -2.0220       -55.0208
     3 1 0.5 3P 1( 2.00)        -2.4953        -1.2476       -33.9501
     3 1 1.5 3P 1( 4.00)        -2.4578        -1.2289       -33.4404
     3 2 1.5 3D 1( 1.00)        -0.2386        -0.1193        -3.2461
     3 2 2.5 3D 1( 0.00)        -0.2364        -0.1182        -3.2158
     4 0 0.5 4S 1( 2.00)        -0.3073        -0.1537        -4.1811
     4 1 0.5 4P 1( 0.00)        -0.1089        -0.0544        -1.4814
     4 1 1.5 4P 1( 0.00)        -0.1072        -0.0536        -1.4590
     Averaged results
     1 0     1S 1( 2.00)      -323.1423      -161.5712     -4396.5750
     2 0     2S 1( 2.00)       -34.8543       -17.4271      -474.2162
     2 1     2P 1( 6.00)       -28.5285       -14.2643      -388.1502
     3 0     3S 1( 2.00)        -4.0440        -2.0220       -55.0208
     3 1     3P 1( 6.00)        -2.4703        -1.2352       -33.6103
     3 2     3D 1( 1.00)        -0.2372        -0.1186        -3.2279
     4 0     4S 1( 2.00)        -0.3073        -0.1537        -4.1811
     4 1     4P 1( 0.00)        -0.1078        -0.0539        -1.4665

     final scf error:  5.0E-15 reached in  25 iterations
 
     Etot =   -1528.129069 Ry,    -764.064535 Ha,  -20791.255170 eV

     Ekin =    1541.562409 Ry,     770.781205 Ha,   20974.025069 eV
     Encl =   -3632.026048 Ry,   -1816.013024 Ha,  -49416.231826 eV
     Eh   =     640.117300 Ry,     320.058650 Ha,    8709.239546 eV
     Exc  =     -77.782730 Ry,     -38.891365 Ha,   -1058.287959 eV


     normalization and overlap integrals

     s(1S/1S) =  1.000000  <r> =   0.0730  <r2> =    0.0072  r(max) =   0.0476
     s(1S/2S) =  0.000000
     s(1S/3S) = -0.000000
     s(1S/4S) =  0.000000
     s(2S/2S) =  1.000000  <r> =   0.3433  <r2> =    0.1396  r(max) =   0.2845
     s(2S/3S) =  0.000000
     s(2S/4S) =  0.000000
     s(2P/2P) =  1.000000  <r> =   0.3059  <r2> =    0.1157  r(max) =   0.2300
     s(2P/3P) =  0.000000
     s(2P/4P) =  0.000000
     s(2P/2P) =  1.000000  <r> =   0.3085  <r2> =    0.1176  r(max) =   0.2329
     s(2P/3P) = -0.000000
     s(2P/4P) = -0.000000
     s(3S/3S) =  1.000000  <r> =   1.0748  <r2> =    1.3330  r(max) =   0.9213
     s(3S/4S) =  0.000000
     s(3P/3P) =  1.000000  <r> =   1.1632  <r2> =    1.5960  r(max) =   0.9685
     s(3P/4P) =  0.000000
     s(3P/3P) =  1.000000  <r> =   1.1712  <r2> =    1.6180  r(max) =   0.9685
     s(3P/4P) = -0.000000
     s(3D/3D) =  1.000000  <r> =   1.8656  <r2> =    4.8031  r(max) =   1.0974
     s(3D/3D) =  1.000000  <r> =   1.8725  <r2> =    4.8406  r(max) =   1.0974
     s(4S/4S) =  1.000000  <r> =   3.7214  <r2> =   15.9373  r(max) =   3.1361
     s(4P/4P) =  1.000000  <r> =   5.0471  <r2> =   29.8754  r(max) =   4.0268
     s(4P/4P) =  1.000000  <r> =   5.0787  <r2> =   30.2485  r(max) =   4.0268

     ------------------------ End of All-electron run ------------------------


     --------------------- Generating US pseudopotential ---------------------


      Generating local potential from pseudized AE potential:
      Matching radius rcloc =   2.0000

      Local pseudo, rcloc= 2.025 Estimated cut-off energy=     6.02 Ry

      Computing core charge for nlcc: 

       r > 0.80 : true rho core
      Core charge pseudized with two Bessel functions
      Integrated core pseudo-charge :   2.10

     Fully relativistic calculation: |psi|^2

     Wfc 3S LC norm =  0.99980674 SC norm =  0.00019286 missing  0.00000040

     Wfc 4S LC norm =  0.99998043 SC norm =  0.00001733 missing  0.00000224

     Wfc 3P LC norm =  0.99983616 SC norm =  0.00016357 missing  0.00000027

     Wfc 3P LC norm =  0.99983793 SC norm =  0.00016089 missing  0.00000117

     Wfc 3D LC norm =  0.99992313 SC norm =  0.00007669 missing  0.00000017

     Wfc 3D LC norm =  0.99992353 SC norm =  0.00007036 missing  0.00000611
      Wfc-us  3S rcutus= 1.291  Estimated cut-off energy=    29.82 Ry
      Wfc-us  4S rcutus= 1.291  Estimated cut-off energy=    44.87 Ry
      Wfc-us  3P rcutus= 1.500  Estimated cut-off energy=    36.00 Ry
      Wfc-us  3P rcutus= 1.500  Estimated cut-off energy=    35.96 Ry
      Wfc-us  4P rcutus= 1.787  Estimated cut-off energy=    21.98 Ry
      Wfc-us  4P rcutus= 1.787  Estimated cut-off energy=    21.90 Ry
      Wfc-us  3D rcutus= 1.617  Estimated cut-off energy=    43.33 Ry
      Wfc-us  3D rcutus= 1.617  Estimated cut-off energy=    43.32 Ry
      Wfc-us  3D rcutus= 1.617  Estimated cut-off energy=    45.66 Ry
      Wfc-us  3D rcutus= 1.617  Estimated cut-off energy=    45.63 Ry

      The bmat matrix
    -0.89036     0.21247     0.00000     0.00000     0.00000     0.00000
     0.00000     0.00000     0.00000     0.00000
    -0.20734     0.05529     0.00000     0.00000     0.00000     0.00000
     0.00000     0.00000     0.00000     0.00000
     0.00000     0.00000    -2.08561     0.00000    -1.36218     0.00000
     0.00000     0.00000     0.00000     0.00000
     0.00000     0.00000     0.00000    -2.03842     0.00000    -1.34433
     0.00000     0.00000     0.00000     0.00000
     0.00000     0.00000    -0.34354     0.00000     0.04880     0.00000
     0.00000     0.00000     0.00000     0.00000
     0.00000     0.00000     0.00000    -0.35628     0.00000     0.03746
     0.00000     0.00000     0.00000     0.00000
     0.00000     0.00000     0.00000     0.00000     0.00000     0.00000
    -1.12489     0.00000    -0.84679     0.00000
     0.00000     0.00000     0.00000     0.00000     0.00000     0.00000
     0.00000    -1.11899     0.00000    -0.84382
     0.00000     0.00000     0.00000     0.00000     0.00000     0.00000
    -0.78974     0.00000    -0.59471     0.00000
     0.00000     0.00000     0.00000     0.00000     0.00000     0.00000
     0.00000    -0.78738     0.00000    -0.59396

      The bmat + epsilon qq matrix
     0.80115     0.24699     0.00000     0.00000     0.00000     0.00000
     0.00000     0.00000     0.00000     0.00000
     0.24699     0.06465     0.00000     0.00000     0.00000     0.00000
     0.00000     0.00000     0.00000     0.00000
     0.00000     0.00000    -2.05672     0.00000    -0.78213     0.00000
     0.00000     0.00000     0.00000     0.00000
     0.00000     0.00000     0.00000    -1.99887     0.00000    -0.77803
     0.00000     0.00000     0.00000     0.00000
     0.00000     0.00000    -0.78214     0.00000     0.40475     0.00000
     0.00000     0.00000     0.00000     0.00000
     0.00000     0.00000     0.00000    -0.77806     0.00000     0.39560
     0.00000     0.00000     0.00000     0.00000
     0.00000     0.00000     0.00000     0.00000     0.00000     0.00000
    -1.15746     0.00000    -0.81501     0.00000
     0.00000     0.00000     0.00000     0.00000     0.00000     0.00000
     0.00000    -1.15098     0.00000    -0.81225
     0.00000     0.00000     0.00000     0.00000     0.00000     0.00000
    -0.81501     0.00000    -0.57011     0.00000
     0.00000     0.00000     0.00000     0.00000     0.00000     0.00000
     0.00000    -0.81225     0.00000    -0.56948

      The qq matrix
    -0.41828    -0.11235     0.00000     0.00000     0.00000     0.00000
     0.00000     0.00000     0.00000     0.00000
    -0.11235    -0.03046     0.00000     0.00000     0.00000     0.00000
     0.00000     0.00000     0.00000     0.00000
     0.00000     0.00000    -0.01158     0.00000     0.17577     0.00000
     0.00000     0.00000     0.00000     0.00000
     0.00000     0.00000     0.00000    -0.01609     0.00000     0.17161
     0.00000     0.00000     0.00000     0.00000
     0.00000     0.00000     0.17577     0.00000     0.10787     0.00000
     0.00000     0.00000     0.00000     0.00000
     0.00000     0.00000     0.00000     0.17161     0.00000     0.10853
     0.00000     0.00000     0.00000     0.00000
     0.00000     0.00000     0.00000     0.00000     0.00000     0.00000
     0.13651     0.00000     0.10592     0.00000
     0.00000     0.00000     0.00000     0.00000     0.00000     0.00000
     0.00000     0.13536     0.00000     0.10522
     0.00000     0.00000     0.00000     0.00000     0.00000     0.00000
     0.10592     0.00000     0.08201     0.00000
     0.00000     0.00000     0.00000     0.00000     0.00000     0.00000
     0.00000     0.10522     0.00000     0.08161

     Q pseudized with Bessel functions
     Expected ecutrho=     476.5092 due to l1=  2   l2=  2

      The ddd matrix
    -2.23148    -0.57668     0.00000     0.00000     0.00000     0.00000
     0.00000     0.00000     0.00000     0.00000
    -0.57668    -0.16086     0.00000     0.00000     0.00000     0.00000
     0.00000     0.00000     0.00000     0.00000
     0.00000     0.00000    -2.13421     0.00000     0.26815     0.00000
     0.00000     0.00000     0.00000     0.00000
     0.00000     0.00000     0.00000    -2.10819     0.00000     0.24464
     0.00000     0.00000     0.00000     0.00000
     0.00000     0.00000     0.26815     0.00000     1.11739     0.00000
     0.00000     0.00000     0.00000     0.00000
     0.00000     0.00000     0.00000     0.24464     0.00000     1.10978
     0.00000     0.00000     0.00000     0.00000
     0.00000     0.00000     0.00000     0.00000     0.00000     0.00000
    -0.25636     0.00000    -0.11564     0.00000
     0.00000     0.00000     0.00000     0.00000     0.00000     0.00000
     0.00000    -0.25776     0.00000    -0.11776
     0.00000     0.00000     0.00000     0.00000     0.00000     0.00000
    -0.11564     0.00000    -0.02822     0.00000
     0.00000     0.00000     0.00000     0.00000     0.00000     0.00000
     0.00000    -0.11776     0.00000    -0.03040

     ------------------- End of pseudopotential generation -------------------

     --------------------------- All-electron run ----------------------------

     Sc                                                                         
     dirac relativistic calculation

     atomic number is 21.00
     dft =PBE   lsd =0 sic =0 latt =0  beta=0.20 tr2=1.0E-14
     Exchange-correlation= PBE
                           (   1   4   3   4   0   0   0)
     mesh =1173 r(mesh) = 100.03074 a.u. xmin = -7.00 dx = 0.01250
     1 Ry =  13.60569312 eV, c = 137.03599908

     n l j   nl                  e(Ry)          e(Ha)          e(eV)
     Spin orbit split results
     1 0 0.5 1S 1( 2.00)      -323.1423      -161.5712     -4396.5750
     2 0 0.5 2S 1( 2.00)       -34.8543       -17.4271      -474.2162
     2 1 0.5 2P 1( 2.00)       -28.7559       -14.3780      -391.2446
     2 1 1.5 2P 1( 4.00)       -28.4148       -14.2074      -386.6029
     3 0 0.5 3S 1( 2.00)        -4.0440        -2.0220       -55.0208
     3 1 0.5 3P 1( 2.00)        -2.4953        -1.2476       -33.9501
     3 1 1.5 3P 1( 4.00)        -2.4578        -1.2289       -33.4404
     3 2 1.5 3D 1( 1.00)        -0.2386        -0.1193        -3.2461
     3 2 2.5 3D 1( 0.00)        -0.2364        -0.1182        -3.2158
     4 0 0.5 4S 1( 2.00)        -0.3073        -0.1537        -4.1811
     4 1 0.5 4P 1( 0.00)        -0.1089        -0.0544        -1.4814
     4 1 1.5 4P 1( 0.00)        -0.1072        -0.0536        -1.4590
     Averaged results
     1 0     1S 1( 2.00)      -323.1423      -161.5712     -4396.5750
     2 0     2S 1( 2.00)       -34.8543       -17.4271      -474.2162
     2 1     2P 1( 6.00)       -28.5285       -14.2643      -388.1502
     3 0     3S 1( 2.00)        -4.0440        -2.0220       -55.0208
     3 1     3P 1( 6.00)        -2.4703        -1.2352       -33.6103
     3 2     3D 1( 1.00)        -0.2372        -0.1186        -3.2279
     4 0     4S 1( 2.00)        -0.3073        -0.1537        -4.1811
     4 1     4P 1( 0.00)        -0.1078        -0.0539        -1.4665

     final scf error:  5.0E-15 reached in  25 iterations
 
     Etot =   -1528.129069 Ry,    -764.064535 Ha,  -20791.255170 eV

     Ekin =    1541.562409 Ry,     770.781205 Ha,   20974.025069 eV
     Encl =   -3632.026048 Ry,   -1816.013024 Ha,  -49416.231826 eV
     Eh   =     640.117300 Ry,     320.058650 Ha,    8709.239546 eV
     Exc  =     -77.782730 Ry,     -38.891365 Ha,   -1058.287959 eV


     normalization and overlap integrals

     s(1S/1S) =  1.000000  <r> =   0.0730  <r2> =    0.0072  r(max) =   0.0476
     s(1S/2S) =  0.000000
     s(1S/3S) = -0.000000
     s(1S/4S) =  0.000000
     s(2S/2S) =  1.000000  <r> =   0.3433  <r2> =    0.1396  r(max) =   0.2845
     s(2S/3S) =  0.000000
     s(2S/4S) =  0.000000
     s(2P/2P) =  1.000000  <r> =   0.3059  <r2> =    0.1157  r(max) =   0.2300
     s(2P/3P) =  0.000000
     s(2P/4P) =  0.000000
     s(2P/2P) =  1.000000  <r> =   0.3085  <r2> =    0.1176  r(max) =   0.2329
     s(2P/3P) = -0.000000
     s(2P/4P) = -0.000000
     s(3S/3S) =  1.000000  <r> =   1.0748  <r2> =    1.3330  r(max) =   0.9213
     s(3S/4S) =  0.000000
     s(3P/3P) =  1.000000  <r> =   1.1632  <r2> =    1.5960  r(max) =   0.9685
     s(3P/4P) =  0.000000
     s(3P/3P) =  1.000000  <r> =   1.1712  <r2> =    1.6180  r(max) =   0.9685
     s(3P/4P) = -0.000000
     s(3D/3D) =  1.000000  <r> =   1.8656  <r2> =    4.8031  r(max) =   1.0974
     s(3D/3D) =  1.000000  <r> =   1.8725  <r2> =    4.8406  r(max) =   1.0974
     s(4S/4S) =  1.000000  <r> =   3.7214  <r2> =   15.9373  r(max) =   3.1361
     s(4P/4P) =  1.000000  <r> =   5.0471  <r2> =   29.8754  r(max) =   4.0268
     s(4P/4P) =  1.000000  <r> =   5.0787  <r2> =   30.2485  r(max) =   4.0268

     ------------------------ End of All-electron run ------------------------


     ---------------------- Testing the pseudopotential ----------------------

     Sc                                                                         
     dirac relativistic calculation

     atomic number is 21.00   valence charge is 11.00
     dft =PBE   lsd =0 sic =0 latt =0  beta=0.20 tr2=1.0E-14
     mesh =1173 r(mesh) = 100.03074 xmin = -7.00 dx = 0.01250

     n l  j  nl             e AE (Ry)       e PS (Ry)    De AE-PS (Ry) 
     1 0 0.5 3S   1( 2.00)       -4.04395       -4.04395       -0.00000
     2 0 0.5 4S   1( 2.00)       -0.30730       -0.30730       -0.00000
     2 1 0.5 3P   1( 2.00)       -2.49528       -2.49528        0.00000
     2 1 1.5 3P   1( 4.00)       -2.45782       -2.45782        0.00000
     3 2 1.5 3D   1( 1.00)       -0.23858       -0.23858       -0.00000
     3 2 2.5 3D   1( 0.00)       -0.23636       -0.23636        0.00000

     eps = 5.0E-16  iter =  4
 
     Etot =   -1528.129069 Ry,    -764.064535 Ha,  -20791.255170 eV
     Etotps =   -97.582680 Ry,     -48.791340 Ha,   -1327.679993 eV

     Ekin =      36.514729 Ry,      18.257364 Ha,     496.808192 eV
     Encl =    -171.993956 Ry,     -85.996978 Ha,   -2340.096991 eV
     Ehrt =      72.736802 Ry,      36.368401 Ha,     989.634605 eV
     Ecxc =     -17.098030 Ry,      -8.549015 Ha,    -232.630548 eV
     (Ecc =      -4.363092 Ry,      -2.181546 Ha,     -59.362892 eV)
     Epseu=     -17.742224 Ry,      -8.871112 Ha,    -241.395251 eV

     ---------------------- End of pseudopotential test ----------------------

