[0] MPI startup(): I_MPI_SHM_LMT environment variable is not supported.
[0] MPI startup(): Similar variables:
	 I_MPI_SHM_HEAP
	 I_MPI_SHM
	 I_MPI_SHM_OPT
	 I_MPI_SHM_THP
[0] MPI startup(): To check the list of supported variables, use the impi_info utility or refer to https://software.intel.com/en-us/mpi-library/documentation/get-started.

     Program LD1 v.7.3.1 starts on 19Sep2024 at 21:49:16 

     This program is part of the open-source Quantum ESPRESSO suite
     for quantum simulation of materials; please cite
         "P. Giannozzi et al., J. Phys.:Condens. Matter 21 395502 (2009);
         "P. Giannozzi et al., J. Phys.:Condens. Matter 29 465901 (2017);
         "P. Giannozzi et al., J. Chem. Phys. 152 154105 (2020);
          URL http://www.quantum-espresso.org", 
     in publications or presentations arising from this work. More details at
     http://www.quantum-espresso.org/quote

     Parallel version (MPI), running on     1 processors

     MPI processes distributed on     1 nodes
     89367 MiB available memory on the printing compute node when the environment starts
 
     Waiting for input...
     Reading input from standard input
     --------------------------- All-electron run ----------------------------

     Sc                                                                         
     dirac relativistic calculation

     atomic number is 21.00
     dft =PBE   lsd =0 sic =0 latt =0  beta=0.20 tr2=1.0E-14
     Exchange-correlation= PBE
                           (   1   4   3   4   0   0   0)
     mesh =1173 r(mesh) = 100.03074 a.u. xmin = -7.00 dx = 0.01250
     1 Ry =  13.60569312 eV, c = 137.03599908

     n l j   nl                  e(Ry)          e(Ha)          e(eV)
     Spin orbit split results
     1 0 0.5 1S 1( 2.00)      -323.1423      -161.5712     -4396.5750
     2 0 0.5 2S 1( 2.00)       -34.8543       -17.4271      -474.2162
     2 1 0.5 2P 1( 2.00)       -28.7559       -14.3780      -391.2446
     2 1 1.5 2P 1( 4.00)       -28.4148       -14.2074      -386.6029
     3 0 0.5 3S 1( 2.00)        -4.0440        -2.0220       -55.0208
     3 1 0.5 3P 1( 2.00)        -2.4953        -1.2476       -33.9501
     3 1 1.5 3P 1( 4.00)        -2.4578        -1.2289       -33.4404
     3 2 1.5 3D 1( 1.00)        -0.2386        -0.1193        -3.2461
     3 2 2.5 3D 1( 0.00)        -0.2364        -0.1182        -3.2158
     4 0 0.5 4S 1( 2.00)        -0.3073        -0.1537        -4.1811
     4 1 0.5 4P 1( 0.00)        -0.1089        -0.0544        -1.4814
     4 1 1.5 4P 1( 0.00)        -0.1072        -0.0536        -1.4590
     Averaged results
     1 0     1S 1( 2.00)      -323.1423      -161.5712     -4396.5750
     2 0     2S 1( 2.00)       -34.8543       -17.4271      -474.2162
     2 1     2P 1( 6.00)       -28.5285       -14.2643      -388.1502
     3 0     3S 1( 2.00)        -4.0440        -2.0220       -55.0208
     3 1     3P 1( 6.00)        -2.4703        -1.2352       -33.6103
     3 2     3D 1( 1.00)        -0.2372        -0.1186        -3.2279
     4 0     4S 1( 2.00)        -0.3073        -0.1537        -4.1811
     4 1     4P 1( 0.00)        -0.1078        -0.0539        -1.4665

     final scf error:  5.0E-15 reached in  25 iterations
 
     Etot =   -1528.129069 Ry,    -764.064535 Ha,  -20791.255170 eV

     Ekin =    1541.562409 Ry,     770.781205 Ha,   20974.025069 eV
     Encl =   -3632.026048 Ry,   -1816.013024 Ha,  -49416.231826 eV
     Eh   =     640.117300 Ry,     320.058650 Ha,    8709.239546 eV
     Exc  =     -77.782730 Ry,     -38.891365 Ha,   -1058.287959 eV


     normalization and overlap integrals

     s(1S/1S) =  1.000000  <r> =   0.0730  <r2> =    0.0072  r(max) =   0.0476
     s(1S/2S) =  0.000000
     s(1S/3S) = -0.000000
     s(1S/4S) =  0.000000
     s(2S/2S) =  1.000000  <r> =   0.3433  <r2> =    0.1396  r(max) =   0.2845
     s(2S/3S) =  0.000000
     s(2S/4S) =  0.000000
     s(2P/2P) =  1.000000  <r> =   0.3059  <r2> =    0.1157  r(max) =   0.2300
     s(2P/3P) =  0.000000
     s(2P/4P) =  0.000000
     s(2P/2P) =  1.000000  <r> =   0.3085  <r2> =    0.1176  r(max) =   0.2329
     s(2P/3P) = -0.000000
     s(2P/4P) = -0.000000
     s(3S/3S) =  1.000000  <r> =   1.0748  <r2> =    1.3330  r(max) =   0.9213
     s(3S/4S) =  0.000000
     s(3P/3P) =  1.000000  <r> =   1.1632  <r2> =    1.5960  r(max) =   0.9685
     s(3P/4P) =  0.000000
     s(3P/3P) =  1.000000  <r> =   1.1712  <r2> =    1.6180  r(max) =   0.9685
     s(3P/4P) = -0.000000
     s(3D/3D) =  1.000000  <r> =   1.8656  <r2> =    4.8031  r(max) =   1.0974
     s(3D/3D) =  1.000000  <r> =   1.8725  <r2> =    4.8406  r(max) =   1.0974
     s(4S/4S) =  1.000000  <r> =   3.7214  <r2> =   15.9373  r(max) =   3.1361
     s(4P/4P) =  1.000000  <r> =   5.0471  <r2> =   29.8754  r(max) =   4.0268
     s(4P/4P) =  1.000000  <r> =   5.0787  <r2> =   30.2485  r(max) =   4.0268

     ------------------------ End of All-electron run ------------------------


     --------------------- Generating PAW atomic setup --------------------


      Generating local potential from pseudized AE potential:
      Matching radius rcloc =   2.0000

      Local pseudo, rcloc= 2.025 Estimated cut-off energy=     6.02 Ry

      Computing core charge for nlcc: 

       r > 0.80 : true rho core
      Core charge pseudized with two Bessel functions
      Integrated core pseudo-charge :   2.10

     Fully relativistic calculation: |psi|^2

     Wfc 3S LC norm =  0.99980674 SC norm =  0.00019286 missing  0.00000040
     Speed at rcutus      0.593 a.u.,  v/c =  0.004327,  (v/c)^2 =  0.00001872

     Wfc 4S LC norm =  0.99998043 SC norm =  0.00001733 missing  0.00000224
     Speed at rcutus      0.049 a.u.,  v/c =  0.000361,  (v/c)^2 =  0.00000013

     Wfc 3P LC norm =  0.99983616 SC norm =  0.00016357 missing  0.00000027
     Speed at rcutus      0.607 a.u.,  v/c =  0.004430,  (v/c)^2 =  0.00001963

     Wfc 3P LC norm =  0.99983793 SC norm =  0.00016089 missing  0.00000117
     Speed at rcutus      0.627 a.u.,  v/c =  0.004573,  (v/c)^2 =  0.00002091

     Wfc 3D LC norm =  0.99992313 SC norm =  0.00007669 missing  0.00000017
     Speed at rcutus      1.004 a.u.,  v/c =  0.007328,  (v/c)^2 =  0.00005370

     Wfc 3D LC norm =  0.99992353 SC norm =  0.00007036 missing  0.00000611
     Speed at rcutus      1.004 a.u.,  v/c =  0.007328,  (v/c)^2 =  0.00005370
      Wfc-us  3S rcutus= 1.291  Estimated cut-off energy=    29.82 Ry
      Wfc-us  4S rcutus= 1.291  Estimated cut-off energy=    44.87 Ry
      Wfc-us  3P rcutus= 1.500  Estimated cut-off energy=    36.00 Ry
      Wfc-us  3P rcutus= 1.500  Estimated cut-off energy=    35.96 Ry
      Wfc-us  4P rcutus= 1.787  Estimated cut-off energy=    21.98 Ry
      Wfc-us  4P rcutus= 1.787  Estimated cut-off energy=    21.90 Ry
      Wfc-us  3D rcutus= 1.617  Estimated cut-off energy=    43.33 Ry
      Wfc-us  3D rcutus= 1.617  Estimated cut-off energy=    43.32 Ry
      Wfc-us  3D rcutus= 1.617  Estimated cut-off energy=    45.66 Ry
      Wfc-us  3D rcutus= 1.617  Estimated cut-off energy=    45.63 Ry

      The bmat matrix
    -0.89036     0.21247     0.00000     0.00000     0.00000     0.00000
     0.00000     0.00000     0.00000     0.00000
    -0.20734     0.05529     0.00000     0.00000     0.00000     0.00000
     0.00000     0.00000     0.00000     0.00000
     0.00000     0.00000    -2.08561     0.00000    -1.36218     0.00000
     0.00000     0.00000     0.00000     0.00000
     0.00000     0.00000     0.00000    -2.03842     0.00000    -1.34433
     0.00000     0.00000     0.00000     0.00000
     0.00000     0.00000    -0.34354     0.00000     0.04880     0.00000
     0.00000     0.00000     0.00000     0.00000
     0.00000     0.00000     0.00000    -0.35628     0.00000     0.03746
     0.00000     0.00000     0.00000     0.00000
     0.00000     0.00000     0.00000     0.00000     0.00000     0.00000
    -1.12489     0.00000    -0.84679     0.00000
     0.00000     0.00000     0.00000     0.00000     0.00000     0.00000
     0.00000    -1.11899     0.00000    -0.84382
     0.00000     0.00000     0.00000     0.00000     0.00000     0.00000
    -0.78974     0.00000    -0.59471     0.00000
     0.00000     0.00000     0.00000     0.00000     0.00000     0.00000
     0.00000    -0.78738     0.00000    -0.59396

      The bmat + epsilon qq matrix
     0.80115     0.24699     0.00000     0.00000     0.00000     0.00000
     0.00000     0.00000     0.00000     0.00000
     0.24699     0.06465     0.00000     0.00000     0.00000     0.00000
     0.00000     0.00000     0.00000     0.00000
     0.00000     0.00000    -2.05672     0.00000    -0.78213     0.00000
     0.00000     0.00000     0.00000     0.00000
     0.00000     0.00000     0.00000    -1.99887     0.00000    -0.77803
     0.00000     0.00000     0.00000     0.00000
     0.00000     0.00000    -0.78214     0.00000     0.40475     0.00000
     0.00000     0.00000     0.00000     0.00000
     0.00000     0.00000     0.00000    -0.77806     0.00000     0.39560
     0.00000     0.00000     0.00000     0.00000
     0.00000     0.00000     0.00000     0.00000     0.00000     0.00000
    -1.15746     0.00000    -0.81501     0.00000
     0.00000     0.00000     0.00000     0.00000     0.00000     0.00000
     0.00000    -1.15098     0.00000    -0.81225
     0.00000     0.00000     0.00000     0.00000     0.00000     0.00000
    -0.81501     0.00000    -0.57011     0.00000
     0.00000     0.00000     0.00000     0.00000     0.00000     0.00000
     0.00000    -0.81225     0.00000    -0.56948

      The qq matrix
    -0.41828    -0.11235     0.00000     0.00000     0.00000     0.00000
     0.00000     0.00000     0.00000     0.00000
    -0.11235    -0.03046     0.00000     0.00000     0.00000     0.00000
     0.00000     0.00000     0.00000     0.00000
     0.00000     0.00000    -0.01158     0.00000     0.17577     0.00000
     0.00000     0.00000     0.00000     0.00000
     0.00000     0.00000     0.00000    -0.01609     0.00000     0.17161
     0.00000     0.00000     0.00000     0.00000
     0.00000     0.00000     0.17577     0.00000     0.10787     0.00000
     0.00000     0.00000     0.00000     0.00000
     0.00000     0.00000     0.00000     0.17161     0.00000     0.10853
     0.00000     0.00000     0.00000     0.00000
     0.00000     0.00000     0.00000     0.00000     0.00000     0.00000
     0.13651     0.00000     0.10592     0.00000
     0.00000     0.00000     0.00000     0.00000     0.00000     0.00000
     0.00000     0.13536     0.00000     0.10522
     0.00000     0.00000     0.00000     0.00000     0.00000     0.00000
     0.10592     0.00000     0.08201     0.00000
     0.00000     0.00000     0.00000     0.00000     0.00000     0.00000
     0.00000     0.10522     0.00000     0.08161


    multipoles (all-electron charge) - (pseudo charge)
        ns l1:ns1 l2    l=0     l=1     l=2     l=3     l=4     l=5  
         1  0:  1  0 -0.4183
         2  0:  1  0 -0.1123
         2  0:  2  0 -0.0305
         3  1:  1  0  0.0000  0.1012
         3  1:  2  0  0.0000  0.0248
         3  1:  3  1 -0.0116  0.0000 -0.0151
         4  1:  1  0  0.0000  0.1025
         4  1:  2  0  0.0000  0.0251
         4  1:  3  1 -0.0140  0.0000 -0.0164
         4  1:  4  1 -0.0161  0.0000 -0.0177
         5  1:  1  0  0.0000 -0.1271
         5  1:  2  0  0.0000 -0.0237
         5  1:  3  1  0.1758  0.0000  0.1284
         5  1:  4  1  0.1739  0.0000  0.1276
         5  1:  5  1  0.1079  0.0000  0.0497
         6  1:  1  0  0.0000 -0.1246
         6  1:  2  0  0.0000 -0.0231
         6  1:  3  1  0.1733  0.0000  0.1270
         6  1:  4  1  0.1716  0.0000  0.1262
         6  1:  5  1  0.1081  0.0000  0.0504
         6  1:  6  1  0.1085  0.0000  0.0511
         7  2:  1  0  0.0000  0.0000  0.0300
         7  2:  2  0  0.0000  0.0000  0.0071
         7  2:  3  1  0.0000 -0.0586  0.0000 -0.0420
         7  2:  4  1  0.0000 -0.0568  0.0000 -0.0410
         7  2:  5  1  0.0000 -0.1176  0.0000 -0.1033
         7  2:  6  1  0.0000 -0.1167  0.0000 -0.1029
         7  2:  7  2  0.1365  0.0000  0.0732  0.0000  0.0523
         8  2:  1  0  0.0000  0.0000  0.0298
         8  2:  2  0  0.0000  0.0000  0.0071
         8  2:  3  1  0.0000 -0.0582  0.0000 -0.0418
         8  2:  4  1  0.0000 -0.0565  0.0000 -0.0410
         8  2:  5  1  0.0000 -0.1173  0.0000 -0.1031
         8  2:  6  1  0.0000 -0.1164  0.0000 -0.1026
         8  2:  7  2  0.1358  0.0000  0.0728  0.0000  0.0520
         8  2:  8  2  0.1354  0.0000  0.0727  0.0000  0.0521
         9  2:  1  0  0.0000  0.0000  0.0265
         9  2:  2  0  0.0000  0.0000  0.0061
         9  2:  3  1  0.0000 -0.0479  0.0000 -0.0349
         9  2:  4  1  0.0000 -0.0466  0.0000 -0.0342
         9  2:  5  1  0.0000 -0.0860  0.0000 -0.0733
         9  2:  6  1  0.0000 -0.0854  0.0000 -0.0730
         9  2:  7  2  0.1059  0.0000  0.0568  0.0000  0.0408
         9  2:  8  2  0.1054  0.0000  0.0565  0.0000  0.0407
         9  2:  9  2  0.0820  0.0000  0.0438  0.0000  0.0316
        10  2:  1  0  0.0000  0.0000  0.0264
        10  2:  2  0  0.0000  0.0000  0.0061
        10  2:  3  1  0.0000 -0.0477  0.0000 -0.0347
        10  2:  4  1  0.0000 -0.0464  0.0000 -0.0341
        10  2:  5  1  0.0000 -0.0860  0.0000 -0.0733
        10  2:  6  1  0.0000 -0.0854  0.0000 -0.0730
        10  2:  7  2  0.1056  0.0000  0.0566  0.0000  0.0406
        10  2:  8  2  0.1052  0.0000  0.0565  0.0000  0.0407
        10  2:  9  2  0.0817  0.0000  0.0437  0.0000  0.0315
        10  2: 10  2  0.0816  0.0000  0.0437  0.0000  0.0316
     Required augmentation: PSQ   radius:    0.880000

     Q pseudized with Bessel functions
     Expected ecutrho=     476.5092 due to l1=  2   l2=  2

     Estimated PAW energy = -156.651585 Ryd

     The PAW screened D coefficients
     0.80115     0.24699     0.00000     0.00000     0.00000     0.00000
     0.00000     0.00000     0.00000     0.00000
     0.24699     0.06465     0.00000     0.00000     0.00000     0.00000
     0.00000     0.00000     0.00000     0.00000
     0.00000     0.00000    -2.05673     0.00000    -0.78214     0.00000
     0.00000     0.00000     0.00000     0.00000
     0.00000     0.00000     0.00000    -1.99887     0.00000    -0.77805
     0.00000     0.00000     0.00000     0.00000
     0.00000     0.00000    -0.78214     0.00000     0.40476     0.00000
     0.00000     0.00000     0.00000     0.00000
     0.00000     0.00000     0.00000    -0.77805     0.00000     0.39563
     0.00000     0.00000     0.00000     0.00000
     0.00000     0.00000     0.00000     0.00000     0.00000     0.00000
    -1.15746     0.00000    -0.81501     0.00000
     0.00000     0.00000     0.00000     0.00000     0.00000     0.00000
     0.00000    -1.15098     0.00000    -0.81225
     0.00000     0.00000     0.00000     0.00000     0.00000     0.00000
    -0.81501     0.00000    -0.57011     0.00000
     0.00000     0.00000     0.00000     0.00000     0.00000     0.00000
     0.00000    -0.81225     0.00000    -0.56948

     The PAW descreened D coefficients (US)
    -2.04712    -0.52726     0.00000     0.00000     0.00000     0.00000
     0.00000     0.00000     0.00000     0.00000
    -0.52726    -0.14757     0.00000     0.00000     0.00000     0.00000
     0.00000     0.00000     0.00000     0.00000
     0.00000     0.00000    -2.00044     0.00000     0.35505     0.00000
     0.00000     0.00000     0.00000     0.00000
     0.00000     0.00000     0.00000    -1.97522     0.00000     0.33117
     0.00000     0.00000     0.00000     0.00000
     0.00000     0.00000     0.35505     0.00000     1.17415     0.00000
     0.00000     0.00000     0.00000     0.00000
     0.00000     0.00000     0.00000     0.33117     0.00000     1.16681
     0.00000     0.00000     0.00000     0.00000
     0.00000     0.00000     0.00000     0.00000     0.00000     0.00000
    -0.24752     0.00000    -0.10860     0.00000
     0.00000     0.00000     0.00000     0.00000     0.00000     0.00000
     0.00000    -0.24909     0.00000    -0.11084
     0.00000     0.00000     0.00000     0.00000     0.00000     0.00000
    -0.10860     0.00000    -0.02260     0.00000
     0.00000     0.00000     0.00000     0.00000     0.00000     0.00000
     0.00000    -0.11084     0.00000    -0.02488

     ------------------- End of pseudopotential generation -------------------

     --------------------------- All-electron run ----------------------------

     Sc                                                                         
     dirac relativistic calculation

     atomic number is 21.00
     dft = SLA  PW   PBX  PBC   lsd =0 sic =0 latt =0  beta=0.20 tr2=1.0E-14
     Exchange-correlation=  SLA  PW   PBX  PBC
                           (   1   4   3   4   0   0   0)
     mesh =1173 r(mesh) = 100.03074 a.u. xmin = -7.00 dx = 0.01250
     1 Ry =  13.60569312 eV, c = 137.03599908

     n l j   nl                  e(Ry)          e(Ha)          e(eV)
     Spin orbit split results
     1 0 0.5 1S 1( 2.00)      -323.1423      -161.5712     -4396.5750
     2 0 0.5 2S 1( 2.00)       -34.8543       -17.4271      -474.2162
     2 1 0.5 2P 1( 2.00)       -28.7559       -14.3780      -391.2446
     2 1 1.5 2P 1( 4.00)       -28.4148       -14.2074      -386.6029
     3 0 0.5 3S 1( 2.00)        -4.0440        -2.0220       -55.0208
     3 1 0.5 3P 1( 2.00)        -2.4953        -1.2476       -33.9501
     3 1 1.5 3P 1( 4.00)        -2.4578        -1.2289       -33.4404
     3 2 1.5 3D 1( 1.00)        -0.2386        -0.1193        -3.2461
     3 2 2.5 3D 1( 0.00)        -0.2364        -0.1182        -3.2158
     4 0 0.5 4S 1( 2.00)        -0.3073        -0.1537        -4.1811
     4 1 0.5 4P 1( 0.00)        -0.1089        -0.0544        -1.4814
     4 1 1.5 4P 1( 0.00)        -0.1072        -0.0536        -1.4590
     Averaged results
     1 0     1S 1( 2.00)      -323.1423      -161.5712     -4396.5750
     2 0     2S 1( 2.00)       -34.8543       -17.4271      -474.2162
     2 1     2P 1( 6.00)       -28.5285       -14.2643      -388.1502
     3 0     3S 1( 2.00)        -4.0440        -2.0220       -55.0208
     3 1     3P 1( 6.00)        -2.4703        -1.2352       -33.6103
     3 2     3D 1( 1.00)        -0.2372        -0.1186        -3.2279
     4 0     4S 1( 2.00)        -0.3073        -0.1537        -4.1811
     4 1     4P 1( 0.00)        -0.1078        -0.0539        -1.4665

     final scf error:  5.0E-15 reached in  25 iterations
 
     Etot =   -1528.129069 Ry,    -764.064535 Ha,  -20791.255170 eV

     Ekin =    1541.562409 Ry,     770.781205 Ha,   20974.025069 eV
     Encl =   -3632.026048 Ry,   -1816.013024 Ha,  -49416.231826 eV
     Eh   =     640.117300 Ry,     320.058650 Ha,    8709.239546 eV
     Exc  =     -77.782730 Ry,     -38.891365 Ha,   -1058.287959 eV


     normalization and overlap integrals

     s(1S/1S) =  1.000000  <r> =   0.0730  <r2> =    0.0072  r(max) =   0.0476
     s(1S/2S) =  0.000000
     s(1S/3S) = -0.000000
     s(1S/4S) =  0.000000
     s(2S/2S) =  1.000000  <r> =   0.3433  <r2> =    0.1396  r(max) =   0.2845
     s(2S/3S) =  0.000000
     s(2S/4S) =  0.000000
     s(2P/2P) =  1.000000  <r> =   0.3059  <r2> =    0.1157  r(max) =   0.2300
     s(2P/3P) =  0.000000
     s(2P/4P) =  0.000000
     s(2P/2P) =  1.000000  <r> =   0.3085  <r2> =    0.1176  r(max) =   0.2329
     s(2P/3P) = -0.000000
     s(2P/4P) = -0.000000
     s(3S/3S) =  1.000000  <r> =   1.0748  <r2> =    1.3330  r(max) =   0.9213
     s(3S/4S) =  0.000000
     s(3P/3P) =  1.000000  <r> =   1.1632  <r2> =    1.5960  r(max) =   0.9685
     s(3P/4P) =  0.000000
     s(3P/3P) =  1.000000  <r> =   1.1712  <r2> =    1.6180  r(max) =   0.9685
     s(3P/4P) = -0.000000
     s(3D/3D) =  1.000000  <r> =   1.8656  <r2> =    4.8031  r(max) =   1.0974
     s(3D/3D) =  1.000000  <r> =   1.8725  <r2> =    4.8406  r(max) =   1.0974
     s(4S/4S) =  1.000000  <r> =   3.7214  <r2> =   15.9373  r(max) =   3.1361
     s(4P/4P) =  1.000000  <r> =   5.0471  <r2> =   29.8754  r(max) =   4.0268
     s(4P/4P) =  1.000000  <r> =   5.0787  <r2> =   30.2485  r(max) =   4.0268

     ------------------------ End of All-electron run ------------------------


     ---------------------- Testing the pseudopotential ----------------------

     Sc                                                                         
     dirac relativistic calculation

     atomic number is 21.00   valence charge is 11.00
     dft = SLA  PW   PBX  PBC   lsd =0 sic =0 latt =0  beta=0.20 tr2=1.0E-14
     mesh =1173 r(mesh) = 100.03074 xmin = -7.00 dx = 0.01250

     n l  j  nl             e AE (Ry)       e PS (Ry)    De AE-PS (Ry) 
     1 0 0.5 3S   1( 2.00)       -4.04395       -4.04395       -0.00000
     2 0 0.5 4S   1( 2.00)       -0.30730       -0.30730       -0.00000
     2 1 0.5 3P   1( 2.00)       -2.49528       -2.49528       -0.00000
     2 1 1.5 3P   1( 4.00)       -2.45782       -2.45782        0.00000
     3 2 1.5 3D   1( 1.00)       -0.23858       -0.23858       -0.00000
     3 2 2.5 3D   1( 0.00)       -0.23636       -0.23636        0.00000

     eps = 2.1E-16  iter =  4
 
     Etot =   -1528.129069 Ry,    -764.064535 Ha,  -20791.255170 eV
     Etotps =  -156.651579 Ry,     -78.325790 Ha,   -2131.353313 eV

     Ekin =     111.682003 Ry,      55.841001 Ha,    1519.511055 eV
     Encl =    -263.699756 Ry,    -131.849878 Ha,   -3587.817959 eV
     Ehrt =      73.148915 Ry,      36.574457 Ha,     995.241685 eV
     Ecxc =     -77.782740 Ry,     -38.891370 Ha,   -1058.288094 eV
     (Ecc =      -4.363092 Ry,      -2.181546 Ha,     -59.362892 eV)

     ---------------------- End of pseudopotential test ----------------------

