[0] MPI startup(): I_MPI_SHM_LMT environment variable is not supported.
[0] MPI startup(): Similar variables:
	 I_MPI_SHM_HEAP
	 I_MPI_SHM
	 I_MPI_SHM_OPT
	 I_MPI_SHM_THP
[0] MPI startup(): To check the list of supported variables, use the impi_info utility or refer to https://software.intel.com/en-us/mpi-library/documentation/get-started.

     Program LD1 v.7.3.1 starts on 19Sep2024 at 21:49:21 

     This program is part of the open-source Quantum ESPRESSO suite
     for quantum simulation of materials; please cite
         "P. Giannozzi et al., J. Phys.:Condens. Matter 21 395502 (2009);
         "P. Giannozzi et al., J. Phys.:Condens. Matter 29 465901 (2017);
         "P. Giannozzi et al., J. Chem. Phys. 152 154105 (2020);
          URL http://www.quantum-espresso.org", 
     in publications or presentations arising from this work. More details at
     http://www.quantum-espresso.org/quote

     Parallel version (MPI), running on     1 processors

     MPI processes distributed on     1 nodes
     89349 MiB available memory on the printing compute node when the environment starts
 
     Waiting for input...
     Reading input from standard input
     --------------------------- All-electron run ----------------------------

     Sn                                                                         
     dirac relativistic calculation

     atomic number is 50.00
     dft =PBE   lsd =0 sic =0 latt =0  beta=0.20 tr2=1.0E-14
     Exchange-correlation= PBE
                           (   1   4   3   4   0   0   0)
     mesh =1243 r(mesh) = 100.78374 a.u. xmin = -7.00 dx = 0.01250
     1 Ry =  13.60569312 eV, c = 137.03599908

     n l j   nl                  e(Ry)          e(Ha)          e(eV)
     Spin orbit split results
     1 0 0.5 1S 1( 2.00)     -2131.0785     -1065.5393    -28994.8001
     2 0 0.5 2S 1( 2.00)      -321.5983      -160.7992     -4375.5678
     2 1 0.5 2P 1( 2.00)      -300.3876      -150.1938     -4086.9816
     2 1 1.5 2P 1( 4.00)      -283.4361      -141.7181     -3856.3447
     3 0 0.5 3S 1( 2.00)       -62.0433       -31.0216      -844.1415
     3 1 0.5 3P 1( 2.00)       -53.4296       -26.7148      -726.9472
     3 1 1.5 3P 1( 4.00)       -50.3342       -25.1671      -684.8318
     4 0 0.5 4S 1( 2.00)        -9.8110        -4.9055      -133.4854
     4 1 0.5 4P 1( 2.00)        -6.9482        -3.4741       -94.5352
     4 1 1.5 4P 1( 4.00)        -6.3920        -3.1960       -86.9673
     3 2 1.5 3D 1( 4.00)       -35.1168       -17.5584      -477.7889
     3 2 2.5 3D 1( 6.00)       -34.4779       -17.2390      -469.0961
     4 2 1.5 4D 1( 4.00)        -1.9193        -0.9596       -26.1128
     4 2 2.5 4D 1( 6.00)        -1.8428        -0.9214       -25.0724
     5 0 0.5 5S 1( 2.00)        -0.7586        -0.3793       -10.3209
     5 1 0.5 5P 1( 2.00)        -0.2815        -0.1408        -3.8305
     5 1 1.5 5P 1( 0.00)        -0.2496        -0.1248        -3.3954
     Averaged results
     1 0     1S 1( 2.00)     -2131.0785     -1065.5393    -28994.8001
     2 0     2S 1( 2.00)      -321.5983      -160.7992     -4375.5678
     2 1     2P 1( 6.00)      -289.0866      -144.5433     -3933.2236
     3 0     3S 1( 2.00)       -62.0433       -31.0216      -844.1415
     3 1     3P 1( 6.00)       -51.3660       -25.6830      -698.8703
     4 0     4S 1( 2.00)        -9.8110        -4.9055      -133.4854
     4 1     4P 1( 6.00)        -6.5774        -3.2887       -89.4900
     3 2     3D 1(10.00)       -34.7335       -17.3667      -472.5732
     4 2     4D 1(10.00)        -1.8734        -0.9367       -25.4885
     5 0     5S 1( 2.00)        -0.7586        -0.3793       -10.3209
     5 1     5P 1( 2.00)        -0.2602        -0.1301        -3.5404

     final scf error:  2.0E-15 reached in  31 iterations
 
     Etot =  -12358.053344 Ry,   -6179.026672 Ha, -168139.881400 eV

     Ekin =   13013.164607 Ry,    6506.582304 Ha,  177053.124202 eV
     Encl =  -30000.167348 Ry,  -15000.083674 Ha, -408173.070576 eV
     Eh   =    4959.426692 Ry,    2479.713346 Ha,   67476.437632 eV
     Exc  =    -330.477295 Ry,    -165.238647 Ha,   -4496.372659 eV


     normalization and overlap integrals

     s(1S/1S) =  1.000000  <r> =   0.0291  <r2> =    0.0011  r(max) =   0.0188
     s(1S/2S) = -0.000000
     s(1S/3S) = -0.000000
     s(1S/4S) =  0.000000
     s(1S/5S) =  0.000000
     s(2S/2S) =  1.000000  <r> =   0.1251  <r2> =    0.0185  r(max) =   0.1068
     s(2S/3S) =  0.000000
     s(2S/4S) =  0.000000
     s(2S/5S) =  0.000000
     s(2P/2P) =  1.000000  <r> =   0.1058  <r2> =    0.0138  r(max) =   0.0821
     s(2P/3P) =  0.000000
     s(2P/4P) =  0.000000
     s(2P/5P) =  0.000000
     s(2P/2P) =  1.000000  <r> =   0.1112  <r2> =    0.0151  r(max) =   0.0863
     s(2P/3P) =  0.000000
     s(2P/4P) =  0.000000
     s(2P/5P) =  0.000000
     s(3S/3S) =  1.000000  <r> =   0.3391  <r2> =    0.1316  r(max) =   0.3090
     s(3S/4S) =  0.000000
     s(3S/5S) =  0.000000
     s(3P/3P) =  1.000000  <r> =   0.3299  <r2> =    0.1265  r(max) =   0.2939
     s(3P/4P) =  0.000000
     s(3P/5P) =  0.000000
     s(3P/3P) =  1.000000  <r> =   0.3411  <r2> =    0.1350  r(max) =   0.3051
     s(3P/4P) =  0.000000
     s(3P/5P) =  0.000000
     s(4S/4S) =  1.000000  <r> =   0.8186  <r2> =    0.7586  r(max) =   0.7505
     s(4S/5S) =  0.000000
     s(4P/4P) =  1.000000  <r> =   0.8657  <r2> =    0.8568  r(max) =   0.7695
     s(4P/5P) =  0.000000
     s(4P/4P) =  1.000000  <r> =   0.8955  <r2> =    0.9168  r(max) =   0.7989
     s(4P/5P) = -0.000000
     s(3D/3D) =  1.000000  <r> =   0.3125  <r2> =    0.1160  r(max) =   0.2498
     s(3D/4D) = -0.000000
     s(3D/3D) =  1.000000  <r> =   0.3161  <r2> =    0.1186  r(max) =   0.2530
     s(3D/4D) = -0.000000
     s(4D/4D) =  1.000000  <r> =   1.0913  <r2> =    1.4178  r(max) =   0.8829
     s(4D/4D) =  1.000000  <r> =   1.1061  <r2> =    1.4577  r(max) =   0.8940
     s(5S/5S) =  1.000000  <r> =   2.4052  <r2> =    6.6192  r(max) =   2.0147
     s(5P/5P) =  1.000000  <r> =   3.1699  <r2> =   11.8095  r(max) =   2.4917
     s(5P/5P) =  1.000000  <r> =   3.3321  <r2> =   13.0672  r(max) =   2.6195

     ------------------------ End of All-electron run ------------------------


     --------------------- Generating US pseudopotential ---------------------


      Generating local potential from pseudized AE potential:
      Matching radius rcloc =   2.3000

      Local pseudo, rcloc= 2.312 Estimated cut-off energy=     4.62 Ry

      Computing core charge for nlcc: 

       r > 1.21 : true rho core
       r < 1.21 : rho core = a sin(br)/r    a=   8.16  b=   2.21

      Integrated core pseudo-charge :   5.79

     Fully relativistic calculation: |psi|^2

     Wfc 5S LC norm =  0.99992936 SC norm =  0.00006849 missing  0.00000214

     Wfc 5P LC norm =  0.99996056 SC norm =  0.00003928 missing  0.00000017

     Wfc 5P LC norm =  0.99996448 SC norm =  0.00003128 missing  0.00000425

     Wfc 4D LC norm =  0.99967839 SC norm =  0.00032159 missing  0.00000002

     Wfc 4D LC norm =  0.99968573 SC norm =  0.00031411 missing  0.00000016
      Wfc-us  5S rcutus= 2.199  Estimated cut-off energy=     9.48 Ry
      Wfc-us  5S rcutus= 2.199  Estimated cut-off energy=    18.37 Ry
      Wfc-us  5P rcutus= 2.492  Estimated cut-off energy=    12.05 Ry
      Wfc-us  5P rcutus= 2.492  Estimated cut-off energy=    11.95 Ry
      Wfc-us  5P rcutus= 2.492  Estimated cut-off energy=    11.97 Ry
      Wfc-us  5P rcutus= 2.492  Estimated cut-off energy=    11.50 Ry
      Wfc-us  4D rcutus= 2.370  Estimated cut-off energy=    22.04 Ry
      Wfc-us  4D rcutus= 2.370  Estimated cut-off energy=    22.00 Ry
      Wfc-us  4D rcutus= 2.370  Estimated cut-off energy=    25.43 Ry
      Wfc-us  4D rcutus= 2.370  Estimated cut-off energy=    25.23 Ry

      The bmat matrix
     1.16710     1.76595     0.00000     0.00000     0.00000     0.00000
     0.00000     0.00000     0.00000     0.00000
     1.12734     1.84405     0.00000     0.00000     0.00000     0.00000
     0.00000     0.00000     0.00000     0.00000
     0.00000     0.00000     0.34537     0.00000     1.35840     0.00000
     0.00000     0.00000     0.00000     0.00000
     0.00000     0.00000     0.00000     0.31086     0.00000     1.34245
     0.00000     0.00000     0.00000     0.00000
     0.00000     0.00000     0.48208     0.00000     2.69255     0.00000
     0.00000     0.00000     0.00000     0.00000
     0.00000     0.00000     0.00000     0.49999     0.00000     3.03211
     0.00000     0.00000     0.00000     0.00000
     0.00000     0.00000     0.00000     0.00000     0.00000     0.00000
    -0.76151     0.00000    -0.54080     0.00000
     0.00000     0.00000     0.00000     0.00000     0.00000     0.00000
     0.00000    -0.77581     0.00000    -0.55811
     0.00000     0.00000     0.00000     0.00000     0.00000     0.00000
     0.76050     0.00000     0.52385     0.00000
     0.00000     0.00000     0.00000     0.00000     0.00000     0.00000
     0.00000     0.74783     0.00000     0.52209

      The bmat + epsilon qq matrix
     1.29882     1.25286     0.00000     0.00000     0.00000     0.00000
     0.00000     0.00000     0.00000     0.00000
     1.25289     1.36388     0.00000     0.00000     0.00000     0.00000
     0.00000     0.00000     0.00000     0.00000
     0.00000     0.00000     0.36246     0.00000     0.51962     0.00000
     0.00000     0.00000     0.00000     0.00000
     0.00000     0.00000     0.00000     0.32287     0.00000     0.53215
     0.00000     0.00000     0.00000     0.00000
     0.00000     0.00000     0.51956     0.00000     0.57276     0.00000
     0.00000     0.00000     0.00000     0.00000
     0.00000     0.00000     0.00000     0.53209     0.00000     0.65660
     0.00000     0.00000     0.00000     0.00000
     0.00000     0.00000     0.00000     0.00000     0.00000     0.00000
    -2.22563     0.00000     0.35893     0.00000
     0.00000     0.00000     0.00000     0.00000     0.00000     0.00000
     0.00000    -2.15899     0.00000     0.35606
     0.00000     0.00000     0.00000     0.00000     0.00000     0.00000
     0.35892     0.00000     0.46937     0.00000
     0.00000     0.00000     0.00000     0.00000     0.00000     0.00000
     0.00000     0.35606     0.00000     0.47829

      The qq matrix
    -0.17365    -0.16551     0.00000     0.00000     0.00000     0.00000
     0.00000     0.00000     0.00000     0.00000
    -0.16551    -0.15489     0.00000     0.00000     0.00000     0.00000
     0.00000     0.00000     0.00000     0.00000
     0.00000     0.00000    -0.06069     0.00000    -0.13314     0.00000
     0.00000     0.00000     0.00000     0.00000
     0.00000     0.00000     0.00000    -0.04813     0.00000    -0.12862
     0.00000     0.00000     0.00000     0.00000
     0.00000     0.00000    -0.13314     0.00000    -0.33647     0.00000
     0.00000     0.00000     0.00000     0.00000
     0.00000     0.00000     0.00000    -0.12862     0.00000    -0.37707
     0.00000     0.00000     0.00000     0.00000
     0.00000     0.00000     0.00000     0.00000     0.00000     0.00000
     0.76286     0.00000     0.20924     0.00000
     0.00000     0.00000     0.00000     0.00000     0.00000     0.00000
     0.00000     0.75059     0.00000     0.21260
     0.00000     0.00000     0.00000     0.00000     0.00000     0.00000
     0.20924     0.00000    -0.01267     0.00000
     0.00000     0.00000     0.00000     0.00000     0.00000     0.00000
     0.00000     0.21260     0.00000    -0.01019

     Q pseudized with Bessel functions
     Expected ecutrho=     136.8449 due to l1=  1   l2=  2

      The ddd matrix
     0.53520     0.47406     0.00000     0.00000     0.00000     0.00000
     0.00000     0.00000     0.00000     0.00000
     0.47406     0.57500     0.00000     0.00000     0.00000     0.00000
     0.00000     0.00000     0.00000     0.00000
     0.00000     0.00000     0.18155     0.00000    -0.00722     0.00000
     0.00000     0.00000     0.00000     0.00000
     0.00000     0.00000     0.00000     0.20056     0.00000     0.04491
     0.00000     0.00000     0.00000     0.00000
     0.00000     0.00000    -0.00722     0.00000    -1.01426     0.00000
     0.00000     0.00000     0.00000     0.00000
     0.00000     0.00000     0.00000     0.04491     0.00000    -1.07572
     0.00000     0.00000     0.00000     0.00000
     0.00000     0.00000     0.00000     0.00000     0.00000     0.00000
     1.83384     0.00000     1.65849     0.00000
     0.00000     0.00000     0.00000     0.00000     0.00000     0.00000
     0.00000     1.82095     0.00000     1.66634
     0.00000     0.00000     0.00000     0.00000     0.00000     0.00000
     1.65849     0.00000     0.61156     0.00000
     0.00000     0.00000     0.00000     0.00000     0.00000     0.00000
     0.00000     1.66634     0.00000     0.63624

     ------------------- End of pseudopotential generation -------------------

     --------------------------- All-electron run ----------------------------

     Sn                                                                         
     dirac relativistic calculation

     atomic number is 50.00
     dft =PBE   lsd =0 sic =0 latt =0  beta=0.20 tr2=1.0E-14
     Exchange-correlation= PBE
                           (   1   4   3   4   0   0   0)
     mesh =1243 r(mesh) = 100.78374 a.u. xmin = -7.00 dx = 0.01250
     1 Ry =  13.60569312 eV, c = 137.03599908

     n l j   nl                  e(Ry)          e(Ha)          e(eV)
     Spin orbit split results
     1 0 0.5 1S 1( 2.00)     -2131.0785     -1065.5393    -28994.8001
     2 0 0.5 2S 1( 2.00)      -321.5983      -160.7992     -4375.5678
     2 1 0.5 2P 1( 2.00)      -300.3876      -150.1938     -4086.9816
     2 1 1.5 2P 1( 4.00)      -283.4361      -141.7181     -3856.3447
     3 0 0.5 3S 1( 2.00)       -62.0433       -31.0216      -844.1415
     3 1 0.5 3P 1( 2.00)       -53.4296       -26.7148      -726.9472
     3 1 1.5 3P 1( 4.00)       -50.3342       -25.1671      -684.8318
     4 0 0.5 4S 1( 2.00)        -9.8110        -4.9055      -133.4854
     4 1 0.5 4P 1( 2.00)        -6.9482        -3.4741       -94.5352
     4 1 1.5 4P 1( 4.00)        -6.3920        -3.1960       -86.9673
     3 2 1.5 3D 1( 4.00)       -35.1168       -17.5584      -477.7889
     3 2 2.5 3D 1( 6.00)       -34.4779       -17.2390      -469.0961
     4 2 1.5 4D 1( 4.00)        -1.9193        -0.9596       -26.1128
     4 2 2.5 4D 1( 6.00)        -1.8428        -0.9214       -25.0724
     5 0 0.5 5S 1( 2.00)        -0.7586        -0.3793       -10.3209
     5 1 0.5 5P 1( 2.00)        -0.2815        -0.1408        -3.8305
     5 1 1.5 5P 1( 0.00)        -0.2496        -0.1248        -3.3954
     Averaged results
     1 0     1S 1( 2.00)     -2131.0785     -1065.5393    -28994.8001
     2 0     2S 1( 2.00)      -321.5983      -160.7992     -4375.5678
     2 1     2P 1( 6.00)      -289.0866      -144.5433     -3933.2236
     3 0     3S 1( 2.00)       -62.0433       -31.0216      -844.1415
     3 1     3P 1( 6.00)       -51.3660       -25.6830      -698.8703
     4 0     4S 1( 2.00)        -9.8110        -4.9055      -133.4854
     4 1     4P 1( 6.00)        -6.5774        -3.2887       -89.4900
     3 2     3D 1(10.00)       -34.7335       -17.3667      -472.5732
     4 2     4D 1(10.00)        -1.8734        -0.9367       -25.4885
     5 0     5S 1( 2.00)        -0.7586        -0.3793       -10.3209
     5 1     5P 1( 2.00)        -0.2602        -0.1301        -3.5404

     final scf error:  2.0E-15 reached in  31 iterations
 
     Etot =  -12358.053344 Ry,   -6179.026672 Ha, -168139.881400 eV

     Ekin =   13013.164607 Ry,    6506.582304 Ha,  177053.124202 eV
     Encl =  -30000.167348 Ry,  -15000.083674 Ha, -408173.070576 eV
     Eh   =    4959.426692 Ry,    2479.713346 Ha,   67476.437632 eV
     Exc  =    -330.477295 Ry,    -165.238647 Ha,   -4496.372659 eV


     normalization and overlap integrals

     s(1S/1S) =  1.000000  <r> =   0.0291  <r2> =    0.0011  r(max) =   0.0188
     s(1S/2S) = -0.000000
     s(1S/3S) = -0.000000
     s(1S/4S) =  0.000000
     s(1S/5S) =  0.000000
     s(2S/2S) =  1.000000  <r> =   0.1251  <r2> =    0.0185  r(max) =   0.1068
     s(2S/3S) =  0.000000
     s(2S/4S) =  0.000000
     s(2S/5S) =  0.000000
     s(2P/2P) =  1.000000  <r> =   0.1058  <r2> =    0.0138  r(max) =   0.0821
     s(2P/3P) =  0.000000
     s(2P/4P) =  0.000000
     s(2P/5P) =  0.000000
     s(2P/2P) =  1.000000  <r> =   0.1112  <r2> =    0.0151  r(max) =   0.0863
     s(2P/3P) =  0.000000
     s(2P/4P) =  0.000000
     s(2P/5P) =  0.000000
     s(3S/3S) =  1.000000  <r> =   0.3391  <r2> =    0.1316  r(max) =   0.3090
     s(3S/4S) =  0.000000
     s(3S/5S) =  0.000000
     s(3P/3P) =  1.000000  <r> =   0.3299  <r2> =    0.1265  r(max) =   0.2939
     s(3P/4P) =  0.000000
     s(3P/5P) =  0.000000
     s(3P/3P) =  1.000000  <r> =   0.3411  <r2> =    0.1350  r(max) =   0.3051
     s(3P/4P) =  0.000000
     s(3P/5P) =  0.000000
     s(4S/4S) =  1.000000  <r> =   0.8186  <r2> =    0.7586  r(max) =   0.7505
     s(4S/5S) =  0.000000
     s(4P/4P) =  1.000000  <r> =   0.8657  <r2> =    0.8568  r(max) =   0.7695
     s(4P/5P) =  0.000000
     s(4P/4P) =  1.000000  <r> =   0.8955  <r2> =    0.9168  r(max) =   0.7989
     s(4P/5P) = -0.000000
     s(3D/3D) =  1.000000  <r> =   0.3125  <r2> =    0.1160  r(max) =   0.2498
     s(3D/4D) = -0.000000
     s(3D/3D) =  1.000000  <r> =   0.3161  <r2> =    0.1186  r(max) =   0.2530
     s(3D/4D) = -0.000000
     s(4D/4D) =  1.000000  <r> =   1.0913  <r2> =    1.4178  r(max) =   0.8829
     s(4D/4D) =  1.000000  <r> =   1.1061  <r2> =    1.4577  r(max) =   0.8940
     s(5S/5S) =  1.000000  <r> =   2.4052  <r2> =    6.6192  r(max) =   2.0147
     s(5P/5P) =  1.000000  <r> =   3.1699  <r2> =   11.8095  r(max) =   2.4917
     s(5P/5P) =  1.000000  <r> =   3.3321  <r2> =   13.0672  r(max) =   2.6195

     ------------------------ End of All-electron run ------------------------


     ---------------------- Testing the pseudopotential ----------------------

     Sn                                                                         
     dirac relativistic calculation

     atomic number is 50.00   valence charge is 14.00
     dft =PBE   lsd =0 sic =0 latt =0  beta=0.20 tr2=1.0E-14
     mesh =1243 r(mesh) = 100.78374 xmin = -7.00 dx = 0.01250

     n l  j  nl             e AE (Ry)       e PS (Ry)    De AE-PS (Ry) 
     1 0 0.5 5S   1( 2.00)       -0.75857       -0.75857        0.00000
     2 1 0.5 5P   1( 2.00)       -0.28154       -0.28153       -0.00000
     2 1 1.5 5P   1( 0.00)       -0.24956       -0.24956        0.00000
     3 2 1.5 4D   1( 4.00)       -1.91926       -1.91926       -0.00000
     3 2 2.5 4D   1( 6.00)       -1.84278       -1.84278       -0.00000

     eps = 1.1E-15  iter =  3
 
     Etot =  -12358.053344 Ry,   -6179.026672 Ha, -168139.881400 eV
     Etotps =  -148.642191 Ry,     -74.321095 Ha,   -2022.380033 eV

     Ekin =      12.889498 Ry,       6.444749 Ha,     175.370557 eV
     Encl =    -274.872543 Ry,    -137.436272 Ha,   -3739.831470 eV
     Ehrt =     122.937085 Ry,      61.468542 Ha,    1672.644249 eV
     Ecxc =     -29.290782 Ry,     -14.645391 Ha,    -398.521390 eV
     (Ecc =      -8.004121 Ry,      -4.002061 Ha,    -108.901618 eV)
     Epseu=      19.694551 Ry,       9.847276 Ha,     267.958021 eV

     ---------------------- End of pseudopotential test ----------------------

