[0] MPI startup(): I_MPI_SHM_LMT environment variable is not supported.
[0] MPI startup(): Similar variables:
	 I_MPI_SHM_HEAP
	 I_MPI_SHM
	 I_MPI_SHM_OPT
	 I_MPI_SHM_THP
[0] MPI startup(): To check the list of supported variables, use the impi_info utility or refer to https://software.intel.com/en-us/mpi-library/documentation/get-started.

     Program LD1 v.7.3.1 starts on 19Sep2024 at 21:49:23 

     This program is part of the open-source Quantum ESPRESSO suite
     for quantum simulation of materials; please cite
         "P. Giannozzi et al., J. Phys.:Condens. Matter 21 395502 (2009);
         "P. Giannozzi et al., J. Phys.:Condens. Matter 29 465901 (2017);
         "P. Giannozzi et al., J. Chem. Phys. 152 154105 (2020);
          URL http://www.quantum-espresso.org", 
     in publications or presentations arising from this work. More details at
     http://www.quantum-espresso.org/quote

     Parallel version (MPI), running on     1 processors

     MPI processes distributed on     1 nodes
     89349 MiB available memory on the printing compute node when the environment starts
 
     Waiting for input...
     Reading input from standard input
     --------------------------- All-electron run ----------------------------

     Sr                                                                         
     dirac relativistic calculation

     atomic number is 38.00
     dft =PBE   lsd =0 sic =0 latt =0  beta=0.20 tr2=1.0E-14
     Exchange-correlation= PBE
                           (   1   4   3   4   0   0   0)
     mesh =1221 r(mesh) = 100.72700 a.u. xmin = -7.00 dx = 0.01250
     1 Ry =  13.60569312 eV, c = 137.03599908

     n l j   nl                  e(Ry)          e(Ha)          e(eV)
     Spin orbit split results
     1 0 0.5 1S 1( 2.00)     -1170.9053      -585.4527    -15930.9787
     2 0 0.5 2S 1( 2.00)      -158.5221       -79.2611     -2156.8031
     2 1 0.5 2P 1( 2.00)      -144.2600       -72.1300     -1962.7570
     2 1 1.5 2P 1( 4.00)      -139.2321       -69.6160     -1894.3488
     3 0 0.5 3S 1( 2.00)       -24.5200       -12.2600      -333.6119
     3 1 0.5 3P 1( 2.00)       -19.3413        -9.6707      -263.1518
     3 1 1.5 3P 1( 4.00)       -18.5705        -9.2853      -252.6648
     4 0 0.5 4S 1( 2.00)        -3.0049        -1.5024       -40.8834
     4 1 0.5 4P 1( 2.00)        -1.7348        -0.8674       -23.6030
     4 1 1.5 4P 1( 4.00)        -1.6495        -0.8248       -22.4430
     3 2 1.5 3D 1( 4.00)        -9.4841        -4.7420      -129.0373
     3 2 2.5 3D 1( 6.00)        -9.3496        -4.6748      -127.2073
     4 2 1.5 4D 1( 0.00)        -0.0963        -0.0481        -1.3100
     4 2 2.5 4D 1( 0.00)        -0.0929        -0.0464        -1.2638
     5 0 0.5 5S 1( 2.00)        -0.2591        -0.1296        -3.5257
     5 1 0.5 5P 1( 0.00)        -0.0975        -0.0488        -1.3266
     5 1 1.5 5P 1( 0.00)        -0.0929        -0.0465        -1.2645
     Averaged results
     1 0     1S 1( 2.00)     -1170.9053      -585.4527    -15930.9787
     2 0     2S 1( 2.00)      -158.5221       -79.2611     -2156.8031
     2 1     2P 1( 6.00)      -140.9080       -70.4540     -1917.1515
     3 0     3S 1( 2.00)       -24.5200       -12.2600      -333.6119
     3 1     3P 1( 6.00)       -18.8274        -9.4137      -256.1605
     4 0     4S 1( 2.00)        -3.0049        -1.5024       -40.8834
     4 1     4P 1( 6.00)        -1.6779        -0.8390       -22.8297
     3 2     3D 1(10.00)        -9.4034        -4.7017      -127.9393
     4 2     4D 1( 0.00)        -0.0942        -0.0471        -1.2823
     5 0     5S 1( 2.00)        -0.2591        -0.1296        -3.5257
     5 1     5P 1( 0.00)        -0.0945        -0.0472        -1.2852

     final scf error:  5.1E-15 reached in  31 iterations
 
     Etot =   -6359.600133 Ry,   -3179.800067 Ha,  -86526.767798 eV

     Ekin =    6551.007405 Ry,    3275.503703 Ha,   89130.996404 eV
     Encl =  -15346.648965 Ry,   -7673.324482 Ha, -208801.796283 eV
     Eh   =    2646.196618 Ry,    1323.098309 Ha,   36003.339122 eV
     Exc  =    -210.155191 Ry,    -105.077596 Ha,   -2859.307041 eV


     normalization and overlap integrals

     s(1S/1S) =  1.000000  <r> =   0.0392  <r2> =    0.0021  r(max) =   0.0257
     s(1S/2S) =  0.000000
     s(1S/3S) = -0.000000
     s(1S/4S) =  0.000000
     s(1S/5S) =  0.000000
     s(2S/2S) =  1.000000  <r> =   0.1722  <r2> =    0.0350  r(max) =   0.1459
     s(2S/3S) =  0.000000
     s(2S/4S) =  0.000000
     s(2S/5S) =  0.000000
     s(2P/2P) =  1.000000  <r> =   0.1475  <r2> =    0.0267  r(max) =   0.1136
     s(2P/3P) =  0.000000
     s(2P/4P) =  0.000000
     s(2P/5P) =  0.000000
     s(2P/2P) =  1.000000  <r> =   0.1517  <r2> =    0.0281  r(max) =   0.1165
     s(2P/3P) =  0.000000
     s(2P/4P) =  0.000000
     s(2P/5P) =  0.000000
     s(3S/3S) =  1.000000  <r> =   0.4919  <r2> =    0.2779  r(max) =   0.4382
     s(3S/4S) =  0.000000
     s(3S/5S) =  0.000000
     s(3P/3P) =  1.000000  <r> =   0.4913  <r2> =    0.2821  r(max) =   0.4274
     s(3P/4P) =  0.000000
     s(3P/5P) =  0.000000
     s(3P/3P) =  1.000000  <r> =   0.5018  <r2> =    0.2940  r(max) =   0.4328
     s(3P/4P) =  0.000000
     s(3P/5P) =  0.000000
     s(4S/4S) =  1.000000  <r> =   1.3572  <r2> =    2.0943  r(max) =   1.1911
     s(4S/5S) =  0.000000
     s(4P/4P) =  1.000000  <r> =   1.5448  <r2> =    2.7526  r(max) =   1.3164
     s(4P/5P) =  0.000000
     s(4P/4P) =  1.000000  <r> =   1.5788  <r2> =    2.8760  r(max) =   1.3330
     s(4P/5P) = -0.000000
     s(3D/3D) =  1.000000  <r> =   0.4962  <r2> =    0.3003  r(max) =   0.3772
     s(3D/4D) = -0.000000
     s(3D/3D) =  1.000000  <r> =   0.4998  <r2> =    0.3046  r(max) =   0.3772
     s(3D/4D) = -0.000000
     s(4D/4D) =  1.000000  <r> =   3.5054  <r2> =   16.0240  r(max) =   2.0905
     s(4D/4D) =  1.000000  <r> =   3.5575  <r2> =   16.5060  r(max) =   2.1168
     s(5S/5S) =  1.000000  <r> =   4.3334  <r2> =   21.4086  r(max) =   3.7151
     s(5P/5P) =  1.000000  <r> =   5.8454  <r2> =   39.4214  r(max) =   4.7703
     s(5P/5P) =  1.000000  <r> =   5.9594  <r2> =   40.9668  r(max) =   4.8911

     ------------------------ End of All-electron run ------------------------


     --------------------- Generating PAW atomic setup --------------------


      Generating local potential from pseudized AE potential:
      Matching radius rcloc =   2.3000

      Local pseudo, rcloc= 2.310 Estimated cut-off energy=     4.65 Ry

      Computing core charge for nlcc: 

       r > 1.21 : true rho core
      Core charge pseudized with two Bessel functions
      Integrated core pseudo-charge :   4.70

     Fully relativistic calculation: |psi|^2

     Wfc 4S LC norm =  0.99981820 SC norm =  0.00018130 missing  0.00000050
     Speed at rcutus      0.107 a.u.,  v/c =  0.000781,  (v/c)^2 = -0.00000061

     Wfc 5S LC norm =  0.99998088 SC norm =  0.00001742 missing  0.00000170
     Speed at rcutus      0.056 a.u.,  v/c =  0.000407,  (v/c)^2 =  0.00000017

     Wfc 4P LC norm =  0.99985785 SC norm =  0.00014181 missing  0.00000034
     Speed at rcutus      0.700 a.u.,  v/c =  0.005109,  (v/c)^2 =  0.00002610

     Wfc 4P LC norm =  0.99986312 SC norm =  0.00013513 missing  0.00000176
     Speed at rcutus      0.743 a.u.,  v/c =  0.005422,  (v/c)^2 =  0.00002940

     Wfc 5P LC norm =  0.99998963 SC norm =  0.00000893 missing  0.00000144
     Speed at rcutus      0.069 a.u.,  v/c =  0.000504,  (v/c)^2 =  0.00000025

     Wfc 5P LC norm =  0.99998996 SC norm =  0.00000787 missing  0.00000217
     Speed at rcutus      0.089 a.u.,  v/c =  0.000647,  (v/c)^2 =  0.00000042
      Wfc-us  4S rcutus= 1.712  Estimated cut-off energy=    17.37 Ry
      Wfc-us  5S rcutus= 1.712  Estimated cut-off energy=    28.94 Ry
      Wfc-us  4P rcutus= 1.799  Estimated cut-off energy=    24.75 Ry
      Wfc-us  4P rcutus= 1.799  Estimated cut-off energy=    24.65 Ry
      Wfc-us  5P rcutus= 1.799  Estimated cut-off energy=    32.23 Ry
      Wfc-us  5P rcutus= 1.799  Estimated cut-off energy=    31.13 Ry
      Wfc-us  4D rcutus= 2.091  Estimated cut-off energy=    25.75 Ry
      Wfc-us  4D rcutus= 2.091  Estimated cut-off energy=    25.72 Ry
      Wfc-us  4D rcutus= 2.091  Estimated cut-off energy=    26.21 Ry
      Wfc-us  4D rcutus= 2.091  Estimated cut-off energy=    26.17 Ry

      The bmat matrix
     1.12560     0.75254     0.00000     0.00000     0.00000     0.00000
     0.00000     0.00000     0.00000     0.00000
     0.30442     0.20980     0.00000     0.00000     0.00000     0.00000
     0.00000     0.00000     0.00000     0.00000
     0.00000     0.00000    -0.39927     0.00000    -0.03717     0.00000
     0.00000     0.00000     0.00000     0.00000
     0.00000     0.00000     0.00000    -0.28752     0.00000    -0.01527
     0.00000     0.00000     0.00000     0.00000
     0.00000     0.00000    -0.08933     0.00000    -0.00865     0.00000
     0.00000     0.00000     0.00000     0.00000
     0.00000     0.00000     0.00000    -0.06576     0.00000    -0.00379
     0.00000     0.00000     0.00000     0.00000
     0.00000     0.00000     0.00000     0.00000     0.00000     0.00000
    -0.10357     0.00000    -0.10707     0.00000
     0.00000     0.00000     0.00000     0.00000     0.00000     0.00000
     0.00000    -0.09945     0.00000    -0.10274
     0.00000     0.00000     0.00000     0.00000     0.00000     0.00000
    -0.10639     0.00000    -0.10989     0.00000
     0.00000     0.00000     0.00000     0.00000     0.00000     0.00000
     0.00000    -0.10221     0.00000    -0.10549

      The bmat + epsilon qq matrix
     2.85179     0.79483     0.00000     0.00000     0.00000     0.00000
     0.00000     0.00000     0.00000     0.00000
     0.79483     0.22199     0.00000     0.00000     0.00000     0.00000
     0.00000     0.00000     0.00000     0.00000
     0.00000     0.00000    -0.15465     0.00000    -0.03406     0.00000
     0.00000     0.00000     0.00000     0.00000
     0.00000     0.00000     0.00000    -0.04956     0.00000    -0.01225
     0.00000     0.00000     0.00000     0.00000
     0.00000     0.00000    -0.03406     0.00000    -0.00794     0.00000
     0.00000     0.00000     0.00000     0.00000
     0.00000     0.00000     0.00000    -0.01225     0.00000    -0.00310
     0.00000     0.00000     0.00000     0.00000
     0.00000     0.00000     0.00000     0.00000     0.00000     0.00000
    -0.10331     0.00000    -0.10606     0.00000
     0.00000     0.00000     0.00000     0.00000     0.00000     0.00000
     0.00000    -0.09926     0.00000    -0.10195
     0.00000     0.00000     0.00000     0.00000     0.00000     0.00000
    -0.10605     0.00000    -0.10860     0.00000
     0.00000     0.00000     0.00000     0.00000     0.00000     0.00000
     0.00000    -0.10195     0.00000    -0.10444

      The qq matrix
    -0.57447    -0.16320     0.00000     0.00000     0.00000     0.00000
     0.00000     0.00000     0.00000     0.00000
    -0.16320    -0.04704     0.00000     0.00000     0.00000     0.00000
     0.00000     0.00000     0.00000     0.00000
     0.00000     0.00000    -0.14101     0.00000    -0.03186     0.00000
     0.00000     0.00000     0.00000     0.00000
     0.00000     0.00000     0.00000    -0.14426     0.00000    -0.03244
     0.00000     0.00000     0.00000     0.00000
     0.00000     0.00000    -0.03186     0.00000    -0.00729     0.00000
     0.00000     0.00000     0.00000     0.00000
     0.00000     0.00000     0.00000    -0.03244     0.00000    -0.00737
     0.00000     0.00000     0.00000     0.00000
     0.00000     0.00000     0.00000     0.00000     0.00000     0.00000
     0.00254     0.00000     0.00339     0.00000
     0.00000     0.00000     0.00000     0.00000     0.00000     0.00000
     0.00000     0.00181     0.00000     0.00263
     0.00000     0.00000     0.00000     0.00000     0.00000     0.00000
     0.00339     0.00000     0.00430     0.00000
     0.00000     0.00000     0.00000     0.00000     0.00000     0.00000
     0.00000     0.00263     0.00000     0.00350


    multipoles (all-electron charge) - (pseudo charge)
        ns l1:ns1 l2    l=0     l=1     l=2     l=3     l=4     l=5  
         1  0:  1  0 -0.5745
         2  0:  1  0 -0.1632
         2  0:  2  0 -0.0470
         3  1:  1  0  0.0000  0.2393
         3  1:  2  0  0.0000  0.0622
         3  1:  3  1 -0.1410  0.0000 -0.1328
         4  1:  1  0  0.0000  0.2404
         4  1:  2  0  0.0000  0.0624
         4  1:  3  1 -0.1430  0.0000 -0.1359
         4  1:  4  1 -0.1443  0.0000 -0.1385
         5  1:  1  0  0.0000  0.0539
         5  1:  2  0  0.0000  0.0143
         5  1:  3  1 -0.0319  0.0000 -0.0280
         5  1:  4  1 -0.0323  0.0000 -0.0286
         5  1:  5  1 -0.0073  0.0000 -0.0060
         6  1:  1  0  0.0000  0.0540
         6  1:  2  0  0.0000  0.0143
         6  1:  3  1 -0.0321  0.0000 -0.0286
         6  1:  4  1 -0.0324  0.0000 -0.0292
         6  1:  5  1 -0.0073  0.0000 -0.0061
         6  1:  6  1 -0.0074  0.0000 -0.0063
         7  2:  1  0  0.0000  0.0000 -0.0538
         7  2:  2  0  0.0000  0.0000 -0.0116
         7  2:  3  1  0.0000  0.0312  0.0000  0.0393
         7  2:  4  1  0.0000  0.0326  0.0000  0.0411
         7  2:  5  1  0.0000  0.0062  0.0000  0.0070
         7  2:  6  1  0.0000  0.0065  0.0000  0.0074
         7  2:  7  2  0.0025  0.0000 -0.0101  0.0000 -0.0203
         8  2:  1  0  0.0000  0.0000 -0.0551
         8  2:  2  0  0.0000  0.0000 -0.0119
         8  2:  3  1  0.0000  0.0323  0.0000  0.0408
         8  2:  4  1  0.0000  0.0336  0.0000  0.0424
         8  2:  5  1  0.0000  0.0064  0.0000  0.0072
         8  2:  6  1  0.0000  0.0067  0.0000  0.0077
         8  2:  7  2  0.0021  0.0000 -0.0108  0.0000 -0.0213
         8  2:  8  2  0.0018  0.0000 -0.0113  0.0000 -0.0219
         9  2:  1  0  0.0000  0.0000 -0.0530
         9  2:  2  0  0.0000  0.0000 -0.0116
         9  2:  3  1  0.0000  0.0303  0.0000  0.0373
         9  2:  4  1  0.0000  0.0318  0.0000  0.0392
         9  2:  5  1  0.0000  0.0061  0.0000  0.0066
         9  2:  6  1  0.0000  0.0064  0.0000  0.0071
         9  2:  7  2  0.0034  0.0000 -0.0092  0.0000 -0.0184
         9  2:  8  2  0.0030  0.0000 -0.0098  0.0000 -0.0195
         9  2:  9  2  0.0043  0.0000 -0.0082  0.0000 -0.0165
        10  2:  1  0  0.0000  0.0000 -0.0544
        10  2:  2  0  0.0000  0.0000 -0.0119
        10  2:  3  1  0.0000  0.0315  0.0000  0.0389
        10  2:  4  1  0.0000  0.0328  0.0000  0.0406
        10  2:  5  1  0.0000  0.0063  0.0000  0.0069
        10  2:  6  1  0.0000  0.0066  0.0000  0.0074
        10  2:  7  2  0.0030  0.0000 -0.0099  0.0000 -0.0195
        10  2:  8  2  0.0026  0.0000 -0.0104  0.0000 -0.0202
        10  2:  9  2  0.0038  0.0000 -0.0089  0.0000 -0.0176
        10  2: 10  2  0.0035  0.0000 -0.0094  0.0000 -0.0183
     Required augmentation: PSQ   radius:    1.000000

     Q pseudized with Bessel functions
     Expected ecutrho=     383.2767 due to l1=  2   l2=  2

     Estimated PAW energy = -260.428192 Ryd

     The PAW screened D coefficients
     2.85179     0.79483     0.00000     0.00000     0.00000     0.00000
     0.00000     0.00000     0.00000     0.00000
     0.79483     0.22199     0.00000     0.00000     0.00000     0.00000
     0.00000     0.00000     0.00000     0.00000
     0.00000     0.00000    -0.15465     0.00000    -0.03406     0.00000
     0.00000     0.00000     0.00000     0.00000
     0.00000     0.00000     0.00000    -0.04956     0.00000    -0.01225
     0.00000     0.00000     0.00000     0.00000
     0.00000     0.00000    -0.03406     0.00000    -0.00794     0.00000
     0.00000     0.00000     0.00000     0.00000
     0.00000     0.00000     0.00000    -0.01225     0.00000    -0.00310
     0.00000     0.00000     0.00000     0.00000
     0.00000     0.00000     0.00000     0.00000     0.00000     0.00000
    -0.10331     0.00000    -0.10605     0.00000
     0.00000     0.00000     0.00000     0.00000     0.00000     0.00000
     0.00000    -0.09926     0.00000    -0.10195
     0.00000     0.00000     0.00000     0.00000     0.00000     0.00000
    -0.10605     0.00000    -0.10860     0.00000
     0.00000     0.00000     0.00000     0.00000     0.00000     0.00000
     0.00000    -0.10195     0.00000    -0.10444

     The PAW descreened D coefficients (US)
    -0.76046    -0.24980     0.00000     0.00000     0.00000     0.00000
     0.00000     0.00000     0.00000     0.00000
    -0.24980    -0.08363     0.00000     0.00000     0.00000     0.00000
     0.00000     0.00000     0.00000     0.00000
     0.00000     0.00000    -0.79608     0.00000    -0.18265     0.00000
     0.00000     0.00000     0.00000     0.00000
     0.00000     0.00000     0.00000    -0.70769     0.00000    -0.16324
     0.00000     0.00000     0.00000     0.00000
     0.00000     0.00000    -0.18265     0.00000    -0.04280     0.00000
     0.00000     0.00000     0.00000     0.00000
     0.00000     0.00000     0.00000    -0.16324     0.00000    -0.03810
     0.00000     0.00000     0.00000     0.00000
     0.00000     0.00000     0.00000     0.00000     0.00000     0.00000
    -0.02034     0.00000    -0.01639     0.00000
     0.00000     0.00000     0.00000     0.00000     0.00000     0.00000
     0.00000    -0.01967     0.00000    -0.01596
     0.00000     0.00000     0.00000     0.00000     0.00000     0.00000
    -0.01639     0.00000    -0.01181     0.00000
     0.00000     0.00000     0.00000     0.00000     0.00000     0.00000
     0.00000    -0.01596     0.00000    -0.01167

     ------------------- End of pseudopotential generation -------------------

     --------------------------- All-electron run ----------------------------

     Sr                                                                         
     dirac relativistic calculation

     atomic number is 38.00
     dft = SLA  PW   PBX  PBC   lsd =0 sic =0 latt =0  beta=0.20 tr2=1.0E-14
     Exchange-correlation=  SLA  PW   PBX  PBC
                           (   1   4   3   4   0   0   0)
     mesh =1221 r(mesh) = 100.72700 a.u. xmin = -7.00 dx = 0.01250
     1 Ry =  13.60569312 eV, c = 137.03599908

     n l j   nl                  e(Ry)          e(Ha)          e(eV)
     Spin orbit split results
     1 0 0.5 1S 1( 2.00)     -1170.9053      -585.4527    -15930.9787
     2 0 0.5 2S 1( 2.00)      -158.5221       -79.2611     -2156.8031
     2 1 0.5 2P 1( 2.00)      -144.2600       -72.1300     -1962.7570
     2 1 1.5 2P 1( 4.00)      -139.2321       -69.6160     -1894.3488
     3 0 0.5 3S 1( 2.00)       -24.5200       -12.2600      -333.6119
     3 1 0.5 3P 1( 2.00)       -19.3413        -9.6707      -263.1518
     3 1 1.5 3P 1( 4.00)       -18.5705        -9.2853      -252.6648
     4 0 0.5 4S 1( 2.00)        -3.0049        -1.5024       -40.8834
     4 1 0.5 4P 1( 2.00)        -1.7348        -0.8674       -23.6030
     4 1 1.5 4P 1( 4.00)        -1.6495        -0.8248       -22.4430
     3 2 1.5 3D 1( 4.00)        -9.4841        -4.7420      -129.0373
     3 2 2.5 3D 1( 6.00)        -9.3496        -4.6748      -127.2073
     4 2 1.5 4D 1( 0.00)        -0.0963        -0.0481        -1.3100
     4 2 2.5 4D 1( 0.00)        -0.0929        -0.0464        -1.2638
     5 0 0.5 5S 1( 2.00)        -0.2591        -0.1296        -3.5257
     5 1 0.5 5P 1( 0.00)        -0.0975        -0.0488        -1.3266
     5 1 1.5 5P 1( 0.00)        -0.0929        -0.0465        -1.2645
     Averaged results
     1 0     1S 1( 2.00)     -1170.9053      -585.4527    -15930.9787
     2 0     2S 1( 2.00)      -158.5221       -79.2611     -2156.8031
     2 1     2P 1( 6.00)      -140.9080       -70.4540     -1917.1515
     3 0     3S 1( 2.00)       -24.5200       -12.2600      -333.6119
     3 1     3P 1( 6.00)       -18.8274        -9.4137      -256.1605
     4 0     4S 1( 2.00)        -3.0049        -1.5024       -40.8834
     4 1     4P 1( 6.00)        -1.6779        -0.8390       -22.8297
     3 2     3D 1(10.00)        -9.4034        -4.7017      -127.9393
     4 2     4D 1( 0.00)        -0.0942        -0.0471        -1.2823
     5 0     5S 1( 2.00)        -0.2591        -0.1296        -3.5257
     5 1     5P 1( 0.00)        -0.0945        -0.0472        -1.2852

     final scf error:  5.1E-15 reached in  31 iterations
 
     Etot =   -6359.600133 Ry,   -3179.800067 Ha,  -86526.767798 eV

     Ekin =    6551.007405 Ry,    3275.503703 Ha,   89130.996404 eV
     Encl =  -15346.648965 Ry,   -7673.324482 Ha, -208801.796283 eV
     Eh   =    2646.196618 Ry,    1323.098309 Ha,   36003.339122 eV
     Exc  =    -210.155191 Ry,    -105.077596 Ha,   -2859.307041 eV


     normalization and overlap integrals

     s(1S/1S) =  1.000000  <r> =   0.0392  <r2> =    0.0021  r(max) =   0.0257
     s(1S/2S) =  0.000000
     s(1S/3S) = -0.000000
     s(1S/4S) =  0.000000
     s(1S/5S) =  0.000000
     s(2S/2S) =  1.000000  <r> =   0.1722  <r2> =    0.0350  r(max) =   0.1459
     s(2S/3S) =  0.000000
     s(2S/4S) =  0.000000
     s(2S/5S) =  0.000000
     s(2P/2P) =  1.000000  <r> =   0.1475  <r2> =    0.0267  r(max) =   0.1136
     s(2P/3P) =  0.000000
     s(2P/4P) =  0.000000
     s(2P/5P) =  0.000000
     s(2P/2P) =  1.000000  <r> =   0.1517  <r2> =    0.0281  r(max) =   0.1165
     s(2P/3P) =  0.000000
     s(2P/4P) =  0.000000
     s(2P/5P) =  0.000000
     s(3S/3S) =  1.000000  <r> =   0.4919  <r2> =    0.2779  r(max) =   0.4382
     s(3S/4S) =  0.000000
     s(3S/5S) =  0.000000
     s(3P/3P) =  1.000000  <r> =   0.4913  <r2> =    0.2821  r(max) =   0.4274
     s(3P/4P) =  0.000000
     s(3P/5P) =  0.000000
     s(3P/3P) =  1.000000  <r> =   0.5018  <r2> =    0.2940  r(max) =   0.4328
     s(3P/4P) =  0.000000
     s(3P/5P) =  0.000000
     s(4S/4S) =  1.000000  <r> =   1.3572  <r2> =    2.0943  r(max) =   1.1911
     s(4S/5S) =  0.000000
     s(4P/4P) =  1.000000  <r> =   1.5448  <r2> =    2.7526  r(max) =   1.3164
     s(4P/5P) =  0.000000
     s(4P/4P) =  1.000000  <r> =   1.5788  <r2> =    2.8760  r(max) =   1.3330
     s(4P/5P) = -0.000000
     s(3D/3D) =  1.000000  <r> =   0.4962  <r2> =    0.3003  r(max) =   0.3772
     s(3D/4D) = -0.000000
     s(3D/3D) =  1.000000  <r> =   0.4998  <r2> =    0.3046  r(max) =   0.3772
     s(3D/4D) = -0.000000
     s(4D/4D) =  1.000000  <r> =   3.5054  <r2> =   16.0240  r(max) =   2.0905
     s(4D/4D) =  1.000000  <r> =   3.5575  <r2> =   16.5060  r(max) =   2.1168
     s(5S/5S) =  1.000000  <r> =   4.3334  <r2> =   21.4086  r(max) =   3.7151
     s(5P/5P) =  1.000000  <r> =   5.8454  <r2> =   39.4214  r(max) =   4.7703
     s(5P/5P) =  1.000000  <r> =   5.9594  <r2> =   40.9668  r(max) =   4.8911

     ------------------------ End of All-electron run ------------------------


     ---------------------- Testing the pseudopotential ----------------------

     Sr                                                                         
     dirac relativistic calculation

     atomic number is 38.00   valence charge is 10.00
     dft = SLA  PW   PBX  PBC   lsd =0 sic =0 latt =0  beta=0.20 tr2=1.0E-14
     mesh =1221 r(mesh) = 100.72700 xmin = -7.00 dx = 0.01250

     n l  j  nl             e AE (Ry)       e PS (Ry)    De AE-PS (Ry) 
     1 0 0.5 4S   1( 2.00)       -3.00488       -3.00488        0.00000
     2 0 0.5 5S   1( 2.00)       -0.25913       -0.25913       -0.00000
     2 1 0.5 4P   1( 2.00)       -1.73479       -1.73479        0.00000
     2 1 1.5 4P   1( 4.00)       -1.64953       -1.64953        0.00000
     3 1 0.5 5P   1( 0.00)       -0.09750       -0.09750       -0.00000
     3 1 1.5 5P   1( 0.00)       -0.09294       -0.09294       -0.00000

     eps = 4.9E-15  iter =  3
 
     Etot =   -6359.600133 Ry,   -3179.800067 Ha,  -86526.767798 eV
     Etotps =  -260.428190 Ry,    -130.214095 Ha,   -3543.306037 eV

     Ekin =      94.285008 Ry,      47.142504 Ha,    1282.812888 eV
     Encl =    -192.009473 Ry,     -96.004737 Ha,   -2612.421967 eV
     Ehrt =      47.451474 Ry,      23.725737 Ha,     645.610199 eV
     Ecxc =    -210.155200 Ry,    -105.077600 Ha,   -2859.307157 eV
     (Ecc =      -8.345793 Ry,      -4.172897 Ha,    -113.550299 eV)

     ---------------------- End of pseudopotential test ----------------------

