[0] MPI startup(): I_MPI_SHM_LMT environment variable is not supported.
[0] MPI startup(): Similar variables:
	 I_MPI_SHM_HEAP
	 I_MPI_SHM
	 I_MPI_SHM_OPT
	 I_MPI_SHM_THP
[0] MPI startup(): To check the list of supported variables, use the impi_info utility or refer to https://software.intel.com/en-us/mpi-library/documentation/get-started.

     Program LD1 v.7.3.1 starts on 19Sep2024 at 21:49:24 

     This program is part of the open-source Quantum ESPRESSO suite
     for quantum simulation of materials; please cite
         "P. Giannozzi et al., J. Phys.:Condens. Matter 21 395502 (2009);
         "P. Giannozzi et al., J. Phys.:Condens. Matter 29 465901 (2017);
         "P. Giannozzi et al., J. Chem. Phys. 152 154105 (2020);
          URL http://www.quantum-espresso.org", 
     in publications or presentations arising from this work. More details at
     http://www.quantum-espresso.org/quote

     Parallel version (MPI), running on     1 processors

     MPI processes distributed on     1 nodes
     89338 MiB available memory on the printing compute node when the environment starts
 
     Waiting for input...
     Reading input from standard input
     --------------------------- All-electron run ----------------------------

     Ta                                                                         
     dirac relativistic calculation

     atomic number is 73.00
     dft =PBE   lsd =0 sic =0 latt =0  beta=0.20 tr2=1.0E-14
     Exchange-correlation= PBE
                           (   1   4   3   4   0   0   0)
     mesh =1273 r(mesh) = 100.43799 a.u. xmin = -7.00 dx = 0.01250
     1 Ry =  13.60569312 eV, c = 137.03599908

     n l j   nl                  e(Ry)          e(Ha)          e(eV)
     Spin orbit split results
     1 0 0.5 1S 1( 2.00)     -4944.9179     -2472.4590    -67279.0359
     2 0 0.5 2S 1( 2.00)      -848.9794      -424.4897    -11550.9528
     2 1 0.5 2P 1( 2.00)      -811.2680      -405.6340    -11037.8628
     2 1 1.5 2P 1( 4.00)      -717.9014      -358.9507     -9767.5463
     3 0 0.5 3S 1( 2.00)      -194.4500       -97.2250     -2645.6269
     3 1 0.5 3P 1( 2.00)      -177.7119       -88.8559     -2417.8932
     3 1 1.5 3P 1( 4.00)      -157.6113       -78.8057     -2144.4115
     4 0 0.5 4S 1( 2.00)       -39.6185       -19.8093      -539.0377
     4 1 0.5 4P 1( 2.00)       -32.7214       -16.3607      -445.1967
     4 1 1.5 4P 1( 4.00)       -28.0935       -14.0467      -382.2309
     3 2 1.5 3D 1( 4.00)      -129.3931       -64.6966     -1760.4831
     3 2 2.5 3D 1( 6.00)      -125.0157       -62.5078     -1700.9250
     5 0 0.5 5S 1( 2.00)        -5.3241        -2.6620       -72.4380
     5 1 0.5 5P 1( 2.00)        -3.3306        -1.6653       -45.3155
     5 1 1.5 5P 1( 4.00)        -2.6892        -1.3446       -36.5891
     4 2 1.5 4D 1( 4.00)       -16.7720        -8.3860      -228.1942
     4 2 2.5 4D 1( 6.00)       -15.9219        -7.9610      -216.6288
     4 3 2.5 4F 1( 6.00)        -1.8603        -0.9301       -25.3106
     4 3 3.5 4F 1( 8.00)        -1.7147        -0.8573       -23.3294
     5 2 1.5 5D 1( 3.00)        -0.2747        -0.1374        -3.7379
     5 2 2.5 5D 1( 0.00)        -0.2327        -0.1164        -3.1666
     6 0 0.5 6S 1( 2.00)        -0.3932        -0.1966        -5.3492
     6 1 0.5 6P 1( 0.00)        -0.1224        -0.0612        -1.6657
     6 1 1.5 6P 1( 0.00)        -0.0913        -0.0456        -1.2419
     Averaged results
     1 0     1S 1( 2.00)     -4944.9179     -2472.4590    -67279.0359
     2 0     2S 1( 2.00)      -848.9794      -424.4897    -11550.9528
     2 1     2P 1( 6.00)      -749.0236      -374.5118    -10190.9852
     3 0     3S 1( 2.00)      -194.4500       -97.2250     -2645.6269
     3 1     3P 1( 6.00)      -164.3115       -82.1558     -2235.5721
     4 0     4S 1( 2.00)       -39.6185       -19.8093      -539.0377
     4 1     4P 1( 6.00)       -29.6361       -14.8180      -403.2195
     3 2     3D 1(10.00)      -126.7667       -63.3833     -1724.7482
     5 0     5S 1( 2.00)        -5.3241        -2.6620       -72.4380
     5 1     5P 1( 6.00)        -2.9030        -1.4515       -39.4979
     4 2     4D 1(10.00)       -16.2619        -8.1310      -221.2550
     4 3     4F 1(14.00)        -1.7771        -0.8885       -24.1785
     5 2     5D 1( 3.00)        -0.2495        -0.1248        -3.3951
     6 0     6S 1( 2.00)        -0.3932        -0.1966        -5.3492
     6 1     6P 1( 0.00)        -0.1017        -0.0508        -1.3832

     final scf error:  8.3E-15 reached in  29 iterations
 
     Etot =  -31251.879418 Ry,  -15625.939709 Ha, -425203.480877 eV

     Ekin =   35091.092077 Ry,   17545.546039 Ha,  477438.630154 eV
     Encl =  -77957.133520 Ry,  -38978.566760 Ha,-1060660.835416 eV
     Eh   =   12248.882335 Ry,    6124.441168 Ha,  166654.534155 eV
     Exc  =    -634.720311 Ry,    -317.360155 Ha,   -8635.809770 eV


     normalization and overlap integrals

     s(1S/1S) =  1.000000  <r> =   0.0187  <r2> =    0.0005  r(max) =   0.0116
     s(1S/2S) = -0.000000
     s(1S/3S) = -0.000000
     s(1S/4S) = -0.000000
     s(1S/5S) = -0.000000
     s(1S/6S) = -0.000000
     s(2S/2S) =  1.000000  <r> =   0.0783  <r2> =    0.0073  r(max) =   0.0670
     s(2S/3S) =  0.000000
     s(2S/4S) =  0.000000
     s(2S/5S) =  0.000000
     s(2S/6S) =  0.000000
     s(2P/2P) =  1.000000  <r> =   0.0649  <r2> =    0.0052  r(max) =   0.0503
     s(2P/3P) =  0.000000
     s(2P/4P) =  0.000000
     s(2P/5P) =  0.000000
     s(2P/6P) =  0.000000
     s(2P/2P) =  1.000000  <r> =   0.0727  <r2> =    0.0064  r(max) =   0.0570
     s(2P/3P) =  0.000000
     s(2P/4P) =  0.000000
     s(2P/5P) =  0.000000
     s(2P/6P) =  0.000000
     s(3S/3S) =  1.000000  <r> =   0.2043  <r2> =    0.0478  r(max) =   0.1891
     s(3S/4S) =  0.000000
     s(3S/5S) =  0.000000
     s(3S/6S) =  0.000000
     s(3P/3P) =  1.000000  <r> =   0.1943  <r2> =    0.0440  r(max) =   0.1776
     s(3P/4P) =  0.000000
     s(3P/5P) =  0.000000
     s(3P/6P) =  0.000000
     s(3P/3P) =  1.000000  <r> =   0.2088  <r2> =    0.0506  r(max) =   0.1915
     s(3P/4P) =  0.000000
     s(3P/5P) =  0.000000
     s(3P/6P) =  0.000000
     s(4S/4S) =  1.000000  <r> =   0.4586  <r2> =    0.2377  r(max) =   0.4315
     s(4S/5S) =  0.000000
     s(4S/6S) =  0.000000
     s(4P/4P) =  1.000000  <r> =   0.4645  <r2> =    0.2458  r(max) =   0.4315
     s(4P/5P) =  0.000000
     s(4P/6P) =  0.000000
     s(4P/4P) =  1.000000  <r> =   0.4975  <r2> =    0.2818  r(max) =   0.4593
     s(4P/5P) =  0.000000
     s(4P/6P) =  0.000000
     s(3D/3D) =  1.000000  <r> =   0.1829  <r2> =    0.0393  r(max) =   0.1491
     s(3D/4D) =  0.000000
     s(3D/5D) =  0.000000
     s(3D/3D) =  1.000000  <r> =   0.1874  <r2> =    0.0411  r(max) =   0.1529
     s(3D/4D) = -0.000000
     s(3D/5D) = -0.000000
     s(5S/5S) =  1.000000  <r> =   1.1016  <r2> =    1.3653  r(max) =   0.9847
     s(5S/6S) =  0.000000
     s(5P/5P) =  1.000000  <r> =   1.2216  <r2> =    1.6948  r(max) =   1.0613
     s(5P/6P) =  0.000000
     s(5P/5P) =  1.000000  <r> =   1.3294  <r2> =    2.0100  r(max) =   1.1584
     s(5P/6P) = -0.000000
     s(4D/4D) =  1.000000  <r> =   0.5165  <r2> =    0.3096  r(max) =   0.4536
     s(4D/5D) =  0.000000
     s(4D/4D) =  1.000000  <r> =   0.5279  <r2> =    0.3233  r(max) =   0.4651
     s(4D/5D) = -0.000000
     s(4F/4F) =  1.000000  <r> =   0.6342  <r2> =    0.5121  r(max) =   0.4369
     s(4F/4F) =  1.000000  <r> =   0.6452  <r2> =    0.5315  r(max) =   0.4424
     s(5D/5D) =  1.000000  <r> =   2.2188  <r2> =    6.1026  r(max) =   1.5637
     s(5D/5D) =  1.000000  <r> =   2.3367  <r2> =    6.8123  r(max) =   1.6234
     s(6S/6S) =  1.000000  <r> =   3.3189  <r2> =   12.5889  r(max) =   2.7789
     s(6P/6P) =  1.000000  <r> =   4.6309  <r2> =   25.1280  r(max) =   3.6130
     s(6P/6P) =  1.000000  <r> =   5.1634  <r2> =   31.2859  r(max) =   4.0432

     ------------------------ End of All-electron run ------------------------


     --------------------- Generating PAW atomic setup --------------------


      Generating local potential from pseudized AE potential:
      Matching radius rcloc =   2.3000

      Local pseudo, rcloc= 2.304 Estimated cut-off energy=     4.68 Ry

      Computing core charge for nlcc: 

       r > 1.10 : true rho core
      Core charge pseudized with two Bessel functions
      Integrated core pseudo-charge :  14.69

     Fully relativistic calculation: |psi|^2

     Wfc 5S LC norm =  0.99960266 SC norm =  0.00039727 missing  0.00000007
     Speed at rcutus      0.764 a.u.,  v/c =  0.005573,  (v/c)^2 = -0.00003106

     Wfc 6S LC norm =  0.99995698 SC norm =  0.00004018 missing  0.00000283
     Speed at rcutus      0.402 a.u.,  v/c =  0.002937,  (v/c)^2 =  0.00000863

     Wfc 5P LC norm =  0.99967796 SC norm =  0.00032193 missing  0.00000011
     Speed at rcutus      0.453 a.u.,  v/c =  0.003308,  (v/c)^2 =  0.00001094

     Wfc 5P LC norm =  0.99972565 SC norm =  0.00027372 missing  0.00000063
     Speed at rcutus      0.802 a.u.,  v/c =  0.005853,  (v/c)^2 =  0.00003426

     Wfc 6P LC norm =  0.99997912 SC norm =  0.00002007 missing  0.00000081
     Speed at rcutus      0.078 a.u.,  v/c =  0.000568,  (v/c)^2 =  0.00000032

     Wfc 6P LC norm =  0.99998330 SC norm =  0.00001376 missing  0.00000294
     Speed at rcutus      0.048 a.u.,  v/c =  0.000349,  (v/c)^2 =  0.00000012

     Wfc 5D LC norm =  0.99989461 SC norm =  0.00010531 missing  0.00000008
     Speed at rcutus      0.985 a.u.,  v/c =  0.007185,  (v/c)^2 =  0.00005163

     Wfc 5D LC norm =  0.99990412 SC norm =  0.00008956 missing  0.00000631
     Speed at rcutus      0.980 a.u.,  v/c =  0.007151,  (v/c)^2 =  0.00005114
      Wfc-us  5S rcutus= 1.583  Estimated cut-off energy=    21.37 Ry
      Wfc-us  6S rcutus= 1.583  Estimated cut-off energy=    41.27 Ry
      Wfc-us  5P rcutus= 1.583  Estimated cut-off energy=    32.88 Ry
      Wfc-us  5P rcutus= 1.583  Estimated cut-off energy=    32.29 Ry
      Wfc-us  6P rcutus= 1.583  Estimated cut-off energy=    52.59 Ry
      Wfc-us  6P rcutus= 1.583  Estimated cut-off energy=    44.33 Ry
      Wfc-us  5D rcutus= 1.886  Estimated cut-off energy=    31.74 Ry
      Wfc-us  5D rcutus= 1.886  Estimated cut-off energy=    31.62 Ry
      Wfc-us  5D rcutus= 1.886  Estimated cut-off energy=    33.30 Ry
      Wfc-us  5D rcutus= 1.886  Estimated cut-off energy=    32.96 Ry

      The bmat matrix
    -2.39250     0.68854     0.00000     0.00000     0.00000     0.00000
     0.00000     0.00000     0.00000     0.00000
    -0.70245     0.18446     0.00000     0.00000     0.00000     0.00000
     0.00000     0.00000     0.00000     0.00000
     0.00000     0.00000    -2.72556     0.00000    -0.41064     0.00000
     0.00000     0.00000     0.00000     0.00000
     0.00000     0.00000     0.00000    -1.71759     0.00000    -0.22104
     0.00000     0.00000     0.00000     0.00000
     0.00000     0.00000    -0.59556     0.00000    -0.10689     0.00000
     0.00000     0.00000     0.00000     0.00000
     0.00000     0.00000     0.00000    -0.34855     0.00000    -0.04769
     0.00000     0.00000     0.00000     0.00000
     0.00000     0.00000     0.00000     0.00000     0.00000     0.00000
    -0.52577     0.00000    -0.40794     0.00000
     0.00000     0.00000     0.00000     0.00000     0.00000     0.00000
     0.00000    -0.43642     0.00000    -0.35056
     0.00000     0.00000     0.00000     0.00000     0.00000     0.00000
    -0.40869     0.00000    -0.31678     0.00000
     0.00000     0.00000     0.00000     0.00000     0.00000     0.00000
     0.00000    -0.35397     0.00000    -0.28405

      The bmat + epsilon qq matrix
     1.90694     0.79944     0.00000     0.00000     0.00000     0.00000
     0.00000     0.00000     0.00000     0.00000
     0.79943     0.22429     0.00000     0.00000     0.00000     0.00000
     0.00000     0.00000     0.00000     0.00000
     0.00000     0.00000    -2.06959     0.00000    -0.40358     0.00000
     0.00000     0.00000     0.00000     0.00000
     0.00000     0.00000     0.00000    -1.12175     0.00000    -0.21656
     0.00000     0.00000     0.00000     0.00000
     0.00000     0.00000    -0.40358     0.00000    -0.10487     0.00000
     0.00000     0.00000     0.00000     0.00000
     0.00000     0.00000     0.00000    -0.21656     0.00000    -0.04668
     0.00000     0.00000     0.00000     0.00000
     0.00000     0.00000     0.00000     0.00000     0.00000     0.00000
    -0.52456     0.00000    -0.40833     0.00000
     0.00000     0.00000     0.00000     0.00000     0.00000     0.00000
     0.00000    -0.43410     0.00000    -0.35248
     0.00000     0.00000     0.00000     0.00000     0.00000     0.00000
    -0.40832     0.00000    -0.31658     0.00000
     0.00000     0.00000     0.00000     0.00000     0.00000     0.00000
     0.00000    -0.35248     0.00000    -0.28519

      The qq matrix
    -0.80754    -0.28209     0.00000     0.00000     0.00000     0.00000
     0.00000     0.00000     0.00000     0.00000
    -0.28209    -0.10131     0.00000     0.00000     0.00000     0.00000
     0.00000     0.00000     0.00000     0.00000
     0.00000     0.00000    -0.19695     0.00000    -0.05764     0.00000
     0.00000     0.00000     0.00000     0.00000
     0.00000     0.00000     0.00000    -0.22156     0.00000    -0.04908
     0.00000     0.00000     0.00000     0.00000
     0.00000     0.00000    -0.05764     0.00000    -0.01652     0.00000
     0.00000     0.00000     0.00000     0.00000
     0.00000     0.00000     0.00000    -0.04908     0.00000    -0.01102
     0.00000     0.00000     0.00000     0.00000
     0.00000     0.00000     0.00000     0.00000     0.00000     0.00000
    -0.00442     0.00000    -0.00131     0.00000
     0.00000     0.00000     0.00000     0.00000     0.00000     0.00000
     0.00000    -0.00997     0.00000    -0.00640
     0.00000     0.00000     0.00000     0.00000     0.00000     0.00000
    -0.00131     0.00000     0.00065     0.00000
     0.00000     0.00000     0.00000     0.00000     0.00000     0.00000
     0.00000    -0.00640     0.00000    -0.00381


    multipoles (all-electron charge) - (pseudo charge)
        ns l1:ns1 l2    l=0     l=1     l=2     l=3     l=4     l=5  
         1  0:  1  0 -0.8075
         2  0:  1  0 -0.2821
         2  0:  2  0 -0.1013
         3  1:  1  0  0.0000  0.2856
         3  1:  2  0  0.0000  0.0900
         3  1:  3  1 -0.1970  0.0000 -0.1284
         4  1:  1  0  0.0000  0.2984
         4  1:  2  0  0.0000  0.0918
         4  1:  3  1 -0.2153  0.0000 -0.1461
         4  1:  4  1 -0.2216  0.0000 -0.1580
         5  1:  1  0  0.0000  0.0774
         5  1:  2  0  0.0000  0.0250
         5  1:  3  1 -0.0576  0.0000 -0.0340
         5  1:  4  1 -0.0605  0.0000 -0.0371
         5  1:  5  1 -0.0165  0.0000 -0.0090
         6  1:  1  0  0.0000  0.0653
         6  1:  2  0  0.0000  0.0207
         6  1:  3  1 -0.0478  0.0000 -0.0302
         6  1:  4  1 -0.0491  0.0000 -0.0326
         6  1:  5  1 -0.0136  0.0000 -0.0079
         6  1:  6  1 -0.0110  0.0000 -0.0068
         7  2:  1  0  0.0000  0.0000 -0.0754
         7  2:  2  0  0.0000  0.0000 -0.0189
         7  2:  3  1  0.0000  0.0502  0.0000  0.0448
         7  2:  4  1  0.0000  0.0566  0.0000  0.0530
         7  2:  5  1  0.0000  0.0133  0.0000  0.0100
         7  2:  6  1  0.0000  0.0113  0.0000  0.0094
         7  2:  7  2 -0.0044  0.0000 -0.0198  0.0000 -0.0281
         8  2:  1  0  0.0000  0.0000 -0.0803
         8  2:  2  0  0.0000  0.0000 -0.0195
         8  2:  3  1  0.0000  0.0558  0.0000  0.0510
         8  2:  4  1  0.0000  0.0605  0.0000  0.0579
         8  2:  5  1  0.0000  0.0141  0.0000  0.0107
         8  2:  6  1  0.0000  0.0121  0.0000  0.0102
         8  2:  7  2 -0.0076  0.0000 -0.0230  0.0000 -0.0324
         8  2:  8  2 -0.0100  0.0000 -0.0254  0.0000 -0.0354
         9  2:  1  0  0.0000  0.0000 -0.0554
         9  2:  2  0  0.0000  0.0000 -0.0147
         9  2:  3  1  0.0000  0.0359  0.0000  0.0300
         9  2:  4  1  0.0000  0.0413  0.0000  0.0366
         9  2:  5  1  0.0000  0.0100  0.0000  0.0073
         9  2:  6  1  0.0000  0.0084  0.0000  0.0067
         9  2:  7  2 -0.0013  0.0000 -0.0126  0.0000 -0.0172
         9  2:  8  2 -0.0040  0.0000 -0.0152  0.0000 -0.0205
         9  2:  9  2  0.0007  0.0000 -0.0077  0.0000 -0.0098
        10  2:  1  0  0.0000  0.0000 -0.0622
        10  2:  2  0  0.0000  0.0000 -0.0159
        10  2:  3  1  0.0000  0.0425  0.0000  0.0371
        10  2:  4  1  0.0000  0.0466  0.0000  0.0428
        10  2:  5  1  0.0000  0.0112  0.0000  0.0083
        10  2:  6  1  0.0000  0.0094  0.0000  0.0077
        10  2:  7  2 -0.0043  0.0000 -0.0161  0.0000 -0.0220
        10  2:  8  2 -0.0064  0.0000 -0.0183  0.0000 -0.0246
        10  2:  9  2 -0.0018  0.0000 -0.0104  0.0000 -0.0135
        10  2: 10  2 -0.0038  0.0000 -0.0130  0.0000 -0.0168
     Required augmentation: PSQ   radius:    1.000000

     Q pseudized with Bessel functions
     Expected ecutrho=     401.8840 due to l1=  2   l2=  2

     Estimated PAW energy = -731.107519 Ryd

     The PAW screened D coefficients
     1.90694     0.79943     0.00000     0.00000     0.00000     0.00000
     0.00000     0.00000     0.00000     0.00000
     0.79943     0.22429     0.00000     0.00000     0.00000     0.00000
     0.00000     0.00000     0.00000     0.00000
     0.00000     0.00000    -2.06959     0.00000    -0.40359     0.00000
     0.00000     0.00000     0.00000     0.00000
     0.00000     0.00000     0.00000    -1.12175     0.00000    -0.21656
     0.00000     0.00000     0.00000     0.00000
     0.00000     0.00000    -0.40359     0.00000    -0.10487     0.00000
     0.00000     0.00000     0.00000     0.00000
     0.00000     0.00000     0.00000    -0.21656     0.00000    -0.04668
     0.00000     0.00000     0.00000     0.00000
     0.00000     0.00000     0.00000     0.00000     0.00000     0.00000
    -0.52456     0.00000    -0.40832     0.00000
     0.00000     0.00000     0.00000     0.00000     0.00000     0.00000
     0.00000    -0.43410     0.00000    -0.35248
     0.00000     0.00000     0.00000     0.00000     0.00000     0.00000
    -0.40832     0.00000    -0.31658     0.00000
     0.00000     0.00000     0.00000     0.00000     0.00000     0.00000
     0.00000    -0.35248     0.00000    -0.28519

     The PAW descreened D coefficients (US)
    -3.82190    -1.25932     0.00000     0.00000     0.00000     0.00000
     0.00000     0.00000     0.00000     0.00000
    -1.25932    -0.53086     0.00000     0.00000     0.00000     0.00000
     0.00000     0.00000     0.00000     0.00000
     0.00000     0.00000    -3.15894     0.00000    -0.74993     0.00000
     0.00000     0.00000     0.00000     0.00000
     0.00000     0.00000     0.00000    -2.36436     0.00000    -0.49942
     0.00000     0.00000     0.00000     0.00000
     0.00000     0.00000    -0.74993     0.00000    -0.20987     0.00000
     0.00000     0.00000     0.00000     0.00000
     0.00000     0.00000     0.00000    -0.49942     0.00000    -0.11182
     0.00000     0.00000     0.00000     0.00000
     0.00000     0.00000     0.00000     0.00000     0.00000     0.00000
    -0.42236     0.00000    -0.31327     0.00000
     0.00000     0.00000     0.00000     0.00000     0.00000     0.00000
     0.00000    -0.37389     0.00000    -0.29242
     0.00000     0.00000     0.00000     0.00000     0.00000     0.00000
    -0.31327     0.00000    -0.22892     0.00000
     0.00000     0.00000     0.00000     0.00000     0.00000     0.00000
     0.00000    -0.29242     0.00000    -0.22702

     ------------------- End of pseudopotential generation -------------------

     --------------------------- All-electron run ----------------------------

     Ta                                                                         
     dirac relativistic calculation

     atomic number is 73.00
     dft = SLA  PW   PBX  PBC   lsd =0 sic =0 latt =0  beta=0.20 tr2=1.0E-14
     Exchange-correlation=  SLA  PW   PBX  PBC
                           (   1   4   3   4   0   0   0)
     mesh =1273 r(mesh) = 100.43799 a.u. xmin = -7.00 dx = 0.01250
     1 Ry =  13.60569312 eV, c = 137.03599908

     n l j   nl                  e(Ry)          e(Ha)          e(eV)
     Spin orbit split results
     1 0 0.5 1S 1( 2.00)     -4944.9179     -2472.4590    -67279.0359
     2 0 0.5 2S 1( 2.00)      -848.9794      -424.4897    -11550.9528
     2 1 0.5 2P 1( 2.00)      -811.2680      -405.6340    -11037.8628
     2 1 1.5 2P 1( 4.00)      -717.9014      -358.9507     -9767.5463
     3 0 0.5 3S 1( 2.00)      -194.4500       -97.2250     -2645.6269
     3 1 0.5 3P 1( 2.00)      -177.7119       -88.8559     -2417.8932
     3 1 1.5 3P 1( 4.00)      -157.6113       -78.8057     -2144.4115
     4 0 0.5 4S 1( 2.00)       -39.6185       -19.8093      -539.0377
     4 1 0.5 4P 1( 2.00)       -32.7214       -16.3607      -445.1967
     4 1 1.5 4P 1( 4.00)       -28.0935       -14.0467      -382.2309
     3 2 1.5 3D 1( 4.00)      -129.3931       -64.6966     -1760.4831
     3 2 2.5 3D 1( 6.00)      -125.0157       -62.5078     -1700.9250
     5 0 0.5 5S 1( 2.00)        -5.3241        -2.6620       -72.4380
     5 1 0.5 5P 1( 2.00)        -3.3306        -1.6653       -45.3155
     5 1 1.5 5P 1( 4.00)        -2.6892        -1.3446       -36.5891
     4 2 1.5 4D 1( 4.00)       -16.7720        -8.3860      -228.1942
     4 2 2.5 4D 1( 6.00)       -15.9219        -7.9610      -216.6288
     4 3 2.5 4F 1( 6.00)        -1.8603        -0.9301       -25.3106
     4 3 3.5 4F 1( 8.00)        -1.7147        -0.8573       -23.3294
     5 2 1.5 5D 1( 3.00)        -0.2747        -0.1374        -3.7379
     5 2 2.5 5D 1( 0.00)        -0.2327        -0.1164        -3.1666
     6 0 0.5 6S 1( 2.00)        -0.3932        -0.1966        -5.3492
     6 1 0.5 6P 1( 0.00)        -0.1224        -0.0612        -1.6657
     6 1 1.5 6P 1( 0.00)        -0.0913        -0.0456        -1.2419
     Averaged results
     1 0     1S 1( 2.00)     -4944.9179     -2472.4590    -67279.0359
     2 0     2S 1( 2.00)      -848.9794      -424.4897    -11550.9528
     2 1     2P 1( 6.00)      -749.0236      -374.5118    -10190.9852
     3 0     3S 1( 2.00)      -194.4500       -97.2250     -2645.6269
     3 1     3P 1( 6.00)      -164.3115       -82.1558     -2235.5721
     4 0     4S 1( 2.00)       -39.6185       -19.8093      -539.0377
     4 1     4P 1( 6.00)       -29.6361       -14.8180      -403.2195
     3 2     3D 1(10.00)      -126.7667       -63.3833     -1724.7482
     5 0     5S 1( 2.00)        -5.3241        -2.6620       -72.4380
     5 1     5P 1( 6.00)        -2.9030        -1.4515       -39.4979
     4 2     4D 1(10.00)       -16.2619        -8.1310      -221.2550
     4 3     4F 1(14.00)        -1.7771        -0.8885       -24.1785
     5 2     5D 1( 3.00)        -0.2495        -0.1248        -3.3951
     6 0     6S 1( 2.00)        -0.3932        -0.1966        -5.3492
     6 1     6P 1( 0.00)        -0.1017        -0.0508        -1.3832

     final scf error:  8.3E-15 reached in  29 iterations
 
     Etot =  -31251.879418 Ry,  -15625.939709 Ha, -425203.480877 eV

     Ekin =   35091.092077 Ry,   17545.546039 Ha,  477438.630154 eV
     Encl =  -77957.133520 Ry,  -38978.566760 Ha,-1060660.835416 eV
     Eh   =   12248.882335 Ry,    6124.441168 Ha,  166654.534155 eV
     Exc  =    -634.720311 Ry,    -317.360155 Ha,   -8635.809770 eV


     normalization and overlap integrals

     s(1S/1S) =  1.000000  <r> =   0.0187  <r2> =    0.0005  r(max) =   0.0116
     s(1S/2S) = -0.000000
     s(1S/3S) = -0.000000
     s(1S/4S) = -0.000000
     s(1S/5S) = -0.000000
     s(1S/6S) = -0.000000
     s(2S/2S) =  1.000000  <r> =   0.0783  <r2> =    0.0073  r(max) =   0.0670
     s(2S/3S) =  0.000000
     s(2S/4S) =  0.000000
     s(2S/5S) =  0.000000
     s(2S/6S) =  0.000000
     s(2P/2P) =  1.000000  <r> =   0.0649  <r2> =    0.0052  r(max) =   0.0503
     s(2P/3P) =  0.000000
     s(2P/4P) =  0.000000
     s(2P/5P) =  0.000000
     s(2P/6P) =  0.000000
     s(2P/2P) =  1.000000  <r> =   0.0727  <r2> =    0.0064  r(max) =   0.0570
     s(2P/3P) =  0.000000
     s(2P/4P) =  0.000000
     s(2P/5P) =  0.000000
     s(2P/6P) =  0.000000
     s(3S/3S) =  1.000000  <r> =   0.2043  <r2> =    0.0478  r(max) =   0.1891
     s(3S/4S) =  0.000000
     s(3S/5S) =  0.000000
     s(3S/6S) =  0.000000
     s(3P/3P) =  1.000000  <r> =   0.1943  <r2> =    0.0440  r(max) =   0.1776
     s(3P/4P) =  0.000000
     s(3P/5P) =  0.000000
     s(3P/6P) =  0.000000
     s(3P/3P) =  1.000000  <r> =   0.2088  <r2> =    0.0506  r(max) =   0.1915
     s(3P/4P) =  0.000000
     s(3P/5P) =  0.000000
     s(3P/6P) =  0.000000
     s(4S/4S) =  1.000000  <r> =   0.4586  <r2> =    0.2377  r(max) =   0.4315
     s(4S/5S) =  0.000000
     s(4S/6S) =  0.000000
     s(4P/4P) =  1.000000  <r> =   0.4645  <r2> =    0.2458  r(max) =   0.4315
     s(4P/5P) =  0.000000
     s(4P/6P) =  0.000000
     s(4P/4P) =  1.000000  <r> =   0.4975  <r2> =    0.2818  r(max) =   0.4593
     s(4P/5P) =  0.000000
     s(4P/6P) =  0.000000
     s(3D/3D) =  1.000000  <r> =   0.1829  <r2> =    0.0393  r(max) =   0.1491
     s(3D/4D) =  0.000000
     s(3D/5D) =  0.000000
     s(3D/3D) =  1.000000  <r> =   0.1874  <r2> =    0.0411  r(max) =   0.1529
     s(3D/4D) = -0.000000
     s(3D/5D) = -0.000000
     s(5S/5S) =  1.000000  <r> =   1.1016  <r2> =    1.3653  r(max) =   0.9847
     s(5S/6S) =  0.000000
     s(5P/5P) =  1.000000  <r> =   1.2216  <r2> =    1.6948  r(max) =   1.0613
     s(5P/6P) =  0.000000
     s(5P/5P) =  1.000000  <r> =   1.3294  <r2> =    2.0100  r(max) =   1.1584
     s(5P/6P) = -0.000000
     s(4D/4D) =  1.000000  <r> =   0.5165  <r2> =    0.3096  r(max) =   0.4536
     s(4D/5D) =  0.000000
     s(4D/4D) =  1.000000  <r> =   0.5279  <r2> =    0.3233  r(max) =   0.4651
     s(4D/5D) = -0.000000
     s(4F/4F) =  1.000000  <r> =   0.6342  <r2> =    0.5121  r(max) =   0.4369
     s(4F/4F) =  1.000000  <r> =   0.6452  <r2> =    0.5315  r(max) =   0.4424
     s(5D/5D) =  1.000000  <r> =   2.2188  <r2> =    6.1026  r(max) =   1.5637
     s(5D/5D) =  1.000000  <r> =   2.3367  <r2> =    6.8123  r(max) =   1.6234
     s(6S/6S) =  1.000000  <r> =   3.3189  <r2> =   12.5889  r(max) =   2.7789
     s(6P/6P) =  1.000000  <r> =   4.6309  <r2> =   25.1280  r(max) =   3.6130
     s(6P/6P) =  1.000000  <r> =   5.1634  <r2> =   31.2859  r(max) =   4.0432

     ------------------------ End of All-electron run ------------------------


     ---------------------- Testing the pseudopotential ----------------------

     Ta                                                                         
     dirac relativistic calculation

     atomic number is 73.00   valence charge is 13.00
     dft = SLA  PW   PBX  PBC   lsd =0 sic =0 latt =0  beta=0.20 tr2=1.0E-14
     mesh =1273 r(mesh) = 100.43799 xmin = -7.00 dx = 0.01250

     n l  j  nl             e AE (Ry)       e PS (Ry)    De AE-PS (Ry) 
     1 0 0.5 5S   1( 2.00)       -5.32410       -5.32410       -0.00000
     2 0 0.5 6S   1( 2.00)       -0.39316       -0.39316        0.00000
     2 1 0.5 5P   1( 2.00)       -3.33063       -3.33063       -0.00000
     2 1 1.5 5P   1( 4.00)       -2.68925       -2.68924       -0.00000
     3 1 0.5 6P   1( 0.00)       -0.12243       -0.12242       -0.00000
     3 1 1.5 6P   1( 0.00)       -0.09128       -0.09128       -0.00000
     3 2 1.5 5D   1( 3.00)       -0.27473       -0.27473       -0.00000
     3 2 2.5 5D   1( 0.00)       -0.23274       -0.23274        0.00000

     eps = 4.8E-17  iter =  4
 
     Etot =  -31251.879418 Ry,  -15625.939709 Ha, -425203.480877 eV
     Etotps =  -731.107512 Ry,    -365.553756 Ha,   -9947.224441 eV

     Ekin =     234.844580 Ry,     117.422290 Ha,    3195.223282 eV
     Encl =    -421.691901 Ry,    -210.845951 Ha,   -5737.410604 eV
     Ehrt =      90.460130 Ry,      45.230065 Ha,    1230.772762 eV
     Ecxc =    -634.720319 Ry,    -317.360160 Ha,   -8635.809881 eV
     (Ecc =     -35.613388 Ry,     -17.806694 Ha,    -484.544827 eV)

     ---------------------- End of pseudopotential test ----------------------

