[0] MPI startup(): I_MPI_SHM_LMT environment variable is not supported.
[0] MPI startup(): Similar variables:
	 I_MPI_SHM_HEAP
	 I_MPI_SHM
	 I_MPI_SHM_OPT
	 I_MPI_SHM_THP
[0] MPI startup(): To check the list of supported variables, use the impi_info utility or refer to https://software.intel.com/en-us/mpi-library/documentation/get-started.

     Program LD1 v.7.3.1 starts on 19Sep2024 at 21:49:26 

     This program is part of the open-source Quantum ESPRESSO suite
     for quantum simulation of materials; please cite
         "P. Giannozzi et al., J. Phys.:Condens. Matter 21 395502 (2009);
         "P. Giannozzi et al., J. Phys.:Condens. Matter 29 465901 (2017);
         "P. Giannozzi et al., J. Chem. Phys. 152 154105 (2020);
          URL http://www.quantum-espresso.org", 
     in publications or presentations arising from this work. More details at
     http://www.quantum-espresso.org/quote

     Parallel version (MPI), running on     1 processors

     MPI processes distributed on     1 nodes
     89324 MiB available memory on the printing compute node when the environment starts
 
     Waiting for input...
     Reading input from standard input
     --------------------------- All-electron run ----------------------------

     Tc                                                                         
     dirac relativistic calculation

     atomic number is 43.00
     dft =PBE   lsd =0 sic =0 latt =0  beta=0.20 tr2=1.0E-14
     Exchange-correlation= PBE
                           (   1   4   3   4   0   0   0)
     mesh =1231 r(mesh) = 100.86670 a.u. xmin = -7.00 dx = 0.01250
     1 Ry =  13.60569312 eV, c = 137.03599908

     n l j   nl                  e(Ry)          e(Ha)          e(eV)
     Spin orbit split results
     1 0 0.5 1S 1( 2.00)     -1533.0401      -766.5200    -20858.0726
     2 0 0.5 2S 1( 2.00)      -218.6635      -109.3318     -2975.0687
     2 1 0.5 2P 1( 2.00)      -201.6275      -100.8138     -2743.2820
     2 1 1.5 2P 1( 4.00)      -192.9361       -96.4680     -2625.0290
     3 0 0.5 3S 1( 2.00)       -38.0820       -19.0410      -518.1323
     3 1 0.5 3P 1( 2.00)       -31.5362       -15.7681      -429.0721
     3 1 1.5 3P 1( 4.00)       -30.0829       -15.0414      -409.2981
     4 0 0.5 4S 1( 2.00)        -5.3817        -2.6908       -73.2217
     4 1 0.5 4P 1( 2.00)        -3.4714        -1.7357       -47.2308
     4 1 1.5 4P 1( 4.00)        -3.2550        -1.6275       -44.2865
     3 2 1.5 3D 1( 4.00)       -18.5072        -9.2536      -251.8039
     3 2 2.5 3D 1( 6.00)       -18.2279        -9.1139      -248.0031
     4 2 1.5 4D 1( 4.00)        -0.4971        -0.2485        -6.7630
     4 2 2.5 4D 1( 1.00)        -0.4762        -0.2381        -6.4784
     5 0 0.5 5S 1( 2.00)        -0.3695        -0.1847        -5.0267
     5 1 0.5 5P 1( 0.00)        -0.1092        -0.0546        -1.4853
     5 1 1.5 5P 1( 0.00)        -0.0995        -0.0498        -1.3538
     Averaged results
     1 0     1S 1( 2.00)     -1533.0401      -766.5200    -20858.0726
     2 0     2S 1( 2.00)      -218.6635      -109.3318     -2975.0687
     2 1     2P 1( 6.00)      -195.8332       -97.9166     -2664.4467
     3 0     3S 1( 2.00)       -38.0820       -19.0410      -518.1323
     3 1     3P 1( 6.00)       -30.5673       -15.2837      -415.8894
     4 0     4S 1( 2.00)        -5.3817        -2.6908       -73.2217
     4 1     4P 1( 6.00)        -3.3271        -1.6636       -45.2679
     3 2     3D 1(10.00)       -18.3396        -9.1698      -249.5235
     4 2     4D 1( 5.00)        -0.4845        -0.2423        -6.5922
     5 0     5S 1( 2.00)        -0.3695        -0.1847        -5.0267
     5 1     5P 1( 0.00)        -0.1027        -0.0514        -1.3977

     final scf error:  6.9E-15 reached in  34 iterations
 
     Etot =   -8572.589446 Ry,   -4286.294723 Ha, -116636.021278 eV

     Ekin =    8905.055962 Ry,    4452.527981 Ha,  121159.458667 eV
     Encl =  -20715.980198 Ry,  -10357.990099 Ha, -281855.269309 eV
     Eh   =    3495.270341 Ry,    1747.635170 Ha,   47555.575637 eV
     Exc  =    -256.935552 Ry,    -128.467776 Ha,   -3495.786274 eV


     normalization and overlap integrals

     s(1S/1S) =  1.000000  <r> =   0.0343  <r2> =    0.0016  r(max) =   0.0224
     s(1S/2S) =  0.000000
     s(1S/3S) = -0.000000
     s(1S/4S) =  0.000000
     s(1S/5S) =  0.000000
     s(2S/2S) =  1.000000  <r> =   0.1493  <r2> =    0.0263  r(max) =   0.1257
     s(2S/3S) =  0.000000
     s(2S/4S) =  0.000000
     s(2S/5S) =  0.000000
     s(2P/2P) =  1.000000  <r> =   0.1271  <r2> =    0.0198  r(max) =   0.0979
     s(2P/3P) =  0.000000
     s(2P/4P) =  0.000000
     s(2P/5P) =  0.000000
     s(2P/2P) =  1.000000  <r> =   0.1318  <r2> =    0.0212  r(max) =   0.1017
     s(2P/3P) =  0.000000
     s(2P/4P) =  0.000000
     s(2P/5P) =  0.000000
     s(3S/3S) =  1.000000  <r> =   0.4152  <r2> =    0.1975  r(max) =   0.3730
     s(3S/4S) =  0.000000
     s(3S/5S) =  0.000000
     s(3P/3P) =  1.000000  <r> =   0.4090  <r2> =    0.1949  r(max) =   0.3593
     s(3P/4P) =  0.000000
     s(3P/5P) =  0.000000
     s(3P/3P) =  1.000000  <r> =   0.4196  <r2> =    0.2049  r(max) =   0.3684
     s(3P/4P) =  0.000000
     s(3P/5P) =  0.000000
     s(4S/4S) =  1.000000  <r> =   1.0579  <r2> =    1.2685  r(max) =   0.9525
     s(4S/5S) =  0.000000
     s(4P/4P) =  1.000000  <r> =   1.1525  <r2> =    1.5227  r(max) =   1.0013
     s(4P/5P) =  0.000000
     s(4P/4P) =  1.000000  <r> =   1.1828  <r2> =    1.6043  r(max) =   1.0266
     s(4P/5P) = -0.000000
     s(3D/3D) =  1.000000  <r> =   0.3970  <r2> =    0.1892  r(max) =   0.3092
     s(3D/4D) = -0.000000
     s(3D/3D) =  1.000000  <r> =   0.4005  <r2> =    0.1924  r(max) =   0.3131
     s(3D/4D) = -0.000000
     s(4D/4D) =  1.000000  <r> =   1.7137  <r2> =    3.6206  r(max) =   1.2697
     s(4D/4D) =  1.000000  <r> =   1.7368  <r2> =    3.7244  r(max) =   1.2697
     s(5S/5S) =  1.000000  <r> =   3.3054  <r2> =   12.5637  r(max) =   2.7561
     s(5P/5P) =  1.000000  <r> =   4.6725  <r2> =   25.8087  r(max) =   3.5834
     s(5P/5P) =  1.000000  <r> =   4.8397  <r2> =   27.6966  r(max) =   3.7203

     ------------------------ End of All-electron run ------------------------


     --------------------- Generating PAW atomic setup --------------------


      Generating local potential from pseudized AE potential:
      Matching radius rcloc =   1.2000

      Local pseudo, rcloc= 1.208 Estimated cut-off energy=    17.05 Ry

      Computing core charge for nlcc: 

       r > 0.91 : true rho core
      Core charge pseudized with two Bessel functions
      Integrated core pseudo-charge :   6.84

     Fully relativistic calculation: |psi|^2

     Wfc 4S LC norm =  0.99968101 SC norm =  0.00031882 missing  0.00000017
     Speed at rcutus      0.712 a.u.,  v/c =  0.005194,  (v/c)^2 = -0.00002698

     Wfc 5S LC norm =  0.99996477 SC norm =  0.00003234 missing  0.00000289
     Speed at rcutus      0.459 a.u.,  v/c =  0.003352,  (v/c)^2 =  0.00001123

     Wfc 4P LC norm =  0.99972958 SC norm =  0.00027023 missing  0.00000018
     Speed at rcutus      0.435 a.u.,  v/c =  0.003172,  (v/c)^2 = -0.00001006

     Wfc 4P LC norm =  0.99974120 SC norm =  0.00025809 missing  0.00000071
     Speed at rcutus      0.369 a.u.,  v/c =  0.002689,  (v/c)^2 = -0.00000723

     Wfc 5P LC norm =  0.99998314 SC norm =  0.00001576 missing  0.00000110
     Speed at rcutus      0.279 a.u.,  v/c =  0.002032,  (v/c)^2 =  0.00000413

     Wfc 5P LC norm =  0.99998435 SC norm =  0.00001229 missing  0.00000336
     Speed at rcutus      0.306 a.u.,  v/c =  0.002236,  (v/c)^2 =  0.00000500

     Wfc 4D LC norm =  0.99986409 SC norm =  0.00013588 missing  0.00000004
     Speed at rcutus      0.739 a.u.,  v/c =  0.005391,  (v/c)^2 =  0.00002906

     Wfc 4D LC norm =  0.99986707 SC norm =  0.00012733 missing  0.00000560
     Speed at rcutus      0.748 a.u.,  v/c =  0.005460,  (v/c)^2 =  0.00002981
      Wfc-us  4S rcutus= 1.714  Estimated cut-off energy=    18.74 Ry
      Wfc-us  5S rcutus= 1.093  Estimated cut-off energy=    50.39 Ry
      Wfc-us  4P rcutus= 1.714  Estimated cut-off energy=    28.69 Ry
      Wfc-us  4P rcutus= 1.714  Estimated cut-off energy=    28.54 Ry
      Wfc-us  5P rcutus= 1.208  Estimated cut-off energy=    63.08 Ry
      Wfc-us  5P rcutus= 1.208  Estimated cut-off energy=    61.45 Ry
      Wfc-us  4D rcutus= 1.991  Estimated cut-off energy=    29.21 Ry
      Wfc-us  4D rcutus= 1.991  Estimated cut-off energy=    29.17 Ry
      Wfc-us  4D rcutus= 1.991  Estimated cut-off energy=    34.59 Ry
      Wfc-us  4D rcutus= 1.991  Estimated cut-off energy=    34.15 Ry

      The bmat matrix
    12.17192     3.53712     0.00000     0.00000     0.00000     0.00000
     0.00000     0.00000     0.00000     0.00000
     2.93549     0.87468     0.00000     0.00000     0.00000     0.00000
     0.00000     0.00000     0.00000     0.00000
     0.00000     0.00000     2.51904     0.00000     0.73673     0.00000
     0.00000     0.00000     0.00000     0.00000
     0.00000     0.00000     0.00000     2.71537     0.00000     0.73827
     0.00000     0.00000     0.00000     0.00000
     0.00000     0.00000     0.67866     0.00000     0.18857     0.00000
     0.00000     0.00000     0.00000     0.00000
     0.00000     0.00000     0.00000     0.67633     0.00000     0.17899
     0.00000     0.00000     0.00000     0.00000
     0.00000     0.00000     0.00000     0.00000     0.00000     0.00000
     0.09626     0.00000     0.03060     0.00000
     0.00000     0.00000     0.00000     0.00000     0.00000     0.00000
     0.00000     0.10971     0.00000     0.04138
     0.00000     0.00000     0.00000     0.00000     0.00000     0.00000
     0.11321     0.00000     0.05534     0.00000
     0.00000     0.00000     0.00000     0.00000     0.00000     0.00000
     0.00000     0.11838     0.00000     0.06019

      The bmat + epsilon qq matrix
    15.18268     3.58146     0.00000     0.00000     0.00000     0.00000
     0.00000     0.00000     0.00000     0.00000
     3.58141     0.88404     0.00000     0.00000     0.00000     0.00000
     0.00000     0.00000     0.00000     0.00000
     0.00000     0.00000     2.54937     0.00000     0.73861     0.00000
     0.00000     0.00000     0.00000     0.00000
     0.00000     0.00000     0.00000     2.85115     0.00000     0.74023
     0.00000     0.00000     0.00000     0.00000
     0.00000     0.00000     0.73860     0.00000     0.18938     0.00000
     0.00000     0.00000     0.00000     0.00000
     0.00000     0.00000     0.00000     0.74020     0.00000     0.17966
     0.00000     0.00000     0.00000     0.00000
     0.00000     0.00000     0.00000     0.00000     0.00000     0.00000
     0.02269     0.00000     0.06169     0.00000
     0.00000     0.00000     0.00000     0.00000     0.00000     0.00000
     0.00000     0.04285     0.00000     0.07114
     0.00000     0.00000     0.00000     0.00000     0.00000     0.00000
     0.06170     0.00000     0.07705     0.00000
     0.00000     0.00000     0.00000     0.00000     0.00000     0.00000
     0.00000     0.07115     0.00000     0.08116

      The qq matrix
    -0.55944    -0.12002     0.00000     0.00000     0.00000     0.00000
     0.00000     0.00000     0.00000     0.00000
    -0.12002    -0.02533     0.00000     0.00000     0.00000     0.00000
     0.00000     0.00000     0.00000     0.00000
     0.00000     0.00000    -0.00874     0.00000    -0.01727     0.00000
     0.00000     0.00000     0.00000     0.00000
     0.00000     0.00000     0.00000    -0.04171     0.00000    -0.01962
     0.00000     0.00000     0.00000     0.00000
     0.00000     0.00000    -0.01727     0.00000    -0.00741     0.00000
     0.00000     0.00000     0.00000     0.00000
     0.00000     0.00000     0.00000    -0.01962     0.00000    -0.00676
     0.00000     0.00000     0.00000     0.00000
     0.00000     0.00000     0.00000     0.00000     0.00000     0.00000
     0.14802     0.00000     0.10363     0.00000
     0.00000     0.00000     0.00000     0.00000     0.00000     0.00000
     0.00000     0.14041     0.00000     0.09919
     0.00000     0.00000     0.00000     0.00000     0.00000     0.00000
     0.10363     0.00000     0.07239     0.00000
     0.00000     0.00000     0.00000     0.00000     0.00000     0.00000
     0.00000     0.09919     0.00000     0.06987


    multipoles (all-electron charge) - (pseudo charge)
        ns l1:ns1 l2    l=0     l=1     l=2     l=3     l=4     l=5  
         1  0:  1  0 -0.5594
         2  0:  1  0 -0.1200
         2  0:  2  0 -0.0253
         3  1:  1  0  0.0000  0.1316
         3  1:  2  0  0.0000  0.0217
         3  1:  3  1 -0.0087  0.0000 -0.0021
         4  1:  1  0  0.0000  0.1469
         4  1:  2  0  0.0000  0.0253
         4  1:  3  1 -0.0261  0.0000 -0.0148
         4  1:  4  1 -0.0417  0.0000 -0.0269
         5  1:  1  0  0.0000  0.0430
         5  1:  2  0  0.0000  0.0084
         5  1:  3  1 -0.0173  0.0000 -0.0085
         5  1:  4  1 -0.0207  0.0000 -0.0108
         5  1:  5  1 -0.0074  0.0000 -0.0035
         6  1:  1  0  0.0000  0.0414
         6  1:  2  0  0.0000  0.0081
         6  1:  3  1 -0.0166  0.0000 -0.0084
         6  1:  4  1 -0.0196  0.0000 -0.0106
         6  1:  5  1 -0.0071  0.0000 -0.0034
         6  1:  6  1 -0.0068  0.0000 -0.0033
         7  2:  1  0  0.0000  0.0000  0.0637
         7  2:  2  0  0.0000  0.0000  0.0110
         7  2:  3  1  0.0000 -0.0985  0.0000 -0.1040
         7  2:  4  1  0.0000 -0.0894  0.0000 -0.0967
         7  2:  5  1  0.0000 -0.0115  0.0000 -0.0112
         7  2:  6  1  0.0000 -0.0115  0.0000 -0.0117
         7  2:  7  2  0.1480  0.0000  0.1304  0.0000  0.1615
         8  2:  1  0  0.0000  0.0000  0.0594
         8  2:  2  0  0.0000  0.0000  0.0103
         8  2:  3  1  0.0000 -0.0939  0.0000 -0.0994
         8  2:  4  1  0.0000 -0.0852  0.0000 -0.0924
         8  2:  5  1  0.0000 -0.0108  0.0000 -0.0107
         8  2:  6  1  0.0000 -0.0108  0.0000 -0.0111
         8  2:  7  2  0.1440  0.0000  0.1267  0.0000  0.1570
         8  2:  8  2  0.1404  0.0000  0.1233  0.0000  0.1532
         9  2:  1  0  0.0000  0.0000  0.0470
         9  2:  2  0  0.0000  0.0000  0.0075
         9  2:  3  1  0.0000 -0.0707  0.0000 -0.0756
         9  2:  4  1  0.0000 -0.0644  0.0000 -0.0707
         9  2:  5  1  0.0000 -0.0081  0.0000 -0.0079
         9  2:  6  1  0.0000 -0.0082  0.0000 -0.0082
         9  2:  7  2  0.1036  0.0000  0.0906  0.0000  0.1122
         9  2:  8  2  0.1008  0.0000  0.0882  0.0000  0.1095
         9  2:  9  2  0.0724  0.0000  0.0626  0.0000  0.0770
        10  2:  1  0  0.0000  0.0000  0.0451
        10  2:  2  0  0.0000  0.0000  0.0072
        10  2:  3  1  0.0000 -0.0686  0.0000 -0.0736
        10  2:  4  1  0.0000 -0.0625  0.0000 -0.0689
        10  2:  5  1  0.0000 -0.0078  0.0000 -0.0076
        10  2:  6  1  0.0000 -0.0079  0.0000 -0.0080
        10  2:  7  2  0.1017  0.0000  0.0891  0.0000  0.1106
        10  2:  8  2  0.0992  0.0000  0.0868  0.0000  0.1081
        10  2:  9  2  0.0710  0.0000  0.0616  0.0000  0.0760
        10  2: 10  2  0.0699  0.0000  0.0606  0.0000  0.0751
     Required augmentation: PSQ   radius:    2.000000

     Q pseudized with Bessel functions
     Expected ecutrho=     852.7573 due to l1=  1   l2=  2

     Estimated PAW energy = -395.998203 Ryd

     The PAW screened D coefficients
    15.18267     3.58141     0.00000     0.00000     0.00000     0.00000
     0.00000     0.00000     0.00000     0.00000
     3.58141     0.88404     0.00000     0.00000     0.00000     0.00000
     0.00000     0.00000     0.00000     0.00000
     0.00000     0.00000     2.54937     0.00000     0.73859     0.00000
     0.00000     0.00000     0.00000     0.00000
     0.00000     0.00000     0.00000     2.85114     0.00000     0.74020
     0.00000     0.00000     0.00000     0.00000
     0.00000     0.00000     0.73859     0.00000     0.18938     0.00000
     0.00000     0.00000     0.00000     0.00000
     0.00000     0.00000     0.00000     0.74020     0.00000     0.17966
     0.00000     0.00000     0.00000     0.00000
     0.00000     0.00000     0.00000     0.00000     0.00000     0.00000
     0.02269     0.00000     0.06170     0.00000
     0.00000     0.00000     0.00000     0.00000     0.00000     0.00000
     0.00000     0.04285     0.00000     0.07115
     0.00000     0.00000     0.00000     0.00000     0.00000     0.00000
     0.06170     0.00000     0.07706     0.00000
     0.00000     0.00000     0.00000     0.00000     0.00000     0.00000
     0.00000     0.07115     0.00000     0.08116

     The PAW descreened D coefficients (US)
     2.28414     0.68783     0.00000     0.00000     0.00000     0.00000
     0.00000     0.00000     0.00000     0.00000
     0.68783     0.26318     0.00000     0.00000     0.00000     0.00000
     0.00000     0.00000     0.00000     0.00000
     0.00000     0.00000     2.91085     0.00000     0.50138     0.00000
     0.00000     0.00000     0.00000     0.00000
     0.00000     0.00000     0.00000     2.68235     0.00000     0.47256
     0.00000     0.00000     0.00000     0.00000
     0.00000     0.00000     0.50138     0.00000     0.05796     0.00000
     0.00000     0.00000     0.00000     0.00000
     0.00000     0.00000     0.00000     0.47256     0.00000     0.06508
     0.00000     0.00000     0.00000     0.00000
     0.00000     0.00000     0.00000     0.00000     0.00000     0.00000
     1.73693     0.00000     1.27783     0.00000
     0.00000     0.00000     0.00000     0.00000     0.00000     0.00000
     0.00000     1.66192     0.00000     1.22779
     0.00000     0.00000     0.00000     0.00000     0.00000     0.00000
     1.27783     0.00000     0.93896     0.00000
     0.00000     0.00000     0.00000     0.00000     0.00000     0.00000
     0.00000     1.22779     0.00000     0.90604

     ------------------- End of pseudopotential generation -------------------

     --------------------------- All-electron run ----------------------------

     Tc                                                                         
     dirac relativistic calculation

     atomic number is 43.00
     dft = SLA  PW   PBX  PBC   lsd =0 sic =0 latt =0  beta=0.20 tr2=1.0E-14
     Exchange-correlation=  SLA  PW   PBX  PBC
                           (   1   4   3   4   0   0   0)
     mesh =1231 r(mesh) = 100.86670 a.u. xmin = -7.00 dx = 0.01250
     1 Ry =  13.60569312 eV, c = 137.03599908

     n l j   nl                  e(Ry)          e(Ha)          e(eV)
     Spin orbit split results
     1 0 0.5 1S 1( 2.00)     -1533.0401      -766.5200    -20858.0726
     2 0 0.5 2S 1( 2.00)      -218.6635      -109.3318     -2975.0687
     2 1 0.5 2P 1( 2.00)      -201.6275      -100.8138     -2743.2820
     2 1 1.5 2P 1( 4.00)      -192.9361       -96.4680     -2625.0290
     3 0 0.5 3S 1( 2.00)       -38.0820       -19.0410      -518.1323
     3 1 0.5 3P 1( 2.00)       -31.5362       -15.7681      -429.0721
     3 1 1.5 3P 1( 4.00)       -30.0829       -15.0414      -409.2981
     4 0 0.5 4S 1( 2.00)        -5.3817        -2.6908       -73.2217
     4 1 0.5 4P 1( 2.00)        -3.4714        -1.7357       -47.2308
     4 1 1.5 4P 1( 4.00)        -3.2550        -1.6275       -44.2865
     3 2 1.5 3D 1( 4.00)       -18.5072        -9.2536      -251.8039
     3 2 2.5 3D 1( 6.00)       -18.2279        -9.1139      -248.0031
     4 2 1.5 4D 1( 4.00)        -0.4971        -0.2485        -6.7630
     4 2 2.5 4D 1( 1.00)        -0.4762        -0.2381        -6.4784
     5 0 0.5 5S 1( 2.00)        -0.3695        -0.1847        -5.0267
     5 1 0.5 5P 1( 0.00)        -0.1092        -0.0546        -1.4853
     5 1 1.5 5P 1( 0.00)        -0.0995        -0.0498        -1.3538
     Averaged results
     1 0     1S 1( 2.00)     -1533.0401      -766.5200    -20858.0726
     2 0     2S 1( 2.00)      -218.6635      -109.3318     -2975.0687
     2 1     2P 1( 6.00)      -195.8332       -97.9166     -2664.4467
     3 0     3S 1( 2.00)       -38.0820       -19.0410      -518.1323
     3 1     3P 1( 6.00)       -30.5673       -15.2837      -415.8894
     4 0     4S 1( 2.00)        -5.3817        -2.6908       -73.2217
     4 1     4P 1( 6.00)        -3.3271        -1.6636       -45.2679
     3 2     3D 1(10.00)       -18.3396        -9.1698      -249.5235
     4 2     4D 1( 5.00)        -0.4845        -0.2423        -6.5922
     5 0     5S 1( 2.00)        -0.3695        -0.1847        -5.0267
     5 1     5P 1( 0.00)        -0.1027        -0.0514        -1.3977

     final scf error:  6.9E-15 reached in  34 iterations
 
     Etot =   -8572.589446 Ry,   -4286.294723 Ha, -116636.021278 eV

     Ekin =    8905.055962 Ry,    4452.527981 Ha,  121159.458667 eV
     Encl =  -20715.980198 Ry,  -10357.990099 Ha, -281855.269309 eV
     Eh   =    3495.270341 Ry,    1747.635170 Ha,   47555.575637 eV
     Exc  =    -256.935552 Ry,    -128.467776 Ha,   -3495.786274 eV


     normalization and overlap integrals

     s(1S/1S) =  1.000000  <r> =   0.0343  <r2> =    0.0016  r(max) =   0.0224
     s(1S/2S) =  0.000000
     s(1S/3S) = -0.000000
     s(1S/4S) =  0.000000
     s(1S/5S) =  0.000000
     s(2S/2S) =  1.000000  <r> =   0.1493  <r2> =    0.0263  r(max) =   0.1257
     s(2S/3S) =  0.000000
     s(2S/4S) =  0.000000
     s(2S/5S) =  0.000000
     s(2P/2P) =  1.000000  <r> =   0.1271  <r2> =    0.0198  r(max) =   0.0979
     s(2P/3P) =  0.000000
     s(2P/4P) =  0.000000
     s(2P/5P) =  0.000000
     s(2P/2P) =  1.000000  <r> =   0.1318  <r2> =    0.0212  r(max) =   0.1017
     s(2P/3P) =  0.000000
     s(2P/4P) =  0.000000
     s(2P/5P) =  0.000000
     s(3S/3S) =  1.000000  <r> =   0.4152  <r2> =    0.1975  r(max) =   0.3730
     s(3S/4S) =  0.000000
     s(3S/5S) =  0.000000
     s(3P/3P) =  1.000000  <r> =   0.4090  <r2> =    0.1949  r(max) =   0.3593
     s(3P/4P) =  0.000000
     s(3P/5P) =  0.000000
     s(3P/3P) =  1.000000  <r> =   0.4196  <r2> =    0.2049  r(max) =   0.3684
     s(3P/4P) =  0.000000
     s(3P/5P) =  0.000000
     s(4S/4S) =  1.000000  <r> =   1.0579  <r2> =    1.2685  r(max) =   0.9525
     s(4S/5S) =  0.000000
     s(4P/4P) =  1.000000  <r> =   1.1525  <r2> =    1.5227  r(max) =   1.0013
     s(4P/5P) =  0.000000
     s(4P/4P) =  1.000000  <r> =   1.1828  <r2> =    1.6043  r(max) =   1.0266
     s(4P/5P) = -0.000000
     s(3D/3D) =  1.000000  <r> =   0.3970  <r2> =    0.1892  r(max) =   0.3092
     s(3D/4D) = -0.000000
     s(3D/3D) =  1.000000  <r> =   0.4005  <r2> =    0.1924  r(max) =   0.3131
     s(3D/4D) = -0.000000
     s(4D/4D) =  1.000000  <r> =   1.7137  <r2> =    3.6206  r(max) =   1.2697
     s(4D/4D) =  1.000000  <r> =   1.7368  <r2> =    3.7244  r(max) =   1.2697
     s(5S/5S) =  1.000000  <r> =   3.3054  <r2> =   12.5637  r(max) =   2.7561
     s(5P/5P) =  1.000000  <r> =   4.6725  <r2> =   25.8087  r(max) =   3.5834
     s(5P/5P) =  1.000000  <r> =   4.8397  <r2> =   27.6966  r(max) =   3.7203

     ------------------------ End of All-electron run ------------------------


     ---------------------- Testing the pseudopotential ----------------------

     Tc                                                                         
     dirac relativistic calculation

     atomic number is 43.00   valence charge is 15.00
     dft = SLA  PW   PBX  PBC   lsd =0 sic =0 latt =0  beta=0.20 tr2=1.0E-14
     mesh =1231 r(mesh) = 100.86670 xmin = -7.00 dx = 0.01250

     n l  j  nl             e AE (Ry)       e PS (Ry)    De AE-PS (Ry) 
     1 0 0.5 4S   1( 2.00)       -5.38170       -5.38170        0.00000
     2 0 0.5 5S   1( 2.00)       -0.36945       -0.36945       -0.00000
     2 1 0.5 4P   1( 2.00)       -3.47140       -3.47140        0.00001
     2 1 1.5 4P   1( 4.00)       -3.25499       -3.25500        0.00001
     3 1 0.5 5P   1( 0.00)       -0.10917       -0.10916       -0.00000
     3 1 1.5 5P   1( 0.00)       -0.09950       -0.09950       -0.00000
     3 2 1.5 4D   1( 4.00)       -0.49707       -0.49708        0.00000
     3 2 2.5 4D   1( 1.00)       -0.47615       -0.47616        0.00001

     eps = 3.1E-15  iter =  4
 
     Etot =   -8572.589446 Ry,   -4286.294723 Ha, -116636.021278 eV
     Etotps =  -395.998193 Ry,    -197.999096 Ha,   -5387.829887 eV

     Ekin =     226.700704 Ry,     113.350352 Ha,    3084.420204 eV
     Encl =    -498.627848 Ry,    -249.313924 Ha,   -6784.177484 eV
     Ehrt =     132.864491 Ry,      66.432246 Ha,    1807.713498 eV
     Ecxc =    -256.935540 Ry,    -128.467770 Ha,   -3495.786105 eV
     (Ecc =     -17.932746 Ry,      -8.966373 Ha,    -243.987444 eV)

     ---------------------- End of pseudopotential test ----------------------

