[0] MPI startup(): I_MPI_SHM_LMT environment variable is not supported.
[0] MPI startup(): Similar variables:
	 I_MPI_SHM_HEAP
	 I_MPI_SHM
	 I_MPI_SHM_OPT
	 I_MPI_SHM_THP
[0] MPI startup(): To check the list of supported variables, use the impi_info utility or refer to https://software.intel.com/en-us/mpi-library/documentation/get-started.

     Program LD1 v.7.3.1 starts on 19Sep2024 at 21:49:28 

     This program is part of the open-source Quantum ESPRESSO suite
     for quantum simulation of materials; please cite
         "P. Giannozzi et al., J. Phys.:Condens. Matter 21 395502 (2009);
         "P. Giannozzi et al., J. Phys.:Condens. Matter 29 465901 (2017);
         "P. Giannozzi et al., J. Chem. Phys. 152 154105 (2020);
          URL http://www.quantum-espresso.org", 
     in publications or presentations arising from this work. More details at
     http://www.quantum-espresso.org/quote

     Parallel version (MPI), running on     1 processors

     MPI processes distributed on     1 nodes
     89311 MiB available memory on the printing compute node when the environment starts
 
     Waiting for input...
     Reading input from standard input
     --------------------------- All-electron run ----------------------------

     Te                                                                         
     dirac relativistic calculation

     atomic number is 52.00
     dft =PBE   lsd =0 sic =0 latt =0  beta=0.20 tr2=1.0E-14
     Exchange-correlation= PBE
                           (   1   4   3   4   0   0   0)
     mesh =1245 r(mesh) =  99.36066 a.u. xmin = -7.00 dx = 0.01250
     1 Ry =  13.60569312 eV, c = 137.03599908

     n l j   nl                  e(Ry)          e(Ha)          e(eV)
     Spin orbit split results
     1 0 0.5 1S 1( 2.00)     -2323.0466     -1161.5233    -31606.6595
     2 0 0.5 2S 1( 2.00)      -356.1086      -178.0543     -4845.1046
     2 1 0.5 2P 1( 2.00)      -333.6327      -166.8164     -4539.3044
     2 1 1.5 2P 1( 4.00)      -313.4581      -156.7290     -4264.8144
     3 0 0.5 3S 1( 2.00)       -70.8583       -35.4291      -964.0758
     3 1 0.5 3P 1( 2.00)       -61.6202       -30.8101      -838.3858
     3 1 1.5 3P 1( 4.00)       -57.8601       -28.9300      -787.2262
     4 0 0.5 4S 1( 2.00)       -12.0571        -6.0285      -164.0449
     4 1 0.5 4P 1( 2.00)        -8.8830        -4.4415      -120.8596
     4 1 1.5 4P 1( 4.00)        -8.1693        -4.0847      -111.1495
     3 2 1.5 3D 1( 4.00)       -41.5716       -20.7858      -565.6109
     3 2 2.5 3D 1( 6.00)       -40.7854       -20.3927      -554.9138
     4 2 1.5 4D 1( 4.00)        -3.1092        -1.5546       -42.3031
     4 2 2.5 4D 1( 6.00)        -3.0015        -1.5007       -40.8368
     5 0 0.5 5S 1( 2.00)        -1.1008        -0.5504       -14.9768
     5 1 0.5 5P 1( 2.00)        -0.4710        -0.2355        -6.4083
     5 1 1.5 5P 1( 2.00)        -0.4132        -0.2066        -5.6215
     Averaged results
     1 0     1S 1( 2.00)     -2323.0466     -1161.5233    -31606.6595
     2 0     2S 1( 2.00)      -356.1086      -178.0543     -4845.1046
     2 1     2P 1( 6.00)      -320.1830      -160.0915     -4356.3111
     3 0     3S 1( 2.00)       -70.8583       -35.4291      -964.0758
     3 1     3P 1( 6.00)       -59.1134       -29.5567      -804.2794
     4 0     4S 1( 2.00)       -12.0571        -6.0285      -164.0449
     4 1     4P 1( 6.00)        -8.4072        -4.2036      -114.3862
     3 2     3D 1(10.00)       -41.0999       -20.5500      -559.1927
     4 2     4D 1(10.00)        -3.0446        -1.5223       -41.4233
     5 0     5S 1( 2.00)        -1.1008        -0.5504       -14.9768
     5 1     5P 1( 4.00)        -0.4324        -0.2162        -5.8838

     final scf error:  5.2E-15 reached in  25 iterations
 
     Etot =  -13593.652121 Ry,   -6796.826060 Ha, -184951.059176 eV

     Ekin =   14376.738166 Ry,    7188.369083 Ha,  195605.487601 eV
     Encl =  -33023.610514 Ry,  -16511.805257 Ha, -449309.110463 eV
     Eh   =    5405.355913 Ry,    2702.677956 Ha,   73543.613770 eV
     Exc  =    -352.135686 Ry,    -176.067843 Ha,   -4791.050084 eV


     normalization and overlap integrals

     s(1S/1S) =  1.000000  <r> =   0.0278  <r2> =    0.0010  r(max) =   0.0178
     s(1S/2S) = -0.000000
     s(1S/3S) = -0.000000
     s(1S/4S) =  0.000000
     s(1S/5S) =  0.000000
     s(2S/2S) =  1.000000  <r> =   0.1194  <r2> =    0.0169  r(max) =   0.1014
     s(2S/3S) =  0.000000
     s(2S/4S) =  0.000000
     s(2S/5S) =  0.000000
     s(2P/2P) =  1.000000  <r> =   0.1008  <r2> =    0.0125  r(max) =   0.0780
     s(2P/3P) =  0.000000
     s(2P/4P) =  0.000000
     s(2P/5P) =  0.000000
     s(2P/2P) =  1.000000  <r> =   0.1064  <r2> =    0.0138  r(max) =   0.0830
     s(2P/3P) =  0.000000
     s(2P/4P) =  0.000000
     s(2P/5P) =  0.000000
     s(3S/3S) =  1.000000  <r> =   0.3218  <r2> =    0.1185  r(max) =   0.2934
     s(3S/4S) =  0.000000
     s(3S/5S) =  0.000000
     s(3P/3P) =  1.000000  <r> =   0.3122  <r2> =    0.1133  r(max) =   0.2791
     s(3P/4P) =  0.000000
     s(3P/5P) =  0.000000
     s(3P/3P) =  1.000000  <r> =   0.3236  <r2> =    0.1215  r(max) =   0.2897
     s(3P/4P) =  0.000000
     s(3P/5P) =  0.000000
     s(4S/4S) =  1.000000  <r> =   0.7647  <r2> =    0.6611  r(max) =   0.7038
     s(4S/5S) =  0.000000
     s(4P/4P) =  1.000000  <r> =   0.8016  <r2> =    0.7331  r(max) =   0.7216
     s(4P/5P) =  0.000000
     s(4P/4P) =  1.000000  <r> =   0.8303  <r2> =    0.7864  r(max) =   0.7492
     s(4P/5P) = -0.000000
     s(3D/3D) =  1.000000  <r> =   0.2947  <r2> =    0.1030  r(max) =   0.2372
     s(3D/4D) = -0.000000
     s(3D/3D) =  1.000000  <r> =   0.2983  <r2> =    0.1054  r(max) =   0.2402
     s(3D/4D) = -0.000000
     s(4D/4D) =  1.000000  <r> =   0.9651  <r2> =    1.0955  r(max) =   0.8076
     s(4D/4D) =  1.000000  <r> =   0.9774  <r2> =    1.1239  r(max) =   0.8177
     s(5S/5S) =  1.000000  <r> =   2.0891  <r2> =    4.9609  r(max) =   1.7972
     s(5P/5P) =  1.000000  <r> =   2.5907  <r2> =    7.7881  r(max) =   2.1144
     s(5P/5P) =  1.000000  <r> =   2.7236  <r2> =    8.6233  r(max) =   2.1952

     ------------------------ End of All-electron run ------------------------


     --------------------- Generating US pseudopotential ---------------------


      Generating local potential from pseudized AE potential:
      Matching radius rcloc =   2.1000

      Local pseudo, rcloc= 2.114 Estimated cut-off energy=     5.56 Ry

      Computing core charge for nlcc: 

       r > 0.90 : true rho core
       r < 0.90 : rho core = a sin(br)/r    a=  19.39  b=   2.78

      Integrated core pseudo-charge :   9.25

     Fully relativistic calculation: |psi|^2

     Wfc 5S LC norm =  0.99990062 SC norm =  0.00009744 missing  0.00000194

     Wfc 5P LC norm =  0.99993624 SC norm =  0.00006345 missing  0.00000030

     Wfc 5P LC norm =  0.99994240 SC norm =  0.00005305 missing  0.00000454

     Wfc 4D LC norm =  0.99959493 SC norm =  0.00040506 missing  0.00000001

     Wfc 4D LC norm =  0.99960356 SC norm =  0.00039638 missing  0.00000006
      Wfc-us  5S rcutus= 2.011  Estimated cut-off energy=    11.50 Ry
      Wfc-us  5S rcutus= 2.011  Estimated cut-off energy=    26.52 Ry
      Wfc-us  5P rcutus= 2.396  Estimated cut-off energy=    13.39 Ry
      Wfc-us  5P rcutus= 2.396  Estimated cut-off energy=    13.26 Ry
      Wfc-us  5P rcutus= 2.396  Estimated cut-off energy=    13.22 Ry
      Wfc-us  5P rcutus= 2.396  Estimated cut-off energy=    12.68 Ry
      Wfc-us  4D rcutus= 1.688  Estimated cut-off energy=    42.77 Ry
      Wfc-us  4D rcutus= 1.688  Estimated cut-off energy=    42.70 Ry
      Wfc-us  4D rcutus= 1.688  Estimated cut-off energy=    34.93 Ry
      Wfc-us  4D rcutus= 1.688  Estimated cut-off energy=    34.75 Ry

      The bmat matrix
     1.86652     1.58794     0.00000     0.00000     0.00000     0.00000
     0.00000     0.00000     0.00000     0.00000
     1.00823     1.01818     0.00000     0.00000     0.00000     0.00000
     0.00000     0.00000     0.00000     0.00000
     0.00000     0.00000     0.68853     0.00000     1.72305     0.00000
     0.00000     0.00000     0.00000     0.00000
     0.00000     0.00000     0.00000     0.63591     0.00000     1.78635
     0.00000     0.00000     0.00000     0.00000
     0.00000     0.00000     0.72088     0.00000     2.48196     0.00000
     0.00000     0.00000     0.00000     0.00000
     0.00000     0.00000     0.00000     0.76104     0.00000     2.88627
     0.00000     0.00000     0.00000     0.00000
     0.00000     0.00000     0.00000     0.00000     0.00000     0.00000
    -2.76638     0.00000    -1.23314     0.00000
     0.00000     0.00000     0.00000     0.00000     0.00000     0.00000
     0.00000    -2.77440     0.00000    -1.27477
     0.00000     0.00000     0.00000     0.00000     0.00000     0.00000
     0.11622     0.00000     0.13458     0.00000
     0.00000     0.00000     0.00000     0.00000     0.00000     0.00000
     0.00000     0.04194     0.00000     0.10280

      The bmat + epsilon qq matrix
     2.10724     1.09448     0.00000     0.00000     0.00000     0.00000
     0.00000     0.00000     0.00000     0.00000
     1.09445     1.06414     0.00000     0.00000     0.00000     0.00000
     0.00000     0.00000     0.00000     0.00000
     0.00000     0.00000     0.74127     0.00000     0.79065     0.00000
     0.00000     0.00000     0.00000     0.00000
     0.00000     0.00000     0.00000     0.67559     0.00000     0.82421
     0.00000     0.00000     0.00000     0.00000
     0.00000     0.00000     0.79059     0.00000     0.92764     0.00000
     0.00000     0.00000     0.00000     0.00000
     0.00000     0.00000     0.00000     0.82414     0.00000     1.04864
     0.00000     0.00000     0.00000     0.00000
     0.00000     0.00000     0.00000     0.00000     0.00000     0.00000
    -4.34768     0.00000    -0.83530     0.00000
     0.00000     0.00000     0.00000     0.00000     0.00000     0.00000
     0.00000    -4.25323     0.00000    -0.87683
     0.00000     0.00000     0.00000     0.00000     0.00000     0.00000
    -0.83530     0.00000     0.31598     0.00000
     0.00000     0.00000     0.00000     0.00000     0.00000     0.00000
     0.00000    -0.87684     0.00000     0.29226

      The qq matrix
    -0.21869    -0.07833     0.00000     0.00000     0.00000     0.00000
     0.00000     0.00000     0.00000     0.00000
    -0.07833     0.00730     0.00000     0.00000     0.00000     0.00000
     0.00000     0.00000     0.00000     0.00000
     0.00000     0.00000    -0.11198     0.00000    -0.14800     0.00000
     0.00000     0.00000     0.00000     0.00000
     0.00000     0.00000     0.00000    -0.09603     0.00000    -0.15272
     0.00000     0.00000     0.00000     0.00000
     0.00000     0.00000    -0.14800     0.00000    -0.24672     0.00000
     0.00000     0.00000     0.00000     0.00000
     0.00000     0.00000     0.00000    -0.15272     0.00000    -0.29169
     0.00000     0.00000     0.00000     0.00000
     0.00000     0.00000     0.00000     0.00000     0.00000     0.00000
     0.50858     0.00000     0.30603     0.00000
     0.00000     0.00000     0.00000     0.00000     0.00000     0.00000
     0.00000     0.49271     0.00000     0.30611
     0.00000     0.00000     0.00000     0.00000     0.00000     0.00000
     0.30603     0.00000     0.13954     0.00000
     0.00000     0.00000     0.00000     0.00000     0.00000     0.00000
     0.00000     0.30611     0.00000     0.14573

     Q pseudized with Bessel functions
     Expected ecutrho=     210.8873 due to l1=  2   l2=  2

      The ddd matrix
     0.85298     0.86976     0.00000     0.00000     0.00000     0.00000
     0.00000     0.00000     0.00000     0.00000
     0.86976     1.07645     0.00000     0.00000     0.00000     0.00000
     0.00000     0.00000     0.00000     0.00000
     0.00000     0.00000     0.28859     0.00000     0.02014     0.00000
     0.00000     0.00000     0.00000     0.00000
     0.00000     0.00000     0.00000     0.32041     0.00000     0.06601
     0.00000     0.00000     0.00000     0.00000
     0.00000     0.00000     0.02014     0.00000    -0.52926     0.00000
     0.00000     0.00000     0.00000     0.00000
     0.00000     0.00000     0.00000     0.06601     0.00000    -0.62819
     0.00000     0.00000     0.00000     0.00000
     0.00000     0.00000     0.00000     0.00000     0.00000     0.00000
    -0.37826     0.00000     1.60284     0.00000
     0.00000     0.00000     0.00000     0.00000     0.00000     0.00000
     0.00000    -0.41726     0.00000     1.55323
     0.00000     0.00000     0.00000     0.00000     0.00000     0.00000
     1.60284     0.00000     1.55574     0.00000
     0.00000     0.00000     0.00000     0.00000     0.00000     0.00000
     0.00000     1.55323     0.00000     1.57542

     ------------------- End of pseudopotential generation -------------------

     --------------------------- All-electron run ----------------------------

     Te                                                                         
     dirac relativistic calculation

     atomic number is 52.00
     dft =PBE   lsd =0 sic =0 latt =0  beta=0.20 tr2=1.0E-14
     Exchange-correlation= PBE
                           (   1   4   3   4   0   0   0)
     mesh =1245 r(mesh) =  99.36066 a.u. xmin = -7.00 dx = 0.01250
     1 Ry =  13.60569312 eV, c = 137.03599908

     n l j   nl                  e(Ry)          e(Ha)          e(eV)
     Spin orbit split results
     1 0 0.5 1S 1( 2.00)     -2323.0466     -1161.5233    -31606.6595
     2 0 0.5 2S 1( 2.00)      -356.1086      -178.0543     -4845.1046
     2 1 0.5 2P 1( 2.00)      -333.6327      -166.8164     -4539.3044
     2 1 1.5 2P 1( 4.00)      -313.4581      -156.7290     -4264.8144
     3 0 0.5 3S 1( 2.00)       -70.8583       -35.4291      -964.0758
     3 1 0.5 3P 1( 2.00)       -61.6202       -30.8101      -838.3858
     3 1 1.5 3P 1( 4.00)       -57.8601       -28.9300      -787.2262
     4 0 0.5 4S 1( 2.00)       -12.0571        -6.0285      -164.0449
     4 1 0.5 4P 1( 2.00)        -8.8830        -4.4415      -120.8596
     4 1 1.5 4P 1( 4.00)        -8.1693        -4.0847      -111.1495
     3 2 1.5 3D 1( 4.00)       -41.5716       -20.7858      -565.6109
     3 2 2.5 3D 1( 6.00)       -40.7854       -20.3927      -554.9138
     4 2 1.5 4D 1( 4.00)        -3.1092        -1.5546       -42.3031
     4 2 2.5 4D 1( 6.00)        -3.0015        -1.5007       -40.8368
     5 0 0.5 5S 1( 2.00)        -1.1008        -0.5504       -14.9768
     5 1 0.5 5P 1( 2.00)        -0.4710        -0.2355        -6.4083
     5 1 1.5 5P 1( 2.00)        -0.4132        -0.2066        -5.6215
     Averaged results
     1 0     1S 1( 2.00)     -2323.0466     -1161.5233    -31606.6595
     2 0     2S 1( 2.00)      -356.1086      -178.0543     -4845.1046
     2 1     2P 1( 6.00)      -320.1830      -160.0915     -4356.3111
     3 0     3S 1( 2.00)       -70.8583       -35.4291      -964.0758
     3 1     3P 1( 6.00)       -59.1134       -29.5567      -804.2794
     4 0     4S 1( 2.00)       -12.0571        -6.0285      -164.0449
     4 1     4P 1( 6.00)        -8.4072        -4.2036      -114.3862
     3 2     3D 1(10.00)       -41.0999       -20.5500      -559.1927
     4 2     4D 1(10.00)        -3.0446        -1.5223       -41.4233
     5 0     5S 1( 2.00)        -1.1008        -0.5504       -14.9768
     5 1     5P 1( 4.00)        -0.4324        -0.2162        -5.8838

     final scf error:  5.2E-15 reached in  25 iterations
 
     Etot =  -13593.652121 Ry,   -6796.826060 Ha, -184951.059176 eV

     Ekin =   14376.738166 Ry,    7188.369083 Ha,  195605.487601 eV
     Encl =  -33023.610514 Ry,  -16511.805257 Ha, -449309.110463 eV
     Eh   =    5405.355913 Ry,    2702.677956 Ha,   73543.613770 eV
     Exc  =    -352.135686 Ry,    -176.067843 Ha,   -4791.050084 eV


     normalization and overlap integrals

     s(1S/1S) =  1.000000  <r> =   0.0278  <r2> =    0.0010  r(max) =   0.0178
     s(1S/2S) = -0.000000
     s(1S/3S) = -0.000000
     s(1S/4S) =  0.000000
     s(1S/5S) =  0.000000
     s(2S/2S) =  1.000000  <r> =   0.1194  <r2> =    0.0169  r(max) =   0.1014
     s(2S/3S) =  0.000000
     s(2S/4S) =  0.000000
     s(2S/5S) =  0.000000
     s(2P/2P) =  1.000000  <r> =   0.1008  <r2> =    0.0125  r(max) =   0.0780
     s(2P/3P) =  0.000000
     s(2P/4P) =  0.000000
     s(2P/5P) =  0.000000
     s(2P/2P) =  1.000000  <r> =   0.1064  <r2> =    0.0138  r(max) =   0.0830
     s(2P/3P) =  0.000000
     s(2P/4P) =  0.000000
     s(2P/5P) =  0.000000
     s(3S/3S) =  1.000000  <r> =   0.3218  <r2> =    0.1185  r(max) =   0.2934
     s(3S/4S) =  0.000000
     s(3S/5S) =  0.000000
     s(3P/3P) =  1.000000  <r> =   0.3122  <r2> =    0.1133  r(max) =   0.2791
     s(3P/4P) =  0.000000
     s(3P/5P) =  0.000000
     s(3P/3P) =  1.000000  <r> =   0.3236  <r2> =    0.1215  r(max) =   0.2897
     s(3P/4P) =  0.000000
     s(3P/5P) =  0.000000
     s(4S/4S) =  1.000000  <r> =   0.7647  <r2> =    0.6611  r(max) =   0.7038
     s(4S/5S) =  0.000000
     s(4P/4P) =  1.000000  <r> =   0.8016  <r2> =    0.7331  r(max) =   0.7216
     s(4P/5P) =  0.000000
     s(4P/4P) =  1.000000  <r> =   0.8303  <r2> =    0.7864  r(max) =   0.7492
     s(4P/5P) = -0.000000
     s(3D/3D) =  1.000000  <r> =   0.2947  <r2> =    0.1030  r(max) =   0.2372
     s(3D/4D) = -0.000000
     s(3D/3D) =  1.000000  <r> =   0.2983  <r2> =    0.1054  r(max) =   0.2402
     s(3D/4D) = -0.000000
     s(4D/4D) =  1.000000  <r> =   0.9651  <r2> =    1.0955  r(max) =   0.8076
     s(4D/4D) =  1.000000  <r> =   0.9774  <r2> =    1.1239  r(max) =   0.8177
     s(5S/5S) =  1.000000  <r> =   2.0891  <r2> =    4.9609  r(max) =   1.7972
     s(5P/5P) =  1.000000  <r> =   2.5907  <r2> =    7.7881  r(max) =   2.1144
     s(5P/5P) =  1.000000  <r> =   2.7236  <r2> =    8.6233  r(max) =   2.1952

     ------------------------ End of All-electron run ------------------------


     ---------------------- Testing the pseudopotential ----------------------

     Te                                                                         
     dirac relativistic calculation

     atomic number is 52.00   valence charge is 16.00
     dft =PBE   lsd =0 sic =0 latt =0  beta=0.20 tr2=1.0E-14
     mesh =1245 r(mesh) =  99.36066 xmin = -7.00 dx = 0.01250

     n l  j  nl             e AE (Ry)       e PS (Ry)    De AE-PS (Ry) 
     1 0 0.5 5S   1( 2.00)       -1.10078       -1.10078        0.00000
     2 1 0.5 5P   1( 2.00)       -0.47100       -0.47100       -0.00000
     2 1 1.5 5P   1( 2.00)       -0.41317       -0.41318        0.00000
     3 2 1.5 4D   1( 4.00)       -3.10922       -3.10922       -0.00000
     3 2 2.5 4D   1( 6.00)       -3.00145       -3.00145       -0.00000

     eps = 2.4E-15  iter =  3
 
     Etot =  -13593.652121 Ry,   -6796.826060 Ha, -184951.059176 eV
     Etotps =  -212.585183 Ry,    -106.292592 Ha,   -2892.368766 eV

     Ekin =      44.640953 Ry,      22.320476 Ha,     607.371105 eV
     Encl =    -375.133308 Ry,    -187.566654 Ha,   -5103.948667 eV
     Ehrt =     164.175284 Ry,      82.087642 Ha,    2233.718530 eV
     Ecxc =     -45.175436 Ry,     -22.587718 Ha,    -614.643123 eV
     (Ecc =     -17.532097 Ry,      -8.766048 Ha,    -238.536328 eV)
     Epseu=      -1.092676 Ry,      -0.546338 Ha,     -14.866611 eV

     ---------------------- End of pseudopotential test ----------------------

