[0] MPI startup(): I_MPI_SHM_LMT environment variable is not supported.
[0] MPI startup(): Similar variables:
	 I_MPI_SHM_HEAP
	 I_MPI_SHM
	 I_MPI_SHM_OPT
	 I_MPI_SHM_THP
[0] MPI startup(): To check the list of supported variables, use the impi_info utility or refer to https://software.intel.com/en-us/mpi-library/documentation/get-started.

     Program LD1 v.7.3.1 starts on 19Sep2024 at 21:49:29 

     This program is part of the open-source Quantum ESPRESSO suite
     for quantum simulation of materials; please cite
         "P. Giannozzi et al., J. Phys.:Condens. Matter 21 395502 (2009);
         "P. Giannozzi et al., J. Phys.:Condens. Matter 29 465901 (2017);
         "P. Giannozzi et al., J. Chem. Phys. 152 154105 (2020);
          URL http://www.quantum-espresso.org", 
     in publications or presentations arising from this work. More details at
     http://www.quantum-espresso.org/quote

     Parallel version (MPI), running on     1 processors

     MPI processes distributed on     1 nodes
     89304 MiB available memory on the printing compute node when the environment starts
 
     Waiting for input...
     Reading input from standard input
     --------------------------- All-electron run ----------------------------

     Tl                                                                         
     dirac relativistic calculation

     atomic number is 81.00
     dft =PBE   lsd =0 sic =0 latt =0  beta=0.20 tr2=1.0E-14
     Exchange-correlation= PBE
                           (   1   4   3   4   0   0   0)
     mesh =1281 r(mesh) = 100.03807 a.u. xmin = -7.00 dx = 0.01250
     1 Ry =  13.60569312 eV, c = 137.03599908

     n l j   nl                  e(Ry)          e(Ha)          e(eV)
     Spin orbit split results
     1 0 0.5 1S 1( 2.00)     -6283.3904     -3141.6952    -85489.8822
     2 0 0.5 2S 1( 2.00)     -1117.7321      -558.8661    -15207.5204
     2 1 0.5 2P 1( 2.00)     -1072.7193      -536.3596    -14595.0890
     2 1 1.5 2P 1( 4.00)      -920.8704      -460.4352    -12529.0801
     3 0 0.5 3S 1( 2.00)      -266.7265      -133.3632     -3628.9984
     3 1 0.5 3P 1( 2.00)      -246.4735      -123.2367     -3353.4425
     3 1 1.5 3P 1( 4.00)      -212.7139      -106.3570     -2894.1204
     4 0 0.5 4S 1( 2.00)       -59.4964       -29.7482      -809.4894
     4 1 0.5 4P 1( 2.00)       -50.7774       -25.3887      -690.8614
     4 1 1.5 4P 1( 4.00)       -42.5700       -21.2850      -579.1949
     3 2 1.5 3D 1( 4.00)      -179.3839       -89.6920     -2440.6429
     3 2 2.5 3D 1( 6.00)      -172.1763       -86.0882     -2342.5784
     5 0 0.5 5S 1( 2.00)        -9.5604        -4.7802      -130.0758
     5 1 0.5 5P 1( 2.00)        -6.6375        -3.3188       -90.3080
     5 1 1.5 5P 1( 4.00)        -5.1515        -2.5758       -70.0902
     4 2 1.5 4D 1( 4.00)       -28.3660       -14.1830      -385.9393
     4 2 2.5 4D 1( 6.00)       -26.8352       -13.4176      -365.1116
     4 3 2.5 4F 1( 6.00)        -8.5019        -4.2509      -115.6739
     4 3 3.5 4F 1( 8.00)        -8.1639        -4.0819      -111.0754
     5 2 1.5 5D 1( 4.00)        -1.1944        -0.5972       -16.2509
     5 2 2.5 5D 1( 6.00)        -1.0333        -0.5167       -14.0592
     6 0 0.5 6S 1( 2.00)        -0.6703        -0.3351        -9.1198
     6 1 0.5 6P 1( 1.00)        -0.2086        -0.1043        -2.8386
     6 1 1.5 6P 1( 0.00)        -0.1358        -0.0679        -1.8482
     Averaged results
     1 0     1S 1( 2.00)     -6283.3904     -3141.6952    -85489.8822
     2 0     2S 1( 2.00)     -1117.7321      -558.8661    -15207.5204
     2 1     2P 1( 6.00)      -971.4867      -485.7433    -13217.7497
     3 0     3S 1( 2.00)      -266.7265      -133.3632     -3628.9984
     3 1     3P 1( 6.00)      -223.9671      -111.9836     -3047.2278
     4 0     4S 1( 2.00)       -59.4964       -29.7482      -809.4894
     4 1     4P 1( 6.00)       -45.3058       -22.6529      -616.4170
     3 2     3D 1(10.00)      -175.0594       -87.5297     -2381.8042
     5 0     5S 1( 2.00)        -9.5604        -4.7802      -130.0758
     5 1     5P 1( 6.00)        -5.6469        -2.8234       -76.8295
     4 2     4D 1(10.00)       -27.4475       -13.7238      -373.4427
     4 3     4F 1(14.00)        -8.3087        -4.1544      -113.0462
     5 2     5D 1(10.00)        -1.0978        -0.5489       -14.9359
     6 0     6S 1( 2.00)        -0.6703        -0.3351        -9.1198
     6 1     6P 1( 1.00)        -0.1601        -0.0801        -2.1783

     final scf error:  6.3E-15 reached in  37 iterations
 
     Etot =  -40577.782523 Ry,  -20288.891261 Ha, -552088.856618 eV

     Ekin =   47041.457770 Ry,   23520.728885 Ha,  640031.638480 eV
     Encl = -102562.803165 Ry,  -51281.401582 Ha,-1395438.025697 eV
     Eh   =   15707.479355 Ry,    7853.739677 Ha,  213711.143838 eV
     Exc  =    -763.916483 Ry,    -381.958241 Ha,  -10393.613238 eV


     normalization and overlap integrals

     s(1S/1S) =  1.000000  <r> =   0.0163  <r2> =    0.0004  r(max) =   0.0100
     s(1S/2S) = -0.000000
     s(1S/3S) = -0.000000
     s(1S/4S) = -0.000000
     s(1S/5S) = -0.000000
     s(1S/6S) = -0.000000
     s(2S/2S) =  1.000000  <r> =   0.0680  <r2> =    0.0055  r(max) =   0.0582
     s(2S/3S) =  0.000000
     s(2S/4S) =  0.000000
     s(2S/5S) =  0.000000
     s(2S/6S) =  0.000000
     s(2P/2P) =  1.000000  <r> =   0.0559  <r2> =    0.0039  r(max) =   0.0431
     s(2P/3P) =  0.000000
     s(2P/4P) =  0.000000
     s(2P/5P) =  0.000000
     s(2P/6P) =  0.000000
     s(2P/2P) =  1.000000  <r> =   0.0647  <r2> =    0.0051  r(max) =   0.0507
     s(2P/3P) =  0.000000
     s(2P/4P) =  0.000000
     s(2P/5P) =  0.000000
     s(2P/6P) =  0.000000
     s(3S/3S) =  1.000000  <r> =   0.1770  <r2> =    0.0360  r(max) =   0.1642
     s(3S/4S) =  0.000000
     s(3S/5S) =  0.000000
     s(3S/6S) =  0.000000
     s(3P/3P) =  1.000000  <r> =   0.1674  <r2> =    0.0327  r(max) =   0.1523
     s(3P/4P) =  0.000000
     s(3P/5P) =  0.000000
     s(3P/6P) =  0.000000
     s(3P/3P) =  1.000000  <r> =   0.1835  <r2> =    0.0391  r(max) =   0.1683
     s(3P/4P) =  0.000000
     s(3P/5P) =  0.000000
     s(3P/6P) =  0.000000
     s(4S/4S) =  1.000000  <r> =   0.3914  <r2> =    0.1731  r(max) =   0.3699
     s(4S/5S) =  0.000000
     s(4S/6S) =  0.000000
     s(4P/4P) =  1.000000  <r> =   0.3931  <r2> =    0.1760  r(max) =   0.3653
     s(4P/5P) =  0.000000
     s(4P/6P) =  0.000000
     s(4P/4P) =  1.000000  <r> =   0.4274  <r2> =    0.2077  r(max) =   0.3987
     s(4P/5P) =  0.000000
     s(4P/6P) =  0.000000
     s(3D/3D) =  1.000000  <r> =   0.1595  <r2> =    0.0299  r(max) =   0.1311
     s(3D/4D) =  0.000000
     s(3D/5D) =  0.000000
     s(3D/3D) =  1.000000  <r> =   0.1644  <r2> =    0.0316  r(max) =   0.1344
     s(3D/4D) = -0.000000
     s(3D/5D) = -0.000000
     s(5S/5S) =  1.000000  <r> =   0.8778  <r2> =    0.8642  r(max) =   0.8131
     s(5S/6S) =  0.000000
     s(5P/5P) =  1.000000  <r> =   0.9419  <r2> =    1.0015  r(max) =   0.8547
     s(5P/6P) =  0.000000
     s(5P/5P) =  1.000000  <r> =   1.0364  <r2> =    1.2140  r(max) =   0.9329
     s(5P/6P) = -0.000000
     s(4D/4D) =  1.000000  <r> =   0.4334  <r2> =    0.2171  r(max) =   0.3889
     s(4D/5D) =  0.000000
     s(4D/4D) =  1.000000  <r> =   0.4445  <r2> =    0.2281  r(max) =   0.3987
     s(4D/5D) = -0.000000
     s(4F/4F) =  1.000000  <r> =   0.4645  <r2> =    0.2594  r(max) =   0.3563
     s(4F/4F) =  1.000000  <r> =   0.4710  <r2> =    0.2667  r(max) =   0.3608
     s(5D/5D) =  1.000000  <r> =   1.3604  <r2> =    2.1765  r(max) =   1.0975
     s(5D/5D) =  1.000000  <r> =   1.4183  <r2> =    2.3748  r(max) =   1.1253
     s(6S/6S) =  1.000000  <r> =   2.4947  <r2> =    7.1227  r(max) =   2.0762
     s(6P/6P) =  1.000000  <r> =   3.4695  <r2> =   14.2906  r(max) =   2.6328
     s(6P/6P) =  1.000000  <r> =   4.1397  <r2> =   20.4788  r(max) =   3.0974

     ------------------------ End of All-electron run ------------------------


     --------------------- Generating PAW atomic setup --------------------


      Generating local potential from pseudized AE potential:
      Matching radius rcloc =   2.2000

      Local pseudo, rcloc= 2.183 Estimated cut-off energy=     5.29 Ry

      Computing core charge for nlcc: 

       r > 1.50 : true rho core
      Core charge pseudized with two Bessel functions
      Integrated core pseudo-charge :  11.14

     Fully relativistic calculation: |psi|^2

     Wfc 6S LC norm =  0.99991735 SC norm =  0.00008074 missing  0.00000191
     Speed at rcutus      0.789 a.u.,  v/c =  0.005756,  (v/c)^2 =  0.00003314

     Wfc 6P LC norm =  0.99995963 SC norm =  0.00004025 missing  0.00000012
     Speed at rcutus      0.509 a.u.,  v/c =  0.003714,  (v/c)^2 =  0.00001380

     Wfc 6P LC norm =  0.99997280 SC norm =  0.00002371 missing  0.00000348
     Speed at rcutus      0.460 a.u.,  v/c =  0.003354,  (v/c)^2 =  0.00001125

     Wfc 5D LC norm =  0.99971268 SC norm =  0.00028729 missing  0.00000003
     Speed at rcutus      0.403 a.u.,  v/c =  0.002939,  (v/c)^2 =  0.00000864

     Wfc 5D LC norm =  0.99973387 SC norm =  0.00026562 missing  0.00000051
     Speed at rcutus      0.475 a.u.,  v/c =  0.003468,  (v/c)^2 =  0.00001203
      Wfc-us  6S rcutus= 2.025  Estimated cut-off energy=    10.71 Ry
      Wfc-us  6S rcutus= 2.025  Estimated cut-off energy=    21.71 Ry
      Wfc-us  6P rcutus= 2.600  Estimated cut-off energy=    11.04 Ry
      Wfc-us  6P rcutus= 2.600  Estimated cut-off energy=    10.74 Ry
      Wfc-us  6P rcutus= 2.600  Estimated cut-off energy=    11.56 Ry
      Wfc-us  6P rcutus= 2.600  Estimated cut-off energy=    10.20 Ry
      Wfc-us  5D rcutus= 2.025  Estimated cut-off energy=    29.15 Ry
      Wfc-us  5D rcutus= 2.025  Estimated cut-off energy=    28.99 Ry
      Wfc-us  5D rcutus= 2.025  Estimated cut-off energy=    36.76 Ry
      Wfc-us  5D rcutus= 2.025  Estimated cut-off energy=    33.01 Ry

      The bmat matrix
     0.89594     1.30161     0.00000     0.00000     0.00000     0.00000
     0.00000     0.00000     0.00000     0.00000
     0.94093     1.49680     0.00000     0.00000     0.00000     0.00000
     0.00000     0.00000     0.00000     0.00000
     0.00000     0.00000     0.41164     0.00000     1.77919     0.00000
     0.00000     0.00000     0.00000     0.00000
     0.00000     0.00000     0.00000     0.23265     0.00000     1.43056
     0.00000     0.00000     0.00000     0.00000
     0.00000     0.00000     0.73981     0.00000     4.20164     0.00000
     0.00000     0.00000     0.00000     0.00000
     0.00000     0.00000     0.00000     0.65106     0.00000     5.40095
     0.00000     0.00000     0.00000     0.00000
     0.00000     0.00000     0.00000     0.00000     0.00000     0.00000
    -1.41527     0.00000    -0.89543     0.00000
     0.00000     0.00000     0.00000     0.00000     0.00000     0.00000
     0.00000    -1.33189     0.00000    -0.80254
     0.00000     0.00000     0.00000     0.00000     0.00000     0.00000
    -0.78897     0.00000    -0.51141     0.00000
     0.00000     0.00000     0.00000     0.00000     0.00000     0.00000
     0.00000    -0.73351     0.00000    -0.44428

      The bmat + epsilon qq matrix
     0.93517     0.98007     0.00000     0.00000     0.00000     0.00000
     0.00000     0.00000     0.00000     0.00000
     0.98012     1.20263     0.00000     0.00000     0.00000     0.00000
     0.00000     0.00000     0.00000     0.00000
     0.00000     0.00000     0.42415     0.00000     0.77220     0.00000
     0.00000     0.00000     0.00000     0.00000
     0.00000     0.00000     0.00000     0.23568     0.00000     0.66708
     0.00000     0.00000     0.00000     0.00000
     0.00000     0.00000     0.77213     0.00000     1.25838     0.00000
     0.00000     0.00000     0.00000     0.00000
     0.00000     0.00000     0.00000     0.66702     0.00000     1.64503
     0.00000     0.00000     0.00000     0.00000
     0.00000     0.00000     0.00000     0.00000     0.00000     0.00000
    -1.79840     0.00000    -1.00290     0.00000
     0.00000     0.00000     0.00000     0.00000     0.00000     0.00000
     0.00000    -1.61726     0.00000    -0.89812
     0.00000     0.00000     0.00000     0.00000     0.00000     0.00000
    -1.00289     0.00000    -0.57130     0.00000
     0.00000     0.00000     0.00000     0.00000     0.00000     0.00000
     0.00000    -0.89812     0.00000    -0.49942

      The qq matrix
    -0.05853    -0.05846     0.00000     0.00000     0.00000     0.00000
     0.00000     0.00000     0.00000     0.00000
    -0.05846    -0.05349     0.00000     0.00000     0.00000     0.00000
     0.00000     0.00000     0.00000     0.00000
     0.00000     0.00000    -0.05999     0.00000    -0.15492     0.00000
     0.00000     0.00000     0.00000     0.00000
     0.00000     0.00000     0.00000    -0.02230     0.00000    -0.11746
     0.00000     0.00000     0.00000     0.00000
     0.00000     0.00000    -0.15492     0.00000    -0.45281     0.00000
     0.00000     0.00000     0.00000     0.00000
     0.00000     0.00000     0.00000    -0.11746     0.00000    -0.57783
     0.00000     0.00000     0.00000     0.00000
     0.00000     0.00000     0.00000     0.00000     0.00000     0.00000
     0.32077     0.00000     0.17911     0.00000
     0.00000     0.00000     0.00000     0.00000     0.00000     0.00000
     0.00000     0.27616     0.00000     0.15930
     0.00000     0.00000     0.00000     0.00000     0.00000     0.00000
     0.17911     0.00000     0.09981     0.00000
     0.00000     0.00000     0.00000     0.00000     0.00000     0.00000
     0.00000     0.15930     0.00000     0.09190


    multipoles (all-electron charge) - (pseudo charge)
        ns l1:ns1 l2    l=0     l=1     l=2     l=3     l=4     l=5  
         1  0:  1  0 -0.0585
         2  0:  1  0 -0.0585
         2  0:  2  0 -0.0535
         3  1:  1  0  0.0000  0.1072
         3  1:  2  0  0.0000  0.1041
         3  1:  3  1 -0.0600  0.0000 -0.1552
         4  1:  1  0  0.0000  0.0844
         4  1:  2  0  0.0000  0.0844
         4  1:  3  1 -0.0395  0.0000 -0.1159
         4  1:  4  1 -0.0223  0.0000 -0.0820
         5  1:  1  0  0.0000  0.2511
         5  1:  2  0  0.0000  0.2716
         5  1:  3  1 -0.1549  0.0000 -0.2677
         5  1:  4  1 -0.1025  0.0000 -0.1910
         5  1:  5  1 -0.4528  0.0000 -0.6059
         6  1:  1  0  0.0000  0.3217
         6  1:  2  0  0.0000  0.3431
         6  1:  3  1 -0.1848  0.0000 -0.3472
         6  1:  4  1 -0.1175  0.0000 -0.2424
         6  1:  5  1 -0.5138  0.0000 -0.7239
         6  1:  6  1 -0.5778  0.0000 -0.8661
         7  2:  1  0  0.0000  0.0000  0.1690
         7  2:  2  0  0.0000  0.0000  0.0985
         7  2:  3  1  0.0000 -0.2128  0.0000 -0.3101
         7  2:  4  1  0.0000 -0.1962  0.0000 -0.2977
         7  2:  5  1  0.0000 -0.3875  0.0000 -0.5143
         7  2:  6  1  0.0000 -0.5309  0.0000 -0.7704
         7  2:  7  2  0.3208  0.0000  0.3105  0.0000  0.3958
         8  2:  1  0  0.0000  0.0000  0.1695
         8  2:  2  0  0.0000  0.0000  0.1010
         8  2:  3  1  0.0000 -0.2117  0.0000 -0.3151
         8  2:  4  1  0.0000 -0.1947  0.0000 -0.3011
         8  2:  5  1  0.0000 -0.3887  0.0000 -0.5240
         8  2:  6  1  0.0000 -0.5324  0.0000 -0.7833
         8  2:  7  2  0.2973  0.0000  0.2899  0.0000  0.3725
         8  2:  8  2  0.2762  0.0000  0.2705  0.0000  0.3504
         9  2:  1  0  0.0000  0.0000  0.1022
         9  2:  2  0  0.0000  0.0000  0.0664
         9  2:  3  1  0.0000 -0.1182  0.0000 -0.1539
         9  2:  4  1  0.0000 -0.1070  0.0000 -0.1455
         9  2:  5  1  0.0000 -0.2260  0.0000 -0.2789
         9  2:  6  1  0.0000 -0.3002  0.0000 -0.3996
         9  2:  7  2  0.1791  0.0000  0.1681  0.0000  0.2091
         9  2:  8  2  0.1652  0.0000  0.1563  0.0000  0.1964
         9  2:  9  2  0.0998  0.0000  0.0910  0.0000  0.1114
        10  2:  1  0  0.0000  0.0000  0.0967
        10  2:  2  0  0.0000  0.0000  0.0595
        10  2:  3  1  0.0000 -0.1162  0.0000 -0.1605
        10  2:  4  1  0.0000 -0.1062  0.0000 -0.1530
        10  2:  5  1  0.0000 -0.2187  0.0000 -0.2808
        10  2:  6  1  0.0000 -0.2950  0.0000 -0.4104
        10  2:  7  2  0.1717  0.0000  0.1653  0.0000  0.2103
        10  2:  8  2  0.1593  0.0000  0.1541  0.0000  0.1979
        10  2:  9  2  0.0954  0.0000  0.0892  0.0000  0.1110
        10  2: 10  2  0.0919  0.0000  0.0878  0.0000  0.1117
     Required augmentation: PSQ   radius:    1.670000

     Q pseudized with Bessel functions
     Expected ecutrho=     150.5013 due to l1=  2   l2=  2

     Estimated PAW energy = -843.819396 Ryd

     The PAW screened D coefficients
     0.93517     0.98012     0.00000     0.00000     0.00000     0.00000
     0.00000     0.00000     0.00000     0.00000
     0.98012     1.20274     0.00000     0.00000     0.00000     0.00000
     0.00000     0.00000     0.00000     0.00000
     0.00000     0.00000     0.42415     0.00000     0.77213     0.00000
     0.00000     0.00000     0.00000     0.00000
     0.00000     0.00000     0.00000     0.23568     0.00000     0.66702
     0.00000     0.00000     0.00000     0.00000
     0.00000     0.00000     0.77213     0.00000     1.25842     0.00000
     0.00000     0.00000     0.00000     0.00000
     0.00000     0.00000     0.00000     0.66702     0.00000     1.64508
     0.00000     0.00000     0.00000     0.00000
     0.00000     0.00000     0.00000     0.00000     0.00000     0.00000
    -1.79840     0.00000    -1.00290     0.00000
     0.00000     0.00000     0.00000     0.00000     0.00000     0.00000
     0.00000    -1.61726     0.00000    -0.89812
     0.00000     0.00000     0.00000     0.00000     0.00000     0.00000
    -1.00290     0.00000    -0.57131     0.00000
     0.00000     0.00000     0.00000     0.00000     0.00000     0.00000
     0.00000    -0.89812     0.00000    -0.49942

     The PAW descreened D coefficients (US)
     0.90528     0.96755     0.00000     0.00000     0.00000     0.00000
     0.00000     0.00000     0.00000     0.00000
     0.96755     1.17478     0.00000     0.00000     0.00000     0.00000
     0.00000     0.00000     0.00000     0.00000
     0.00000     0.00000     0.32112     0.00000     0.19503     0.00000
     0.00000     0.00000     0.00000     0.00000
     0.00000     0.00000     0.00000     0.28332     0.00000     0.36469
     0.00000     0.00000     0.00000     0.00000
     0.00000     0.00000     0.19503     0.00000    -1.00299     0.00000
     0.00000     0.00000     0.00000     0.00000
     0.00000     0.00000     0.00000     0.36469     0.00000    -0.90238
     0.00000     0.00000     0.00000     0.00000
     0.00000     0.00000     0.00000     0.00000     0.00000     0.00000
     0.67703     0.00000     0.45354     0.00000
     0.00000     0.00000     0.00000     0.00000     0.00000     0.00000
     0.00000     0.48186     0.00000     0.35404
     0.00000     0.00000     0.00000     0.00000     0.00000     0.00000
     0.45354     0.00000     0.27646     0.00000
     0.00000     0.00000     0.00000     0.00000     0.00000     0.00000
     0.00000     0.35404     0.00000     0.24154

     ------------------- End of pseudopotential generation -------------------

     --------------------------- All-electron run ----------------------------

     Tl                                                                         
     dirac relativistic calculation

     atomic number is 81.00
     dft = SLA  PW   PBX  PBC   lsd =0 sic =0 latt =0  beta=0.20 tr2=1.0E-14
     Exchange-correlation=  SLA  PW   PBX  PBC
                           (   1   4   3   4   0   0   0)
     mesh =1281 r(mesh) = 100.03807 a.u. xmin = -7.00 dx = 0.01250
     1 Ry =  13.60569312 eV, c = 137.03599908

     n l j   nl                  e(Ry)          e(Ha)          e(eV)
     Spin orbit split results
     1 0 0.5 1S 1( 2.00)     -6283.3904     -3141.6952    -85489.8822
     2 0 0.5 2S 1( 2.00)     -1117.7321      -558.8661    -15207.5204
     2 1 0.5 2P 1( 2.00)     -1072.7193      -536.3596    -14595.0890
     2 1 1.5 2P 1( 4.00)      -920.8704      -460.4352    -12529.0801
     3 0 0.5 3S 1( 2.00)      -266.7265      -133.3632     -3628.9984
     3 1 0.5 3P 1( 2.00)      -246.4735      -123.2367     -3353.4425
     3 1 1.5 3P 1( 4.00)      -212.7139      -106.3570     -2894.1204
     4 0 0.5 4S 1( 2.00)       -59.4964       -29.7482      -809.4894
     4 1 0.5 4P 1( 2.00)       -50.7774       -25.3887      -690.8614
     4 1 1.5 4P 1( 4.00)       -42.5700       -21.2850      -579.1949
     3 2 1.5 3D 1( 4.00)      -179.3839       -89.6920     -2440.6429
     3 2 2.5 3D 1( 6.00)      -172.1763       -86.0882     -2342.5784
     5 0 0.5 5S 1( 2.00)        -9.5604        -4.7802      -130.0758
     5 1 0.5 5P 1( 2.00)        -6.6375        -3.3188       -90.3080
     5 1 1.5 5P 1( 4.00)        -5.1515        -2.5758       -70.0902
     4 2 1.5 4D 1( 4.00)       -28.3660       -14.1830      -385.9393
     4 2 2.5 4D 1( 6.00)       -26.8352       -13.4176      -365.1116
     4 3 2.5 4F 1( 6.00)        -8.5019        -4.2509      -115.6739
     4 3 3.5 4F 1( 8.00)        -8.1639        -4.0819      -111.0754
     5 2 1.5 5D 1( 4.00)        -1.1944        -0.5972       -16.2509
     5 2 2.5 5D 1( 6.00)        -1.0333        -0.5167       -14.0592
     6 0 0.5 6S 1( 2.00)        -0.6703        -0.3351        -9.1198
     6 1 0.5 6P 1( 1.00)        -0.2086        -0.1043        -2.8386
     6 1 1.5 6P 1( 0.00)        -0.1358        -0.0679        -1.8482
     Averaged results
     1 0     1S 1( 2.00)     -6283.3904     -3141.6952    -85489.8822
     2 0     2S 1( 2.00)     -1117.7321      -558.8661    -15207.5204
     2 1     2P 1( 6.00)      -971.4867      -485.7433    -13217.7497
     3 0     3S 1( 2.00)      -266.7265      -133.3632     -3628.9984
     3 1     3P 1( 6.00)      -223.9671      -111.9836     -3047.2278
     4 0     4S 1( 2.00)       -59.4964       -29.7482      -809.4894
     4 1     4P 1( 6.00)       -45.3058       -22.6529      -616.4170
     3 2     3D 1(10.00)      -175.0594       -87.5297     -2381.8042
     5 0     5S 1( 2.00)        -9.5604        -4.7802      -130.0758
     5 1     5P 1( 6.00)        -5.6469        -2.8234       -76.8295
     4 2     4D 1(10.00)       -27.4475       -13.7238      -373.4427
     4 3     4F 1(14.00)        -8.3087        -4.1544      -113.0462
     5 2     5D 1(10.00)        -1.0978        -0.5489       -14.9359
     6 0     6S 1( 2.00)        -0.6703        -0.3351        -9.1198
     6 1     6P 1( 1.00)        -0.1601        -0.0801        -2.1783

     final scf error:  6.3E-15 reached in  37 iterations
 
     Etot =  -40577.782523 Ry,  -20288.891261 Ha, -552088.856618 eV

     Ekin =   47041.457770 Ry,   23520.728885 Ha,  640031.638480 eV
     Encl = -102562.803165 Ry,  -51281.401582 Ha,-1395438.025697 eV
     Eh   =   15707.479355 Ry,    7853.739677 Ha,  213711.143838 eV
     Exc  =    -763.916483 Ry,    -381.958241 Ha,  -10393.613238 eV


     normalization and overlap integrals

     s(1S/1S) =  1.000000  <r> =   0.0163  <r2> =    0.0004  r(max) =   0.0100
     s(1S/2S) = -0.000000
     s(1S/3S) = -0.000000
     s(1S/4S) = -0.000000
     s(1S/5S) = -0.000000
     s(1S/6S) = -0.000000
     s(2S/2S) =  1.000000  <r> =   0.0680  <r2> =    0.0055  r(max) =   0.0582
     s(2S/3S) =  0.000000
     s(2S/4S) =  0.000000
     s(2S/5S) =  0.000000
     s(2S/6S) =  0.000000
     s(2P/2P) =  1.000000  <r> =   0.0559  <r2> =    0.0039  r(max) =   0.0431
     s(2P/3P) =  0.000000
     s(2P/4P) =  0.000000
     s(2P/5P) =  0.000000
     s(2P/6P) =  0.000000
     s(2P/2P) =  1.000000  <r> =   0.0647  <r2> =    0.0051  r(max) =   0.0507
     s(2P/3P) =  0.000000
     s(2P/4P) =  0.000000
     s(2P/5P) =  0.000000
     s(2P/6P) =  0.000000
     s(3S/3S) =  1.000000  <r> =   0.1770  <r2> =    0.0360  r(max) =   0.1642
     s(3S/4S) =  0.000000
     s(3S/5S) =  0.000000
     s(3S/6S) =  0.000000
     s(3P/3P) =  1.000000  <r> =   0.1674  <r2> =    0.0327  r(max) =   0.1523
     s(3P/4P) =  0.000000
     s(3P/5P) =  0.000000
     s(3P/6P) =  0.000000
     s(3P/3P) =  1.000000  <r> =   0.1835  <r2> =    0.0391  r(max) =   0.1683
     s(3P/4P) =  0.000000
     s(3P/5P) =  0.000000
     s(3P/6P) =  0.000000
     s(4S/4S) =  1.000000  <r> =   0.3914  <r2> =    0.1731  r(max) =   0.3699
     s(4S/5S) =  0.000000
     s(4S/6S) =  0.000000
     s(4P/4P) =  1.000000  <r> =   0.3931  <r2> =    0.1760  r(max) =   0.3653
     s(4P/5P) =  0.000000
     s(4P/6P) =  0.000000
     s(4P/4P) =  1.000000  <r> =   0.4274  <r2> =    0.2077  r(max) =   0.3987
     s(4P/5P) =  0.000000
     s(4P/6P) =  0.000000
     s(3D/3D) =  1.000000  <r> =   0.1595  <r2> =    0.0299  r(max) =   0.1311
     s(3D/4D) =  0.000000
     s(3D/5D) =  0.000000
     s(3D/3D) =  1.000000  <r> =   0.1644  <r2> =    0.0316  r(max) =   0.1344
     s(3D/4D) = -0.000000
     s(3D/5D) = -0.000000
     s(5S/5S) =  1.000000  <r> =   0.8778  <r2> =    0.8642  r(max) =   0.8131
     s(5S/6S) =  0.000000
     s(5P/5P) =  1.000000  <r> =   0.9419  <r2> =    1.0015  r(max) =   0.8547
     s(5P/6P) =  0.000000
     s(5P/5P) =  1.000000  <r> =   1.0364  <r2> =    1.2140  r(max) =   0.9329
     s(5P/6P) = -0.000000
     s(4D/4D) =  1.000000  <r> =   0.4334  <r2> =    0.2171  r(max) =   0.3889
     s(4D/5D) =  0.000000
     s(4D/4D) =  1.000000  <r> =   0.4445  <r2> =    0.2281  r(max) =   0.3987
     s(4D/5D) = -0.000000
     s(4F/4F) =  1.000000  <r> =   0.4645  <r2> =    0.2594  r(max) =   0.3563
     s(4F/4F) =  1.000000  <r> =   0.4710  <r2> =    0.2667  r(max) =   0.3608
     s(5D/5D) =  1.000000  <r> =   1.3604  <r2> =    2.1765  r(max) =   1.0975
     s(5D/5D) =  1.000000  <r> =   1.4183  <r2> =    2.3748  r(max) =   1.1253
     s(6S/6S) =  1.000000  <r> =   2.4947  <r2> =    7.1227  r(max) =   2.0762
     s(6P/6P) =  1.000000  <r> =   3.4695  <r2> =   14.2906  r(max) =   2.6328
     s(6P/6P) =  1.000000  <r> =   4.1397  <r2> =   20.4788  r(max) =   3.0974

     ------------------------ End of All-electron run ------------------------


     ---------------------- Testing the pseudopotential ----------------------

     Tl                                                                         
     dirac relativistic calculation

     atomic number is 81.00   valence charge is 13.00
     dft = SLA  PW   PBX  PBC   lsd =0 sic =0 latt =0  beta=0.20 tr2=1.0E-14
     mesh =1281 r(mesh) = 100.03807 xmin = -7.00 dx = 0.01250

     n l  j  nl             e AE (Ry)       e PS (Ry)    De AE-PS (Ry) 
     1 0 0.5 6S   1( 2.00)       -0.67029       -0.67030        0.00000
     2 1 0.5 6P   1( 1.00)       -0.20863       -0.20863       -0.00000
     2 1 1.5 6P   1( 0.00)       -0.13584       -0.13584        0.00000
     3 2 1.5 5D   1( 4.00)       -1.19442       -1.19442        0.00000
     3 2 2.5 5D   1( 6.00)       -1.03333       -1.03333        0.00000

     eps = 4.7E-17  iter =  4
 
     Etot =  -40577.782523 Ry,  -20288.891261 Ha, -552088.856618 eV
     Etotps =  -843.819411 Ry,    -421.909705 Ha,  -11480.747952 eV

     Ekin =     227.240768 Ry,     113.620384 Ha,    3091.768161 eV
     Encl =    -399.199381 Ry,    -199.599691 Ha,   -5431.384277 eV
     Ehrt =      92.055686 Ry,      46.027843 Ha,    1252.481416 eV
     Ecxc =    -763.916484 Ry,    -381.958242 Ha,  -10393.613252 eV
     (Ecc =     -19.690127 Ry,      -9.845064 Ha,    -267.897830 eV)

     ---------------------- End of pseudopotential test ----------------------

