[0] MPI startup(): I_MPI_SHM_LMT environment variable is not supported.
[0] MPI startup(): Similar variables:
	 I_MPI_SHM_HEAP
	 I_MPI_SHM
	 I_MPI_SHM_OPT
	 I_MPI_SHM_THP
[0] MPI startup(): To check the list of supported variables, use the impi_info utility or refer to https://software.intel.com/en-us/mpi-library/documentation/get-started.

     Program LD1 v.7.3.1 starts on 19Sep2024 at 21:49:29 

     This program is part of the open-source Quantum ESPRESSO suite
     for quantum simulation of materials; please cite
         "P. Giannozzi et al., J. Phys.:Condens. Matter 21 395502 (2009);
         "P. Giannozzi et al., J. Phys.:Condens. Matter 29 465901 (2017);
         "P. Giannozzi et al., J. Chem. Phys. 152 154105 (2020);
          URL http://www.quantum-espresso.org", 
     in publications or presentations arising from this work. More details at
     http://www.quantum-espresso.org/quote

     Parallel version (MPI), running on     1 processors

     MPI processes distributed on     1 nodes
     89304 MiB available memory on the printing compute node when the environment starts
 
     Waiting for input...
     Reading input from standard input
     --------------------------- All-electron run ----------------------------

     Tl                                                                         
     dirac relativistic calculation

     atomic number is 81.00
     dft =PBE   lsd =0 sic =0 latt =0  beta=0.20 tr2=1.0E-14
     Exchange-correlation= PBE
                           (   1   4   3   4   0   0   0)
     mesh =1281 r(mesh) = 100.03807 a.u. xmin = -7.00 dx = 0.01250
     1 Ry =  13.60569312 eV, c = 137.03599908

     n l j   nl                  e(Ry)          e(Ha)          e(eV)
     Spin orbit split results
     1 0 0.5 1S 1( 2.00)     -6283.3904     -3141.6952    -85489.8822
     2 0 0.5 2S 1( 2.00)     -1117.7321      -558.8661    -15207.5204
     2 1 0.5 2P 1( 2.00)     -1072.7193      -536.3596    -14595.0890
     2 1 1.5 2P 1( 4.00)      -920.8704      -460.4352    -12529.0801
     3 0 0.5 3S 1( 2.00)      -266.7265      -133.3632     -3628.9984
     3 1 0.5 3P 1( 2.00)      -246.4735      -123.2367     -3353.4425
     3 1 1.5 3P 1( 4.00)      -212.7139      -106.3570     -2894.1204
     4 0 0.5 4S 1( 2.00)       -59.4964       -29.7482      -809.4894
     4 1 0.5 4P 1( 2.00)       -50.7774       -25.3887      -690.8614
     4 1 1.5 4P 1( 4.00)       -42.5700       -21.2850      -579.1949
     3 2 1.5 3D 1( 4.00)      -179.3839       -89.6920     -2440.6429
     3 2 2.5 3D 1( 6.00)      -172.1763       -86.0882     -2342.5784
     5 0 0.5 5S 1( 2.00)        -9.5604        -4.7802      -130.0758
     5 1 0.5 5P 1( 2.00)        -6.6375        -3.3188       -90.3080
     5 1 1.5 5P 1( 4.00)        -5.1515        -2.5758       -70.0902
     4 2 1.5 4D 1( 4.00)       -28.3660       -14.1830      -385.9393
     4 2 2.5 4D 1( 6.00)       -26.8352       -13.4176      -365.1116
     4 3 2.5 4F 1( 6.00)        -8.5019        -4.2509      -115.6739
     4 3 3.5 4F 1( 8.00)        -8.1639        -4.0819      -111.0754
     5 2 1.5 5D 1( 4.00)        -1.1944        -0.5972       -16.2509
     5 2 2.5 5D 1( 6.00)        -1.0333        -0.5167       -14.0592
     6 0 0.5 6S 1( 2.00)        -0.6703        -0.3351        -9.1198
     6 1 0.5 6P 1( 1.00)        -0.2086        -0.1043        -2.8386
     6 1 1.5 6P 1( 0.00)        -0.1358        -0.0679        -1.8482
     Averaged results
     1 0     1S 1( 2.00)     -6283.3904     -3141.6952    -85489.8822
     2 0     2S 1( 2.00)     -1117.7321      -558.8661    -15207.5204
     2 1     2P 1( 6.00)      -971.4867      -485.7433    -13217.7497
     3 0     3S 1( 2.00)      -266.7265      -133.3632     -3628.9984
     3 1     3P 1( 6.00)      -223.9671      -111.9836     -3047.2278
     4 0     4S 1( 2.00)       -59.4964       -29.7482      -809.4894
     4 1     4P 1( 6.00)       -45.3058       -22.6529      -616.4170
     3 2     3D 1(10.00)      -175.0594       -87.5297     -2381.8042
     5 0     5S 1( 2.00)        -9.5604        -4.7802      -130.0758
     5 1     5P 1( 6.00)        -5.6469        -2.8234       -76.8295
     4 2     4D 1(10.00)       -27.4475       -13.7238      -373.4427
     4 3     4F 1(14.00)        -8.3087        -4.1544      -113.0462
     5 2     5D 1(10.00)        -1.0978        -0.5489       -14.9359
     6 0     6S 1( 2.00)        -0.6703        -0.3351        -9.1198
     6 1     6P 1( 1.00)        -0.1601        -0.0801        -2.1783

     final scf error:  6.3E-15 reached in  37 iterations
 
     Etot =  -40577.782523 Ry,  -20288.891261 Ha, -552088.856618 eV

     Ekin =   47041.457770 Ry,   23520.728885 Ha,  640031.638480 eV
     Encl = -102562.803165 Ry,  -51281.401582 Ha,-1395438.025697 eV
     Eh   =   15707.479355 Ry,    7853.739677 Ha,  213711.143838 eV
     Exc  =    -763.916483 Ry,    -381.958241 Ha,  -10393.613238 eV


     normalization and overlap integrals

     s(1S/1S) =  1.000000  <r> =   0.0163  <r2> =    0.0004  r(max) =   0.0100
     s(1S/2S) = -0.000000
     s(1S/3S) = -0.000000
     s(1S/4S) = -0.000000
     s(1S/5S) = -0.000000
     s(1S/6S) = -0.000000
     s(2S/2S) =  1.000000  <r> =   0.0680  <r2> =    0.0055  r(max) =   0.0582
     s(2S/3S) =  0.000000
     s(2S/4S) =  0.000000
     s(2S/5S) =  0.000000
     s(2S/6S) =  0.000000
     s(2P/2P) =  1.000000  <r> =   0.0559  <r2> =    0.0039  r(max) =   0.0431
     s(2P/3P) =  0.000000
     s(2P/4P) =  0.000000
     s(2P/5P) =  0.000000
     s(2P/6P) =  0.000000
     s(2P/2P) =  1.000000  <r> =   0.0647  <r2> =    0.0051  r(max) =   0.0507
     s(2P/3P) =  0.000000
     s(2P/4P) =  0.000000
     s(2P/5P) =  0.000000
     s(2P/6P) =  0.000000
     s(3S/3S) =  1.000000  <r> =   0.1770  <r2> =    0.0360  r(max) =   0.1642
     s(3S/4S) =  0.000000
     s(3S/5S) =  0.000000
     s(3S/6S) =  0.000000
     s(3P/3P) =  1.000000  <r> =   0.1674  <r2> =    0.0327  r(max) =   0.1523
     s(3P/4P) =  0.000000
     s(3P/5P) =  0.000000
     s(3P/6P) =  0.000000
     s(3P/3P) =  1.000000  <r> =   0.1835  <r2> =    0.0391  r(max) =   0.1683
     s(3P/4P) =  0.000000
     s(3P/5P) =  0.000000
     s(3P/6P) =  0.000000
     s(4S/4S) =  1.000000  <r> =   0.3914  <r2> =    0.1731  r(max) =   0.3699
     s(4S/5S) =  0.000000
     s(4S/6S) =  0.000000
     s(4P/4P) =  1.000000  <r> =   0.3931  <r2> =    0.1760  r(max) =   0.3653
     s(4P/5P) =  0.000000
     s(4P/6P) =  0.000000
     s(4P/4P) =  1.000000  <r> =   0.4274  <r2> =    0.2077  r(max) =   0.3987
     s(4P/5P) =  0.000000
     s(4P/6P) =  0.000000
     s(3D/3D) =  1.000000  <r> =   0.1595  <r2> =    0.0299  r(max) =   0.1311
     s(3D/4D) =  0.000000
     s(3D/5D) =  0.000000
     s(3D/3D) =  1.000000  <r> =   0.1644  <r2> =    0.0316  r(max) =   0.1344
     s(3D/4D) = -0.000000
     s(3D/5D) = -0.000000
     s(5S/5S) =  1.000000  <r> =   0.8778  <r2> =    0.8642  r(max) =   0.8131
     s(5S/6S) =  0.000000
     s(5P/5P) =  1.000000  <r> =   0.9419  <r2> =    1.0015  r(max) =   0.8547
     s(5P/6P) =  0.000000
     s(5P/5P) =  1.000000  <r> =   1.0364  <r2> =    1.2140  r(max) =   0.9329
     s(5P/6P) = -0.000000
     s(4D/4D) =  1.000000  <r> =   0.4334  <r2> =    0.2171  r(max) =   0.3889
     s(4D/5D) =  0.000000
     s(4D/4D) =  1.000000  <r> =   0.4445  <r2> =    0.2281  r(max) =   0.3987
     s(4D/5D) = -0.000000
     s(4F/4F) =  1.000000  <r> =   0.4645  <r2> =    0.2594  r(max) =   0.3563
     s(4F/4F) =  1.000000  <r> =   0.4710  <r2> =    0.2667  r(max) =   0.3608
     s(5D/5D) =  1.000000  <r> =   1.3604  <r2> =    2.1765  r(max) =   1.0975
     s(5D/5D) =  1.000000  <r> =   1.4183  <r2> =    2.3748  r(max) =   1.1253
     s(6S/6S) =  1.000000  <r> =   2.4947  <r2> =    7.1227  r(max) =   2.0762
     s(6P/6P) =  1.000000  <r> =   3.4695  <r2> =   14.2906  r(max) =   2.6328
     s(6P/6P) =  1.000000  <r> =   4.1397  <r2> =   20.4788  r(max) =   3.0974

     ------------------------ End of All-electron run ------------------------


     --------------------- Generating US pseudopotential ---------------------


      Generating local potential from pseudized AE potential:
      Matching radius rcloc =   2.2000

      Local pseudo, rcloc= 2.183 Estimated cut-off energy=     5.29 Ry

      Computing core charge for nlcc: 

       r > 1.50 : true rho core
      Core charge pseudized with two Bessel functions
      Integrated core pseudo-charge :  11.14

     Fully relativistic calculation: |psi|^2

     Wfc 6S LC norm =  0.99991735 SC norm =  0.00008074 missing  0.00000191

     Wfc 6P LC norm =  0.99995963 SC norm =  0.00004025 missing  0.00000012

     Wfc 6P LC norm =  0.99997280 SC norm =  0.00002371 missing  0.00000348

     Wfc 5D LC norm =  0.99971268 SC norm =  0.00028729 missing  0.00000003

     Wfc 5D LC norm =  0.99973387 SC norm =  0.00026562 missing  0.00000051
      Wfc-us  6S rcutus= 2.025  Estimated cut-off energy=    10.71 Ry
      Wfc-us  6S rcutus= 2.025  Estimated cut-off energy=    21.71 Ry
      Wfc-us  6P rcutus= 2.600  Estimated cut-off energy=    11.04 Ry
      Wfc-us  6P rcutus= 2.600  Estimated cut-off energy=    10.74 Ry
      Wfc-us  6P rcutus= 2.600  Estimated cut-off energy=    11.56 Ry
      Wfc-us  6P rcutus= 2.600  Estimated cut-off energy=    10.20 Ry
      Wfc-us  5D rcutus= 2.025  Estimated cut-off energy=    29.15 Ry
      Wfc-us  5D rcutus= 2.025  Estimated cut-off energy=    28.99 Ry
      Wfc-us  5D rcutus= 2.025  Estimated cut-off energy=    36.76 Ry
      Wfc-us  5D rcutus= 2.025  Estimated cut-off energy=    33.01 Ry

      The bmat matrix
     0.89594     1.30161     0.00000     0.00000     0.00000     0.00000
     0.00000     0.00000     0.00000     0.00000
     0.94093     1.49680     0.00000     0.00000     0.00000     0.00000
     0.00000     0.00000     0.00000     0.00000
     0.00000     0.00000     0.41164     0.00000     1.77919     0.00000
     0.00000     0.00000     0.00000     0.00000
     0.00000     0.00000     0.00000     0.23265     0.00000     1.43056
     0.00000     0.00000     0.00000     0.00000
     0.00000     0.00000     0.73981     0.00000     4.20164     0.00000
     0.00000     0.00000     0.00000     0.00000
     0.00000     0.00000     0.00000     0.65106     0.00000     5.40095
     0.00000     0.00000     0.00000     0.00000
     0.00000     0.00000     0.00000     0.00000     0.00000     0.00000
    -1.41527     0.00000    -0.89543     0.00000
     0.00000     0.00000     0.00000     0.00000     0.00000     0.00000
     0.00000    -1.33189     0.00000    -0.80254
     0.00000     0.00000     0.00000     0.00000     0.00000     0.00000
    -0.78897     0.00000    -0.51141     0.00000
     0.00000     0.00000     0.00000     0.00000     0.00000     0.00000
     0.00000    -0.73351     0.00000    -0.44428

      The bmat + epsilon qq matrix
     0.93517     0.98007     0.00000     0.00000     0.00000     0.00000
     0.00000     0.00000     0.00000     0.00000
     0.98012     1.20263     0.00000     0.00000     0.00000     0.00000
     0.00000     0.00000     0.00000     0.00000
     0.00000     0.00000     0.42415     0.00000     0.77220     0.00000
     0.00000     0.00000     0.00000     0.00000
     0.00000     0.00000     0.00000     0.23568     0.00000     0.66708
     0.00000     0.00000     0.00000     0.00000
     0.00000     0.00000     0.77213     0.00000     1.25838     0.00000
     0.00000     0.00000     0.00000     0.00000
     0.00000     0.00000     0.00000     0.66702     0.00000     1.64503
     0.00000     0.00000     0.00000     0.00000
     0.00000     0.00000     0.00000     0.00000     0.00000     0.00000
    -1.79840     0.00000    -1.00290     0.00000
     0.00000     0.00000     0.00000     0.00000     0.00000     0.00000
     0.00000    -1.61726     0.00000    -0.89812
     0.00000     0.00000     0.00000     0.00000     0.00000     0.00000
    -1.00289     0.00000    -0.57130     0.00000
     0.00000     0.00000     0.00000     0.00000     0.00000     0.00000
     0.00000    -0.89812     0.00000    -0.49942

      The qq matrix
    -0.05853    -0.05846     0.00000     0.00000     0.00000     0.00000
     0.00000     0.00000     0.00000     0.00000
    -0.05846    -0.05349     0.00000     0.00000     0.00000     0.00000
     0.00000     0.00000     0.00000     0.00000
     0.00000     0.00000    -0.05999     0.00000    -0.15492     0.00000
     0.00000     0.00000     0.00000     0.00000
     0.00000     0.00000     0.00000    -0.02230     0.00000    -0.11746
     0.00000     0.00000     0.00000     0.00000
     0.00000     0.00000    -0.15492     0.00000    -0.45281     0.00000
     0.00000     0.00000     0.00000     0.00000
     0.00000     0.00000     0.00000    -0.11746     0.00000    -0.57783
     0.00000     0.00000     0.00000     0.00000
     0.00000     0.00000     0.00000     0.00000     0.00000     0.00000
     0.32077     0.00000     0.17911     0.00000
     0.00000     0.00000     0.00000     0.00000     0.00000     0.00000
     0.00000     0.27616     0.00000     0.15930
     0.00000     0.00000     0.00000     0.00000     0.00000     0.00000
     0.17911     0.00000     0.09981     0.00000
     0.00000     0.00000     0.00000     0.00000     0.00000     0.00000
     0.00000     0.15930     0.00000     0.09190

     Q pseudized with Bessel functions
     Expected ecutrho=     150.5013 due to l1=  2   l2=  2

      The ddd matrix
     0.78660     0.83164     0.00000     0.00000     0.00000     0.00000
     0.00000     0.00000     0.00000     0.00000
     0.83164     1.02723     0.00000     0.00000     0.00000     0.00000
     0.00000     0.00000     0.00000     0.00000
     0.00000     0.00000     0.26710     0.00000     0.10237     0.00000
     0.00000     0.00000     0.00000     0.00000
     0.00000     0.00000     0.00000     0.24331     0.00000     0.27320
     0.00000     0.00000     0.00000     0.00000
     0.00000     0.00000     0.10237     0.00000    -1.16501     0.00000
     0.00000     0.00000     0.00000     0.00000
     0.00000     0.00000     0.00000     0.27320     0.00000    -1.13724
     0.00000     0.00000     0.00000     0.00000
     0.00000     0.00000     0.00000     0.00000     0.00000     0.00000
     0.32086     0.00000     0.22470     0.00000
     0.00000     0.00000     0.00000     0.00000     0.00000     0.00000
     0.00000     0.16771     0.00000     0.15790
     0.00000     0.00000     0.00000     0.00000     0.00000     0.00000
     0.22470     0.00000     0.13299     0.00000
     0.00000     0.00000     0.00000     0.00000     0.00000     0.00000
     0.00000     0.15790     0.00000     0.12132

     ------------------- End of pseudopotential generation -------------------

     --------------------------- All-electron run ----------------------------

     Tl                                                                         
     dirac relativistic calculation

     atomic number is 81.00
     dft =PBE   lsd =0 sic =0 latt =0  beta=0.20 tr2=1.0E-14
     Exchange-correlation= PBE
                           (   1   4   3   4   0   0   0)
     mesh =1281 r(mesh) = 100.03807 a.u. xmin = -7.00 dx = 0.01250
     1 Ry =  13.60569312 eV, c = 137.03599908

     n l j   nl                  e(Ry)          e(Ha)          e(eV)
     Spin orbit split results
     1 0 0.5 1S 1( 2.00)     -6283.3904     -3141.6952    -85489.8822
     2 0 0.5 2S 1( 2.00)     -1117.7321      -558.8661    -15207.5204
     2 1 0.5 2P 1( 2.00)     -1072.7193      -536.3596    -14595.0890
     2 1 1.5 2P 1( 4.00)      -920.8704      -460.4352    -12529.0801
     3 0 0.5 3S 1( 2.00)      -266.7265      -133.3632     -3628.9984
     3 1 0.5 3P 1( 2.00)      -246.4735      -123.2367     -3353.4425
     3 1 1.5 3P 1( 4.00)      -212.7139      -106.3570     -2894.1204
     4 0 0.5 4S 1( 2.00)       -59.4964       -29.7482      -809.4894
     4 1 0.5 4P 1( 2.00)       -50.7774       -25.3887      -690.8614
     4 1 1.5 4P 1( 4.00)       -42.5700       -21.2850      -579.1949
     3 2 1.5 3D 1( 4.00)      -179.3839       -89.6920     -2440.6429
     3 2 2.5 3D 1( 6.00)      -172.1763       -86.0882     -2342.5784
     5 0 0.5 5S 1( 2.00)        -9.5604        -4.7802      -130.0758
     5 1 0.5 5P 1( 2.00)        -6.6375        -3.3188       -90.3080
     5 1 1.5 5P 1( 4.00)        -5.1515        -2.5758       -70.0902
     4 2 1.5 4D 1( 4.00)       -28.3660       -14.1830      -385.9393
     4 2 2.5 4D 1( 6.00)       -26.8352       -13.4176      -365.1116
     4 3 2.5 4F 1( 6.00)        -8.5019        -4.2509      -115.6739
     4 3 3.5 4F 1( 8.00)        -8.1639        -4.0819      -111.0754
     5 2 1.5 5D 1( 4.00)        -1.1944        -0.5972       -16.2509
     5 2 2.5 5D 1( 6.00)        -1.0333        -0.5167       -14.0592
     6 0 0.5 6S 1( 2.00)        -0.6703        -0.3351        -9.1198
     6 1 0.5 6P 1( 1.00)        -0.2086        -0.1043        -2.8386
     6 1 1.5 6P 1( 0.00)        -0.1358        -0.0679        -1.8482
     Averaged results
     1 0     1S 1( 2.00)     -6283.3904     -3141.6952    -85489.8822
     2 0     2S 1( 2.00)     -1117.7321      -558.8661    -15207.5204
     2 1     2P 1( 6.00)      -971.4867      -485.7433    -13217.7497
     3 0     3S 1( 2.00)      -266.7265      -133.3632     -3628.9984
     3 1     3P 1( 6.00)      -223.9671      -111.9836     -3047.2278
     4 0     4S 1( 2.00)       -59.4964       -29.7482      -809.4894
     4 1     4P 1( 6.00)       -45.3058       -22.6529      -616.4170
     3 2     3D 1(10.00)      -175.0594       -87.5297     -2381.8042
     5 0     5S 1( 2.00)        -9.5604        -4.7802      -130.0758
     5 1     5P 1( 6.00)        -5.6469        -2.8234       -76.8295
     4 2     4D 1(10.00)       -27.4475       -13.7238      -373.4427
     4 3     4F 1(14.00)        -8.3087        -4.1544      -113.0462
     5 2     5D 1(10.00)        -1.0978        -0.5489       -14.9359
     6 0     6S 1( 2.00)        -0.6703        -0.3351        -9.1198
     6 1     6P 1( 1.00)        -0.1601        -0.0801        -2.1783

     final scf error:  6.3E-15 reached in  37 iterations
 
     Etot =  -40577.782523 Ry,  -20288.891261 Ha, -552088.856618 eV

     Ekin =   47041.457770 Ry,   23520.728885 Ha,  640031.638480 eV
     Encl = -102562.803165 Ry,  -51281.401582 Ha,-1395438.025697 eV
     Eh   =   15707.479355 Ry,    7853.739677 Ha,  213711.143838 eV
     Exc  =    -763.916483 Ry,    -381.958241 Ha,  -10393.613238 eV


     normalization and overlap integrals

     s(1S/1S) =  1.000000  <r> =   0.0163  <r2> =    0.0004  r(max) =   0.0100
     s(1S/2S) = -0.000000
     s(1S/3S) = -0.000000
     s(1S/4S) = -0.000000
     s(1S/5S) = -0.000000
     s(1S/6S) = -0.000000
     s(2S/2S) =  1.000000  <r> =   0.0680  <r2> =    0.0055  r(max) =   0.0582
     s(2S/3S) =  0.000000
     s(2S/4S) =  0.000000
     s(2S/5S) =  0.000000
     s(2S/6S) =  0.000000
     s(2P/2P) =  1.000000  <r> =   0.0559  <r2> =    0.0039  r(max) =   0.0431
     s(2P/3P) =  0.000000
     s(2P/4P) =  0.000000
     s(2P/5P) =  0.000000
     s(2P/6P) =  0.000000
     s(2P/2P) =  1.000000  <r> =   0.0647  <r2> =    0.0051  r(max) =   0.0507
     s(2P/3P) =  0.000000
     s(2P/4P) =  0.000000
     s(2P/5P) =  0.000000
     s(2P/6P) =  0.000000
     s(3S/3S) =  1.000000  <r> =   0.1770  <r2> =    0.0360  r(max) =   0.1642
     s(3S/4S) =  0.000000
     s(3S/5S) =  0.000000
     s(3S/6S) =  0.000000
     s(3P/3P) =  1.000000  <r> =   0.1674  <r2> =    0.0327  r(max) =   0.1523
     s(3P/4P) =  0.000000
     s(3P/5P) =  0.000000
     s(3P/6P) =  0.000000
     s(3P/3P) =  1.000000  <r> =   0.1835  <r2> =    0.0391  r(max) =   0.1683
     s(3P/4P) =  0.000000
     s(3P/5P) =  0.000000
     s(3P/6P) =  0.000000
     s(4S/4S) =  1.000000  <r> =   0.3914  <r2> =    0.1731  r(max) =   0.3699
     s(4S/5S) =  0.000000
     s(4S/6S) =  0.000000
     s(4P/4P) =  1.000000  <r> =   0.3931  <r2> =    0.1760  r(max) =   0.3653
     s(4P/5P) =  0.000000
     s(4P/6P) =  0.000000
     s(4P/4P) =  1.000000  <r> =   0.4274  <r2> =    0.2077  r(max) =   0.3987
     s(4P/5P) =  0.000000
     s(4P/6P) =  0.000000
     s(3D/3D) =  1.000000  <r> =   0.1595  <r2> =    0.0299  r(max) =   0.1311
     s(3D/4D) =  0.000000
     s(3D/5D) =  0.000000
     s(3D/3D) =  1.000000  <r> =   0.1644  <r2> =    0.0316  r(max) =   0.1344
     s(3D/4D) = -0.000000
     s(3D/5D) = -0.000000
     s(5S/5S) =  1.000000  <r> =   0.8778  <r2> =    0.8642  r(max) =   0.8131
     s(5S/6S) =  0.000000
     s(5P/5P) =  1.000000  <r> =   0.9419  <r2> =    1.0015  r(max) =   0.8547
     s(5P/6P) =  0.000000
     s(5P/5P) =  1.000000  <r> =   1.0364  <r2> =    1.2140  r(max) =   0.9329
     s(5P/6P) = -0.000000
     s(4D/4D) =  1.000000  <r> =   0.4334  <r2> =    0.2171  r(max) =   0.3889
     s(4D/5D) =  0.000000
     s(4D/4D) =  1.000000  <r> =   0.4445  <r2> =    0.2281  r(max) =   0.3987
     s(4D/5D) = -0.000000
     s(4F/4F) =  1.000000  <r> =   0.4645  <r2> =    0.2594  r(max) =   0.3563
     s(4F/4F) =  1.000000  <r> =   0.4710  <r2> =    0.2667  r(max) =   0.3608
     s(5D/5D) =  1.000000  <r> =   1.3604  <r2> =    2.1765  r(max) =   1.0975
     s(5D/5D) =  1.000000  <r> =   1.4183  <r2> =    2.3748  r(max) =   1.1253
     s(6S/6S) =  1.000000  <r> =   2.4947  <r2> =    7.1227  r(max) =   2.0762
     s(6P/6P) =  1.000000  <r> =   3.4695  <r2> =   14.2906  r(max) =   2.6328
     s(6P/6P) =  1.000000  <r> =   4.1397  <r2> =   20.4788  r(max) =   3.0974

     ------------------------ End of All-electron run ------------------------


     ---------------------- Testing the pseudopotential ----------------------

     Tl                                                                         
     dirac relativistic calculation

     atomic number is 81.00   valence charge is 13.00
     dft =PBE   lsd =0 sic =0 latt =0  beta=0.20 tr2=1.0E-14
     mesh =1281 r(mesh) = 100.03807 xmin = -7.00 dx = 0.01250

     n l  j  nl             e AE (Ry)       e PS (Ry)    De AE-PS (Ry) 
     1 0 0.5 6S   1( 2.00)       -0.67029       -0.67030        0.00000
     2 1 0.5 6P   1( 1.00)       -0.20863       -0.20863       -0.00000
     2 1 1.5 6P   1( 0.00)       -0.13584       -0.13584        0.00000
     3 2 1.5 5D   1( 4.00)       -1.19442       -1.19442        0.00000
     3 2 2.5 5D   1( 6.00)       -1.03333       -1.03333        0.00000

     eps = 4.0E-16  iter =  4
 
     Etot =  -40577.782523 Ry,  -20288.891261 Ha, -552088.856618 eV
     Etotps =  -121.745890 Ry,     -60.872945 Ha,   -1656.437215 eV

     Ekin =      34.457811 Ry,      17.228905 Ha,     468.822397 eV
     Encl =    -214.147658 Ry,    -107.073829 Ha,   -2913.627317 eV
     Ehrt =      91.871720 Ry,      45.935860 Ha,    1249.978433 eV
     Ecxc =     -38.057762 Ry,     -19.028881 Ha,    -517.802227 eV
     (Ecc =     -19.690127 Ry,      -9.845064 Ha,    -267.897830 eV)
     Epseu=       4.129999 Ry,       2.064999 Ha,      56.191499 eV

     ---------------------- End of pseudopotential test ----------------------

