[0] MPI startup(): I_MPI_SHM_LMT environment variable is not supported.
[0] MPI startup(): Similar variables:
	 I_MPI_SHM_HEAP
	 I_MPI_SHM
	 I_MPI_SHM_OPT
	 I_MPI_SHM_THP
[0] MPI startup(): To check the list of supported variables, use the impi_info utility or refer to https://software.intel.com/en-us/mpi-library/documentation/get-started.

     Program LD1 v.7.3.1 starts on 19Sep2024 at 21:49:31 

     This program is part of the open-source Quantum ESPRESSO suite
     for quantum simulation of materials; please cite
         "P. Giannozzi et al., J. Phys.:Condens. Matter 21 395502 (2009);
         "P. Giannozzi et al., J. Phys.:Condens. Matter 29 465901 (2017);
         "P. Giannozzi et al., J. Chem. Phys. 152 154105 (2020);
          URL http://www.quantum-espresso.org", 
     in publications or presentations arising from this work. More details at
     http://www.quantum-espresso.org/quote

     Parallel version (MPI), running on     1 processors

     MPI processes distributed on     1 nodes
     89299 MiB available memory on the printing compute node when the environment starts
 
     Waiting for input...
     Reading input from standard input
     --------------------------- All-electron run ----------------------------

     Y                                                                          
     dirac relativistic calculation

     atomic number is 39.00
     dft =PBE   lsd =0 sic =0 latt =0  beta=0.20 tr2=1.0E-14
     Exchange-correlation= PBE
                           (   1   4   3   4   0   0   0)
     mesh =1223 r(mesh) = 100.62879 a.u. xmin = -7.00 dx = 0.01250
     1 Ry =  13.60569312 eV, c = 137.03599908

     n l j   nl                  e(Ry)          e(Ha)          e(eV)
     Spin orbit split results
     1 0 0.5 1S 1( 2.00)     -1239.2072      -619.6036    -16860.2725
     2 0 0.5 2S 1( 2.00)      -169.7875       -84.8938     -2310.0768
     2 1 0.5 2P 1( 2.00)      -154.9831       -77.4916     -2108.6532
     2 1 1.5 2P 1( 4.00)      -149.3420       -74.6710     -2031.9019
     3 0 0.5 3S 1( 2.00)       -27.1018       -13.5509      -368.7387
     3 1 0.5 3P 1( 2.00)       -21.6570       -10.8285      -294.6582
     3 1 1.5 3P 1( 4.00)       -20.7753       -10.3876      -282.6619
     4 0 0.5 4S 1( 2.00)        -3.5234        -1.7617       -47.9389
     4 1 0.5 4P 1( 2.00)        -2.1214        -1.0607       -28.8637
     4 1 1.5 4P 1( 4.00)        -2.0147        -1.0073       -27.4108
     3 2 1.5 3D 1( 4.00)       -11.1978        -5.5989      -152.3532
     3 2 2.5 3D 1( 6.00)       -11.0401        -5.5201      -150.2083
     4 2 1.5 4D 1( 1.00)        -0.1874        -0.0937        -2.5504
     4 2 2.5 4D 1( 0.00)        -0.1811        -0.0905        -2.4638
     5 0 0.5 5S 1( 2.00)        -0.3008        -0.1504        -4.0933
     5 1 0.5 5P 1( 0.00)        -0.1097        -0.0548        -1.4920
     5 1 1.5 5P 1( 0.00)        -0.1036        -0.0518        -1.4101
     Averaged results
     1 0     1S 1( 2.00)     -1239.2072      -619.6036    -16860.2725
     2 0     2S 1( 2.00)      -169.7875       -84.8938     -2310.0768
     2 1     2P 1( 6.00)      -151.2224       -75.6112     -2057.4856
     3 0     3S 1( 2.00)       -27.1018       -13.5509      -368.7387
     3 1     3P 1( 6.00)       -21.0692       -10.5346      -286.6607
     4 0     4S 1( 2.00)        -3.5234        -1.7617       -47.9389
     4 1     4P 1( 6.00)        -2.0503        -1.0251       -27.8951
     3 2     3D 1(10.00)       -11.1032        -5.5516      -151.0662
     4 2     4D 1( 1.00)        -0.1836        -0.0918        -2.4984
     5 0     5S 1( 2.00)        -0.3008        -0.1504        -4.0933
     5 1     5P 1( 0.00)        -0.1056        -0.0528        -1.4374

     final scf error:  3.3E-15 reached in  38 iterations
 
     Etot =   -6771.115575 Ry,   -3385.557788 Ha,  -92125.720616 eV

     Ekin =    6986.056661 Ry,    3493.028331 Ha,   95050.143074 eV
     Encl =  -16338.412159 Ry,   -8169.206079 Ha, -222295.421948 eV
     Eh   =    2800.276290 Ry,    1400.138145 Ha,   38099.699859 eV
     Exc  =    -219.036368 Ry,    -109.518184 Ha,   -2980.141600 eV


     normalization and overlap integrals

     s(1S/1S) =  1.000000  <r> =   0.0381  <r2> =    0.0020  r(max) =   0.0247
     s(1S/2S) =  0.000000
     s(1S/3S) = -0.000000
     s(1S/4S) =  0.000000
     s(1S/5S) =  0.000000
     s(2S/2S) =  1.000000  <r> =   0.1671  <r2> =    0.0330  r(max) =   0.1404
     s(2S/3S) =  0.000000
     s(2S/4S) =  0.000000
     s(2S/5S) =  0.000000
     s(2P/2P) =  1.000000  <r> =   0.1429  <r2> =    0.0251  r(max) =   0.1107
     s(2P/3P) =  0.000000
     s(2P/4P) =  0.000000
     s(2P/5P) =  0.000000
     s(2P/2P) =  1.000000  <r> =   0.1472  <r2> =    0.0265  r(max) =   0.1135
     s(2P/3P) =  0.000000
     s(2P/4P) =  0.000000
     s(2P/5P) =  0.000000
     s(3S/3S) =  1.000000  <r> =   0.4745  <r2> =    0.2585  r(max) =   0.4217
     s(3S/4S) =  0.000000
     s(3S/5S) =  0.000000
     s(3P/3P) =  1.000000  <r> =   0.4725  <r2> =    0.2606  r(max) =   0.4112
     s(3P/4P) =  0.000000
     s(3P/5P) =  0.000000
     s(3P/3P) =  1.000000  <r> =   0.4829  <r2> =    0.2721  r(max) =   0.4217
     s(3P/4P) =  0.000000
     s(3P/5P) =  0.000000
     s(4S/4S) =  1.000000  <r> =   1.2792  <r2> =    1.8581  r(max) =   1.1319
     s(4S/5S) =  0.000000
     s(4P/4P) =  1.000000  <r> =   1.4359  <r2> =    2.3715  r(max) =   1.2355
     s(4P/5P) =  0.000000
     s(4P/4P) =  1.000000  <r> =   1.4680  <r2> =    2.4796  r(max) =   1.2510
     s(4P/5P) = -0.000000
     s(3D/3D) =  1.000000  <r> =   0.4721  <r2> =    0.2707  r(max) =   0.3584
     s(3D/4D) = -0.000000
     s(3D/3D) =  1.000000  <r> =   0.4757  <r2> =    0.2747  r(max) =   0.3629
     s(3D/4D) = -0.000000
     s(4D/4D) =  1.000000  <r> =   2.6731  <r2> =    9.0922  r(max) =   1.7752
     s(4D/4D) =  1.000000  <r> =   2.7087  <r2> =    9.3443  r(max) =   1.7976
     s(5S/5S) =  1.000000  <r> =   3.9657  <r2> =   17.9408  r(max) =   3.3583
     s(5P/5P) =  1.000000  <r> =   5.3538  <r2> =   33.2156  r(max) =   4.3664
     s(5P/5P) =  1.000000  <r> =   5.4751  <r2> =   34.7364  r(max) =   4.4213

     ------------------------ End of All-electron run ------------------------


     --------------------- Generating US pseudopotential ---------------------


      Generating local potential from pseudized AE potential:
      Matching radius rcloc =   2.4000

      Local pseudo, rcloc= 2.426 Estimated cut-off energy=     4.22 Ry

      Computing core charge for nlcc: 

       r > 0.90 : true rho core
       r < 0.90 : rho core = a sin(br)/r    a=  11.83  b=   3.03

      Integrated core pseudo-charge :   4.42

     Fully relativistic calculation: |psi|^2

     Wfc 4S LC norm =  0.99979181 SC norm =  0.00020799 missing  0.00000020

     Wfc 5S LC norm =  0.99997626 SC norm =  0.00002169 missing  0.00000204

     Wfc 4P LC norm =  0.99983280 SC norm =  0.00016700 missing  0.00000020

     Wfc 4P LC norm =  0.99983903 SC norm =  0.00016011 missing  0.00000086

     Wfc 5P LC norm =  0.99998718 SC norm =  0.00001174 missing  0.00000108

     Wfc 5P LC norm =  0.99998770 SC norm =  0.00000974 missing  0.00000256

     Wfc 4D LC norm =  0.99994199 SC norm =  0.00005778 missing  0.00000023

     Wfc 4D LC norm =  0.99994329 SC norm =  0.00005072 missing  0.00000599
      Wfc-us  4S rcutus= 1.586  Estimated cut-off energy=    20.14 Ry
      Wfc-us  5S rcutus= 1.586  Estimated cut-off energy=    32.84 Ry
      Wfc-us  4P rcutus= 1.710  Estimated cut-off energy=    27.55 Ry
      Wfc-us  4P rcutus= 1.710  Estimated cut-off energy=    27.43 Ry
      Wfc-us  5P rcutus= 1.710  Estimated cut-off energy=    37.49 Ry
      Wfc-us  5P rcutus= 1.710  Estimated cut-off energy=    36.01 Ry
      Wfc-us  4D rcutus= 1.890  Estimated cut-off energy=    31.20 Ry
      Wfc-us  4D rcutus= 1.890  Estimated cut-off energy=    31.17 Ry
      Wfc-us  4D rcutus= 1.890  Estimated cut-off energy=    32.31 Ry
      Wfc-us  4D rcutus= 1.890  Estimated cut-off energy=    32.25 Ry

      The bmat matrix
    -0.06628     0.54710     0.00000     0.00000     0.00000     0.00000
     0.00000     0.00000     0.00000     0.00000
    -0.00307     0.15728     0.00000     0.00000     0.00000     0.00000
     0.00000     0.00000     0.00000     0.00000
     0.00000     0.00000    -1.14587     0.00000    -0.18051     0.00000
     0.00000     0.00000     0.00000     0.00000
     0.00000     0.00000     0.00000    -0.98450     0.00000    -0.14868
     0.00000     0.00000     0.00000     0.00000
     0.00000     0.00000    -0.25400     0.00000    -0.04189     0.00000
     0.00000     0.00000     0.00000     0.00000
     0.00000     0.00000     0.00000    -0.21895     0.00000    -0.03425
     0.00000     0.00000     0.00000     0.00000
     0.00000     0.00000     0.00000     0.00000     0.00000     0.00000
    -0.33795     0.00000    -0.30705     0.00000
     0.00000     0.00000     0.00000     0.00000     0.00000     0.00000
     0.00000    -0.32201     0.00000    -0.29592
     0.00000     0.00000     0.00000     0.00000     0.00000     0.00000
    -0.30706     0.00000    -0.27882     0.00000
     0.00000     0.00000     0.00000     0.00000     0.00000     0.00000
     0.00000    -0.29632     0.00000    -0.27214

      The bmat + epsilon qq matrix
     1.98589     0.59846     0.00000     0.00000     0.00000     0.00000
     0.00000     0.00000     0.00000     0.00000
     0.59845     0.17253     0.00000     0.00000     0.00000     0.00000
     0.00000     0.00000     0.00000     0.00000
     0.00000     0.00000    -0.81993     0.00000    -0.17651     0.00000
     0.00000     0.00000     0.00000     0.00000
     0.00000     0.00000     0.00000    -0.66689     0.00000    -0.14487
     0.00000     0.00000     0.00000     0.00000
     0.00000     0.00000    -0.17651     0.00000    -0.04092     0.00000
     0.00000     0.00000     0.00000     0.00000
     0.00000     0.00000     0.00000    -0.14487     0.00000    -0.03335
     0.00000     0.00000     0.00000     0.00000
     0.00000     0.00000     0.00000     0.00000     0.00000     0.00000
    -0.33759     0.00000    -0.30706     0.00000
     0.00000     0.00000     0.00000     0.00000     0.00000     0.00000
     0.00000    -0.32153     0.00000    -0.29617
     0.00000     0.00000     0.00000     0.00000     0.00000     0.00000
    -0.30706     0.00000    -0.27836     0.00000
     0.00000     0.00000     0.00000     0.00000     0.00000     0.00000
     0.00000    -0.29617     0.00000    -0.27193

      The qq matrix
    -0.58243    -0.17072     0.00000     0.00000     0.00000     0.00000
     0.00000     0.00000     0.00000     0.00000
    -0.17072    -0.05068     0.00000     0.00000     0.00000     0.00000
     0.00000     0.00000     0.00000     0.00000
     0.00000     0.00000    -0.15364     0.00000    -0.03653     0.00000
     0.00000     0.00000     0.00000     0.00000
     0.00000     0.00000     0.00000    -0.15765     0.00000    -0.03677
     0.00000     0.00000     0.00000     0.00000
     0.00000     0.00000    -0.03653     0.00000    -0.00882     0.00000
     0.00000     0.00000     0.00000     0.00000
     0.00000     0.00000     0.00000    -0.03677     0.00000    -0.00869
     0.00000     0.00000     0.00000     0.00000
     0.00000     0.00000     0.00000     0.00000     0.00000     0.00000
    -0.00188     0.00000    -0.00003     0.00000
     0.00000     0.00000     0.00000     0.00000     0.00000     0.00000
     0.00000    -0.00266     0.00000    -0.00085
     0.00000     0.00000     0.00000     0.00000     0.00000     0.00000
    -0.00003     0.00000     0.00154     0.00000
     0.00000     0.00000     0.00000     0.00000     0.00000     0.00000
     0.00000    -0.00085     0.00000     0.00072

     Q pseudized with Bessel functions
     Expected ecutrho=     252.2286 due to l1=  2   l2=  2

      The ddd matrix
    -1.79549    -0.52616     0.00000     0.00000     0.00000     0.00000
     0.00000     0.00000     0.00000     0.00000
    -0.52616    -0.16569     0.00000     0.00000     0.00000     0.00000
     0.00000     0.00000     0.00000     0.00000
     0.00000     0.00000    -1.74095     0.00000    -0.40008     0.00000
     0.00000     0.00000     0.00000     0.00000
     0.00000     0.00000     0.00000    -1.60161     0.00000    -0.36728
     0.00000     0.00000     0.00000     0.00000
     0.00000     0.00000    -0.40008     0.00000    -0.09588     0.00000
     0.00000     0.00000     0.00000     0.00000
     0.00000     0.00000     0.00000    -0.36728     0.00000    -0.08685
     0.00000     0.00000     0.00000     0.00000
     0.00000     0.00000     0.00000     0.00000     0.00000     0.00000
    -0.32602     0.00000    -0.28851     0.00000
     0.00000     0.00000     0.00000     0.00000     0.00000     0.00000
     0.00000    -0.31394     0.00000    -0.28164
     0.00000     0.00000     0.00000     0.00000     0.00000     0.00000
    -0.28851     0.00000    -0.25396     0.00000
     0.00000     0.00000     0.00000     0.00000     0.00000     0.00000
     0.00000    -0.28164     0.00000    -0.25140

     ------------------- End of pseudopotential generation -------------------

     --------------------------- All-electron run ----------------------------

     Y                                                                          
     dirac relativistic calculation

     atomic number is 39.00
     dft =PBE   lsd =0 sic =0 latt =0  beta=0.20 tr2=1.0E-14
     Exchange-correlation= PBE
                           (   1   4   3   4   0   0   0)
     mesh =1223 r(mesh) = 100.62879 a.u. xmin = -7.00 dx = 0.01250
     1 Ry =  13.60569312 eV, c = 137.03599908

     n l j   nl                  e(Ry)          e(Ha)          e(eV)
     Spin orbit split results
     1 0 0.5 1S 1( 2.00)     -1239.2072      -619.6036    -16860.2725
     2 0 0.5 2S 1( 2.00)      -169.7875       -84.8938     -2310.0768
     2 1 0.5 2P 1( 2.00)      -154.9831       -77.4916     -2108.6532
     2 1 1.5 2P 1( 4.00)      -149.3420       -74.6710     -2031.9019
     3 0 0.5 3S 1( 2.00)       -27.1018       -13.5509      -368.7387
     3 1 0.5 3P 1( 2.00)       -21.6570       -10.8285      -294.6582
     3 1 1.5 3P 1( 4.00)       -20.7753       -10.3876      -282.6619
     4 0 0.5 4S 1( 2.00)        -3.5234        -1.7617       -47.9389
     4 1 0.5 4P 1( 2.00)        -2.1214        -1.0607       -28.8637
     4 1 1.5 4P 1( 4.00)        -2.0147        -1.0073       -27.4108
     3 2 1.5 3D 1( 4.00)       -11.1978        -5.5989      -152.3532
     3 2 2.5 3D 1( 6.00)       -11.0401        -5.5201      -150.2083
     4 2 1.5 4D 1( 1.00)        -0.1874        -0.0937        -2.5504
     4 2 2.5 4D 1( 0.00)        -0.1811        -0.0905        -2.4638
     5 0 0.5 5S 1( 2.00)        -0.3008        -0.1504        -4.0933
     5 1 0.5 5P 1( 0.00)        -0.1097        -0.0548        -1.4920
     5 1 1.5 5P 1( 0.00)        -0.1036        -0.0518        -1.4101
     Averaged results
     1 0     1S 1( 2.00)     -1239.2072      -619.6036    -16860.2725
     2 0     2S 1( 2.00)      -169.7875       -84.8938     -2310.0768
     2 1     2P 1( 6.00)      -151.2224       -75.6112     -2057.4856
     3 0     3S 1( 2.00)       -27.1018       -13.5509      -368.7387
     3 1     3P 1( 6.00)       -21.0692       -10.5346      -286.6607
     4 0     4S 1( 2.00)        -3.5234        -1.7617       -47.9389
     4 1     4P 1( 6.00)        -2.0503        -1.0251       -27.8951
     3 2     3D 1(10.00)       -11.1032        -5.5516      -151.0662
     4 2     4D 1( 1.00)        -0.1836        -0.0918        -2.4984
     5 0     5S 1( 2.00)        -0.3008        -0.1504        -4.0933
     5 1     5P 1( 0.00)        -0.1056        -0.0528        -1.4374

     final scf error:  3.3E-15 reached in  38 iterations
 
     Etot =   -6771.115575 Ry,   -3385.557788 Ha,  -92125.720616 eV

     Ekin =    6986.056661 Ry,    3493.028331 Ha,   95050.143074 eV
     Encl =  -16338.412159 Ry,   -8169.206079 Ha, -222295.421948 eV
     Eh   =    2800.276290 Ry,    1400.138145 Ha,   38099.699859 eV
     Exc  =    -219.036368 Ry,    -109.518184 Ha,   -2980.141600 eV


     normalization and overlap integrals

     s(1S/1S) =  1.000000  <r> =   0.0381  <r2> =    0.0020  r(max) =   0.0247
     s(1S/2S) =  0.000000
     s(1S/3S) = -0.000000
     s(1S/4S) =  0.000000
     s(1S/5S) =  0.000000
     s(2S/2S) =  1.000000  <r> =   0.1671  <r2> =    0.0330  r(max) =   0.1404
     s(2S/3S) =  0.000000
     s(2S/4S) =  0.000000
     s(2S/5S) =  0.000000
     s(2P/2P) =  1.000000  <r> =   0.1429  <r2> =    0.0251  r(max) =   0.1107
     s(2P/3P) =  0.000000
     s(2P/4P) =  0.000000
     s(2P/5P) =  0.000000
     s(2P/2P) =  1.000000  <r> =   0.1472  <r2> =    0.0265  r(max) =   0.1135
     s(2P/3P) =  0.000000
     s(2P/4P) =  0.000000
     s(2P/5P) =  0.000000
     s(3S/3S) =  1.000000  <r> =   0.4745  <r2> =    0.2585  r(max) =   0.4217
     s(3S/4S) =  0.000000
     s(3S/5S) =  0.000000
     s(3P/3P) =  1.000000  <r> =   0.4725  <r2> =    0.2606  r(max) =   0.4112
     s(3P/4P) =  0.000000
     s(3P/5P) =  0.000000
     s(3P/3P) =  1.000000  <r> =   0.4829  <r2> =    0.2721  r(max) =   0.4217
     s(3P/4P) =  0.000000
     s(3P/5P) =  0.000000
     s(4S/4S) =  1.000000  <r> =   1.2792  <r2> =    1.8581  r(max) =   1.1319
     s(4S/5S) =  0.000000
     s(4P/4P) =  1.000000  <r> =   1.4359  <r2> =    2.3715  r(max) =   1.2355
     s(4P/5P) =  0.000000
     s(4P/4P) =  1.000000  <r> =   1.4680  <r2> =    2.4796  r(max) =   1.2510
     s(4P/5P) = -0.000000
     s(3D/3D) =  1.000000  <r> =   0.4721  <r2> =    0.2707  r(max) =   0.3584
     s(3D/4D) = -0.000000
     s(3D/3D) =  1.000000  <r> =   0.4757  <r2> =    0.2747  r(max) =   0.3629
     s(3D/4D) = -0.000000
     s(4D/4D) =  1.000000  <r> =   2.6731  <r2> =    9.0922  r(max) =   1.7752
     s(4D/4D) =  1.000000  <r> =   2.7087  <r2> =    9.3443  r(max) =   1.7976
     s(5S/5S) =  1.000000  <r> =   3.9657  <r2> =   17.9408  r(max) =   3.3583
     s(5P/5P) =  1.000000  <r> =   5.3538  <r2> =   33.2156  r(max) =   4.3664
     s(5P/5P) =  1.000000  <r> =   5.4751  <r2> =   34.7364  r(max) =   4.4213

     ------------------------ End of All-electron run ------------------------


     ---------------------- Testing the pseudopotential ----------------------

     Y                                                                          
     dirac relativistic calculation

     atomic number is 39.00   valence charge is 11.00
     dft =PBE   lsd =0 sic =0 latt =0  beta=0.20 tr2=1.0E-14
     mesh =1223 r(mesh) = 100.62879 xmin = -7.00 dx = 0.01250

     n l  j  nl             e AE (Ry)       e PS (Ry)    De AE-PS (Ry) 
     1 0 0.5 4S   1( 2.00)       -3.52344       -3.52344       -0.00000
     2 0 0.5 5S   1( 2.00)       -0.30085       -0.30085       -0.00000
     2 1 0.5 4P   1( 2.00)       -2.12145       -2.12145       -0.00000
     2 1 1.5 4P   1( 4.00)       -2.01466       -2.01466        0.00000
     3 1 0.5 5P   1( 0.00)       -0.10966       -0.10966       -0.00000
     3 1 1.5 5P   1( 0.00)       -0.10364       -0.10364       -0.00000
     3 2 1.5 4D   1( 1.00)       -0.18745       -0.18745       -0.00000
     3 2 2.5 4D   1( 0.00)       -0.18109       -0.18109        0.00000

     eps = 7.5E-15  iter =  3
 
     Etot =   -6771.115575 Ry,   -3385.557788 Ha,  -92125.720616 eV
     Etotps =   -84.459917 Ry,     -42.229959 Ha,   -1149.135713 eV

     Ekin =      29.563820 Ry,      14.781910 Ha,     402.236264 eV
     Encl =    -140.125377 Ry,     -70.062689 Ha,   -1906.502881 eV
     Ehrt =      59.111494 Ry,      29.555747 Ha,     804.252849 eV
     Ecxc =     -18.873114 Ry,      -9.436557 Ha,    -256.781794 eV
     (Ecc =      -7.696655 Ry,      -3.848327 Ha,    -104.718324 eV)
     Epseu=     -14.136740 Ry,      -7.068370 Ha,    -192.340150 eV

     ---------------------- End of pseudopotential test ----------------------

