[0] MPI startup(): I_MPI_SHM_LMT environment variable is not supported.
[0] MPI startup(): Similar variables:
	 I_MPI_SHM_HEAP
	 I_MPI_SHM
	 I_MPI_SHM_OPT
	 I_MPI_SHM_THP
[0] MPI startup(): To check the list of supported variables, use the impi_info utility or refer to https://software.intel.com/en-us/mpi-library/documentation/get-started.

     Program LD1 v.7.3.1 starts on 19Sep2024 at 21:49:32 

     This program is part of the open-source Quantum ESPRESSO suite
     for quantum simulation of materials; please cite
         "P. Giannozzi et al., J. Phys.:Condens. Matter 21 395502 (2009);
         "P. Giannozzi et al., J. Phys.:Condens. Matter 29 465901 (2017);
         "P. Giannozzi et al., J. Chem. Phys. 152 154105 (2020);
          URL http://www.quantum-espresso.org", 
     in publications or presentations arising from this work. More details at
     http://www.quantum-espresso.org/quote

     Parallel version (MPI), running on     1 processors

     MPI processes distributed on     1 nodes
     89292 MiB available memory on the printing compute node when the environment starts
 
     Waiting for input...
     Reading input from standard input
     --------------------------- All-electron run ----------------------------

     Zn                                                                         
     dirac relativistic calculation

     atomic number is 30.00
     dft =PBE   lsd =0 sic =0 latt =0  beta=0.20 tr2=1.0E-14
     Exchange-correlation= PBE
                           (   1   4   3   4   0   0   0)
     mesh =1201 r(mesh) =  99.36527 a.u. xmin = -7.00 dx = 0.01250
     1 Ry =  13.60569312 eV, c = 137.03599908

     n l j   nl                  e(Ry)          e(Ha)          e(eV)
     Spin orbit split results
     1 0 0.5 1S 1( 2.00)      -699.9404      -349.9702     -9523.1746
     2 0 0.5 2S 1( 2.00)       -85.1048       -42.5524     -1157.9093
     2 1 0.5 2P 1( 2.00)       -74.9447       -37.4723     -1019.6743
     2 1 1.5 2P 1( 4.00)       -73.1901       -36.5950      -995.8018
     3 0 0.5 3S 1( 2.00)        -9.4956        -4.7478      -129.1944
     3 1 0.5 3P 1( 2.00)        -6.2799        -3.1399       -85.4421
     3 1 1.5 3P 1( 4.00)        -6.0546        -3.0273       -82.3776
     3 2 1.5 3D 1( 4.00)        -0.7610        -0.3805       -10.3541
     3 2 2.5 3D 1( 6.00)        -0.7348        -0.3674        -9.9976
     4 0 0.5 4S 1( 2.00)        -0.4394        -0.2197        -5.9781
     4 1 0.5 4P 1( 0.00)        -0.0850        -0.0425        -1.1559
     4 1 1.5 4P 1( 0.00)        -0.0806        -0.0403        -1.0968
     Averaged results
     1 0     1S 1( 2.00)      -699.9404      -349.9702     -9523.1746
     2 0     2S 1( 2.00)       -85.1048       -42.5524     -1157.9093
     2 1     2P 1( 6.00)       -73.7749       -36.8875     -1003.7593
     3 0     3S 1( 2.00)        -9.4956        -4.7478      -129.1944
     3 1     3P 1( 6.00)        -6.1297        -3.0649       -83.3991
     3 2     3D 1(10.00)        -0.7453        -0.3726       -10.1402
     4 0     4S 1( 2.00)        -0.4394        -0.2197        -5.9781
     4 1     4P 1( 0.00)        -0.0821        -0.0410        -1.1165

     final scf error:  9.4E-15 reached in  27 iterations
 
     Etot =   -3592.171991 Ry,   -1796.085996 Ha,  -48873.989757 eV

     Ekin =    3658.908404 Ry,    1829.454202 Ha,   49781.984913 eV
     Encl =   -8666.167699 Ry,   -4333.083849 Ha, -117909.218259 eV
     Eh   =    1558.237903 Ry,     779.118951 Ha,   21200.906719 eV
     Exc  =    -143.150600 Ry,     -71.575300 Ha,   -1947.663130 eV


     normalization and overlap integrals

     s(1S/1S) =  1.000000  <r> =   0.0503  <r2> =    0.0034  r(max) =   0.0329
     s(1S/2S) =  0.000000
     s(1S/3S) = -0.000000
     s(1S/4S) =  0.000000
     s(2S/2S) =  1.000000  <r> =   0.2260  <r2> =    0.0603  r(max) =   0.1894
     s(2S/3S) =  0.000000
     s(2S/4S) =  0.000000
     s(2P/2P) =  1.000000  <r> =   0.1959  <r2> =    0.0472  r(max) =   0.1513
     s(2P/3P) =  0.000000
     s(2P/4P) =  0.000000
     s(2P/2P) =  1.000000  <r> =   0.1993  <r2> =    0.0487  r(max) =   0.1532
     s(2P/3P) =  0.000000
     s(2P/4P) =  0.000000
     s(3S/3S) =  1.000000  <r> =   0.6809  <r2> =    0.5360  r(max) =   0.5908
     s(3S/4S) =  0.000000
     s(3P/3P) =  1.000000  <r> =   0.7060  <r2> =    0.5893  r(max) =   0.5835
     s(3P/4P) =  0.000000
     s(3P/3P) =  1.000000  <r> =   0.7168  <r2> =    0.6076  r(max) =   0.5983
     s(3P/4P) = -0.000000
     s(3D/3D) =  1.000000  <r> =   0.9064  <r2> =    1.1183  r(max) =   0.5620
     s(3D/3D) =  1.000000  <r> =   0.9151  <r2> =    1.1423  r(max) =   0.5691
     s(4S/4S) =  1.000000  <r> =   2.6548  <r2> =    8.2944  r(max) =   2.0882
     s(4P/4P) =  1.000000  <r> =   4.2846  <r2> =   22.6720  r(max) =   3.0383
     s(4P/4P) =  1.000000  <r> =   4.3711  <r2> =   23.5960  r(max) =   3.1152

     ------------------------ End of All-electron run ------------------------


     --------------------- Generating PAW atomic setup --------------------


      Generating local potential from pseudized AE potential:
      Matching radius rcloc =   1.7000

      Local pseudo, rcloc= 1.688 Estimated cut-off energy=     8.66 Ry

      Computing core charge for nlcc: 

       r > 0.70 : true rho core
       r < 0.70 : rho core = a sin(br)/r    a=  24.00  b=   3.34

      Integrated core pseudo-charge :   8.67

     Fully relativistic calculation: |psi|^2

     Wfc 4S LC norm =  0.99996240 SC norm =  0.00003507 missing  0.00000253
     Speed at rcutus      0.491 a.u.,  v/c =  0.003580,  (v/c)^2 =  0.00001281

     Wfc 4P LC norm =  0.99998584 SC norm =  0.00001388 missing  0.00000028
     Speed at rcutus      0.415 a.u.,  v/c =  0.003028,  (v/c)^2 =  0.00000917

     Wfc 4P LC norm =  0.99998642 SC norm =  0.00001009 missing  0.00000349
     Speed at rcutus      0.407 a.u.,  v/c =  0.002968,  (v/c)^2 =  0.00000881

     Wfc 3D LC norm =  0.99970446 SC norm =  0.00029552 missing  0.00000001
     Speed at rcutus      0.314 a.u.,  v/c =  0.002291,  (v/c)^2 =  0.00000525

     Wfc 3D LC norm =  0.99970802 SC norm =  0.00029154 missing  0.00000044
     Speed at rcutus      0.323 a.u.,  v/c =  0.002358,  (v/c)^2 =  0.00000556
      Wfc-us  4S rcutus= 2.223  Estimated cut-off energy=     9.14 Ry
      Wfc-us  4S rcutus= 2.223  Estimated cut-off energy=    23.74 Ry
      Wfc-us  4P rcutus= 2.279  Estimated cut-off energy=    13.92 Ry
      Wfc-us  4P rcutus= 2.279  Estimated cut-off energy=    13.88 Ry
      Wfc-us  4P rcutus= 2.279  Estimated cut-off energy=    31.37 Ry
      Wfc-us  4P rcutus= 2.279  Estimated cut-off energy=    31.19 Ry
      Wfc-us  3D rcutus= 1.820  Estimated cut-off energy=    35.79 Ry
      Wfc-us  3D rcutus= 1.820  Estimated cut-off energy=    35.75 Ry
      Wfc-us  3D rcutus= 1.820  Estimated cut-off energy=    39.81 Ry
      Wfc-us  3D rcutus= 1.820  Estimated cut-off energy=    38.78 Ry

      The bmat matrix
     0.95859     0.64200     0.00000     0.00000     0.00000     0.00000
     0.00000     0.00000     0.00000     0.00000
     0.51986     0.55011     0.00000     0.00000     0.00000     0.00000
     0.00000     0.00000     0.00000     0.00000
     0.00000     0.00000     0.12136     0.00000     0.32217     0.00000
     0.00000     0.00000     0.00000     0.00000
     0.00000     0.00000     0.00000     0.11463     0.00000     0.31043
     0.00000     0.00000     0.00000     0.00000
     0.00000     0.00000     0.21749     0.00000     0.98168     0.00000
     0.00000     0.00000     0.00000     0.00000
     0.00000     0.00000     0.00000     0.21316     0.00000     0.98006
     0.00000     0.00000     0.00000     0.00000
     0.00000     0.00000     0.00000     0.00000     0.00000     0.00000
    -0.95766     0.00000    -0.53193     0.00000
     0.00000     0.00000     0.00000     0.00000     0.00000     0.00000
     0.00000    -0.96015     0.00000    -0.52677
     0.00000     0.00000     0.00000     0.00000     0.00000     0.00000
    -0.47280     0.00000    -0.26379     0.00000
     0.00000     0.00000     0.00000     0.00000     0.00000     0.00000
     0.00000    -0.47781     0.00000    -0.26281

      The bmat + epsilon qq matrix
     1.01207     0.52812     0.00000     0.00000     0.00000     0.00000
     0.00000     0.00000     0.00000     0.00000
     0.52806     0.90729     0.00000     0.00000     0.00000     0.00000
     0.00000     0.00000     0.00000     0.00000
     0.00000     0.00000     0.12246     0.00000     0.21890     0.00000
     0.00000     0.00000     0.00000     0.00000
     0.00000     0.00000     0.00000     0.11556     0.00000     0.21443
     0.00000     0.00000     0.00000     0.00000
     0.00000     0.00000     0.21889     0.00000     0.88875     0.00000
     0.00000     0.00000     0.00000     0.00000
     0.00000     0.00000     0.00000     0.21439     0.00000     0.90387
     0.00000     0.00000     0.00000     0.00000
     0.00000     0.00000     0.00000     0.00000     0.00000     0.00000
    -1.48165     0.00000    -0.75225     0.00000
     0.00000     0.00000     0.00000     0.00000     0.00000     0.00000
     0.00000    -1.46169     0.00000    -0.74468
     0.00000     0.00000     0.00000     0.00000     0.00000     0.00000
    -0.75225     0.00000    -0.38135     0.00000
     0.00000     0.00000     0.00000     0.00000     0.00000     0.00000
     0.00000    -0.74468     0.00000    -0.37879

      The qq matrix
    -0.12171    -0.01867     0.00000     0.00000     0.00000     0.00000
     0.00000     0.00000     0.00000     0.00000
    -0.01867     0.05855     0.00000     0.00000     0.00000     0.00000
     0.00000     0.00000     0.00000     0.00000
     0.00000     0.00000    -0.01302     0.00000    -0.01639     0.00000
     0.00000     0.00000     0.00000     0.00000
     0.00000     0.00000     0.00000    -0.01163     0.00000    -0.01524
     0.00000     0.00000     0.00000     0.00000
     0.00000     0.00000    -0.01639     0.00000    -0.01475     0.00000
     0.00000     0.00000     0.00000     0.00000
     0.00000     0.00000     0.00000    -0.01524     0.00000    -0.01210
     0.00000     0.00000     0.00000     0.00000
     0.00000     0.00000     0.00000     0.00000     0.00000     0.00000
     0.68855     0.00000     0.36721     0.00000
     0.00000     0.00000     0.00000     0.00000     0.00000     0.00000
     0.00000     0.68256     0.00000     0.36319
     0.00000     0.00000     0.00000     0.00000     0.00000     0.00000
     0.36721     0.00000     0.19593     0.00000
     0.00000     0.00000     0.00000     0.00000     0.00000     0.00000
     0.00000     0.36319     0.00000     0.19331


    multipoles (all-electron charge) - (pseudo charge)
        ns l1:ns1 l2    l=0     l=1     l=2     l=3     l=4     l=5  
         1  0:  1  0 -0.1217
         2  0:  1  0 -0.0187
         2  0:  2  0  0.0586
         3  1:  1  0  0.0000  0.0535
         3  1:  2  0  0.0000  0.0051
         3  1:  3  1 -0.0130  0.0000 -0.0309
         4  1:  1  0  0.0000  0.0515
         4  1:  2  0  0.0000  0.0058
         4  1:  3  1 -0.0123  0.0000 -0.0300
         4  1:  4  1 -0.0116  0.0000 -0.0290
         5  1:  1  0  0.0000  0.0746
         5  1:  2  0  0.0000 -0.0181
         5  1:  3  1 -0.0164  0.0000 -0.0282
         5  1:  4  1 -0.0160  0.0000 -0.0280
         5  1:  5  1 -0.0147  0.0000 -0.0220
         6  1:  1  0  0.0000  0.0738
         6  1:  2  0  0.0000 -0.0184
         6  1:  3  1 -0.0157  0.0000 -0.0283
         6  1:  4  1 -0.0152  0.0000 -0.0281
         6  1:  5  1 -0.0135  0.0000 -0.0216
         6  1:  6  1 -0.0121  0.0000 -0.0211
         7  2:  1  0  0.0000  0.0000  0.1014
         7  2:  2  0  0.0000  0.0000 -0.0611
         7  2:  3  1  0.0000 -0.0665  0.0000 -0.0525
         7  2:  4  1  0.0000 -0.0675  0.0000 -0.0541
         7  2:  5  1  0.0000 -0.0472  0.0000  0.0289
         7  2:  6  1  0.0000 -0.0518  0.0000  0.0252
         7  2:  7  2  0.6886  0.0000  0.3340  0.0000  0.2560
         8  2:  1  0  0.0000  0.0000  0.1019
         8  2:  2  0  0.0000  0.0000 -0.0613
         8  2:  3  1  0.0000 -0.0667  0.0000 -0.0529
         8  2:  4  1  0.0000 -0.0676  0.0000 -0.0544
         8  2:  5  1  0.0000 -0.0471  0.0000  0.0290
         8  2:  6  1  0.0000 -0.0517  0.0000  0.0253
         8  2:  7  2  0.6850  0.0000  0.3332  0.0000  0.2558
         8  2:  8  2  0.6826  0.0000  0.3327  0.0000  0.2559
         9  2:  1  0  0.0000  0.0000  0.0504
         9  2:  2  0  0.0000  0.0000 -0.0269
         9  2:  3  1  0.0000 -0.0341  0.0000 -0.0248
         9  2:  4  1  0.0000 -0.0346  0.0000 -0.0256
         9  2:  5  1  0.0000 -0.0275  0.0000  0.0109
         9  2:  6  1  0.0000 -0.0299  0.0000  0.0089
         9  2:  7  2  0.3672  0.0000  0.1752  0.0000  0.1319
         9  2:  8  2  0.3653  0.0000  0.1747  0.0000  0.1318
         9  2:  9  2  0.1959  0.0000  0.0919  0.0000  0.0681
        10  2:  1  0  0.0000  0.0000  0.0509
        10  2:  2  0  0.0000  0.0000 -0.0281
        10  2:  3  1  0.0000 -0.0342  0.0000 -0.0253
        10  2:  4  1  0.0000 -0.0347  0.0000 -0.0261
        10  2:  5  1  0.0000 -0.0267  0.0000  0.0119
        10  2:  6  1  0.0000 -0.0291  0.0000  0.0100
        10  2:  7  2  0.3645  0.0000  0.1750  0.0000  0.1325
        10  2:  8  2  0.3632  0.0000  0.1747  0.0000  0.1325
        10  2:  9  2  0.1945  0.0000  0.0918  0.0000  0.0683
        10  2: 10  2  0.1933  0.0000  0.0918  0.0000  0.0687
     Required augmentation: PSQ   radius:    1.300000

     Q pseudized with Bessel functions
     Expected ecutrho=     232.6246 due to l1=  2   l2=  2

     Estimated PAW energy = -243.871938 Ryd

     The PAW screened D coefficients
     1.01207     0.52806     0.00000     0.00000     0.00000     0.00000
     0.00000     0.00000     0.00000     0.00000
     0.52806     0.90734     0.00000     0.00000     0.00000     0.00000
     0.00000     0.00000     0.00000     0.00000
     0.00000     0.00000     0.12246     0.00000     0.21889     0.00000
     0.00000     0.00000     0.00000     0.00000
     0.00000     0.00000     0.00000     0.11556     0.00000     0.21439
     0.00000     0.00000     0.00000     0.00000
     0.00000     0.00000     0.21889     0.00000     0.88877     0.00000
     0.00000     0.00000     0.00000     0.00000
     0.00000     0.00000     0.00000     0.21439     0.00000     0.90390
     0.00000     0.00000     0.00000     0.00000
     0.00000     0.00000     0.00000     0.00000     0.00000     0.00000
    -1.48165     0.00000    -0.75225     0.00000
     0.00000     0.00000     0.00000     0.00000     0.00000     0.00000
     0.00000    -1.46170     0.00000    -0.74468
     0.00000     0.00000     0.00000     0.00000     0.00000     0.00000
    -0.75225     0.00000    -0.38135     0.00000
     0.00000     0.00000     0.00000     0.00000     0.00000     0.00000
     0.00000    -0.74468     0.00000    -0.37879

     The PAW descreened D coefficients (US)
     0.51032     1.85911     0.00000     0.00000     0.00000     0.00000
     0.00000     0.00000     0.00000     0.00000
     1.85911     1.07134     0.00000     0.00000     0.00000     0.00000
     0.00000     0.00000     0.00000     0.00000
     0.00000     0.00000     0.12252     0.00000     0.25083     0.00000
     0.00000     0.00000     0.00000     0.00000
     0.00000     0.00000     0.00000     0.12237     0.00000     0.25691
     0.00000     0.00000     0.00000     0.00000
     0.00000     0.00000     0.25083     0.00000     0.33544     0.00000
     0.00000     0.00000     0.00000     0.00000
     0.00000     0.00000     0.00000     0.25691     0.00000     0.33507
     0.00000     0.00000     0.00000     0.00000
     0.00000     0.00000     0.00000     0.00000     0.00000     0.00000
     3.56621     0.00000     1.95751     0.00000
     0.00000     0.00000     0.00000     0.00000     0.00000     0.00000
     0.00000     3.53752     0.00000     1.92921
     0.00000     0.00000     0.00000     0.00000     0.00000     0.00000
     1.95751     0.00000     1.07361     0.00000
     0.00000     0.00000     0.00000     0.00000     0.00000     0.00000
     0.00000     1.92921     0.00000     1.05152

     ------------------- End of pseudopotential generation -------------------

     --------------------------- All-electron run ----------------------------

     Zn                                                                         
     dirac relativistic calculation

     atomic number is 30.00
     dft = SLA  PW   PBX  PBC   lsd =0 sic =0 latt =0  beta=0.20 tr2=1.0E-14
     Exchange-correlation=  SLA  PW   PBX  PBC
                           (   1   4   3   4   0   0   0)
     mesh =1201 r(mesh) =  99.36527 a.u. xmin = -7.00 dx = 0.01250
     1 Ry =  13.60569312 eV, c = 137.03599908

     n l j   nl                  e(Ry)          e(Ha)          e(eV)
     Spin orbit split results
     1 0 0.5 1S 1( 2.00)      -699.9404      -349.9702     -9523.1746
     2 0 0.5 2S 1( 2.00)       -85.1048       -42.5524     -1157.9093
     2 1 0.5 2P 1( 2.00)       -74.9447       -37.4723     -1019.6743
     2 1 1.5 2P 1( 4.00)       -73.1901       -36.5950      -995.8018
     3 0 0.5 3S 1( 2.00)        -9.4956        -4.7478      -129.1944
     3 1 0.5 3P 1( 2.00)        -6.2799        -3.1399       -85.4421
     3 1 1.5 3P 1( 4.00)        -6.0546        -3.0273       -82.3776
     3 2 1.5 3D 1( 4.00)        -0.7610        -0.3805       -10.3541
     3 2 2.5 3D 1( 6.00)        -0.7348        -0.3674        -9.9976
     4 0 0.5 4S 1( 2.00)        -0.4394        -0.2197        -5.9781
     4 1 0.5 4P 1( 0.00)        -0.0850        -0.0425        -1.1559
     4 1 1.5 4P 1( 0.00)        -0.0806        -0.0403        -1.0968
     Averaged results
     1 0     1S 1( 2.00)      -699.9404      -349.9702     -9523.1746
     2 0     2S 1( 2.00)       -85.1048       -42.5524     -1157.9093
     2 1     2P 1( 6.00)       -73.7749       -36.8875     -1003.7593
     3 0     3S 1( 2.00)        -9.4956        -4.7478      -129.1944
     3 1     3P 1( 6.00)        -6.1297        -3.0649       -83.3991
     3 2     3D 1(10.00)        -0.7453        -0.3726       -10.1402
     4 0     4S 1( 2.00)        -0.4394        -0.2197        -5.9781
     4 1     4P 1( 0.00)        -0.0821        -0.0410        -1.1165

     final scf error:  9.4E-15 reached in  27 iterations
 
     Etot =   -3592.171991 Ry,   -1796.085996 Ha,  -48873.989757 eV

     Ekin =    3658.908404 Ry,    1829.454202 Ha,   49781.984913 eV
     Encl =   -8666.167699 Ry,   -4333.083849 Ha, -117909.218259 eV
     Eh   =    1558.237903 Ry,     779.118951 Ha,   21200.906719 eV
     Exc  =    -143.150600 Ry,     -71.575300 Ha,   -1947.663130 eV


     normalization and overlap integrals

     s(1S/1S) =  1.000000  <r> =   0.0503  <r2> =    0.0034  r(max) =   0.0329
     s(1S/2S) =  0.000000
     s(1S/3S) = -0.000000
     s(1S/4S) =  0.000000
     s(2S/2S) =  1.000000  <r> =   0.2260  <r2> =    0.0603  r(max) =   0.1894
     s(2S/3S) =  0.000000
     s(2S/4S) =  0.000000
     s(2P/2P) =  1.000000  <r> =   0.1959  <r2> =    0.0472  r(max) =   0.1513
     s(2P/3P) =  0.000000
     s(2P/4P) =  0.000000
     s(2P/2P) =  1.000000  <r> =   0.1993  <r2> =    0.0487  r(max) =   0.1532
     s(2P/3P) =  0.000000
     s(2P/4P) =  0.000000
     s(3S/3S) =  1.000000  <r> =   0.6809  <r2> =    0.5360  r(max) =   0.5908
     s(3S/4S) =  0.000000
     s(3P/3P) =  1.000000  <r> =   0.7060  <r2> =    0.5893  r(max) =   0.5835
     s(3P/4P) =  0.000000
     s(3P/3P) =  1.000000  <r> =   0.7168  <r2> =    0.6076  r(max) =   0.5983
     s(3P/4P) = -0.000000
     s(3D/3D) =  1.000000  <r> =   0.9064  <r2> =    1.1183  r(max) =   0.5620
     s(3D/3D) =  1.000000  <r> =   0.9151  <r2> =    1.1423  r(max) =   0.5691
     s(4S/4S) =  1.000000  <r> =   2.6548  <r2> =    8.2944  r(max) =   2.0882
     s(4P/4P) =  1.000000  <r> =   4.2846  <r2> =   22.6720  r(max) =   3.0383
     s(4P/4P) =  1.000000  <r> =   4.3711  <r2> =   23.5960  r(max) =   3.1152

     ------------------------ End of All-electron run ------------------------


     ---------------------- Testing the pseudopotential ----------------------

     Zn                                                                         
     dirac relativistic calculation

     atomic number is 30.00   valence charge is 12.00
     dft = SLA  PW   PBX  PBC   lsd =0 sic =0 latt =0  beta=0.20 tr2=1.0E-14
     mesh =1201 r(mesh) =  99.36527 xmin = -7.00 dx = 0.01250

     n l  j  nl             e AE (Ry)       e PS (Ry)    De AE-PS (Ry) 
     1 0 0.5 4S   1( 2.00)       -0.43938       -0.43938        0.00000
     2 1 0.5 4P   1( 0.00)       -0.08496       -0.08496       -0.00000
     2 1 1.5 4P   1( 0.00)       -0.08061       -0.08061        0.00000
     3 2 1.5 3D   1( 4.00)       -0.76101       -0.76101        0.00000
     3 2 2.5 3D   1( 6.00)       -0.73481       -0.73481        0.00000

     eps = 4.3E-16  iter =  4
 
     Etot =   -3592.171991 Ry,   -1796.085996 Ha,  -48873.989757 eV
     Etotps =  -243.871945 Ry,    -121.935973 Ha,   -3318.046848 eV

     Ekin =     226.557408 Ry,     113.278704 Ha,    3082.470570 eV
     Encl =    -450.212200 Ry,    -225.106100 Ha,   -6125.449032 eV
     Ehrt =     122.933450 Ry,      61.466725 Ha,    1672.594797 eV
     Ecxc =    -143.150604 Ry,     -71.575302 Ha,   -1947.663184 eV
     (Ecc =     -17.993870 Ry,      -8.996935 Ha,    -244.819073 eV)

     ---------------------- End of pseudopotential test ----------------------

