[0] MPI startup(): I_MPI_SHM_LMT environment variable is not supported.
[0] MPI startup(): Similar variables:
	 I_MPI_SHM_HEAP
	 I_MPI_SHM
	 I_MPI_SHM_OPT
	 I_MPI_SHM_THP
[0] MPI startup(): To check the list of supported variables, use the impi_info utility or refer to https://software.intel.com/en-us/mpi-library/documentation/get-started.

     Program LD1 v.7.3.1 starts on 19Sep2024 at 21:49:32 

     This program is part of the open-source Quantum ESPRESSO suite
     for quantum simulation of materials; please cite
         "P. Giannozzi et al., J. Phys.:Condens. Matter 21 395502 (2009);
         "P. Giannozzi et al., J. Phys.:Condens. Matter 29 465901 (2017);
         "P. Giannozzi et al., J. Chem. Phys. 152 154105 (2020);
          URL http://www.quantum-espresso.org", 
     in publications or presentations arising from this work. More details at
     http://www.quantum-espresso.org/quote

     Parallel version (MPI), running on     1 processors

     MPI processes distributed on     1 nodes
     89287 MiB available memory on the printing compute node when the environment starts
 
     Waiting for input...
     Reading input from standard input
     --------------------------- All-electron run ----------------------------

     Zn                                                                         
     dirac relativistic calculation

     atomic number is 30.00
     dft =PBE   lsd =0 sic =0 latt =0  beta=0.20 tr2=1.0E-14
     Exchange-correlation= PBE
                           (   1   4   3   4   0   0   0)
     mesh =1201 r(mesh) =  99.36527 a.u. xmin = -7.00 dx = 0.01250
     1 Ry =  13.60569312 eV, c = 137.03599908

     n l j   nl                  e(Ry)          e(Ha)          e(eV)
     Spin orbit split results
     1 0 0.5 1S 1( 2.00)      -699.9404      -349.9702     -9523.1746
     2 0 0.5 2S 1( 2.00)       -85.1048       -42.5524     -1157.9093
     2 1 0.5 2P 1( 2.00)       -74.9447       -37.4723     -1019.6743
     2 1 1.5 2P 1( 4.00)       -73.1901       -36.5950      -995.8018
     3 0 0.5 3S 1( 2.00)        -9.4956        -4.7478      -129.1944
     3 1 0.5 3P 1( 2.00)        -6.2799        -3.1399       -85.4421
     3 1 1.5 3P 1( 4.00)        -6.0546        -3.0273       -82.3776
     3 2 1.5 3D 1( 4.00)        -0.7610        -0.3805       -10.3541
     3 2 2.5 3D 1( 6.00)        -0.7348        -0.3674        -9.9976
     4 0 0.5 4S 1( 2.00)        -0.4394        -0.2197        -5.9781
     4 1 0.5 4P 1( 0.00)        -0.0850        -0.0425        -1.1559
     4 1 1.5 4P 1( 0.00)        -0.0806        -0.0403        -1.0968
     Averaged results
     1 0     1S 1( 2.00)      -699.9404      -349.9702     -9523.1746
     2 0     2S 1( 2.00)       -85.1048       -42.5524     -1157.9093
     2 1     2P 1( 6.00)       -73.7749       -36.8875     -1003.7593
     3 0     3S 1( 2.00)        -9.4956        -4.7478      -129.1944
     3 1     3P 1( 6.00)        -6.1297        -3.0649       -83.3991
     3 2     3D 1(10.00)        -0.7453        -0.3726       -10.1402
     4 0     4S 1( 2.00)        -0.4394        -0.2197        -5.9781
     4 1     4P 1( 0.00)        -0.0821        -0.0410        -1.1165

     final scf error:  9.4E-15 reached in  27 iterations
 
     Etot =   -3592.171991 Ry,   -1796.085996 Ha,  -48873.989757 eV

     Ekin =    3658.908404 Ry,    1829.454202 Ha,   49781.984913 eV
     Encl =   -8666.167699 Ry,   -4333.083849 Ha, -117909.218259 eV
     Eh   =    1558.237903 Ry,     779.118951 Ha,   21200.906719 eV
     Exc  =    -143.150600 Ry,     -71.575300 Ha,   -1947.663130 eV


     normalization and overlap integrals

     s(1S/1S) =  1.000000  <r> =   0.0503  <r2> =    0.0034  r(max) =   0.0329
     s(1S/2S) =  0.000000
     s(1S/3S) = -0.000000
     s(1S/4S) =  0.000000
     s(2S/2S) =  1.000000  <r> =   0.2260  <r2> =    0.0603  r(max) =   0.1894
     s(2S/3S) =  0.000000
     s(2S/4S) =  0.000000
     s(2P/2P) =  1.000000  <r> =   0.1959  <r2> =    0.0472  r(max) =   0.1513
     s(2P/3P) =  0.000000
     s(2P/4P) =  0.000000
     s(2P/2P) =  1.000000  <r> =   0.1993  <r2> =    0.0487  r(max) =   0.1532
     s(2P/3P) =  0.000000
     s(2P/4P) =  0.000000
     s(3S/3S) =  1.000000  <r> =   0.6809  <r2> =    0.5360  r(max) =   0.5908
     s(3S/4S) =  0.000000
     s(3P/3P) =  1.000000  <r> =   0.7060  <r2> =    0.5893  r(max) =   0.5835
     s(3P/4P) =  0.000000
     s(3P/3P) =  1.000000  <r> =   0.7168  <r2> =    0.6076  r(max) =   0.5983
     s(3P/4P) = -0.000000
     s(3D/3D) =  1.000000  <r> =   0.9064  <r2> =    1.1183  r(max) =   0.5620
     s(3D/3D) =  1.000000  <r> =   0.9151  <r2> =    1.1423  r(max) =   0.5691
     s(4S/4S) =  1.000000  <r> =   2.6548  <r2> =    8.2944  r(max) =   2.0882
     s(4P/4P) =  1.000000  <r> =   4.2846  <r2> =   22.6720  r(max) =   3.0383
     s(4P/4P) =  1.000000  <r> =   4.3711  <r2> =   23.5960  r(max) =   3.1152

     ------------------------ End of All-electron run ------------------------


     --------------------- Generating US pseudopotential ---------------------


      Generating local potential from pseudized AE potential:
      Matching radius rcloc =   1.7000

      Local pseudo, rcloc= 1.688 Estimated cut-off energy=     8.66 Ry

      Computing core charge for nlcc: 

       r > 0.70 : true rho core
       r < 0.70 : rho core = a sin(br)/r    a=  24.00  b=   3.34

      Integrated core pseudo-charge :   8.67

     Fully relativistic calculation: |psi|^2

     Wfc 4S LC norm =  0.99996240 SC norm =  0.00003507 missing  0.00000253

     Wfc 4P LC norm =  0.99998584 SC norm =  0.00001388 missing  0.00000028

     Wfc 4P LC norm =  0.99998642 SC norm =  0.00001009 missing  0.00000349

     Wfc 3D LC norm =  0.99970446 SC norm =  0.00029552 missing  0.00000001

     Wfc 3D LC norm =  0.99970802 SC norm =  0.00029154 missing  0.00000044
      Wfc-us  4S rcutus= 2.223  Estimated cut-off energy=     9.14 Ry
      Wfc-us  4S rcutus= 2.223  Estimated cut-off energy=    23.74 Ry
      Wfc-us  4P rcutus= 2.279  Estimated cut-off energy=    13.92 Ry
      Wfc-us  4P rcutus= 2.279  Estimated cut-off energy=    13.88 Ry
      Wfc-us  4P rcutus= 2.279  Estimated cut-off energy=    31.37 Ry
      Wfc-us  4P rcutus= 2.279  Estimated cut-off energy=    31.19 Ry
      Wfc-us  3D rcutus= 1.820  Estimated cut-off energy=    35.79 Ry
      Wfc-us  3D rcutus= 1.820  Estimated cut-off energy=    35.75 Ry
      Wfc-us  3D rcutus= 1.820  Estimated cut-off energy=    39.81 Ry
      Wfc-us  3D rcutus= 1.820  Estimated cut-off energy=    38.78 Ry

      The bmat matrix
     0.95859     0.64200     0.00000     0.00000     0.00000     0.00000
     0.00000     0.00000     0.00000     0.00000
     0.51986     0.55011     0.00000     0.00000     0.00000     0.00000
     0.00000     0.00000     0.00000     0.00000
     0.00000     0.00000     0.12136     0.00000     0.32217     0.00000
     0.00000     0.00000     0.00000     0.00000
     0.00000     0.00000     0.00000     0.11463     0.00000     0.31043
     0.00000     0.00000     0.00000     0.00000
     0.00000     0.00000     0.21749     0.00000     0.98168     0.00000
     0.00000     0.00000     0.00000     0.00000
     0.00000     0.00000     0.00000     0.21316     0.00000     0.98006
     0.00000     0.00000     0.00000     0.00000
     0.00000     0.00000     0.00000     0.00000     0.00000     0.00000
    -0.95766     0.00000    -0.53193     0.00000
     0.00000     0.00000     0.00000     0.00000     0.00000     0.00000
     0.00000    -0.96015     0.00000    -0.52677
     0.00000     0.00000     0.00000     0.00000     0.00000     0.00000
    -0.47280     0.00000    -0.26379     0.00000
     0.00000     0.00000     0.00000     0.00000     0.00000     0.00000
     0.00000    -0.47781     0.00000    -0.26281

      The bmat + epsilon qq matrix
     1.01207     0.52812     0.00000     0.00000     0.00000     0.00000
     0.00000     0.00000     0.00000     0.00000
     0.52806     0.90729     0.00000     0.00000     0.00000     0.00000
     0.00000     0.00000     0.00000     0.00000
     0.00000     0.00000     0.12246     0.00000     0.21890     0.00000
     0.00000     0.00000     0.00000     0.00000
     0.00000     0.00000     0.00000     0.11556     0.00000     0.21443
     0.00000     0.00000     0.00000     0.00000
     0.00000     0.00000     0.21889     0.00000     0.88875     0.00000
     0.00000     0.00000     0.00000     0.00000
     0.00000     0.00000     0.00000     0.21439     0.00000     0.90387
     0.00000     0.00000     0.00000     0.00000
     0.00000     0.00000     0.00000     0.00000     0.00000     0.00000
    -1.48165     0.00000    -0.75225     0.00000
     0.00000     0.00000     0.00000     0.00000     0.00000     0.00000
     0.00000    -1.46169     0.00000    -0.74468
     0.00000     0.00000     0.00000     0.00000     0.00000     0.00000
    -0.75225     0.00000    -0.38135     0.00000
     0.00000     0.00000     0.00000     0.00000     0.00000     0.00000
     0.00000    -0.74468     0.00000    -0.37879

      The qq matrix
    -0.12171    -0.01867     0.00000     0.00000     0.00000     0.00000
     0.00000     0.00000     0.00000     0.00000
    -0.01867     0.05855     0.00000     0.00000     0.00000     0.00000
     0.00000     0.00000     0.00000     0.00000
     0.00000     0.00000    -0.01302     0.00000    -0.01639     0.00000
     0.00000     0.00000     0.00000     0.00000
     0.00000     0.00000     0.00000    -0.01163     0.00000    -0.01524
     0.00000     0.00000     0.00000     0.00000
     0.00000     0.00000    -0.01639     0.00000    -0.01475     0.00000
     0.00000     0.00000     0.00000     0.00000
     0.00000     0.00000     0.00000    -0.01524     0.00000    -0.01210
     0.00000     0.00000     0.00000     0.00000
     0.00000     0.00000     0.00000     0.00000     0.00000     0.00000
     0.68855     0.00000     0.36721     0.00000
     0.00000     0.00000     0.00000     0.00000     0.00000     0.00000
     0.00000     0.68256     0.00000     0.36319
     0.00000     0.00000     0.00000     0.00000     0.00000     0.00000
     0.36721     0.00000     0.19593     0.00000
     0.00000     0.00000     0.00000     0.00000     0.00000     0.00000
     0.00000     0.36319     0.00000     0.19331

     Q pseudized with Bessel functions
     Expected ecutrho=     232.6246 due to l1=  2   l2=  2

      The ddd matrix
     0.46419     0.93774     0.00000     0.00000     0.00000     0.00000
     0.00000     0.00000     0.00000     0.00000
     0.93774     1.18437     0.00000     0.00000     0.00000     0.00000
     0.00000     0.00000     0.00000     0.00000
     0.00000     0.00000     0.11067     0.00000     0.20595     0.00000
     0.00000     0.00000     0.00000     0.00000
     0.00000     0.00000     0.00000     0.11007     0.00000     0.21117
     0.00000     0.00000     0.00000     0.00000
     0.00000     0.00000     0.20595     0.00000     0.67852     0.00000
     0.00000     0.00000     0.00000     0.00000
     0.00000     0.00000     0.00000     0.21117     0.00000     0.70256
     0.00000     0.00000     0.00000     0.00000
     0.00000     0.00000     0.00000     0.00000     0.00000     0.00000
     3.66760     0.00000     2.00808     0.00000
     0.00000     0.00000     0.00000     0.00000     0.00000     0.00000
     0.00000     3.63673     0.00000     1.97925
     0.00000     0.00000     0.00000     0.00000     0.00000     0.00000
     2.00808     0.00000     1.09877     0.00000
     0.00000     0.00000     0.00000     0.00000     0.00000     0.00000
     0.00000     1.97925     0.00000     1.07674

     ------------------- End of pseudopotential generation -------------------

     --------------------------- All-electron run ----------------------------

     Zn                                                                         
     dirac relativistic calculation

     atomic number is 30.00
     dft =PBE   lsd =0 sic =0 latt =0  beta=0.20 tr2=1.0E-14
     Exchange-correlation= PBE
                           (   1   4   3   4   0   0   0)
     mesh =1201 r(mesh) =  99.36527 a.u. xmin = -7.00 dx = 0.01250
     1 Ry =  13.60569312 eV, c = 137.03599908

     n l j   nl                  e(Ry)          e(Ha)          e(eV)
     Spin orbit split results
     1 0 0.5 1S 1( 2.00)      -699.9404      -349.9702     -9523.1746
     2 0 0.5 2S 1( 2.00)       -85.1048       -42.5524     -1157.9093
     2 1 0.5 2P 1( 2.00)       -74.9447       -37.4723     -1019.6743
     2 1 1.5 2P 1( 4.00)       -73.1901       -36.5950      -995.8018
     3 0 0.5 3S 1( 2.00)        -9.4956        -4.7478      -129.1944
     3 1 0.5 3P 1( 2.00)        -6.2799        -3.1399       -85.4421
     3 1 1.5 3P 1( 4.00)        -6.0546        -3.0273       -82.3776
     3 2 1.5 3D 1( 4.00)        -0.7610        -0.3805       -10.3541
     3 2 2.5 3D 1( 6.00)        -0.7348        -0.3674        -9.9976
     4 0 0.5 4S 1( 2.00)        -0.4394        -0.2197        -5.9781
     4 1 0.5 4P 1( 0.00)        -0.0850        -0.0425        -1.1559
     4 1 1.5 4P 1( 0.00)        -0.0806        -0.0403        -1.0968
     Averaged results
     1 0     1S 1( 2.00)      -699.9404      -349.9702     -9523.1746
     2 0     2S 1( 2.00)       -85.1048       -42.5524     -1157.9093
     2 1     2P 1( 6.00)       -73.7749       -36.8875     -1003.7593
     3 0     3S 1( 2.00)        -9.4956        -4.7478      -129.1944
     3 1     3P 1( 6.00)        -6.1297        -3.0649       -83.3991
     3 2     3D 1(10.00)        -0.7453        -0.3726       -10.1402
     4 0     4S 1( 2.00)        -0.4394        -0.2197        -5.9781
     4 1     4P 1( 0.00)        -0.0821        -0.0410        -1.1165

     final scf error:  9.4E-15 reached in  27 iterations
 
     Etot =   -3592.171991 Ry,   -1796.085996 Ha,  -48873.989757 eV

     Ekin =    3658.908404 Ry,    1829.454202 Ha,   49781.984913 eV
     Encl =   -8666.167699 Ry,   -4333.083849 Ha, -117909.218259 eV
     Eh   =    1558.237903 Ry,     779.118951 Ha,   21200.906719 eV
     Exc  =    -143.150600 Ry,     -71.575300 Ha,   -1947.663130 eV


     normalization and overlap integrals

     s(1S/1S) =  1.000000  <r> =   0.0503  <r2> =    0.0034  r(max) =   0.0329
     s(1S/2S) =  0.000000
     s(1S/3S) = -0.000000
     s(1S/4S) =  0.000000
     s(2S/2S) =  1.000000  <r> =   0.2260  <r2> =    0.0603  r(max) =   0.1894
     s(2S/3S) =  0.000000
     s(2S/4S) =  0.000000
     s(2P/2P) =  1.000000  <r> =   0.1959  <r2> =    0.0472  r(max) =   0.1513
     s(2P/3P) =  0.000000
     s(2P/4P) =  0.000000
     s(2P/2P) =  1.000000  <r> =   0.1993  <r2> =    0.0487  r(max) =   0.1532
     s(2P/3P) =  0.000000
     s(2P/4P) =  0.000000
     s(3S/3S) =  1.000000  <r> =   0.6809  <r2> =    0.5360  r(max) =   0.5908
     s(3S/4S) =  0.000000
     s(3P/3P) =  1.000000  <r> =   0.7060  <r2> =    0.5893  r(max) =   0.5835
     s(3P/4P) =  0.000000
     s(3P/3P) =  1.000000  <r> =   0.7168  <r2> =    0.6076  r(max) =   0.5983
     s(3P/4P) = -0.000000
     s(3D/3D) =  1.000000  <r> =   0.9064  <r2> =    1.1183  r(max) =   0.5620
     s(3D/3D) =  1.000000  <r> =   0.9151  <r2> =    1.1423  r(max) =   0.5691
     s(4S/4S) =  1.000000  <r> =   2.6548  <r2> =    8.2944  r(max) =   2.0882
     s(4P/4P) =  1.000000  <r> =   4.2846  <r2> =   22.6720  r(max) =   3.0383
     s(4P/4P) =  1.000000  <r> =   4.3711  <r2> =   23.5960  r(max) =   3.1152

     ------------------------ End of All-electron run ------------------------


     ---------------------- Testing the pseudopotential ----------------------

     Zn                                                                         
     dirac relativistic calculation

     atomic number is 30.00   valence charge is 12.00
     dft =PBE   lsd =0 sic =0 latt =0  beta=0.20 tr2=1.0E-14
     mesh =1201 r(mesh) =  99.36527 xmin = -7.00 dx = 0.01250

     n l  j  nl             e AE (Ry)       e PS (Ry)    De AE-PS (Ry) 
     1 0 0.5 4S   1( 2.00)       -0.43938       -0.43938        0.00000
     2 1 0.5 4P   1( 0.00)       -0.08496       -0.08496       -0.00000
     2 1 1.5 4P   1( 0.00)       -0.08061       -0.08061        0.00000
     3 2 1.5 3D   1( 4.00)       -0.76101       -0.76101        0.00000
     3 2 2.5 3D   1( 6.00)       -0.73481       -0.73481        0.00000

     eps = 1.2E-15  iter =  4
 
     Etot =   -3592.171991 Ry,   -1796.085996 Ha,  -48873.989757 eV
     Etotps =  -145.089203 Ry,     -72.544602 Ha,   -1974.039172 eV

     Ekin =      18.191758 Ry,       9.095879 Ha,     247.511475 eV
     Encl =    -278.357338 Ry,    -139.178669 Ha,   -3787.244516 eV
     Ehrt =     121.559168 Ry,      60.779584 Ha,    1653.896736 eV
     Ecxc =     -43.901956 Ry,     -21.950978 Ha,    -597.316535 eV
     (Ecc =     -17.993870 Ry,      -8.996935 Ha,    -244.819073 eV)
     Epseu=      37.419164 Ry,      18.709582 Ha,     509.113667 eV

     ---------------------- End of pseudopotential test ----------------------

