[0] MPI startup(): I_MPI_SHM_LMT environment variable is not supported.
[0] MPI startup(): Similar variables:
	 I_MPI_SHM_HEAP
	 I_MPI_SHM
	 I_MPI_SHM_OPT
	 I_MPI_SHM_THP
[0] MPI startup(): To check the list of supported variables, use the impi_info utility or refer to https://software.intel.com/en-us/mpi-library/documentation/get-started.

     Program LD1 v.7.3.1 starts on 19Sep2024 at 21:49:34 

     This program is part of the open-source Quantum ESPRESSO suite
     for quantum simulation of materials; please cite
         "P. Giannozzi et al., J. Phys.:Condens. Matter 21 395502 (2009);
         "P. Giannozzi et al., J. Phys.:Condens. Matter 29 465901 (2017);
         "P. Giannozzi et al., J. Chem. Phys. 152 154105 (2020);
          URL http://www.quantum-espresso.org", 
     in publications or presentations arising from this work. More details at
     http://www.quantum-espresso.org/quote

     Parallel version (MPI), running on     1 processors

     MPI processes distributed on     1 nodes
     89276 MiB available memory on the printing compute node when the environment starts
 
     Waiting for input...
     Reading input from standard input
     --------------------------- All-electron run ----------------------------

     Zr                                                                         
     dirac relativistic calculation

     atomic number is 40.00
     dft =PBE   lsd =0 sic =0 latt =0  beta=0.20 tr2=1.0E-14
     Exchange-correlation= PBE
                           (   1   4   3   4   0   0   0)
     mesh =1225 r(mesh) = 100.59681 a.u. xmin = -7.00 dx = 0.01250
     1 Ry =  13.60569312 eV, c = 137.03599908

     n l j   nl                  e(Ry)          e(Ha)          e(eV)
     Spin orbit split results
     1 0 0.5 1S 1( 2.00)     -1309.5378      -654.7689    -17817.1691
     2 0 0.5 2S 1( 2.00)      -181.4102       -90.7051     -2468.2109
     2 1 0.5 2P 1( 2.00)      -166.0575       -83.0287     -2259.3273
     2 1 1.5 2P 1( 4.00)      -159.7471       -79.8735     -2173.4695
     3 0 0.5 3S 1( 2.00)       -29.7273       -14.8636      -404.4604
     3 1 0.5 3P 1( 2.00)       -24.0127       -12.0063      -326.7090
     3 1 1.5 3P 1( 4.00)       -23.0081       -11.5040      -313.0410
     4 0 0.5 4S 1( 2.00)        -3.9993        -1.9997       -54.4138
     4 1 0.5 4P 1( 2.00)        -2.4693        -1.2347       -33.5971
     4 1 1.5 4P 1( 4.00)        -2.3391        -1.1695       -31.8247
     3 2 1.5 3D 1( 4.00)       -12.9362        -6.4681      -176.0059
     3 2 2.5 3D 1( 6.00)       -12.7527        -6.3763      -173.5093
     4 2 1.5 4D 1( 2.00)        -0.2676        -0.1338        -3.6407
     4 2 2.5 4D 1( 0.00)        -0.2582        -0.1291        -3.5124
     5 0 0.5 5S 1( 2.00)        -0.3253        -0.1626        -4.4253
     5 1 0.5 5P 1( 0.00)        -0.1124        -0.0562        -1.5297
     5 1 1.5 5P 1( 0.00)        -0.1053        -0.0526        -1.4325
     Averaged results
     1 0     1S 1( 2.00)     -1309.5378      -654.7689    -17817.1691
     2 0     2S 1( 2.00)      -181.4102       -90.7051     -2468.2109
     2 1     2P 1( 6.00)      -161.8505       -80.9253     -2202.0888
     3 0     3S 1( 2.00)       -29.7273       -14.8636      -404.4604
     3 1     3P 1( 6.00)       -23.3429       -11.6715      -317.5970
     4 0     4S 1( 2.00)        -3.9993        -1.9997       -54.4138
     4 1     4P 1( 6.00)        -2.3825        -1.1912       -32.4155
     3 2     3D 1(10.00)       -12.8261        -6.4130      -174.5079
     4 2     4D 1( 2.00)        -0.2619        -0.1310        -3.5637
     5 0     5S 1( 2.00)        -0.3253        -0.1626        -4.4253
     5 1     5P 1( 0.00)        -0.1077        -0.0538        -1.4649

     final scf error:  5.9E-15 reached in  24 iterations
 
     Etot =   -7197.928558 Ry,   -3598.964279 Ha,  -97932.807086 eV

     Ekin =    7438.588086 Ry,    3719.294043 Ha,  101207.146773 eV
     Encl =  -17371.114363 Ry,   -8685.557181 Ha, -236346.051223 eV
     Eh   =    2962.768606 Ry,    1481.384303 Ha,   40310.520449 eV
     Exc  =    -228.170888 Ry,    -114.085444 Ha,   -3104.423084 eV


     normalization and overlap integrals

     s(1S/1S) =  1.000000  <r> =   0.0371  <r2> =    0.0019  r(max) =   0.0241
     s(1S/2S) =  0.000000
     s(1S/3S) = -0.000000
     s(1S/4S) =  0.000000
     s(1S/5S) =  0.000000
     s(2S/2S) =  1.000000  <r> =   0.1623  <r2> =    0.0311  r(max) =   0.1368
     s(2S/3S) =  0.000000
     s(2S/4S) =  0.000000
     s(2S/5S) =  0.000000
     s(2P/2P) =  1.000000  <r> =   0.1387  <r2> =    0.0236  r(max) =   0.1066
     s(2P/3P) =  0.000000
     s(2P/4P) =  0.000000
     s(2P/5P) =  0.000000
     s(2P/2P) =  1.000000  <r> =   0.1430  <r2> =    0.0250  r(max) =   0.1107
     s(2P/3P) =  0.000000
     s(2P/4P) =  0.000000
     s(2P/5P) =  0.000000
     s(3S/3S) =  1.000000  <r> =   0.4583  <r2> =    0.2409  r(max) =   0.4060
     s(3S/4S) =  0.000000
     s(3S/5S) =  0.000000
     s(3P/3P) =  1.000000  <r> =   0.4549  <r2> =    0.2415  r(max) =   0.3960
     s(3P/4P) =  0.000000
     s(3P/5P) =  0.000000
     s(3P/3P) =  1.000000  <r> =   0.4654  <r2> =    0.2525  r(max) =   0.4060
     s(3P/4P) =  0.000000
     s(3P/5P) =  0.000000
     s(4S/4S) =  1.000000  <r> =   1.2132  <r2> =    1.6699  r(max) =   1.0764
     s(4S/5S) =  0.000000
     s(4P/4P) =  1.000000  <r> =   1.3483  <r2> =    2.0877  r(max) =   1.1602
     s(4P/5P) =  0.000000
     s(4P/4P) =  1.000000  <r> =   1.3795  <r2> =    2.1861  r(max) =   1.1896
     s(4P/5P) = -0.000000
     s(3D/3D) =  1.000000  <r> =   0.4505  <r2> =    0.2456  r(max) =   0.3451
     s(3D/4D) = -0.000000
     s(3D/3D) =  1.000000  <r> =   0.4540  <r2> =    0.2493  r(max) =   0.3495
     s(3D/4D) = -0.000000
     s(4D/4D) =  1.000000  <r> =   2.2861  <r2> =    6.5610  r(max) =   1.5859
     s(4D/4D) =  1.000000  <r> =   2.3155  <r2> =    6.7388  r(max) =   1.6058
     s(5S/5S) =  1.000000  <r> =   3.7326  <r2> =   15.9230  r(max) =   3.1538
     s(5P/5P) =  1.000000  <r> =   5.0842  <r2> =   30.1041  r(max) =   4.0496
     s(5P/5P) =  1.000000  <r> =   5.2156  <r2> =   31.6818  r(max) =   4.1521

     ------------------------ End of All-electron run ------------------------


     --------------------- Generating US pseudopotential ---------------------


      Generating local potential from pseudized AE potential:
      Matching radius rcloc =   2.4000

      Local pseudo, rcloc= 2.426 Estimated cut-off energy=     4.21 Ry

      Computing core charge for nlcc: 

       r > 1.10 : true rho core
      Core charge pseudized with two Bessel functions
      Integrated core pseudo-charge :   4.72

     Fully relativistic calculation: |psi|^2

     Wfc 4S LC norm =  0.99976513 SC norm =  0.00023474 missing  0.00000013

     Wfc 5S LC norm =  0.99997271 SC norm =  0.00002501 missing  0.00000228

     Wfc 4P LC norm =  0.99980785 SC norm =  0.00019201 missing  0.00000015

     Wfc 4P LC norm =  0.99981519 SC norm =  0.00018422 missing  0.00000058

     Wfc 5P LC norm =  0.99998562 SC norm =  0.00001347 missing  0.00000091

     Wfc 5P LC norm =  0.99998631 SC norm =  0.00001085 missing  0.00000284

     Wfc 4D LC norm =  0.99992223 SC norm =  0.00007769 missing  0.00000008

     Wfc 4D LC norm =  0.99992388 SC norm =  0.00007090 missing  0.00000522
      Wfc-us  4S rcutus= 1.586  Estimated cut-off energy=    20.52 Ry
      Wfc-us  5S rcutus= 1.586  Estimated cut-off energy=    36.29 Ry
      Wfc-us  4P rcutus= 1.709  Estimated cut-off energy=    27.93 Ry
      Wfc-us  4P rcutus= 1.709  Estimated cut-off energy=    27.80 Ry
      Wfc-us  5P rcutus= 1.709  Estimated cut-off energy=    42.62 Ry
      Wfc-us  5P rcutus= 1.709  Estimated cut-off energy=    40.65 Ry
      Wfc-us  4D rcutus= 1.889  Estimated cut-off energy=    31.55 Ry
      Wfc-us  4D rcutus= 1.889  Estimated cut-off energy=    31.52 Ry
      Wfc-us  4D rcutus= 1.889  Estimated cut-off energy=    33.12 Ry
      Wfc-us  4D rcutus= 1.889  Estimated cut-off energy=    33.03 Ry

      The bmat matrix
    -0.70978     0.54230     0.00000     0.00000     0.00000     0.00000
     0.00000     0.00000     0.00000     0.00000
    -0.18675     0.15460     0.00000     0.00000     0.00000     0.00000
     0.00000     0.00000     0.00000     0.00000
     0.00000     0.00000    -1.60278     0.00000    -0.26295     0.00000
     0.00000     0.00000     0.00000     0.00000
     0.00000     0.00000     0.00000    -1.41554     0.00000    -0.22410
     0.00000     0.00000     0.00000     0.00000
     0.00000     0.00000    -0.35662     0.00000    -0.06536     0.00000
     0.00000     0.00000     0.00000     0.00000
     0.00000     0.00000     0.00000    -0.31107     0.00000    -0.05337
     0.00000     0.00000     0.00000     0.00000
     0.00000     0.00000     0.00000     0.00000     0.00000     0.00000
    -0.54798     0.00000    -0.44066     0.00000
     0.00000     0.00000     0.00000     0.00000     0.00000     0.00000
     0.00000    -0.52609     0.00000    -0.42679
     0.00000     0.00000     0.00000     0.00000     0.00000     0.00000
    -0.43399     0.00000    -0.34879     0.00000
     0.00000     0.00000     0.00000     0.00000     0.00000     0.00000
     0.00000    -0.42108     0.00000    -0.34139

      The bmat + epsilon qq matrix
     1.91211     0.60684     0.00000     0.00000     0.00000     0.00000
     0.00000     0.00000     0.00000     0.00000
     0.60684     0.17453     0.00000     0.00000     0.00000     0.00000
     0.00000     0.00000     0.00000     0.00000
     0.00000     0.00000    -1.24978     0.00000    -0.25848     0.00000
     0.00000     0.00000     0.00000     0.00000
     0.00000     0.00000     0.00000    -1.05718     0.00000    -0.22000
     0.00000     0.00000     0.00000     0.00000
     0.00000     0.00000    -0.25848     0.00000    -0.06412     0.00000
     0.00000     0.00000     0.00000     0.00000
     0.00000     0.00000     0.00000    -0.22000     0.00000    -0.05232
     0.00000     0.00000     0.00000     0.00000
     0.00000     0.00000     0.00000     0.00000     0.00000     0.00000
    -0.55093     0.00000    -0.43714     0.00000
     0.00000     0.00000     0.00000     0.00000     0.00000     0.00000
     0.00000    -0.52847     0.00000    -0.42373
     0.00000     0.00000     0.00000     0.00000     0.00000     0.00000
    -0.43714     0.00000    -0.34526     0.00000
     0.00000     0.00000     0.00000     0.00000     0.00000     0.00000
     0.00000    -0.42372     0.00000    -0.33824

      The qq matrix
    -0.65558    -0.19843     0.00000     0.00000     0.00000     0.00000
     0.00000     0.00000     0.00000     0.00000
    -0.19843    -0.06127     0.00000     0.00000     0.00000     0.00000
     0.00000     0.00000     0.00000     0.00000
     0.00000     0.00000    -0.14296     0.00000    -0.03974     0.00000
     0.00000     0.00000     0.00000     0.00000
     0.00000     0.00000     0.00000    -0.15320     0.00000    -0.03893
     0.00000     0.00000     0.00000     0.00000
     0.00000     0.00000    -0.03974     0.00000    -0.01104     0.00000
     0.00000     0.00000     0.00000     0.00000
     0.00000     0.00000     0.00000    -0.03893     0.00000    -0.01002
     0.00000     0.00000     0.00000     0.00000
     0.00000     0.00000     0.00000     0.00000     0.00000     0.00000
     0.01103     0.00000     0.01174     0.00000
     0.00000     0.00000     0.00000     0.00000     0.00000     0.00000
     0.00000     0.00922     0.00000     0.01022
     0.00000     0.00000     0.00000     0.00000     0.00000     0.00000
     0.01174     0.00000     0.01177     0.00000
     0.00000     0.00000     0.00000     0.00000     0.00000     0.00000
     0.00000     0.01022     0.00000     0.01053

     Q pseudized with Bessel functions
     Expected ecutrho=     339.2384 due to l1=  2   l2=  2

      The ddd matrix
    -2.47842    -0.74327     0.00000     0.00000     0.00000     0.00000
     0.00000     0.00000     0.00000     0.00000
    -0.74327    -0.24757     0.00000     0.00000     0.00000     0.00000
     0.00000     0.00000     0.00000     0.00000
     0.00000     0.00000    -2.13606     0.00000    -0.50977     0.00000
     0.00000     0.00000     0.00000     0.00000
     0.00000     0.00000     0.00000    -1.99461     0.00000    -0.46346
     0.00000     0.00000     0.00000     0.00000
     0.00000     0.00000    -0.50977     0.00000    -0.13492     0.00000
     0.00000     0.00000     0.00000     0.00000
     0.00000     0.00000     0.00000    -0.46346     0.00000    -0.11603
     0.00000     0.00000     0.00000     0.00000
     0.00000     0.00000     0.00000     0.00000     0.00000     0.00000
    -0.45986     0.00000    -0.35014     0.00000
     0.00000     0.00000     0.00000     0.00000     0.00000     0.00000
     0.00000    -0.44400     0.00000    -0.34476
     0.00000     0.00000     0.00000     0.00000     0.00000     0.00000
    -0.35014     0.00000    -0.26349     0.00000
     0.00000     0.00000     0.00000     0.00000     0.00000     0.00000
     0.00000    -0.34476     0.00000    -0.26292

     ------------------- End of pseudopotential generation -------------------

     --------------------------- All-electron run ----------------------------

     Zr                                                                         
     dirac relativistic calculation

     atomic number is 40.00
     dft =PBE   lsd =0 sic =0 latt =0  beta=0.20 tr2=1.0E-14
     Exchange-correlation= PBE
                           (   1   4   3   4   0   0   0)
     mesh =1225 r(mesh) = 100.59681 a.u. xmin = -7.00 dx = 0.01250
     1 Ry =  13.60569312 eV, c = 137.03599908

     n l j   nl                  e(Ry)          e(Ha)          e(eV)
     Spin orbit split results
     1 0 0.5 1S 1( 2.00)     -1309.5378      -654.7689    -17817.1691
     2 0 0.5 2S 1( 2.00)      -181.4102       -90.7051     -2468.2109
     2 1 0.5 2P 1( 2.00)      -166.0575       -83.0287     -2259.3273
     2 1 1.5 2P 1( 4.00)      -159.7471       -79.8735     -2173.4695
     3 0 0.5 3S 1( 2.00)       -29.7273       -14.8636      -404.4604
     3 1 0.5 3P 1( 2.00)       -24.0127       -12.0063      -326.7090
     3 1 1.5 3P 1( 4.00)       -23.0081       -11.5040      -313.0410
     4 0 0.5 4S 1( 2.00)        -3.9993        -1.9997       -54.4138
     4 1 0.5 4P 1( 2.00)        -2.4693        -1.2347       -33.5971
     4 1 1.5 4P 1( 4.00)        -2.3391        -1.1695       -31.8247
     3 2 1.5 3D 1( 4.00)       -12.9362        -6.4681      -176.0059
     3 2 2.5 3D 1( 6.00)       -12.7527        -6.3763      -173.5093
     4 2 1.5 4D 1( 2.00)        -0.2676        -0.1338        -3.6407
     4 2 2.5 4D 1( 0.00)        -0.2582        -0.1291        -3.5124
     5 0 0.5 5S 1( 2.00)        -0.3253        -0.1626        -4.4253
     5 1 0.5 5P 1( 0.00)        -0.1124        -0.0562        -1.5297
     5 1 1.5 5P 1( 0.00)        -0.1053        -0.0526        -1.4325
     Averaged results
     1 0     1S 1( 2.00)     -1309.5378      -654.7689    -17817.1691
     2 0     2S 1( 2.00)      -181.4102       -90.7051     -2468.2109
     2 1     2P 1( 6.00)      -161.8505       -80.9253     -2202.0888
     3 0     3S 1( 2.00)       -29.7273       -14.8636      -404.4604
     3 1     3P 1( 6.00)       -23.3429       -11.6715      -317.5970
     4 0     4S 1( 2.00)        -3.9993        -1.9997       -54.4138
     4 1     4P 1( 6.00)        -2.3825        -1.1912       -32.4155
     3 2     3D 1(10.00)       -12.8261        -6.4130      -174.5079
     4 2     4D 1( 2.00)        -0.2619        -0.1310        -3.5637
     5 0     5S 1( 2.00)        -0.3253        -0.1626        -4.4253
     5 1     5P 1( 0.00)        -0.1077        -0.0538        -1.4649

     final scf error:  5.9E-15 reached in  24 iterations
 
     Etot =   -7197.928558 Ry,   -3598.964279 Ha,  -97932.807086 eV

     Ekin =    7438.588086 Ry,    3719.294043 Ha,  101207.146773 eV
     Encl =  -17371.114363 Ry,   -8685.557181 Ha, -236346.051223 eV
     Eh   =    2962.768606 Ry,    1481.384303 Ha,   40310.520449 eV
     Exc  =    -228.170888 Ry,    -114.085444 Ha,   -3104.423084 eV


     normalization and overlap integrals

     s(1S/1S) =  1.000000  <r> =   0.0371  <r2> =    0.0019  r(max) =   0.0241
     s(1S/2S) =  0.000000
     s(1S/3S) = -0.000000
     s(1S/4S) =  0.000000
     s(1S/5S) =  0.000000
     s(2S/2S) =  1.000000  <r> =   0.1623  <r2> =    0.0311  r(max) =   0.1368
     s(2S/3S) =  0.000000
     s(2S/4S) =  0.000000
     s(2S/5S) =  0.000000
     s(2P/2P) =  1.000000  <r> =   0.1387  <r2> =    0.0236  r(max) =   0.1066
     s(2P/3P) =  0.000000
     s(2P/4P) =  0.000000
     s(2P/5P) =  0.000000
     s(2P/2P) =  1.000000  <r> =   0.1430  <r2> =    0.0250  r(max) =   0.1107
     s(2P/3P) =  0.000000
     s(2P/4P) =  0.000000
     s(2P/5P) =  0.000000
     s(3S/3S) =  1.000000  <r> =   0.4583  <r2> =    0.2409  r(max) =   0.4060
     s(3S/4S) =  0.000000
     s(3S/5S) =  0.000000
     s(3P/3P) =  1.000000  <r> =   0.4549  <r2> =    0.2415  r(max) =   0.3960
     s(3P/4P) =  0.000000
     s(3P/5P) =  0.000000
     s(3P/3P) =  1.000000  <r> =   0.4654  <r2> =    0.2525  r(max) =   0.4060
     s(3P/4P) =  0.000000
     s(3P/5P) =  0.000000
     s(4S/4S) =  1.000000  <r> =   1.2132  <r2> =    1.6699  r(max) =   1.0764
     s(4S/5S) =  0.000000
     s(4P/4P) =  1.000000  <r> =   1.3483  <r2> =    2.0877  r(max) =   1.1602
     s(4P/5P) =  0.000000
     s(4P/4P) =  1.000000  <r> =   1.3795  <r2> =    2.1861  r(max) =   1.1896
     s(4P/5P) = -0.000000
     s(3D/3D) =  1.000000  <r> =   0.4505  <r2> =    0.2456  r(max) =   0.3451
     s(3D/4D) = -0.000000
     s(3D/3D) =  1.000000  <r> =   0.4540  <r2> =    0.2493  r(max) =   0.3495
     s(3D/4D) = -0.000000
     s(4D/4D) =  1.000000  <r> =   2.2861  <r2> =    6.5610  r(max) =   1.5859
     s(4D/4D) =  1.000000  <r> =   2.3155  <r2> =    6.7388  r(max) =   1.6058
     s(5S/5S) =  1.000000  <r> =   3.7326  <r2> =   15.9230  r(max) =   3.1538
     s(5P/5P) =  1.000000  <r> =   5.0842  <r2> =   30.1041  r(max) =   4.0496
     s(5P/5P) =  1.000000  <r> =   5.2156  <r2> =   31.6818  r(max) =   4.1521

     ------------------------ End of All-electron run ------------------------


     ---------------------- Testing the pseudopotential ----------------------

     Zr                                                                         
     dirac relativistic calculation

     atomic number is 40.00   valence charge is 12.00
     dft =PBE   lsd =0 sic =0 latt =0  beta=0.20 tr2=1.0E-14
     mesh =1225 r(mesh) = 100.59681 xmin = -7.00 dx = 0.01250

     n l  j  nl             e AE (Ry)       e PS (Ry)    De AE-PS (Ry) 
     1 0 0.5 4S   1( 2.00)       -3.99934       -3.99934        0.00000
     2 0 0.5 5S   1( 2.00)       -0.32525       -0.32525        0.00000
     2 1 0.5 4P   1( 2.00)       -2.46934       -2.46934        0.00000
     2 1 1.5 4P   1( 4.00)       -2.33907       -2.33908        0.00000
     3 1 0.5 5P   1( 0.00)       -0.11243       -0.11243       -0.00000
     3 1 1.5 5P   1( 0.00)       -0.10529       -0.10529       -0.00000
     3 2 1.5 4D   1( 2.00)       -0.26759       -0.26759       -0.00000
     3 2 2.5 4D   1( 0.00)       -0.25815       -0.25816        0.00000

     eps = 7.0E-17  iter =  4
 
     Etot =   -7197.928558 Ry,   -3598.964279 Ha,  -97932.807086 eV
     Etotps =  -103.302503 Ry,     -51.651251 Ha,   -1405.502152 eV

     Ekin =      36.230482 Ry,      18.115241 Ha,     492.940823 eV
     Encl =    -172.344153 Ry,     -86.172076 Ha,   -2344.861657 eV
     Ehrt =      73.550582 Ry,      36.775291 Ha,    1000.706641 eV
     Ecxc =     -22.117128 Ry,     -11.058564 Ha,    -300.918863 eV
     (Ecc =      -9.227828 Ry,      -4.613914 Ha,    -125.550997 eV)
     Epseu=     -18.622285 Ry,      -9.311143 Ha,    -253.369096 eV

     ---------------------- End of pseudopotential test ----------------------

