[0] MPI startup(): I_MPI_SHM_LMT environment variable is not supported.
[0] MPI startup(): Similar variables:
	 I_MPI_SHM_HEAP
	 I_MPI_SHM
	 I_MPI_SHM_OPT
	 I_MPI_SHM_THP
[0] MPI startup(): To check the list of supported variables, use the impi_info utility or refer to https://software.intel.com/en-us/mpi-library/documentation/get-started.

     Program LD1 v.7.3.1 starts on 19Sep2024 at 21:46:27 

     This program is part of the open-source Quantum ESPRESSO suite
     for quantum simulation of materials; please cite
         "P. Giannozzi et al., J. Phys.:Condens. Matter 21 395502 (2009);
         "P. Giannozzi et al., J. Phys.:Condens. Matter 29 465901 (2017);
         "P. Giannozzi et al., J. Chem. Phys. 152 154105 (2020);
          URL http://www.quantum-espresso.org", 
     in publications or presentations arising from this work. More details at
     http://www.quantum-espresso.org/quote

     Parallel version (MPI), running on     1 processors

     MPI processes distributed on     1 nodes
     89961 MiB available memory on the printing compute node when the environment starts
 
     Waiting for input...
     Reading input from standard input
     --------------------------- All-electron run ----------------------------

     Ag                                                                         
     scalar relativistic calculation

     atomic number is 47.00
     dft =PBE   lsd =0 sic =0 latt =0  beta=0.20 tr2=1.0E-14
     Exchange-correlation= PBE
                           (   1   4   3   4   0   0   0)
     mesh =1237 r(mesh) =  99.46963 a.u. xmin = -7.00 dx = 0.01250
     1 Ry =  13.60569312 eV, c = 137.03599908

     n l     nl                  e(Ry)          e(Ha)          e(eV)
     1 0     1S 1( 2.00)     -1861.9067      -930.9534    -25332.5317
     2 0     2S 1( 2.00)      -274.2765      -137.1383     -3731.7219
     2 1     2P 1( 6.00)      -246.0294      -123.0147     -3347.4006
     3 0     3S 1( 2.00)       -50.4113       -25.2056      -685.8805
     3 1     3P 1( 6.00)       -41.1340       -20.5670      -559.6566
     4 0     4S 1( 2.00)        -7.1350        -3.5675       -97.0761
     4 1     4P 1( 6.00)        -4.4478        -2.2239       -60.5160
     3 2     3D 1(10.00)       -26.5073       -13.2537      -360.6503
     4 2     4D 1( 9.50)        -0.6646        -0.3323        -9.0417
     5 0     5S 1( 1.50)        -0.3658        -0.1829        -4.9771
     5 1     5P 1( 0.00)        -0.0720        -0.0360        -0.9798

     final scf error:  8.3E-15 reached in  27 iterations
 
     Etot =  -10631.945201 Ry,   -5315.972600 Ha, -144654.983704 eV

     Ekin =   11045.601028 Ry,    5522.800514 Ha,  150283.057950 eV
     Encl =  -25693.176489 Ry,  -12846.588245 Ha, -349573.474671 eV
     Eh   =    4313.578245 Ry,    2156.789123 Ha,   58689.221868 eV
     Exc  =    -297.947985 Ry,    -148.973993 Ha,   -4053.788852 eV


     normalization and overlap integrals

     s(1S/1S) =  1.000000  <r> =   0.0311  <r2> =    0.0013  r(max) =   0.0202
     s(1S/2S) = -0.011543
     s(1S/3S) = -0.004772
     s(1S/4S) = -0.002058
     s(1S/5S) = -0.000546
     s(2S/2S) =  1.000000  <r> =   0.1349  <r2> =    0.0215  r(max) =   0.1136
     s(2S/3S) = -0.002911
     s(2S/4S) = -0.001211
     s(2S/5S) = -0.000319
     s(2P/2P) =  1.000000  <r> =   0.1177  <r2> =    0.0169  r(max) =   0.0907
     s(2P/3P) = -0.002378
     s(2P/4P) = -0.000910
     s(2P/5P) = -0.000147
     s(3S/3S) =  1.000000  <r> =   0.3685  <r2> =    0.1553  r(max) =   0.3328
     s(3S/4S) = -0.000799
     s(3S/5S) = -0.000207
     s(3P/3P) =  1.000000  <r> =   0.3676  <r2> =    0.1569  r(max) =   0.3246
     s(3P/4P) = -0.000661
     s(3P/5P) = -0.000105
     s(4S/4S) =  1.000000  <r> =   0.9108  <r2> =    0.9402  r(max) =   0.8186
     s(4S/5S) = -0.000124
     s(4P/4P) =  1.000000  <r> =   0.9983  <r2> =    1.1430  r(max) =   0.8714
     s(4P/5P) = -0.000061
     s(3D/3D) =  1.000000  <r> =   0.3458  <r2> =    0.1425  r(max) =   0.2725
     s(3D/4D) = -0.000388
     s(4D/4D) =  1.000000  <r> =   1.3841  <r2> =    2.3647  r(max) =   1.0252
     s(5S/5S) =  1.000000  <r> =   3.0599  <r2> =   10.8941  r(max) =   2.4592
     s(5P/5P) =  1.000000  <r> =   4.9247  <r2> =   29.4249  r(max) =   3.5782

     ------------------------ End of All-electron run ------------------------


     --------------------- Generating PAW atomic setup --------------------


      Generating local potential from pseudized AE potential:
      Matching radius rcloc =   2.4000

      Local pseudo, rcloc= 2.399 Estimated cut-off energy=     4.33 Ry

      Computing core charge for nlcc: 

       r > 0.79 : true rho core
       r < 0.79 : rho core = a sin(br)/r    a=  18.06  b=   2.68

      Integrated core pseudo-charge :  10.74
      Wfc-us  5S rcutus= 2.282  Estimated cut-off energy=     8.33 Ry
      Wfc-us  5S rcutus= 2.282  Estimated cut-off energy=    20.73 Ry
      Wfc-us  5P rcutus= 2.282  Estimated cut-off energy=    13.36 Ry
      Wfc-us  5P rcutus= 2.282  Estimated cut-off energy=    26.19 Ry
      Wfc-us  4D rcutus= 1.915  Estimated cut-off energy=    32.05 Ry
      Wfc-us  4D rcutus= 1.915  Estimated cut-off energy=    28.80 Ry

      The bmat matrix
     0.47485     0.39380     0.00000     0.00000     0.00000     0.00000
     0.32892     0.35163     0.00000     0.00000     0.00000     0.00000
     0.00000     0.00000     0.06712     0.23707     0.00000     0.00000
     0.00000     0.00000     0.21352     1.07339     0.00000     0.00000
     0.00000     0.00000     0.00000     0.00000    -1.78733    -1.09962
     0.00000     0.00000     0.00000     0.00000     0.09724     0.12063

      The bmat + epsilon qq matrix
     0.49268     0.33205     0.00000     0.00000     0.00000     0.00000
     0.33240     0.53531     0.00000     0.00000     0.00000     0.00000
     0.00000     0.00000     0.06687     0.21361     0.00000     0.00000
     0.00000     0.00000     0.21380     0.89688     0.00000     0.00000
     0.00000     0.00000     0.00000     0.00000    -1.99221    -0.06349
     0.00000     0.00000     0.00000     0.00000    -0.06290     0.66191

      The qq matrix
    -0.04874    -0.00950     0.00000     0.00000     0.00000     0.00000
    -0.00950     0.02826     0.00000     0.00000     0.00000     0.00000
     0.00000     0.00000     0.00349    -0.00391     0.00000     0.00000
     0.00000     0.00000    -0.00391    -0.02942     0.00000     0.00000
     0.00000     0.00000     0.00000     0.00000     0.30831     0.24096
     0.00000     0.00000     0.00000     0.00000     0.24096     0.12588


    multipoles (all-electron charge) - (pseudo charge)
        ns l1:ns1 l2    l=0     l=1     l=2     l=3     l=4     l=5  
         1  0:  1  0 -0.0487
         2  0:  1  0 -0.0095
         2  0:  2  0  0.0283
         3  1:  1  0  0.0000  0.0216
         3  1:  2  0  0.0000  0.0157
         3  1:  3  1  0.0035  0.0000 -0.0114
         4  1:  1  0  0.0000  0.0783
         4  1:  2  0  0.0000  0.0247
         4  1:  3  1 -0.0039  0.0000 -0.0405
         4  1:  4  1 -0.0294  0.0000 -0.1105
         5  2:  1  0  0.0000  0.0000  0.2093
         5  2:  2  0  0.0000  0.0000  0.0369
         5  2:  3  1  0.0000 -0.1036  0.0000 -0.1274
         5  2:  4  1  0.0000 -0.2025  0.0000 -0.1962
         5  2:  5  2  0.3083  0.0000  0.2511  0.0000  0.2764
         6  2:  1  0  0.0000  0.0000 -0.0093
         6  2:  2  0  0.0000  0.0000  0.0011
         6  2:  3  1  0.0000 -0.0180  0.0000  0.0101
         6  2:  4  1  0.0000 -0.0312  0.0000  0.0246
         6  2:  5  2  0.2410  0.0000  0.1949  0.0000  0.2146
         6  2:  6  2  0.1259  0.0000  0.0673  0.0000  0.0329
     Required augmentation: PSQ   radius:    1.600000

     Q pseudized with Bessel functions
     Expected ecutrho=     164.7144 due to l1=  2   l2=  2

     Estimated PAW energy = -354.979140 Ryd

     The PAW screened D coefficients
     0.49268     0.33240     0.00000     0.00000     0.00000     0.00000
     0.33240     0.53531     0.00000     0.00000     0.00000     0.00000
     0.00000     0.00000     0.06687     0.21380     0.00000     0.00000
     0.00000     0.00000     0.21380     0.89688     0.00000     0.00000
     0.00000     0.00000     0.00000     0.00000    -1.99221    -0.06290
     0.00000     0.00000     0.00000     0.00000    -0.06290     0.66191

     The PAW descreened D coefficients (US)
     0.44655     0.57976     0.00000     0.00000     0.00000     0.00000
     0.57976     0.69163     0.00000     0.00000     0.00000     0.00000
     0.00000     0.00000     0.12752     0.33497     0.00000     0.00000
     0.00000     0.00000     0.33497     1.13915     0.00000     0.00000
     0.00000     0.00000     0.00000     0.00000    -0.34668     1.28825
     0.00000     0.00000     0.00000     0.00000     1.28825     1.55877

     ------------------- End of pseudopotential generation -------------------

     --------------------------- All-electron run ----------------------------

     Ag                                                                         
     scalar relativistic calculation

     atomic number is 47.00
     dft = SLA  PW   PBX  PBC   lsd =0 sic =0 latt =0  beta=0.20 tr2=1.0E-14
     Exchange-correlation=  SLA  PW   PBX  PBC
                           (   1   4   3   4   0   0   0)
     mesh =1237 r(mesh) =  99.46963 a.u. xmin = -7.00 dx = 0.01250
     1 Ry =  13.60569312 eV, c = 137.03599908

     n l     nl                  e(Ry)          e(Ha)          e(eV)
     1 0     1S 1( 2.00)     -1861.9067      -930.9534    -25332.5317
     2 0     2S 1( 2.00)      -274.2765      -137.1383     -3731.7219
     2 1     2P 1( 6.00)      -246.0294      -123.0147     -3347.4006
     3 0     3S 1( 2.00)       -50.4113       -25.2056      -685.8805
     3 1     3P 1( 6.00)       -41.1340       -20.5670      -559.6566
     4 0     4S 1( 2.00)        -7.1350        -3.5675       -97.0761
     4 1     4P 1( 6.00)        -4.4478        -2.2239       -60.5160
     3 2     3D 1(10.00)       -26.5073       -13.2537      -360.6503
     4 2     4D 1( 9.50)        -0.6646        -0.3323        -9.0417
     5 0     5S 1( 1.50)        -0.3658        -0.1829        -4.9771
     5 1     5P 1( 0.00)        -0.0720        -0.0360        -0.9798

     final scf error:  8.3E-15 reached in  27 iterations
 
     Etot =  -10631.945201 Ry,   -5315.972600 Ha, -144654.983704 eV

     Ekin =   11045.601028 Ry,    5522.800514 Ha,  150283.057950 eV
     Encl =  -25693.176489 Ry,  -12846.588245 Ha, -349573.474671 eV
     Eh   =    4313.578245 Ry,    2156.789123 Ha,   58689.221868 eV
     Exc  =    -297.947985 Ry,    -148.973993 Ha,   -4053.788852 eV


     normalization and overlap integrals

     s(1S/1S) =  1.000000  <r> =   0.0311  <r2> =    0.0013  r(max) =   0.0202
     s(1S/2S) = -0.011543
     s(1S/3S) = -0.004772
     s(1S/4S) = -0.002058
     s(1S/5S) = -0.000546
     s(2S/2S) =  1.000000  <r> =   0.1349  <r2> =    0.0215  r(max) =   0.1136
     s(2S/3S) = -0.002911
     s(2S/4S) = -0.001211
     s(2S/5S) = -0.000319
     s(2P/2P) =  1.000000  <r> =   0.1177  <r2> =    0.0169  r(max) =   0.0907
     s(2P/3P) = -0.002378
     s(2P/4P) = -0.000910
     s(2P/5P) = -0.000147
     s(3S/3S) =  1.000000  <r> =   0.3685  <r2> =    0.1553  r(max) =   0.3328
     s(3S/4S) = -0.000799
     s(3S/5S) = -0.000207
     s(3P/3P) =  1.000000  <r> =   0.3676  <r2> =    0.1569  r(max) =   0.3246
     s(3P/4P) = -0.000661
     s(3P/5P) = -0.000105
     s(4S/4S) =  1.000000  <r> =   0.9108  <r2> =    0.9402  r(max) =   0.8186
     s(4S/5S) = -0.000124
     s(4P/4P) =  1.000000  <r> =   0.9983  <r2> =    1.1430  r(max) =   0.8714
     s(4P/5P) = -0.000061
     s(3D/3D) =  1.000000  <r> =   0.3458  <r2> =    0.1425  r(max) =   0.2725
     s(3D/4D) = -0.000388
     s(4D/4D) =  1.000000  <r> =   1.3841  <r2> =    2.3647  r(max) =   1.0252
     s(5S/5S) =  1.000000  <r> =   3.0599  <r2> =   10.8941  r(max) =   2.4592
     s(5P/5P) =  1.000000  <r> =   4.9247  <r2> =   29.4249  r(max) =   3.5782

     ------------------------ End of All-electron run ------------------------


     ---------------------- Testing the pseudopotential ----------------------

     Ag                                                                         
     scalar relativistic calculation

     atomic number is 47.00   valence charge is 11.00
     dft = SLA  PW   PBX  PBC   lsd =0 sic =0 latt =0  beta=0.20 tr2=1.0E-14
     mesh =1237 r(mesh) =  99.46963 xmin = -7.00 dx = 0.01250

     n l     nl             e AE (Ry)        e PS (Ry)    De AE-PS (Ry) 
     1 0     5S   1( 1.50)       -0.36581       -0.36581        0.00000
     2 1     5P   1( 0.00)       -0.07201       -0.07201       -0.00000
     3 2     4D   1( 9.50)       -0.66455       -0.66456        0.00000

     eps = 4.3E-17  iter =  4
 
     Etot =  -10631.945201 Ry,   -5315.972600 Ha, -144654.983704 eV
     Etotps =  -354.979145 Ry,    -177.489573 Ha,   -4829.737316 eV

     Ekin =     155.449343 Ry,      77.724672 Ha,    2114.996059 eV
     Encl =    -283.423342 Ry,    -141.711671 Ha,   -3856.171021 eV
     Ehrt =      70.942836 Ry,      35.471418 Ha,     965.226452 eV
     Ecxc =    -297.947982 Ry,    -148.973991 Ha,   -4053.788805 eV
     (Ecc =     -18.698795 Ry,      -9.349398 Ha,    -254.410069 eV)

     ---------------------- End of pseudopotential test ----------------------

