[0] MPI startup(): I_MPI_SHM_LMT environment variable is not supported.
[0] MPI startup(): Similar variables:
	 I_MPI_SHM_HEAP
	 I_MPI_SHM
	 I_MPI_SHM_OPT
	 I_MPI_SHM_THP
[0] MPI startup(): To check the list of supported variables, use the impi_info utility or refer to https://software.intel.com/en-us/mpi-library/documentation/get-started.

     Program LD1 v.7.3.1 starts on 19Sep2024 at 21:46:31 

     This program is part of the open-source Quantum ESPRESSO suite
     for quantum simulation of materials; please cite
         "P. Giannozzi et al., J. Phys.:Condens. Matter 21 395502 (2009);
         "P. Giannozzi et al., J. Phys.:Condens. Matter 29 465901 (2017);
         "P. Giannozzi et al., J. Chem. Phys. 152 154105 (2020);
          URL http://www.quantum-espresso.org", 
     in publications or presentations arising from this work. More details at
     http://www.quantum-espresso.org/quote

     Parallel version (MPI), running on     1 processors

     MPI processes distributed on     1 nodes
     89954 MiB available memory on the printing compute node when the environment starts
 
     Waiting for input...
     Reading input from standard input
     --------------------------- All-electron run ----------------------------

     As                                                                         
     scalar relativistic calculation

     atomic number is 33.00
     dft =PBE   lsd =0 sic =0 latt =0  beta=0.20 tr2=1.0E-14
     Exchange-correlation= PBE
                           (   1   4   3   4   0   0   0)
     mesh =1209 r(mesh) =  99.83237 a.u. xmin = -7.00 dx = 0.01250
     1 Ry =  13.60569312 eV, c = 137.03599908

     n l     nl                  e(Ry)          e(Ha)          e(eV)
     1 0     1S 1( 2.00)      -861.3695      -430.6848    -11719.5295
     2 0     2S 1( 2.00)      -109.2749       -54.6374     -1486.7602
     2 1     2P 1( 6.00)       -95.8167       -47.9084     -1303.6530
     3 0     3S 1( 2.00)       -13.9872        -6.9936      -190.3057
     3 1     3P 1( 6.00)        -9.8251        -4.9126      -133.6776
     3 2     3D 1(10.00)        -2.9874        -1.4937       -40.6457
     4 0     4S 1( 2.00)        -1.0653        -0.5326       -14.4939
     4 1     4P 1( 3.00)        -0.3818        -0.1909        -5.1949

     final scf error:  5.2E-15 reached in  40 iterations
 
     Etot =   -4521.616832 Ry,   -2260.808416 Ha,  -61519.731037 eV

     Ekin =    4608.673546 Ry,    2304.336773 Ha,   62704.197967 eV
     Encl =  -10898.739009 Ry,   -5449.369505 Ha, -148284.898385 eV
     Eh   =    1935.664236 Ry,     967.832118 Ha,   26336.053587 eV
     Exc  =    -167.215605 Ry,     -83.607802 Ha,   -2275.084206 eV


     normalization and overlap integrals

     s(1S/1S) =  1.000000  <r> =   0.0455  <r2> =    0.0028  r(max) =   0.0296
     s(1S/2S) = -0.005339
     s(1S/3S) = -0.002026
     s(1S/4S) = -0.000608
     s(2S/2S) =  1.000000  <r> =   0.2028  <r2> =    0.0485  r(max) =   0.1701
     s(2S/3S) = -0.001193
     s(2S/4S) = -0.000349
     s(2P/2P) =  1.000000  <r> =   0.1772  <r2> =    0.0385  r(max) =   0.1358
     s(2P/3P) = -0.000959
     s(2P/4P) = -0.000216
     s(3S/3S) =  1.000000  <r> =   0.5983  <r2> =    0.4125  r(max) =   0.5239
     s(3S/4S) = -0.000208
     s(3P/3P) =  1.000000  <r> =   0.6172  <r2> =    0.4477  r(max) =   0.5239
     s(3P/4P) = -0.000138
     s(3D/3D) =  1.000000  <r> =   0.6783  <r2> =    0.5823  r(max) =   0.4740
     s(4S/4S) =  1.000000  <r> =   1.9394  <r2> =    4.3371  r(max) =   1.6136
     s(4P/4P) =  1.000000  <r> =   2.5548  <r2> =    7.7624  r(max) =   1.9957

     ------------------------ End of All-electron run ------------------------


     --------------------- Generating PAW atomic setup --------------------


      Generating local pot.: lloc=2, matching radius rcloc =   2.0000

      Computing core charge for nlcc: 

       r > 1.61 : true rho core
      Core charge pseudized with two Bessel functions
      Integrated core pseudo-charge :   4.30
      Wfc-us  4S rcutus= 1.783  Estimated cut-off energy=    14.44 Ry
      Wfc-us  4S rcutus= 1.783  Estimated cut-off energy=    17.42 Ry
      Wfc-us  4P rcutus= 2.021  Estimated cut-off energy=    18.38 Ry
      Wfc-us  4P rcutus= 2.021  Estimated cut-off energy=    19.91 Ry

      The bmat matrix
     1.29889     1.41400     0.00000     0.00000
     1.20295     1.27753     0.00000     0.00000
     0.00000     0.00000     0.14250     0.19111
     0.00000     0.00000     0.15201     0.19603

      The bmat + epsilon qq matrix
     1.47573     1.35636     0.00000     0.00000
     1.35647     1.22741     0.00000     0.00000
     0.00000     0.00000     0.16292     0.17109
     0.00000     0.00000     0.17112     0.17726

      The qq matrix
    -0.16601    -0.14411     0.00000     0.00000
    -0.14411    -0.12532     0.00000     0.00000
     0.00000     0.00000    -0.05348    -0.05006
     0.00000     0.00000    -0.05006    -0.04692


    multipoles (all-electron charge) - (pseudo charge)
        ns l1:ns1 l2    l=0     l=1     l=2     l=3     l=4     l=5  
         1  0:  1  0 -0.1660
         2  0:  1  0 -0.1441
         2  0:  2  0 -0.1253
         3  1:  1  0  0.0000  0.1004
         3  1:  2  0  0.0000  0.0831
         3  1:  3  1 -0.0535  0.0000 -0.0821
         4  1:  1  0  0.0000  0.0930
         4  1:  2  0  0.0000  0.0773
         4  1:  3  1 -0.0501  0.0000 -0.0742
         4  1:  4  1 -0.0469  0.0000 -0.0672
     Required augmentation: PSQ   radius:    1.600000

     Q pseudized with Bessel functions
     Expected ecutrho=     103.1375 due to l1=  1   l2=  1

     Estimated PAW energy = -175.649462 Ryd

     The PAW screened D coefficients
     1.47573     1.35647     0.00000     0.00000
     1.35647     1.22741     0.00000     0.00000
     0.00000     0.00000     0.16292     0.17112
     0.00000     0.00000     0.17112     0.17726

     The PAW descreened D coefficients (US)
     0.38368     0.33710     0.00000     0.00000
     0.33710     0.28797     0.00000     0.00000
     0.00000     0.00000     0.02094     0.02007
     0.00000     0.00000     0.02007     0.01860

     ------------------- End of pseudopotential generation -------------------

     --------------------------- All-electron run ----------------------------

     As                                                                         
     scalar relativistic calculation

     atomic number is 33.00
     dft = SLA  PW   PBX  PBC   lsd =0 sic =0 latt =0  beta=0.20 tr2=1.0E-14
     Exchange-correlation=  SLA  PW   PBX  PBC
                           (   1   4   3   4   0   0   0)
     mesh =1209 r(mesh) =  99.83237 a.u. xmin = -7.00 dx = 0.01250
     1 Ry =  13.60569312 eV, c = 137.03599908

     n l     nl                  e(Ry)          e(Ha)          e(eV)
     1 0     1S 1( 2.00)      -861.3695      -430.6848    -11719.5295
     2 0     2S 1( 2.00)      -109.2749       -54.6374     -1486.7602
     2 1     2P 1( 6.00)       -95.8167       -47.9084     -1303.6530
     3 0     3S 1( 2.00)       -13.9872        -6.9936      -190.3057
     3 1     3P 1( 6.00)        -9.8251        -4.9126      -133.6776
     3 2     3D 1(10.00)        -2.9874        -1.4937       -40.6457
     4 0     4S 1( 2.00)        -1.0653        -0.5326       -14.4939
     4 1     4P 1( 3.00)        -0.3818        -0.1909        -5.1949

     final scf error:  5.2E-15 reached in  40 iterations
 
     Etot =   -4521.616832 Ry,   -2260.808416 Ha,  -61519.731037 eV

     Ekin =    4608.673546 Ry,    2304.336773 Ha,   62704.197967 eV
     Encl =  -10898.739009 Ry,   -5449.369505 Ha, -148284.898385 eV
     Eh   =    1935.664236 Ry,     967.832118 Ha,   26336.053587 eV
     Exc  =    -167.215605 Ry,     -83.607802 Ha,   -2275.084206 eV


     normalization and overlap integrals

     s(1S/1S) =  1.000000  <r> =   0.0455  <r2> =    0.0028  r(max) =   0.0296
     s(1S/2S) = -0.005339
     s(1S/3S) = -0.002026
     s(1S/4S) = -0.000608
     s(2S/2S) =  1.000000  <r> =   0.2028  <r2> =    0.0485  r(max) =   0.1701
     s(2S/3S) = -0.001193
     s(2S/4S) = -0.000349
     s(2P/2P) =  1.000000  <r> =   0.1772  <r2> =    0.0385  r(max) =   0.1358
     s(2P/3P) = -0.000959
     s(2P/4P) = -0.000216
     s(3S/3S) =  1.000000  <r> =   0.5983  <r2> =    0.4125  r(max) =   0.5239
     s(3S/4S) = -0.000208
     s(3P/3P) =  1.000000  <r> =   0.6172  <r2> =    0.4477  r(max) =   0.5239
     s(3P/4P) = -0.000138
     s(3D/3D) =  1.000000  <r> =   0.6783  <r2> =    0.5823  r(max) =   0.4740
     s(4S/4S) =  1.000000  <r> =   1.9394  <r2> =    4.3371  r(max) =   1.6136
     s(4P/4P) =  1.000000  <r> =   2.5548  <r2> =    7.7624  r(max) =   1.9957

     ------------------------ End of All-electron run ------------------------


     ---------------------- Testing the pseudopotential ----------------------

     As                                                                         
     scalar relativistic calculation

     atomic number is 33.00   valence charge is  5.00
     dft = SLA  PW   PBX  PBC   lsd =0 sic =0 latt =0  beta=0.20 tr2=1.0E-14
     mesh =1209 r(mesh) =  99.83237 xmin = -7.00 dx = 0.01250

     n l     nl             e AE (Ry)        e PS (Ry)    De AE-PS (Ry) 
     1 0     4S   1( 2.00)       -1.06528       -1.06529        0.00000
     2 1     4P   1( 3.00)       -0.38182       -0.38182        0.00000

     eps = 2.2E-15  iter =  3
 
     Etot =   -4521.616832 Ry,   -2260.808416 Ha,  -61519.731037 eV
     Etotps =  -175.649473 Ry,     -87.824736 Ha,   -2389.832823 eV

     Ekin =      22.638403 Ry,      11.319202 Ha,     308.011167 eV
     Encl =     -40.939134 Ry,     -20.469567 Ha,    -557.005287 eV
     Ehrt =       9.866860 Ry,       4.933430 Ha,     134.245475 eV
     Ecxc =    -167.215603 Ry,     -83.607801 Ha,   -2275.084178 eV
     (Ecc =      -5.381534 Ry,      -2.690767 Ha,     -73.219500 eV)

     ---------------------- End of pseudopotential test ----------------------

