[0] MPI startup(): I_MPI_SHM_LMT environment variable is not supported.
[0] MPI startup(): Similar variables:
	 I_MPI_SHM_HEAP
	 I_MPI_SHM
	 I_MPI_SHM_OPT
	 I_MPI_SHM_THP
[0] MPI startup(): To check the list of supported variables, use the impi_info utility or refer to https://software.intel.com/en-us/mpi-library/documentation/get-started.

     Program LD1 v.7.3.1 starts on 19Sep2024 at 21:46:33 

     This program is part of the open-source Quantum ESPRESSO suite
     for quantum simulation of materials; please cite
         "P. Giannozzi et al., J. Phys.:Condens. Matter 21 395502 (2009);
         "P. Giannozzi et al., J. Phys.:Condens. Matter 29 465901 (2017);
         "P. Giannozzi et al., J. Chem. Phys. 152 154105 (2020);
          URL http://www.quantum-espresso.org", 
     in publications or presentations arising from this work. More details at
     http://www.quantum-espresso.org/quote

     Parallel version (MPI), running on     1 processors

     MPI processes distributed on     1 nodes
     89953 MiB available memory on the printing compute node when the environment starts
 
     Waiting for input...
     Reading input from standard input
     --------------------------- All-electron run ----------------------------

     Au                                                                         
     scalar relativistic calculation

     atomic number is 79.00
     dft =PBE   lsd =0 sic =0 latt =0  beta=0.20 tr2=1.0E-14
     Exchange-correlation= PBE
                           (   1   4   3   4   0   0   0)
     mesh =1279 r(mesh) = 100.03820 a.u. xmin = -7.00 dx = 0.01250
     1 Ry =  13.60569312 eV, c = 137.03599908

     n l     nl                  e(Ry)          e(Ha)          e(eV)
     1 0     1S 1( 2.00)     -5937.8510     -2968.9255    -80788.5789
     2 0     2S 1( 2.00)     -1047.6448      -523.8224    -14253.9334
     2 1     2P 1( 6.00)      -905.5357      -452.7678    -12320.4405
     3 0     3S 1( 2.00)      -247.2699      -123.6349     -3364.2783
     3 1     3P 1( 6.00)      -206.0597      -103.0298     -2803.5848
     4 0     4S 1( 2.00)       -53.6700       -26.8350      -730.2170
     4 1     4P 1( 6.00)       -40.1602       -20.0801      -546.4072
     3 2     3D 1(10.00)      -162.0868       -81.0434     -2205.3027
     5 0     5S 1( 2.00)        -7.9649        -3.9825      -108.3683
     5 1     5P 1( 6.00)        -4.3939        -2.1969       -59.7817
     4 2     4D 1(10.00)       -23.9531       -11.9765      -325.8979
     4 3     4F 1(14.00)        -5.9624        -2.9812       -81.1221
     5 2     5D 1(10.00)        -0.5054        -0.2527        -6.8769
     6 0     6S 1( 1.00)        -0.4235        -0.2117        -5.7619
     6 1     6P 1( 0.00)        -0.0566        -0.0283        -0.7702

     final scf error:  3.8E-15 reached in  36 iterations
 
     Etot =  -38023.750736 Ry,  -19011.875368 Ha, -517339.483893 eV

     Ekin =   42555.914498 Ry,   21277.957249 Ha,  579002.713235 eV
     Encl =  -94627.523971 Ry,  -47313.761985 Ha,-1287473.052138 eV
     Eh   =   14772.435361 Ry,    7386.217681 Ha,  200989.222207 eV
     Exc  =    -724.576625 Ry,    -362.288312 Ha,   -9858.367198 eV


     normalization and overlap integrals

     s(1S/1S) =  1.000000  <r> =   0.0169  <r2> =    0.0004  r(max) =   0.0104
     s(1S/2S) = -0.037373
     s(1S/3S) = -0.016391
     s(1S/4S) = -0.008093
     s(1S/5S) = -0.003595
     s(1S/6S) = -0.001032
     s(2S/2S) =  1.000000  <r> =   0.0711  <r2> =    0.0060  r(max) =   0.0604
     s(2S/3S) = -0.010545
     s(2S/4S) = -0.004962
     s(2S/5S) = -0.002182
     s(2S/6S) = -0.000625
     s(2P/2P) =  1.000000  <r> =   0.0642  <r2> =    0.0050  r(max) =   0.0501
     s(2P/3P) = -0.008243
     s(2P/4P) = -0.003675
     s(2P/5P) = -0.001477
     s(2P/6P) = -0.000245
     s(3S/3S) =  1.000000  <r> =   0.1838  <r2> =    0.0386  r(max) =   0.1704
     s(3S/4S) = -0.003619
     s(3S/5S) = -0.001537
     s(3S/6S) = -0.000438
     s(3P/3P) =  1.000000  <r> =   0.1851  <r2> =    0.0397  r(max) =   0.1683
     s(3P/4P) = -0.003035
     s(3P/5P) = -0.001180
     s(3P/6P) = -0.000195
     s(4S/4S) =  1.000000  <r> =   0.4070  <r2> =    0.1869  r(max) =   0.3841
     s(4S/5S) = -0.001081
     s(4S/6S) = -0.000303
     s(4P/4P) =  1.000000  <r> =   0.4335  <r2> =    0.2136  r(max) =   0.4038
     s(4P/5P) = -0.000842
     s(4P/6P) = -0.000137
     s(3D/3D) =  1.000000  <r> =   0.1677  <r2> =    0.0329  r(max) =   0.1378
     s(3D/4D) = -0.002215
     s(3D/5D) = -0.000604
     s(5S/5S) =  1.000000  <r> =   0.9270  <r2> =    0.9644  r(max) =   0.8441
     s(5S/6S) = -0.000175
     s(5P/5P) =  1.000000  <r> =   1.0731  <r2> =    1.3040  r(max) =   0.9565
     s(5P/6P) = -0.000075
     s(4D/4D) =  1.000000  <r> =   0.4584  <r2> =    0.2428  r(max) =   0.4088
     s(4D/5D) = -0.000473
     s(4F/4F) =  1.000000  <r> =   0.4987  <r2> =    0.3015  r(max) =   0.3746
     s(5D/5D) =  1.000000  <r> =   1.6193  <r2> =    3.1846  r(max) =   1.2129
     s(6S/6S) =  1.000000  <r> =   2.8675  <r2> =    9.5123  r(max) =   2.3234
     s(6P/6P) =  1.000000  <r> =   5.0740  <r2> =   31.4105  r(max) =   3.6439

     ------------------------ End of All-electron run ------------------------


     --------------------- Generating US pseudopotential ---------------------


      Generating local potential from pseudized AE potential:
      Matching radius rcloc =   2.4000
      Enforcing V''(0)=0 (lloc=-2)

      Local pseudo, rcloc= 2.412 Estimated cut-off energy=     5.63 Ry

      Computing core charge for nlcc: 

       r > 1.62 : true rho core
      Core charge pseudized with two Bessel functions
      Integrated core pseudo-charge :  10.64
      Wfc-us  6S rcutus= 2.295  Estimated cut-off energy=     8.40 Ry
      Wfc-us  6S rcutus= 2.295  Estimated cut-off energy=    13.62 Ry
      Wfc-us  6P rcutus= 2.412  Estimated cut-off energy=    12.01 Ry
      Wfc-us  6P rcutus= 2.412  Estimated cut-off energy=    18.70 Ry
      Wfc-us  5D rcutus= 2.183  Estimated cut-off energy=    24.69 Ry
      Wfc-us  5D rcutus= 2.183  Estimated cut-off energy=    26.12 Ry

      The bmat matrix
     0.47206     0.82494     0.00000     0.00000     0.00000     0.00000
     0.53882     1.00171     0.00000     0.00000     0.00000     0.00000
     0.00000     0.00000     0.06500     0.21913     0.00000     0.00000
     0.00000     0.00000     0.18581     0.73314     0.00000     0.00000
     0.00000     0.00000     0.00000     0.00000    -1.58450    -0.91887
     0.00000     0.00000     0.00000     0.00000    -0.88705    -0.51481

      The bmat + epsilon qq matrix
     0.50786     0.58313     0.00000     0.00000     0.00000     0.00000
     0.58334     0.70327     0.00000     0.00000     0.00000     0.00000
     0.00000     0.00000     0.06490     0.18619     0.00000     0.00000
     0.00000     0.00000     0.18633     0.52703     0.00000     0.00000
     0.00000     0.00000     0.00000     0.00000    -1.71924    -0.96529
     0.00000     0.00000     0.00000     0.00000    -0.96527    -0.54176

      The qq matrix
    -0.08453    -0.10513     0.00000     0.00000     0.00000     0.00000
    -0.10513    -0.12976     0.00000     0.00000     0.00000     0.00000
     0.00000     0.00000     0.00185    -0.00915     0.00000     0.00000
     0.00000     0.00000    -0.00915    -0.05725     0.00000     0.00000
     0.00000     0.00000     0.00000     0.00000     0.26657     0.15476
     0.00000     0.00000     0.00000     0.00000     0.15476     0.08983

     Q pseudized with Bessel functions
     Expected ecutrho=     356.5499 due to l1=  2   l2=  2

      The ddd matrix
     0.29295     0.30850     0.00000     0.00000     0.00000     0.00000
     0.30850     0.35620     0.00000     0.00000     0.00000     0.00000
     0.00000     0.00000     0.07684     0.17616     0.00000     0.00000
     0.00000     0.00000     0.17616     0.40287     0.00000     0.00000
     0.00000     0.00000     0.00000     0.00000    -0.96699    -0.52828
     0.00000     0.00000     0.00000     0.00000    -0.52828    -0.28793

     ------------------- End of pseudopotential generation -------------------

     --------------------------- All-electron run ----------------------------

     Au                                                                         
     scalar relativistic calculation

     atomic number is 79.00
     dft =PBE   lsd =0 sic =0 latt =0  beta=0.20 tr2=1.0E-14
     Exchange-correlation= PBE
                           (   1   4   3   4   0   0   0)
     mesh =1279 r(mesh) = 100.03820 a.u. xmin = -7.00 dx = 0.01250
     1 Ry =  13.60569312 eV, c = 137.03599908

     n l     nl                  e(Ry)          e(Ha)          e(eV)
     1 0     1S 1( 2.00)     -5937.8510     -2968.9255    -80788.5789
     2 0     2S 1( 2.00)     -1047.6448      -523.8224    -14253.9334
     2 1     2P 1( 6.00)      -905.5357      -452.7678    -12320.4405
     3 0     3S 1( 2.00)      -247.2699      -123.6349     -3364.2783
     3 1     3P 1( 6.00)      -206.0597      -103.0298     -2803.5848
     4 0     4S 1( 2.00)       -53.6700       -26.8350      -730.2170
     4 1     4P 1( 6.00)       -40.1602       -20.0801      -546.4072
     3 2     3D 1(10.00)      -162.0868       -81.0434     -2205.3027
     5 0     5S 1( 2.00)        -7.9649        -3.9825      -108.3683
     5 1     5P 1( 6.00)        -4.3939        -2.1969       -59.7817
     4 2     4D 1(10.00)       -23.9531       -11.9765      -325.8979
     4 3     4F 1(14.00)        -5.9624        -2.9812       -81.1221
     5 2     5D 1(10.00)        -0.5054        -0.2527        -6.8769
     6 0     6S 1( 1.00)        -0.4235        -0.2117        -5.7619
     6 1     6P 1( 0.00)        -0.0566        -0.0283        -0.7702

     final scf error:  3.8E-15 reached in  36 iterations
 
     Etot =  -38023.750736 Ry,  -19011.875368 Ha, -517339.483893 eV

     Ekin =   42555.914498 Ry,   21277.957249 Ha,  579002.713235 eV
     Encl =  -94627.523971 Ry,  -47313.761985 Ha,-1287473.052138 eV
     Eh   =   14772.435361 Ry,    7386.217681 Ha,  200989.222207 eV
     Exc  =    -724.576625 Ry,    -362.288312 Ha,   -9858.367198 eV


     normalization and overlap integrals

     s(1S/1S) =  1.000000  <r> =   0.0169  <r2> =    0.0004  r(max) =   0.0104
     s(1S/2S) = -0.037373
     s(1S/3S) = -0.016391
     s(1S/4S) = -0.008093
     s(1S/5S) = -0.003595
     s(1S/6S) = -0.001032
     s(2S/2S) =  1.000000  <r> =   0.0711  <r2> =    0.0060  r(max) =   0.0604
     s(2S/3S) = -0.010545
     s(2S/4S) = -0.004962
     s(2S/5S) = -0.002182
     s(2S/6S) = -0.000625
     s(2P/2P) =  1.000000  <r> =   0.0642  <r2> =    0.0050  r(max) =   0.0501
     s(2P/3P) = -0.008243
     s(2P/4P) = -0.003675
     s(2P/5P) = -0.001477
     s(2P/6P) = -0.000245
     s(3S/3S) =  1.000000  <r> =   0.1838  <r2> =    0.0386  r(max) =   0.1704
     s(3S/4S) = -0.003619
     s(3S/5S) = -0.001537
     s(3S/6S) = -0.000438
     s(3P/3P) =  1.000000  <r> =   0.1851  <r2> =    0.0397  r(max) =   0.1683
     s(3P/4P) = -0.003035
     s(3P/5P) = -0.001180
     s(3P/6P) = -0.000195
     s(4S/4S) =  1.000000  <r> =   0.4070  <r2> =    0.1869  r(max) =   0.3841
     s(4S/5S) = -0.001081
     s(4S/6S) = -0.000303
     s(4P/4P) =  1.000000  <r> =   0.4335  <r2> =    0.2136  r(max) =   0.4038
     s(4P/5P) = -0.000842
     s(4P/6P) = -0.000137
     s(3D/3D) =  1.000000  <r> =   0.1677  <r2> =    0.0329  r(max) =   0.1378
     s(3D/4D) = -0.002215
     s(3D/5D) = -0.000604
     s(5S/5S) =  1.000000  <r> =   0.9270  <r2> =    0.9644  r(max) =   0.8441
     s(5S/6S) = -0.000175
     s(5P/5P) =  1.000000  <r> =   1.0731  <r2> =    1.3040  r(max) =   0.9565
     s(5P/6P) = -0.000075
     s(4D/4D) =  1.000000  <r> =   0.4584  <r2> =    0.2428  r(max) =   0.4088
     s(4D/5D) = -0.000473
     s(4F/4F) =  1.000000  <r> =   0.4987  <r2> =    0.3015  r(max) =   0.3746
     s(5D/5D) =  1.000000  <r> =   1.6193  <r2> =    3.1846  r(max) =   1.2129
     s(6S/6S) =  1.000000  <r> =   2.8675  <r2> =    9.5123  r(max) =   2.3234
     s(6P/6P) =  1.000000  <r> =   5.0740  <r2> =   31.4105  r(max) =   3.6439

     ------------------------ End of All-electron run ------------------------


     ---------------------- Testing the pseudopotential ----------------------

     Au                                                                         
     scalar relativistic calculation

     atomic number is 79.00   valence charge is 11.00
     dft =PBE   lsd =0 sic =0 latt =0  beta=0.20 tr2=1.0E-14
     mesh =1279 r(mesh) = 100.03820 xmin = -7.00 dx = 0.01250

     n l     nl             e AE (Ry)        e PS (Ry)    De AE-PS (Ry) 
     1 0     6S   1( 1.00)       -0.42349       -0.42350        0.00000
     2 1     6P   1( 0.00)       -0.05661       -0.05661       -0.00000
     3 2     5D   1(10.00)       -0.50544       -0.50544        0.00000

     eps = 2.3E-15  iter =  3
 
     Etot =  -38023.750736 Ry,  -19011.875368 Ha, -517339.483893 eV
     Etotps =   -85.128353 Ry,     -42.564176 Ha,   -1158.230244 eV

     Ekin =      26.737163 Ry,      13.368582 Ha,     363.777635 eV
     Encl =    -134.762036 Ry,     -67.381018 Ha,   -1833.530913 eV
     Ehrt =      64.179889 Ry,      32.089944 Ha,     873.211872 eV
     Ecxc =     -31.906429 Ry,     -15.953214 Ha,    -434.109078 eV
     (Ecc =     -17.272451 Ry,      -8.636226 Ha,    -235.003674 eV)
     Epseu=      -9.376939 Ry,      -4.688470 Ha,    -127.579760 eV

     ---------------------- End of pseudopotential test ----------------------

