[0] MPI startup(): I_MPI_SHM_LMT environment variable is not supported.
[0] MPI startup(): Similar variables:
	 I_MPI_SHM_HEAP
	 I_MPI_SHM
	 I_MPI_SHM_OPT
	 I_MPI_SHM_THP
[0] MPI startup(): To check the list of supported variables, use the impi_info utility or refer to https://software.intel.com/en-us/mpi-library/documentation/get-started.

     Program LD1 v.7.3.1 starts on 19Sep2024 at 21:46:35 

     This program is part of the open-source Quantum ESPRESSO suite
     for quantum simulation of materials; please cite
         "P. Giannozzi et al., J. Phys.:Condens. Matter 21 395502 (2009);
         "P. Giannozzi et al., J. Phys.:Condens. Matter 29 465901 (2017);
         "P. Giannozzi et al., J. Chem. Phys. 152 154105 (2020);
          URL http://www.quantum-espresso.org", 
     in publications or presentations arising from this work. More details at
     http://www.quantum-espresso.org/quote

     Parallel version (MPI), running on     1 processors

     MPI processes distributed on     1 nodes
     89958 MiB available memory on the printing compute node when the environment starts
 
     Waiting for input...
     Reading input from standard input
     --------------------------- All-electron run ----------------------------

     Bi                                                                         
     scalar relativistic calculation

     atomic number is 83.00
     dft =PBE   lsd =0 sic =0 latt =0  beta=0.20 tr2=1.0E-14
     Exchange-correlation= PBE
                           (   1   4   3   4   0   0   0)
     mesh =1283 r(mesh) = 100.09897 a.u. xmin = -7.00 dx = 0.01250
     1 Ry =  13.60569312 eV, c = 137.03599908

     n l     nl                  e(Ry)          e(Ha)          e(eV)
     1 0     1S 1( 2.00)     -6665.5073     -3332.7537    -90688.8472
     2 0     2S 1( 2.00)     -1197.5885      -598.7943    -16294.0217
     2 1     2P 1( 6.00)     -1024.1629      -512.0815    -13934.4465
     3 0     3S 1( 2.00)      -289.0843      -144.5421     -3933.1922
     3 1     3P 1( 6.00)      -239.5522      -119.7761     -3259.2741
     4 0     4S 1( 2.00)       -66.3549       -33.1775      -902.8047
     4 1     4P 1( 6.00)       -50.1307       -25.0653      -682.0624
     3 2     3D 1(10.00)      -189.8837       -94.9419     -2583.5000
     5 0     5S 1( 2.00)       -11.5973        -5.7987      -157.7897
     5 1     5P 1( 6.00)        -7.0454        -3.5227       -95.8579
     4 2     4D 1(10.00)       -31.6089       -15.8044      -430.0605
     4 3     4F 1(14.00)       -11.2154        -5.6077      -152.5933
     5 2     5D 1(10.00)        -1.9905        -0.9953       -27.0822
     6 0     6S 1( 2.00)        -1.0640        -0.5320       -14.4766
     6 1     6P 1( 3.00)        -0.3359        -0.1680        -4.5707

     final scf error:  3.7E-15 reached in  29 iterations
 
     Etot =  -43061.551493 Ry,  -21530.775746 Ha, -585882.255011 eV

     Ekin =   48864.622193 Ry,   24432.311096 Ha,  664837.054128 eV
     Encl = -107661.855134 Ry,  -53830.927567 Ha,-1464814.162009 eV
     Eh   =   16524.784288 Ry,    8262.392144 Ha,  224831.143949 eV
     Exc  =    -789.102840 Ry,    -394.551420 Ha,  -10736.291080 eV


     normalization and overlap integrals

     s(1S/1S) =  1.000000  <r> =   0.0158  <r2> =    0.0003  r(max) =   0.0096
     s(1S/2S) = -0.042071
     s(1S/3S) = -0.018454
     s(1S/4S) = -0.009198
     s(1S/5S) = -0.004271
     s(1S/6S) = -0.001528
     s(2S/2S) =  1.000000  <r> =   0.0665  <r2> =    0.0052  r(max) =   0.0561
     s(2S/3S) = -0.011953
     s(2S/4S) = -0.005673
     s(2S/5S) = -0.002606
     s(2S/6S) = -0.000931
     s(2P/2P) =  1.000000  <r> =   0.0605  <r2> =    0.0045  r(max) =   0.0471
     s(2P/3P) = -0.009248
     s(2P/4P) = -0.004167
     s(2P/5P) = -0.001784
     s(2P/6P) = -0.000487
     s(3S/3S) =  1.000000  <r> =   0.1716  <r2> =    0.0337  r(max) =   0.1582
     s(3S/4S) = -0.004164
     s(3S/5S) = -0.001844
     s(3S/6S) = -0.000654
     s(3P/3P) =  1.000000  <r> =   0.1737  <r2> =    0.0350  r(max) =   0.1582
     s(3P/4P) = -0.003473
     s(3P/5P) = -0.001435
     s(3P/6P) = -0.000390
     s(4S/4S) =  1.000000  <r> =   0.3770  <r2> =    0.1603  r(max) =   0.3565
     s(4S/5S) = -0.001313
     s(4S/6S) = -0.000457
     s(4P/4P) =  1.000000  <r> =   0.4026  <r2> =    0.1841  r(max) =   0.3748
     s(4P/5P) = -0.001040
     s(4P/6P) = -0.000278
     s(3D/3D) =  1.000000  <r> =   0.1575  <r2> =    0.0290  r(max) =   0.1295
     s(3D/4D) = -0.002544
     s(3D/5D) = -0.000842
     s(5S/5S) =  1.000000  <r> =   0.8309  <r2> =    0.7730  r(max) =   0.7739
     s(5S/6S) = -0.000277
     s(5P/5P) =  1.000000  <r> =   0.9481  <r2> =    1.0130  r(max) =   0.8553
     s(5P/6P) = -0.000162
     s(4D/4D) =  1.000000  <r> =   0.4225  <r2> =    0.2059  r(max) =   0.3795
     s(4D/5D) = -0.000673
     s(4F/4F) =  1.000000  <r> =   0.4410  <r2> =    0.2322  r(max) =   0.3434
     s(5D/5D) =  1.000000  <r> =   1.2346  <r2> =    1.7660  r(max) =   1.0316
     s(6S/6S) =  1.000000  <r> =   2.1725  <r2> =    5.3476  r(max) =   1.8798
     s(6P/6P) =  1.000000  <r> =   3.0603  <r2> =   10.8777  r(max) =   2.4441

     ------------------------ End of All-electron run ------------------------


     --------------------- Generating US pseudopotential ---------------------


      Generating local potential from pseudized AE potential:
      Matching radius rcloc =   2.2000
      Enforcing V''(0)=0 (lloc=-2)

      Local pseudo, rcloc= 2.184 Estimated cut-off energy=     6.79 Ry

      Computing core charge for nlcc: 

       r > 1.41 : true rho core
      Core charge pseudized with two Bessel functions
      Integrated core pseudo-charge :  11.63
      Wfc-us  6S rcutus= 2.184  Estimated cut-off energy=     9.94 Ry
      Wfc-us  6S rcutus= 2.184  Estimated cut-off energy=    12.66 Ry
      Wfc-us  6P rcutus= 2.296  Estimated cut-off energy=    13.98 Ry
      Wfc-us  6P rcutus= 2.296  Estimated cut-off energy=    14.74 Ry
      Wfc-us  5D rcutus= 1.976  Estimated cut-off energy=    31.04 Ry
      Wfc-us  5D rcutus= 1.976  Estimated cut-off energy=    26.35 Ry

      The bmat matrix
     1.37355     1.37265     0.00000     0.00000     0.00000     0.00000
     1.06197     1.07817     0.00000     0.00000     0.00000     0.00000
     0.00000     0.00000     0.35033     0.37600     0.00000     0.00000
     0.00000     0.00000     0.35250     0.37970     0.00000     0.00000
     0.00000     0.00000     0.00000     0.00000    -2.45813    -1.13748
     0.00000     0.00000     0.00000     0.00000     0.06250     0.12111

      The bmat + epsilon qq matrix
     1.70041     1.32347     0.00000     0.00000     0.00000     0.00000
     1.32359     1.03873     0.00000     0.00000     0.00000     0.00000
     0.00000     0.00000     0.36422     0.36722     0.00000     0.00000
     0.00000     0.00000     0.36725     0.37040     0.00000     0.00000
     0.00000     0.00000     0.00000     0.00000    -3.22573    -0.46990
     0.00000     0.00000     0.00000     0.00000    -0.46903     0.42336

      The qq matrix
    -0.30719    -0.24589     0.00000     0.00000     0.00000     0.00000
    -0.24589    -0.19719     0.00000     0.00000     0.00000     0.00000
     0.00000     0.00000    -0.04134    -0.04391     0.00000     0.00000
     0.00000     0.00000    -0.04391    -0.04651     0.00000     0.00000
     0.00000     0.00000     0.00000     0.00000     0.38563     0.26703
     0.00000     0.00000     0.00000     0.00000     0.26703     0.12090

     Q pseudized with Bessel functions
     Expected ecutrho=     442.6167 due to l1=  2   l2=  2

      The ddd matrix
     0.40991     0.28117     0.00000     0.00000     0.00000     0.00000
     0.28117     0.19560     0.00000     0.00000     0.00000     0.00000
     0.00000     0.00000     0.23865     0.22957     0.00000     0.00000
     0.00000     0.00000     0.22957     0.22049     0.00000     0.00000
     0.00000     0.00000     0.00000     0.00000    -1.49925     0.72691
     0.00000     0.00000     0.00000     0.00000     0.72691     0.98759

     ------------------- End of pseudopotential generation -------------------

     --------------------------- All-electron run ----------------------------

     Bi                                                                         
     scalar relativistic calculation

     atomic number is 83.00
     dft =PBE   lsd =0 sic =0 latt =0  beta=0.20 tr2=1.0E-14
     Exchange-correlation= PBE
                           (   1   4   3   4   0   0   0)
     mesh =1283 r(mesh) = 100.09897 a.u. xmin = -7.00 dx = 0.01250
     1 Ry =  13.60569312 eV, c = 137.03599908

     n l     nl                  e(Ry)          e(Ha)          e(eV)
     1 0     1S 1( 2.00)     -6665.5073     -3332.7537    -90688.8472
     2 0     2S 1( 2.00)     -1197.5885      -598.7943    -16294.0217
     2 1     2P 1( 6.00)     -1024.1629      -512.0815    -13934.4465
     3 0     3S 1( 2.00)      -289.0843      -144.5421     -3933.1922
     3 1     3P 1( 6.00)      -239.5522      -119.7761     -3259.2741
     4 0     4S 1( 2.00)       -66.3549       -33.1775      -902.8047
     4 1     4P 1( 6.00)       -50.1307       -25.0653      -682.0624
     3 2     3D 1(10.00)      -189.8837       -94.9419     -2583.5000
     5 0     5S 1( 2.00)       -11.5973        -5.7987      -157.7897
     5 1     5P 1( 6.00)        -7.0454        -3.5227       -95.8579
     4 2     4D 1(10.00)       -31.6089       -15.8044      -430.0605
     4 3     4F 1(14.00)       -11.2154        -5.6077      -152.5933
     5 2     5D 1(10.00)        -1.9905        -0.9953       -27.0822
     6 0     6S 1( 2.00)        -1.0640        -0.5320       -14.4766
     6 1     6P 1( 3.00)        -0.3359        -0.1680        -4.5707

     final scf error:  3.7E-15 reached in  29 iterations
 
     Etot =  -43061.551493 Ry,  -21530.775746 Ha, -585882.255011 eV

     Ekin =   48864.622193 Ry,   24432.311096 Ha,  664837.054128 eV
     Encl = -107661.855134 Ry,  -53830.927567 Ha,-1464814.162009 eV
     Eh   =   16524.784288 Ry,    8262.392144 Ha,  224831.143949 eV
     Exc  =    -789.102840 Ry,    -394.551420 Ha,  -10736.291080 eV


     normalization and overlap integrals

     s(1S/1S) =  1.000000  <r> =   0.0158  <r2> =    0.0003  r(max) =   0.0096
     s(1S/2S) = -0.042071
     s(1S/3S) = -0.018454
     s(1S/4S) = -0.009198
     s(1S/5S) = -0.004271
     s(1S/6S) = -0.001528
     s(2S/2S) =  1.000000  <r> =   0.0665  <r2> =    0.0052  r(max) =   0.0561
     s(2S/3S) = -0.011953
     s(2S/4S) = -0.005673
     s(2S/5S) = -0.002606
     s(2S/6S) = -0.000931
     s(2P/2P) =  1.000000  <r> =   0.0605  <r2> =    0.0045  r(max) =   0.0471
     s(2P/3P) = -0.009248
     s(2P/4P) = -0.004167
     s(2P/5P) = -0.001784
     s(2P/6P) = -0.000487
     s(3S/3S) =  1.000000  <r> =   0.1716  <r2> =    0.0337  r(max) =   0.1582
     s(3S/4S) = -0.004164
     s(3S/5S) = -0.001844
     s(3S/6S) = -0.000654
     s(3P/3P) =  1.000000  <r> =   0.1737  <r2> =    0.0350  r(max) =   0.1582
     s(3P/4P) = -0.003473
     s(3P/5P) = -0.001435
     s(3P/6P) = -0.000390
     s(4S/4S) =  1.000000  <r> =   0.3770  <r2> =    0.1603  r(max) =   0.3565
     s(4S/5S) = -0.001313
     s(4S/6S) = -0.000457
     s(4P/4P) =  1.000000  <r> =   0.4026  <r2> =    0.1841  r(max) =   0.3748
     s(4P/5P) = -0.001040
     s(4P/6P) = -0.000278
     s(3D/3D) =  1.000000  <r> =   0.1575  <r2> =    0.0290  r(max) =   0.1295
     s(3D/4D) = -0.002544
     s(3D/5D) = -0.000842
     s(5S/5S) =  1.000000  <r> =   0.8309  <r2> =    0.7730  r(max) =   0.7739
     s(5S/6S) = -0.000277
     s(5P/5P) =  1.000000  <r> =   0.9481  <r2> =    1.0130  r(max) =   0.8553
     s(5P/6P) = -0.000162
     s(4D/4D) =  1.000000  <r> =   0.4225  <r2> =    0.2059  r(max) =   0.3795
     s(4D/5D) = -0.000673
     s(4F/4F) =  1.000000  <r> =   0.4410  <r2> =    0.2322  r(max) =   0.3434
     s(5D/5D) =  1.000000  <r> =   1.2346  <r2> =    1.7660  r(max) =   1.0316
     s(6S/6S) =  1.000000  <r> =   2.1725  <r2> =    5.3476  r(max) =   1.8798
     s(6P/6P) =  1.000000  <r> =   3.0603  <r2> =   10.8777  r(max) =   2.4441

     ------------------------ End of All-electron run ------------------------


     ---------------------- Testing the pseudopotential ----------------------

     Bi                                                                         
     scalar relativistic calculation

     atomic number is 83.00   valence charge is 15.00
     dft =PBE   lsd =0 sic =0 latt =0  beta=0.20 tr2=1.0E-14
     mesh =1283 r(mesh) = 100.09897 xmin = -7.00 dx = 0.01250

     n l     nl             e AE (Ry)        e PS (Ry)    De AE-PS (Ry) 
     1 0     6S   1( 2.00)       -1.06401       -1.06401        0.00000
     2 1     6P   1( 3.00)       -0.33594       -0.33594        0.00000
     3 2     5D   1(10.00)       -1.99050       -1.99050        0.00000

     eps = 1.9E-15  iter =  3
 
     Etot =  -43061.551493 Ry,  -21530.775746 Ha, -585882.255011 eV
     Etotps =  -166.016043 Ry,     -83.008021 Ha,   -2258.763328 eV

     Ekin =      37.479686 Ry,      18.739843 Ha,     509.937101 eV
     Encl =    -269.253731 Ry,    -134.626865 Ha,   -3663.383634 eV
     Ehrt =     123.640923 Ry,      61.820462 Ha,    1682.220458 eV
     Ecxc =     -44.426164 Ry,     -22.213082 Ha,    -604.448754 eV
     (Ecc =     -22.260742 Ry,     -11.130371 Ha,    -302.872821 eV)
     Epseu=     -13.456756 Ry,      -6.728378 Ha,    -183.088499 eV

     ---------------------- End of pseudopotential test ----------------------

