[0] MPI startup(): I_MPI_SHM_LMT environment variable is not supported.
[0] MPI startup(): Similar variables:
	 I_MPI_SHM_HEAP
	 I_MPI_SHM
	 I_MPI_SHM_OPT
	 I_MPI_SHM_THP
[0] MPI startup(): To check the list of supported variables, use the impi_info utility or refer to https://software.intel.com/en-us/mpi-library/documentation/get-started.

     Program LD1 v.7.3.1 starts on 19Sep2024 at 21:46:37 

     This program is part of the open-source Quantum ESPRESSO suite
     for quantum simulation of materials; please cite
         "P. Giannozzi et al., J. Phys.:Condens. Matter 21 395502 (2009);
         "P. Giannozzi et al., J. Phys.:Condens. Matter 29 465901 (2017);
         "P. Giannozzi et al., J. Chem. Phys. 152 154105 (2020);
          URL http://www.quantum-espresso.org", 
     in publications or presentations arising from this work. More details at
     http://www.quantum-espresso.org/quote

     Parallel version (MPI), running on     1 processors

     MPI processes distributed on     1 nodes
     89955 MiB available memory on the printing compute node when the environment starts
 
     Waiting for input...
     Reading input from standard input
     --------------------------- All-electron run ----------------------------

     Br                                                                         
     scalar relativistic calculation

     atomic number is 35.00
     dft =PBE   lsd =0 sic =0 latt =0  beta=0.20 tr2=1.0E-14
     Exchange-correlation= PBE
                           (   1   4   3   4   0   0   0)
     mesh =1213 r(mesh) =  98.95369 a.u. xmin = -7.00 dx = 0.01250
     1 Ry =  13.60569312 eV, c = 137.03599908

     n l     nl                  e(Ry)          e(Ha)          e(eV)
     1 0     1S 1( 2.00)      -978.8645      -489.4322    -13318.1300
     2 0     2S 1( 2.00)      -127.3806       -63.6903     -1733.1013
     2 1     2P 1( 6.00)      -112.3470       -56.1735     -1528.5587
     3 0     3S 1( 2.00)       -17.4982        -8.7491      -238.0753
     3 1     3P 1( 6.00)       -12.7514        -6.3757      -173.4923
     3 2     3D 1(10.00)        -4.9037        -2.4519       -66.7184
     4 0     4S 1( 2.00)        -1.4798        -0.7399       -20.1342
     4 1     4P 1( 5.00)        -0.5777        -0.2888        -7.8596

     final scf error:  9.1E-15 reached in  38 iterations
 
     Etot =   -5212.829535 Ry,   -2606.414768 Ha,  -70924.158959 eV

     Ekin =    5325.613312 Ry,    2662.806656 Ha,   72458.660419 eV
     Encl =  -12569.667307 Ry,   -6284.833654 Ha, -171019.036043 eV
     Eh   =    2215.406330 Ry,    1107.703165 Ha,   30142.138670 eV
     Exc  =    -184.181870 Ry,     -92.090935 Ha,   -2505.922004 eV


     normalization and overlap integrals

     s(1S/1S) =  1.000000  <r> =   0.0427  <r2> =    0.0025  r(max) =   0.0279
     s(1S/2S) = -0.006068
     s(1S/3S) = -0.002338
     s(1S/4S) = -0.000767
     s(2S/2S) =  1.000000  <r> =   0.1895  <r2> =    0.0424  r(max) =   0.1584
     s(2S/3S) = -0.001385
     s(2S/4S) = -0.000443
     s(2P/2P) =  1.000000  <r> =   0.1654  <r2> =    0.0335  r(max) =   0.1280
     s(2P/3P) = -0.001120
     s(2P/4P) = -0.000290
     s(3S/3S) =  1.000000  <r> =   0.5514  <r2> =    0.3498  r(max) =   0.4817
     s(3S/4S) = -0.000269
     s(3P/3P) =  1.000000  <r> =   0.5641  <r2> =    0.3728  r(max) =   0.4817
     s(3P/4P) = -0.000190
     s(3D/3D) =  1.000000  <r> =   0.5904  <r2> =    0.4326  r(max) =   0.4305
     s(4S/4S) =  1.000000  <r> =   1.6749  <r2> =    3.2214  r(max) =   1.4115
     s(4P/4P) =  1.000000  <r> =   2.1055  <r2> =    5.2358  r(max) =   1.6606

     ------------------------ End of All-electron run ------------------------


     --------------------- Generating PAW atomic setup --------------------


      Generating local pot.: lloc=2, matching radius rcloc =   1.9000

      Computing core charge for nlcc: 

       r > 1.41 : true rho core
      Core charge pseudized with two Bessel functions
      Integrated core pseudo-charge :   4.56
      Wfc-us  4S rcutus= 1.905  Estimated cut-off energy=    13.52 Ry
      Wfc-us  4S rcutus= 1.905  Estimated cut-off energy=    14.85 Ry
      Wfc-us  4P rcutus= 1.812  Estimated cut-off energy=    23.13 Ry
      Wfc-us  4P rcutus= 1.812  Estimated cut-off energy=    24.73 Ry

      The bmat matrix
     2.74818     1.90301     0.00000     0.00000
     1.77974     1.23206     0.00000     0.00000
     0.00000     0.00000     0.34088     0.34685
     0.00000     0.00000     0.29763     0.30029

      The bmat + epsilon qq matrix
     3.33999     2.16000     0.00000     0.00000
     2.16003     1.39729     0.00000     0.00000
     0.00000     0.00000     0.38477     0.33418
     0.00000     0.00000     0.33423     0.28971

      The qq matrix
    -0.39992    -0.25698     0.00000     0.00000
    -0.25698    -0.16523     0.00000     0.00000
     0.00000     0.00000    -0.07599    -0.06337
     0.00000     0.00000    -0.06337    -0.05290


    multipoles (all-electron charge) - (pseudo charge)
        ns l1:ns1 l2    l=0     l=1     l=2     l=3     l=4     l=5  
         1  0:  1  0 -0.3999
         2  0:  1  0 -0.2570
         2  0:  2  0 -0.1652
         3  1:  1  0  0.0000  0.1706
         3  1:  2  0  0.0000  0.1080
         3  1:  3  1 -0.0760  0.0000 -0.0909
         4  1:  1  0  0.0000  0.1412
         4  1:  2  0  0.0000  0.0895
         4  1:  3  1 -0.0634  0.0000 -0.0739
         4  1:  4  1 -0.0529  0.0000 -0.0601
     Required augmentation: PSQ   radius:    1.600000

     Q pseudized with Bessel functions
     Expected ecutrho=     108.0477 due to l1=  1   l2=  1

     Estimated PAW energy = -204.253783 Ryd

     The PAW screened D coefficients
     3.33999     2.16003     0.00000     0.00000
     2.16003     1.39729     0.00000     0.00000
     0.00000     0.00000     0.38477     0.33423
     0.00000     0.00000     0.33423     0.28971

     The PAW descreened D coefficients (US)
     0.24208     0.14443     0.00000     0.00000
     0.14443     0.08583     0.00000     0.00000
     0.00000     0.00000     0.05009     0.03171
     0.00000     0.00000     0.03171     0.01886

     ------------------- End of pseudopotential generation -------------------

     --------------------------- All-electron run ----------------------------

     Br                                                                         
     scalar relativistic calculation

     atomic number is 35.00
     dft = SLA  PW   PBX  PBC   lsd =0 sic =0 latt =0  beta=0.20 tr2=1.0E-14
     Exchange-correlation=  SLA  PW   PBX  PBC
                           (   1   4   3   4   0   0   0)
     mesh =1213 r(mesh) =  98.95369 a.u. xmin = -7.00 dx = 0.01250
     1 Ry =  13.60569312 eV, c = 137.03599908

     n l     nl                  e(Ry)          e(Ha)          e(eV)
     1 0     1S 1( 2.00)      -978.8645      -489.4322    -13318.1300
     2 0     2S 1( 2.00)      -127.3806       -63.6903     -1733.1013
     2 1     2P 1( 6.00)      -112.3470       -56.1735     -1528.5587
     3 0     3S 1( 2.00)       -17.4982        -8.7491      -238.0753
     3 1     3P 1( 6.00)       -12.7514        -6.3757      -173.4923
     3 2     3D 1(10.00)        -4.9037        -2.4519       -66.7184
     4 0     4S 1( 2.00)        -1.4798        -0.7399       -20.1342
     4 1     4P 1( 5.00)        -0.5777        -0.2888        -7.8596

     final scf error:  9.1E-15 reached in  38 iterations
 
     Etot =   -5212.829535 Ry,   -2606.414768 Ha,  -70924.158959 eV

     Ekin =    5325.613312 Ry,    2662.806656 Ha,   72458.660419 eV
     Encl =  -12569.667307 Ry,   -6284.833654 Ha, -171019.036043 eV
     Eh   =    2215.406330 Ry,    1107.703165 Ha,   30142.138670 eV
     Exc  =    -184.181870 Ry,     -92.090935 Ha,   -2505.922004 eV


     normalization and overlap integrals

     s(1S/1S) =  1.000000  <r> =   0.0427  <r2> =    0.0025  r(max) =   0.0279
     s(1S/2S) = -0.006068
     s(1S/3S) = -0.002338
     s(1S/4S) = -0.000767
     s(2S/2S) =  1.000000  <r> =   0.1895  <r2> =    0.0424  r(max) =   0.1584
     s(2S/3S) = -0.001385
     s(2S/4S) = -0.000443
     s(2P/2P) =  1.000000  <r> =   0.1654  <r2> =    0.0335  r(max) =   0.1280
     s(2P/3P) = -0.001120
     s(2P/4P) = -0.000290
     s(3S/3S) =  1.000000  <r> =   0.5514  <r2> =    0.3498  r(max) =   0.4817
     s(3S/4S) = -0.000269
     s(3P/3P) =  1.000000  <r> =   0.5641  <r2> =    0.3728  r(max) =   0.4817
     s(3P/4P) = -0.000190
     s(3D/3D) =  1.000000  <r> =   0.5904  <r2> =    0.4326  r(max) =   0.4305
     s(4S/4S) =  1.000000  <r> =   1.6749  <r2> =    3.2214  r(max) =   1.4115
     s(4P/4P) =  1.000000  <r> =   2.1055  <r2> =    5.2358  r(max) =   1.6606

     ------------------------ End of All-electron run ------------------------


     ---------------------- Testing the pseudopotential ----------------------

     Br                                                                         
     scalar relativistic calculation

     atomic number is 35.00   valence charge is  7.00
     dft = SLA  PW   PBX  PBC   lsd =0 sic =0 latt =0  beta=0.20 tr2=1.0E-14
     mesh =1213 r(mesh) =  98.95369 xmin = -7.00 dx = 0.01250

     n l     nl             e AE (Ry)        e PS (Ry)    De AE-PS (Ry) 
     1 0     4S   1( 2.00)       -1.47984       -1.47984        0.00000
     2 1     4P   1( 5.00)       -0.57767       -0.57768        0.00000

     eps = 6.6E-15  iter =  3
 
     Etot =   -5212.829535 Ry,   -2606.414768 Ha,  -70924.158959 eV
     Etotps =  -204.253805 Ry,    -102.126902 Ha,   -2779.014585 eV

     Ekin =      44.542460 Ry,      22.271230 Ha,     606.031046 eV
     Encl =     -87.068156 Ry,     -43.534078 Ha,   -1184.622608 eV
     Ehrt =      22.453757 Ry,      11.226879 Ha,     305.498934 eV
     Ecxc =    -184.181867 Ry,     -92.090933 Ha,   -2505.921956 eV
     (Ecc =      -6.748038 Ry,      -3.374019 Ha,     -91.811731 eV)

     ---------------------- End of pseudopotential test ----------------------

