[0] MPI startup(): I_MPI_SHM_LMT environment variable is not supported.
[0] MPI startup(): Similar variables:
	 I_MPI_SHM_HEAP
	 I_MPI_SHM
	 I_MPI_SHM_OPT
	 I_MPI_SHM_THP
[0] MPI startup(): To check the list of supported variables, use the impi_info utility or refer to https://software.intel.com/en-us/mpi-library/documentation/get-started.

     Program LD1 v.7.3.1 starts on 19Sep2024 at 21:46:42 

     This program is part of the open-source Quantum ESPRESSO suite
     for quantum simulation of materials; please cite
         "P. Giannozzi et al., J. Phys.:Condens. Matter 21 395502 (2009);
         "P. Giannozzi et al., J. Phys.:Condens. Matter 29 465901 (2017);
         "P. Giannozzi et al., J. Chem. Phys. 152 154105 (2020);
          URL http://www.quantum-espresso.org", 
     in publications or presentations arising from this work. More details at
     http://www.quantum-espresso.org/quote

     Parallel version (MPI), running on     1 processors

     MPI processes distributed on     1 nodes
     89945 MiB available memory on the printing compute node when the environment starts
 
     Waiting for input...
     Reading input from standard input
     --------------------------- All-electron run ----------------------------

     C                                                                          
     scalar relativistic calculation

     atomic number is  6.00
     dft =PBE   lsd =0 sic =0 latt =0  beta=0.20 tr2=1.0E-14
     Exchange-correlation= PBE
                           (   1   4   3   4   0   0   0)
     mesh =1073 r(mesh) = 100.30751 a.u. xmin = -7.00 dx = 0.01250
     1 Ry =  13.60569312 eV, c = 137.03599908

     n l     nl                  e(Ry)          e(Ha)          e(eV)
     1 0     1S 1( 2.00)       -20.0931       -10.0465      -273.3801
     2 0     2S 1( 2.00)        -1.0107        -0.5053       -13.7509
     2 1     2P 1( 2.00)        -0.3885        -0.1942        -5.2856

     final scf error:  1.5E-15 reached in  29 iterations
 
     Etot =     -75.529949 Ry,     -37.764975 Ha,   -1027.637312 eV

     Ekin =      75.328024 Ry,      37.664012 Ha,    1024.889978 eV
     Encl =    -176.093472 Ry,     -88.046736 Ha,   -2395.873742 eV
     Eh   =      35.391585 Ry,      17.695793 Ha,     481.527050 eV
     Exc  =     -10.156087 Ry,      -5.078043 Ha,    -138.180597 eV


     normalization and overlap integrals

     s(1S/1S) =  1.000000  <r> =   0.2706  <r2> =    0.0993  r(max) =   0.1730
     s(1S/2S) = -0.000115
     s(2S/2S) =  1.000000  <r> =   1.5715  <r2> =    2.9912  r(max) =   1.2162
     s(2P/2P) =  1.000000  <r> =   1.7999  <r2> =    4.2589  r(max) =   1.2011

     ------------------------ End of All-electron run ------------------------


     --------------------- Generating US pseudopotential ---------------------


      Generating local pot.: lloc=2, matching radius rcloc =   1.1000

      Computing core charge for nlcc: 

       r > 0.81 : true rho core
      Core charge pseudized with two Bessel functions
      Integrated core pseudo-charge :   0.40
      Wfc-us  2S rcutus= 1.295  Estimated cut-off energy=    26.89 Ry
      Wfc-us  2S rcutus= 1.295  Estimated cut-off energy=    29.06 Ry
      Wfc-us  2P rcutus= 1.467  Estimated cut-off energy=    35.34 Ry
      Wfc-us  2P rcutus= 1.467  Estimated cut-off energy=    36.66 Ry

      The bmat matrix
     1.45225     1.31512     0.00000     0.00000
     1.23686     1.12217     0.00000     0.00000
     0.00000     0.00000    -0.11414    -0.10141
     0.00000     0.00000    -0.08372    -0.07448

      The bmat + epsilon qq matrix
     1.53887     1.31143     0.00000     0.00000
     1.31148     1.11899     0.00000     0.00000
     0.00000     0.00000    -0.13308    -0.09939
     0.00000     0.00000    -0.09938    -0.07281

      The qq matrix
    -0.08570    -0.07383     0.00000     0.00000
    -0.07383    -0.06364     0.00000     0.00000
     0.00000     0.00000     0.04874     0.04030
     0.00000     0.00000     0.04030     0.03324

     Q pseudized with Bessel functions
     Expected ecutrho=     317.8674 due to l1=  1   l2=  1

      The ddd matrix
     0.73306     0.60754     0.00000     0.00000
     0.60754     0.50402     0.00000     0.00000
     0.00000     0.00000     0.33865     0.28934
     0.00000     0.00000     0.28934     0.24696

     ------------------- End of pseudopotential generation -------------------

     --------------------------- All-electron run ----------------------------

     C                                                                          
     scalar relativistic calculation

     atomic number is  6.00
     dft =PBE   lsd =0 sic =0 latt =0  beta=0.20 tr2=1.0E-14
     Exchange-correlation= PBE
                           (   1   4   3   4   0   0   0)
     mesh =1073 r(mesh) = 100.30751 a.u. xmin = -7.00 dx = 0.01250
     1 Ry =  13.60569312 eV, c = 137.03599908

     n l     nl                  e(Ry)          e(Ha)          e(eV)
     1 0     1S 1( 2.00)       -20.0931       -10.0465      -273.3801
     2 0     2S 1( 2.00)        -1.0107        -0.5053       -13.7509
     2 1     2P 1( 2.00)        -0.3885        -0.1942        -5.2856

     final scf error:  1.5E-15 reached in  29 iterations
 
     Etot =     -75.529949 Ry,     -37.764975 Ha,   -1027.637312 eV

     Ekin =      75.328024 Ry,      37.664012 Ha,    1024.889978 eV
     Encl =    -176.093472 Ry,     -88.046736 Ha,   -2395.873742 eV
     Eh   =      35.391585 Ry,      17.695793 Ha,     481.527050 eV
     Exc  =     -10.156087 Ry,      -5.078043 Ha,    -138.180597 eV


     normalization and overlap integrals

     s(1S/1S) =  1.000000  <r> =   0.2706  <r2> =    0.0993  r(max) =   0.1730
     s(1S/2S) = -0.000115
     s(2S/2S) =  1.000000  <r> =   1.5715  <r2> =    2.9912  r(max) =   1.2162
     s(2P/2P) =  1.000000  <r> =   1.7999  <r2> =    4.2589  r(max) =   1.2011

     ------------------------ End of All-electron run ------------------------


     ---------------------- Testing the pseudopotential ----------------------

     C                                                                          
     scalar relativistic calculation

     atomic number is  6.00   valence charge is  4.00
     dft =PBE   lsd =0 sic =0 latt =0  beta=0.20 tr2=1.0E-14
     mesh =1073 r(mesh) = 100.30751 xmin = -7.00 dx = 0.01250

     n l     nl             e AE (Ry)        e PS (Ry)    De AE-PS (Ry) 
     1 0     2S   1( 2.00)       -1.01067       -1.01068        0.00001
     2 1     2P   1( 2.00)       -0.38849       -0.38849        0.00000

     eps = 2.0E-17  iter =  4
 
     Etot =     -75.529949 Ry,     -37.764975 Ha,   -1027.637312 eV
     Etotps =   -11.275358 Ry,      -5.637679 Ha,    -153.409063 eV

     Ekin =       5.703682 Ry,       2.851841 Ha,      77.602549 eV
     Encl =     -24.421817 Ry,     -12.210908 Ha,    -332.275745 eV
     Ehrt =       8.754790 Ry,       4.377395 Ha,     119.114988 eV
     Ecxc =      -3.455431 Ry,      -1.727716 Ha,     -47.013538 eV
     (Ecc =      -0.498128 Ry,      -0.249064 Ha,      -6.777378 eV)
     Epseu=       2.143418 Ry,       1.071709 Ha,      29.162684 eV

     ---------------------- End of pseudopotential test ----------------------

