[0] MPI startup(): I_MPI_SHM_LMT environment variable is not supported.
[0] MPI startup(): Similar variables:
	 I_MPI_SHM_HEAP
	 I_MPI_SHM
	 I_MPI_SHM_OPT
	 I_MPI_SHM_THP
[0] MPI startup(): To check the list of supported variables, use the impi_info utility or refer to https://software.intel.com/en-us/mpi-library/documentation/get-started.

     Program LD1 v.7.3.1 starts on 19Sep2024 at 21:46:40 

     This program is part of the open-source Quantum ESPRESSO suite
     for quantum simulation of materials; please cite
         "P. Giannozzi et al., J. Phys.:Condens. Matter 21 395502 (2009);
         "P. Giannozzi et al., J. Phys.:Condens. Matter 29 465901 (2017);
         "P. Giannozzi et al., J. Chem. Phys. 152 154105 (2020);
          URL http://www.quantum-espresso.org", 
     in publications or presentations arising from this work. More details at
     http://www.quantum-espresso.org/quote

     Parallel version (MPI), running on     1 processors

     MPI processes distributed on     1 nodes
     89946 MiB available memory on the printing compute node when the environment starts
 
     Waiting for input...
     Reading input from standard input
     --------------------------- All-electron run ----------------------------

     Cl                                                                         
     scalar relativistic calculation

     atomic number is 17.00
     dft =PBE   lsd =0 sic =0 latt =0  beta=0.20 tr2=1.0E-14
     Exchange-correlation= PBE
                           (   1   4   3   4   0   0   0)
     mesh =1157 r(mesh) = 101.16842 a.u. xmin = -7.00 dx = 0.01250
     1 Ry =  13.60569312 eV, c = 137.03599908

     n l     nl                  e(Ry)          e(Ha)          e(eV)
     1 0     1S 1( 2.00)      -202.2174      -101.1087     -2751.3077
     2 0     2S 1( 2.00)       -18.5729        -9.2865      -252.6974
     2 1     2P 1( 6.00)       -14.0845        -7.0423      -191.6299
     3 0     3S 1( 2.00)        -1.5208        -0.7604       -20.6920
     3 1     3P 1( 5.00)        -0.6317        -0.3159        -8.5952

     final scf error:  7.5E-15 reached in  29 iterations
 
     Etot =    -922.868208 Ry,    -461.434104 Ha,  -12556.261627 eV

     Ekin =     927.016870 Ry,     463.508435 Ha,   12612.707057 eV
     Encl =   -2200.751035 Ry,   -1100.375518 Ha,  -29942.743227 eV
     Eh   =     407.011500 Ry,     203.505750 Ha,    5537.673571 eV
     Exc  =     -56.145543 Ry,     -28.072771 Ha,    -763.899028 eV


     normalization and overlap integrals

     s(1S/1S) =  1.000000  <r> =   0.0910  <r2> =    0.0111  r(max) =   0.0596
     s(1S/2S) = -0.001225
     s(1S/3S) = -0.000386
     s(2S/2S) =  1.000000  <r> =   0.4442  <r2> =    0.2345  r(max) =   0.3603
     s(2S/3S) = -0.000203
     s(2P/2P) =  1.000000  <r> =   0.4069  <r2> =    0.2064  r(max) =   0.3025
     s(2P/3P) = -0.000144
     s(3S/3S) =  1.000000  <r> =   1.5356  <r2> =    2.7455  r(max) =   1.2895
     s(3P/3P) =  1.000000  <r> =   1.8437  <r2> =    4.1034  r(max) =   1.4252

     ------------------------ End of All-electron run ------------------------


     --------------------- Generating PAW atomic setup --------------------


      Generating local pot.: lloc=2, matching radius rcloc =   1.8000

      Computing core charge for nlcc: 

       r > 1.00 : true rho core
      Core charge pseudized with two Bessel functions
      Integrated core pseudo-charge :   2.57
      Wfc-us  3S rcutus= 1.807  Estimated cut-off energy=    15.09 Ry
      Wfc-us  3S rcutus= 1.807  Estimated cut-off energy=    36.50 Ry
      Wfc-us  3P rcutus= 2.100  Estimated cut-off energy=    17.98 Ry
      Wfc-us  3P rcutus= 2.100  Estimated cut-off energy=    18.87 Ry

      The bmat matrix
     4.68849     3.39910     0.00000     0.00000
     2.49426     2.29290     0.00000     0.00000
     0.00000     0.00000     0.80684    -0.09723
     0.00000     0.00000     0.48100     0.39456

      The bmat + epsilon qq matrix
     5.22786     2.67207     0.00000     0.00000
     2.67259     2.12258     0.00000     0.00000
     0.00000     0.00000     0.81212     0.42731
     0.00000     0.00000     0.42755     0.83607

      The qq matrix
    -0.35466    -0.11726     0.00000     0.00000
    -0.11726    -0.02747     0.00000     0.00000
     0.00000     0.00000    -0.00836     0.08460
     0.00000     0.00000     0.08460     0.07121


    multipoles (all-electron charge) - (pseudo charge)
        ns l1:ns1 l2    l=0     l=1     l=2     l=3     l=4     l=5  
         1  0:  1  0 -0.3547
         2  0:  1  0 -0.1173
         2  0:  2  0 -0.0275
         3  1:  1  0  0.0000  0.1051
         3  1:  2  0  0.0000 -0.0088
         3  1:  3  1 -0.0084  0.0000 -0.0216
         4  1:  1  0  0.0000 -0.0557
         4  1:  2  0  0.0000 -0.0305
         4  1:  3  1  0.0846  0.0000  0.0975
         4  1:  4  1  0.0712  0.0000  0.0407
     Required augmentation: PSQ   radius:    1.750000

     Q pseudized with Bessel functions
     Expected ecutrho=      88.3882 due to l1=  1   l2=  1

     Estimated PAW energy =  -79.199598 Ryd

     The PAW screened D coefficients
     5.22786     2.67259     0.00000     0.00000
     2.67259     2.12258     0.00000     0.00000
     0.00000     0.00000     0.81212     0.42755
     0.00000     0.00000     0.42755     0.83607

     The PAW descreened D coefficients (US)
     1.43771     1.05607     0.00000     0.00000
     1.05607     2.14729     0.00000     0.00000
     0.00000     0.00000     0.87796     1.11105
     0.00000     0.00000     1.11105     2.01775

     ------------------- End of pseudopotential generation -------------------

     --------------------------- All-electron run ----------------------------

     Cl                                                                         
     scalar relativistic calculation

     atomic number is 17.00
     dft = SLA  PW   PBX  PBC   lsd =0 sic =0 latt =0  beta=0.20 tr2=1.0E-14
     Exchange-correlation=  SLA  PW   PBX  PBC
                           (   1   4   3   4   0   0   0)
     mesh =1157 r(mesh) = 101.16842 a.u. xmin = -7.00 dx = 0.01250
     1 Ry =  13.60569312 eV, c = 137.03599908

     n l     nl                  e(Ry)          e(Ha)          e(eV)
     1 0     1S 1( 2.00)      -202.2174      -101.1087     -2751.3077
     2 0     2S 1( 2.00)       -18.5729        -9.2865      -252.6974
     2 1     2P 1( 6.00)       -14.0845        -7.0423      -191.6299
     3 0     3S 1( 2.00)        -1.5208        -0.7604       -20.6920
     3 1     3P 1( 5.00)        -0.6317        -0.3159        -8.5952

     final scf error:  7.5E-15 reached in  29 iterations
 
     Etot =    -922.868208 Ry,    -461.434104 Ha,  -12556.261627 eV

     Ekin =     927.016870 Ry,     463.508435 Ha,   12612.707057 eV
     Encl =   -2200.751035 Ry,   -1100.375518 Ha,  -29942.743227 eV
     Eh   =     407.011500 Ry,     203.505750 Ha,    5537.673571 eV
     Exc  =     -56.145543 Ry,     -28.072771 Ha,    -763.899028 eV


     normalization and overlap integrals

     s(1S/1S) =  1.000000  <r> =   0.0910  <r2> =    0.0111  r(max) =   0.0596
     s(1S/2S) = -0.001225
     s(1S/3S) = -0.000386
     s(2S/2S) =  1.000000  <r> =   0.4442  <r2> =    0.2345  r(max) =   0.3603
     s(2S/3S) = -0.000203
     s(2P/2P) =  1.000000  <r> =   0.4069  <r2> =    0.2064  r(max) =   0.3025
     s(2P/3P) = -0.000144
     s(3S/3S) =  1.000000  <r> =   1.5356  <r2> =    2.7455  r(max) =   1.2895
     s(3P/3P) =  1.000000  <r> =   1.8437  <r2> =    4.1034  r(max) =   1.4252

     ------------------------ End of All-electron run ------------------------


     ---------------------- Testing the pseudopotential ----------------------

     Cl                                                                         
     scalar relativistic calculation

     atomic number is 17.00   valence charge is  7.00
     dft = SLA  PW   PBX  PBC   lsd =0 sic =0 latt =0  beta=0.20 tr2=1.0E-14
     mesh =1157 r(mesh) = 101.16842 xmin = -7.00 dx = 0.01250

     n l     nl             e AE (Ry)        e PS (Ry)    De AE-PS (Ry) 
     1 0     3S   1( 2.00)       -1.52083       -1.52083        0.00000
     2 1     3P   1( 5.00)       -0.63174       -0.63174        0.00000

     eps = 1.8E-15  iter =  3
 
     Etot =    -922.868208 Ry,    -461.434104 Ha,  -12556.261627 eV
     Etotps =   -79.199607 Ry,     -39.599804 Ha,   -1077.565554 eV

     Ekin =      38.046874 Ry,      19.023437 Ha,     517.654096 eV
     Encl =     -86.513108 Ry,     -43.256554 Ha,   -1177.070800 eV
     Ehrt =      25.412167 Ry,      12.706083 Ha,     345.750144 eV
     Ecxc =     -56.145540 Ry,     -28.072770 Ha,    -763.898994 eV
     (Ecc =      -4.478821 Ry,      -2.239410 Ha,     -60.937459 eV)

     ---------------------- End of pseudopotential test ----------------------

