[0] MPI startup(): I_MPI_SHM_LMT environment variable is not supported.
[0] MPI startup(): Similar variables:
	 I_MPI_SHM_HEAP
	 I_MPI_SHM
	 I_MPI_SHM_OPT
	 I_MPI_SHM_THP
[0] MPI startup(): To check the list of supported variables, use the impi_info utility or refer to https://software.intel.com/en-us/mpi-library/documentation/get-started.

     Program LD1 v.7.3.1 starts on 19Sep2024 at 21:46:45 

     This program is part of the open-source Quantum ESPRESSO suite
     for quantum simulation of materials; please cite
         "P. Giannozzi et al., J. Phys.:Condens. Matter 21 395502 (2009);
         "P. Giannozzi et al., J. Phys.:Condens. Matter 29 465901 (2017);
         "P. Giannozzi et al., J. Chem. Phys. 152 154105 (2020);
          URL http://www.quantum-espresso.org", 
     in publications or presentations arising from this work. More details at
     http://www.quantum-espresso.org/quote

     Parallel version (MPI), running on     1 processors

     MPI processes distributed on     1 nodes
     89932 MiB available memory on the printing compute node when the environment starts
 
     Waiting for input...
     Reading input from standard input
     --------------------------- All-electron run ----------------------------

     F                                                                          
     scalar relativistic calculation

     atomic number is  9.00
     dft =PBE   lsd =0 sic =0 latt =0  beta=0.20 tr2=1.0E-14
     Exchange-correlation= PBE
                           (   1   4   3   4   0   0   0)
     mesh =1105 r(mesh) =  99.76081 a.u. xmin = -7.00 dx = 0.01250
     1 Ry =  13.60569312 eV, c = 137.03599908

     n l     nl                  e(Ry)          e(Ha)          e(eV)
     1 0     1S 1( 2.00)       -48.7570       -24.3785      -663.3734
     2 0     2S 1( 2.00)        -2.1976        -1.0988       -29.8996
     2 1     2P 1( 5.00)        -0.8167        -0.4083       -11.1117

     final scf error:  4.3E-15 reached in  26 iterations
 
     Etot =    -199.489330 Ry,     -99.744665 Ha,   -2714.190601 eV

     Ekin =     199.322998 Ry,      99.661499 Ha,    2711.927538 eV
     Encl =    -477.724055 Ry,    -238.862027 Ha,   -6499.766886 eV
     Eh   =      99.339620 Ry,      49.669810 Ha,    1351.584389 eV
     Exc  =     -20.427893 Ry,     -10.213946 Ha,    -277.935642 eV


     normalization and overlap integrals

     s(1S/1S) =  1.000000  <r> =   0.1763  <r2> =    0.0420  r(max) =   0.1139
     s(1S/2S) = -0.000281
     s(2S/2S) =  1.000000  <r> =   1.0034  <r2> =    1.2282  r(max) =   0.7617
     s(2P/2P) =  1.000000  <r> =   1.1050  <r2> =    1.6384  r(max) =   0.7066

     ------------------------ End of All-electron run ------------------------


     --------------------- Generating PAW atomic setup --------------------


      Generating local pot.: lloc=2, matching radius rcloc =   1.2000

      Computing core charge for nlcc: 

       r > 0.50 : true rho core
      Core charge pseudized with two Bessel functions
      Integrated core pseudo-charge :   0.45
      Wfc-us  2S rcutus= 1.388  Estimated cut-off energy=    26.01 Ry
      Wfc-us  2S rcutus= 1.388  Estimated cut-off energy=    44.39 Ry
      Wfc-us  2P rcutus= 1.388  Estimated cut-off energy=    41.03 Ry
      Wfc-us  2P rcutus= 1.388  Estimated cut-off energy=    47.88 Ry

      The bmat matrix
     2.41335     2.06828     0.00000     0.00000
     1.84507     1.54928     0.00000     0.00000
     0.00000     0.00000    -0.57973    -0.44557
     0.00000     0.00000    -0.31091    -0.24473

      The bmat + epsilon qq matrix
     2.63457     2.06331     0.00000     0.00000
     2.06351     1.54472     0.00000     0.00000
     0.00000     0.00000    -0.77293    -0.43780
     0.00000     0.00000    -0.43775    -0.23963

      The qq matrix
    -0.10066    -0.09940     0.00000     0.00000
    -0.09940    -0.09131     0.00000     0.00000
     0.00000     0.00000     0.23656     0.15531
     0.00000     0.00000     0.15531     0.10194


    multipoles (all-electron charge) - (pseudo charge)
        ns l1:ns1 l2    l=0     l=1     l=2     l=3     l=4     l=5  
         1  0:  1  0 -0.1007
         2  0:  1  0 -0.0994
         2  0:  2  0 -0.0913
         3  1:  1  0  0.0000 -0.0560
         3  1:  2  0  0.0000 -0.0287
         3  1:  3  1  0.2366  0.0000  0.0755
         4  1:  1  0  0.0000 -0.0376
         4  1:  2  0  0.0000 -0.0196
         4  1:  3  1  0.1553  0.0000  0.0487
         4  1:  4  1  0.1019  0.0000  0.0313
     Required augmentation: PSQ   radius:    0.900000

     Q pseudized with Bessel functions
     Expected ecutrho=     316.1719 due to l1=  1   l2=  1

     Estimated PAW energy =  -59.076593 Ryd

     The PAW screened D coefficients
     2.63457     2.06351     0.00000     0.00000
     2.06351     1.54472     0.00000     0.00000
     0.00000     0.00000    -0.77293    -0.43775
     0.00000     0.00000    -0.43775    -0.23963

     The PAW descreened D coefficients (US)
     1.35587     0.80126     0.00000     0.00000
     0.80126     0.37893     0.00000     0.00000
     0.00000     0.00000     2.02371     1.41501
     0.00000     0.00000     1.41501     0.98765

     ------------------- End of pseudopotential generation -------------------

     --------------------------- All-electron run ----------------------------

     F                                                                          
     scalar relativistic calculation

     atomic number is  9.00
     dft = SLA  PW   PBX  PBC   lsd =0 sic =0 latt =0  beta=0.20 tr2=1.0E-14
     Exchange-correlation=  SLA  PW   PBX  PBC
                           (   1   4   3   4   0   0   0)
     mesh =1105 r(mesh) =  99.76081 a.u. xmin = -7.00 dx = 0.01250
     1 Ry =  13.60569312 eV, c = 137.03599908

     n l     nl                  e(Ry)          e(Ha)          e(eV)
     1 0     1S 1( 2.00)       -48.7570       -24.3785      -663.3734
     2 0     2S 1( 2.00)        -2.1976        -1.0988       -29.8996
     2 1     2P 1( 5.00)        -0.8167        -0.4083       -11.1117

     final scf error:  4.3E-15 reached in  26 iterations
 
     Etot =    -199.489330 Ry,     -99.744665 Ha,   -2714.190601 eV

     Ekin =     199.322998 Ry,      99.661499 Ha,    2711.927538 eV
     Encl =    -477.724055 Ry,    -238.862027 Ha,   -6499.766886 eV
     Eh   =      99.339620 Ry,      49.669810 Ha,    1351.584389 eV
     Exc  =     -20.427893 Ry,     -10.213946 Ha,    -277.935642 eV


     normalization and overlap integrals

     s(1S/1S) =  1.000000  <r> =   0.1763  <r2> =    0.0420  r(max) =   0.1139
     s(1S/2S) = -0.000281
     s(2S/2S) =  1.000000  <r> =   1.0034  <r2> =    1.2282  r(max) =   0.7617
     s(2P/2P) =  1.000000  <r> =   1.1050  <r2> =    1.6384  r(max) =   0.7066

     ------------------------ End of All-electron run ------------------------


     ---------------------- Testing the pseudopotential ----------------------

     F                                                                          
     scalar relativistic calculation

     atomic number is  9.00   valence charge is  7.00
     dft = SLA  PW   PBX  PBC   lsd =0 sic =0 latt =0  beta=0.20 tr2=1.0E-14
     mesh =1105 r(mesh) =  99.76081 xmin = -7.00 dx = 0.01250

     n l     nl             e AE (Ry)        e PS (Ry)    De AE-PS (Ry) 
     1 0     2S   1( 2.00)       -2.19758       -2.19758        0.00000
     2 1     2P   1( 5.00)       -0.81670       -0.81670        0.00000

     eps = 5.4E-17  iter =  4
 
     Etot =    -199.489330 Ry,     -99.744665 Ha,   -2714.190601 eV
     Etotps =   -59.076606 Ry,     -29.538303 Ha,    -803.778168 eV

     Ekin =      50.391773 Ry,      25.195886 Ha,     685.614994 eV
     Encl =    -131.495806 Ry,     -65.747903 Ha,   -1789.091577 eV
     Ehrt =      42.455317 Ry,      21.227659 Ha,     577.634015 eV
     Ecxc =     -20.427890 Ry,     -10.213945 Ha,    -277.935599 eV
     (Ecc =      -0.927704 Ry,      -0.463852 Ha,     -12.622053 eV)

     ---------------------- End of pseudopotential test ----------------------

