[0] MPI startup(): I_MPI_SHM_LMT environment variable is not supported.
[0] MPI startup(): Similar variables:
	 I_MPI_SHM_HEAP
	 I_MPI_SHM
	 I_MPI_SHM_OPT
	 I_MPI_SHM_THP
[0] MPI startup(): To check the list of supported variables, use the impi_info utility or refer to https://software.intel.com/en-us/mpi-library/documentation/get-started.

     Program LD1 v.7.3.1 starts on 19Sep2024 at 21:46:50 

     This program is part of the open-source Quantum ESPRESSO suite
     for quantum simulation of materials; please cite
         "P. Giannozzi et al., J. Phys.:Condens. Matter 21 395502 (2009);
         "P. Giannozzi et al., J. Phys.:Condens. Matter 29 465901 (2017);
         "P. Giannozzi et al., J. Chem. Phys. 152 154105 (2020);
          URL http://www.quantum-espresso.org", 
     in publications or presentations arising from this work. More details at
     http://www.quantum-espresso.org/quote

     Parallel version (MPI), running on     1 processors

     MPI processes distributed on     1 nodes
     89921 MiB available memory on the printing compute node when the environment starts
 
     Waiting for input...
     Reading input from standard input
     --------------------------- All-electron run ----------------------------

     H                                                                          
     scalar relativistic calculation

     atomic number is  1.00
     dft =PBE   lsd =0 sic =0 latt =0  beta=0.20 tr2=1.0E-14
     Exchange-correlation= PBE
                           (   1   4   3   4   0   0   0)
     mesh = 929 r(mesh) =  99.48432 a.u. xmin = -7.00 dx = 0.01250
     1 Ry =  13.60569312 eV, c = 137.03599908

     n l     nl                  e(Ry)          e(Ha)          e(eV)
     1 0     1S 1( 1.00)        -0.4772        -0.2386        -6.4927

     final scf error:  1.6E-15 reached in  21 iterations
 
     Etot =      -0.917879 Ry,      -0.458940 Ha,     -12.488385 eV

     Ekin =       0.894520 Ry,       0.447260 Ha,      12.170568 eV
     Encl =      -1.889285 Ry,      -0.944642 Ha,     -25.705025 eV
     Eh   =       0.579625 Ry,       0.289813 Ha,       7.886206 eV
     Exc  =      -0.502741 Ry,      -0.251370 Ha,      -6.840135 eV


     normalization and overlap integrals

     s(1S/1S) =  1.000000  <r> =   1.6358  <r2> =    3.6635  r(max) =   1.0253

     ------------------------ End of All-electron run ------------------------


     --------------------- Generating US pseudopotential ---------------------


      Generating local pot.: lloc=1, matching radius rcloc =   0.7500
      Wfc-us  1S rcutus= 1.000  Estimated cut-off energy=    44.32 Ry
      Wfc-us  1S rcutus= 1.000  Estimated cut-off energy=    45.66 Ry

      The bmat matrix
    -0.05604    -0.05689
    -0.05204    -0.05277

      The bmat + epsilon qq matrix
    -0.06044    -0.05643
    -0.05642    -0.05231

      The qq matrix
     0.00923     0.00919
     0.00919     0.00913

     Q pseudized with Bessel functions
     Expected ecutrho=     220.9107 due to l1=  0   l2=  0

      The ddd matrix
    -0.00994    -0.00648
    -0.00648    -0.00298

     ------------------- End of pseudopotential generation -------------------

     --------------------------- All-electron run ----------------------------

     H                                                                          
     scalar relativistic calculation

     atomic number is  1.00
     dft =PBE   lsd =0 sic =0 latt =0  beta=0.20 tr2=1.0E-14
     Exchange-correlation= PBE
                           (   1   4   3   4   0   0   0)
     mesh = 929 r(mesh) =  99.48432 a.u. xmin = -7.00 dx = 0.01250
     1 Ry =  13.60569312 eV, c = 137.03599908

     n l     nl                  e(Ry)          e(Ha)          e(eV)
     1 0     1S 1( 1.00)        -0.4772        -0.2386        -6.4927

     final scf error:  1.6E-15 reached in  21 iterations
 
     Etot =      -0.917879 Ry,      -0.458940 Ha,     -12.488385 eV

     Ekin =       0.894520 Ry,       0.447260 Ha,      12.170568 eV
     Encl =      -1.889285 Ry,      -0.944642 Ha,     -25.705025 eV
     Eh   =       0.579625 Ry,       0.289813 Ha,       7.886206 eV
     Exc  =      -0.502741 Ry,      -0.251370 Ha,      -6.840135 eV


     normalization and overlap integrals

     s(1S/1S) =  1.000000  <r> =   1.6358  <r2> =    3.6635  r(max) =   1.0253

     ------------------------ End of All-electron run ------------------------


     ---------------------- Testing the pseudopotential ----------------------

     H                                                                          
     scalar relativistic calculation

     atomic number is  1.00   valence charge is  1.00
     dft =PBE   lsd =0 sic =0 latt =0  beta=0.20 tr2=1.0E-14
     mesh = 929 r(mesh) =  99.48432 xmin = -7.00 dx = 0.01250

     n l     nl             e AE (Ry)        e PS (Ry)    De AE-PS (Ry) 
     1 0     1S   1( 1.00)       -0.47721       -0.47721        0.00000

     eps = 4.7E-16  iter =  3
 
     Etot =      -0.917879 Ry,      -0.458940 Ha,     -12.488385 eV
     Etotps =    -0.917800 Ry,      -0.458900 Ha,     -12.487303 eV

     Ekin =       0.835419 Ry,       0.417710 Ha,      11.366461 eV
     Encl =      -1.820307 Ry,      -0.910154 Ha,     -24.766544 eV
     Ehrt =       0.579541 Ry,       0.289771 Ha,       7.885063 eV
     Ecxc =      -0.502518 Ry,      -0.251259 Ha,      -6.837101 eV
     Epseu=      -0.009936 Ry,      -0.004968 Ha,      -0.135183 eV

     ---------------------- End of pseudopotential test ----------------------

