[0] MPI startup(): I_MPI_SHM_LMT environment variable is not supported.
[0] MPI startup(): Similar variables:
	 I_MPI_SHM_HEAP
	 I_MPI_SHM
	 I_MPI_SHM_OPT
	 I_MPI_SHM_THP
[0] MPI startup(): To check the list of supported variables, use the impi_info utility or refer to https://software.intel.com/en-us/mpi-library/documentation/get-started.

     Program LD1 v.7.3.1 starts on 19Sep2024 at 21:46:48 

     This program is part of the open-source Quantum ESPRESSO suite
     for quantum simulation of materials; please cite
         "P. Giannozzi et al., J. Phys.:Condens. Matter 21 395502 (2009);
         "P. Giannozzi et al., J. Phys.:Condens. Matter 29 465901 (2017);
         "P. Giannozzi et al., J. Chem. Phys. 152 154105 (2020);
          URL http://www.quantum-espresso.org", 
     in publications or presentations arising from this work. More details at
     http://www.quantum-espresso.org/quote

     Parallel version (MPI), running on     1 processors

     MPI processes distributed on     1 nodes
     89930 MiB available memory on the printing compute node when the environment starts
 
     Waiting for input...
     Reading input from standard input
     --------------------------- All-electron run ----------------------------

     Hg                                                                         
     scalar relativistic calculation

     atomic number is 80.00
     dft =PBE   lsd =0 sic =0 latt =0  beta=0.20 tr2=1.0E-14
     Exchange-correlation= PBE
                           (   1   4   3   4   0   0   0)
     mesh =1279 r(mesh) =  98.78773 a.u. xmin = -7.00 dx = 0.01250
     1 Ry =  13.60569312 eV, c = 137.03599908

     n l     nl                  e(Ry)          e(Ha)          e(eV)
     1 0     1S 1( 2.00)     -6114.2189     -3057.1094    -83188.1858
     2 0     2S 1( 2.00)     -1083.6157      -541.8078    -14743.3425
     2 1     2P 1( 6.00)      -934.2430      -467.1215    -12711.0234
     3 0     3S 1( 2.00)      -257.1447      -128.5723     -3498.6314
     3 1     3P 1( 6.00)      -213.9981      -106.9990     -2911.5919
     4 0     4S 1( 2.00)       -56.5392       -28.2696      -769.2548
     4 1     4P 1( 6.00)       -42.3970       -21.1985      -576.8407
     3 2     3D 1(10.00)      -168.6586       -84.3293     -2294.7168
     5 0     5S 1( 2.00)        -8.6862        -4.3431      -118.1816
     5 1     5P 1( 6.00)        -4.8888        -2.4444       -66.5152
     4 2     4D 1(10.00)       -25.6322       -12.8161      -348.7442
     4 3     4F 1(14.00)        -7.0476        -3.5238       -95.8877
     5 2     5D 1(10.00)        -0.7247        -0.3624        -9.8601
     6 0     6S 1( 2.00)        -0.5010        -0.2505        -6.8165
     6 1     6P 1( 0.00)        -0.0769        -0.0384        -1.0459

     final scf error:  8.1E-15 reached in  36 iterations
 
     Etot =  -39245.432733 Ry,  -19622.716367 Ha, -533961.314250 eV

     Ekin =   44069.436886 Ry,   22034.718443 Ha,  599595.234368 eV
     Encl =  -97785.010459 Ry,  -48892.505229 Ha,-1330432.844333 eV
     Eh   =   15210.777881 Ry,    7605.388940 Ha,  206953.176010 eV
     Exc  =    -740.637041 Ry,    -370.318520 Ha,  -10076.880295 eV


     normalization and overlap integrals

     s(1S/1S) =  1.000000  <r> =   0.0166  <r2> =    0.0004  r(max) =   0.0102
     s(1S/2S) = -0.038510
     s(1S/3S) = -0.016892
     s(1S/4S) = -0.008360
     s(1S/5S) = -0.003758
     s(1S/6S) = -0.001126
     s(2S/2S) =  1.000000  <r> =   0.0699  <r2> =    0.0058  r(max) =   0.0589
     s(2S/3S) = -0.010886
     s(2S/4S) = -0.005134
     s(2S/5S) = -0.002284
     s(2S/6S) = -0.000683
     s(2P/2P) =  1.000000  <r> =   0.0633  <r2> =    0.0049  r(max) =   0.0488
     s(2P/3P) = -0.008488
     s(2P/4P) = -0.003794
     s(2P/5P) = -0.001551
     s(2P/6P) = -0.000282
     s(3S/3S) =  1.000000  <r> =   0.1806  <r2> =    0.0373  r(max) =   0.1662
     s(3S/4S) = -0.003750
     s(3S/5S) = -0.001611
     s(3S/6S) = -0.000479
     s(3P/3P) =  1.000000  <r> =   0.1821  <r2> =    0.0385  r(max) =   0.1662
     s(3P/4P) = -0.003141
     s(3P/5P) = -0.001241
     s(3P/6P) = -0.000225
     s(4S/4S) =  1.000000  <r> =   0.3992  <r2> =    0.1798  r(max) =   0.3746
     s(4S/5S) = -0.001136
     s(4S/6S) = -0.000332
     s(4P/4P) =  1.000000  <r> =   0.4254  <r2> =    0.2057  r(max) =   0.3938
     s(4P/5P) = -0.000889
     s(4P/6P) = -0.000159
     s(3D/3D) =  1.000000  <r> =   0.1650  <r2> =    0.0319  r(max) =   0.1361
     s(3D/4D) = -0.002295
     s(3D/5D) = -0.000662
     s(5S/5S) =  1.000000  <r> =   0.9014  <r2> =    0.9114  r(max) =   0.8232
     s(5S/6S) = -0.000195
     s(5P/5P) =  1.000000  <r> =   1.0396  <r2> =    1.2223  r(max) =   0.9328
     s(5P/6P) = -0.000088
     s(4D/4D) =  1.000000  <r> =   0.4489  <r2> =    0.2327  r(max) =   0.4037
     s(4D/5D) = -0.000521
     s(4F/4F) =  1.000000  <r> =   0.4825  <r2> =    0.2810  r(max) =   0.3653
     s(5D/5D) =  1.000000  <r> =   1.4992  <r2> =    2.6878  r(max) =   1.1682
     s(6S/6S) =  1.000000  <r> =   2.6974  <r2> =    8.3850  r(max) =   2.2100
     s(6P/6P) =  1.000000  <r> =   4.5917  <r2> =   25.5296  r(max) =   3.3383

     ------------------------ End of All-electron run ------------------------


     --------------------- Generating PAW atomic setup --------------------


      Generating local potential from pseudized AE potential:
      Matching radius rcloc =   1.9000

      Local pseudo, rcloc= 1.902 Estimated cut-off energy=     7.05 Ry

      Computing core charge for nlcc: 

       r > 1.50 : true rho core
      Core charge pseudized with two Bessel functions
      Integrated core pseudo-charge :  12.00
      Wfc-us  6S rcutus= 2.102  Estimated cut-off energy=     9.86 Ry
      Wfc-us  6S rcutus= 2.102  Estimated cut-off energy=    14.57 Ry
      Wfc-us  6P rcutus= 2.323  Estimated cut-off energy=    13.00 Ry
      Wfc-us  6P rcutus= 2.323  Estimated cut-off energy=    28.92 Ry
      Wfc-us  5D rcutus= 2.210  Estimated cut-off energy=    24.33 Ry
      Wfc-us  5D rcutus= 2.210  Estimated cut-off energy=    23.20 Ry

      The bmat matrix
     0.90752     1.29068     0.00000     0.00000     0.00000     0.00000
     1.10103     1.60881     0.00000     0.00000     0.00000     0.00000
     0.00000     0.00000     0.12501     0.22845     0.00000     0.00000
     0.00000     0.00000     0.24720     0.78505     0.00000     0.00000
     0.00000     0.00000     0.00000     0.00000    -0.62644    -0.97655
     0.00000     0.00000     0.00000     0.00000     0.21487     0.26930

      The bmat + epsilon qq matrix
     0.93287     1.13475     0.00000     0.00000     0.00000     0.00000
     1.13499     1.40538     0.00000     0.00000     0.00000     0.00000
     0.00000     0.00000     0.12489     0.24673     0.00000     0.00000
     0.00000     0.00000     0.24703     1.16661     0.00000     0.00000
     0.00000     0.00000     0.00000     0.00000    -0.87624     0.04249
     0.00000     0.00000     0.00000     0.00000     0.04313     0.65109

      The qq matrix
    -0.05060    -0.06780     0.00000     0.00000     0.00000     0.00000
    -0.06780    -0.08845     0.00000     0.00000     0.00000     0.00000
     0.00000     0.00000     0.00151     0.00229     0.00000     0.00000
     0.00000     0.00000     0.00229     0.04770     0.00000     0.00000
     0.00000     0.00000     0.00000     0.00000     0.34469     0.23699
     0.00000     0.00000     0.00000     0.00000     0.23699     0.08879


    multipoles (all-electron charge) - (pseudo charge)
        ns l1:ns1 l2    l=0     l=1     l=2     l=3     l=4     l=5  
         1  0:  1  0 -0.0506
         2  0:  1  0 -0.0678
         2  0:  2  0 -0.0885
         3  1:  1  0  0.0000  0.0330
         3  1:  2  0  0.0000  0.0421
         3  1:  3  1  0.0015  0.0000 -0.0198
         4  1:  1  0  0.0000  0.0215
         4  1:  2  0  0.0000  0.0304
         4  1:  3  1  0.0023  0.0000 -0.0301
         4  1:  4  1  0.0477  0.0000  0.0181
         5  2:  1  0  0.0000  0.0000  0.1291
         5  2:  2  0  0.0000  0.0000  0.1166
         5  2:  3  1  0.0000 -0.1106  0.0000 -0.1460
         5  2:  4  1  0.0000 -0.0565  0.0000  0.0291
         5  2:  5  2  0.3447  0.0000  0.3911  0.0000  0.5814
         6  2:  1  0  0.0000  0.0000 -0.0521
         6  2:  2  0  0.0000  0.0000 -0.0703
         6  2:  3  1  0.0000 -0.0101  0.0000  0.0288
         6  2:  4  1  0.0000  0.0063  0.0000  0.0651
         6  2:  5  2  0.2370  0.0000  0.2599  0.0000  0.3766
         6  2:  6  2  0.0888  0.0000  0.0430  0.0000 -0.0248
     Required augmentation: BESSEL   radius:    2.000000
     Suggested rho cutoff for augmentation:  24.22 Ry

     Estimated PAW energy = -804.962046 Ryd

     The PAW screened D coefficients
     0.93287     1.13499     0.00000     0.00000     0.00000     0.00000
     1.13499     1.40538     0.00000     0.00000     0.00000     0.00000
     0.00000     0.00000     0.12489     0.24703     0.00000     0.00000
     0.00000     0.00000     0.24703     1.16661     0.00000     0.00000
     0.00000     0.00000     0.00000     0.00000    -0.87624     0.04313
     0.00000     0.00000     0.00000     0.00000     0.04313     0.65109

     The PAW descreened D coefficients (US)
     0.55023     0.62979     0.00000     0.00000     0.00000     0.00000
     0.62979     0.75361     0.00000     0.00000     0.00000     0.00000
     0.00000     0.00000     0.13010     0.27560     0.00000     0.00000
     0.00000     0.00000     0.27560     1.61535     0.00000     0.00000
     0.00000     0.00000     0.00000     0.00000     1.97309     1.99771
     0.00000     0.00000     0.00000     0.00000     1.99771     1.36059

     ------------------- End of pseudopotential generation -------------------

     --------------------------- All-electron run ----------------------------

     Hg                                                                         
     scalar relativistic calculation

     atomic number is 80.00
     dft = SLA  PW   PBX  PBC   lsd =0 sic =0 latt =0  beta=0.20 tr2=1.0E-14
     Exchange-correlation=  SLA  PW   PBX  PBC
                           (   1   4   3   4   0   0   0)
     mesh =1279 r(mesh) =  98.78773 a.u. xmin = -7.00 dx = 0.01250
     1 Ry =  13.60569312 eV, c = 137.03599908

     n l     nl                  e(Ry)          e(Ha)          e(eV)
     1 0     1S 1( 2.00)     -6114.2189     -3057.1094    -83188.1858
     2 0     2S 1( 2.00)     -1083.6157      -541.8078    -14743.3425
     2 1     2P 1( 6.00)      -934.2430      -467.1215    -12711.0234
     3 0     3S 1( 2.00)      -257.1447      -128.5723     -3498.6314
     3 1     3P 1( 6.00)      -213.9981      -106.9990     -2911.5919
     4 0     4S 1( 2.00)       -56.5392       -28.2696      -769.2548
     4 1     4P 1( 6.00)       -42.3970       -21.1985      -576.8407
     3 2     3D 1(10.00)      -168.6586       -84.3293     -2294.7168
     5 0     5S 1( 2.00)        -8.6862        -4.3431      -118.1816
     5 1     5P 1( 6.00)        -4.8888        -2.4444       -66.5152
     4 2     4D 1(10.00)       -25.6322       -12.8161      -348.7442
     4 3     4F 1(14.00)        -7.0476        -3.5238       -95.8877
     5 2     5D 1(10.00)        -0.7247        -0.3624        -9.8601
     6 0     6S 1( 2.00)        -0.5010        -0.2505        -6.8165
     6 1     6P 1( 0.00)        -0.0769        -0.0384        -1.0459

     final scf error:  8.1E-15 reached in  36 iterations
 
     Etot =  -39245.432733 Ry,  -19622.716367 Ha, -533961.314250 eV

     Ekin =   44069.436886 Ry,   22034.718443 Ha,  599595.234368 eV
     Encl =  -97785.010459 Ry,  -48892.505229 Ha,-1330432.844333 eV
     Eh   =   15210.777881 Ry,    7605.388940 Ha,  206953.176010 eV
     Exc  =    -740.637041 Ry,    -370.318520 Ha,  -10076.880295 eV


     normalization and overlap integrals

     s(1S/1S) =  1.000000  <r> =   0.0166  <r2> =    0.0004  r(max) =   0.0102
     s(1S/2S) = -0.038510
     s(1S/3S) = -0.016892
     s(1S/4S) = -0.008360
     s(1S/5S) = -0.003758
     s(1S/6S) = -0.001126
     s(2S/2S) =  1.000000  <r> =   0.0699  <r2> =    0.0058  r(max) =   0.0589
     s(2S/3S) = -0.010886
     s(2S/4S) = -0.005134
     s(2S/5S) = -0.002284
     s(2S/6S) = -0.000683
     s(2P/2P) =  1.000000  <r> =   0.0633  <r2> =    0.0049  r(max) =   0.0488
     s(2P/3P) = -0.008488
     s(2P/4P) = -0.003794
     s(2P/5P) = -0.001551
     s(2P/6P) = -0.000282
     s(3S/3S) =  1.000000  <r> =   0.1806  <r2> =    0.0373  r(max) =   0.1662
     s(3S/4S) = -0.003750
     s(3S/5S) = -0.001611
     s(3S/6S) = -0.000479
     s(3P/3P) =  1.000000  <r> =   0.1821  <r2> =    0.0385  r(max) =   0.1662
     s(3P/4P) = -0.003141
     s(3P/5P) = -0.001241
     s(3P/6P) = -0.000225
     s(4S/4S) =  1.000000  <r> =   0.3992  <r2> =    0.1798  r(max) =   0.3746
     s(4S/5S) = -0.001136
     s(4S/6S) = -0.000332
     s(4P/4P) =  1.000000  <r> =   0.4254  <r2> =    0.2057  r(max) =   0.3938
     s(4P/5P) = -0.000889
     s(4P/6P) = -0.000159
     s(3D/3D) =  1.000000  <r> =   0.1650  <r2> =    0.0319  r(max) =   0.1361
     s(3D/4D) = -0.002295
     s(3D/5D) = -0.000662
     s(5S/5S) =  1.000000  <r> =   0.9014  <r2> =    0.9114  r(max) =   0.8232
     s(5S/6S) = -0.000195
     s(5P/5P) =  1.000000  <r> =   1.0396  <r2> =    1.2223  r(max) =   0.9328
     s(5P/6P) = -0.000088
     s(4D/4D) =  1.000000  <r> =   0.4489  <r2> =    0.2327  r(max) =   0.4037
     s(4D/5D) = -0.000521
     s(4F/4F) =  1.000000  <r> =   0.4825  <r2> =    0.2810  r(max) =   0.3653
     s(5D/5D) =  1.000000  <r> =   1.4992  <r2> =    2.6878  r(max) =   1.1682
     s(6S/6S) =  1.000000  <r> =   2.6974  <r2> =    8.3850  r(max) =   2.2100
     s(6P/6P) =  1.000000  <r> =   4.5917  <r2> =   25.5296  r(max) =   3.3383

     ------------------------ End of All-electron run ------------------------


     ---------------------- Testing the pseudopotential ----------------------

     Hg                                                                         
     scalar relativistic calculation

     atomic number is 80.00   valence charge is 12.00
     dft = SLA  PW   PBX  PBC   lsd =0 sic =0 latt =0  beta=0.20 tr2=1.0E-14
     mesh =1279 r(mesh) =  98.78773 xmin = -7.00 dx = 0.01250

     n l     nl             e AE (Ry)        e PS (Ry)    De AE-PS (Ry) 
     1 0     6S   1( 2.00)       -0.50100       -0.50100        0.00000
     2 1     6P   1( 0.00)       -0.07687       -0.07687       -0.00000
     3 2     5D   1(10.00)       -0.72470       -0.72471        0.00000

     eps = 6.5E-15  iter =  3
 
     Etot =  -39245.432733 Ry,  -19622.716367 Ha, -533961.314250 eV
     Etotps =  -804.962057 Ry,    -402.481028 Ha,  -10952.066723 eV

     Ekin =     192.378787 Ry,      96.189394 Ha,    2617.446740 eV
     Encl =    -334.944608 Ry,    -167.472304 Ha,   -4557.153544 eV
     Ehrt =      78.240799 Ry,      39.120400 Ha,    1064.520305 eV
     Ecxc =    -740.637036 Ry,    -370.318518 Ha,  -10076.880223 eV
     (Ecc =     -21.384906 Ry,     -10.692453 Ha,    -290.956473 eV)

     ---------------------- End of pseudopotential test ----------------------

