[0] MPI startup(): I_MPI_SHM_LMT environment variable is not supported.
[0] MPI startup(): Similar variables:
	 I_MPI_SHM_HEAP
	 I_MPI_SHM
	 I_MPI_SHM_OPT
	 I_MPI_SHM_THP
[0] MPI startup(): To check the list of supported variables, use the impi_info utility or refer to https://software.intel.com/en-us/mpi-library/documentation/get-started.

     Program LD1 v.7.3.1 starts on 19Sep2024 at 21:46:52 

     This program is part of the open-source Quantum ESPRESSO suite
     for quantum simulation of materials; please cite
         "P. Giannozzi et al., J. Phys.:Condens. Matter 21 395502 (2009);
         "P. Giannozzi et al., J. Phys.:Condens. Matter 29 465901 (2017);
         "P. Giannozzi et al., J. Chem. Phys. 152 154105 (2020);
          URL http://www.quantum-espresso.org", 
     in publications or presentations arising from this work. More details at
     http://www.quantum-espresso.org/quote

     Parallel version (MPI), running on     1 processors

     MPI processes distributed on     1 nodes
     89923 MiB available memory on the printing compute node when the environment starts
 
     Waiting for input...
     Reading input from standard input
     --------------------------- All-electron run ----------------------------

     I                                                                          
     scalar relativistic calculation

     atomic number is 53.00
     dft =PBE   lsd =0 sic =0 latt =0  beta=0.20 tr2=1.0E-14
     Exchange-correlation= PBE
                           (   1   4   3   4   0   0   0)
     mesh =1247 r(mesh) =  99.95380 a.u. xmin = -7.00 dx = 0.01250
     1 Ry =  13.60569312 eV, c = 137.03599908

     n l     nl                  e(Ry)          e(Ha)          e(eV)
     1 0     1S 1( 2.00)     -2424.3583     -1212.1792    -32985.0753
     2 0     2S 1( 2.00)      -374.5694      -187.2847     -5096.2757
     2 1     2P 1( 6.00)      -336.1798      -168.0899     -4573.9590
     3 0     3S 1( 2.00)       -75.5998       -37.7999     -1028.5883
     3 1     3P 1( 6.00)       -63.1611       -31.5805      -859.3504
     4 0     4S 1( 2.00)       -13.2735        -6.6367      -180.5947
     4 1     4P 1( 6.00)        -9.3762        -4.6881      -127.5694
     3 2     3D 1(10.00)       -44.5378       -22.2689      -605.9680
     4 2     4D 1(10.00)        -3.6954        -1.8477       -50.2791
     5 0     5S 1( 2.00)        -1.2794        -0.6397       -17.4072
     5 1     5P 1( 5.00)        -0.5208        -0.2604        -7.0858

     final scf error:  6.9E-15 reached in  24 iterations
 
     Etot =  -14232.800439 Ry,   -7116.400219 Ha, -193647.115053 eV

     Ekin =   14939.887313 Ry,    7469.943657 Ha,  203267.522078 eV
     Encl =  -34438.631382 Ry,  -17219.315691 Ha, -468561.450164 eV
     Eh   =    5627.968328 Ry,    2813.984164 Ha,   76572.409982 eV
     Exc  =    -362.024698 Ry,    -181.012349 Ha,   -4925.596949 eV


     normalization and overlap integrals

     s(1S/1S) =  1.000000  <r> =   0.0272  <r2> =    0.0010  r(max) =   0.0175
     s(1S/2S) = -0.015039
     s(1S/3S) = -0.006353
     s(1S/4S) = -0.002905
     s(1S/5S) = -0.001053
     s(2S/2S) =  1.000000  <r> =   0.1172  <r2> =    0.0162  r(max) =   0.0995
     s(2S/3S) = -0.003918
     s(2S/4S) = -0.001722
     s(2S/5S) = -0.000620
     s(2P/2P) =  1.000000  <r> =   0.1025  <r2> =    0.0128  r(max) =   0.0794
     s(2P/3P) = -0.003192
     s(2P/4P) = -0.001315
     s(2P/5P) = -0.000392
     s(3S/3S) =  1.000000  <r> =   0.3141  <r2> =    0.1127  r(max) =   0.2843
     s(3S/4S) = -0.001169
     s(3S/5S) = -0.000410
     s(3P/3P) =  1.000000  <r> =   0.3121  <r2> =    0.1130  r(max) =   0.2807
     s(3P/4P) = -0.000990
     s(3P/5P) = -0.000288
     s(4S/4S) =  1.000000  <r> =   0.7400  <r2> =    0.6185  r(max) =   0.6820
     s(4S/5S) = -0.000262
     s(4P/4P) =  1.000000  <r> =   0.7920  <r2> =    0.7147  r(max) =   0.7169
     s(4P/5P) = -0.000183
     s(3D/3D) =  1.000000  <r> =   0.2886  <r2> =    0.0986  r(max) =   0.2327
     s(3D/4D) = -0.000672
     s(4D/4D) =  1.000000  <r> =   0.9213  <r2> =    0.9944  r(max) =   0.7825
     s(5S/5S) =  1.000000  <r> =   1.9657  <r2> =    4.3827  r(max) =   1.6984
     s(5P/5P) =  1.000000  <r> =   2.4752  <r2> =    7.0926  r(max) =   2.0233

     ------------------------ End of All-electron run ------------------------


     --------------------- Generating PAW atomic setup --------------------


      Generating local pot.: lloc=2, matching radius rcloc =   2.0000

      Computing core charge for nlcc: 

       r > 1.41 : true rho core
      Core charge pseudized with two Bessel functions
      Integrated core pseudo-charge :  17.11
      Wfc-us  5S rcutus= 1.877  Estimated cut-off energy=    13.15 Ry
      Wfc-us  5S rcutus= 1.877  Estimated cut-off energy=    13.60 Ry
      Wfc-us  5P rcutus= 1.786  Estimated cut-off energy=    22.70 Ry
      Wfc-us  5P rcutus= 1.786  Estimated cut-off energy=    23.60 Ry

      The bmat matrix
     0.57548     0.47917     0.00000     0.00000
     0.43883     0.36315     0.00000     0.00000
     0.00000     0.00000    -0.19367    -0.16818
     0.00000     0.00000    -0.17660    -0.14725

      The bmat + epsilon qq matrix
     0.82798     0.62366     0.00000     0.00000
     0.62368     0.46892     0.00000     0.00000
     0.00000     0.00000    -0.18946    -0.17054
     0.00000     0.00000    -0.17048    -0.15044

      The qq matrix
    -0.19736    -0.14448     0.00000     0.00000
    -0.14448    -0.10578     0.00000     0.00000
     0.00000     0.00000    -0.00807    -0.01177
     0.00000     0.00000    -0.01177    -0.01595


    multipoles (all-electron charge) - (pseudo charge)
        ns l1:ns1 l2    l=0     l=1     l=2     l=3     l=4     l=5  
         1  0:  1  0 -0.1974
         2  0:  1  0 -0.1445
         2  0:  2  0 -0.1058
         3  1:  1  0  0.0000  0.0830
         3  1:  2  0  0.0000  0.0605
         3  1:  3  1 -0.0081  0.0000 -0.0432
         4  1:  1  0  0.0000  0.0933
         4  1:  2  0  0.0000  0.0680
         4  1:  3  1 -0.0118  0.0000 -0.0482
         4  1:  4  1 -0.0160  0.0000 -0.0536
     Required augmentation: PSQ   radius:    1.600000

     Q pseudized with Bessel functions
     Expected ecutrho=     109.2828 due to l1=  1   l2=  1

     Estimated PAW energy = -378.802970 Ryd

     The PAW screened D coefficients
     0.82798     0.62368     0.00000     0.00000
     0.62368     0.46892     0.00000     0.00000
     0.00000     0.00000    -0.18946    -0.17048
     0.00000     0.00000    -0.17048    -0.15044

     The PAW descreened D coefficients (US)
     0.01354     0.01065     0.00000     0.00000
     0.01065     0.00799     0.00000     0.00000
     0.00000     0.00000     0.22704     0.23319
     0.00000     0.00000     0.23319     0.23637

     ------------------- End of pseudopotential generation -------------------

     --------------------------- All-electron run ----------------------------

     I                                                                          
     scalar relativistic calculation

     atomic number is 53.00
     dft = SLA  PW   PBX  PBC   lsd =0 sic =0 latt =0  beta=0.20 tr2=1.0E-14
     Exchange-correlation=  SLA  PW   PBX  PBC
                           (   1   4   3   4   0   0   0)
     mesh =1247 r(mesh) =  99.95380 a.u. xmin = -7.00 dx = 0.01250
     1 Ry =  13.60569312 eV, c = 137.03599908

     n l     nl                  e(Ry)          e(Ha)          e(eV)
     1 0     1S 1( 2.00)     -2424.3583     -1212.1792    -32985.0753
     2 0     2S 1( 2.00)      -374.5694      -187.2847     -5096.2757
     2 1     2P 1( 6.00)      -336.1798      -168.0899     -4573.9590
     3 0     3S 1( 2.00)       -75.5998       -37.7999     -1028.5883
     3 1     3P 1( 6.00)       -63.1611       -31.5805      -859.3504
     4 0     4S 1( 2.00)       -13.2735        -6.6367      -180.5947
     4 1     4P 1( 6.00)        -9.3762        -4.6881      -127.5694
     3 2     3D 1(10.00)       -44.5378       -22.2689      -605.9680
     4 2     4D 1(10.00)        -3.6954        -1.8477       -50.2791
     5 0     5S 1( 2.00)        -1.2794        -0.6397       -17.4072
     5 1     5P 1( 5.00)        -0.5208        -0.2604        -7.0858

     final scf error:  6.9E-15 reached in  24 iterations
 
     Etot =  -14232.800439 Ry,   -7116.400219 Ha, -193647.115053 eV

     Ekin =   14939.887313 Ry,    7469.943657 Ha,  203267.522078 eV
     Encl =  -34438.631382 Ry,  -17219.315691 Ha, -468561.450164 eV
     Eh   =    5627.968328 Ry,    2813.984164 Ha,   76572.409982 eV
     Exc  =    -362.024698 Ry,    -181.012349 Ha,   -4925.596949 eV


     normalization and overlap integrals

     s(1S/1S) =  1.000000  <r> =   0.0272  <r2> =    0.0010  r(max) =   0.0175
     s(1S/2S) = -0.015039
     s(1S/3S) = -0.006353
     s(1S/4S) = -0.002905
     s(1S/5S) = -0.001053
     s(2S/2S) =  1.000000  <r> =   0.1172  <r2> =    0.0162  r(max) =   0.0995
     s(2S/3S) = -0.003918
     s(2S/4S) = -0.001722
     s(2S/5S) = -0.000620
     s(2P/2P) =  1.000000  <r> =   0.1025  <r2> =    0.0128  r(max) =   0.0794
     s(2P/3P) = -0.003192
     s(2P/4P) = -0.001315
     s(2P/5P) = -0.000392
     s(3S/3S) =  1.000000  <r> =   0.3141  <r2> =    0.1127  r(max) =   0.2843
     s(3S/4S) = -0.001169
     s(3S/5S) = -0.000410
     s(3P/3P) =  1.000000  <r> =   0.3121  <r2> =    0.1130  r(max) =   0.2807
     s(3P/4P) = -0.000990
     s(3P/5P) = -0.000288
     s(4S/4S) =  1.000000  <r> =   0.7400  <r2> =    0.6185  r(max) =   0.6820
     s(4S/5S) = -0.000262
     s(4P/4P) =  1.000000  <r> =   0.7920  <r2> =    0.7147  r(max) =   0.7169
     s(4P/5P) = -0.000183
     s(3D/3D) =  1.000000  <r> =   0.2886  <r2> =    0.0986  r(max) =   0.2327
     s(3D/4D) = -0.000672
     s(4D/4D) =  1.000000  <r> =   0.9213  <r2> =    0.9944  r(max) =   0.7825
     s(5S/5S) =  1.000000  <r> =   1.9657  <r2> =    4.3827  r(max) =   1.6984
     s(5P/5P) =  1.000000  <r> =   2.4752  <r2> =    7.0926  r(max) =   2.0233

     ------------------------ End of All-electron run ------------------------


     ---------------------- Testing the pseudopotential ----------------------

     I                                                                          
     scalar relativistic calculation

     atomic number is 53.00   valence charge is  7.00
     dft = SLA  PW   PBX  PBC   lsd =0 sic =0 latt =0  beta=0.20 tr2=1.0E-14
     mesh =1247 r(mesh) =  99.95380 xmin = -7.00 dx = 0.01250

     n l     nl             e AE (Ry)        e PS (Ry)    De AE-PS (Ry) 
     1 0     5S   1( 2.00)       -1.27940       -1.27941        0.00001
     2 1     5P   1( 5.00)       -0.52079       -0.52080        0.00000

     eps = 6.8E-15  iter =  3
 
     Etot =  -14232.800439 Ry,   -7116.400219 Ha, -193647.115053 eV
     Etotps =  -378.802993 Ry,    -189.401496 Ha,   -5153.877276 eV

     Ekin =      44.977707 Ry,      22.488853 Ha,     611.952876 eV
     Encl =     -80.802639 Ry,     -40.401319 Ha,   -1099.375909 eV
     Ehrt =      19.046634 Ry,       9.523317 Ha,     259.142655 eV
     Ecxc =    -362.024695 Ry,    -181.012347 Ha,   -4925.596898 eV
     (Ecc =     -35.545723 Ry,     -17.772861 Ha,    -483.624195 eV)

     ---------------------- End of pseudopotential test ----------------------

