[0] MPI startup(): I_MPI_SHM_LMT environment variable is not supported.
[0] MPI startup(): Similar variables:
	 I_MPI_SHM_HEAP
	 I_MPI_SHM
	 I_MPI_SHM_OPT
	 I_MPI_SHM_THP
[0] MPI startup(): To check the list of supported variables, use the impi_info utility or refer to https://software.intel.com/en-us/mpi-library/documentation/get-started.

     Program LD1 v.7.3.1 starts on 19Sep2024 at 21:46:53 

     This program is part of the open-source Quantum ESPRESSO suite
     for quantum simulation of materials; please cite
         "P. Giannozzi et al., J. Phys.:Condens. Matter 21 395502 (2009);
         "P. Giannozzi et al., J. Phys.:Condens. Matter 29 465901 (2017);
         "P. Giannozzi et al., J. Chem. Phys. 152 154105 (2020);
          URL http://www.quantum-espresso.org", 
     in publications or presentations arising from this work. More details at
     http://www.quantum-espresso.org/quote

     Parallel version (MPI), running on     1 processors

     MPI processes distributed on     1 nodes
     89922 MiB available memory on the printing compute node when the environment starts
 
     Waiting for input...
     Reading input from standard input
     --------------------------- All-electron run ----------------------------

     Ir                                                                         
     scalar relativistic calculation

     atomic number is 77.00
     dft =PBE   lsd =0 sic =0 latt =0  beta=0.20 tr2=1.0E-14
     Exchange-correlation= PBE
                           (   1   4   3   4   0   0   0)
     mesh =1277 r(mesh) = 100.10249 a.u. xmin = -7.00 dx = 0.01250
     1 Ry =  13.60569312 eV, c = 137.03599908

     n l     nl                  e(Ry)          e(Ha)          e(eV)
     1 0     1S 1( 2.00)     -5596.0956     -2798.0478    -76138.7589
     2 0     2S 1( 2.00)      -978.9318      -489.4659    -13319.0457
     2 1     2P 1( 6.00)      -850.3235      -425.1617    -11569.2402
     3 0     3S 1( 2.00)      -228.9657      -114.4829     -3115.2374
     3 1     3P 1( 6.00)      -191.3673       -95.6836     -2603.6843
     4 0     4S 1( 2.00)       -48.8466       -24.4233      -664.5919
     4 1     4P 1( 6.00)       -36.5182       -18.2591      -496.8553
     3 2     3D 1(10.00)      -150.0207       -75.0104     -2041.1361
     5 0     5S 1( 2.00)        -7.2018        -3.6009       -97.9852
     5 1     5P 1( 6.00)        -4.0202        -2.0101       -54.6982
     4 2     4D 1(10.00)       -21.3872       -10.6936      -290.9872
     4 3     4F 1(14.00)        -4.5710        -2.2855       -62.1919
     5 2     5D 1( 7.00)        -0.5253        -0.2627        -7.1472
     6 0     6S 1( 2.00)        -0.4653        -0.2327        -6.3309
     6 1     6P 1( 0.00)        -0.0894        -0.0447        -1.2160

     final scf error:  5.3E-15 reached in  24 iterations
 
     Etot =  -35655.108730 Ry,  -17827.554365 Ha, -485112.467649 eV

     Ekin =   39651.015484 Ry,   19825.507742 Ha,  539479.548692 eV
     Encl =  -88486.601676 Ry,  -44243.300838 Ha,-1203921.547905 eV
     Eh   =   13872.563745 Ry,    6936.281873 Ha,  188745.845145 eV
     Exc  =    -692.086283 Ry,    -346.043141 Ha,   -9416.313581 eV


     normalization and overlap integrals

     s(1S/1S) =  1.000000  <r> =   0.0174  <r2> =    0.0004  r(max) =   0.0108
     s(1S/2S) = -0.035170
     s(1S/3S) = -0.015417
     s(1S/4S) = -0.007576
     s(1S/5S) = -0.003297
     s(1S/6S) = -0.001004
     s(2S/2S) =  1.000000  <r> =   0.0736  <r2> =    0.0064  r(max) =   0.0620
     s(2S/3S) = -0.009886
     s(2S/4S) = -0.004632
     s(2S/5S) = -0.001996
     s(2S/6S) = -0.000607
     s(2P/2P) =  1.000000  <r> =   0.0662  <r2> =    0.0054  r(max) =   0.0514
     s(2P/3P) = -0.007764
     s(2P/4P) = -0.003443
     s(2P/5P) = -0.001351
     s(2P/6P) = -0.000272
     s(3S/3S) =  1.000000  <r> =   0.1904  <r2> =    0.0415  r(max) =   0.1749
     s(3S/4S) = -0.003367
     s(3S/5S) = -0.001403
     s(3S/6S) = -0.000424
     s(3P/3P) =  1.000000  <r> =   0.1913  <r2> =    0.0424  r(max) =   0.1749
     s(3P/4P) = -0.002830
     s(3P/5P) = -0.001075
     s(3P/6P) = -0.000215
     s(4S/4S) =  1.000000  <r> =   0.4233  <r2> =    0.2022  r(max) =   0.3990
     s(4S/5S) = -0.000980
     s(4S/6S) = -0.000292
     s(4P/4P) =  1.000000  <r> =   0.4505  <r2> =    0.2307  r(max) =   0.4195
     s(4P/5P) = -0.000762
     s(4P/6P) = -0.000151
     s(3D/3D) =  1.000000  <r> =   0.1733  <r2> =    0.0352  r(max) =   0.1414
     s(3D/4D) = -0.002060
     s(3D/5D) = -0.000543
     s(5S/5S) =  1.000000  <r> =   0.9777  <r2> =    1.0729  r(max) =   0.8880
     s(5S/6S) = -0.000165
     s(5P/5P) =  1.000000  <r> =   1.1338  <r2> =    1.4555  r(max) =   1.0062
     s(5P/6P) = -0.000080
     s(4D/4D) =  1.000000  <r> =   0.4784  <r2> =    0.2647  r(max) =   0.4247
     s(4D/5D) = -0.000420
     s(4F/4F) =  1.000000  <r> =   0.5352  <r2> =    0.3510  r(max) =   0.3940
     s(5D/5D) =  1.000000  <r> =   1.7200  <r2> =    3.5688  r(max) =   1.2920
     s(6S/6S) =  1.000000  <r> =   2.8992  <r2> =    9.6485  r(max) =   2.3838
     s(6P/6P) =  1.000000  <r> =   4.6523  <r2> =   25.8301  r(max) =   3.4684

     ------------------------ End of All-electron run ------------------------


     --------------------- Generating PAW atomic setup --------------------


      Generating local potential from pseudized AE potential:
      Matching radius rcloc =   2.5000

      Local pseudo, rcloc= 2.475 Estimated cut-off energy=     4.09 Ry

      Computing core charge for nlcc: 

       r > 1.20 : true rho core
       r < 1.20 : rho core = a sin(br)/r    a=  14.19  b=   2.13

      Integrated core pseudo-charge :  11.49
      Wfc-us  6S rcutus= 2.296  Estimated cut-off energy=     8.28 Ry
      Wfc-us  6S rcutus= 2.296  Estimated cut-off energy=     9.50 Ry
      Wfc-us  6P rcutus= 2.475  Estimated cut-off energy=    11.41 Ry
      Wfc-us  6P rcutus= 2.475  Estimated cut-off energy=    24.25 Ry
      Wfc-us  5D rcutus= 2.078  Estimated cut-off energy=    27.00 Ry
      Wfc-us  5D rcutus= 2.078  Estimated cut-off energy=    23.97 Ry

      The bmat matrix
     0.58871     0.64083     0.00000     0.00000     0.00000     0.00000
     0.59331     0.64959     0.00000     0.00000     0.00000     0.00000
     0.00000     0.00000     0.09606     0.19972     0.00000     0.00000
     0.00000     0.00000     0.21401     0.72828     0.00000     0.00000
     0.00000     0.00000     0.00000     0.00000    -1.22522    -1.03476
     0.00000     0.00000     0.00000     0.00000    -0.15588    -0.03274

      The bmat + epsilon qq matrix
     0.61251     0.61884     0.00000     0.00000     0.00000     0.00000
     0.61889     0.62612     0.00000     0.00000     0.00000     0.00000
     0.00000     0.00000     0.09555     0.21357     0.00000     0.00000
     0.00000     0.00000     0.21382     0.89000     0.00000     0.00000
     0.00000     0.00000     0.00000     0.00000    -1.30095    -0.25208
     0.00000     0.00000     0.00000     0.00000    -0.25150     0.53412

      The qq matrix
    -0.05115    -0.05498     0.00000     0.00000     0.00000     0.00000
    -0.05498    -0.05866     0.00000     0.00000     0.00000     0.00000
     0.00000     0.00000     0.00566     0.00216     0.00000     0.00000
     0.00000     0.00000     0.00216     0.02527     0.00000     0.00000
     0.00000     0.00000     0.00000     0.00000     0.14416     0.18202
     0.00000     0.00000     0.00000     0.00000     0.18202     0.13183


    multipoles (all-electron charge) - (pseudo charge)
        ns l1:ns1 l2    l=0     l=1     l=2     l=3     l=4     l=5  
         1  0:  1  0 -0.0511
         2  0:  1  0 -0.0550
         2  0:  2  0 -0.0587
         3  1:  1  0  0.0000  0.0320
         3  1:  2  0  0.0000  0.0337
         3  1:  3  1  0.0057  0.0000 -0.0189
         4  1:  1  0  0.0000  0.0465
         4  1:  2  0  0.0000  0.0489
         4  1:  3  1  0.0022  0.0000 -0.0437
         4  1:  4  1  0.0253  0.0000 -0.0326
         5  2:  1  0  0.0000  0.0000  0.2369
         5  2:  2  0  0.0000  0.0000  0.2243
         5  2:  3  1  0.0000 -0.1367  0.0000 -0.2199
         5  2:  4  1  0.0000 -0.1531  0.0000 -0.1561
         5  2:  5  2  0.1442  0.0000  0.1494  0.0000  0.2106
         6  2:  1  0  0.0000  0.0000  0.0282
         6  2:  2  0  0.0000  0.0000  0.0237
         6  2:  3  1  0.0000 -0.0389  0.0000 -0.0104
         6  2:  4  1  0.0000 -0.0576  0.0000 -0.0240
         6  2:  5  2  0.1820  0.0000  0.2035  0.0000  0.3009
         6  2:  6  2  0.1318  0.0000  0.1118  0.0000  0.1115
     Required augmentation: PSQ   radius:    1.000000

     Q pseudized with Bessel functions
     Expected ecutrho=     360.8248 due to l1=  2   l2=  2

     Estimated PAW energy = -720.871007 Ryd

     The PAW screened D coefficients
     0.61251     0.61889     0.00000     0.00000     0.00000     0.00000
     0.61889     0.62612     0.00000     0.00000     0.00000     0.00000
     0.00000     0.00000     0.09555     0.21382     0.00000     0.00000
     0.00000     0.00000     0.21382     0.89000     0.00000     0.00000
     0.00000     0.00000     0.00000     0.00000    -1.30095    -0.25150
     0.00000     0.00000     0.00000     0.00000    -0.25150     0.53412

     The PAW descreened D coefficients (US)
     0.55034     0.52869     0.00000     0.00000     0.00000     0.00000
     0.52869     0.50914     0.00000     0.00000     0.00000     0.00000
     0.00000     0.00000     0.17669     0.33915     0.00000     0.00000
     0.00000     0.00000     0.33915     1.17251     0.00000     0.00000
     0.00000     0.00000     0.00000     0.00000    -0.36066     0.81390
     0.00000     0.00000     0.00000     0.00000     0.81390     1.37442

     ------------------- End of pseudopotential generation -------------------

     --------------------------- All-electron run ----------------------------

     Ir                                                                         
     scalar relativistic calculation

     atomic number is 77.00
     dft = SLA  PW   PBX  PBC   lsd =0 sic =0 latt =0  beta=0.20 tr2=1.0E-14
     Exchange-correlation=  SLA  PW   PBX  PBC
                           (   1   4   3   4   0   0   0)
     mesh =1277 r(mesh) = 100.10249 a.u. xmin = -7.00 dx = 0.01250
     1 Ry =  13.60569312 eV, c = 137.03599908

     n l     nl                  e(Ry)          e(Ha)          e(eV)
     1 0     1S 1( 2.00)     -5596.0956     -2798.0478    -76138.7589
     2 0     2S 1( 2.00)      -978.9318      -489.4659    -13319.0457
     2 1     2P 1( 6.00)      -850.3235      -425.1617    -11569.2402
     3 0     3S 1( 2.00)      -228.9657      -114.4829     -3115.2374
     3 1     3P 1( 6.00)      -191.3673       -95.6836     -2603.6843
     4 0     4S 1( 2.00)       -48.8466       -24.4233      -664.5919
     4 1     4P 1( 6.00)       -36.5182       -18.2591      -496.8553
     3 2     3D 1(10.00)      -150.0207       -75.0104     -2041.1361
     5 0     5S 1( 2.00)        -7.2018        -3.6009       -97.9852
     5 1     5P 1( 6.00)        -4.0202        -2.0101       -54.6982
     4 2     4D 1(10.00)       -21.3872       -10.6936      -290.9872
     4 3     4F 1(14.00)        -4.5710        -2.2855       -62.1919
     5 2     5D 1( 7.00)        -0.5253        -0.2627        -7.1472
     6 0     6S 1( 2.00)        -0.4653        -0.2327        -6.3309
     6 1     6P 1( 0.00)        -0.0894        -0.0447        -1.2160

     final scf error:  5.3E-15 reached in  24 iterations
 
     Etot =  -35655.108730 Ry,  -17827.554365 Ha, -485112.467649 eV

     Ekin =   39651.015484 Ry,   19825.507742 Ha,  539479.548692 eV
     Encl =  -88486.601676 Ry,  -44243.300838 Ha,-1203921.547905 eV
     Eh   =   13872.563745 Ry,    6936.281873 Ha,  188745.845145 eV
     Exc  =    -692.086283 Ry,    -346.043141 Ha,   -9416.313581 eV


     normalization and overlap integrals

     s(1S/1S) =  1.000000  <r> =   0.0174  <r2> =    0.0004  r(max) =   0.0108
     s(1S/2S) = -0.035170
     s(1S/3S) = -0.015417
     s(1S/4S) = -0.007576
     s(1S/5S) = -0.003297
     s(1S/6S) = -0.001004
     s(2S/2S) =  1.000000  <r> =   0.0736  <r2> =    0.0064  r(max) =   0.0620
     s(2S/3S) = -0.009886
     s(2S/4S) = -0.004632
     s(2S/5S) = -0.001996
     s(2S/6S) = -0.000607
     s(2P/2P) =  1.000000  <r> =   0.0662  <r2> =    0.0054  r(max) =   0.0514
     s(2P/3P) = -0.007764
     s(2P/4P) = -0.003443
     s(2P/5P) = -0.001351
     s(2P/6P) = -0.000272
     s(3S/3S) =  1.000000  <r> =   0.1904  <r2> =    0.0415  r(max) =   0.1749
     s(3S/4S) = -0.003367
     s(3S/5S) = -0.001403
     s(3S/6S) = -0.000424
     s(3P/3P) =  1.000000  <r> =   0.1913  <r2> =    0.0424  r(max) =   0.1749
     s(3P/4P) = -0.002830
     s(3P/5P) = -0.001075
     s(3P/6P) = -0.000215
     s(4S/4S) =  1.000000  <r> =   0.4233  <r2> =    0.2022  r(max) =   0.3990
     s(4S/5S) = -0.000980
     s(4S/6S) = -0.000292
     s(4P/4P) =  1.000000  <r> =   0.4505  <r2> =    0.2307  r(max) =   0.4195
     s(4P/5P) = -0.000762
     s(4P/6P) = -0.000151
     s(3D/3D) =  1.000000  <r> =   0.1733  <r2> =    0.0352  r(max) =   0.1414
     s(3D/4D) = -0.002060
     s(3D/5D) = -0.000543
     s(5S/5S) =  1.000000  <r> =   0.9777  <r2> =    1.0729  r(max) =   0.8880
     s(5S/6S) = -0.000165
     s(5P/5P) =  1.000000  <r> =   1.1338  <r2> =    1.4555  r(max) =   1.0062
     s(5P/6P) = -0.000080
     s(4D/4D) =  1.000000  <r> =   0.4784  <r2> =    0.2647  r(max) =   0.4247
     s(4D/5D) = -0.000420
     s(4F/4F) =  1.000000  <r> =   0.5352  <r2> =    0.3510  r(max) =   0.3940
     s(5D/5D) =  1.000000  <r> =   1.7200  <r2> =    3.5688  r(max) =   1.2920
     s(6S/6S) =  1.000000  <r> =   2.8992  <r2> =    9.6485  r(max) =   2.3838
     s(6P/6P) =  1.000000  <r> =   4.6523  <r2> =   25.8301  r(max) =   3.4684

     ------------------------ End of All-electron run ------------------------


     ---------------------- Testing the pseudopotential ----------------------

     Ir                                                                         
     scalar relativistic calculation

     atomic number is 77.00   valence charge is  9.00
     dft = SLA  PW   PBX  PBC   lsd =0 sic =0 latt =0  beta=0.20 tr2=1.0E-14
     mesh =1277 r(mesh) = 100.10249 xmin = -7.00 dx = 0.01250

     n l     nl             e AE (Ry)        e PS (Ry)    De AE-PS (Ry) 
     1 0     6S   1( 2.00)       -0.46532       -0.46532        0.00000
     2 1     6P   1( 0.00)       -0.08937       -0.08937       -0.00000
     3 2     5D   1( 7.00)       -0.52531       -0.52531        0.00000

     eps = 2.4E-15  iter =  3
 
     Etot =  -35655.108730 Ry,  -17827.554365 Ha, -485112.467649 eV
     Etotps =  -720.871016 Ry,    -360.435508 Ha,   -9807.949819 eV

     Ekin =     104.060037 Ry,      52.030019 Ha,    1415.808931 eV
     Encl =    -170.462638 Ry,     -85.231319 Ha,   -2319.262338 eV
     Ehrt =      37.617864 Ry,      18.808932 Ha,     511.817109 eV
     Ecxc =    -692.086279 Ry,    -346.043139 Ha,   -9416.313521 eV
     (Ecc =     -18.011516 Ry,      -9.005758 Ha,    -245.059153 eV)

     ---------------------- End of pseudopotential test ----------------------

