[0] MPI startup(): I_MPI_SHM_LMT environment variable is not supported.
[0] MPI startup(): Similar variables:
	 I_MPI_SHM_HEAP
	 I_MPI_SHM
	 I_MPI_SHM_OPT
	 I_MPI_SHM_THP
[0] MPI startup(): To check the list of supported variables, use the impi_info utility or refer to https://software.intel.com/en-us/mpi-library/documentation/get-started.

     Program LD1 v.7.3.1 starts on 19Sep2024 at 21:46:55 

     This program is part of the open-source Quantum ESPRESSO suite
     for quantum simulation of materials; please cite
         "P. Giannozzi et al., J. Phys.:Condens. Matter 21 395502 (2009);
         "P. Giannozzi et al., J. Phys.:Condens. Matter 29 465901 (2017);
         "P. Giannozzi et al., J. Chem. Phys. 152 154105 (2020);
          URL http://www.quantum-espresso.org", 
     in publications or presentations arising from this work. More details at
     http://www.quantum-espresso.org/quote

     Parallel version (MPI), running on     1 processors

     MPI processes distributed on     1 nodes
     89918 MiB available memory on the printing compute node when the environment starts
 
     Waiting for input...
     Reading input from standard input
     --------------------------- All-electron run ----------------------------

     Li                                                                         
     scalar relativistic calculation

     atomic number is  3.00
     dft =PBE   lsd =0 sic =0 latt =0  beta=0.20 tr2=1.0E-14
     Exchange-correlation= PBE
                           (   1   4   3   4   0   0   0)
     mesh =1017 r(mesh) =  99.62247 a.u. xmin = -7.00 dx = 0.01250
     1 Ry =  13.60569312 eV, c = 137.03599908

     n l     nl                  e(Ry)          e(Ha)          e(eV)
     1 0     1S 1( 2.00)        -3.8112        -1.9056       -51.8546
     2 0     2S 1( 1.00)        -0.2113        -0.1056        -2.8742
     2 1     2P 1( 0.00)        -0.0801        -0.0401        -1.0900

     final scf error:  3.3E-15 reached in  30 iterations
 
     Etot =     -14.904546 Ry,      -7.452273 Ha,    -202.786677 eV

     Ekin =      14.808355 Ry,       7.404177 Ha,     201.477929 eV
     Encl =     -34.203215 Ry,     -17.101608 Ha,    -465.358450 eV
     Eh   =       8.064463 Ry,       4.032231 Ha,     109.722603 eV
     Exc  =      -3.574148 Ry,      -1.787074 Ha,     -48.628759 eV


     normalization and overlap integrals

     s(1S/1S) =  1.000000  <r> =   0.5819  <r2> =    0.4657  r(max) =   0.3593
     s(1S/2S) = -0.000020
     s(2S/2S) =  1.000000  <r> =   3.9071  <r2> =   18.2004  r(max) =   3.1233
     s(2P/2P) =  1.000000  <r> =   5.0407  <r2> =   31.4579  r(max) =   3.8148

     ------------------------ End of All-electron run ------------------------


     --------------------- Generating US pseudopotential ---------------------


      Generating local potential from pseudized AE potential:
      Matching radius rcloc =   1.3000

      Local pseudo, rcloc= 1.286 Estimated cut-off energy=    13.99 Ry
      Wfc-us  1S rcutus= 1.193  Estimated cut-off energy=    36.09 Ry
      Wfc-us  2S rcutus= 1.193  Estimated cut-off energy=    78.32 Ry
      Wfc-us  2P rcutus= 2.174  Estimated cut-off energy=    15.78 Ry
      Wfc-us  2P rcutus= 2.174  Estimated cut-off energy=    21.22 Ry

      The bmat matrix
    -2.34366    -0.62682     0.00000     0.00000
    -0.66486    -0.38715     0.00000     0.00000
     0.00000     0.00000    -0.01644    -0.04318
     0.00000     0.00000    -0.01212    -0.04238

      The bmat + epsilon qq matrix
    -3.89870    -0.62458     0.00000     0.00000
    -0.62452    -0.38186     0.00000     0.00000
     0.00000     0.00000    -0.01219    -0.00549
     0.00000     0.00000    -0.00547     0.01669

      The qq matrix
     0.40801    -0.01059     0.00000     0.00000
    -0.01059    -0.02501     0.00000     0.00000
     0.00000     0.00000     0.01416     0.02217
     0.00000     0.00000     0.02217     0.03475

     Q pseudized with Bessel functions
     Expected ecutrho=     354.9595 due to l1=  1   l2=  1

      The ddd matrix
    -2.02313    -0.64824     0.00000     0.00000
    -0.64824    -0.49194     0.00000     0.00000
     0.00000     0.00000     0.02487     0.05445
     0.00000     0.00000     0.05445     0.11365

     ------------------- End of pseudopotential generation -------------------

     --------------------------- All-electron run ----------------------------

     Li                                                                         
     scalar relativistic calculation

     atomic number is  3.00
     dft =PBE   lsd =0 sic =0 latt =0  beta=0.20 tr2=1.0E-14
     Exchange-correlation= PBE
                           (   1   4   3   4   0   0   0)
     mesh =1017 r(mesh) =  99.62247 a.u. xmin = -7.00 dx = 0.01250
     1 Ry =  13.60569312 eV, c = 137.03599908

     n l     nl                  e(Ry)          e(Ha)          e(eV)
     1 0     1S 1( 2.00)        -3.8112        -1.9056       -51.8546
     2 0     2S 1( 1.00)        -0.2113        -0.1056        -2.8742
     2 1     2P 1( 0.00)        -0.0801        -0.0401        -1.0900

     final scf error:  3.3E-15 reached in  30 iterations
 
     Etot =     -14.904546 Ry,      -7.452273 Ha,    -202.786677 eV

     Ekin =      14.808355 Ry,       7.404177 Ha,     201.477929 eV
     Encl =     -34.203215 Ry,     -17.101608 Ha,    -465.358450 eV
     Eh   =       8.064463 Ry,       4.032231 Ha,     109.722603 eV
     Exc  =      -3.574148 Ry,      -1.787074 Ha,     -48.628759 eV


     normalization and overlap integrals

     s(1S/1S) =  1.000000  <r> =   0.5819  <r2> =    0.4657  r(max) =   0.3593
     s(1S/2S) = -0.000020
     s(2S/2S) =  1.000000  <r> =   3.9071  <r2> =   18.2004  r(max) =   3.1233
     s(2P/2P) =  1.000000  <r> =   5.0407  <r2> =   31.4579  r(max) =   3.8148

     ------------------------ End of All-electron run ------------------------


     ---------------------- Testing the pseudopotential ----------------------

     Li                                                                         
     scalar relativistic calculation

     atomic number is  3.00   valence charge is  3.00
     dft =PBE   lsd =0 sic =0 latt =0  beta=0.20 tr2=1.0E-14
     mesh =1017 r(mesh) =  99.62247 xmin = -7.00 dx = 0.01250

     n l     nl             e AE (Ry)        e PS (Ry)    De AE-PS (Ry) 
     1 0     1S   1( 2.00)       -3.81124       -3.81123       -0.00001
     2 0     2S   1( 1.00)       -0.21125       -0.21125       -0.00000

     eps = 7.9E-16  iter =  4
 
     Etot =     -14.904546 Ry,      -7.452273 Ha,    -202.786677 eV
     Etotps =   -14.709877 Ry,      -7.354939 Ha,    -200.138076 eV

     Ekin =       4.928549 Ry,       2.464274 Ha,      67.056320 eV
     Encl =     -19.502959 Ry,      -9.751479 Ha,    -265.351274 eV
     Ehrt =       7.843051 Ry,       3.921525 Ha,     106.710142 eV
     Ecxc =      -3.440170 Ry,      -1.720085 Ha,     -46.805895 eV
     Epseu=      -4.538348 Ry,      -2.269174 Ha,     -61.747369 eV

     ---------------------- End of pseudopotential test ----------------------

