[0] MPI startup(): I_MPI_SHM_LMT environment variable is not supported.
[0] MPI startup(): Similar variables:
	 I_MPI_SHM_HEAP
	 I_MPI_SHM
	 I_MPI_SHM_OPT
	 I_MPI_SHM_THP
[0] MPI startup(): To check the list of supported variables, use the impi_info utility or refer to https://software.intel.com/en-us/mpi-library/documentation/get-started.

     Program LD1 v.7.3.1 starts on 19Sep2024 at 21:47: 1 

     This program is part of the open-source Quantum ESPRESSO suite
     for quantum simulation of materials; please cite
         "P. Giannozzi et al., J. Phys.:Condens. Matter 21 395502 (2009);
         "P. Giannozzi et al., J. Phys.:Condens. Matter 29 465901 (2017);
         "P. Giannozzi et al., J. Chem. Phys. 152 154105 (2020);
          URL http://www.quantum-espresso.org", 
     in publications or presentations arising from this work. More details at
     http://www.quantum-espresso.org/quote

     Parallel version (MPI), running on     1 processors

     MPI processes distributed on     1 nodes
     89908 MiB available memory on the printing compute node when the environment starts
 
     Waiting for input...
     Reading input from standard input
     --------------------------- All-electron run ----------------------------

     N                                                                          
     scalar relativistic calculation

     atomic number is  7.00
     dft =PBE   lsd =0 sic =0 latt =0  beta=0.20 tr2=1.0E-14
     Exchange-correlation= PBE
                           (   1   4   3   4   0   0   0)
     mesh =1085 r(mesh) =  99.89202 a.u. xmin = -7.00 dx = 0.01250
     1 Ry =  13.60569312 eV, c = 137.03599908

     n l     nl                  e(Ry)          e(Ha)          e(eV)
     1 0     1S 1( 2.00)       -28.2764       -14.1382      -384.7204
     2 0     2S 1( 2.00)        -1.3658        -0.6829       -18.5828
     2 1     2P 1( 3.00)        -0.5211        -0.2606        -7.0900

     final scf error:  7.2E-15 reached in  23 iterations
 
     Etot =    -108.906480 Ry,     -54.453240 Ha,   -1481.748142 eV

     Ekin =     108.686336 Ry,      54.343168 Ha,    1478.752934 eV
     Encl =    -256.222520 Ry,    -128.111260 Ha,   -3486.084983 eV
     Eh   =      51.762930 Ry,      25.881465 Ha,     704.270546 eV
     Exc  =     -13.133226 Ry,      -6.566613 Ha,    -178.686639 eV


     normalization and overlap integrals

     s(1S/1S) =  1.000000  <r> =   0.2297  <r2> =    0.0714  r(max) =   0.1483
     s(1S/2S) = -0.000163
     s(2S/2S) =  1.000000  <r> =   1.3197  <r2> =    2.1153  r(max) =   1.0167
     s(2P/2P) =  1.000000  <r> =   1.4841  <r2> =    2.9193  r(max) =   0.9793

     ------------------------ End of All-electron run ------------------------


     --------------------- Generating PAW atomic setup --------------------


      Generating local pot.: lloc=2, matching radius rcloc =   1.1000

      Computing core charge for nlcc: 

       r > 0.80 : true rho core
      Core charge pseudized with two Bessel functions
      Integrated core pseudo-charge :   0.20
      Wfc-us  2S rcutus= 1.289  Estimated cut-off energy=    28.14 Ry
      Wfc-us  2S rcutus= 1.289  Estimated cut-off energy=    32.23 Ry
      Wfc-us  2P rcutus= 1.461  Estimated cut-off energy=    36.25 Ry
      Wfc-us  2P rcutus= 1.461  Estimated cut-off energy=    38.64 Ry

      The bmat matrix
     2.23487     1.82674     0.00000     0.00000
     1.67581     1.37426     0.00000     0.00000
     0.00000     0.00000    -0.22878    -0.18732
     0.00000     0.00000    -0.14317    -0.11806

      The bmat + epsilon qq matrix
     2.42796     1.82140     0.00000     0.00000
     1.82148     1.37022     0.00000     0.00000
     0.00000     0.00000    -0.28371    -0.18345
     0.00000     0.00000    -0.18343    -0.11523

      The qq matrix
    -0.14137    -0.10666     0.00000     0.00000
    -0.10666    -0.08064     0.00000     0.00000
     0.00000     0.00000     0.10541     0.07726
     0.00000     0.00000     0.07726     0.05651


    multipoles (all-electron charge) - (pseudo charge)
        ns l1:ns1 l2    l=0     l=1     l=2     l=3     l=4     l=5  
         1  0:  1  0 -0.1414
         2  0:  1  0 -0.1067
         2  0:  2  0 -0.0806
         3  1:  1  0  0.0000  0.0034
         3  1:  2  0  0.0000  0.0018
         3  1:  3  1  0.1054  0.0000  0.0384
         4  1:  1  0  0.0000  0.0004
         4  1:  2  0  0.0000 -0.0002
         4  1:  3  1  0.0773  0.0000  0.0282
         4  1:  4  1  0.0565  0.0000  0.0206
     Required augmentation: PSQ   radius:    1.000000

     Q pseudized with Bessel functions
     Expected ecutrho=     263.6224 due to l1=  1   l2=  1

     Estimated PAW energy =  -27.607656 Ryd

     The PAW screened D coefficients
     2.42796     1.82148     0.00000     0.00000
     1.82148     1.37022     0.00000     0.00000
     0.00000     0.00000    -0.28371    -0.18343
     0.00000     0.00000    -0.18343    -0.11523

     The PAW descreened D coefficients (US)
     0.92683     0.67020     0.00000     0.00000
     0.67020     0.48624     0.00000     0.00000
     0.00000     0.00000     0.83811     0.64166
     0.00000     0.00000     0.64166     0.49035

     ------------------- End of pseudopotential generation -------------------

     --------------------------- All-electron run ----------------------------

     N                                                                          
     scalar relativistic calculation

     atomic number is  7.00
     dft = SLA  PW   PBX  PBC   lsd =0 sic =0 latt =0  beta=0.20 tr2=1.0E-14
     Exchange-correlation=  SLA  PW   PBX  PBC
                           (   1   4   3   4   0   0   0)
     mesh =1085 r(mesh) =  99.89202 a.u. xmin = -7.00 dx = 0.01250
     1 Ry =  13.60569312 eV, c = 137.03599908

     n l     nl                  e(Ry)          e(Ha)          e(eV)
     1 0     1S 1( 2.00)       -28.2764       -14.1382      -384.7204
     2 0     2S 1( 2.00)        -1.3658        -0.6829       -18.5828
     2 1     2P 1( 3.00)        -0.5211        -0.2606        -7.0900

     final scf error:  7.2E-15 reached in  23 iterations
 
     Etot =    -108.906480 Ry,     -54.453240 Ha,   -1481.748142 eV

     Ekin =     108.686336 Ry,      54.343168 Ha,    1478.752934 eV
     Encl =    -256.222520 Ry,    -128.111260 Ha,   -3486.084983 eV
     Eh   =      51.762930 Ry,      25.881465 Ha,     704.270546 eV
     Exc  =     -13.133226 Ry,      -6.566613 Ha,    -178.686639 eV


     normalization and overlap integrals

     s(1S/1S) =  1.000000  <r> =   0.2297  <r2> =    0.0714  r(max) =   0.1483
     s(1S/2S) = -0.000163
     s(2S/2S) =  1.000000  <r> =   1.3197  <r2> =    2.1153  r(max) =   1.0167
     s(2P/2P) =  1.000000  <r> =   1.4841  <r2> =    2.9193  r(max) =   0.9793

     ------------------------ End of All-electron run ------------------------


     ---------------------- Testing the pseudopotential ----------------------

     N                                                                          
     scalar relativistic calculation

     atomic number is  7.00   valence charge is  5.00
     dft = SLA  PW   PBX  PBC   lsd =0 sic =0 latt =0  beta=0.20 tr2=1.0E-14
     mesh =1085 r(mesh) =  99.89202 xmin = -7.00 dx = 0.01250

     n l     nl             e AE (Ry)        e PS (Ry)    De AE-PS (Ry) 
     1 0     2S   1( 2.00)       -1.36581       -1.36582        0.00001
     2 1     2P   1( 3.00)       -0.52111       -0.52111        0.00000

     eps = 3.9E-17  iter =  4
 
     Etot =    -108.906480 Ry,     -54.453240 Ha,   -1481.748142 eV
     Etotps =   -27.607679 Ry,     -13.803840 Ha,    -375.621611 eV

     Ekin =      20.451128 Ry,      10.225564 Ha,     278.251776 eV
     Encl =     -51.263377 Ry,     -25.631689 Ha,    -697.473782 eV
     Ehrt =      16.337793 Ry,       8.168896 Ha,     222.286995 eV
     Ecxc =     -13.133223 Ry,      -6.566611 Ha,    -178.686600 eV
     (Ecc =      -0.222858 Ry,      -0.111429 Ha,      -3.032135 eV)

     ---------------------- End of pseudopotential test ----------------------

