[0] MPI startup(): I_MPI_SHM_LMT environment variable is not supported.
[0] MPI startup(): Similar variables:
	 I_MPI_SHM_HEAP
	 I_MPI_SHM
	 I_MPI_SHM_OPT
	 I_MPI_SHM_THP
[0] MPI startup(): To check the list of supported variables, use the impi_info utility or refer to https://software.intel.com/en-us/mpi-library/documentation/get-started.

     Program LD1 v.7.3.1 starts on 19Sep2024 at 21:46:57 

     This program is part of the open-source Quantum ESPRESSO suite
     for quantum simulation of materials; please cite
         "P. Giannozzi et al., J. Phys.:Condens. Matter 21 395502 (2009);
         "P. Giannozzi et al., J. Phys.:Condens. Matter 29 465901 (2017);
         "P. Giannozzi et al., J. Chem. Phys. 152 154105 (2020);
          URL http://www.quantum-espresso.org", 
     in publications or presentations arising from this work. More details at
     http://www.quantum-espresso.org/quote

     Parallel version (MPI), running on     1 processors

     MPI processes distributed on     1 nodes
     89916 MiB available memory on the printing compute node when the environment starts
 
     Waiting for input...
     Reading input from standard input
     --------------------------- All-electron run ----------------------------

     Na                                                                         
     scalar relativistic calculation

     atomic number is 11.00
     dft =PBE   lsd =0 sic =0 latt =0  beta=0.20 tr2=1.0E-14
     Exchange-correlation= PBE
                           (   1   4   3   4   0   0   0)
     mesh =1121 r(mesh) =  99.69392 a.u. xmin = -7.00 dx = 0.01250
     1 Ry =  13.60569312 eV, c = 137.03599908

     n l     nl                  e(Ry)          e(Ha)          e(eV)
     1 0     1S 1( 2.00)       -76.2376       -38.1188     -1037.2660
     2 0     2S 1( 2.00)        -4.4307        -2.2153       -60.2826
     2 1     2P 1( 6.00)        -2.3663        -1.1832       -32.1954
     3 0     3S 1( 0.50)        -0.3767        -0.1884        -5.1253
     3 1     3P 1( 0.00)        -0.1921        -0.0960        -2.6134

     final scf error:  5.9E-15 reached in  22 iterations
 
     Etot =    -324.630719 Ry,    -162.315359 Ha,   -4416.825937 eV

     Ekin =     324.797314 Ry,     162.398657 Ha,    4419.092575 eV
     Encl =    -778.073977 Ry,    -389.036988 Ha,  -10586.235755 eV
     Eh   =     157.132040 Ry,      78.566020 Ha,    2137.890322 eV
     Exc  =     -28.486096 Ry,     -14.243048 Ha,    -387.573080 eV


     normalization and overlap integrals

     s(1S/1S) =  1.000000  <r> =   0.1430  <r2> =    0.0276  r(max) =   0.0932
     s(1S/2S) = -0.000442
     s(1S/3S) = -0.000090
     s(2S/2S) =  1.000000  <r> =   0.7851  <r2> =    0.7468  r(max) =   0.6078
     s(2S/3S) = -0.000041
     s(2P/2P) =  1.000000  <r> =   0.8051  <r2> =    0.8464  r(max) =   0.5431
     s(2P/3P) = -0.000024
     s(3S/3S) =  1.000000  <r> =   3.7193  <r2> =   16.1813  r(max) =   3.0105
     s(3P/3P) =  1.000000  <r> =   5.1999  <r2> =   31.6828  r(max) =   4.2190

     ------------------------ End of All-electron run ------------------------


     --------------------- Generating PAW atomic setup --------------------


      Generating local pot.: lloc=2, matching radius rcloc =   2.0000

      Computing core charge for PAW: 

       r > 0.22 : true rho core
       r < 0.22 : rho core = a sin(br)/r    a=  35.76  b=  11.63

      Integrated core pseudo-charge :   1.04
      Wfc-us  2S rcutus= 1.781  Estimated cut-off energy=    17.44 Ry
      Wfc-us  3S rcutus= 1.781  Estimated cut-off energy=    36.80 Ry
      Wfc-us  2P rcutus= 2.018  Estimated cut-off energy=    20.92 Ry
      Wfc-us  3P rcutus= 2.018  Estimated cut-off energy=    40.72 Ry

      The bmat matrix
    -0.90901     0.24166     0.00000     0.00000
    -0.44067    -0.33569     0.00000     0.00000
     0.00000     0.00000    -0.57987    -0.20996
     0.00000     0.00000    -0.31849    -0.71167

      The bmat + epsilon qq matrix
    -2.96519     0.30507     0.00000     0.00000
     0.30524    -0.25872     0.00000     0.00000
     0.00000     0.00000    -2.35324    -0.20037
     0.00000     0.00000    -0.20032    -0.68720

      The qq matrix
     0.46408    -0.16835     0.00000     0.00000
    -0.16835    -0.20432     0.00000     0.00000
     0.00000     0.00000     0.74942    -0.04994
     0.00000     0.00000    -0.04994    -0.12741


    multipoles (all-electron charge) - (pseudo charge)
        ns l1:ns1 l2    l=0     l=1     l=2     l=3     l=4     l=5  
         1  0:  1  0  0.4641
         2  0:  1  0 -0.1684
         2  0:  2  0 -0.2043
         3  1:  1  0  0.0000 -0.4146
         3  1:  2  0  0.0000  0.0323
         3  1:  3  1  0.7494  0.0000  0.3617
         4  1:  1  0  0.0000  0.1623
         4  1:  2  0  0.0000  0.0806
         4  1:  3  1 -0.0499  0.0000 -0.1005
         4  1:  4  1 -0.1274  0.0000 -0.0839
     Required augmentation: PSQ   radius:    1.600000

     Q pseudized with Bessel functions
     Expected ecutrho=     106.7788 due to l1=  1   l2=  1

     Estimated PAW energy = -109.012331 Ryd

     The PAW screened D coefficients
    -2.96519     0.30524     0.00000     0.00000
     0.30524    -0.25872     0.00000     0.00000
     0.00000     0.00000    -2.35324    -0.20032
     0.00000     0.00000    -0.20032    -0.68720

     The PAW descreened D coefficients (US)
    -0.37789    -0.70990     0.00000     0.00000
    -0.70990    -1.48672     0.00000     0.00000
     0.00000     0.00000     1.24339    -0.42879
     0.00000     0.00000    -0.42879    -1.75228

     ------------------- End of pseudopotential generation -------------------

     --------------------------- All-electron run ----------------------------

     Na                                                                         
     scalar relativistic calculation

     atomic number is 11.00
     dft = SLA  PW   PBX  PBC   lsd =0 sic =0 latt =0  beta=0.20 tr2=1.0E-14
     Exchange-correlation=  SLA  PW   PBX  PBC
                           (   1   4   3   4   0   0   0)
     mesh =1121 r(mesh) =  99.69392 a.u. xmin = -7.00 dx = 0.01250
     1 Ry =  13.60569312 eV, c = 137.03599908

     n l     nl                  e(Ry)          e(Ha)          e(eV)
     1 0     1S 1( 2.00)       -76.2376       -38.1188     -1037.2660
     2 0     2S 1( 2.00)        -4.4307        -2.2153       -60.2826
     2 1     2P 1( 6.00)        -2.3663        -1.1832       -32.1954
     3 0     3S 1( 0.50)        -0.3767        -0.1884        -5.1253
     3 1     3P 1( 0.00)        -0.1921        -0.0960        -2.6134

     final scf error:  5.9E-15 reached in  22 iterations
 
     Etot =    -324.630719 Ry,    -162.315359 Ha,   -4416.825937 eV

     Ekin =     324.797314 Ry,     162.398657 Ha,    4419.092575 eV
     Encl =    -778.073977 Ry,    -389.036988 Ha,  -10586.235755 eV
     Eh   =     157.132040 Ry,      78.566020 Ha,    2137.890322 eV
     Exc  =     -28.486096 Ry,     -14.243048 Ha,    -387.573080 eV


     normalization and overlap integrals

     s(1S/1S) =  1.000000  <r> =   0.1430  <r2> =    0.0276  r(max) =   0.0932
     s(1S/2S) = -0.000442
     s(1S/3S) = -0.000090
     s(2S/2S) =  1.000000  <r> =   0.7851  <r2> =    0.7468  r(max) =   0.6078
     s(2S/3S) = -0.000041
     s(2P/2P) =  1.000000  <r> =   0.8051  <r2> =    0.8464  r(max) =   0.5431
     s(2P/3P) = -0.000024
     s(3S/3S) =  1.000000  <r> =   3.7193  <r2> =   16.1813  r(max) =   3.0105
     s(3P/3P) =  1.000000  <r> =   5.1999  <r2> =   31.6828  r(max) =   4.2190

     ------------------------ End of All-electron run ------------------------


     ---------------------- Testing the pseudopotential ----------------------

     Na                                                                         
     scalar relativistic calculation

     atomic number is 11.00   valence charge is  9.00
     dft = SLA  PW   PBX  PBC   lsd =0 sic =0 latt =0  beta=0.20 tr2=1.0E-14
     mesh =1121 r(mesh) =  99.69392 xmin = -7.00 dx = 0.01250

     n l     nl             e AE (Ry)        e PS (Ry)    De AE-PS (Ry) 
     1 0     2S   1( 2.00)       -4.43069       -4.43068       -0.00001
     2 0     3S   1( 0.50)       -0.37670       -0.37670       -0.00000
     2 1     2P   1( 6.00)       -2.36632       -2.36631       -0.00001
     3 1     3P   1( 0.00)       -0.19208       -0.19208       -0.00000

     eps = 6.2E-16  iter =  4
 
     Etot =    -324.630719 Ry,    -162.315359 Ha,   -4416.825937 eV
     Etotps =  -109.012329 Ry,     -54.506165 Ha,   -1483.188295 eV

     Ekin =      99.169603 Ry,      49.584801 Ha,    1349.271181 eV
     Encl =    -256.337416 Ry,    -128.168708 Ha,   -3487.648211 eV
     Ehrt =      76.641593 Ry,      38.320796 Ha,    1042.761993 eV
     Ecxc =     -28.486109 Ry,     -14.243055 Ha,    -387.573258 eV

     ---------------------- End of pseudopotential test ----------------------

