[0] MPI startup(): I_MPI_SHM_LMT environment variable is not supported.
[0] MPI startup(): Similar variables:
	 I_MPI_SHM_HEAP
	 I_MPI_SHM
	 I_MPI_SHM_OPT
	 I_MPI_SHM_THP
[0] MPI startup(): To check the list of supported variables, use the impi_info utility or refer to https://software.intel.com/en-us/mpi-library/documentation/get-started.

     Program LD1 v.7.3.1 starts on 19Sep2024 at 21:47: 3 

     This program is part of the open-source Quantum ESPRESSO suite
     for quantum simulation of materials; please cite
         "P. Giannozzi et al., J. Phys.:Condens. Matter 21 395502 (2009);
         "P. Giannozzi et al., J. Phys.:Condens. Matter 29 465901 (2017);
         "P. Giannozzi et al., J. Chem. Phys. 152 154105 (2020);
          URL http://www.quantum-espresso.org", 
     in publications or presentations arising from this work. More details at
     http://www.quantum-espresso.org/quote

     Parallel version (MPI), running on     1 processors

     MPI processes distributed on     1 nodes
     89902 MiB available memory on the printing compute node when the environment starts
 
     Waiting for input...
     Reading input from standard input
     --------------------------- All-electron run ----------------------------

     O                                                                          
     scalar relativistic calculation

     atomic number is  8.00
     dft =PBE   lsd =0 sic =0 latt =0  beta=0.20 tr2=1.0E-14
     Exchange-correlation= PBE
                           (   1   4   3   4   0   0   0)
     mesh =1095 r(mesh) =  99.04343 a.u. xmin = -7.00 dx = 0.01250
     1 Ry =  13.60569312 eV, c = 137.03599908

     n l     nl                  e(Ry)          e(Ha)          e(eV)
     1 0     1S 1( 2.00)       -37.8295       -18.9148      -514.6969
     2 0     2S 1( 2.00)        -1.7611        -0.8806       -23.9616
     2 1     2P 1( 4.00)        -0.6637        -0.3319        -9.0308

     final scf error:  7.6E-16 reached in  24 iterations
 
     Etot =    -150.004151 Ry,     -75.002076 Ha,   -2040.910449 eV

     Ekin =     149.791568 Ry,      74.895784 Ha,    2038.018102 eV
     Encl =    -356.113717 Ry,    -178.056859 Ha,   -4845.173952 eV
     Eh   =      72.868749 Ry,      36.434374 Ha,     991.429831 eV
     Exc  =     -16.550750 Ry,      -8.275375 Ha,    -225.184430 eV


     normalization and overlap integrals

     s(1S/1S) =  1.000000  <r> =   0.1995  <r2> =    0.0538  r(max) =   0.1298
     s(1S/2S) = -0.000218
     s(2S/2S) =  1.000000  <r> =   1.1394  <r2> =    1.5805  r(max) =   0.8677
     s(2P/2P) =  1.000000  <r> =   1.2657  <r2> =    2.1375  r(max) =   0.8151

     ------------------------ End of All-electron run ------------------------


     --------------------- Generating US pseudopotential ---------------------


      Generating local pot.: lloc=2, matching radius rcloc =   1.3000

      Computing core charge for nlcc: 

       r > 0.50 : true rho core
      Core charge pseudized with two Bessel functions
      Integrated core pseudo-charge :   0.67
      Wfc-us  2S rcutus= 1.344  Estimated cut-off energy=    26.91 Ry
      Wfc-us  2S rcutus= 1.344  Estimated cut-off energy=    35.80 Ry
      Wfc-us  2P rcutus= 1.344  Estimated cut-off energy=    43.14 Ry
      Wfc-us  2P rcutus= 1.344  Estimated cut-off energy=    46.65 Ry

      The bmat matrix
     2.23065     1.76536     0.00000     0.00000
     1.55980     1.24204     0.00000     0.00000
     0.00000     0.00000    -0.46905    -0.36064
     0.00000     0.00000    -0.28997    -0.22377

      The bmat + epsilon qq matrix
     2.51107     1.75968     0.00000     0.00000
     1.75980     1.23796     0.00000     0.00000
     0.00000     0.00000    -0.56273    -0.35569
     0.00000     0.00000    -0.35566    -0.22030

      The qq matrix
    -0.15923    -0.11357     0.00000     0.00000
    -0.11357    -0.08152     0.00000     0.00000
     0.00000     0.00000     0.14113     0.09896
     0.00000     0.00000     0.09896     0.06928

     Q pseudized with Bessel functions
     Expected ecutrho=     323.0247 due to l1=  1   l2=  1

      The ddd matrix
     0.76650     0.49362     0.00000     0.00000
     0.49362     0.31570     0.00000     0.00000
     0.00000     0.00000     0.91846     0.68505
     0.00000     0.00000     0.68505     0.50999

     ------------------- End of pseudopotential generation -------------------

     --------------------------- All-electron run ----------------------------

     O                                                                          
     scalar relativistic calculation

     atomic number is  8.00
     dft =PBE   lsd =0 sic =0 latt =0  beta=0.20 tr2=1.0E-14
     Exchange-correlation= PBE
                           (   1   4   3   4   0   0   0)
     mesh =1095 r(mesh) =  99.04343 a.u. xmin = -7.00 dx = 0.01250
     1 Ry =  13.60569312 eV, c = 137.03599908

     n l     nl                  e(Ry)          e(Ha)          e(eV)
     1 0     1S 1( 2.00)       -37.8295       -18.9148      -514.6969
     2 0     2S 1( 2.00)        -1.7611        -0.8806       -23.9616
     2 1     2P 1( 4.00)        -0.6637        -0.3319        -9.0308

     final scf error:  7.6E-16 reached in  24 iterations
 
     Etot =    -150.004151 Ry,     -75.002076 Ha,   -2040.910449 eV

     Ekin =     149.791568 Ry,      74.895784 Ha,    2038.018102 eV
     Encl =    -356.113717 Ry,    -178.056859 Ha,   -4845.173952 eV
     Eh   =      72.868749 Ry,      36.434374 Ha,     991.429831 eV
     Exc  =     -16.550750 Ry,      -8.275375 Ha,    -225.184430 eV


     normalization and overlap integrals

     s(1S/1S) =  1.000000  <r> =   0.1995  <r2> =    0.0538  r(max) =   0.1298
     s(1S/2S) = -0.000218
     s(2S/2S) =  1.000000  <r> =   1.1394  <r2> =    1.5805  r(max) =   0.8677
     s(2P/2P) =  1.000000  <r> =   1.2657  <r2> =    2.1375  r(max) =   0.8151

     ------------------------ End of All-electron run ------------------------


     ---------------------- Testing the pseudopotential ----------------------

     O                                                                          
     scalar relativistic calculation

     atomic number is  8.00   valence charge is  6.00
     dft =PBE   lsd =0 sic =0 latt =0  beta=0.20 tr2=1.0E-14
     mesh =1095 r(mesh) =  99.04343 xmin = -7.00 dx = 0.01250

     n l     nl             e AE (Ry)        e PS (Ry)    De AE-PS (Ry) 
     1 0     2S   1( 2.00)       -1.76114       -1.76115        0.00000
     2 1     2P   1( 4.00)       -0.66375       -0.66375        0.00000

     eps = 1.5E-16  iter =  4
 
     Etot =    -150.004151 Ry,     -75.002076 Ha,   -2040.910449 eV
     Etotps =   -33.171250 Ry,     -16.585625 Ha,    -451.317854 eV

     Ekin =      15.977775 Ry,       7.988887 Ha,     217.388697 eV
     Encl =     -73.373261 Ry,     -36.686631 Ha,    -998.294078 eV
     Ehrt =      27.311778 Ry,      13.655889 Ha,     371.595668 eV
     Ecxc =      -8.294374 Ry,      -4.147187 Ha,    -112.850703 eV
     (Ecc =      -1.482927 Ry,      -0.741463 Ha,     -20.176245 eV)
     Epseu=       5.206832 Ry,       2.603416 Ha,      70.842561 eV

     ---------------------- End of pseudopotential test ----------------------

