[0] MPI startup(): I_MPI_SHM_LMT environment variable is not supported.
[0] MPI startup(): Similar variables:
	 I_MPI_SHM_HEAP
	 I_MPI_SHM
	 I_MPI_SHM_OPT
	 I_MPI_SHM_THP
[0] MPI startup(): To check the list of supported variables, use the impi_info utility or refer to https://software.intel.com/en-us/mpi-library/documentation/get-started.

     Program LD1 v.7.3.1 starts on 19Sep2024 at 21:47: 3 

     This program is part of the open-source Quantum ESPRESSO suite
     for quantum simulation of materials; please cite
         "P. Giannozzi et al., J. Phys.:Condens. Matter 21 395502 (2009);
         "P. Giannozzi et al., J. Phys.:Condens. Matter 29 465901 (2017);
         "P. Giannozzi et al., J. Chem. Phys. 152 154105 (2020);
          URL http://www.quantum-espresso.org", 
     in publications or presentations arising from this work. More details at
     http://www.quantum-espresso.org/quote

     Parallel version (MPI), running on     1 processors

     MPI processes distributed on     1 nodes
     89896 MiB available memory on the printing compute node when the environment starts
 
     Waiting for input...
     Reading input from standard input
     --------------------------- All-electron run ----------------------------

     Pb                                                                         
     scalar relativistic calculation

     atomic number is 82.00
     dft =PBE   lsd =0 sic =0 latt =0  beta=0.20 tr2=1.0E-14
     Exchange-correlation= PBE
                           (   1   4   3   4   0   0   0)
     mesh =1281 r(mesh) =  98.81810 a.u. xmin = -7.00 dx = 0.01250
     1 Ry =  13.60569312 eV, c = 137.03599908

     n l     nl                  e(Ry)          e(Ha)          e(eV)
     1 0     1S 1( 2.00)     -6478.0679     -3239.0339    -88138.6038
     2 0     2S 1( 2.00)     -1158.6573      -579.3286    -15764.3356
     2 1     2P 1( 6.00)      -993.6451      -496.8225    -13519.2297
     3 0     3S 1( 2.00)      -278.1385      -139.0693     -3784.2672
     3 1     3P 1( 6.00)      -230.8358      -115.4179     -3140.6813
     4 0     4S 1( 2.00)       -62.9731       -31.4865      -856.7923
     4 1     4P 1( 6.00)       -47.4752       -23.7376      -645.9325
     3 2     3D 1(10.00)      -182.6494       -91.3247     -2485.0723
     5 0     5S 1( 2.00)       -10.5956        -5.2978      -144.1611
     5 1     5P 1( 6.00)        -6.3087        -3.1544       -85.8346
     4 2     4D 1(10.00)       -29.5533       -14.7766      -402.0927
     4 3     4F 1(14.00)        -9.7674        -4.8837      -132.8923
     5 2     5D 1(10.00)        -1.5565        -0.7782       -21.1771
     6 0     6S 1( 2.00)        -0.8849        -0.4425       -12.0398
     6 1     6P 1( 2.00)        -0.2571        -0.1285        -3.4974

     final scf error:  3.7E-15 reached in  31 iterations
 
     Etot =  -41763.824751 Ry,  -20881.912375 Ha, -568225.783203 eV

     Ekin =   47222.243069 Ry,   23611.121535 Ha,  642491.347777 eV
     Encl = -104292.783425 Ry,  -52146.391713 Ha,-1418975.606225 eV
     Eh   =   16079.498780 Ry,    8039.749390 Ha,  218772.725967 eV
     Exc  =    -772.783175 Ry,    -386.391587 Ha,  -10514.250723 eV


     normalization and overlap integrals

     s(1S/1S) =  1.000000  <r> =   0.0160  <r2> =    0.0004  r(max) =   0.0099
     s(1S/2S) = -0.040859
     s(1S/3S) = -0.017923
     s(1S/4S) = -0.008913
     s(1S/5S) = -0.004095
     s(1S/6S) = -0.001398
     s(2S/2S) =  1.000000  <r> =   0.0676  <r2> =    0.0054  r(max) =   0.0575
     s(2S/3S) = -0.011589
     s(2S/4S) = -0.005489
     s(2S/5S) = -0.002495
     s(2S/6S) = -0.000850
     s(2P/2P) =  1.000000  <r> =   0.0614  <r2> =    0.0046  r(max) =   0.0476
     s(2P/3P) = -0.008991
     s(2P/4P) = -0.004041
     s(2P/5P) = -0.001704
     s(2P/6P) = -0.000425
     s(3S/3S) =  1.000000  <r> =   0.1745  <r2> =    0.0348  r(max) =   0.1601
     s(3S/4S) = -0.004022
     s(3S/5S) = -0.001764
     s(3S/6S) = -0.000598
     s(3P/3P) =  1.000000  <r> =   0.1765  <r2> =    0.0361  r(max) =   0.1622
     s(3P/4P) = -0.003360
     s(3P/5P) = -0.001368
     s(3P/6P) = -0.000340
     s(4S/4S) =  1.000000  <r> =   0.3842  <r2> =    0.1665  r(max) =   0.3609
     s(4S/5S) = -0.001252
     s(4S/6S) = -0.000416
     s(4P/4P) =  1.000000  <r> =   0.4100  <r2> =    0.1909  r(max) =   0.3842
     s(4P/5P) = -0.000988
     s(4P/6P) = -0.000242
     s(3D/3D) =  1.000000  <r> =   0.1599  <r2> =    0.0299  r(max) =   0.1311
     s(3D/4D) = -0.002460
     s(3D/5D) = -0.000783
     s(5S/5S) =  1.000000  <r> =   0.8534  <r2> =    0.8160  r(max) =   0.7932
     s(5S/6S) = -0.000250
     s(5P/5P) =  1.000000  <r> =   0.9771  <r2> =    1.0769  r(max) =   0.8766
     s(5P/6P) = -0.000138
     s(4D/4D) =  1.000000  <r> =   0.4310  <r2> =    0.2143  r(max) =   0.3890
     s(4D/5D) = -0.000623
     s(4F/4F) =  1.000000  <r> =   0.4539  <r2> =    0.2467  r(max) =   0.3520
     s(5D/5D) =  1.000000  <r> =   1.3050  <r2> =    1.9863  r(max) =   1.0707
     s(6S/6S) =  1.000000  <r> =   2.3105  <r2> =    6.0709  r(max) =   1.9509
     s(6P/6P) =  1.000000  <r> =   3.3779  <r2> =   13.3649  r(max) =   2.6665

     ------------------------ End of All-electron run ------------------------


     --------------------- Generating PAW atomic setup --------------------


      Generating local potential from pseudized AE potential:
      Matching radius rcloc =   2.2000

      Local pseudo, rcloc= 2.211 Estimated cut-off energy=     5.13 Ry

      Computing core charge for nlcc: 

       r > 1.41 : true rho core
      Core charge pseudized with two Bessel functions
      Integrated core pseudo-charge :  12.35
      Wfc-us  6S rcutus= 2.211  Estimated cut-off energy=     9.54 Ry
      Wfc-us  6S rcutus= 2.211  Estimated cut-off energy=    21.46 Ry
      Wfc-us  6P rcutus= 2.568  Estimated cut-off energy=    11.27 Ry
      Wfc-us  6P rcutus= 2.568  Estimated cut-off energy=    11.20 Ry
      Wfc-us  5D rcutus= 2.103  Estimated cut-off energy=    27.34 Ry
      Wfc-us  5D rcutus= 2.103  Estimated cut-off energy=    47.13 Ry

      The bmat matrix
     1.88631     1.72283     0.00000     0.00000     0.00000     0.00000
     1.11264     1.17554     0.00000     0.00000     0.00000     0.00000
     0.00000     0.00000     0.43632     1.92386     0.00000     0.00000
     0.00000     0.00000     0.82359     4.81591     0.00000     0.00000
     0.00000     0.00000     0.00000     0.00000    -1.34897    -1.40402
     0.00000     0.00000     0.00000     0.00000    -1.45791    -3.45829

      The bmat + epsilon qq matrix
     2.09547     1.20385     0.00000     0.00000     0.00000     0.00000
     1.20449     1.08532     0.00000     0.00000     0.00000     0.00000
     0.00000     0.00000     0.45085     0.86516     0.00000     0.00000
     0.00000     0.00000     0.86546     1.50861     0.00000     0.00000
     0.00000     0.00000     0.00000     0.00000    -1.99093    -1.40729
     0.00000     0.00000     0.00000     0.00000    -1.40695    -3.50030

      The qq matrix
    -0.23637    -0.10380     0.00000     0.00000     0.00000     0.00000
    -0.10380    -0.01804     0.00000     0.00000     0.00000     0.00000
     0.00000     0.00000    -0.05655    -0.16288     0.00000     0.00000
     0.00000     0.00000    -0.16288    -0.50881     0.00000     0.00000
     0.00000     0.00000     0.00000     0.00000     0.41244    -0.03274
     0.00000     0.00000     0.00000     0.00000    -0.03274    -0.42013


    multipoles (all-electron charge) - (pseudo charge)
        ns l1:ns1 l2    l=0     l=1     l=2     l=3     l=4     l=5  
         1  0:  1  0 -0.2364
         2  0:  1  0 -0.1038
         2  0:  2  0 -0.0180
         3  1:  1  0  0.0000  0.1674
         3  1:  2  0  0.0000  0.0917
         3  1:  3  1 -0.0566  0.0000 -0.1563
         4  1:  1  0  0.0000  0.4250
         4  1:  2  0  0.0000  0.2554
         4  1:  3  1 -0.1629  0.0000 -0.2933
         4  1:  4  1 -0.5088  0.0000 -0.7002
         5  2:  1  0  0.0000  0.0000  0.2310
         5  2:  2  0  0.0000  0.0000  0.0090
         5  2:  3  1  0.0000 -0.2212  0.0000 -0.3162
         5  2:  4  1  0.0000 -0.4012  0.0000 -0.5339
         5  2:  5  2  0.4124  0.0000  0.4183  0.0000  0.5567
         6  2:  1  0  0.0000  0.0000  0.4737
         6  2:  2  0  0.0000  0.0000  0.2929
         6  2:  3  1  0.0000 -0.2383  0.0000 -0.3000
         6  2:  4  1  0.0000 -0.6060  0.0000 -0.7285
         6  2:  5  2 -0.0327  0.0000 -0.1238  0.0000 -0.2643
         6  2:  6  2 -0.4201  0.0000 -0.4704  0.0000 -0.6176
     Required augmentation: PSQ   radius:    1.600000

     Q pseudized with Bessel functions
     Expected ecutrho=     161.3834 due to l1=  2   l2=  2

     Estimated PAW energy = -870.296247 Ryd

     The PAW screened D coefficients
     2.09547     1.20449     0.00000     0.00000     0.00000     0.00000
     1.20449     1.08532     0.00000     0.00000     0.00000     0.00000
     0.00000     0.00000     0.45085     0.86546     0.00000     0.00000
     0.00000     0.00000     0.86546     1.50861     0.00000     0.00000
     0.00000     0.00000     0.00000     0.00000    -1.99093    -1.40695
     0.00000     0.00000     0.00000     0.00000    -1.40695    -3.50030

     The PAW descreened D coefficients (US)
     0.93253     1.11150     0.00000     0.00000     0.00000     0.00000
     1.11150     0.93648     0.00000     0.00000     0.00000     0.00000
     0.00000     0.00000     0.38287     0.28012     0.00000     0.00000
     0.00000     0.00000     0.28012    -1.00253     0.00000     0.00000
     0.00000     0.00000     0.00000     0.00000     1.05779    -0.83569
     0.00000     0.00000     0.00000     0.00000    -0.83569    -5.52009

     ------------------- End of pseudopotential generation -------------------

     --------------------------- All-electron run ----------------------------

     Pb                                                                         
     scalar relativistic calculation

     atomic number is 82.00
     dft = SLA  PW   PBX  PBC   lsd =0 sic =0 latt =0  beta=0.20 tr2=1.0E-14
     Exchange-correlation=  SLA  PW   PBX  PBC
                           (   1   4   3   4   0   0   0)
     mesh =1281 r(mesh) =  98.81810 a.u. xmin = -7.00 dx = 0.01250
     1 Ry =  13.60569312 eV, c = 137.03599908

     n l     nl                  e(Ry)          e(Ha)          e(eV)
     1 0     1S 1( 2.00)     -6478.0679     -3239.0339    -88138.6038
     2 0     2S 1( 2.00)     -1158.6573      -579.3286    -15764.3356
     2 1     2P 1( 6.00)      -993.6451      -496.8225    -13519.2297
     3 0     3S 1( 2.00)      -278.1385      -139.0693     -3784.2672
     3 1     3P 1( 6.00)      -230.8358      -115.4179     -3140.6813
     4 0     4S 1( 2.00)       -62.9731       -31.4865      -856.7923
     4 1     4P 1( 6.00)       -47.4752       -23.7376      -645.9325
     3 2     3D 1(10.00)      -182.6494       -91.3247     -2485.0723
     5 0     5S 1( 2.00)       -10.5956        -5.2978      -144.1611
     5 1     5P 1( 6.00)        -6.3087        -3.1544       -85.8346
     4 2     4D 1(10.00)       -29.5533       -14.7766      -402.0927
     4 3     4F 1(14.00)        -9.7674        -4.8837      -132.8923
     5 2     5D 1(10.00)        -1.5565        -0.7782       -21.1771
     6 0     6S 1( 2.00)        -0.8849        -0.4425       -12.0398
     6 1     6P 1( 2.00)        -0.2571        -0.1285        -3.4974

     final scf error:  3.7E-15 reached in  31 iterations
 
     Etot =  -41763.824751 Ry,  -20881.912375 Ha, -568225.783203 eV

     Ekin =   47222.243069 Ry,   23611.121535 Ha,  642491.347777 eV
     Encl = -104292.783425 Ry,  -52146.391713 Ha,-1418975.606225 eV
     Eh   =   16079.498780 Ry,    8039.749390 Ha,  218772.725967 eV
     Exc  =    -772.783175 Ry,    -386.391587 Ha,  -10514.250723 eV


     normalization and overlap integrals

     s(1S/1S) =  1.000000  <r> =   0.0160  <r2> =    0.0004  r(max) =   0.0099
     s(1S/2S) = -0.040859
     s(1S/3S) = -0.017923
     s(1S/4S) = -0.008913
     s(1S/5S) = -0.004095
     s(1S/6S) = -0.001398
     s(2S/2S) =  1.000000  <r> =   0.0676  <r2> =    0.0054  r(max) =   0.0575
     s(2S/3S) = -0.011589
     s(2S/4S) = -0.005489
     s(2S/5S) = -0.002495
     s(2S/6S) = -0.000850
     s(2P/2P) =  1.000000  <r> =   0.0614  <r2> =    0.0046  r(max) =   0.0476
     s(2P/3P) = -0.008991
     s(2P/4P) = -0.004041
     s(2P/5P) = -0.001704
     s(2P/6P) = -0.000425
     s(3S/3S) =  1.000000  <r> =   0.1745  <r2> =    0.0348  r(max) =   0.1601
     s(3S/4S) = -0.004022
     s(3S/5S) = -0.001764
     s(3S/6S) = -0.000598
     s(3P/3P) =  1.000000  <r> =   0.1765  <r2> =    0.0361  r(max) =   0.1622
     s(3P/4P) = -0.003360
     s(3P/5P) = -0.001368
     s(3P/6P) = -0.000340
     s(4S/4S) =  1.000000  <r> =   0.3842  <r2> =    0.1665  r(max) =   0.3609
     s(4S/5S) = -0.001252
     s(4S/6S) = -0.000416
     s(4P/4P) =  1.000000  <r> =   0.4100  <r2> =    0.1909  r(max) =   0.3842
     s(4P/5P) = -0.000988
     s(4P/6P) = -0.000242
     s(3D/3D) =  1.000000  <r> =   0.1599  <r2> =    0.0299  r(max) =   0.1311
     s(3D/4D) = -0.002460
     s(3D/5D) = -0.000783
     s(5S/5S) =  1.000000  <r> =   0.8534  <r2> =    0.8160  r(max) =   0.7932
     s(5S/6S) = -0.000250
     s(5P/5P) =  1.000000  <r> =   0.9771  <r2> =    1.0769  r(max) =   0.8766
     s(5P/6P) = -0.000138
     s(4D/4D) =  1.000000  <r> =   0.4310  <r2> =    0.2143  r(max) =   0.3890
     s(4D/5D) = -0.000623
     s(4F/4F) =  1.000000  <r> =   0.4539  <r2> =    0.2467  r(max) =   0.3520
     s(5D/5D) =  1.000000  <r> =   1.3050  <r2> =    1.9863  r(max) =   1.0707
     s(6S/6S) =  1.000000  <r> =   2.3105  <r2> =    6.0709  r(max) =   1.9509
     s(6P/6P) =  1.000000  <r> =   3.3779  <r2> =   13.3649  r(max) =   2.6665

     ------------------------ End of All-electron run ------------------------


     ---------------------- Testing the pseudopotential ----------------------

     Pb                                                                         
     scalar relativistic calculation

     atomic number is 82.00   valence charge is 14.00
     dft = SLA  PW   PBX  PBC   lsd =0 sic =0 latt =0  beta=0.20 tr2=1.0E-14
     mesh =1281 r(mesh) =  98.81810 xmin = -7.00 dx = 0.01250

     n l     nl             e AE (Ry)        e PS (Ry)    De AE-PS (Ry) 
     1 0     6S   1( 2.00)       -0.88491       -0.88491        0.00000
     2 1     6P   1( 2.00)       -0.25706       -0.25706        0.00000
     3 2     5D   1(10.00)       -1.55649       -1.55649        0.00000

     eps = 1.1E-15  iter =  4
 
     Etot =  -41763.824751 Ry,  -20881.912375 Ha, -568225.783203 eV
     Etotps =  -870.296257 Ry,    -435.148128 Ha,  -11840.983798 eV

     Ekin =     259.842611 Ry,     129.921305 Ha,    3535.338820 eV
     Encl =    -464.239981 Ry,    -232.119990 Ha,   -6316.306713 eV
     Ehrt =     106.884284 Ry,      53.442142 Ha,    1454.234773 eV
     Ecxc =    -772.783171 Ry,    -386.391586 Ha,  -10514.250678 eV
     (Ecc =     -23.689217 Ry,     -11.844609 Ha,    -322.308218 eV)

     ---------------------- End of pseudopotential test ----------------------

