[0] MPI startup(): I_MPI_SHM_LMT environment variable is not supported.
[0] MPI startup(): Similar variables:
	 I_MPI_SHM_HEAP
	 I_MPI_SHM
	 I_MPI_SHM_OPT
	 I_MPI_SHM_THP
[0] MPI startup(): To check the list of supported variables, use the impi_info utility or refer to https://software.intel.com/en-us/mpi-library/documentation/get-started.

     Program LD1 v.7.3.1 starts on 19Sep2024 at 21:47: 5 

     This program is part of the open-source Quantum ESPRESSO suite
     for quantum simulation of materials; please cite
         "P. Giannozzi et al., J. Phys.:Condens. Matter 21 395502 (2009);
         "P. Giannozzi et al., J. Phys.:Condens. Matter 29 465901 (2017);
         "P. Giannozzi et al., J. Chem. Phys. 152 154105 (2020);
          URL http://www.quantum-espresso.org", 
     in publications or presentations arising from this work. More details at
     http://www.quantum-espresso.org/quote

     Parallel version (MPI), running on     1 processors

     MPI processes distributed on     1 nodes
     89898 MiB available memory on the printing compute node when the environment starts
 
     Waiting for input...
     Reading input from standard input
     --------------------------- All-electron run ----------------------------

     Pd                                                                         
     scalar relativistic calculation

     atomic number is 46.00
     dft =PBE   lsd =0 sic =0 latt =0  beta=0.20 tr2=1.0E-14
     Exchange-correlation= PBE
                           (   1   4   3   4   0   0   0)
     mesh =1235 r(mesh) =  99.12271 a.u. xmin = -7.00 dx = 0.01250
     1 Ry =  13.60569312 eV, c = 137.03599908

     n l     nl                  e(Ry)          e(Ha)          e(eV)
     1 0     1S 1( 2.00)     -1776.3145      -888.1573    -24167.9906
     2 0     2S 1( 2.00)      -259.4469      -129.7235     -3529.9554
     2 1     2P 1( 6.00)      -232.6151      -116.3075     -3164.8893
     3 0     3S 1( 2.00)       -46.8731       -23.4366      -637.7413
     3 1     3P 1( 6.00)       -38.0537       -19.0268      -517.7468
     4 0     4S 1( 2.00)        -6.3908        -3.1954       -86.9507
     4 1     4P 1( 6.00)        -3.8782        -1.9391       -52.7656
     3 2     3D 1(10.00)       -24.0480       -12.0240      -327.1901
     4 2     4D 1( 9.50)        -0.3905        -0.1952        -5.3127
     5 0     5S 1( 0.50)        -0.2814        -0.1407        -3.8285
     5 1     5P 1( 0.00)        -0.0412        -0.0206        -0.5606

     final scf error:  7.0E-15 reached in  29 iterations
 
     Etot =  -10091.748152 Ry,   -5045.874076 Ha, -137305.228428 eV

     Ekin =   10467.761044 Ry,    5233.880522 Ha,  142421.144445 eV
     Encl =  -24381.440453 Ry,  -12190.720227 Ha, -331726.396701 eV
     Eh   =    4109.593033 Ry,    2054.796517 Ha,   55913.861669 eV
     Exc  =    -287.661776 Ry,    -143.830888 Ha,   -3913.837841 eV


     normalization and overlap integrals

     s(1S/1S) =  1.000000  <r> =   0.0319  <r2> =    0.0014  r(max) =   0.0207
     s(1S/2S) = -0.011012
     s(1S/3S) = -0.004533
     s(1S/4S) = -0.001932
     s(1S/5S) = -0.000480
     s(2S/2S) =  1.000000  <r> =   0.1383  <r2> =    0.0226  r(max) =   0.1175
     s(2S/3S) = -0.002760
     s(2S/4S) = -0.001136
     s(2S/5S) = -0.000281
     s(2P/2P) =  1.000000  <r> =   0.1206  <r2> =    0.0178  r(max) =   0.0938
     s(2P/3P) = -0.002255
     s(2P/4P) = -0.000850
     s(2P/5P) = -0.000117
     s(3S/3S) =  1.000000  <r> =   0.3793  <r2> =    0.1646  r(max) =   0.3401
     s(3S/4S) = -0.000745
     s(3S/5S) = -0.000181
     s(3P/3P) =  1.000000  <r> =   0.3787  <r2> =    0.1666  r(max) =   0.3358
     s(3P/4P) = -0.000614
     s(3P/5P) = -0.000083
     s(4S/4S) =  1.000000  <r> =   0.9460  <r2> =    1.0148  r(max) =   0.8469
     s(4S/5S) = -0.000107
     s(4P/4P) =  1.000000  <r> =   1.0422  <r2> =    1.2474  r(max) =   0.9129
     s(4P/5P) = -0.000048
     s(3D/3D) =  1.000000  <r> =   0.3576  <r2> =    0.1526  r(max) =   0.2819
     s(3D/4D) = -0.000344
     s(4D/4D) =  1.000000  <r> =   1.5416  <r2> =    3.0102  r(max) =   1.0875
     s(5S/5S) =  1.000000  <r> =   3.3441  <r2> =   13.1001  r(max) =   2.6415
     s(5P/5P) =  1.000000  <r> =   5.8113  <r2> =   41.6165  r(max) =   4.1949

     ------------------------ End of All-electron run ------------------------


     --------------------- Generating PAW atomic setup --------------------


      Generating local potential from pseudized AE potential:
      Matching radius rcloc =   2.2000

      Local pseudo, rcloc= 2.217 Estimated cut-off energy=     5.12 Ry

      Computing core charge for nlcc: 

       r > 0.87 : true rho core
       r < 0.87 : rho core = a sin(br)/r    a=  15.91  b=   2.50

      Integrated core pseudo-charge :  10.50
      Wfc-us  5S rcutus= 2.274  Estimated cut-off energy=     8.19 Ry
      Wfc-us  5S rcutus= 2.274  Estimated cut-off energy=    11.84 Ry
      Wfc-us  5P rcutus= 2.576  Estimated cut-off energy=    10.58 Ry
      Wfc-us  5P rcutus= 2.576  Estimated cut-off energy=    24.17 Ry
      Wfc-us  4D rcutus= 1.909  Estimated cut-off energy=    31.95 Ry
      Wfc-us  4D rcutus= 1.909  Estimated cut-off energy=    28.20 Ry

      The bmat matrix
     0.34808     0.59210     0.00000     0.00000     0.00000     0.00000
     0.51036     0.90046     0.00000     0.00000     0.00000     0.00000
     0.00000     0.00000     0.05957     0.12661     0.00000     0.00000
     0.00000     0.00000     0.12860     0.56967     0.00000     0.00000
     0.00000     0.00000     0.00000     0.00000    -1.38790    -1.11203
     0.00000     0.00000     0.00000     0.00000    -0.07668     0.02424

      The bmat + epsilon qq matrix
     0.35349     0.52035     0.00000     0.00000     0.00000     0.00000
     0.52046     0.77674     0.00000     0.00000     0.00000     0.00000
     0.00000     0.00000     0.05963     0.12848     0.00000     0.00000
     0.00000     0.00000     0.12859     0.87686     0.00000     0.00000
     0.00000     0.00000     0.00000     0.00000    -1.47925    -0.16336
     0.00000     0.00000     0.00000     0.00000    -0.16282     0.64298

      The qq matrix
    -0.01924    -0.03588     0.00000     0.00000     0.00000     0.00000
    -0.03588    -0.06186     0.00000     0.00000     0.00000     0.00000
     0.00000     0.00000    -0.00132     0.00030     0.00000     0.00000
     0.00000     0.00000     0.00030     0.04876     0.00000     0.00000
     0.00000     0.00000     0.00000     0.00000     0.23395     0.22062
     0.00000     0.00000     0.00000     0.00000     0.22062     0.14389


    multipoles (all-electron charge) - (pseudo charge)
        ns l1:ns1 l2    l=0     l=1     l=2     l=3     l=4     l=5  
         1  0:  1  0 -0.0192
         2  0:  1  0 -0.0359
         2  0:  2  0 -0.0619
         3  1:  1  0  0.0000  0.0222
         3  1:  2  0  0.0000  0.0344
         3  1:  3  1 -0.0013  0.0000 -0.0191
         4  1:  1  0  0.0000  0.0094
         4  1:  2  0  0.0000  0.0215
         4  1:  3  1  0.0003  0.0000 -0.0242
         4  1:  4  1  0.0488  0.0000  0.0386
         5  2:  1  0  0.0000  0.0000  0.1810
         5  2:  2  0  0.0000  0.0000  0.2239
         5  2:  3  1  0.0000 -0.1088  0.0000 -0.1623
         5  2:  4  1  0.0000 -0.1068  0.0000 -0.0277
         5  2:  5  2  0.2340  0.0000  0.1922  0.0000  0.2145
         6  2:  1  0  0.0000  0.0000  0.0144
         6  2:  2  0  0.0000  0.0000  0.0129
         6  2:  3  1  0.0000 -0.0153  0.0000  0.0251
         6  2:  4  1  0.0000 -0.0694  0.0000 -0.0812
         6  2:  5  2  0.2206  0.0000  0.1847  0.0000  0.2102
         6  2:  6  2  0.1439  0.0000  0.0899  0.0000  0.0656
     Required augmentation: PSQ   radius:    1.800000

     Q pseudized with Bessel functions
     Expected ecutrho=     132.9352 due to l1=  2   l2=  2

     Estimated PAW energy = -330.798903 Ryd

     The PAW screened D coefficients
     0.35349     0.52046     0.00000     0.00000     0.00000     0.00000
     0.52046     0.77674     0.00000     0.00000     0.00000     0.00000
     0.00000     0.00000     0.05963     0.12859     0.00000     0.00000
     0.00000     0.00000     0.12859     0.87686     0.00000     0.00000
     0.00000     0.00000     0.00000     0.00000    -1.47925    -0.16282
     0.00000     0.00000     0.00000     0.00000    -0.16282     0.64298

     The PAW descreened D coefficients (US)
     0.44387     0.57699     0.00000     0.00000     0.00000     0.00000
     0.57699     0.75372     0.00000     0.00000     0.00000     0.00000
     0.00000     0.00000     0.10825     0.50332     0.00000     0.00000
     0.00000     0.00000     0.50332     1.05182     0.00000     0.00000
     0.00000     0.00000     0.00000     0.00000     0.40011     1.37415
     0.00000     0.00000     0.00000     0.00000     1.37415     1.96151

     ------------------- End of pseudopotential generation -------------------

     --------------------------- All-electron run ----------------------------

     Pd                                                                         
     scalar relativistic calculation

     atomic number is 46.00
     dft = SLA  PW   PBX  PBC   lsd =0 sic =0 latt =0  beta=0.20 tr2=1.0E-14
     Exchange-correlation=  SLA  PW   PBX  PBC
                           (   1   4   3   4   0   0   0)
     mesh =1235 r(mesh) =  99.12271 a.u. xmin = -7.00 dx = 0.01250
     1 Ry =  13.60569312 eV, c = 137.03599908

     n l     nl                  e(Ry)          e(Ha)          e(eV)
     1 0     1S 1( 2.00)     -1776.3145      -888.1573    -24167.9906
     2 0     2S 1( 2.00)      -259.4469      -129.7235     -3529.9554
     2 1     2P 1( 6.00)      -232.6151      -116.3075     -3164.8893
     3 0     3S 1( 2.00)       -46.8731       -23.4366      -637.7413
     3 1     3P 1( 6.00)       -38.0537       -19.0268      -517.7468
     4 0     4S 1( 2.00)        -6.3908        -3.1954       -86.9507
     4 1     4P 1( 6.00)        -3.8782        -1.9391       -52.7656
     3 2     3D 1(10.00)       -24.0480       -12.0240      -327.1901
     4 2     4D 1( 9.50)        -0.3905        -0.1952        -5.3127
     5 0     5S 1( 0.50)        -0.2814        -0.1407        -3.8285
     5 1     5P 1( 0.00)        -0.0412        -0.0206        -0.5606

     final scf error:  7.0E-15 reached in  29 iterations
 
     Etot =  -10091.748152 Ry,   -5045.874076 Ha, -137305.228428 eV

     Ekin =   10467.761044 Ry,    5233.880522 Ha,  142421.144445 eV
     Encl =  -24381.440453 Ry,  -12190.720227 Ha, -331726.396701 eV
     Eh   =    4109.593033 Ry,    2054.796517 Ha,   55913.861669 eV
     Exc  =    -287.661776 Ry,    -143.830888 Ha,   -3913.837841 eV


     normalization and overlap integrals

     s(1S/1S) =  1.000000  <r> =   0.0319  <r2> =    0.0014  r(max) =   0.0207
     s(1S/2S) = -0.011012
     s(1S/3S) = -0.004533
     s(1S/4S) = -0.001932
     s(1S/5S) = -0.000480
     s(2S/2S) =  1.000000  <r> =   0.1383  <r2> =    0.0226  r(max) =   0.1175
     s(2S/3S) = -0.002760
     s(2S/4S) = -0.001136
     s(2S/5S) = -0.000281
     s(2P/2P) =  1.000000  <r> =   0.1206  <r2> =    0.0178  r(max) =   0.0938
     s(2P/3P) = -0.002255
     s(2P/4P) = -0.000850
     s(2P/5P) = -0.000117
     s(3S/3S) =  1.000000  <r> =   0.3793  <r2> =    0.1646  r(max) =   0.3401
     s(3S/4S) = -0.000745
     s(3S/5S) = -0.000181
     s(3P/3P) =  1.000000  <r> =   0.3787  <r2> =    0.1666  r(max) =   0.3358
     s(3P/4P) = -0.000614
     s(3P/5P) = -0.000083
     s(4S/4S) =  1.000000  <r> =   0.9460  <r2> =    1.0148  r(max) =   0.8469
     s(4S/5S) = -0.000107
     s(4P/4P) =  1.000000  <r> =   1.0422  <r2> =    1.2474  r(max) =   0.9129
     s(4P/5P) = -0.000048
     s(3D/3D) =  1.000000  <r> =   0.3576  <r2> =    0.1526  r(max) =   0.2819
     s(3D/4D) = -0.000344
     s(4D/4D) =  1.000000  <r> =   1.5416  <r2> =    3.0102  r(max) =   1.0875
     s(5S/5S) =  1.000000  <r> =   3.3441  <r2> =   13.1001  r(max) =   2.6415
     s(5P/5P) =  1.000000  <r> =   5.8113  <r2> =   41.6165  r(max) =   4.1949

     ------------------------ End of All-electron run ------------------------


     ---------------------- Testing the pseudopotential ----------------------

     Pd                                                                         
     scalar relativistic calculation

     atomic number is 46.00   valence charge is 10.00
     dft = SLA  PW   PBX  PBC   lsd =0 sic =0 latt =0  beta=0.20 tr2=1.0E-14
     mesh =1235 r(mesh) =  99.12271 xmin = -7.00 dx = 0.01250

     n l     nl             e AE (Ry)        e PS (Ry)    De AE-PS (Ry) 
     1 0     5S   1( 0.50)       -0.28139       -0.28139        0.00000
     2 1     5P   1( 0.00)       -0.04120       -0.04120        0.00000
     3 2     4D   1( 9.50)       -0.39048       -0.39048        0.00000

     eps = 1.5E-17  iter =  4
 
     Etot =  -10091.748152 Ry,   -5045.874076 Ha, -137305.228428 eV
     Etotps =  -330.798911 Ry,    -165.399455 Ha,   -4500.748464 eV

     Ekin =     127.714775 Ry,      63.857388 Ha,    1737.648040 eV
     Encl =    -228.190064 Ry,    -114.095032 Ha,   -3104.683987 eV
     Ehrt =      57.338148 Ry,      28.669074 Ha,     780.125252 eV
     Ecxc =    -287.661770 Ry,    -143.830885 Ha,   -3913.837769 eV
     (Ecc =     -17.301723 Ry,      -8.650862 Ha,    -235.401938 eV)

     ---------------------- End of pseudopotential test ----------------------

