[0] MPI startup(): I_MPI_SHM_LMT environment variable is not supported.
[0] MPI startup(): Similar variables:
	 I_MPI_SHM_HEAP
	 I_MPI_SHM
	 I_MPI_SHM_OPT
	 I_MPI_SHM_THP
[0] MPI startup(): To check the list of supported variables, use the impi_info utility or refer to https://software.intel.com/en-us/mpi-library/documentation/get-started.

     Program LD1 v.7.3.1 starts on 19Sep2024 at 21:47: 7 

     This program is part of the open-source Quantum ESPRESSO suite
     for quantum simulation of materials; please cite
         "P. Giannozzi et al., J. Phys.:Condens. Matter 21 395502 (2009);
         "P. Giannozzi et al., J. Phys.:Condens. Matter 29 465901 (2017);
         "P. Giannozzi et al., J. Chem. Phys. 152 154105 (2020);
          URL http://www.quantum-espresso.org", 
     in publications or presentations arising from this work. More details at
     http://www.quantum-espresso.org/quote

     Parallel version (MPI), running on     1 processors

     MPI processes distributed on     1 nodes
     89892 MiB available memory on the printing compute node when the environment starts
 
     Waiting for input...
     Reading input from standard input
     --------------------------- All-electron run ----------------------------

     Pt                                                                         
     scalar relativistic calculation

     atomic number is 78.00
     dft =PBE   lsd =0 sic =0 latt =0  beta=0.20 tr2=1.0E-14
     Exchange-correlation= PBE
                           (   1   4   3   4   0   0   0)
     mesh =1277 r(mesh) =  98.81913 a.u. xmin = -7.00 dx = 0.01250
     1 Ry =  13.60569312 eV, c = 137.03599908

     n l     nl                  e(Ry)          e(Ha)          e(eV)
     1 0     1S 1( 2.00)     -5765.1789     -2882.5894    -78439.2542
     2 0     2S 1( 2.00)     -1012.7710      -506.3855    -13779.4512
     2 1     2P 1( 6.00)      -877.5779      -438.7889    -11940.0552
     3 0     3S 1( 2.00)      -237.8928      -118.9464     -3236.6959
     3 1     3P 1( 6.00)      -198.5305       -99.2653     -2701.1453
     4 0     4S 1( 2.00)       -51.1201       -25.5601      -695.5248
     4 1     4P 1( 6.00)       -38.2145       -19.1072      -519.9347
     3 2     3D 1(10.00)      -155.8883       -77.9441     -2120.9682
     5 0     5S 1( 2.00)        -7.4835        -3.7418      -101.8186
     5 1     5P 1( 6.00)        -4.1173        -2.0586       -56.0182
     4 2     4D 1(10.00)       -22.5518       -11.2759      -306.8335
     4 3     4F 1(14.00)        -5.1506        -2.5753       -70.0775
     5 2     5D 1( 9.00)        -0.4514        -0.2257        -6.1410
     6 0     6S 1( 1.00)        -0.4159        -0.2080        -5.6590
     6 1     6P 1( 0.00)        -0.0618        -0.0309        -0.8404

     final scf error:  8.5E-15 reached in  33 iterations
 
     Etot =  -36827.040744 Ry,  -18413.520372 Ha, -501057.414987 eV

     Ekin =   41083.472486 Ry,   20541.736243 Ha,  558969.119073 eV
     Encl =  -91527.342179 Ry,  -45763.671089 Ha,-1245292.930048 eV
     Eh   =   14325.193858 Ry,    7162.596929 Ha,  194904.191556 eV
     Exc  =    -708.364909 Ry,    -354.182454 Ha,   -9637.795568 eV


     normalization and overlap integrals

     s(1S/1S) =  1.000000  <r> =   0.0171  <r2> =    0.0004  r(max) =   0.0106
     s(1S/2S) = -0.036260
     s(1S/3S) = -0.015899
     s(1S/4S) = -0.007832
     s(1S/5S) = -0.003442
     s(1S/6S) = -0.000995
     s(2S/2S) =  1.000000  <r> =   0.0723  <r2> =    0.0062  r(max) =   0.0612
     s(2S/3S) = -0.010212
     s(2S/4S) = -0.004795
     s(2S/5S) = -0.002087
     s(2S/6S) = -0.000602
     s(2P/2P) =  1.000000  <r> =   0.0652  <r2> =    0.0052  r(max) =   0.0507
     s(2P/3P) = -0.008002
     s(2P/4P) = -0.003558
     s(2P/5P) = -0.001411
     s(2P/6P) = -0.000244
     s(3S/3S) =  1.000000  <r> =   0.1871  <r2> =    0.0400  r(max) =   0.1726
     s(3S/4S) = -0.003491
     s(3S/5S) = -0.001468
     s(3S/6S) = -0.000422
     s(3P/3P) =  1.000000  <r> =   0.1882  <r2> =    0.0411  r(max) =   0.1726
     s(3P/4P) = -0.002932
     s(3P/5P) = -0.001125
     s(3P/6P) = -0.000194
     s(4S/4S) =  1.000000  <r> =   0.4150  <r2> =    0.1944  r(max) =   0.3890
     s(4S/5S) = -0.001029
     s(4S/6S) = -0.000291
     s(4P/4P) =  1.000000  <r> =   0.4419  <r2> =    0.2219  r(max) =   0.4089
     s(4P/5P) = -0.000800
     s(4P/6P) = -0.000136
     s(3D/3D) =  1.000000  <r> =   0.1704  <r2> =    0.0340  r(max) =   0.1396
     s(3D/4D) = -0.002136
     s(3D/5D) = -0.000565
     s(5S/5S) =  1.000000  <r> =   0.9525  <r2> =    1.0184  r(max) =   0.8657
     s(5S/6S) = -0.000166
     s(5P/5P) =  1.000000  <r> =   1.1047  <r2> =    1.3824  r(max) =   0.9810
     s(5P/6P) = -0.000073
     s(4D/4D) =  1.000000  <r> =   0.4682  <r2> =    0.2534  r(max) =   0.4193
     s(4D/5D) = -0.000439
     s(4F/4F) =  1.000000  <r> =   0.5162  <r2> =    0.3247  r(max) =   0.3842
     s(5D/5D) =  1.000000  <r> =   1.6991  <r2> =    3.5189  r(max) =   1.2596
     s(6S/6S) =  1.000000  <r> =   2.9330  <r2> =    9.9362  r(max) =   2.3828
     s(6P/6P) =  1.000000  <r> =   5.0579  <r2> =   31.0052  r(max) =   3.6906

     ------------------------ End of All-electron run ------------------------


     --------------------- Generating PAW atomic setup --------------------


      Generating local potential from pseudized AE potential:
      Matching radius rcloc =   2.4000
      Enforcing V''(0)=0 (lloc=-2)

      Local pseudo, rcloc= 2.383 Estimated cut-off energy=     5.76 Ry

      Computing core charge for nlcc: 

       r > 1.62 : true rho core
      Core charge pseudized with two Bessel functions
      Integrated core pseudo-charge :  11.46
      Wfc-us  6S rcutus= 2.383  Estimated cut-off energy=     7.82 Ry
      Wfc-us  6S rcutus= 2.383  Estimated cut-off energy=    13.64 Ry
      Wfc-us  6P rcutus= 2.505  Estimated cut-off energy=    11.17 Ry
      Wfc-us  6P rcutus= 2.505  Estimated cut-off energy=    17.97 Ry
      Wfc-us  5D rcutus= 2.211  Estimated cut-off energy=    23.98 Ry
      Wfc-us  5D rcutus= 2.211  Estimated cut-off energy=    39.10 Ry

      The bmat matrix
     0.52007     0.91545     0.00000     0.00000     0.00000     0.00000
     0.58862     1.11570     0.00000     0.00000     0.00000     0.00000
     0.00000     0.00000     0.07266     0.23886     0.00000     0.00000
     0.00000     0.00000     0.19852     0.77401     0.00000     0.00000
     0.00000     0.00000     0.00000     0.00000    -1.41965    -1.24210
     0.00000     0.00000     0.00000     0.00000    -1.13267    -1.27438

      The bmat + epsilon qq matrix
     0.55851     0.63505     0.00000     0.00000     0.00000     0.00000
     0.63527     0.77889     0.00000     0.00000     0.00000     0.00000
     0.00000     0.00000     0.07258     0.19908     0.00000     0.00000
     0.00000     0.00000     0.19922     0.55760     0.00000     0.00000
     0.00000     0.00000     0.00000     0.00000    -1.52634    -1.17225
     0.00000     0.00000     0.00000     0.00000    -1.17207    -1.27988

      The qq matrix
    -0.09242    -0.11216     0.00000     0.00000     0.00000     0.00000
    -0.11216    -0.13472     0.00000     0.00000     0.00000     0.00000
     0.00000     0.00000     0.00130    -0.01136     0.00000     0.00000
     0.00000     0.00000    -0.01136    -0.06183     0.00000     0.00000
     0.00000     0.00000     0.00000     0.00000     0.23636     0.08731
     0.00000     0.00000     0.00000     0.00000     0.08731    -0.00687


    multipoles (all-electron charge) - (pseudo charge)
        ns l1:ns1 l2    l=0     l=1     l=2     l=3     l=4     l=5  
         1  0:  1  0 -0.0924
         2  0:  1  0 -0.1122
         2  0:  2  0 -0.1347
         3  1:  1  0  0.0000  0.0408
         3  1:  2  0  0.0000  0.0497
         3  1:  3  1  0.0013  0.0000 -0.0211
         4  1:  1  0  0.0000  0.1268
         4  1:  2  0  0.0000  0.1507
         4  1:  3  1 -0.0114  0.0000 -0.0662
         4  1:  4  1 -0.0618  0.0000 -0.1929
         5  2:  1  0  0.0000  0.0000  0.2297
         5  2:  2  0  0.0000  0.0000  0.2083
         5  2:  3  1  0.0000 -0.1185  0.0000 -0.1874
         5  2:  4  1  0.0000 -0.2450  0.0000 -0.3529
         5  2:  5  2  0.2364  0.0000  0.2761  0.0000  0.4237
         6  2:  1  0  0.0000  0.0000  0.2130
         6  2:  2  0  0.0000  0.0000  0.2272
         6  2:  3  1  0.0000 -0.0867  0.0000 -0.1238
         6  2:  4  1  0.0000 -0.2116  0.0000 -0.2901
         6  2:  5  2  0.0873  0.0000  0.0723  0.0000  0.0764
         6  2:  6  2 -0.0069  0.0000 -0.0342  0.0000 -0.0718
     Required augmentation: PSQ   radius:    1.000000

     Q pseudized with Bessel functions
     Expected ecutrho=     401.3194 due to l1=  2   l2=  2

     Estimated PAW energy = -746.852807 Ryd

     The PAW screened D coefficients
     0.55851     0.63527     0.00000     0.00000     0.00000     0.00000
     0.63527     0.77889     0.00000     0.00000     0.00000     0.00000
     0.00000     0.00000     0.07258     0.19922     0.00000     0.00000
     0.00000     0.00000     0.19922     0.55760     0.00000     0.00000
     0.00000     0.00000     0.00000     0.00000    -1.52634    -1.17207
     0.00000     0.00000     0.00000     0.00000    -1.17207    -1.27988

     The PAW descreened D coefficients (US)
     0.38055     0.41149     0.00000     0.00000     0.00000     0.00000
     0.41149     0.50460     0.00000     0.00000     0.00000     0.00000
     0.00000     0.00000     0.10326     0.22698     0.00000     0.00000
     0.00000     0.00000     0.22698     0.51378     0.00000     0.00000
     0.00000     0.00000     0.00000     0.00000    -0.58294    -0.72287
     0.00000     0.00000     0.00000     0.00000    -0.72287    -1.15890

     ------------------- End of pseudopotential generation -------------------

     --------------------------- All-electron run ----------------------------

     Pt                                                                         
     scalar relativistic calculation

     atomic number is 78.00
     dft = SLA  PW   PBX  PBC   lsd =0 sic =0 latt =0  beta=0.20 tr2=1.0E-14
     Exchange-correlation=  SLA  PW   PBX  PBC
                           (   1   4   3   4   0   0   0)
     mesh =1277 r(mesh) =  98.81913 a.u. xmin = -7.00 dx = 0.01250
     1 Ry =  13.60569312 eV, c = 137.03599908

     n l     nl                  e(Ry)          e(Ha)          e(eV)
     1 0     1S 1( 2.00)     -5765.1789     -2882.5894    -78439.2542
     2 0     2S 1( 2.00)     -1012.7710      -506.3855    -13779.4512
     2 1     2P 1( 6.00)      -877.5779      -438.7889    -11940.0552
     3 0     3S 1( 2.00)      -237.8928      -118.9464     -3236.6959
     3 1     3P 1( 6.00)      -198.5305       -99.2653     -2701.1453
     4 0     4S 1( 2.00)       -51.1201       -25.5601      -695.5248
     4 1     4P 1( 6.00)       -38.2145       -19.1072      -519.9347
     3 2     3D 1(10.00)      -155.8883       -77.9441     -2120.9682
     5 0     5S 1( 2.00)        -7.4835        -3.7418      -101.8186
     5 1     5P 1( 6.00)        -4.1173        -2.0586       -56.0182
     4 2     4D 1(10.00)       -22.5518       -11.2759      -306.8335
     4 3     4F 1(14.00)        -5.1506        -2.5753       -70.0775
     5 2     5D 1( 9.00)        -0.4514        -0.2257        -6.1410
     6 0     6S 1( 1.00)        -0.4159        -0.2080        -5.6590
     6 1     6P 1( 0.00)        -0.0618        -0.0309        -0.8404

     final scf error:  8.5E-15 reached in  33 iterations
 
     Etot =  -36827.040744 Ry,  -18413.520372 Ha, -501057.414987 eV

     Ekin =   41083.472486 Ry,   20541.736243 Ha,  558969.119073 eV
     Encl =  -91527.342179 Ry,  -45763.671089 Ha,-1245292.930048 eV
     Eh   =   14325.193858 Ry,    7162.596929 Ha,  194904.191556 eV
     Exc  =    -708.364909 Ry,    -354.182454 Ha,   -9637.795568 eV


     normalization and overlap integrals

     s(1S/1S) =  1.000000  <r> =   0.0171  <r2> =    0.0004  r(max) =   0.0106
     s(1S/2S) = -0.036260
     s(1S/3S) = -0.015899
     s(1S/4S) = -0.007832
     s(1S/5S) = -0.003442
     s(1S/6S) = -0.000995
     s(2S/2S) =  1.000000  <r> =   0.0723  <r2> =    0.0062  r(max) =   0.0612
     s(2S/3S) = -0.010212
     s(2S/4S) = -0.004795
     s(2S/5S) = -0.002087
     s(2S/6S) = -0.000602
     s(2P/2P) =  1.000000  <r> =   0.0652  <r2> =    0.0052  r(max) =   0.0507
     s(2P/3P) = -0.008002
     s(2P/4P) = -0.003558
     s(2P/5P) = -0.001411
     s(2P/6P) = -0.000244
     s(3S/3S) =  1.000000  <r> =   0.1871  <r2> =    0.0400  r(max) =   0.1726
     s(3S/4S) = -0.003491
     s(3S/5S) = -0.001468
     s(3S/6S) = -0.000422
     s(3P/3P) =  1.000000  <r> =   0.1882  <r2> =    0.0411  r(max) =   0.1726
     s(3P/4P) = -0.002932
     s(3P/5P) = -0.001125
     s(3P/6P) = -0.000194
     s(4S/4S) =  1.000000  <r> =   0.4150  <r2> =    0.1944  r(max) =   0.3890
     s(4S/5S) = -0.001029
     s(4S/6S) = -0.000291
     s(4P/4P) =  1.000000  <r> =   0.4419  <r2> =    0.2219  r(max) =   0.4089
     s(4P/5P) = -0.000800
     s(4P/6P) = -0.000136
     s(3D/3D) =  1.000000  <r> =   0.1704  <r2> =    0.0340  r(max) =   0.1396
     s(3D/4D) = -0.002136
     s(3D/5D) = -0.000565
     s(5S/5S) =  1.000000  <r> =   0.9525  <r2> =    1.0184  r(max) =   0.8657
     s(5S/6S) = -0.000166
     s(5P/5P) =  1.000000  <r> =   1.1047  <r2> =    1.3824  r(max) =   0.9810
     s(5P/6P) = -0.000073
     s(4D/4D) =  1.000000  <r> =   0.4682  <r2> =    0.2534  r(max) =   0.4193
     s(4D/5D) = -0.000439
     s(4F/4F) =  1.000000  <r> =   0.5162  <r2> =    0.3247  r(max) =   0.3842
     s(5D/5D) =  1.000000  <r> =   1.6991  <r2> =    3.5189  r(max) =   1.2596
     s(6S/6S) =  1.000000  <r> =   2.9330  <r2> =    9.9362  r(max) =   2.3828
     s(6P/6P) =  1.000000  <r> =   5.0579  <r2> =   31.0052  r(max) =   3.6906

     ------------------------ End of All-electron run ------------------------


     ---------------------- Testing the pseudopotential ----------------------

     Pt                                                                         
     scalar relativistic calculation

     atomic number is 78.00   valence charge is 10.00
     dft = SLA  PW   PBX  PBC   lsd =0 sic =0 latt =0  beta=0.20 tr2=1.0E-14
     mesh =1277 r(mesh) =  98.81913 xmin = -7.00 dx = 0.01250

     n l     nl             e AE (Ry)        e PS (Ry)    De AE-PS (Ry) 
     1 0     6S   1( 1.00)       -0.41593       -0.41593        0.00000
     2 1     6P   1( 0.00)       -0.06177       -0.06177       -0.00000
     3 2     5D   1( 9.00)       -0.45135       -0.45135        0.00000

     eps = 2.4E-15  iter =  3
 
     Etot =  -36827.040744 Ry,  -18413.520372 Ha, -501057.414987 eV
     Etotps =  -746.852815 Ry,    -373.426408 Ha,  -10161.450211 eV

     Ekin =     132.154955 Ry,      66.077478 Ha,    1798.059764 eV
     Encl =    -221.222425 Ry,    -110.611213 Ha,   -3009.884433 eV
     Ehrt =      50.579559 Ry,      25.289779 Ha,     688.169952 eV
     Ecxc =    -708.364903 Ry,    -354.182452 Ha,   -9637.795494 eV
     (Ecc =     -18.774036 Ry,      -9.387018 Ha,    -255.433766 eV)

     ---------------------- End of pseudopotential test ----------------------

