[0] MPI startup(): I_MPI_SHM_LMT environment variable is not supported.
[0] MPI startup(): Similar variables:
	 I_MPI_SHM_HEAP
	 I_MPI_SHM
	 I_MPI_SHM_OPT
	 I_MPI_SHM_THP
[0] MPI startup(): To check the list of supported variables, use the impi_info utility or refer to https://software.intel.com/en-us/mpi-library/documentation/get-started.

     Program LD1 v.7.3.1 starts on 19Sep2024 at 21:47: 9 

     This program is part of the open-source Quantum ESPRESSO suite
     for quantum simulation of materials; please cite
         "P. Giannozzi et al., J. Phys.:Condens. Matter 21 395502 (2009);
         "P. Giannozzi et al., J. Phys.:Condens. Matter 29 465901 (2017);
         "P. Giannozzi et al., J. Chem. Phys. 152 154105 (2020);
          URL http://www.quantum-espresso.org", 
     in publications or presentations arising from this work. More details at
     http://www.quantum-espresso.org/quote

     Parallel version (MPI), running on     1 processors

     MPI processes distributed on     1 nodes
     89884 MiB available memory on the printing compute node when the environment starts
 
     Waiting for input...
     Reading input from standard input
     --------------------------- All-electron run ----------------------------

     Rh                                                                         
     scalar relativistic calculation

     atomic number is 45.00
     dft =PBE   lsd =0 sic =0 latt =0  beta=0.20 tr2=1.0E-14
     Exchange-correlation= PBE
                           (   1   4   3   4   0   0   0)
     mesh =1233 r(mesh) =  98.82371 a.u. xmin = -7.00 dx = 0.01250
     1 Ry =  13.60569312 eV, c = 137.03599908

     n l     nl                  e(Ry)          e(Ha)          e(eV)
     1 0     1S 1( 2.00)     -1693.3289      -846.6645    -23038.9134
     2 0     2S 1( 2.00)      -245.4905      -122.7453     -3340.0684
     2 1     2P 1( 6.00)      -220.0045      -110.0023     -2993.3141
     3 0     3S 1( 2.00)       -43.8678       -21.9339      -596.8524
     3 1     3P 1( 6.00)       -35.4892       -17.7446      -482.8551
     4 0     4S 1( 2.00)        -6.0632        -3.0316       -82.4943
     4 1     4P 1( 6.00)        -3.7058        -1.8529       -50.4205
     3 2     3D 1(10.00)       -22.0941       -11.0470      -300.6054
     4 2     4D 1( 8.00)        -0.4366        -0.2183        -5.9401
     5 0     5S 1( 1.00)        -0.3160        -0.1580        -4.3000
     5 1     5P 1( 0.00)        -0.0625        -0.0313        -0.8508

     final scf error:  2.1E-15 reached in  34 iterations
 
     Etot =   -9568.237170 Ry,   -4784.118585 Ha, -130182.498657 eV

     Ekin =    9909.476171 Ry,    4954.738086 Ha,  134825.291795 eV
     Encl =  -23095.705632 Ry,  -11547.852816 Ha, -314233.083288 eV
     Eh   =    3894.991095 Ry,    1947.495548 Ha,   52994.053561 eV
     Exc  =    -276.998804 Ry,    -138.499402 Ha,   -3768.760725 eV


     normalization and overlap integrals

     s(1S/1S) =  1.000000  <r> =   0.0326  <r2> =    0.0014  r(max) =   0.0211
     s(1S/2S) = -0.010494
     s(1S/3S) = -0.004301
     s(1S/4S) = -0.001817
     s(1S/5S) = -0.000482
     s(2S/2S) =  1.000000  <r> =   0.1419  <r2> =    0.0237  r(max) =   0.1201
     s(2S/3S) = -0.002613
     s(2S/4S) = -0.001066
     s(2S/5S) = -0.000281
     s(2P/2P) =  1.000000  <r> =   0.1237  <r2> =    0.0187  r(max) =   0.0959
     s(2P/3P) = -0.002135
     s(2P/4P) = -0.000798
     s(2P/5P) = -0.000129
     s(3S/3S) =  1.000000  <r> =   0.3906  <r2> =    0.1746  r(max) =   0.3520
     s(3S/4S) = -0.000696
     s(3S/5S) = -0.000180
     s(3P/3P) =  1.000000  <r> =   0.3905  <r2> =    0.1772  r(max) =   0.3433
     s(3P/4P) = -0.000572
     s(3P/5P) = -0.000091
     s(4S/4S) =  1.000000  <r> =   0.9803  <r2> =    1.0896  r(max) =   0.8766
     s(4S/5S) = -0.000105
     s(4P/4P) =  1.000000  <r> =   1.0819  <r2> =    1.3435  r(max) =   0.9449
     s(4P/5P) = -0.000052
     s(3D/3D) =  1.000000  <r> =   0.3704  <r2> =    0.1640  r(max) =   0.2918
     s(3D/4D) = -0.000319
     s(4D/4D) =  1.000000  <r> =   1.5921  <r2> =    3.1759  r(max) =   1.1398
     s(5S/5S) =  1.000000  <r> =   3.3065  <r2> =   12.7169  r(max) =   2.6336
     s(5P/5P) =  1.000000  <r> =   5.3143  <r2> =   34.1679  r(max) =   3.9288

     ------------------------ End of All-electron run ------------------------


     --------------------- Generating PAW atomic setup --------------------


      Generating local potential from pseudized AE potential:
      Matching radius rcloc =   1.9000

      Local pseudo, rcloc= 1.903 Estimated cut-off energy=     6.98 Ry

      Computing core charge for nlcc: 

       r > 0.91 : true rho core
      Core charge pseudized with two Bessel functions
      Integrated core pseudo-charge :   4.82
      Wfc-us  4S rcutus= 1.679  Estimated cut-off energy=    19.80 Ry
      Wfc-us  5S rcutus= 1.308  Estimated cut-off energy=    54.80 Ry
      Wfc-us  4P rcutus= 1.679  Estimated cut-off energy=    30.11 Ry
      Wfc-us  5P rcutus= 1.679  Estimated cut-off energy=    55.07 Ry
      Wfc-us  4D rcutus= 1.903  Estimated cut-off energy=    32.07 Ry
      Wfc-us  4D rcutus= 1.903  Estimated cut-off energy=    37.45 Ry

      The bmat matrix
    -0.72425     0.81839     0.00000     0.00000     0.00000     0.00000
    -0.06142     0.24298     0.00000     0.00000     0.00000     0.00000
     0.00000     0.00000    -1.79172    -0.13973     0.00000     0.00000
     0.00000     0.00000    -0.39650    -0.12311     0.00000     0.00000
     0.00000     0.00000     0.00000     0.00000    -0.84389    -0.59650
     0.00000     0.00000     0.00000     0.00000    -0.50286    -0.35781

      The bmat + epsilon qq matrix
     1.80296     0.86680     0.00000     0.00000     0.00000     0.00000
     0.86739     0.26033     0.00000     0.00000     0.00000     0.00000
     0.00000     0.00000    -2.02758    -0.13532     0.00000     0.00000
     0.00000     0.00000    -0.13513    -0.12094     0.00000     0.00000
     0.00000     0.00000     0.00000     0.00000    -0.92680    -0.55840
     0.00000     0.00000     0.00000     0.00000    -0.55831    -0.33234

      The qq matrix
    -0.41681    -0.15319     0.00000     0.00000     0.00000     0.00000
    -0.15319    -0.05491     0.00000     0.00000     0.00000     0.00000
     0.00000     0.00000     0.06364    -0.07053     0.00000     0.00000
     0.00000     0.00000    -0.07053    -0.03459     0.00000     0.00000
     0.00000     0.00000     0.00000     0.00000     0.18989     0.12702
     0.00000     0.00000     0.00000     0.00000     0.12702     0.08491


    multipoles (all-electron charge) - (pseudo charge)
        ns l1:ns1 l2    l=0     l=1     l=2     l=3     l=4     l=5  
         1  0:  1  0 -0.4168
         2  0:  1  0 -0.1532
         2  0:  2  0 -0.0549
         3  1:  1  0  0.0000  0.0507
         3  1:  2  0  0.0000  0.0278
         3  1:  3  1  0.0636  0.0000  0.0487
         4  1:  1  0  0.0000  0.0933
         4  1:  2  0  0.0000  0.0244
         4  1:  3  1 -0.0705  0.0000 -0.0448
         4  1:  4  1 -0.0346  0.0000 -0.0185
         5  2:  1  0  0.0000  0.0000  0.1012
         5  2:  2  0  0.0000  0.0000  0.0075
         5  2:  3  1  0.0000 -0.1364  0.0000 -0.1292
         5  2:  4  1  0.0000  0.0138  0.0000  0.0131
         5  2:  5  2  0.1899  0.0000  0.1552  0.0000  0.1747
         6  2:  1  0  0.0000  0.0000  0.0688
         6  2:  2  0  0.0000  0.0000  0.0048
         6  2:  3  1  0.0000 -0.0922  0.0000 -0.0874
         6  2:  4  1  0.0000  0.0089  0.0000  0.0082
         6  2:  5  2  0.1270  0.0000  0.1026  0.0000  0.1146
         6  2:  6  2  0.0849  0.0000  0.0675  0.0000  0.0746
     Required augmentation: PSQ   radius:    1.900000

     Q pseudized with Bessel functions
     Expected ecutrho=     438.6967 due to l1=  2   l2=  2

     Estimated PAW energy = -469.639776 Ryd

     The PAW screened D coefficients
     1.80296     0.86739     0.00000     0.00000     0.00000     0.00000
     0.86739     0.26033     0.00000     0.00000     0.00000     0.00000
     0.00000     0.00000    -2.02758    -0.13513     0.00000     0.00000
     0.00000     0.00000    -0.13513    -0.12094     0.00000     0.00000
     0.00000     0.00000     0.00000     0.00000    -0.92680    -0.55831
     0.00000     0.00000     0.00000     0.00000    -0.55831    -0.33234

     The PAW descreened D coefficients (US)
    -2.32663    -0.70396     0.00000     0.00000     0.00000     0.00000
    -0.70396    -0.31535     0.00000     0.00000     0.00000     0.00000
     0.00000     0.00000    -1.37531    -0.73382     0.00000     0.00000
     0.00000     0.00000    -0.73382    -0.43697     0.00000     0.00000
     0.00000     0.00000     0.00000     0.00000     0.65619     0.50611
     0.00000     0.00000     0.00000     0.00000     0.50611     0.38336

     ------------------- End of pseudopotential generation -------------------

     --------------------------- All-electron run ----------------------------

     Rh                                                                         
     scalar relativistic calculation

     atomic number is 45.00
     dft = SLA  PW   PBX  PBC   lsd =0 sic =0 latt =0  beta=0.20 tr2=1.0E-14
     Exchange-correlation=  SLA  PW   PBX  PBC
                           (   1   4   3   4   0   0   0)
     mesh =1233 r(mesh) =  98.82371 a.u. xmin = -7.00 dx = 0.01250
     1 Ry =  13.60569312 eV, c = 137.03599908

     n l     nl                  e(Ry)          e(Ha)          e(eV)
     1 0     1S 1( 2.00)     -1693.3289      -846.6645    -23038.9134
     2 0     2S 1( 2.00)      -245.4905      -122.7453     -3340.0684
     2 1     2P 1( 6.00)      -220.0045      -110.0023     -2993.3141
     3 0     3S 1( 2.00)       -43.8678       -21.9339      -596.8524
     3 1     3P 1( 6.00)       -35.4892       -17.7446      -482.8551
     4 0     4S 1( 2.00)        -6.0632        -3.0316       -82.4943
     4 1     4P 1( 6.00)        -3.7058        -1.8529       -50.4205
     3 2     3D 1(10.00)       -22.0941       -11.0470      -300.6054
     4 2     4D 1( 8.00)        -0.4366        -0.2183        -5.9401
     5 0     5S 1( 1.00)        -0.3160        -0.1580        -4.3000
     5 1     5P 1( 0.00)        -0.0625        -0.0313        -0.8508

     final scf error:  2.1E-15 reached in  34 iterations
 
     Etot =   -9568.237170 Ry,   -4784.118585 Ha, -130182.498657 eV

     Ekin =    9909.476171 Ry,    4954.738086 Ha,  134825.291795 eV
     Encl =  -23095.705632 Ry,  -11547.852816 Ha, -314233.083288 eV
     Eh   =    3894.991095 Ry,    1947.495548 Ha,   52994.053561 eV
     Exc  =    -276.998804 Ry,    -138.499402 Ha,   -3768.760725 eV


     normalization and overlap integrals

     s(1S/1S) =  1.000000  <r> =   0.0326  <r2> =    0.0014  r(max) =   0.0211
     s(1S/2S) = -0.010494
     s(1S/3S) = -0.004301
     s(1S/4S) = -0.001817
     s(1S/5S) = -0.000482
     s(2S/2S) =  1.000000  <r> =   0.1419  <r2> =    0.0237  r(max) =   0.1201
     s(2S/3S) = -0.002613
     s(2S/4S) = -0.001066
     s(2S/5S) = -0.000281
     s(2P/2P) =  1.000000  <r> =   0.1237  <r2> =    0.0187  r(max) =   0.0959
     s(2P/3P) = -0.002135
     s(2P/4P) = -0.000798
     s(2P/5P) = -0.000129
     s(3S/3S) =  1.000000  <r> =   0.3906  <r2> =    0.1746  r(max) =   0.3520
     s(3S/4S) = -0.000696
     s(3S/5S) = -0.000180
     s(3P/3P) =  1.000000  <r> =   0.3905  <r2> =    0.1772  r(max) =   0.3433
     s(3P/4P) = -0.000572
     s(3P/5P) = -0.000091
     s(4S/4S) =  1.000000  <r> =   0.9803  <r2> =    1.0896  r(max) =   0.8766
     s(4S/5S) = -0.000105
     s(4P/4P) =  1.000000  <r> =   1.0819  <r2> =    1.3435  r(max) =   0.9449
     s(4P/5P) = -0.000052
     s(3D/3D) =  1.000000  <r> =   0.3704  <r2> =    0.1640  r(max) =   0.2918
     s(3D/4D) = -0.000319
     s(4D/4D) =  1.000000  <r> =   1.5921  <r2> =    3.1759  r(max) =   1.1398
     s(5S/5S) =  1.000000  <r> =   3.3065  <r2> =   12.7169  r(max) =   2.6336
     s(5P/5P) =  1.000000  <r> =   5.3143  <r2> =   34.1679  r(max) =   3.9288

     ------------------------ End of All-electron run ------------------------


     ---------------------- Testing the pseudopotential ----------------------

     Rh                                                                         
     scalar relativistic calculation

     atomic number is 45.00   valence charge is 17.00
     dft = SLA  PW   PBX  PBC   lsd =0 sic =0 latt =0  beta=0.20 tr2=1.0E-14
     mesh =1233 r(mesh) =  98.82371 xmin = -7.00 dx = 0.01250

     n l     nl             e AE (Ry)        e PS (Ry)    De AE-PS (Ry) 
     1 0     4S   1( 2.00)       -6.06322       -6.06320       -0.00002
     2 0     5S   1( 1.00)       -0.31604       -0.31604       -0.00000
     2 1     4P   1( 6.00)       -3.70584       -3.70582       -0.00002
     3 1     5P   1( 0.00)       -0.06254       -0.06253       -0.00000
     3 2     4D   1( 8.00)       -0.43659       -0.43658       -0.00001

     eps = 2.9E-17  iter =  6
 
     Etot =   -9568.237170 Ry,   -4784.118585 Ha, -130182.498657 eV
     Etotps =  -469.639777 Ry,    -234.819888 Ha,   -6389.774682 eV

     Ekin =     300.723679 Ry,     150.361839 Ha,    4091.554087 eV
     Encl =    -683.491874 Ry,    -341.745937 Ha,   -9299.380689 eV
     Ehrt =     190.127295 Ry,      95.063647 Ha,    2586.813626 eV
     Ecxc =    -276.998876 Ry,    -138.499438 Ha,   -3768.761706 eV
     (Ecc =     -11.584950 Ry,      -5.792475 Ha,    -157.621277 eV)

     ---------------------- End of pseudopotential test ----------------------

