[0] MPI startup(): I_MPI_SHM_LMT environment variable is not supported.
[0] MPI startup(): Similar variables:
	 I_MPI_SHM_HEAP
	 I_MPI_SHM
	 I_MPI_SHM_OPT
	 I_MPI_SHM_THP
[0] MPI startup(): To check the list of supported variables, use the impi_info utility or refer to https://software.intel.com/en-us/mpi-library/documentation/get-started.

     Program LD1 v.7.3.1 starts on 19Sep2024 at 21:47:11 

     This program is part of the open-source Quantum ESPRESSO suite
     for quantum simulation of materials; please cite
         "P. Giannozzi et al., J. Phys.:Condens. Matter 21 395502 (2009);
         "P. Giannozzi et al., J. Phys.:Condens. Matter 29 465901 (2017);
         "P. Giannozzi et al., J. Chem. Phys. 152 154105 (2020);
          URL http://www.quantum-espresso.org", 
     in publications or presentations arising from this work. More details at
     http://www.quantum-espresso.org/quote

     Parallel version (MPI), running on     1 processors

     MPI processes distributed on     1 nodes
     89883 MiB available memory on the printing compute node when the environment starts
 
     Waiting for input...
     Reading input from standard input
     --------------------------- All-electron run ----------------------------

     Se                                                                         
     scalar relativistic calculation

     atomic number is 34.00
     dft =PBE   lsd =0 sic =0 latt =0  beta=0.20 tr2=1.0E-14
     Exchange-correlation= PBE
                           (   1   4   3   4   0   0   0)
     mesh =1211 r(mesh) =  99.34906 a.u. xmin = -7.00 dx = 0.01250
     1 Ry =  13.60569312 eV, c = 137.03599908

     n l     nl                  e(Ry)          e(Ha)          e(eV)
     1 0     1S 1( 2.00)      -919.1109      -459.5554    -12505.1404
     2 0     2S 1( 2.00)      -118.1270       -59.0635     -1607.1992
     2 1     2P 1( 6.00)      -103.8987       -51.9494     -1413.6139
     3 0     3S 1( 2.00)       -15.6929        -7.8465      -213.5132
     3 1     3P 1( 6.00)       -11.2438        -5.6219      -152.9802
     3 2     3D 1(10.00)        -3.9046        -1.9523       -53.1252
     4 0     4S 1( 2.00)        -1.2706        -0.6353       -17.2871
     4 1     4P 1( 4.00)        -0.4786        -0.2393        -6.5114

     final scf error:  7.2E-15 reached in  37 iterations
 
     Etot =   -4859.930912 Ry,   -2429.965456 Ha,  -66122.728588 eV

     Ekin =    4959.210068 Ry,    2479.605034 Ha,   67473.490323 eV
     Encl =  -11716.142983 Ry,   -5858.071491 Ha, -159406.246009 eV
     Eh   =    2072.608841 Ry,    1036.304420 Ha,   28199.279851 eV
     Exc  =    -175.606838 Ry,     -87.803419 Ha,   -2389.252753 eV


     normalization and overlap integrals

     s(1S/1S) =  1.000000  <r> =   0.0441  <r2> =    0.0026  r(max) =   0.0287
     s(1S/2S) = -0.005697
     s(1S/3S) = -0.002179
     s(1S/4S) = -0.000687
     s(2S/2S) =  1.000000  <r> =   0.1959  <r2> =    0.0453  r(max) =   0.1651
     s(2S/3S) = -0.001287
     s(2S/4S) = -0.000396
     s(2P/2P) =  1.000000  <r> =   0.1711  <r2> =    0.0359  r(max) =   0.1318
     s(2P/3P) = -0.001038
     s(2P/4P) = -0.000253
     s(3S/3S) =  1.000000  <r> =   0.5740  <r2> =    0.3794  r(max) =   0.5021
     s(3S/4S) = -0.000238
     s(3P/3P) =  1.000000  <r> =   0.5896  <r2> =    0.4078  r(max) =   0.5021
     s(3P/4P) = -0.000164
     s(3D/3D) =  1.000000  <r> =   0.6306  <r2> =    0.4978  r(max) =   0.4544
     s(4S/4S) =  1.000000  <r> =   1.7954  <r2> =    3.7077  r(max) =   1.5085
     s(4P/4P) =  1.000000  <r> =   2.3024  <r2> =    6.2781  r(max) =   1.8196

     ------------------------ End of All-electron run ------------------------


     --------------------- Generating PAW atomic setup --------------------


      Generating local pot.: lloc=2, matching radius rcloc =   1.9000

      Computing core charge for nlcc: 

       r > 1.42 : true rho core
      Core charge pseudized with two Bessel functions
      Integrated core pseudo-charge :   5.60
      Wfc-us  4S rcutus= 1.820  Estimated cut-off energy=    14.30 Ry
      Wfc-us  4S rcutus= 1.820  Estimated cut-off energy=    18.25 Ry
      Wfc-us  4P rcutus= 2.011  Estimated cut-off energy=    18.85 Ry
      Wfc-us  4P rcutus= 2.011  Estimated cut-off energy=    20.61 Ry

      The bmat matrix
     2.03066     2.02397     0.00000     0.00000
     1.68976     1.66754     0.00000     0.00000
     0.00000     0.00000     0.23941     0.26324
     0.00000     0.00000     0.21488     0.23334

      The bmat + epsilon qq matrix
     2.36923     1.96011     0.00000     0.00000
     1.96024     1.61634     0.00000     0.00000
     0.00000     0.00000     0.27519     0.24459
     0.00000     0.00000     0.24463     0.21779

      The qq matrix
    -0.26647    -0.21288     0.00000     0.00000
    -0.21288    -0.17067     0.00000     0.00000
     0.00000     0.00000    -0.07476    -0.06217
     0.00000     0.00000    -0.06217    -0.05181


    multipoles (all-electron charge) - (pseudo charge)
        ns l1:ns1 l2    l=0     l=1     l=2     l=3     l=4     l=5  
         1  0:  1  0 -0.2665
         2  0:  1  0 -0.2129
         2  0:  2  0 -0.1707
         3  1:  1  0  0.0000  0.1398
         3  1:  2  0  0.0000  0.1062
         3  1:  3  1 -0.0748  0.0000 -0.1036
         4  1:  1  0  0.0000  0.1159
         4  1:  2  0  0.0000  0.0884
         4  1:  3  1 -0.0622  0.0000 -0.0834
         4  1:  4  1 -0.0518  0.0000 -0.0674
     Required augmentation: PSQ   radius:    1.700000

     Q pseudized with Bessel functions
     Expected ecutrho=      94.5704 due to l1=  1   l2=  1

     Estimated PAW energy = -189.069110 Ryd

     The PAW screened D coefficients
     2.36923     1.96024     0.00000     0.00000
     1.96024     1.61634     0.00000     0.00000
     0.00000     0.00000     0.27519     0.24463
     0.00000     0.00000     0.24463     0.21779

     The PAW descreened D coefficients (US)
     0.34642     0.22562     0.00000     0.00000
     0.22562     0.15770     0.00000     0.00000
     0.00000     0.00000    -0.02124    -0.02668
     0.00000     0.00000    -0.02668    -0.02874

     ------------------- End of pseudopotential generation -------------------

     --------------------------- All-electron run ----------------------------

     Se                                                                         
     scalar relativistic calculation

     atomic number is 34.00
     dft = SLA  PW   PBX  PBC   lsd =0 sic =0 latt =0  beta=0.20 tr2=1.0E-14
     Exchange-correlation=  SLA  PW   PBX  PBC
                           (   1   4   3   4   0   0   0)
     mesh =1211 r(mesh) =  99.34906 a.u. xmin = -7.00 dx = 0.01250
     1 Ry =  13.60569312 eV, c = 137.03599908

     n l     nl                  e(Ry)          e(Ha)          e(eV)
     1 0     1S 1( 2.00)      -919.1109      -459.5554    -12505.1404
     2 0     2S 1( 2.00)      -118.1270       -59.0635     -1607.1992
     2 1     2P 1( 6.00)      -103.8987       -51.9494     -1413.6139
     3 0     3S 1( 2.00)       -15.6929        -7.8465      -213.5132
     3 1     3P 1( 6.00)       -11.2438        -5.6219      -152.9802
     3 2     3D 1(10.00)        -3.9046        -1.9523       -53.1252
     4 0     4S 1( 2.00)        -1.2706        -0.6353       -17.2871
     4 1     4P 1( 4.00)        -0.4786        -0.2393        -6.5114

     final scf error:  7.2E-15 reached in  37 iterations
 
     Etot =   -4859.930912 Ry,   -2429.965456 Ha,  -66122.728588 eV

     Ekin =    4959.210068 Ry,    2479.605034 Ha,   67473.490323 eV
     Encl =  -11716.142983 Ry,   -5858.071491 Ha, -159406.246009 eV
     Eh   =    2072.608841 Ry,    1036.304420 Ha,   28199.279851 eV
     Exc  =    -175.606838 Ry,     -87.803419 Ha,   -2389.252753 eV


     normalization and overlap integrals

     s(1S/1S) =  1.000000  <r> =   0.0441  <r2> =    0.0026  r(max) =   0.0287
     s(1S/2S) = -0.005697
     s(1S/3S) = -0.002179
     s(1S/4S) = -0.000687
     s(2S/2S) =  1.000000  <r> =   0.1959  <r2> =    0.0453  r(max) =   0.1651
     s(2S/3S) = -0.001287
     s(2S/4S) = -0.000396
     s(2P/2P) =  1.000000  <r> =   0.1711  <r2> =    0.0359  r(max) =   0.1318
     s(2P/3P) = -0.001038
     s(2P/4P) = -0.000253
     s(3S/3S) =  1.000000  <r> =   0.5740  <r2> =    0.3794  r(max) =   0.5021
     s(3S/4S) = -0.000238
     s(3P/3P) =  1.000000  <r> =   0.5896  <r2> =    0.4078  r(max) =   0.5021
     s(3P/4P) = -0.000164
     s(3D/3D) =  1.000000  <r> =   0.6306  <r2> =    0.4978  r(max) =   0.4544
     s(4S/4S) =  1.000000  <r> =   1.7954  <r2> =    3.7077  r(max) =   1.5085
     s(4P/4P) =  1.000000  <r> =   2.3024  <r2> =    6.2781  r(max) =   1.8196

     ------------------------ End of All-electron run ------------------------


     ---------------------- Testing the pseudopotential ----------------------

     Se                                                                         
     scalar relativistic calculation

     atomic number is 34.00   valence charge is  6.00
     dft = SLA  PW   PBX  PBC   lsd =0 sic =0 latt =0  beta=0.20 tr2=1.0E-14
     mesh =1211 r(mesh) =  99.34906 xmin = -7.00 dx = 0.01250

     n l     nl             e AE (Ry)        e PS (Ry)    De AE-PS (Ry) 
     1 0     4S   1( 2.00)       -1.27058       -1.27058        0.00000
     2 1     4P   1( 4.00)       -0.47858       -0.47858        0.00000

     eps = 3.7E-15  iter =  3
 
     Etot =   -4859.930912 Ry,   -2429.965456 Ha,  -66122.728588 eV
     Etotps =  -189.069126 Ry,     -94.534563 Ha,   -2572.416512 eV

     Ekin =      32.403152 Ry,      16.201576 Ha,     440.867343 eV
     Encl =     -61.213205 Ry,     -30.606602 Ha,    -832.848079 eV
     Ehrt =      15.347762 Ry,       7.673881 Ha,     208.816935 eV
     Ecxc =    -175.606835 Ry,     -87.803418 Ha,   -2389.252711 eV
     (Ecc =      -8.582638 Ry,      -4.291319 Ha,    -116.772739 eV)

     ---------------------- End of pseudopotential test ----------------------

