[0] MPI startup(): I_MPI_SHM_LMT environment variable is not supported.
[0] MPI startup(): Similar variables:
	 I_MPI_SHM_HEAP
	 I_MPI_SHM
	 I_MPI_SHM_OPT
	 I_MPI_SHM_THP
[0] MPI startup(): To check the list of supported variables, use the impi_info utility or refer to https://software.intel.com/en-us/mpi-library/documentation/get-started.

     Program LD1 v.7.3.1 starts on 19Sep2024 at 21:47:14 

     This program is part of the open-source Quantum ESPRESSO suite
     for quantum simulation of materials; please cite
         "P. Giannozzi et al., J. Phys.:Condens. Matter 21 395502 (2009);
         "P. Giannozzi et al., J. Phys.:Condens. Matter 29 465901 (2017);
         "P. Giannozzi et al., J. Chem. Phys. 152 154105 (2020);
          URL http://www.quantum-espresso.org", 
     in publications or presentations arising from this work. More details at
     http://www.quantum-espresso.org/quote

     Parallel version (MPI), running on     1 processors

     MPI processes distributed on     1 nodes
     89876 MiB available memory on the printing compute node when the environment starts
 
     Waiting for input...
     Reading input from standard input
     --------------------------- All-electron run ----------------------------

     Sn                                                                         
     scalar relativistic calculation

     atomic number is 50.00
     dft =PBE   lsd =0 sic =0 latt =0  beta=0.20 tr2=1.0E-14
     Exchange-correlation= PBE
                           (   1   4   3   4   0   0   0)
     mesh =1243 r(mesh) = 100.78374 a.u. xmin = -7.00 dx = 0.01250
     1 Ry =  13.60569312 eV, c = 137.03599908

     n l     nl                  e(Ry)          e(Ha)          e(eV)
     1 0     1S 1( 2.00)     -2132.5094     -1066.2547    -29014.2686
     2 0     2S 1( 2.00)      -321.9321      -160.9660     -4380.1088
     2 1     2P 1( 6.00)      -288.9932      -144.4966     -3931.9523
     3 0     3S 1( 2.00)       -62.1247       -31.0624      -845.2497
     3 1     3P 1( 6.00)       -51.3616       -25.6808      -698.8107
     4 0     4S 1( 2.00)        -9.8437        -4.9218      -133.9301
     4 1     4P 1( 6.00)        -6.5928        -3.2964       -89.7001
     3 2     3D 1(10.00)       -34.7961       -17.3980      -473.4246
     4 2     4D 1(10.00)        -1.8991        -0.9496       -25.8391
     5 0     5S 1( 2.00)        -0.7753        -0.3877       -10.5488
     5 1     5P 1( 2.00)        -0.2715        -0.1358        -3.6941

     final scf error:  8.2E-15 reached in  31 iterations
 
     Etot =  -12354.410875 Ry,   -6177.205437 Ha, -168090.323077 eV

     Ekin =   12899.149735 Ry,    6449.574868 Ha,  175501.872843 eV
     Encl =  -29875.374000 Ry,  -14937.687000 Ha, -406475.170578 eV
     Eh   =    4951.344976 Ry,    2475.672488 Ha,   67366.480290 eV
     Exc  =    -329.531586 Ry,    -164.765793 Ha,   -4483.505633 eV


     normalization and overlap integrals

     s(1S/1S) =  1.000000  <r> =   0.0291  <r2> =    0.0011  r(max) =   0.0188
     s(1S/2S) = -0.013224
     s(1S/3S) = -0.005531
     s(1S/4S) = -0.002457
     s(1S/5S) = -0.000780
     s(2S/2S) =  1.000000  <r> =   0.1255  <r2> =    0.0186  r(max) =   0.1054
     s(2S/3S) = -0.003393
     s(2S/4S) = -0.001452
     s(2S/5S) = -0.000458
     s(2P/2P) =  1.000000  <r> =   0.1096  <r2> =    0.0147  r(max) =   0.0853
     s(2P/3P) = -0.002769
     s(2P/4P) = -0.001100
     s(2P/5P) = -0.000263
     s(3S/3S) =  1.000000  <r> =   0.3393  <r2> =    0.1317  r(max) =   0.3090
     s(3S/4S) = -0.000972
     s(3S/5S) = -0.000300
     s(3P/3P) =  1.000000  <r> =   0.3377  <r2> =    0.1323  r(max) =   0.3013
     s(3P/4P) = -0.000815
     s(3P/5P) = -0.000191
     s(4S/4S) =  1.000000  <r> =   0.8186  <r2> =    0.7582  r(max) =   0.7412
     s(4S/5S) = -0.000185
     s(4P/4P) =  1.000000  <r> =   0.8859  <r2> =    0.8969  r(max) =   0.7890
     s(4P/5P) = -0.000117
     s(3D/3D) =  1.000000  <r> =   0.3146  <r2> =    0.1175  r(max) =   0.2498
     s(3D/4D) = -0.000523
     s(4D/4D) =  1.000000  <r> =   1.0991  <r2> =    1.4383  r(max) =   0.8829
     s(5S/5S) =  1.000000  <r> =   2.3966  <r2> =    6.5684  r(max) =   2.0147
     s(5P/5P) =  1.000000  <r> =   3.2510  <r2> =   12.4120  r(max) =   2.5548

     ------------------------ End of All-electron run ------------------------


     --------------------- Generating US pseudopotential ---------------------


      Generating local potential from pseudized AE potential:
      Matching radius rcloc =   2.3000

      Local pseudo, rcloc= 2.312 Estimated cut-off energy=     4.61 Ry

      Computing core charge for nlcc: 

       r > 1.21 : true rho core
       r < 1.21 : rho core = a sin(br)/r    a=   8.17  b=   2.21

      Integrated core pseudo-charge :   5.79
      Wfc-us  5S rcutus= 2.199  Estimated cut-off energy=     9.49 Ry
      Wfc-us  5S rcutus= 2.199  Estimated cut-off energy=    18.43 Ry
      Wfc-us  5P rcutus= 2.492  Estimated cut-off energy=    11.99 Ry
      Wfc-us  5P rcutus= 2.492  Estimated cut-off energy=    11.69 Ry
      Wfc-us  4D rcutus= 2.370  Estimated cut-off energy=    22.02 Ry
      Wfc-us  4D rcutus= 2.370  Estimated cut-off energy=    25.38 Ry

      The bmat matrix
     1.18402     1.78227     0.00000     0.00000     0.00000     0.00000
     1.13582     1.84908     0.00000     0.00000     0.00000     0.00000
     0.00000     0.00000     0.33017     1.36969     0.00000     0.00000
     0.00000     0.00000     0.50129     2.93122     0.00000     0.00000
     0.00000     0.00000     0.00000     0.00000    -0.76973    -0.55291
     0.00000     0.00000     0.00000     0.00000     0.75640     0.52700

      The bmat + epsilon qq matrix
     1.32097     1.26488     0.00000     0.00000     0.00000     0.00000
     1.26522     1.36955     0.00000     0.00000     0.00000     0.00000
     0.00000     0.00000     0.34472     0.53695     0.00000     0.00000
     0.00000     0.00000     0.53718     0.63474     0.00000     0.00000
     0.00000     0.00000     0.00000     0.00000    -2.20615     0.35478
     0.00000     0.00000     0.00000     0.00000     0.35551     0.47598

      The qq matrix
    -0.17664    -0.16690     0.00000     0.00000     0.00000     0.00000
    -0.16690    -0.15469     0.00000     0.00000     0.00000     0.00000
     0.00000     0.00000    -0.05359    -0.13218     0.00000     0.00000
     0.00000     0.00000    -0.13218    -0.36452     0.00000     0.00000
     0.00000     0.00000     0.00000     0.00000     0.75635     0.21109
     0.00000     0.00000     0.00000     0.00000     0.21109    -0.01187

     Q pseudized with Bessel functions
     Expected ecutrho=     125.8635 due to l1=  2   l2=  2

      The ddd matrix
     0.53812     0.47456     0.00000     0.00000     0.00000     0.00000
     0.47456     0.57666     0.00000     0.00000     0.00000     0.00000
     0.00000     0.00000     0.19823     0.02451     0.00000     0.00000
     0.00000     0.00000     0.02451    -1.06690     0.00000     0.00000
     0.00000     0.00000     0.00000     0.00000     1.83199     1.66813
     0.00000     0.00000     0.00000     0.00000     1.66813     0.62500

     ------------------- End of pseudopotential generation -------------------

     --------------------------- All-electron run ----------------------------

     Sn                                                                         
     scalar relativistic calculation

     atomic number is 50.00
     dft =PBE   lsd =0 sic =0 latt =0  beta=0.20 tr2=1.0E-14
     Exchange-correlation= PBE
                           (   1   4   3   4   0   0   0)
     mesh =1243 r(mesh) = 100.78374 a.u. xmin = -7.00 dx = 0.01250
     1 Ry =  13.60569312 eV, c = 137.03599908

     n l     nl                  e(Ry)          e(Ha)          e(eV)
     1 0     1S 1( 2.00)     -2132.5094     -1066.2547    -29014.2686
     2 0     2S 1( 2.00)      -321.9321      -160.9660     -4380.1088
     2 1     2P 1( 6.00)      -288.9932      -144.4966     -3931.9523
     3 0     3S 1( 2.00)       -62.1247       -31.0624      -845.2497
     3 1     3P 1( 6.00)       -51.3616       -25.6808      -698.8107
     4 0     4S 1( 2.00)        -9.8437        -4.9218      -133.9301
     4 1     4P 1( 6.00)        -6.5928        -3.2964       -89.7001
     3 2     3D 1(10.00)       -34.7961       -17.3980      -473.4246
     4 2     4D 1(10.00)        -1.8991        -0.9496       -25.8391
     5 0     5S 1( 2.00)        -0.7753        -0.3877       -10.5488
     5 1     5P 1( 2.00)        -0.2715        -0.1358        -3.6941

     final scf error:  8.2E-15 reached in  31 iterations
 
     Etot =  -12354.410875 Ry,   -6177.205437 Ha, -168090.323077 eV

     Ekin =   12899.149735 Ry,    6449.574868 Ha,  175501.872843 eV
     Encl =  -29875.374000 Ry,  -14937.687000 Ha, -406475.170578 eV
     Eh   =    4951.344976 Ry,    2475.672488 Ha,   67366.480290 eV
     Exc  =    -329.531586 Ry,    -164.765793 Ha,   -4483.505633 eV


     normalization and overlap integrals

     s(1S/1S) =  1.000000  <r> =   0.0291  <r2> =    0.0011  r(max) =   0.0188
     s(1S/2S) = -0.013224
     s(1S/3S) = -0.005531
     s(1S/4S) = -0.002457
     s(1S/5S) = -0.000780
     s(2S/2S) =  1.000000  <r> =   0.1255  <r2> =    0.0186  r(max) =   0.1054
     s(2S/3S) = -0.003393
     s(2S/4S) = -0.001452
     s(2S/5S) = -0.000458
     s(2P/2P) =  1.000000  <r> =   0.1096  <r2> =    0.0147  r(max) =   0.0853
     s(2P/3P) = -0.002769
     s(2P/4P) = -0.001100
     s(2P/5P) = -0.000263
     s(3S/3S) =  1.000000  <r> =   0.3393  <r2> =    0.1317  r(max) =   0.3090
     s(3S/4S) = -0.000972
     s(3S/5S) = -0.000300
     s(3P/3P) =  1.000000  <r> =   0.3377  <r2> =    0.1323  r(max) =   0.3013
     s(3P/4P) = -0.000815
     s(3P/5P) = -0.000191
     s(4S/4S) =  1.000000  <r> =   0.8186  <r2> =    0.7582  r(max) =   0.7412
     s(4S/5S) = -0.000185
     s(4P/4P) =  1.000000  <r> =   0.8859  <r2> =    0.8969  r(max) =   0.7890
     s(4P/5P) = -0.000117
     s(3D/3D) =  1.000000  <r> =   0.3146  <r2> =    0.1175  r(max) =   0.2498
     s(3D/4D) = -0.000523
     s(4D/4D) =  1.000000  <r> =   1.0991  <r2> =    1.4383  r(max) =   0.8829
     s(5S/5S) =  1.000000  <r> =   2.3966  <r2> =    6.5684  r(max) =   2.0147
     s(5P/5P) =  1.000000  <r> =   3.2510  <r2> =   12.4120  r(max) =   2.5548

     ------------------------ End of All-electron run ------------------------


     ---------------------- Testing the pseudopotential ----------------------

     Sn                                                                         
     scalar relativistic calculation

     atomic number is 50.00   valence charge is 14.00
     dft =PBE   lsd =0 sic =0 latt =0  beta=0.20 tr2=1.0E-14
     mesh =1243 r(mesh) = 100.78374 xmin = -7.00 dx = 0.01250

     n l     nl             e AE (Ry)        e PS (Ry)    De AE-PS (Ry) 
     1 0     5S   1( 2.00)       -0.77532       -0.77533        0.00000
     2 1     5P   1( 2.00)       -0.27151       -0.27151        0.00000
     3 2     4D   1(10.00)       -1.89914       -1.89914       -0.00000

     eps = 2.1E-15  iter =  3
 
     Etot =  -12354.410875 Ry,   -6177.205437 Ha, -168090.323077 eV
     Etotps =  -148.684713 Ry,     -74.342357 Ha,   -2022.958578 eV

     Ekin =      12.793577 Ry,       6.396789 Ha,     174.065485 eV
     Encl =    -274.674014 Ry,    -137.337007 Ha,   -3737.130341 eV
     Ehrt =     122.690893 Ry,      61.345446 Ha,    1669.294637 eV
     Ecxc =     -29.287810 Ry,     -14.643905 Ha,    -398.480956 eV
     (Ecc =      -8.013837 Ry,      -4.006918 Ha,    -109.033806 eV)
     Epseu=      19.792641 Ry,       9.896320 Ha,     269.292597 eV

     ---------------------- End of pseudopotential test ----------------------

