[0] MPI startup(): I_MPI_SHM_LMT environment variable is not supported.
[0] MPI startup(): Similar variables:
	 I_MPI_SHM_HEAP
	 I_MPI_SHM
	 I_MPI_SHM_OPT
	 I_MPI_SHM_THP
[0] MPI startup(): To check the list of supported variables, use the impi_info utility or refer to https://software.intel.com/en-us/mpi-library/documentation/get-started.

     Program LD1 v.7.3.1 starts on 19Sep2024 at 21:47:18 

     This program is part of the open-source Quantum ESPRESSO suite
     for quantum simulation of materials; please cite
         "P. Giannozzi et al., J. Phys.:Condens. Matter 21 395502 (2009);
         "P. Giannozzi et al., J. Phys.:Condens. Matter 29 465901 (2017);
         "P. Giannozzi et al., J. Chem. Phys. 152 154105 (2020);
          URL http://www.quantum-espresso.org", 
     in publications or presentations arising from this work. More details at
     http://www.quantum-espresso.org/quote

     Parallel version (MPI), running on     1 processors

     MPI processes distributed on     1 nodes
     89868 MiB available memory on the printing compute node when the environment starts
 
     Waiting for input...
     Reading input from standard input
     --------------------------- All-electron run ----------------------------

     Ta                                                                         
     scalar relativistic calculation

     atomic number is 73.00
     dft =PBE   lsd =0 sic =0 latt =0  beta=0.20 tr2=1.0E-14
     Exchange-correlation= PBE
                           (   1   4   3   4   0   0   0)
     mesh =1273 r(mesh) = 100.43799 a.u. xmin = -7.00 dx = 0.01250
     1 Ry =  13.60569312 eV, c = 137.03599908

     n l     nl                  e(Ry)          e(Ha)          e(eV)
     1 0     1S 1( 2.00)     -4951.7605     -2475.8802    -67372.1337
     2 0     2S 1( 2.00)      -850.7551      -425.3776    -11575.1131
     2 1     2P 1( 6.00)      -745.4767      -372.7383    -10142.7271
     3 0     3S 1( 2.00)      -194.8940       -97.4470     -2651.6676
     3 1     3P 1( 6.00)      -163.5864       -81.7932     -2225.7059
     4 0     4S 1( 2.00)       -39.7359       -19.8680      -540.6347
     4 1     4P 1( 6.00)       -29.4680       -14.7340      -400.9329
     3 2     3D 1(10.00)      -127.0809       -63.5405     -1729.0238
     5 0     5S 1( 2.00)        -5.3656        -2.6828       -73.0021
     5 1     5P 1( 6.00)        -2.8957        -1.4479       -39.3986
     4 2     4D 1(10.00)       -16.3309        -8.1655      -222.1936
     4 3     4F 1(14.00)        -1.8157        -0.9079       -24.7045
     5 2     5D 1( 3.00)        -0.2639        -0.1320        -3.5906
     6 0     6S 1( 2.00)        -0.4000        -0.2000        -5.4422
     6 1     6P 1( 0.00)        -0.1023        -0.0511        -1.3912

     final scf error:  3.6E-15 reached in  29 iterations
 
     Etot =  -31209.127621 Ry,  -15604.563811 Ha, -424621.813051 eV

     Ekin =   34296.311234 Ry,   17148.155617 Ha,  466625.085897 eV
     Encl =  -77083.937462 Ry,  -38541.968731 Ha,-1048780.397823 eV
     Eh   =   12208.679052 Ry,    6104.339526 Ha,  166107.540617 eV
     Exc  =    -630.180445 Ry,    -315.090222 Ha,   -8574.041741 eV


     normalization and overlap integrals

     s(1S/1S) =  1.000000  <r> =   0.0187  <r2> =    0.0005  r(max) =   0.0116
     s(1S/2S) = -0.031036
     s(1S/3S) = -0.013579
     s(1S/4S) = -0.006612
     s(1S/5S) = -0.002729
     s(1S/6S) = -0.000819
     s(2S/2S) =  1.000000  <r> =   0.0789  <r2> =    0.0074  r(max) =   0.0670
     s(2S/3S) = -0.008652
     s(2S/4S) = -0.004021
     s(2S/5S) = -0.001644
     s(2S/6S) = -0.000493
     s(2P/2P) =  1.000000  <r> =   0.0706  <r2> =    0.0061  r(max) =   0.0549
     s(2P/3P) = -0.006854
     s(2P/4P) = -0.003009
     s(2P/5P) = -0.001098
     s(2P/6P) = -0.000242
     s(3S/3S) =  1.000000  <r> =   0.2048  <r2> =    0.0479  r(max) =   0.1891
     s(3S/4S) = -0.002900
     s(3S/5S) = -0.001148
     s(3S/6S) = -0.000343
     s(3P/3P) =  1.000000  <r> =   0.2049  <r2> =    0.0487  r(max) =   0.1868
     s(3P/4P) = -0.002448
     s(3P/5P) = -0.000866
     s(3P/6P) = -0.000190
     s(4S/4S) =  1.000000  <r> =   0.4587  <r2> =    0.2376  r(max) =   0.4262
     s(4S/5S) = -0.000793
     s(4S/6S) = -0.000233
     s(4P/4P) =  1.000000  <r> =   0.4877  <r2> =    0.2706  r(max) =   0.4480
     s(4P/5P) = -0.000605
     s(4P/6P) = -0.000132
     s(3D/3D) =  1.000000  <r> =   0.1856  <r2> =    0.0404  r(max) =   0.1529
     s(3D/4D) = -0.001770
     s(3D/5D) = -0.000377
     s(5S/5S) =  1.000000  <r> =   1.1000  <r2> =    1.3609  r(max) =   0.9847
     s(5S/6S) = -0.000124
     s(5P/5P) =  1.000000  <r> =   1.2940  <r2> =    1.9028  r(max) =   1.1298
     s(5P/6P) = -0.000065
     s(4D/4D) =  1.000000  <r> =   0.5231  <r2> =    0.3173  r(max) =   0.4593
     s(4D/5D) = -0.000286
     s(4F/4F) =  1.000000  <r> =   0.6395  <r2> =    0.5210  r(max) =   0.4424
     s(5D/5D) =  1.000000  <r> =   2.2575  <r2> =    6.3202  r(max) =   1.5833
     s(6S/6S) =  1.000000  <r> =   3.2994  <r2> =   12.4368  r(max) =   2.7789
     s(6P/6P) =  1.000000  <r> =   4.9596  <r2> =   28.8401  r(max) =   3.8944

     ------------------------ End of All-electron run ------------------------


     --------------------- Generating US pseudopotential ---------------------


      Generating local potential from pseudized AE potential:
      Matching radius rcloc =   2.3000

      Local pseudo, rcloc= 2.304 Estimated cut-off energy=     4.68 Ry

      Computing core charge for nlcc: 

       r > 1.10 : true rho core
      Core charge pseudized with two Bessel functions
      Integrated core pseudo-charge :  14.65
      Wfc-us  5S rcutus= 1.583  Estimated cut-off energy=    21.38 Ry
      Wfc-us  6S rcutus= 1.583  Estimated cut-off energy=    41.35 Ry
      Wfc-us  5P rcutus= 1.583  Estimated cut-off energy=    32.48 Ry
      Wfc-us  6P rcutus= 1.583  Estimated cut-off energy=    46.91 Ry
      Wfc-us  5D rcutus= 1.886  Estimated cut-off energy=    31.69 Ry
      Wfc-us  5D rcutus= 1.886  Estimated cut-off energy=    33.18 Ry

      The bmat matrix
    -2.42683     0.69945     0.00000     0.00000     0.00000     0.00000
    -0.71701     0.18804     0.00000     0.00000     0.00000     0.00000
     0.00000     0.00000    -2.02429    -0.27555     0.00000     0.00000
     0.00000     0.00000    -0.41959    -0.06223     0.00000     0.00000
     0.00000     0.00000     0.00000     0.00000    -0.48652    -0.38179
     0.00000     0.00000     0.00000     0.00000    -0.38415    -0.30114

      The bmat + epsilon qq matrix
     1.92014     0.81360     0.00000     0.00000     0.00000     0.00000
     0.81421     0.22939     0.00000     0.00000     0.00000     0.00000
     0.00000     0.00000    -1.38756    -0.27027     0.00000     0.00000
     0.00000     0.00000    -0.27010    -0.06097     0.00000     0.00000
     0.00000     0.00000     0.00000     0.00000    -0.48445    -0.38307
     0.00000     0.00000     0.00000     0.00000    -0.38302    -0.30169

      The qq matrix
    -0.81016    -0.28538     0.00000     0.00000     0.00000     0.00000
    -0.28538    -0.10338     0.00000     0.00000     0.00000     0.00000
     0.00000     0.00000    -0.21988    -0.05162     0.00000     0.00000
     0.00000     0.00000    -0.05162    -0.01229     0.00000     0.00000
     0.00000     0.00000     0.00000     0.00000    -0.00787    -0.00428
     0.00000     0.00000     0.00000     0.00000    -0.00428    -0.00183

     Q pseudized with Bessel functions
     Expected ecutrho=     386.9942 due to l1=  2   l2=  2

      The ddd matrix
    -4.23460    -1.39229     0.00000     0.00000     0.00000     0.00000
    -1.39229    -0.57899     0.00000     0.00000     0.00000     0.00000
     0.00000     0.00000    -2.90049    -0.63228     0.00000     0.00000
     0.00000     0.00000    -0.63228    -0.14855     0.00000     0.00000
     0.00000     0.00000     0.00000     0.00000    -0.48939    -0.37566
     0.00000     0.00000     0.00000     0.00000    -0.37566    -0.28639

     ------------------- End of pseudopotential generation -------------------

     --------------------------- All-electron run ----------------------------

     Ta                                                                         
     scalar relativistic calculation

     atomic number is 73.00
     dft =PBE   lsd =0 sic =0 latt =0  beta=0.20 tr2=1.0E-14
     Exchange-correlation= PBE
                           (   1   4   3   4   0   0   0)
     mesh =1273 r(mesh) = 100.43799 a.u. xmin = -7.00 dx = 0.01250
     1 Ry =  13.60569312 eV, c = 137.03599908

     n l     nl                  e(Ry)          e(Ha)          e(eV)
     1 0     1S 1( 2.00)     -4951.7605     -2475.8802    -67372.1337
     2 0     2S 1( 2.00)      -850.7551      -425.3776    -11575.1131
     2 1     2P 1( 6.00)      -745.4767      -372.7383    -10142.7271
     3 0     3S 1( 2.00)      -194.8940       -97.4470     -2651.6676
     3 1     3P 1( 6.00)      -163.5864       -81.7932     -2225.7059
     4 0     4S 1( 2.00)       -39.7359       -19.8680      -540.6347
     4 1     4P 1( 6.00)       -29.4680       -14.7340      -400.9329
     3 2     3D 1(10.00)      -127.0809       -63.5405     -1729.0238
     5 0     5S 1( 2.00)        -5.3656        -2.6828       -73.0021
     5 1     5P 1( 6.00)        -2.8957        -1.4479       -39.3986
     4 2     4D 1(10.00)       -16.3309        -8.1655      -222.1936
     4 3     4F 1(14.00)        -1.8157        -0.9079       -24.7045
     5 2     5D 1( 3.00)        -0.2639        -0.1320        -3.5906
     6 0     6S 1( 2.00)        -0.4000        -0.2000        -5.4422
     6 1     6P 1( 0.00)        -0.1023        -0.0511        -1.3912

     final scf error:  3.6E-15 reached in  29 iterations
 
     Etot =  -31209.127621 Ry,  -15604.563811 Ha, -424621.813051 eV

     Ekin =   34296.311234 Ry,   17148.155617 Ha,  466625.085897 eV
     Encl =  -77083.937462 Ry,  -38541.968731 Ha,-1048780.397823 eV
     Eh   =   12208.679052 Ry,    6104.339526 Ha,  166107.540617 eV
     Exc  =    -630.180445 Ry,    -315.090222 Ha,   -8574.041741 eV


     normalization and overlap integrals

     s(1S/1S) =  1.000000  <r> =   0.0187  <r2> =    0.0005  r(max) =   0.0116
     s(1S/2S) = -0.031036
     s(1S/3S) = -0.013579
     s(1S/4S) = -0.006612
     s(1S/5S) = -0.002729
     s(1S/6S) = -0.000819
     s(2S/2S) =  1.000000  <r> =   0.0789  <r2> =    0.0074  r(max) =   0.0670
     s(2S/3S) = -0.008652
     s(2S/4S) = -0.004021
     s(2S/5S) = -0.001644
     s(2S/6S) = -0.000493
     s(2P/2P) =  1.000000  <r> =   0.0706  <r2> =    0.0061  r(max) =   0.0549
     s(2P/3P) = -0.006854
     s(2P/4P) = -0.003009
     s(2P/5P) = -0.001098
     s(2P/6P) = -0.000242
     s(3S/3S) =  1.000000  <r> =   0.2048  <r2> =    0.0479  r(max) =   0.1891
     s(3S/4S) = -0.002900
     s(3S/5S) = -0.001148
     s(3S/6S) = -0.000343
     s(3P/3P) =  1.000000  <r> =   0.2049  <r2> =    0.0487  r(max) =   0.1868
     s(3P/4P) = -0.002448
     s(3P/5P) = -0.000866
     s(3P/6P) = -0.000190
     s(4S/4S) =  1.000000  <r> =   0.4587  <r2> =    0.2376  r(max) =   0.4262
     s(4S/5S) = -0.000793
     s(4S/6S) = -0.000233
     s(4P/4P) =  1.000000  <r> =   0.4877  <r2> =    0.2706  r(max) =   0.4480
     s(4P/5P) = -0.000605
     s(4P/6P) = -0.000132
     s(3D/3D) =  1.000000  <r> =   0.1856  <r2> =    0.0404  r(max) =   0.1529
     s(3D/4D) = -0.001770
     s(3D/5D) = -0.000377
     s(5S/5S) =  1.000000  <r> =   1.1000  <r2> =    1.3609  r(max) =   0.9847
     s(5S/6S) = -0.000124
     s(5P/5P) =  1.000000  <r> =   1.2940  <r2> =    1.9028  r(max) =   1.1298
     s(5P/6P) = -0.000065
     s(4D/4D) =  1.000000  <r> =   0.5231  <r2> =    0.3173  r(max) =   0.4593
     s(4D/5D) = -0.000286
     s(4F/4F) =  1.000000  <r> =   0.6395  <r2> =    0.5210  r(max) =   0.4424
     s(5D/5D) =  1.000000  <r> =   2.2575  <r2> =    6.3202  r(max) =   1.5833
     s(6S/6S) =  1.000000  <r> =   3.2994  <r2> =   12.4368  r(max) =   2.7789
     s(6P/6P) =  1.000000  <r> =   4.9596  <r2> =   28.8401  r(max) =   3.8944

     ------------------------ End of All-electron run ------------------------


     ---------------------- Testing the pseudopotential ----------------------

     Ta                                                                         
     scalar relativistic calculation

     atomic number is 73.00   valence charge is 13.00
     dft =PBE   lsd =0 sic =0 latt =0  beta=0.20 tr2=1.0E-14
     mesh =1273 r(mesh) = 100.43799 xmin = -7.00 dx = 0.01250

     n l     nl             e AE (Ry)        e PS (Ry)    De AE-PS (Ry) 
     1 0     5S   1( 2.00)       -5.36556       -5.36549       -0.00006
     2 0     6S   1( 2.00)       -0.40000       -0.39999       -0.00001
     2 1     5P   1( 6.00)       -2.89574       -2.89569       -0.00005
     3 1     6P   1( 0.00)       -0.10225       -0.10225       -0.00000
     3 2     5D   1( 3.00)       -0.26390       -0.26388       -0.00002

     eps = 1.1E-16  iter =  6
 
     Etot =  -31209.127621 Ry,  -15604.563811 Ha, -424621.813051 eV
     Etotps =  -152.493625 Ry,     -76.246813 Ha,   -2074.781465 eV

     Ekin =      48.143624 Ry,      24.071812 Ha,     655.027379 eV
     Encl =    -208.681588 Ry,    -104.340794 Ha,   -2839.257640 eV
     Ehrt =      89.912579 Ry,      44.956290 Ha,    1223.322963 eV
     Ecxc =     -53.368371 Ry,     -26.684185 Ha,    -726.113676 eV
     (Ecc =     -35.507370 Ry,     -17.753685 Ha,    -483.102380 eV)
     Epseu=     -28.499870 Ry,     -14.249935 Ha,    -387.760491 eV

     ---------------------- End of pseudopotential test ----------------------

