[0] MPI startup(): I_MPI_SHM_LMT environment variable is not supported.
[0] MPI startup(): Similar variables:
	 I_MPI_SHM_HEAP
	 I_MPI_SHM
	 I_MPI_SHM_OPT
	 I_MPI_SHM_THP
[0] MPI startup(): To check the list of supported variables, use the impi_info utility or refer to https://software.intel.com/en-us/mpi-library/documentation/get-started.

     Program LD1 v.7.3.1 starts on 19Sep2024 at 21:47:19 

     This program is part of the open-source Quantum ESPRESSO suite
     for quantum simulation of materials; please cite
         "P. Giannozzi et al., J. Phys.:Condens. Matter 21 395502 (2009);
         "P. Giannozzi et al., J. Phys.:Condens. Matter 29 465901 (2017);
         "P. Giannozzi et al., J. Chem. Phys. 152 154105 (2020);
          URL http://www.quantum-espresso.org", 
     in publications or presentations arising from this work. More details at
     http://www.quantum-espresso.org/quote

     Parallel version (MPI), running on     1 processors

     MPI processes distributed on     1 nodes
     89866 MiB available memory on the printing compute node when the environment starts
 
     Waiting for input...
     Reading input from standard input
     --------------------------- All-electron run ----------------------------

     Tc                                                                         
     scalar relativistic calculation

     atomic number is 43.00
     dft =PBE   lsd =0 sic =0 latt =0  beta=0.20 tr2=1.0E-14
     Exchange-correlation= PBE
                           (   1   4   3   4   0   0   0)
     mesh =1231 r(mesh) = 100.86670 a.u. xmin = -7.00 dx = 0.01250
     1 Ry =  13.60569312 eV, c = 137.03599908

     n l     nl                  e(Ry)          e(Ha)          e(eV)
     1 0     1S 1( 2.00)     -1533.8247      -766.9124    -20868.7484
     2 0     2S 1( 2.00)      -218.8342      -109.4171     -2977.3903
     2 1     2P 1( 6.00)      -195.8504       -97.9252     -2664.6804
     3 0     3S 1( 2.00)       -38.1192       -19.0596      -518.6378
     3 1     3P 1( 6.00)       -30.5742       -15.2871      -415.9830
     4 0     4S 1( 2.00)        -5.3933        -2.6966       -73.3789
     4 1     4P 1( 6.00)        -3.3326        -1.6663       -45.3425
     3 2     3D 1(10.00)       -18.3662        -9.1831      -249.8853
     4 2     4D 1( 5.00)        -0.4896        -0.2448        -6.6620
     5 0     5S 1( 2.00)        -0.3706        -0.1853        -5.0429
     5 1     5P 1( 0.00)        -0.1029        -0.0514        -1.3994

     final scf error:  3.4E-15 reached in  30 iterations
 
     Etot =   -8571.189731 Ry,   -4285.594865 Ha, -116616.977176 eV

     Ekin =    8850.475970 Ry,    4425.237985 Ha,  120416.860039 eV
     Encl =  -20656.530526 Ry,  -10328.265263 Ha, -281046.415320 eV
     Eh   =    3491.280887 Ry,    1745.640443 Ha,   47501.296354 eV
     Exc  =    -256.416062 Ry,    -128.208031 Ha,   -3488.718250 eV


     normalization and overlap integrals

     s(1S/1S) =  1.000000  <r> =   0.0343  <r2> =    0.0016  r(max) =   0.0224
     s(1S/2S) = -0.009501
     s(1S/3S) = -0.003855
     s(1S/4S) = -0.001596
     s(1S/5S) = -0.000471
     s(2S/2S) =  1.000000  <r> =   0.1496  <r2> =    0.0264  r(max) =   0.1257
     s(2S/3S) = -0.002332
     s(2S/4S) = -0.000934
     s(2S/5S) = -0.000274
     s(2P/2P) =  1.000000  <r> =   0.1304  <r2> =    0.0208  r(max) =   0.1004
     s(2P/3P) = -0.001905
     s(2P/4P) = -0.000697
     s(2P/5P) = -0.000146
     s(3S/3S) =  1.000000  <r> =   0.4154  <r2> =    0.1976  r(max) =   0.3730
     s(3S/4S) = -0.000602
     s(3S/5S) = -0.000174
     s(3P/3P) =  1.000000  <r> =   0.4163  <r2> =    0.2016  r(max) =   0.3638
     s(3P/4P) = -0.000492
     s(3P/5P) = -0.000102
     s(4S/4S) =  1.000000  <r> =   1.0575  <r2> =    1.2673  r(max) =   0.9525
     s(4S/5S) = -0.000099
     s(4P/4P) =  1.000000  <r> =   1.1723  <r2> =    1.5755  r(max) =   1.0266
     s(4P/5P) = -0.000056
     s(3D/3D) =  1.000000  <r> =   0.3990  <r2> =    0.1910  r(max) =   0.3131
     s(3D/4D) = -0.000272
     s(4D/4D) =  1.000000  <r> =   1.7230  <r2> =    3.6611  r(max) =   1.2697
     s(5S/5S) =  1.000000  <r> =   3.3005  <r2> =   12.5253  r(max) =   2.7218
     s(5P/5P) =  1.000000  <r> =   4.7768  <r2> =   26.9781  r(max) =   3.6741

     ------------------------ End of All-electron run ------------------------


     --------------------- Generating PAW atomic setup --------------------


      Generating local potential from pseudized AE potential:
      Matching radius rcloc =   1.2000

      Local pseudo, rcloc= 1.208 Estimated cut-off energy=    17.05 Ry

      Computing core charge for nlcc: 

       r > 0.91 : true rho core
      Core charge pseudized with two Bessel functions
      Integrated core pseudo-charge :   6.84
      Wfc-us  4S rcutus= 1.714  Estimated cut-off energy=    18.74 Ry
      Wfc-us  5S rcutus= 1.093  Estimated cut-off energy=    50.43 Ry
      Wfc-us  4P rcutus= 1.714  Estimated cut-off energy=    28.60 Ry
      Wfc-us  5P rcutus= 1.208  Estimated cut-off energy=    62.00 Ry
      Wfc-us  4D rcutus= 1.991  Estimated cut-off energy=    29.19 Ry
      Wfc-us  4D rcutus= 1.991  Estimated cut-off energy=    34.41 Ry

      The bmat matrix
    12.17824     3.54818     0.00000     0.00000     0.00000     0.00000
     2.94384     0.87947     0.00000     0.00000     0.00000     0.00000
     0.00000     0.00000     2.65538     0.74081     0.00000     0.00000
     0.00000     0.00000     0.67958     0.18318     0.00000     0.00000
     0.00000     0.00000     0.00000     0.00000     0.10382     0.03646
     0.00000     0.00000     0.00000     0.00000     0.11667     0.05829

      The bmat + epsilon qq matrix
    15.19569     3.59281     0.00000     0.00000     0.00000     0.00000
     3.59326     0.88893     0.00000     0.00000     0.00000     0.00000
     0.00000     0.00000     2.75951     0.74277     0.00000     0.00000
     0.00000     0.00000     0.74293     0.18390     0.00000     0.00000
     0.00000     0.00000     0.00000     0.00000     0.03313     0.06690
     0.00000     0.00000     0.00000     0.00000     0.06698     0.07963

      The qq matrix
    -0.55949    -0.12041     0.00000     0.00000     0.00000     0.00000
    -0.12041    -0.02551     0.00000     0.00000     0.00000     0.00000
     0.00000     0.00000    -0.03125    -0.01901     0.00000     0.00000
     0.00000     0.00000    -0.01901    -0.00702     0.00000     0.00000
     0.00000     0.00000     0.00000     0.00000     0.14438     0.10147
     0.00000     0.00000     0.00000     0.00000     0.10147     0.07113


    multipoles (all-electron charge) - (pseudo charge)
        ns l1:ns1 l2    l=0     l=1     l=2     l=3     l=4     l=5  
         1  0:  1  0 -0.5595
         2  0:  1  0 -0.1204
         2  0:  2  0 -0.0255
         3  1:  1  0  0.0000  0.1417
         3  1:  2  0  0.0000  0.0242
         3  1:  3  1 -0.0312  0.0000 -0.0188
         4  1:  1  0  0.0000  0.0420
         4  1:  2  0  0.0000  0.0083
         4  1:  3  1 -0.0190  0.0000 -0.0100
         4  1:  4  1 -0.0070  0.0000 -0.0034
         5  2:  1  0  0.0000  0.0000  0.0617
         5  2:  2  0  0.0000  0.0000  0.0106
         5  2:  3  1  0.0000 -0.0904  0.0000 -0.0971
         5  2:  4  1  0.0000 -0.0112  0.0000 -0.0113
         5  2:  5  2  0.1444  0.0000  0.1270  0.0000  0.1575
         6  2:  1  0  0.0000  0.0000  0.0461
         6  2:  2  0  0.0000  0.0000  0.0073
         6  2:  3  1  0.0000 -0.0656  0.0000 -0.0714
         6  2:  4  1  0.0000 -0.0080  0.0000 -0.0080
         6  2:  5  2  0.1015  0.0000  0.0888  0.0000  0.1102
         6  2:  6  2  0.0711  0.0000  0.0616  0.0000  0.0759
     Required augmentation: PSQ   radius:    2.000000

     Q pseudized with Bessel functions
     Expected ecutrho=     832.2894 due to l1=  1   l2=  2

     Estimated PAW energy = -395.479462 Ryd

     The PAW screened D coefficients
    15.19569     3.59326     0.00000     0.00000     0.00000     0.00000
     3.59326     0.88893     0.00000     0.00000     0.00000     0.00000
     0.00000     0.00000     2.75951     0.74293     0.00000     0.00000
     0.00000     0.00000     0.74293     0.18390     0.00000     0.00000
     0.00000     0.00000     0.00000     0.00000     0.03313     0.06698
     0.00000     0.00000     0.00000     0.00000     0.06698     0.07963

     The PAW descreened D coefficients (US)
     2.28282     0.68558     0.00000     0.00000     0.00000     0.00000
     0.68558     0.26192     0.00000     0.00000     0.00000     0.00000
     0.00000     0.00000     2.74966     0.48106     0.00000     0.00000
     0.00000     0.00000     0.48106     0.06258     0.00000     0.00000
     0.00000     0.00000     0.00000     0.00000     1.70153     1.25405
     0.00000     0.00000     0.00000     0.00000     1.25405     0.92310

     ------------------- End of pseudopotential generation -------------------

     --------------------------- All-electron run ----------------------------

     Tc                                                                         
     scalar relativistic calculation

     atomic number is 43.00
     dft = SLA  PW   PBX  PBC   lsd =0 sic =0 latt =0  beta=0.20 tr2=1.0E-14
     Exchange-correlation=  SLA  PW   PBX  PBC
                           (   1   4   3   4   0   0   0)
     mesh =1231 r(mesh) = 100.86670 a.u. xmin = -7.00 dx = 0.01250
     1 Ry =  13.60569312 eV, c = 137.03599908

     n l     nl                  e(Ry)          e(Ha)          e(eV)
     1 0     1S 1( 2.00)     -1533.8247      -766.9124    -20868.7484
     2 0     2S 1( 2.00)      -218.8342      -109.4171     -2977.3903
     2 1     2P 1( 6.00)      -195.8504       -97.9252     -2664.6804
     3 0     3S 1( 2.00)       -38.1192       -19.0596      -518.6378
     3 1     3P 1( 6.00)       -30.5742       -15.2871      -415.9830
     4 0     4S 1( 2.00)        -5.3933        -2.6966       -73.3789
     4 1     4P 1( 6.00)        -3.3326        -1.6663       -45.3425
     3 2     3D 1(10.00)       -18.3662        -9.1831      -249.8853
     4 2     4D 1( 5.00)        -0.4896        -0.2448        -6.6620
     5 0     5S 1( 2.00)        -0.3706        -0.1853        -5.0429
     5 1     5P 1( 0.00)        -0.1029        -0.0514        -1.3994

     final scf error:  3.4E-15 reached in  30 iterations
 
     Etot =   -8571.189731 Ry,   -4285.594865 Ha, -116616.977176 eV

     Ekin =    8850.475970 Ry,    4425.237985 Ha,  120416.860039 eV
     Encl =  -20656.530526 Ry,  -10328.265263 Ha, -281046.415320 eV
     Eh   =    3491.280887 Ry,    1745.640443 Ha,   47501.296354 eV
     Exc  =    -256.416062 Ry,    -128.208031 Ha,   -3488.718250 eV


     normalization and overlap integrals

     s(1S/1S) =  1.000000  <r> =   0.0343  <r2> =    0.0016  r(max) =   0.0224
     s(1S/2S) = -0.009501
     s(1S/3S) = -0.003855
     s(1S/4S) = -0.001596
     s(1S/5S) = -0.000471
     s(2S/2S) =  1.000000  <r> =   0.1496  <r2> =    0.0264  r(max) =   0.1257
     s(2S/3S) = -0.002332
     s(2S/4S) = -0.000934
     s(2S/5S) = -0.000274
     s(2P/2P) =  1.000000  <r> =   0.1304  <r2> =    0.0208  r(max) =   0.1004
     s(2P/3P) = -0.001905
     s(2P/4P) = -0.000697
     s(2P/5P) = -0.000146
     s(3S/3S) =  1.000000  <r> =   0.4154  <r2> =    0.1976  r(max) =   0.3730
     s(3S/4S) = -0.000602
     s(3S/5S) = -0.000174
     s(3P/3P) =  1.000000  <r> =   0.4163  <r2> =    0.2016  r(max) =   0.3638
     s(3P/4P) = -0.000492
     s(3P/5P) = -0.000102
     s(4S/4S) =  1.000000  <r> =   1.0575  <r2> =    1.2673  r(max) =   0.9525
     s(4S/5S) = -0.000099
     s(4P/4P) =  1.000000  <r> =   1.1723  <r2> =    1.5755  r(max) =   1.0266
     s(4P/5P) = -0.000056
     s(3D/3D) =  1.000000  <r> =   0.3990  <r2> =    0.1910  r(max) =   0.3131
     s(3D/4D) = -0.000272
     s(4D/4D) =  1.000000  <r> =   1.7230  <r2> =    3.6611  r(max) =   1.2697
     s(5S/5S) =  1.000000  <r> =   3.3005  <r2> =   12.5253  r(max) =   2.7218
     s(5P/5P) =  1.000000  <r> =   4.7768  <r2> =   26.9781  r(max) =   3.6741

     ------------------------ End of All-electron run ------------------------


     ---------------------- Testing the pseudopotential ----------------------

     Tc                                                                         
     scalar relativistic calculation

     atomic number is 43.00   valence charge is 15.00
     dft = SLA  PW   PBX  PBC   lsd =0 sic =0 latt =0  beta=0.20 tr2=1.0E-14
     mesh =1231 r(mesh) = 100.86670 xmin = -7.00 dx = 0.01250

     n l     nl             e AE (Ry)        e PS (Ry)    De AE-PS (Ry) 
     1 0     4S   1( 2.00)       -5.39325       -5.39320       -0.00005
     2 0     5S   1( 2.00)       -0.37064       -0.37064       -0.00001
     2 1     4P   1( 6.00)       -3.33261       -3.33257       -0.00005
     3 1     5P   1( 0.00)       -0.10285       -0.10285       -0.00000
     3 2     4D   1( 5.00)       -0.48964       -0.48962       -0.00002

     eps = 1.1E-15  iter =  6
 
     Etot =   -8571.189731 Ry,   -4285.594865 Ha, -116616.977176 eV
     Etotps =  -395.479460 Ry,    -197.739730 Ha,   -5380.772166 eV

     Ekin =     224.475996 Ry,     112.237998 Ha,    3054.151516 eV
     Encl =    -496.317332 Ry,    -248.158666 Ha,   -6752.741305 eV
     Ehrt =     132.778165 Ry,      66.389082 Ha,    1806.538966 eV
     Ecxc =    -256.416289 Ry,    -128.208145 Ha,   -3488.721343 eV
     (Ecc =     -17.917588 Ry,      -8.958794 Ha,    -243.781207 eV)

     ---------------------- End of pseudopotential test ----------------------

