[0] MPI startup(): I_MPI_SHM_LMT environment variable is not supported.
[0] MPI startup(): Similar variables:
	 I_MPI_SHM_HEAP
	 I_MPI_SHM
	 I_MPI_SHM_OPT
	 I_MPI_SHM_THP
[0] MPI startup(): To check the list of supported variables, use the impi_info utility or refer to https://software.intel.com/en-us/mpi-library/documentation/get-started.

     Program LD1 v.7.3.1 starts on 19Sep2024 at 21:47:20 

     This program is part of the open-source Quantum ESPRESSO suite
     for quantum simulation of materials; please cite
         "P. Giannozzi et al., J. Phys.:Condens. Matter 21 395502 (2009);
         "P. Giannozzi et al., J. Phys.:Condens. Matter 29 465901 (2017);
         "P. Giannozzi et al., J. Chem. Phys. 152 154105 (2020);
          URL http://www.quantum-espresso.org", 
     in publications or presentations arising from this work. More details at
     http://www.quantum-espresso.org/quote

     Parallel version (MPI), running on     1 processors

     MPI processes distributed on     1 nodes
     89869 MiB available memory on the printing compute node when the environment starts
 
     Waiting for input...
     Reading input from standard input
     --------------------------- All-electron run ----------------------------

     Te                                                                         
     scalar relativistic calculation

     atomic number is 52.00
     dft =PBE   lsd =0 sic =0 latt =0  beta=0.20 tr2=1.0E-14
     Exchange-correlation= PBE
                           (   1   4   3   4   0   0   0)
     mesh =1245 r(mesh) =  99.36066 a.u. xmin = -7.00 dx = 0.01250
     1 Ry =  13.60569312 eV, c = 137.03599908

     n l     nl                  e(Ry)          e(Ha)          e(eV)
     1 0     1S 1( 2.00)     -2324.7109     -1162.3555    -31629.3034
     2 0     2S 1( 2.00)      -356.4935      -178.2468     -4850.3414
     2 1     2P 1( 6.00)      -320.0125      -160.0062     -4353.9918
     3 0     3S 1( 2.00)       -70.9437       -35.4718      -965.2379
     3 1     3P 1( 6.00)       -59.0864       -29.5432      -803.9118
     4 0     4S 1( 2.00)       -12.0823        -6.0411      -164.3877
     4 1     4P 1( 6.00)        -8.4089        -4.2045      -114.4091
     3 2     3D 1(10.00)       -41.1631       -20.5816      -560.0531
     4 2     4D 1(10.00)        -3.0615        -1.5307       -41.6533
     5 0     5S 1( 2.00)        -1.1104        -0.5552       -15.1083
     5 1     5P 1( 4.00)        -0.4375        -0.2188        -5.9531

     final scf error:  2.9E-15 reached in  25 iterations
 
     Etot =  -13588.969734 Ry,   -6794.484867 Ha, -184887.352059 eV

     Ekin =   14238.138353 Ry,    7119.069177 Ha,  193719.741077 eV
     Encl =  -32872.472217 Ry,  -16436.236108 Ha, -447252.769178 eV
     Eh   =    5396.402958 Ry,    2698.201479 Ha,   73421.802621 eV
     Exc  =    -351.038829 Ry,    -175.519414 Ha,   -4776.126579 eV


     normalization and overlap integrals

     s(1S/1S) =  1.000000  <r> =   0.0278  <r2> =    0.0010  r(max) =   0.0178
     s(1S/2S) = -0.014419
     s(1S/3S) = -0.006072
     s(1S/4S) = -0.002751
     s(1S/5S) = -0.000962
     s(2S/2S) =  1.000000  <r> =   0.1198  <r2> =    0.0169  r(max) =   0.1014
     s(2S/3S) = -0.003738
     s(2S/4S) = -0.001629
     s(2S/5S) = -0.000566
     s(2P/2P) =  1.000000  <r> =   0.1048  <r2> =    0.0134  r(max) =   0.0810
     s(2P/3P) = -0.003047
     s(2P/4P) = -0.001242
     s(2P/5P) = -0.000350
     s(3S/3S) =  1.000000  <r> =   0.3221  <r2> =    0.1186  r(max) =   0.2934
     s(3S/4S) = -0.001101
     s(3S/5S) = -0.000373
     s(3P/3P) =  1.000000  <r> =   0.3202  <r2> =    0.1189  r(max) =   0.2861
     s(3P/4P) = -0.000929
     s(3P/5P) = -0.000256
     s(4S/4S) =  1.000000  <r> =   0.7646  <r2> =    0.6608  r(max) =   0.7038
     s(4S/5S) = -0.000235
     s(4P/4P) =  1.000000  <r> =   0.8211  <r2> =    0.7688  r(max) =   0.7399
     s(4P/5P) = -0.000161
     s(3D/3D) =  1.000000  <r> =   0.2968  <r2> =    0.1043  r(max) =   0.2372
     s(3D/4D) = -0.000622
     s(4D/4D) =  1.000000  <r> =   0.9718  <r2> =    1.1108  r(max) =   0.8076
     s(5S/5S) =  1.000000  <r> =   2.0856  <r2> =    4.9430  r(max) =   1.7972
     s(5P/5P) =  1.000000  <r> =   2.6718  <r2> =    8.2888  r(max) =   2.1679

     ------------------------ End of All-electron run ------------------------


     --------------------- Generating PAW atomic setup --------------------


      Generating local potential from pseudized AE potential:
      Matching radius rcloc =   2.1000

      Local pseudo, rcloc= 2.114 Estimated cut-off energy=     5.56 Ry

      Computing core charge for nlcc: 

       r > 0.90 : true rho core
       r < 0.90 : rho core = a sin(br)/r    a=  19.42  b=   2.78

      Integrated core pseudo-charge :   9.26
      Wfc-us  5S rcutus= 2.011  Estimated cut-off energy=    11.51 Ry
      Wfc-us  5S rcutus= 2.011  Estimated cut-off energy=    26.54 Ry
      Wfc-us  5P rcutus= 2.396  Estimated cut-off energy=    13.31 Ry
      Wfc-us  5P rcutus= 2.396  Estimated cut-off energy=    12.87 Ry
      Wfc-us  4D rcutus= 1.688  Estimated cut-off energy=    42.74 Ry
      Wfc-us  4D rcutus= 1.688  Estimated cut-off energy=    34.84 Ry

      The bmat matrix
     1.87731     1.58756     0.00000     0.00000     0.00000     0.00000
     1.00760     1.01259     0.00000     0.00000     0.00000     0.00000
     0.00000     0.00000     0.65915     1.77824     0.00000     0.00000
     0.00000     0.00000     0.75153     2.75401     0.00000     0.00000
     0.00000     0.00000     0.00000     0.00000    -2.77437    -1.25555
     0.00000     0.00000     0.00000     0.00000     0.07927     0.11912

      The bmat + epsilon qq matrix
     2.12230     1.09386     0.00000     0.00000     0.00000     0.00000
     1.09462     1.06096     0.00000     0.00000     0.00000     0.00000
     0.00000     0.00000     0.70393     0.81789     0.00000     0.00000
     0.00000     0.00000     0.81823     1.00804     0.00000     0.00000
     0.00000     0.00000     0.00000     0.00000    -4.30437    -0.85797
     0.00000     0.00000     0.00000     0.00000    -0.85702     0.30430

      The qq matrix
    -0.22062    -0.07837     0.00000     0.00000     0.00000     0.00000
    -0.07837     0.00768     0.00000     0.00000     0.00000     0.00000
     0.00000     0.00000    -0.10234    -0.15244     0.00000     0.00000
     0.00000     0.00000    -0.15244    -0.27714     0.00000     0.00000
     0.00000     0.00000     0.00000     0.00000     0.49976     0.30583
     0.00000     0.00000     0.00000     0.00000     0.30583     0.14245


    multipoles (all-electron charge) - (pseudo charge)
        ns l1:ns1 l2    l=0     l=1     l=2     l=3     l=4     l=5  
         1  0:  1  0 -0.2206
         2  0:  1  0 -0.0784
         2  0:  2  0  0.0077
         3  1:  1  0  0.0000  0.1861
         3  1:  2  0  0.0000  0.0808
         3  1:  3  1 -0.1023  0.0000 -0.2074
         4  1:  1  0  0.0000  0.2616
         4  1:  2  0  0.0000  0.1313
         4  1:  3  1 -0.1524  0.0000 -0.2133
         4  1:  4  1 -0.2771  0.0000 -0.3127
         5  2:  1  0  0.0000  0.0000  0.2399
         5  2:  2  0  0.0000  0.0000  0.0414
         5  2:  3  1  0.0000 -0.2457  0.0000 -0.2591
         5  2:  4  1  0.0000 -0.2871  0.0000 -0.2577
         5  2:  5  2  0.4998  0.0000  0.3015  0.0000  0.2464
         6  2:  1  0  0.0000  0.0000 -0.0172
         6  2:  2  0  0.0000  0.0000 -0.0024
         6  2:  3  1  0.0000  0.0062  0.0000  0.1044
         6  2:  4  1  0.0000 -0.0056  0.0000  0.0520
         6  2:  5  2  0.3058  0.0000  0.1822  0.0000  0.1480
         6  2:  6  2  0.1425  0.0000  0.0629  0.0000  0.0296
     Required augmentation: PSQ   radius:    1.400000

     Q pseudized with Bessel functions
     Expected ecutrho=     210.8971 due to l1=  2   l2=  2

     Estimated PAW energy = -511.981230 Ryd

     The PAW screened D coefficients
     2.12230     1.09462     0.00000     0.00000     0.00000     0.00000
     1.09462     1.06096     0.00000     0.00000     0.00000     0.00000
     0.00000     0.00000     0.70393     0.81823     0.00000     0.00000
     0.00000     0.00000     0.81823     1.00804     0.00000     0.00000
     0.00000     0.00000     0.00000     0.00000    -4.30437    -0.85702
     0.00000     0.00000     0.00000     0.00000    -0.85702     0.30430

     The PAW descreened D coefficients (US)
     1.08406     1.37751     0.00000     0.00000     0.00000     0.00000
     1.37751     0.98242     0.00000     0.00000     0.00000     0.00000
     0.00000     0.00000     0.44759     0.25054     0.00000     0.00000
     0.00000     0.00000     0.25054    -0.30479     0.00000     0.00000
     0.00000     0.00000     0.00000     0.00000     0.32259     2.08617
     0.00000     0.00000     0.00000     0.00000     2.08617     1.97059

     ------------------- End of pseudopotential generation -------------------

     --------------------------- All-electron run ----------------------------

     Te                                                                         
     scalar relativistic calculation

     atomic number is 52.00
     dft = SLA  PW   PBX  PBC   lsd =0 sic =0 latt =0  beta=0.20 tr2=1.0E-14
     Exchange-correlation=  SLA  PW   PBX  PBC
                           (   1   4   3   4   0   0   0)
     mesh =1245 r(mesh) =  99.36066 a.u. xmin = -7.00 dx = 0.01250
     1 Ry =  13.60569312 eV, c = 137.03599908

     n l     nl                  e(Ry)          e(Ha)          e(eV)
     1 0     1S 1( 2.00)     -2324.7109     -1162.3555    -31629.3034
     2 0     2S 1( 2.00)      -356.4935      -178.2468     -4850.3414
     2 1     2P 1( 6.00)      -320.0125      -160.0062     -4353.9918
     3 0     3S 1( 2.00)       -70.9437       -35.4718      -965.2379
     3 1     3P 1( 6.00)       -59.0864       -29.5432      -803.9118
     4 0     4S 1( 2.00)       -12.0823        -6.0411      -164.3877
     4 1     4P 1( 6.00)        -8.4089        -4.2045      -114.4091
     3 2     3D 1(10.00)       -41.1631       -20.5816      -560.0531
     4 2     4D 1(10.00)        -3.0615        -1.5307       -41.6533
     5 0     5S 1( 2.00)        -1.1104        -0.5552       -15.1083
     5 1     5P 1( 4.00)        -0.4375        -0.2188        -5.9531

     final scf error:  2.9E-15 reached in  25 iterations
 
     Etot =  -13588.969734 Ry,   -6794.484867 Ha, -184887.352059 eV

     Ekin =   14238.138353 Ry,    7119.069177 Ha,  193719.741077 eV
     Encl =  -32872.472217 Ry,  -16436.236108 Ha, -447252.769178 eV
     Eh   =    5396.402958 Ry,    2698.201479 Ha,   73421.802621 eV
     Exc  =    -351.038829 Ry,    -175.519414 Ha,   -4776.126579 eV


     normalization and overlap integrals

     s(1S/1S) =  1.000000  <r> =   0.0278  <r2> =    0.0010  r(max) =   0.0178
     s(1S/2S) = -0.014419
     s(1S/3S) = -0.006072
     s(1S/4S) = -0.002751
     s(1S/5S) = -0.000962
     s(2S/2S) =  1.000000  <r> =   0.1198  <r2> =    0.0169  r(max) =   0.1014
     s(2S/3S) = -0.003738
     s(2S/4S) = -0.001629
     s(2S/5S) = -0.000566
     s(2P/2P) =  1.000000  <r> =   0.1048  <r2> =    0.0134  r(max) =   0.0810
     s(2P/3P) = -0.003047
     s(2P/4P) = -0.001242
     s(2P/5P) = -0.000350
     s(3S/3S) =  1.000000  <r> =   0.3221  <r2> =    0.1186  r(max) =   0.2934
     s(3S/4S) = -0.001101
     s(3S/5S) = -0.000373
     s(3P/3P) =  1.000000  <r> =   0.3202  <r2> =    0.1189  r(max) =   0.2861
     s(3P/4P) = -0.000929
     s(3P/5P) = -0.000256
     s(4S/4S) =  1.000000  <r> =   0.7646  <r2> =    0.6608  r(max) =   0.7038
     s(4S/5S) = -0.000235
     s(4P/4P) =  1.000000  <r> =   0.8211  <r2> =    0.7688  r(max) =   0.7399
     s(4P/5P) = -0.000161
     s(3D/3D) =  1.000000  <r> =   0.2968  <r2> =    0.1043  r(max) =   0.2372
     s(3D/4D) = -0.000622
     s(4D/4D) =  1.000000  <r> =   0.9718  <r2> =    1.1108  r(max) =   0.8076
     s(5S/5S) =  1.000000  <r> =   2.0856  <r2> =    4.9430  r(max) =   1.7972
     s(5P/5P) =  1.000000  <r> =   2.6718  <r2> =    8.2888  r(max) =   2.1679

     ------------------------ End of All-electron run ------------------------


     ---------------------- Testing the pseudopotential ----------------------

     Te                                                                         
     scalar relativistic calculation

     atomic number is 52.00   valence charge is 16.00
     dft = SLA  PW   PBX  PBC   lsd =0 sic =0 latt =0  beta=0.20 tr2=1.0E-14
     mesh =1245 r(mesh) =  99.36066 xmin = -7.00 dx = 0.01250

     n l     nl             e AE (Ry)        e PS (Ry)    De AE-PS (Ry) 
     1 0     5S   1( 2.00)       -1.11044       -1.11044        0.00000
     2 1     5P   1( 4.00)       -0.43754       -0.43755        0.00000
     3 2     4D   1(10.00)       -3.06146       -3.06146        0.00000

     eps = 2.2E-15  iter =  3
 
     Etot =  -13588.969734 Ry,   -6794.484867 Ha, -184887.352059 eV
     Etotps =  -511.981241 Ry,    -255.990621 Ha,   -6965.859655 eV

     Ekin =     335.540621 Ry,     167.770310 Ha,    4565.262713 eV
     Encl =    -658.718103 Ry,    -329.359051 Ha,   -8962.316359 eV
     Ehrt =     162.235069 Ry,      81.117535 Ha,    2207.320565 eV
     Ecxc =    -351.038828 Ry,    -175.519414 Ha,   -4776.126574 eV
     (Ecc =     -17.561095 Ry,      -8.780547 Ha,    -238.930863 eV)

     ---------------------- End of pseudopotential test ----------------------

