[0] MPI startup(): I_MPI_SHM_LMT environment variable is not supported.
[0] MPI startup(): Similar variables:
	 I_MPI_SHM_HEAP
	 I_MPI_SHM
	 I_MPI_SHM_OPT
	 I_MPI_SHM_THP
[0] MPI startup(): To check the list of supported variables, use the impi_info utility or refer to https://software.intel.com/en-us/mpi-library/documentation/get-started.

     Program LD1 v.7.3.1 starts on 19Sep2024 at 21:47:22 

     This program is part of the open-source Quantum ESPRESSO suite
     for quantum simulation of materials; please cite
         "P. Giannozzi et al., J. Phys.:Condens. Matter 21 395502 (2009);
         "P. Giannozzi et al., J. Phys.:Condens. Matter 29 465901 (2017);
         "P. Giannozzi et al., J. Chem. Phys. 152 154105 (2020);
          URL http://www.quantum-espresso.org", 
     in publications or presentations arising from this work. More details at
     http://www.quantum-espresso.org/quote

     Parallel version (MPI), running on     1 processors

     MPI processes distributed on     1 nodes
     89859 MiB available memory on the printing compute node when the environment starts
 
     Waiting for input...
     Reading input from standard input
     --------------------------- All-electron run ----------------------------

     Tl                                                                         
     scalar relativistic calculation

     atomic number is 81.00
     dft =PBE   lsd =0 sic =0 latt =0  beta=0.20 tr2=1.0E-14
     Exchange-correlation= PBE
                           (   1   4   3   4   0   0   0)
     mesh =1281 r(mesh) = 100.03807 a.u. xmin = -7.00 dx = 0.01250
     1 Ry =  13.60569312 eV, c = 137.03599908

     n l     nl                  e(Ry)          e(Ha)          e(eV)
     1 0     1S 1( 2.00)     -6294.3326     -3147.1663    -85638.7575
     2 0     2S 1( 2.00)     -1120.6766      -560.3383    -15247.5817
     2 1     2P 1( 6.00)      -963.6756      -481.8378    -13111.4741
     3 0     3S 1( 2.00)      -267.4966      -133.7483     -3639.4772
     3 1     3P 1( 6.00)      -222.3208      -111.1604     -3024.8283
     4 0     4S 1( 2.00)       -59.7044       -29.8522      -812.3193
     4 1     4P 1( 6.00)       -44.9000       -22.4500      -610.8951
     3 2     3D 1(10.00)      -175.5770       -87.7885     -2388.8473
     5 0     5S 1( 2.00)        -9.6283        -4.8142      -131.0001
     5 1     5P 1( 6.00)        -5.5930        -2.7965       -76.0966
     4 2     4D 1(10.00)       -27.5636       -13.7818      -375.0225
     4 3     4F 1(14.00)        -8.3807        -4.1904      -114.0254
     5 2     5D 1(10.00)        -1.1382        -0.5691       -15.4857
     6 0     6S 1( 2.00)        -0.7016        -0.3508        -9.5458
     6 1     6P 1( 1.00)        -0.1742        -0.0871        -2.3703

     final scf error:  8.0E-15 reached in  26 iterations
 
     Etot =  -40491.900530 Ry,  -20245.950265 Ha, -550920.372580 eV

     Ekin =   45624.297902 Ry,   22812.148951 Ha,  620750.196200 eV
     Encl = -101000.877865 Ry,  -50500.438932 Ha,-1374186.949379 eV
     Eh   =   15641.308833 Ry,    7820.654417 Ha,  212810.848031 eV
     Exc  =    -756.629401 Ry,    -378.314700 Ha,  -10294.467431 eV


     normalization and overlap integrals

     s(1S/1S) =  1.000000  <r> =   0.0163  <r2> =    0.0004  r(max) =   0.0100
     s(1S/2S) = -0.039672
     s(1S/3S) = -0.017403
     s(1S/4S) = -0.008634
     s(1S/5S) = -0.003924
     s(1S/6S) = -0.001266
     s(2S/2S) =  1.000000  <r> =   0.0687  <r2> =    0.0056  r(max) =   0.0582
     s(2S/3S) = -0.011234
     s(2S/4S) = -0.005309
     s(2S/5S) = -0.002388
     s(2S/6S) = -0.000769
     s(2P/2P) =  1.000000  <r> =   0.0623  <r2> =    0.0048  r(max) =   0.0482
     s(2P/3P) = -0.008738
     s(2P/4P) = -0.003916
     s(2P/5P) = -0.001626
     s(2P/6P) = -0.000357
     s(3S/3S) =  1.000000  <r> =   0.1775  <r2> =    0.0361  r(max) =   0.1642
     s(3S/4S) = -0.003885
     s(3S/5S) = -0.001686
     s(3S/6S) = -0.000540
     s(3P/3P) =  1.000000  <r> =   0.1793  <r2> =    0.0373  r(max) =   0.1642
     s(3P/4P) = -0.003250
     s(3P/5P) = -0.001303
     s(3P/6P) = -0.000285
     s(4S/4S) =  1.000000  <r> =   0.3916  <r2> =    0.1730  r(max) =   0.3699
     s(4S/5S) = -0.001193
     s(4S/6S) = -0.000375
     s(4P/4P) =  1.000000  <r> =   0.4176  <r2> =    0.1981  r(max) =   0.3889
     s(4P/5P) = -0.000938
     s(4P/6P) = -0.000202
     s(3D/3D) =  1.000000  <r> =   0.1624  <r2> =    0.0309  r(max) =   0.1327
     s(3D/4D) = -0.002376
     s(3D/5D) = -0.000723
     s(5S/5S) =  1.000000  <r> =   0.8770  <r2> =    0.8622  r(max) =   0.8030
     s(5S/6S) = -0.000222
     s(5P/5P) =  1.000000  <r> =   1.0076  <r2> =    1.1466  r(max) =   0.9099
     s(5P/6P) = -0.000114
     s(4D/4D) =  1.000000  <r> =   0.4398  <r2> =    0.2233  r(max) =   0.3938
     s(4D/5D) = -0.000572
     s(4F/4F) =  1.000000  <r> =   0.4677  <r2> =    0.2629  r(max) =   0.3563
     s(5D/5D) =  1.000000  <r> =   1.3903  <r2> =    2.2762  r(max) =   1.1113
     s(6S/6S) =  1.000000  <r> =   2.4783  <r2> =    7.0215  r(max) =   2.0762
     s(6P/6P) =  1.000000  <r> =   3.8559  <r2> =   17.6756  r(max) =   2.9097

     ------------------------ End of All-electron run ------------------------


     --------------------- Generating PAW atomic setup --------------------


      Generating local potential from pseudized AE potential:
      Matching radius rcloc =   2.2000

      Local pseudo, rcloc= 2.183 Estimated cut-off energy=     5.28 Ry

      Computing core charge for nlcc: 

       r > 1.50 : true rho core
      Core charge pseudized with two Bessel functions
      Integrated core pseudo-charge :  11.26
      Wfc-us  6S rcutus= 2.025  Estimated cut-off energy=    10.72 Ry
      Wfc-us  6S rcutus= 2.025  Estimated cut-off energy=    21.81 Ry
      Wfc-us  6P rcutus= 2.600  Estimated cut-off energy=    10.84 Ry
      Wfc-us  6P rcutus= 2.600  Estimated cut-off energy=    10.66 Ry
      Wfc-us  5D rcutus= 2.025  Estimated cut-off energy=    29.07 Ry
      Wfc-us  5D rcutus= 2.025  Estimated cut-off energy=    35.03 Ry

      The bmat matrix
     0.91877     1.31892     0.00000     0.00000     0.00000     0.00000
     0.94978     1.49390     0.00000     0.00000     0.00000     0.00000
     0.00000     0.00000     0.29548     1.60560     0.00000     0.00000
     0.00000     0.00000     0.70417     5.10904     0.00000     0.00000
     0.00000     0.00000     0.00000     0.00000    -1.37440    -0.85206
     0.00000     0.00000     0.00000     0.00000    -0.76098    -0.47807

      The bmat + epsilon qq matrix
     0.96169     0.99092     0.00000     0.00000     0.00000     0.00000
     0.99162     1.20161     0.00000     0.00000     0.00000     0.00000
     0.00000     0.00000     0.30140     0.72746     0.00000     0.00000
     0.00000     0.00000     0.72770     1.54621     0.00000     0.00000
     0.00000     0.00000     0.00000     0.00000    -1.71156    -0.95350
     0.00000     0.00000     0.00000     0.00000    -0.95340    -0.53596

      The qq matrix
    -0.06117    -0.05964     0.00000     0.00000     0.00000     0.00000
    -0.05964    -0.05314     0.00000     0.00000     0.00000     0.00000
     0.00000     0.00000    -0.03396    -0.13510     0.00000     0.00000
     0.00000     0.00000    -0.13510    -0.54813     0.00000     0.00000
     0.00000     0.00000     0.00000     0.00000     0.29623     0.16907
     0.00000     0.00000     0.00000     0.00000     0.16907     0.09648


    multipoles (all-electron charge) - (pseudo charge)
        ns l1:ns1 l2    l=0     l=1     l=2     l=3     l=4     l=5  
         1  0:  1  0 -0.0612
         2  0:  1  0 -0.0596
         2  0:  2  0 -0.0531
         3  1:  1  0  0.0000  0.0952
         3  1:  2  0  0.0000  0.0929
         3  1:  3  1 -0.0340  0.0000 -0.1077
         4  1:  1  0  0.0000  0.3062
         4  1:  2  0  0.0000  0.3234
         4  1:  3  1 -0.1351  0.0000 -0.2624
         4  1:  4  1 -0.5481  0.0000 -0.7932
         5  2:  1  0  0.0000  0.0000  0.1709
         5  2:  2  0  0.0000  0.0000  0.0982
         5  2:  3  1  0.0000 -0.2077  0.0000 -0.3152
         5  2:  4  1  0.0000 -0.4918  0.0000 -0.7029
         5  2:  5  2  0.2962  0.0000  0.2887  0.0000  0.3710
         6  2:  1  0  0.0000  0.0000  0.1003
         6  2:  2  0  0.0000  0.0000  0.0617
         6  2:  3  1  0.0000 -0.1136  0.0000 -0.1568
         6  2:  4  1  0.0000 -0.2768  0.0000 -0.3683
         6  2:  5  2  0.1691  0.0000  0.1613  0.0000  0.2040
         6  2:  6  2  0.0965  0.0000  0.0902  0.0000  0.1122
     Required augmentation: PSQ   radius:    1.670000

     Q pseudized with Bessel functions
     Expected ecutrho=     150.3632 due to l1=  2   l2=  2

     Estimated PAW energy = -836.615959 Ryd

     The PAW screened D coefficients
     0.96169     0.99162     0.00000     0.00000     0.00000     0.00000
     0.99162     1.20161     0.00000     0.00000     0.00000     0.00000
     0.00000     0.00000     0.30140     0.72770     0.00000     0.00000
     0.00000     0.00000     0.72770     1.54621     0.00000     0.00000
     0.00000     0.00000     0.00000     0.00000    -1.71156    -0.95340
     0.00000     0.00000     0.00000     0.00000    -0.95340    -0.53596

     The PAW descreened D coefficients (US)
     0.91352     0.96762     0.00000     0.00000     0.00000     0.00000
     0.96762     1.17323     0.00000     0.00000     0.00000     0.00000
     0.00000     0.00000     0.31092     0.31721     0.00000     0.00000
     0.00000     0.00000     0.31721    -0.98830     0.00000     0.00000
     0.00000     0.00000     0.00000     0.00000     0.56079     0.40202
     0.00000     0.00000     0.00000     0.00000     0.40202     0.26467

     ------------------- End of pseudopotential generation -------------------

     --------------------------- All-electron run ----------------------------

     Tl                                                                         
     scalar relativistic calculation

     atomic number is 81.00
     dft = SLA  PW   PBX  PBC   lsd =0 sic =0 latt =0  beta=0.20 tr2=1.0E-14
     Exchange-correlation=  SLA  PW   PBX  PBC
                           (   1   4   3   4   0   0   0)
     mesh =1281 r(mesh) = 100.03807 a.u. xmin = -7.00 dx = 0.01250
     1 Ry =  13.60569312 eV, c = 137.03599908

     n l     nl                  e(Ry)          e(Ha)          e(eV)
     1 0     1S 1( 2.00)     -6294.3326     -3147.1663    -85638.7575
     2 0     2S 1( 2.00)     -1120.6766      -560.3383    -15247.5817
     2 1     2P 1( 6.00)      -963.6756      -481.8378    -13111.4741
     3 0     3S 1( 2.00)      -267.4966      -133.7483     -3639.4772
     3 1     3P 1( 6.00)      -222.3208      -111.1604     -3024.8283
     4 0     4S 1( 2.00)       -59.7044       -29.8522      -812.3193
     4 1     4P 1( 6.00)       -44.9000       -22.4500      -610.8951
     3 2     3D 1(10.00)      -175.5770       -87.7885     -2388.8473
     5 0     5S 1( 2.00)        -9.6283        -4.8142      -131.0001
     5 1     5P 1( 6.00)        -5.5930        -2.7965       -76.0966
     4 2     4D 1(10.00)       -27.5636       -13.7818      -375.0225
     4 3     4F 1(14.00)        -8.3807        -4.1904      -114.0254
     5 2     5D 1(10.00)        -1.1382        -0.5691       -15.4857
     6 0     6S 1( 2.00)        -0.7016        -0.3508        -9.5458
     6 1     6P 1( 1.00)        -0.1742        -0.0871        -2.3703

     final scf error:  8.0E-15 reached in  26 iterations
 
     Etot =  -40491.900530 Ry,  -20245.950265 Ha, -550920.372580 eV

     Ekin =   45624.297902 Ry,   22812.148951 Ha,  620750.196200 eV
     Encl = -101000.877865 Ry,  -50500.438932 Ha,-1374186.949379 eV
     Eh   =   15641.308833 Ry,    7820.654417 Ha,  212810.848031 eV
     Exc  =    -756.629401 Ry,    -378.314700 Ha,  -10294.467431 eV


     normalization and overlap integrals

     s(1S/1S) =  1.000000  <r> =   0.0163  <r2> =    0.0004  r(max) =   0.0100
     s(1S/2S) = -0.039672
     s(1S/3S) = -0.017403
     s(1S/4S) = -0.008634
     s(1S/5S) = -0.003924
     s(1S/6S) = -0.001266
     s(2S/2S) =  1.000000  <r> =   0.0687  <r2> =    0.0056  r(max) =   0.0582
     s(2S/3S) = -0.011234
     s(2S/4S) = -0.005309
     s(2S/5S) = -0.002388
     s(2S/6S) = -0.000769
     s(2P/2P) =  1.000000  <r> =   0.0623  <r2> =    0.0048  r(max) =   0.0482
     s(2P/3P) = -0.008738
     s(2P/4P) = -0.003916
     s(2P/5P) = -0.001626
     s(2P/6P) = -0.000357
     s(3S/3S) =  1.000000  <r> =   0.1775  <r2> =    0.0361  r(max) =   0.1642
     s(3S/4S) = -0.003885
     s(3S/5S) = -0.001686
     s(3S/6S) = -0.000540
     s(3P/3P) =  1.000000  <r> =   0.1793  <r2> =    0.0373  r(max) =   0.1642
     s(3P/4P) = -0.003250
     s(3P/5P) = -0.001303
     s(3P/6P) = -0.000285
     s(4S/4S) =  1.000000  <r> =   0.3916  <r2> =    0.1730  r(max) =   0.3699
     s(4S/5S) = -0.001193
     s(4S/6S) = -0.000375
     s(4P/4P) =  1.000000  <r> =   0.4176  <r2> =    0.1981  r(max) =   0.3889
     s(4P/5P) = -0.000938
     s(4P/6P) = -0.000202
     s(3D/3D) =  1.000000  <r> =   0.1624  <r2> =    0.0309  r(max) =   0.1327
     s(3D/4D) = -0.002376
     s(3D/5D) = -0.000723
     s(5S/5S) =  1.000000  <r> =   0.8770  <r2> =    0.8622  r(max) =   0.8030
     s(5S/6S) = -0.000222
     s(5P/5P) =  1.000000  <r> =   1.0076  <r2> =    1.1466  r(max) =   0.9099
     s(5P/6P) = -0.000114
     s(4D/4D) =  1.000000  <r> =   0.4398  <r2> =    0.2233  r(max) =   0.3938
     s(4D/5D) = -0.000572
     s(4F/4F) =  1.000000  <r> =   0.4677  <r2> =    0.2629  r(max) =   0.3563
     s(5D/5D) =  1.000000  <r> =   1.3903  <r2> =    2.2762  r(max) =   1.1113
     s(6S/6S) =  1.000000  <r> =   2.4783  <r2> =    7.0215  r(max) =   2.0762
     s(6P/6P) =  1.000000  <r> =   3.8559  <r2> =   17.6756  r(max) =   2.9097

     ------------------------ End of All-electron run ------------------------


     ---------------------- Testing the pseudopotential ----------------------

     Tl                                                                         
     scalar relativistic calculation

     atomic number is 81.00   valence charge is 13.00
     dft = SLA  PW   PBX  PBC   lsd =0 sic =0 latt =0  beta=0.20 tr2=1.0E-14
     mesh =1281 r(mesh) = 100.03807 xmin = -7.00 dx = 0.01250

     n l     nl             e AE (Ry)        e PS (Ry)    De AE-PS (Ry) 
     1 0     6S   1( 2.00)       -0.70160       -0.70161        0.00000
     2 1     6P   1( 1.00)       -0.17421       -0.17421        0.00000
     3 2     5D   1(10.00)       -1.13818       -1.13818        0.00000

     eps = 9.6E-17  iter =  4
 
     Etot =  -40491.900530 Ry,  -20245.950265 Ha, -550920.372580 eV
     Etotps =  -836.615973 Ry,    -418.307987 Ha,  -11382.740195 eV

     Ekin =     225.021627 Ry,     112.510813 Ha,    3061.575197 eV
     Encl =    -396.666111 Ry,    -198.333055 Ha,   -5396.917378 eV
     Ehrt =      91.657904 Ry,      45.828952 Ha,    1247.069319 eV
     Ecxc =    -756.629393 Ry,    -378.314697 Ha,  -10294.467334 eV
     (Ecc =     -20.000640 Ry,     -10.000320 Ha,    -272.122573 eV)

     ---------------------- End of pseudopotential test ----------------------

