[0] MPI startup(): I_MPI_SHM_LMT environment variable is not supported.
[0] MPI startup(): Similar variables:
	 I_MPI_SHM_HEAP
	 I_MPI_SHM
	 I_MPI_SHM_OPT
	 I_MPI_SHM_THP
[0] MPI startup(): To check the list of supported variables, use the impi_info utility or refer to https://software.intel.com/en-us/mpi-library/documentation/get-started.

     Program LD1 v.7.3.1 starts on 19Sep2024 at 21:47:23 

     This program is part of the open-source Quantum ESPRESSO suite
     for quantum simulation of materials; please cite
         "P. Giannozzi et al., J. Phys.:Condens. Matter 21 395502 (2009);
         "P. Giannozzi et al., J. Phys.:Condens. Matter 29 465901 (2017);
         "P. Giannozzi et al., J. Chem. Phys. 152 154105 (2020);
          URL http://www.quantum-espresso.org", 
     in publications or presentations arising from this work. More details at
     http://www.quantum-espresso.org/quote

     Parallel version (MPI), running on     1 processors

     MPI processes distributed on     1 nodes
     89859 MiB available memory on the printing compute node when the environment starts
 
     Waiting for input...
     Reading input from standard input
     --------------------------- All-electron run ----------------------------

     Y                                                                          
     scalar relativistic calculation

     atomic number is 39.00
     dft =PBE   lsd =0 sic =0 latt =0  beta=0.20 tr2=1.0E-14
     Exchange-correlation= PBE
                           (   1   4   3   4   0   0   0)
     mesh =1223 r(mesh) = 100.62879 a.u. xmin = -7.00 dx = 0.01250
     1 Ry =  13.60569312 eV, c = 137.03599908

     n l     nl                  e(Ry)          e(Ha)          e(eV)
     1 0     1S 1( 2.00)     -1239.7347      -619.8673    -16867.4497
     2 0     2S 1( 2.00)      -169.8920       -84.9460     -2311.4989
     2 1     2P 1( 6.00)      -151.2489       -75.6244     -2057.8456
     3 0     3S 1( 2.00)       -27.1192       -13.5596      -368.9761
     3 1     3P 1( 6.00)       -21.0713       -10.5356      -286.6890
     4 0     4S 1( 2.00)        -3.5275        -1.7638       -47.9942
     4 1     4P 1( 6.00)        -2.0518        -1.0259       -27.9165
     3 2     3D 1(10.00)       -11.1132        -5.5566      -151.2031
     4 2     4D 1( 1.00)        -0.1849        -0.0924        -2.5157
     5 0     5S 1( 2.00)        -0.3015        -0.1508        -4.1023
     5 1     5P 1( 0.00)        -0.1059        -0.0529        -1.4406

     final scf error:  3.6E-15 reached in  38 iterations
 
     Etot =   -6770.389969 Ry,   -3385.194984 Ha,  -92115.848236 eV

     Ekin =    6952.088712 Ry,    3476.044356 Ha,   94587.985574 eV
     Encl =  -16301.651845 Ry,   -8150.825922 Ha, -221795.272399 eV
     Eh   =    2797.862165 Ry,    1398.931083 Ha,   38066.854020 eV
     Exc  =    -218.689001 Ry,    -109.344500 Ha,   -2975.415432 eV


     normalization and overlap integrals

     s(1S/1S) =  1.000000  <r> =   0.0381  <r2> =    0.0020  r(max) =   0.0247
     s(1S/2S) = -0.007679
     s(1S/3S) = -0.003044
     s(1S/4S) = -0.001166
     s(1S/5S) = -0.000349
     s(2S/2S) =  1.000000  <r> =   0.1674  <r2> =    0.0330  r(max) =   0.1404
     s(2S/3S) = -0.001824
     s(2S/4S) = -0.000678
     s(2S/5S) = -0.000202
     s(2P/2P) =  1.000000  <r> =   0.1459  <r2> =    0.0260  r(max) =   0.1121
     s(2P/3P) = -0.001485
     s(2P/4P) = -0.000493
     s(2P/5P) = -0.000117
     s(3S/3S) =  1.000000  <r> =   0.4747  <r2> =    0.2585  r(max) =   0.4217
     s(3S/4S) = -0.000425
     s(3S/5S) = -0.000125
     s(3P/3P) =  1.000000  <r> =   0.4796  <r2> =    0.2683  r(max) =   0.4164
     s(3P/4P) = -0.000336
     s(3P/5P) = -0.000079
     s(4S/4S) =  1.000000  <r> =   1.2790  <r2> =    1.8571  r(max) =   1.1319
     s(4S/5S) = -0.000066
     s(4P/4P) =  1.000000  <r> =   1.4571  <r2> =    2.4422  r(max) =   1.2510
     s(4P/5P) = -0.000039
     s(3D/3D) =  1.000000  <r> =   0.4742  <r2> =    0.2730  r(max) =   0.3629
     s(3D/4D) = -0.000149
     s(4D/4D) =  1.000000  <r> =   2.6892  <r2> =    9.2030  r(max) =   1.7752
     s(5S/5S) =  1.000000  <r> =   3.9625  <r2> =   17.9114  r(max) =   3.3583
     s(5P/5P) =  1.000000  <r> =   5.4299  <r2> =   34.1648  r(max) =   4.4213

     ------------------------ End of All-electron run ------------------------


     --------------------- Generating PAW atomic setup --------------------


      Generating local potential from pseudized AE potential:
      Matching radius rcloc =   2.4000

      Local pseudo, rcloc= 2.426 Estimated cut-off energy=     4.22 Ry

      Computing core charge for nlcc: 

       r > 1.10 : true rho core
      Core charge pseudized with two Bessel functions
      Integrated core pseudo-charge :   5.72
      Wfc-us  4S rcutus= 1.586  Estimated cut-off energy=    20.15 Ry
      Wfc-us  5S rcutus= 1.586  Estimated cut-off energy=    32.87 Ry
      Wfc-us  4P rcutus= 1.710  Estimated cut-off energy=    27.47 Ry
      Wfc-us  5P rcutus= 1.710  Estimated cut-off energy=    36.50 Ry
      Wfc-us  4D rcutus= 1.890  Estimated cut-off energy=    31.19 Ry
      Wfc-us  4D rcutus= 1.890  Estimated cut-off energy=    32.28 Ry

      The bmat matrix
    -0.06542     0.54874     0.00000     0.00000     0.00000     0.00000
    -0.00291     0.15783     0.00000     0.00000     0.00000     0.00000
     0.00000     0.00000    -1.03665    -0.15893     0.00000     0.00000
     0.00000     0.00000    -0.23044    -0.03671     0.00000     0.00000
     0.00000     0.00000     0.00000     0.00000    -0.32944    -0.30092
     0.00000     0.00000     0.00000     0.00000    -0.30115    -0.27490

      The bmat + epsilon qq matrix
     1.99200     0.60032     0.00000     0.00000     0.00000     0.00000
     0.60053     0.17316     0.00000     0.00000     0.00000     0.00000
     0.00000     0.00000    -0.71491    -0.15503     0.00000     0.00000
     0.00000     0.00000    -0.15496    -0.03578     0.00000     0.00000
     0.00000     0.00000     0.00000     0.00000    -0.32900    -0.30108
     0.00000     0.00000     0.00000     0.00000    -0.30105    -0.27459

      The qq matrix
    -0.58325    -0.17107     0.00000     0.00000     0.00000     0.00000
    -0.17107    -0.05082     0.00000     0.00000     0.00000     0.00000
     0.00000     0.00000    -0.15681    -0.03679     0.00000     0.00000
     0.00000     0.00000    -0.03679    -0.00875     0.00000     0.00000
     0.00000     0.00000     0.00000     0.00000    -0.00237    -0.00053
     0.00000     0.00000     0.00000     0.00000    -0.00053     0.00105


    multipoles (all-electron charge) - (pseudo charge)
        ns l1:ns1 l2    l=0     l=1     l=2     l=3     l=4     l=5  
         1  0:  1  0 -0.5832
         2  0:  1  0 -0.1711
         2  0:  2  0 -0.0508
         3  1:  1  0  0.0000  0.2381
         3  1:  2  0  0.0000  0.0639
         3  1:  3  1 -0.1568  0.0000 -0.1345
         4  1:  1  0  0.0000  0.0557
         4  1:  2  0  0.0000  0.0152
         4  1:  3  1 -0.0368  0.0000 -0.0293
         4  1:  4  1 -0.0088  0.0000 -0.0065
         5  2:  1  0  0.0000  0.0000 -0.0665
         5  2:  2  0  0.0000  0.0000 -0.0152
         5  2:  3  1  0.0000  0.0459  0.0000  0.0504
         5  2:  4  1  0.0000  0.0096  0.0000  0.0096
         5  2:  5  2 -0.0024  0.0000 -0.0190  0.0000 -0.0289
         6  2:  1  0  0.0000  0.0000 -0.0576
         6  2:  2  0  0.0000  0.0000 -0.0134
         6  2:  3  1  0.0000  0.0393  0.0000  0.0419
         6  2:  4  1  0.0000  0.0083  0.0000  0.0080
         6  2:  5  2 -0.0005  0.0000 -0.0152  0.0000 -0.0229
         6  2:  6  2  0.0010  0.0000 -0.0120  0.0000 -0.0177
     Required augmentation: PSQ   radius:    1.200000

     Q pseudized with Bessel functions
     Expected ecutrho=     251.8304 due to l1=  2   l2=  2

     Estimated PAW energy = -282.266640 Ryd

     The PAW screened D coefficients
     1.99200     0.60053     0.00000     0.00000     0.00000     0.00000
     0.60053     0.17316     0.00000     0.00000     0.00000     0.00000
     0.00000     0.00000    -0.71491    -0.15496     0.00000     0.00000
     0.00000     0.00000    -0.15496    -0.03578     0.00000     0.00000
     0.00000     0.00000     0.00000     0.00000    -0.32900    -0.30105
     0.00000     0.00000     0.00000     0.00000    -0.30105    -0.27459

     The PAW descreened D coefficients (US)
    -1.56374    -0.45717     0.00000     0.00000     0.00000     0.00000
    -0.45717    -0.14499     0.00000     0.00000     0.00000     0.00000
     0.00000     0.00000    -1.46472    -0.33512     0.00000     0.00000
     0.00000     0.00000    -0.33512    -0.07966     0.00000     0.00000
     0.00000     0.00000     0.00000     0.00000    -0.26796    -0.23630
     0.00000     0.00000     0.00000     0.00000    -0.23630    -0.20693

     ------------------- End of pseudopotential generation -------------------

     --------------------------- All-electron run ----------------------------

     Y                                                                          
     scalar relativistic calculation

     atomic number is 39.00
     dft = SLA  PW   PBX  PBC   lsd =0 sic =0 latt =0  beta=0.20 tr2=1.0E-14
     Exchange-correlation=  SLA  PW   PBX  PBC
                           (   1   4   3   4   0   0   0)
     mesh =1223 r(mesh) = 100.62879 a.u. xmin = -7.00 dx = 0.01250
     1 Ry =  13.60569312 eV, c = 137.03599908

     n l     nl                  e(Ry)          e(Ha)          e(eV)
     1 0     1S 1( 2.00)     -1239.7347      -619.8673    -16867.4497
     2 0     2S 1( 2.00)      -169.8920       -84.9460     -2311.4989
     2 1     2P 1( 6.00)      -151.2489       -75.6244     -2057.8456
     3 0     3S 1( 2.00)       -27.1192       -13.5596      -368.9761
     3 1     3P 1( 6.00)       -21.0713       -10.5356      -286.6890
     4 0     4S 1( 2.00)        -3.5275        -1.7638       -47.9942
     4 1     4P 1( 6.00)        -2.0518        -1.0259       -27.9165
     3 2     3D 1(10.00)       -11.1132        -5.5566      -151.2031
     4 2     4D 1( 1.00)        -0.1849        -0.0924        -2.5157
     5 0     5S 1( 2.00)        -0.3015        -0.1508        -4.1023
     5 1     5P 1( 0.00)        -0.1059        -0.0529        -1.4406

     final scf error:  3.6E-15 reached in  38 iterations
 
     Etot =   -6770.389969 Ry,   -3385.194984 Ha,  -92115.848236 eV

     Ekin =    6952.088712 Ry,    3476.044356 Ha,   94587.985574 eV
     Encl =  -16301.651845 Ry,   -8150.825922 Ha, -221795.272399 eV
     Eh   =    2797.862165 Ry,    1398.931083 Ha,   38066.854020 eV
     Exc  =    -218.689001 Ry,    -109.344500 Ha,   -2975.415432 eV


     normalization and overlap integrals

     s(1S/1S) =  1.000000  <r> =   0.0381  <r2> =    0.0020  r(max) =   0.0247
     s(1S/2S) = -0.007679
     s(1S/3S) = -0.003044
     s(1S/4S) = -0.001166
     s(1S/5S) = -0.000349
     s(2S/2S) =  1.000000  <r> =   0.1674  <r2> =    0.0330  r(max) =   0.1404
     s(2S/3S) = -0.001824
     s(2S/4S) = -0.000678
     s(2S/5S) = -0.000202
     s(2P/2P) =  1.000000  <r> =   0.1459  <r2> =    0.0260  r(max) =   0.1121
     s(2P/3P) = -0.001485
     s(2P/4P) = -0.000493
     s(2P/5P) = -0.000117
     s(3S/3S) =  1.000000  <r> =   0.4747  <r2> =    0.2585  r(max) =   0.4217
     s(3S/4S) = -0.000425
     s(3S/5S) = -0.000125
     s(3P/3P) =  1.000000  <r> =   0.4796  <r2> =    0.2683  r(max) =   0.4164
     s(3P/4P) = -0.000336
     s(3P/5P) = -0.000079
     s(4S/4S) =  1.000000  <r> =   1.2790  <r2> =    1.8571  r(max) =   1.1319
     s(4S/5S) = -0.000066
     s(4P/4P) =  1.000000  <r> =   1.4571  <r2> =    2.4422  r(max) =   1.2510
     s(4P/5P) = -0.000039
     s(3D/3D) =  1.000000  <r> =   0.4742  <r2> =    0.2730  r(max) =   0.3629
     s(3D/4D) = -0.000149
     s(4D/4D) =  1.000000  <r> =   2.6892  <r2> =    9.2030  r(max) =   1.7752
     s(5S/5S) =  1.000000  <r> =   3.9625  <r2> =   17.9114  r(max) =   3.3583
     s(5P/5P) =  1.000000  <r> =   5.4299  <r2> =   34.1648  r(max) =   4.4213

     ------------------------ End of All-electron run ------------------------


     ---------------------- Testing the pseudopotential ----------------------

     Y                                                                          
     scalar relativistic calculation

     atomic number is 39.00   valence charge is 11.00
     dft = SLA  PW   PBX  PBC   lsd =0 sic =0 latt =0  beta=0.20 tr2=1.0E-14
     mesh =1223 r(mesh) = 100.62879 xmin = -7.00 dx = 0.01250

     n l     nl             e AE (Ry)        e PS (Ry)    De AE-PS (Ry) 
     1 0     4S   1( 2.00)       -3.52751       -3.52748       -0.00003
     2 0     5S   1( 2.00)       -0.30152       -0.30151       -0.00000
     2 1     4P   1( 6.00)       -2.05182       -2.05180       -0.00002
     3 1     5P   1( 0.00)       -0.10588       -0.10588       -0.00000
     3 2     4D   1( 1.00)       -0.18490       -0.18489       -0.00001

     eps = 8.9E-15  iter =  5
 
     Etot =   -6770.389969 Ry,   -3385.194984 Ha,  -92115.848236 eV
     Etotps =  -282.266638 Ry,    -141.133319 Ha,   -3840.433256 eV

     Ekin =     113.695666 Ry,      56.847833 Ha,    1546.908337 eV
     Encl =    -236.661044 Ry,    -118.330522 Ha,   -3219.937544 eV
     Ehrt =      59.387807 Ry,      29.693903 Ha,     808.012271 eV
     Ecxc =    -218.689066 Ry,    -109.344533 Ha,   -2975.416320 eV
     (Ecc =     -11.655504 Ry,      -5.827752 Ha,    -158.581212 eV)

     ---------------------- End of pseudopotential test ----------------------

