[0] MPI startup(): I_MPI_SHM_LMT environment variable is not supported.
[0] MPI startup(): Similar variables:
	 I_MPI_SHM_HEAP
	 I_MPI_SHM
	 I_MPI_SHM_OPT
	 I_MPI_SHM_THP
[0] MPI startup(): To check the list of supported variables, use the impi_info utility or refer to https://software.intel.com/en-us/mpi-library/documentation/get-started.

     Program LD1 v.7.3.1 starts on 19Sep2024 at 21:47:24 

     This program is part of the open-source Quantum ESPRESSO suite
     for quantum simulation of materials; please cite
         "P. Giannozzi et al., J. Phys.:Condens. Matter 21 395502 (2009);
         "P. Giannozzi et al., J. Phys.:Condens. Matter 29 465901 (2017);
         "P. Giannozzi et al., J. Chem. Phys. 152 154105 (2020);
          URL http://www.quantum-espresso.org", 
     in publications or presentations arising from this work. More details at
     http://www.quantum-espresso.org/quote

     Parallel version (MPI), running on     1 processors

     MPI processes distributed on     1 nodes
     89856 MiB available memory on the printing compute node when the environment starts
 
     Waiting for input...
     Reading input from standard input
     --------------------------- All-electron run ----------------------------

     Y                                                                          
     scalar relativistic calculation

     atomic number is 39.00
     dft =PBE   lsd =0 sic =0 latt =0  beta=0.20 tr2=1.0E-14
     Exchange-correlation= PBE
                           (   1   4   3   4   0   0   0)
     mesh =1223 r(mesh) = 100.62879 a.u. xmin = -7.00 dx = 0.01250
     1 Ry =  13.60569312 eV, c = 137.03599908

     n l     nl                  e(Ry)          e(Ha)          e(eV)
     1 0     1S 1( 2.00)     -1239.7347      -619.8673    -16867.4497
     2 0     2S 1( 2.00)      -169.8920       -84.9460     -2311.4989
     2 1     2P 1( 6.00)      -151.2489       -75.6244     -2057.8456
     3 0     3S 1( 2.00)       -27.1192       -13.5596      -368.9761
     3 1     3P 1( 6.00)       -21.0713       -10.5356      -286.6890
     4 0     4S 1( 2.00)        -3.5275        -1.7638       -47.9942
     4 1     4P 1( 6.00)        -2.0518        -1.0259       -27.9165
     3 2     3D 1(10.00)       -11.1132        -5.5566      -151.2031
     4 2     4D 1( 1.00)        -0.1849        -0.0924        -2.5157
     5 0     5S 1( 2.00)        -0.3015        -0.1508        -4.1023
     5 1     5P 1( 0.00)        -0.1059        -0.0529        -1.4406

     final scf error:  3.6E-15 reached in  38 iterations
 
     Etot =   -6770.389969 Ry,   -3385.194984 Ha,  -92115.848236 eV

     Ekin =    6952.088712 Ry,    3476.044356 Ha,   94587.985574 eV
     Encl =  -16301.651845 Ry,   -8150.825922 Ha, -221795.272399 eV
     Eh   =    2797.862165 Ry,    1398.931083 Ha,   38066.854020 eV
     Exc  =    -218.689001 Ry,    -109.344500 Ha,   -2975.415432 eV


     normalization and overlap integrals

     s(1S/1S) =  1.000000  <r> =   0.0381  <r2> =    0.0020  r(max) =   0.0247
     s(1S/2S) = -0.007679
     s(1S/3S) = -0.003044
     s(1S/4S) = -0.001166
     s(1S/5S) = -0.000349
     s(2S/2S) =  1.000000  <r> =   0.1674  <r2> =    0.0330  r(max) =   0.1404
     s(2S/3S) = -0.001824
     s(2S/4S) = -0.000678
     s(2S/5S) = -0.000202
     s(2P/2P) =  1.000000  <r> =   0.1459  <r2> =    0.0260  r(max) =   0.1121
     s(2P/3P) = -0.001485
     s(2P/4P) = -0.000493
     s(2P/5P) = -0.000117
     s(3S/3S) =  1.000000  <r> =   0.4747  <r2> =    0.2585  r(max) =   0.4217
     s(3S/4S) = -0.000425
     s(3S/5S) = -0.000125
     s(3P/3P) =  1.000000  <r> =   0.4796  <r2> =    0.2683  r(max) =   0.4164
     s(3P/4P) = -0.000336
     s(3P/5P) = -0.000079
     s(4S/4S) =  1.000000  <r> =   1.2790  <r2> =    1.8571  r(max) =   1.1319
     s(4S/5S) = -0.000066
     s(4P/4P) =  1.000000  <r> =   1.4571  <r2> =    2.4422  r(max) =   1.2510
     s(4P/5P) = -0.000039
     s(3D/3D) =  1.000000  <r> =   0.4742  <r2> =    0.2730  r(max) =   0.3629
     s(3D/4D) = -0.000149
     s(4D/4D) =  1.000000  <r> =   2.6892  <r2> =    9.2030  r(max) =   1.7752
     s(5S/5S) =  1.000000  <r> =   3.9625  <r2> =   17.9114  r(max) =   3.3583
     s(5P/5P) =  1.000000  <r> =   5.4299  <r2> =   34.1648  r(max) =   4.4213

     ------------------------ End of All-electron run ------------------------


     --------------------- Generating US pseudopotential ---------------------


      Generating local potential from pseudized AE potential:
      Matching radius rcloc =   2.4000

      Local pseudo, rcloc= 2.426 Estimated cut-off energy=     4.22 Ry

      Computing core charge for nlcc: 

       r > 0.90 : true rho core
       r < 0.90 : rho core = a sin(br)/r    a=  11.83  b=   3.03

      Integrated core pseudo-charge :   4.41
      Wfc-us  4S rcutus= 1.586  Estimated cut-off energy=    20.15 Ry
      Wfc-us  5S rcutus= 1.586  Estimated cut-off energy=    32.87 Ry
      Wfc-us  4P rcutus= 1.710  Estimated cut-off energy=    27.47 Ry
      Wfc-us  5P rcutus= 1.710  Estimated cut-off energy=    36.50 Ry
      Wfc-us  4D rcutus= 1.890  Estimated cut-off energy=    31.19 Ry
      Wfc-us  4D rcutus= 1.890  Estimated cut-off energy=    32.28 Ry

      The bmat matrix
    -0.06542     0.54874     0.00000     0.00000     0.00000     0.00000
    -0.00291     0.15783     0.00000     0.00000     0.00000     0.00000
     0.00000     0.00000    -1.03665    -0.15893     0.00000     0.00000
     0.00000     0.00000    -0.23044    -0.03671     0.00000     0.00000
     0.00000     0.00000     0.00000     0.00000    -0.32944    -0.30092
     0.00000     0.00000     0.00000     0.00000    -0.30115    -0.27490

      The bmat + epsilon qq matrix
     1.99200     0.60032     0.00000     0.00000     0.00000     0.00000
     0.60053     0.17316     0.00000     0.00000     0.00000     0.00000
     0.00000     0.00000    -0.71491    -0.15503     0.00000     0.00000
     0.00000     0.00000    -0.15496    -0.03578     0.00000     0.00000
     0.00000     0.00000     0.00000     0.00000    -0.32900    -0.30108
     0.00000     0.00000     0.00000     0.00000    -0.30105    -0.27459

      The qq matrix
    -0.58325    -0.17107     0.00000     0.00000     0.00000     0.00000
    -0.17107    -0.05082     0.00000     0.00000     0.00000     0.00000
     0.00000     0.00000    -0.15681    -0.03679     0.00000     0.00000
     0.00000     0.00000    -0.03679    -0.00875     0.00000     0.00000
     0.00000     0.00000     0.00000     0.00000    -0.00237    -0.00053
     0.00000     0.00000     0.00000     0.00000    -0.00053     0.00105

     Q pseudized with Bessel functions
     Expected ecutrho=     251.8304 due to l1=  2   l2=  2

      The ddd matrix
    -1.79859    -0.52754     0.00000     0.00000     0.00000     0.00000
    -0.52754    -0.16633     0.00000     0.00000     0.00000     0.00000
     0.00000     0.00000    -1.64904    -0.37862     0.00000     0.00000
     0.00000     0.00000    -0.37862    -0.08996     0.00000     0.00000
     0.00000     0.00000     0.00000     0.00000    -0.31993    -0.28497
     0.00000     0.00000     0.00000     0.00000    -0.28497    -0.25254

     ------------------- End of pseudopotential generation -------------------

     --------------------------- All-electron run ----------------------------

     Y                                                                          
     scalar relativistic calculation

     atomic number is 39.00
     dft =PBE   lsd =0 sic =0 latt =0  beta=0.20 tr2=1.0E-14
     Exchange-correlation= PBE
                           (   1   4   3   4   0   0   0)
     mesh =1223 r(mesh) = 100.62879 a.u. xmin = -7.00 dx = 0.01250
     1 Ry =  13.60569312 eV, c = 137.03599908

     n l     nl                  e(Ry)          e(Ha)          e(eV)
     1 0     1S 1( 2.00)     -1239.7347      -619.8673    -16867.4497
     2 0     2S 1( 2.00)      -169.8920       -84.9460     -2311.4989
     2 1     2P 1( 6.00)      -151.2489       -75.6244     -2057.8456
     3 0     3S 1( 2.00)       -27.1192       -13.5596      -368.9761
     3 1     3P 1( 6.00)       -21.0713       -10.5356      -286.6890
     4 0     4S 1( 2.00)        -3.5275        -1.7638       -47.9942
     4 1     4P 1( 6.00)        -2.0518        -1.0259       -27.9165
     3 2     3D 1(10.00)       -11.1132        -5.5566      -151.2031
     4 2     4D 1( 1.00)        -0.1849        -0.0924        -2.5157
     5 0     5S 1( 2.00)        -0.3015        -0.1508        -4.1023
     5 1     5P 1( 0.00)        -0.1059        -0.0529        -1.4406

     final scf error:  3.6E-15 reached in  38 iterations
 
     Etot =   -6770.389969 Ry,   -3385.194984 Ha,  -92115.848236 eV

     Ekin =    6952.088712 Ry,    3476.044356 Ha,   94587.985574 eV
     Encl =  -16301.651845 Ry,   -8150.825922 Ha, -221795.272399 eV
     Eh   =    2797.862165 Ry,    1398.931083 Ha,   38066.854020 eV
     Exc  =    -218.689001 Ry,    -109.344500 Ha,   -2975.415432 eV


     normalization and overlap integrals

     s(1S/1S) =  1.000000  <r> =   0.0381  <r2> =    0.0020  r(max) =   0.0247
     s(1S/2S) = -0.007679
     s(1S/3S) = -0.003044
     s(1S/4S) = -0.001166
     s(1S/5S) = -0.000349
     s(2S/2S) =  1.000000  <r> =   0.1674  <r2> =    0.0330  r(max) =   0.1404
     s(2S/3S) = -0.001824
     s(2S/4S) = -0.000678
     s(2S/5S) = -0.000202
     s(2P/2P) =  1.000000  <r> =   0.1459  <r2> =    0.0260  r(max) =   0.1121
     s(2P/3P) = -0.001485
     s(2P/4P) = -0.000493
     s(2P/5P) = -0.000117
     s(3S/3S) =  1.000000  <r> =   0.4747  <r2> =    0.2585  r(max) =   0.4217
     s(3S/4S) = -0.000425
     s(3S/5S) = -0.000125
     s(3P/3P) =  1.000000  <r> =   0.4796  <r2> =    0.2683  r(max) =   0.4164
     s(3P/4P) = -0.000336
     s(3P/5P) = -0.000079
     s(4S/4S) =  1.000000  <r> =   1.2790  <r2> =    1.8571  r(max) =   1.1319
     s(4S/5S) = -0.000066
     s(4P/4P) =  1.000000  <r> =   1.4571  <r2> =    2.4422  r(max) =   1.2510
     s(4P/5P) = -0.000039
     s(3D/3D) =  1.000000  <r> =   0.4742  <r2> =    0.2730  r(max) =   0.3629
     s(3D/4D) = -0.000149
     s(4D/4D) =  1.000000  <r> =   2.6892  <r2> =    9.2030  r(max) =   1.7752
     s(5S/5S) =  1.000000  <r> =   3.9625  <r2> =   17.9114  r(max) =   3.3583
     s(5P/5P) =  1.000000  <r> =   5.4299  <r2> =   34.1648  r(max) =   4.4213

     ------------------------ End of All-electron run ------------------------


     ---------------------- Testing the pseudopotential ----------------------

     Y                                                                          
     scalar relativistic calculation

     atomic number is 39.00   valence charge is 11.00
     dft =PBE   lsd =0 sic =0 latt =0  beta=0.20 tr2=1.0E-14
     mesh =1223 r(mesh) = 100.62879 xmin = -7.00 dx = 0.01250

     n l     nl             e AE (Ry)        e PS (Ry)    De AE-PS (Ry) 
     1 0     4S   1( 2.00)       -3.52751       -3.52748       -0.00003
     2 0     5S   1( 2.00)       -0.30152       -0.30151       -0.00000
     2 1     4P   1( 6.00)       -2.05182       -2.05180       -0.00002
     3 1     5P   1( 0.00)       -0.10588       -0.10588       -0.00000
     3 2     4D   1( 1.00)       -0.18490       -0.18489       -0.00001

     eps = 9.7E-15  iter =  5
 
     Etot =   -6770.389969 Ry,   -3385.194984 Ha,  -92115.848236 eV
     Etotps =   -84.450995 Ry,     -42.225498 Ha,   -1149.014324 eV

     Ekin =      29.573645 Ry,      14.786823 Ha,     402.369940 eV
     Encl =    -140.112540 Ry,     -70.056270 Ha,   -1906.328223 eV
     Ehrt =      59.093496 Ry,      29.546748 Ha,     804.007969 eV
     Ecxc =     -18.861427 Ry,      -9.430713 Ha,    -256.622784 eV
     (Ecc =      -7.689806 Ry,      -3.844903 Ha,    -104.625144 eV)
     Epseu=     -14.144169 Ry,      -7.072085 Ha,    -192.441226 eV

     ---------------------- End of pseudopotential test ----------------------

