[0] MPI startup(): I_MPI_SHM_LMT environment variable is not supported.
[0] MPI startup(): Similar variables:
	 I_MPI_SHM_HEAP
	 I_MPI_SHM
	 I_MPI_SHM_OPT
	 I_MPI_SHM_THP
[0] MPI startup(): To check the list of supported variables, use the impi_info utility or refer to https://software.intel.com/en-us/mpi-library/documentation/get-started.

     Program LD1 v.7.3.1 starts on 19Sep2024 at 21:47:24 

     This program is part of the open-source Quantum ESPRESSO suite
     for quantum simulation of materials; please cite
         "P. Giannozzi et al., J. Phys.:Condens. Matter 21 395502 (2009);
         "P. Giannozzi et al., J. Phys.:Condens. Matter 29 465901 (2017);
         "P. Giannozzi et al., J. Chem. Phys. 152 154105 (2020);
          URL http://www.quantum-espresso.org", 
     in publications or presentations arising from this work. More details at
     http://www.quantum-espresso.org/quote

     Parallel version (MPI), running on     1 processors

     MPI processes distributed on     1 nodes
     89858 MiB available memory on the printing compute node when the environment starts
 
     Waiting for input...
     Reading input from standard input
     --------------------------- All-electron run ----------------------------

     Zn                                                                         
     scalar relativistic calculation

     atomic number is 30.00
     dft =PBE   lsd =0 sic =0 latt =0  beta=0.20 tr2=1.0E-14
     Exchange-correlation= PBE
                           (   1   4   3   4   0   0   0)
     mesh =1201 r(mesh) =  99.36527 a.u. xmin = -7.00 dx = 0.01250
     1 Ry =  13.60569312 eV, c = 137.03599908

     n l     nl                  e(Ry)          e(Ha)          e(eV)
     1 0     1S 1( 2.00)      -700.1289      -350.0645     -9525.7391
     2 0     2S 1( 2.00)       -85.1358       -42.5679     -1158.3320
     2 1     2P 1( 6.00)       -73.7947       -36.8974     -1004.0284
     3 0     3S 1( 2.00)        -9.4984        -4.7492      -129.2320
     3 1     3P 1( 6.00)        -6.1299        -3.0650       -83.4022
     3 2     3D 1(10.00)        -0.7453        -0.3726       -10.1401
     4 0     4S 1( 2.00)        -0.4394        -0.2197        -5.9784
     4 1     4P 1( 0.00)        -0.0820        -0.0410        -1.1157

     final scf error:  2.0E-15 reached in  27 iterations
 
     Etot =   -3592.040867 Ry,   -1796.020433 Ha,  -48872.205716 eV

     Ekin =    3649.231452 Ry,    1824.615726 Ha,   49650.323265 eV
     Encl =   -8655.752198 Ry,   -4327.876099 Ha, -117767.508157 eV
     Eh   =    1557.506062 Ry,     778.753031 Ha,   21190.949512 eV
     Exc  =    -143.026182 Ry,     -71.513091 Ha,   -1945.970336 eV


     normalization and overlap integrals

     s(1S/1S) =  1.000000  <r> =   0.0503  <r2> =    0.0034  r(max) =   0.0329
     s(1S/2S) = -0.004338
     s(1S/3S) = -0.001613
     s(1S/4S) = -0.000378
     s(2S/2S) =  1.000000  <r> =   0.2262  <r2> =    0.0604  r(max) =   0.1894
     s(2S/3S) = -0.000938
     s(2S/4S) = -0.000215
     s(2P/2P) =  1.000000  <r> =   0.1983  <r2> =    0.0482  r(max) =   0.1513
     s(2P/3P) = -0.000747
     s(2P/4P) = -0.000101
     s(3S/3S) =  1.000000  <r> =   0.6810  <r2> =    0.5360  r(max) =   0.5908
     s(3S/4S) = -0.000126
     s(3P/3P) =  1.000000  <r> =   0.7133  <r2> =    0.6015  r(max) =   0.5908
     s(3P/4P) = -0.000063
     s(3D/3D) =  1.000000  <r> =   0.9115  <r2> =    1.1324  r(max) =   0.5691
     s(4S/4S) =  1.000000  <r> =   2.6547  <r2> =    8.2934  r(max) =   2.0882
     s(4P/4P) =  1.000000  <r> =   4.3426  <r2> =   23.2889  r(max) =   3.0765

     ------------------------ End of All-electron run ------------------------


     --------------------- Generating PAW atomic setup --------------------


      Generating local potential from pseudized AE potential:
      Matching radius rcloc =   1.7000

      Local pseudo, rcloc= 1.688 Estimated cut-off energy=     8.66 Ry

      Computing core charge for nlcc: 

       r > 0.70 : true rho core
       r < 0.70 : rho core = a sin(br)/r    a=  24.02  b=   3.34

      Integrated core pseudo-charge :   8.68
      Wfc-us  4S rcutus= 2.223  Estimated cut-off energy=     9.14 Ry
      Wfc-us  4S rcutus= 2.223  Estimated cut-off energy=    23.74 Ry
      Wfc-us  4P rcutus= 2.279  Estimated cut-off energy=    13.89 Ry
      Wfc-us  4P rcutus= 2.279  Estimated cut-off energy=    31.25 Ry
      Wfc-us  3D rcutus= 1.820  Estimated cut-off energy=    35.77 Ry
      Wfc-us  3D rcutus= 1.820  Estimated cut-off energy=    39.18 Ry

      The bmat matrix
     0.95874     0.64198     0.00000     0.00000     0.00000     0.00000
     0.51984     0.55013     0.00000     0.00000     0.00000     0.00000
     0.00000     0.00000     0.11681     0.31422     0.00000     0.00000
     0.00000     0.00000     0.21452     0.98042     0.00000     0.00000
     0.00000     0.00000     0.00000     0.00000    -0.95930    -0.52873
     0.00000     0.00000     0.00000     0.00000    -0.47571    -0.26304

      The bmat + epsilon qq matrix
     1.01226     0.52781     0.00000     0.00000     0.00000     0.00000
     0.52806     0.90677     0.00000     0.00000     0.00000     0.00000
     0.00000     0.00000     0.11780     0.21568     0.00000     0.00000
     0.00000     0.00000     0.21580     0.89822     0.00000     0.00000
     0.00000     0.00000     0.00000     0.00000    -1.46983    -0.74761
     0.00000     0.00000     0.00000     0.00000    -0.74759    -0.37963

      The qq matrix
    -0.12180    -0.01872     0.00000     0.00000     0.00000     0.00000
    -0.01872     0.05847     0.00000     0.00000     0.00000     0.00000
     0.00000     0.00000    -0.01210    -0.01564     0.00000     0.00000
     0.00000     0.00000    -0.01564    -0.01305     0.00000     0.00000
     0.00000     0.00000     0.00000     0.00000     0.68501     0.36479
     0.00000     0.00000     0.00000     0.00000     0.36479     0.19433


    multipoles (all-electron charge) - (pseudo charge)
        ns l1:ns1 l2    l=0     l=1     l=2     l=3     l=4     l=5  
         1  0:  1  0 -0.1218
         2  0:  1  0 -0.0187
         2  0:  2  0  0.0585
         3  1:  1  0  0.0000  0.0522
         3  1:  2  0  0.0000  0.0056
         3  1:  3  1 -0.0121  0.0000 -0.0296
         4  1:  1  0  0.0000  0.0741
         4  1:  2  0  0.0000 -0.0182
         4  1:  3  1 -0.0156  0.0000 -0.0281
         4  1:  4  1 -0.0130  0.0000 -0.0215
         5  2:  1  0  0.0000  0.0000  0.1017
         5  2:  2  0  0.0000  0.0000 -0.0613
         5  2:  3  1  0.0000 -0.0672  0.0000 -0.0538
         5  2:  4  1  0.0000 -0.0501  0.0000  0.0266
         5  2:  5  2  0.6850  0.0000  0.3332  0.0000  0.2558
         6  2:  1  0  0.0000  0.0000  0.0506
         6  2:  2  0  0.0000  0.0000 -0.0277
         6  2:  3  1  0.0000 -0.0345  0.0000 -0.0256
         6  2:  4  1  0.0000 -0.0286  0.0000  0.0103
         6  2:  5  2  0.3648  0.0000  0.1749  0.0000  0.1322
         6  2:  6  2  0.1943  0.0000  0.0918  0.0000  0.0684
     Required augmentation: PSQ   radius:    1.300000

     Q pseudized with Bessel functions
     Expected ecutrho=     232.4748 due to l1=  2   l2=  2

     Estimated PAW energy = -243.755168 Ryd

     The PAW screened D coefficients
     1.01226     0.52806     0.00000     0.00000     0.00000     0.00000
     0.52806     0.90677     0.00000     0.00000     0.00000     0.00000
     0.00000     0.00000     0.11780     0.21580     0.00000     0.00000
     0.00000     0.00000     0.21580     0.89822     0.00000     0.00000
     0.00000     0.00000     0.00000     0.00000    -1.46983    -0.74759
     0.00000     0.00000     0.00000     0.00000    -0.74759    -0.37963

     The PAW descreened D coefficients (US)
     0.50967     1.88122     0.00000     0.00000     0.00000     0.00000
     1.88122     1.06940     0.00000     0.00000     0.00000     0.00000
     0.00000     0.00000     0.12225     0.25448     0.00000     0.00000
     0.00000     0.00000     0.25448     0.33693     0.00000     0.00000
     0.00000     0.00000     0.00000     0.00000     3.54843     1.94010
     0.00000     0.00000     0.00000     0.00000     1.94010     1.06003

     ------------------- End of pseudopotential generation -------------------

     --------------------------- All-electron run ----------------------------

     Zn                                                                         
     scalar relativistic calculation

     atomic number is 30.00
     dft = SLA  PW   PBX  PBC   lsd =0 sic =0 latt =0  beta=0.20 tr2=1.0E-14
     Exchange-correlation=  SLA  PW   PBX  PBC
                           (   1   4   3   4   0   0   0)
     mesh =1201 r(mesh) =  99.36527 a.u. xmin = -7.00 dx = 0.01250
     1 Ry =  13.60569312 eV, c = 137.03599908

     n l     nl                  e(Ry)          e(Ha)          e(eV)
     1 0     1S 1( 2.00)      -700.1289      -350.0645     -9525.7391
     2 0     2S 1( 2.00)       -85.1358       -42.5679     -1158.3320
     2 1     2P 1( 6.00)       -73.7947       -36.8974     -1004.0284
     3 0     3S 1( 2.00)        -9.4984        -4.7492      -129.2320
     3 1     3P 1( 6.00)        -6.1299        -3.0650       -83.4022
     3 2     3D 1(10.00)        -0.7453        -0.3726       -10.1401
     4 0     4S 1( 2.00)        -0.4394        -0.2197        -5.9784
     4 1     4P 1( 0.00)        -0.0820        -0.0410        -1.1157

     final scf error:  2.0E-15 reached in  27 iterations
 
     Etot =   -3592.040867 Ry,   -1796.020433 Ha,  -48872.205716 eV

     Ekin =    3649.231452 Ry,    1824.615726 Ha,   49650.323265 eV
     Encl =   -8655.752198 Ry,   -4327.876099 Ha, -117767.508157 eV
     Eh   =    1557.506062 Ry,     778.753031 Ha,   21190.949512 eV
     Exc  =    -143.026182 Ry,     -71.513091 Ha,   -1945.970336 eV


     normalization and overlap integrals

     s(1S/1S) =  1.000000  <r> =   0.0503  <r2> =    0.0034  r(max) =   0.0329
     s(1S/2S) = -0.004338
     s(1S/3S) = -0.001613
     s(1S/4S) = -0.000378
     s(2S/2S) =  1.000000  <r> =   0.2262  <r2> =    0.0604  r(max) =   0.1894
     s(2S/3S) = -0.000938
     s(2S/4S) = -0.000215
     s(2P/2P) =  1.000000  <r> =   0.1983  <r2> =    0.0482  r(max) =   0.1513
     s(2P/3P) = -0.000747
     s(2P/4P) = -0.000101
     s(3S/3S) =  1.000000  <r> =   0.6810  <r2> =    0.5360  r(max) =   0.5908
     s(3S/4S) = -0.000126
     s(3P/3P) =  1.000000  <r> =   0.7133  <r2> =    0.6015  r(max) =   0.5908
     s(3P/4P) = -0.000063
     s(3D/3D) =  1.000000  <r> =   0.9115  <r2> =    1.1324  r(max) =   0.5691
     s(4S/4S) =  1.000000  <r> =   2.6547  <r2> =    8.2934  r(max) =   2.0882
     s(4P/4P) =  1.000000  <r> =   4.3426  <r2> =   23.2889  r(max) =   3.0765

     ------------------------ End of All-electron run ------------------------


     ---------------------- Testing the pseudopotential ----------------------

     Zn                                                                         
     scalar relativistic calculation

     atomic number is 30.00   valence charge is 12.00
     dft = SLA  PW   PBX  PBC   lsd =0 sic =0 latt =0  beta=0.20 tr2=1.0E-14
     mesh =1201 r(mesh) =  99.36527 xmin = -7.00 dx = 0.01250

     n l     nl             e AE (Ry)        e PS (Ry)    De AE-PS (Ry) 
     1 0     4S   1( 2.00)       -0.43941       -0.43941        0.00000
     2 1     4P   1( 0.00)       -0.08200       -0.08200        0.00000
     3 2     3D   1(10.00)       -0.74529       -0.74529        0.00001

     eps = 4.1E-15  iter =  4
 
     Etot =   -3592.040867 Ry,   -1796.020433 Ha,  -48872.205716 eV
     Etotps =  -243.755177 Ry,    -121.877589 Ha,   -3316.458139 eV

     Ekin =     226.464608 Ry,     113.232304 Ha,    3081.207957 eV
     Encl =    -450.136669 Ry,    -225.068335 Ha,   -6124.421387 eV
     Ehrt =     122.943057 Ry,      61.471529 Ha,    1672.725511 eV
     Ecxc =    -143.026173 Ry,     -71.513087 Ha,   -1945.970220 eV
     (Ecc =     -18.004155 Ry,      -9.002077 Ha,    -244.959006 eV)

     ---------------------- End of pseudopotential test ----------------------

