[0] MPI startup(): I_MPI_SHM_LMT environment variable is not supported.
[0] MPI startup(): Similar variables:
	 I_MPI_SHM_HEAP
	 I_MPI_SHM
	 I_MPI_SHM_OPT
	 I_MPI_SHM_THP
[0] MPI startup(): To check the list of supported variables, use the impi_info utility or refer to https://software.intel.com/en-us/mpi-library/documentation/get-started.

     Program LD1 v.7.3.1 starts on 19Sep2024 at 21:47:27 

     This program is part of the open-source Quantum ESPRESSO suite
     for quantum simulation of materials; please cite
         "P. Giannozzi et al., J. Phys.:Condens. Matter 21 395502 (2009);
         "P. Giannozzi et al., J. Phys.:Condens. Matter 29 465901 (2017);
         "P. Giannozzi et al., J. Chem. Phys. 152 154105 (2020);
          URL http://www.quantum-espresso.org", 
     in publications or presentations arising from this work. More details at
     http://www.quantum-espresso.org/quote

     Parallel version (MPI), running on     1 processors

     MPI processes distributed on     1 nodes
     89836 MiB available memory on the printing compute node when the environment starts
 
     Waiting for input...
     Reading input from standard input
     --------------------------- All-electron run ----------------------------

     Ag                                                                         
     dirac relativistic calculation

     atomic number is 47.00
     dft =LDA   lsd =0 sic =0 latt =0  beta=0.20 tr2=1.0E-14
     Exchange-correlation= LDA
                           (   1   1   0   0   0   0   0)
     mesh =1237 r(mesh) =  99.46963 a.u. xmin = -7.00 dx = 0.01250
     1 Ry =  13.60569312 eV, c = 137.03599908

     n l j   nl                  e(Ry)          e(Ha)          e(eV)
     Spin orbit split results
     1 0 0.5 1S 1( 2.00)     -1858.4991      -929.2495    -25286.1683
     2 0 0.5 2S 1( 2.00)      -273.7719      -136.8860     -3724.8565
     2 1 0.5 2P 1( 2.00)      -254.5776      -127.2888     -3463.7049
     2 1 1.5 2P 1( 4.00)      -241.7110      -120.8555     -3288.6462
     3 0 0.5 3S 1( 2.00)       -50.2844       -25.1422      -684.1535
     3 1 0.5 3P 1( 2.00)       -42.6403       -21.3202      -580.1513
     3 1 1.5 3P 1( 4.00)       -40.3693       -20.1846      -549.2517
     4 0 0.5 4S 1( 2.00)        -7.1285        -3.5642       -96.9881
     4 1 0.5 4P 1( 2.00)        -4.7120        -2.3560       -64.1098
     4 1 1.5 4P 1( 4.00)        -4.3309        -2.1655       -58.9254
     3 2 1.5 3D 1( 4.00)       -26.7842       -13.3921      -364.4169
     3 2 2.5 3D 1( 6.00)       -26.3263       -13.1631      -358.1872
     4 2 1.5 4D 1( 4.00)        -0.7035        -0.3517        -9.5715
     4 2 2.5 4D 1( 5.50)        -0.6608        -0.3304        -8.9904
     5 0 0.5 5S 1( 1.50)        -0.3882        -0.1941        -5.2811
     5 1 0.5 5P 1( 0.00)        -0.0900        -0.0450        -1.2245
     5 1 1.5 5P 1( 0.00)        -0.0783        -0.0392        -1.0654
     Averaged results
     1 0     1S 1( 2.00)     -1858.4991      -929.2495    -25286.1683
     2 0     2S 1( 2.00)      -273.7719      -136.8860     -3724.8565
     2 1     2P 1( 6.00)      -245.9999      -122.9999     -3346.9991
     3 0     3S 1( 2.00)       -50.2844       -25.1422      -684.1535
     3 1     3P 1( 6.00)       -41.1263       -20.5631      -559.5515
     4 0     4S 1( 2.00)        -7.1285        -3.5642       -96.9881
     4 1     4P 1( 6.00)        -4.4580        -2.2290       -60.6535
     3 2     3D 1(10.00)       -26.5094       -13.2547      -360.6791
     4 2     4D 1( 9.50)        -0.6779        -0.3389        -9.2228
     5 0     5S 1( 1.50)        -0.3882        -0.1941        -5.2811
     5 1     5P 1( 0.00)        -0.0822        -0.0411        -1.1185

     final scf error:  3.0E-15 reached in  30 iterations
 
     Etot =  -10624.554640 Ry,   -5312.277320 Ha, -144554.430002 eV

     Ekin =   11116.241146 Ry,    5558.120573 Ha,  151244.165716 eV
     Encl =  -25769.753025 Ry,  -12884.876512 Ha, -350615.351511 eV
     Eh   =    4317.667603 Ry,    2158.833802 Ha,   58744.860417 eV
     Exc  =    -288.710365 Ry,    -144.355182 Ha,   -3928.104624 eV


     normalization and overlap integrals

     s(1S/1S) =  1.000000  <r> =   0.0311  <r2> =    0.0013  r(max) =   0.0202
     s(1S/2S) = -0.000000
     s(1S/3S) = -0.000000
     s(1S/4S) =  0.000000
     s(1S/5S) =  0.000000
     s(2S/2S) =  1.000000  <r> =   0.1347  <r2> =    0.0214  r(max) =   0.1136
     s(2S/3S) =  0.000000
     s(2S/4S) =  0.000000
     s(2S/5S) =  0.000000
     s(2P/2P) =  1.000000  <r> =   0.1142  <r2> =    0.0160  r(max) =   0.0885
     s(2P/3P) =  0.000000
     s(2P/4P) =  0.000000
     s(2P/5P) =  0.000000
     s(2P/2P) =  1.000000  <r> =   0.1192  <r2> =    0.0173  r(max) =   0.0930
     s(2P/3P) =  0.000000
     s(2P/4P) =  0.000000
     s(2P/5P) =  0.000000
     s(3S/3S) =  1.000000  <r> =   0.3690  <r2> =    0.1559  r(max) =   0.3328
     s(3S/4S) =  0.000000
     s(3S/5S) =  0.000000
     s(3P/3P) =  1.000000  <r> =   0.3604  <r2> =    0.1512  r(max) =   0.3206
     s(3P/4P) =  0.000000
     s(3P/5P) =  0.000000
     s(3P/3P) =  1.000000  <r> =   0.3714  <r2> =    0.1603  r(max) =   0.3287
     s(3P/4P) =  0.000000
     s(3P/5P) =  0.000000
     s(4S/4S) =  1.000000  <r> =   0.9101  <r2> =    0.9397  r(max) =   0.8186
     s(4S/5S) =  0.000000
     s(4P/4P) =  1.000000  <r> =   0.9762  <r2> =    1.0940  r(max) =   0.8606
     s(4P/5P) =  0.000000
     s(4P/4P) =  1.000000  <r> =   1.0082  <r2> =    1.1673  r(max) =   0.8824
     s(4P/5P) = -0.000000
     s(3D/3D) =  1.000000  <r> =   0.3440  <r2> =    0.1411  r(max) =   0.2725
     s(3D/4D) =  0.000000
     s(3D/3D) =  1.000000  <r> =   0.3475  <r2> =    0.1439  r(max) =   0.2759
     s(3D/4D) = -0.000000
     s(4D/4D) =  1.000000  <r> =   1.3740  <r2> =    2.3291  r(max) =   1.0252
     s(4D/4D) =  1.000000  <r> =   1.3980  <r2> =    2.4172  r(max) =   1.0381
     s(5S/5S) =  1.000000  <r> =   3.0178  <r2> =   10.5552  r(max) =   2.4287
     s(5P/5P) =  1.000000  <r> =   4.4970  <r2> =   24.3488  r(max) =   3.3614
     s(5P/5P) =  1.000000  <r> =   4.7207  <r2> =   26.8665  r(max) =   3.5337

     ------------------------ End of All-electron run ------------------------


     --------------------- Generating PAW atomic setup --------------------


      Generating local potential from pseudized AE potential:
      Matching radius rcloc =   2.4000

      Local pseudo, rcloc= 2.399 Estimated cut-off energy=     4.33 Ry

      Computing core charge for nlcc: 

       r > 0.80 : true rho core
       r < 0.80 : rho core = a sin(br)/r    a=  17.98  b=   2.67

      Integrated core pseudo-charge :  10.71

     Fully relativistic calculation: |psi|^2

     Wfc 5S LC norm =  0.99995880 SC norm =  0.00003849 missing  0.00000271
     Speed at rcutus      0.559 a.u.,  v/c =  0.004080,  (v/c)^2 =  0.00001664

     Wfc 5P LC norm =  0.99998272 SC norm =  0.00001686 missing  0.00000042
     Speed at rcutus      0.420 a.u.,  v/c =  0.003062,  (v/c)^2 =  0.00000938

     Wfc 5P LC norm =  0.99998446 SC norm =  0.00001219 missing  0.00000336
     Speed at rcutus      0.390 a.u.,  v/c =  0.002845,  (v/c)^2 =  0.00000809

     Wfc 4D LC norm =  0.99978510 SC norm =  0.00021487 missing  0.00000004
     Speed at rcutus      0.570 a.u.,  v/c =  0.004159,  (v/c)^2 =  0.00001729

     Wfc 4D LC norm =  0.99979109 SC norm =  0.00020742 missing  0.00000149
     Speed at rcutus      0.589 a.u.,  v/c =  0.004301,  (v/c)^2 =  0.00001850
      Wfc-us  5S rcutus= 2.282  Estimated cut-off energy=     8.34 Ry
      Wfc-us  5S rcutus= 2.282  Estimated cut-off energy=    20.77 Ry
      Wfc-us  5P rcutus= 2.282  Estimated cut-off energy=    13.47 Ry
      Wfc-us  5P rcutus= 2.282  Estimated cut-off energy=    13.34 Ry
      Wfc-us  5P rcutus= 2.282  Estimated cut-off energy=    26.77 Ry
      Wfc-us  5P rcutus= 2.282  Estimated cut-off energy=    26.04 Ry
      Wfc-us  4D rcutus= 1.915  Estimated cut-off energy=    32.06 Ry
      Wfc-us  4D rcutus= 1.915  Estimated cut-off energy=    32.01 Ry
      Wfc-us  4D rcutus= 1.915  Estimated cut-off energy=    28.92 Ry
      Wfc-us  4D rcutus= 1.915  Estimated cut-off energy=    28.80 Ry

      The bmat matrix
     0.49534     0.39786     0.00000     0.00000     0.00000     0.00000
     0.00000     0.00000     0.00000     0.00000
     0.33436     0.35034     0.00000     0.00000     0.00000     0.00000
     0.00000     0.00000     0.00000     0.00000
     0.00000     0.00000     0.09088     0.00000     0.28775     0.00000
     0.00000     0.00000     0.00000     0.00000
     0.00000     0.00000     0.00000     0.07228     0.00000     0.24064
     0.00000     0.00000     0.00000     0.00000
     0.00000     0.00000     0.23851     0.00000     1.07976     0.00000
     0.00000     0.00000     0.00000     0.00000
     0.00000     0.00000     0.00000     0.22614     0.00000     1.07453
     0.00000     0.00000     0.00000     0.00000
     0.00000     0.00000     0.00000     0.00000     0.00000     0.00000
    -1.76877     0.00000    -1.09164     0.00000
     0.00000     0.00000     0.00000     0.00000     0.00000     0.00000
     0.00000    -1.74121     0.00000    -1.10016
     0.00000     0.00000     0.00000     0.00000     0.00000     0.00000
     0.12079     0.00000     0.13574     0.00000
     0.00000     0.00000     0.00000     0.00000     0.00000     0.00000
     0.00000     0.08693     0.00000     0.11753

      The bmat + epsilon qq matrix
     0.51496     0.33798     0.00000     0.00000     0.00000     0.00000
     0.00000     0.00000     0.00000     0.00000
     0.33794     0.53679     0.00000     0.00000     0.00000     0.00000
     0.00000     0.00000     0.00000     0.00000
     0.00000     0.00000     0.09074     0.00000     0.23921     0.00000
     0.00000     0.00000     0.00000     0.00000
     0.00000     0.00000     0.00000     0.07189     0.00000     0.22631
     0.00000     0.00000     0.00000     0.00000
     0.00000     0.00000     0.23923     0.00000     0.90193     0.00000
     0.00000     0.00000     0.00000     0.00000
     0.00000     0.00000     0.00000     0.22632     0.00000     0.90967
     0.00000     0.00000     0.00000     0.00000
     0.00000     0.00000     0.00000     0.00000     0.00000     0.00000
    -1.99024     0.00000    -0.04966     0.00000
     0.00000     0.00000     0.00000     0.00000     0.00000     0.00000
     0.00000    -1.94004     0.00000    -0.07116
     0.00000     0.00000     0.00000     0.00000     0.00000     0.00000
    -0.04968     0.00000     0.66823     0.00000
     0.00000     0.00000     0.00000     0.00000     0.00000     0.00000
     0.00000    -0.07119     0.00000     0.66411

      The qq matrix
    -0.05054    -0.00921     0.00000     0.00000     0.00000     0.00000
     0.00000     0.00000     0.00000     0.00000
    -0.00921     0.02868     0.00000     0.00000     0.00000     0.00000
     0.00000     0.00000     0.00000     0.00000
     0.00000     0.00000     0.00165     0.00000    -0.00809     0.00000
     0.00000     0.00000     0.00000     0.00000
     0.00000     0.00000     0.00000     0.00492     0.00000    -0.00239
     0.00000     0.00000     0.00000     0.00000
     0.00000     0.00000    -0.00809     0.00000    -0.02964     0.00000
     0.00000     0.00000     0.00000     0.00000
     0.00000     0.00000     0.00000    -0.00239     0.00000    -0.02748
     0.00000     0.00000     0.00000     0.00000
     0.00000     0.00000     0.00000     0.00000     0.00000     0.00000
     0.31481     0.00000     0.24232     0.00000
     0.00000     0.00000     0.00000     0.00000     0.00000     0.00000
     0.00000     0.30089     0.00000     0.23930
     0.00000     0.00000     0.00000     0.00000     0.00000     0.00000
     0.24232     0.00000     0.12383     0.00000
     0.00000     0.00000     0.00000     0.00000     0.00000     0.00000
     0.00000     0.23930     0.00000     0.12711


    multipoles (all-electron charge) - (pseudo charge)
        ns l1:ns1 l2    l=0     l=1     l=2     l=3     l=4     l=5  
         1  0:  1  0 -0.0505
         2  0:  1  0 -0.0092
         2  0:  2  0  0.0287
         3  1:  1  0  0.0000  0.0278
         3  1:  2  0  0.0000  0.0178
         3  1:  3  1  0.0016  0.0000 -0.0181
         4  1:  1  0  0.0000  0.0219
         4  1:  2  0  0.0000  0.0163
         4  1:  3  1  0.0034  0.0000 -0.0144
         4  1:  4  1  0.0049  0.0000 -0.0112
         5  1:  1  0  0.0000  0.0801
         5  1:  2  0  0.0000  0.0202
         5  1:  3  1 -0.0081  0.0000 -0.0484
         5  1:  4  1 -0.0043  0.0000 -0.0418
         5  1:  5  1 -0.0296  0.0000 -0.1040
         6  1:  1  0  0.0000  0.0790
         6  1:  2  0  0.0000  0.0250
         6  1:  3  1 -0.0064  0.0000 -0.0482
         6  1:  4  1 -0.0024  0.0000 -0.0411
         6  1:  5  1 -0.0290  0.0000 -0.1077
         6  1:  6  1 -0.0275  0.0000 -0.1107
         7  2:  1  0  0.0000  0.0000  0.2131
         7  2:  2  0  0.0000  0.0000  0.0356
         7  2:  3  1  0.0000 -0.1153  0.0000 -0.1405
         7  2:  4  1  0.0000 -0.1097  0.0000 -0.1350
         7  2:  5  1  0.0000 -0.1901  0.0000 -0.1745
         7  2:  6  1  0.0000 -0.2066  0.0000 -0.2025
         7  2:  7  2  0.3148  0.0000  0.2546  0.0000  0.2789
         8  2:  1  0  0.0000  0.0000  0.2127
         8  2:  2  0  0.0000  0.0000  0.0352
         8  2:  3  1  0.0000 -0.1145  0.0000 -0.1405
         8  2:  4  1  0.0000 -0.1089  0.0000 -0.1348
         8  2:  5  1  0.0000 -0.1887  0.0000 -0.1744
         8  2:  6  1  0.0000 -0.2052  0.0000 -0.2023
         8  2:  7  2  0.3075  0.0000  0.2493  0.0000  0.2737
         8  2:  8  2  0.3009  0.0000  0.2444  0.0000  0.2691
         9  2:  1  0  0.0000  0.0000 -0.0120
         9  2:  2  0  0.0000  0.0000  0.0008
         9  2:  3  1  0.0000 -0.0174  0.0000  0.0153
         9  2:  4  1  0.0000 -0.0186  0.0000  0.0112
         9  2:  5  1  0.0000 -0.0272  0.0000  0.0265
         9  2:  6  1  0.0000 -0.0301  0.0000  0.0269
         9  2:  7  2  0.2423  0.0000  0.1943  0.0000  0.2127
         9  2:  8  2  0.2382  0.0000  0.1921  0.0000  0.2115
         9  2:  9  2  0.1238  0.0000  0.0642  0.0000  0.0291
        10  2:  1  0  0.0000  0.0000 -0.0088
        10  2:  2  0  0.0000  0.0000  0.0014
        10  2:  3  1  0.0000 -0.0188  0.0000  0.0133
        10  2:  4  1  0.0000 -0.0200  0.0000  0.0092
        10  2:  5  1  0.0000 -0.0297  0.0000  0.0233
        10  2:  6  1  0.0000 -0.0329  0.0000  0.0233
        10  2:  7  2  0.2431  0.0000  0.1957  0.0000  0.2150
        10  2:  8  2  0.2393  0.0000  0.1935  0.0000  0.2133
        10  2:  9  2  0.1253  0.0000  0.0662  0.0000  0.0318
        10  2: 10  2  0.1271  0.0000  0.0683  0.0000  0.0351
     Required augmentation: PSQ   radius:    1.600000

     Q pseudized with Bessel functions
     Expected ecutrho=     164.8071 due to l1=  2   l2=  2

     Estimated PAW energy = -345.737533 Ryd

     The PAW screened D coefficients
     0.51496     0.33794     0.00000     0.00000     0.00000     0.00000
     0.00000     0.00000     0.00000     0.00000
     0.33794     0.53682     0.00000     0.00000     0.00000     0.00000
     0.00000     0.00000     0.00000     0.00000
     0.00000     0.00000     0.09074     0.00000     0.23923     0.00000
     0.00000     0.00000     0.00000     0.00000
     0.00000     0.00000     0.00000     0.07189     0.00000     0.22632
     0.00000     0.00000     0.00000     0.00000
     0.00000     0.00000     0.23923     0.00000     0.90193     0.00000
     0.00000     0.00000     0.00000     0.00000
     0.00000     0.00000     0.00000     0.22632     0.00000     0.90967
     0.00000     0.00000     0.00000     0.00000
     0.00000     0.00000     0.00000     0.00000     0.00000     0.00000
    -1.99024     0.00000    -0.04968     0.00000
     0.00000     0.00000     0.00000     0.00000     0.00000     0.00000
     0.00000    -1.94004     0.00000    -0.07119
     0.00000     0.00000     0.00000     0.00000     0.00000     0.00000
    -0.04968     0.00000     0.66826     0.00000
     0.00000     0.00000     0.00000     0.00000     0.00000     0.00000
     0.00000    -0.07119     0.00000     0.66415

     The PAW descreened D coefficients (US)
     0.46601     0.59735     0.00000     0.00000     0.00000     0.00000
     0.00000     0.00000     0.00000     0.00000
     0.59735     0.70328     0.00000     0.00000     0.00000     0.00000
     0.00000     0.00000     0.00000     0.00000
     0.00000     0.00000     0.15705     0.00000     0.35859     0.00000
     0.00000     0.00000     0.00000     0.00000
     0.00000     0.00000     0.00000     0.14470     0.00000     0.36530
     0.00000     0.00000     0.00000     0.00000
     0.00000     0.00000     0.35859     0.00000     1.14710     0.00000
     0.00000     0.00000     0.00000     0.00000
     0.00000     0.00000     0.00000     0.36530     0.00000     1.17329
     0.00000     0.00000     0.00000     0.00000
     0.00000     0.00000     0.00000     0.00000     0.00000     0.00000
    -0.26400     0.00000     1.34337     0.00000
     0.00000     0.00000     0.00000     0.00000     0.00000     0.00000
     0.00000    -0.29548     0.00000     1.29899
     0.00000     0.00000     0.00000     0.00000     0.00000     0.00000
     1.34337     0.00000     1.57565     0.00000
     0.00000     0.00000     0.00000     0.00000     0.00000     0.00000
     0.00000     1.29899     0.00000     1.58591

     ------------------- End of pseudopotential generation -------------------

     --------------------------- All-electron run ----------------------------

     Ag                                                                         
     dirac relativistic calculation

     atomic number is 47.00
     dft = SLA  PZ   NOGX NOGC   lsd =0 sic =0 latt =0  beta=0.20 tr2=1.0E-14
     Exchange-correlation=  SLA  PZ   NOGX NOGC
                           (   1   1   0   0   0   0   0)
     mesh =1237 r(mesh) =  99.46963 a.u. xmin = -7.00 dx = 0.01250
     1 Ry =  13.60569312 eV, c = 137.03599908

     n l j   nl                  e(Ry)          e(Ha)          e(eV)
     Spin orbit split results
     1 0 0.5 1S 1( 2.00)     -1858.4991      -929.2495    -25286.1683
     2 0 0.5 2S 1( 2.00)      -273.7719      -136.8860     -3724.8565
     2 1 0.5 2P 1( 2.00)      -254.5776      -127.2888     -3463.7049
     2 1 1.5 2P 1( 4.00)      -241.7110      -120.8555     -3288.6462
     3 0 0.5 3S 1( 2.00)       -50.2844       -25.1422      -684.1535
     3 1 0.5 3P 1( 2.00)       -42.6403       -21.3202      -580.1513
     3 1 1.5 3P 1( 4.00)       -40.3693       -20.1846      -549.2517
     4 0 0.5 4S 1( 2.00)        -7.1285        -3.5642       -96.9881
     4 1 0.5 4P 1( 2.00)        -4.7120        -2.3560       -64.1098
     4 1 1.5 4P 1( 4.00)        -4.3309        -2.1655       -58.9254
     3 2 1.5 3D 1( 4.00)       -26.7842       -13.3921      -364.4169
     3 2 2.5 3D 1( 6.00)       -26.3263       -13.1631      -358.1872
     4 2 1.5 4D 1( 4.00)        -0.7035        -0.3517        -9.5715
     4 2 2.5 4D 1( 5.50)        -0.6608        -0.3304        -8.9904
     5 0 0.5 5S 1( 1.50)        -0.3882        -0.1941        -5.2811
     5 1 0.5 5P 1( 0.00)        -0.0900        -0.0450        -1.2245
     5 1 1.5 5P 1( 0.00)        -0.0783        -0.0392        -1.0654
     Averaged results
     1 0     1S 1( 2.00)     -1858.4991      -929.2495    -25286.1683
     2 0     2S 1( 2.00)      -273.7719      -136.8860     -3724.8565
     2 1     2P 1( 6.00)      -245.9999      -122.9999     -3346.9991
     3 0     3S 1( 2.00)       -50.2844       -25.1422      -684.1535
     3 1     3P 1( 6.00)       -41.1263       -20.5631      -559.5515
     4 0     4S 1( 2.00)        -7.1285        -3.5642       -96.9881
     4 1     4P 1( 6.00)        -4.4580        -2.2290       -60.6535
     3 2     3D 1(10.00)       -26.5094       -13.2547      -360.6791
     4 2     4D 1( 9.50)        -0.6779        -0.3389        -9.2228
     5 0     5S 1( 1.50)        -0.3882        -0.1941        -5.2811
     5 1     5P 1( 0.00)        -0.0822        -0.0411        -1.1185

     final scf error:  3.0E-15 reached in  30 iterations
 
     Etot =  -10624.554640 Ry,   -5312.277320 Ha, -144554.430002 eV

     Ekin =   11116.241146 Ry,    5558.120573 Ha,  151244.165716 eV
     Encl =  -25769.753025 Ry,  -12884.876512 Ha, -350615.351511 eV
     Eh   =    4317.667603 Ry,    2158.833802 Ha,   58744.860417 eV
     Exc  =    -288.710365 Ry,    -144.355182 Ha,   -3928.104624 eV


     normalization and overlap integrals

     s(1S/1S) =  1.000000  <r> =   0.0311  <r2> =    0.0013  r(max) =   0.0202
     s(1S/2S) = -0.000000
     s(1S/3S) = -0.000000
     s(1S/4S) =  0.000000
     s(1S/5S) =  0.000000
     s(2S/2S) =  1.000000  <r> =   0.1347  <r2> =    0.0214  r(max) =   0.1136
     s(2S/3S) =  0.000000
     s(2S/4S) =  0.000000
     s(2S/5S) =  0.000000
     s(2P/2P) =  1.000000  <r> =   0.1142  <r2> =    0.0160  r(max) =   0.0885
     s(2P/3P) =  0.000000
     s(2P/4P) =  0.000000
     s(2P/5P) =  0.000000
     s(2P/2P) =  1.000000  <r> =   0.1192  <r2> =    0.0173  r(max) =   0.0930
     s(2P/3P) =  0.000000
     s(2P/4P) =  0.000000
     s(2P/5P) =  0.000000
     s(3S/3S) =  1.000000  <r> =   0.3690  <r2> =    0.1559  r(max) =   0.3328
     s(3S/4S) =  0.000000
     s(3S/5S) =  0.000000
     s(3P/3P) =  1.000000  <r> =   0.3604  <r2> =    0.1512  r(max) =   0.3206
     s(3P/4P) =  0.000000
     s(3P/5P) =  0.000000
     s(3P/3P) =  1.000000  <r> =   0.3714  <r2> =    0.1603  r(max) =   0.3287
     s(3P/4P) =  0.000000
     s(3P/5P) =  0.000000
     s(4S/4S) =  1.000000  <r> =   0.9101  <r2> =    0.9397  r(max) =   0.8186
     s(4S/5S) =  0.000000
     s(4P/4P) =  1.000000  <r> =   0.9762  <r2> =    1.0940  r(max) =   0.8606
     s(4P/5P) =  0.000000
     s(4P/4P) =  1.000000  <r> =   1.0082  <r2> =    1.1673  r(max) =   0.8824
     s(4P/5P) = -0.000000
     s(3D/3D) =  1.000000  <r> =   0.3440  <r2> =    0.1411  r(max) =   0.2725
     s(3D/4D) =  0.000000
     s(3D/3D) =  1.000000  <r> =   0.3475  <r2> =    0.1439  r(max) =   0.2759
     s(3D/4D) = -0.000000
     s(4D/4D) =  1.000000  <r> =   1.3740  <r2> =    2.3291  r(max) =   1.0252
     s(4D/4D) =  1.000000  <r> =   1.3980  <r2> =    2.4172  r(max) =   1.0381
     s(5S/5S) =  1.000000  <r> =   3.0178  <r2> =   10.5552  r(max) =   2.4287
     s(5P/5P) =  1.000000  <r> =   4.4970  <r2> =   24.3488  r(max) =   3.3614
     s(5P/5P) =  1.000000  <r> =   4.7207  <r2> =   26.8665  r(max) =   3.5337

     ------------------------ End of All-electron run ------------------------


     ---------------------- Testing the pseudopotential ----------------------

     Ag                                                                         
     dirac relativistic calculation

     atomic number is 47.00   valence charge is 11.00
     dft = SLA  PZ   NOGX NOGC   lsd =0 sic =0 latt =0  beta=0.20 tr2=1.0E-14
     mesh =1237 r(mesh) =  99.46963 xmin = -7.00 dx = 0.01250

     n l  j  nl             e AE (Ry)       e PS (Ry)    De AE-PS (Ry) 
     1 0 0.5 5S   1( 1.50)       -0.38815       -0.38816        0.00000
     2 1 0.5 5P   1( 0.00)       -0.09000       -0.09000       -0.00000
     2 1 1.5 5P   1( 0.00)       -0.07831       -0.07831        0.00000
     3 2 1.5 4D   1( 4.00)       -0.70349       -0.70350        0.00000
     3 2 2.5 4D   1( 5.50)       -0.66078       -0.66078        0.00000

     eps = 1.5E-16  iter =  4
 
     Etot =  -10624.554640 Ry,   -5312.277320 Ha, -144554.430002 eV
     Etotps =  -345.737538 Ry,    -172.868769 Ha,   -4703.998848 eV

     Ekin =     156.519087 Ry,      78.259544 Ha,    2129.550667 eV
     Encl =    -284.437445 Ry,    -142.218722 Ha,   -3869.968586 eV
     Ehrt =      70.891196 Ry,      35.445598 Ha,     964.523858 eV
     Ecxc =    -288.710377 Ry,    -144.355188 Ha,   -3928.104787 eV
     (Ecc =     -18.164855 Ry,      -9.082428 Ha,    -247.145444 eV)

     ---------------------- End of pseudopotential test ----------------------

