[0] MPI startup(): I_MPI_SHM_LMT environment variable is not supported.
[0] MPI startup(): Similar variables:
	 I_MPI_SHM_HEAP
	 I_MPI_SHM
	 I_MPI_SHM_OPT
	 I_MPI_SHM_THP
[0] MPI startup(): To check the list of supported variables, use the impi_info utility or refer to https://software.intel.com/en-us/mpi-library/documentation/get-started.

     Program LD1 v.7.3.1 starts on 19Sep2024 at 21:47:28 

     This program is part of the open-source Quantum ESPRESSO suite
     for quantum simulation of materials; please cite
         "P. Giannozzi et al., J. Phys.:Condens. Matter 21 395502 (2009);
         "P. Giannozzi et al., J. Phys.:Condens. Matter 29 465901 (2017);
         "P. Giannozzi et al., J. Chem. Phys. 152 154105 (2020);
          URL http://www.quantum-espresso.org", 
     in publications or presentations arising from this work. More details at
     http://www.quantum-espresso.org/quote

     Parallel version (MPI), running on     1 processors

     MPI processes distributed on     1 nodes
     89828 MiB available memory on the printing compute node when the environment starts
 
     Waiting for input...
     Reading input from standard input
     --------------------------- All-electron run ----------------------------

     Al                                                                         
     dirac relativistic calculation

     atomic number is 13.00
     dft =LDA   lsd =0 sic =0 latt =0  beta=0.20 tr2=1.0E-14
     Exchange-correlation= LDA
                           (   1   1   0   0   0   0   0)
     mesh =1135 r(mesh) = 100.48924 a.u. xmin = -7.00 dx = 0.01250
     1 Ry =  13.60569312 eV, c = 137.03599908

     n l j   nl                  e(Ry)          e(Ha)          e(eV)
     Spin orbit split results
     1 0 0.5 1S 1( 2.00)      -110.5560       -55.2780     -1504.1912
     2 0 0.5 2S 1( 2.00)        -7.8993        -3.9497      -107.4758
     2 1 0.5 2P 1( 2.00)        -5.1438        -2.5719       -69.9855
     2 1 1.5 2P 1( 4.00)        -5.1114        -2.5557       -69.5443
     3 0 0.5 3S 1( 2.00)        -0.5754        -0.2877        -7.8291
     3 1 0.5 3P 1( 1.00)        -0.2054        -0.1027        -2.7952
     3 1 1.5 3P 1( 0.00)        -0.2042        -0.1021        -2.7782
     Averaged results
     1 0     1S 1( 2.00)      -110.5560       -55.2780     -1504.1912
     2 0     2S 1( 2.00)        -7.8993        -3.9497      -107.4758
     2 1     2P 1( 6.00)        -5.1222        -2.5611       -69.6914
     3 0     3S 1( 2.00)        -0.5754        -0.2877        -7.8291
     3 1     3P 1( 1.00)        -0.2046        -0.1023        -2.7839

     final scf error:  3.9E-15 reached in  21 iterations
 
     Etot =    -483.528967 Ry,    -241.764484 Ha,   -6578.746745 eV

     Ekin =     484.067876 Ry,     242.033938 Ha,    6586.078978 eV
     Encl =   -1158.392861 Ry,    -579.196431 Ha,  -15760.737789 eV
     Eh   =     225.749538 Ry,     112.874769 Ha,    3071.478935 eV
     Exc  =     -34.953520 Ry,     -17.476760 Ha,    -475.566869 eV


     normalization and overlap integrals

     s(1S/1S) =  1.000000  <r> =   0.1206  <r2> =    0.0196  r(max) =   0.0789
     s(1S/2S) =  0.000000
     s(1S/3S) = -0.000000
     s(2S/2S) =  1.000000  <r> =   0.6291  <r2> =    0.4750  r(max) =   0.4954
     s(2S/3S) =  0.000000
     s(2P/2P) =  1.000000  <r> =   0.6032  <r2> =    0.4634  r(max) =   0.4264
     s(2P/3P) = -0.000000
     s(2P/2P) =  1.000000  <r> =   0.6054  <r2> =    0.4668  r(max) =   0.4264
     s(2P/3P) = -0.000000
     s(3S/3S) =  1.000000  <r> =   2.5341  <r2> =    7.5196  r(max) =   2.0597
     s(3P/3P) =  1.000000  <r> =   3.4333  <r2> =   14.2145  r(max) =   2.6447
     s(3P/3P) =  1.000000  <r> =   3.4432  <r2> =   14.2954  r(max) =   2.6447

     ------------------------ End of All-electron run ------------------------


     --------------------- Generating PAW atomic setup --------------------


      Generating local pot.: lloc=2, j= 1.50, matching radius rcloc =   1.9000

      Generating local pot.: lloc=2, j= 2.50, matching radius rcloc =   1.9000

      Computing core charge for nlcc: 

       r > 1.31 : true rho core
       r < 1.31 : rho core = a sin(br)/r    a=   1.85  b=   2.07

      Integrated core pseudo-charge :   1.49

     Fully relativistic calculation: |psi|^2

     Wfc 3S LC norm =  0.99997000 SC norm =  0.00002713 missing  0.00000287
     Speed at rcutus      0.526 a.u.,  v/c =  0.003837,  (v/c)^2 =  0.00001473

     Wfc 3P LC norm =  0.99998254 SC norm =  0.00001722 missing  0.00000024
     Speed at rcutus      0.545 a.u.,  v/c =  0.003980,  (v/c)^2 =  0.00001584

     Wfc 3P LC norm =  0.99998263 SC norm =  0.00001269 missing  0.00000469
     Speed at rcutus      0.544 a.u.,  v/c =  0.003970,  (v/c)^2 =  0.00001576
      Wfc-us  3S rcutus= 2.193  Estimated cut-off energy=     9.40 Ry
      Wfc-us  3S rcutus= 2.193  Estimated cut-off energy=    25.09 Ry
      Wfc-us  3P rcutus= 2.086  Estimated cut-off energy=    16.65 Ry
      Wfc-us  3P rcutus= 2.086  Estimated cut-off energy=    16.64 Ry
      Wfc-us  3P rcutus= 2.086  Estimated cut-off energy=    36.63 Ry
      Wfc-us  3P rcutus= 2.086  Estimated cut-off energy=    36.59 Ry

      The bmat matrix
     1.03798     0.60270     0.00000     0.00000     0.00000     0.00000
     0.56114     0.57948     0.00000     0.00000     0.00000     0.00000
     0.00000     0.00000     0.17843     0.00000     0.43842     0.00000
     0.00000     0.00000     0.00000     0.17694     0.00000     0.43554
     0.00000     0.00000     0.33157     0.00000     1.19799     0.00000
     0.00000     0.00000     0.00000     0.33051     0.00000     1.19804

      The bmat + epsilon qq matrix
     1.10242     0.56473     0.00000     0.00000     0.00000     0.00000
     0.56467     1.01485     0.00000     0.00000     0.00000     0.00000
     0.00000     0.00000     0.18012     0.00000     0.33500     0.00000
     0.00000     0.00000     0.00000     0.17856     0.00000     0.33389
     0.00000     0.00000     0.33500     0.00000     1.01299     0.00000
     0.00000     0.00000     0.00000     0.33386     0.00000     1.01633

      The qq matrix
    -0.11198    -0.00612     0.00000     0.00000     0.00000     0.00000
    -0.00612     0.07022     0.00000     0.00000     0.00000     0.00000
     0.00000     0.00000    -0.00822     0.00000    -0.01668     0.00000
     0.00000     0.00000     0.00000    -0.00794     0.00000    -0.01640
     0.00000     0.00000    -0.01668     0.00000    -0.02984     0.00000
     0.00000     0.00000     0.00000    -0.01640     0.00000    -0.02931


    multipoles (all-electron charge) - (pseudo charge)
        ns l1:ns1 l2    l=0     l=1     l=2     l=3     l=4     l=5  
         1  0:  1  0 -0.1120
         2  0:  1  0 -0.0061
         2  0:  2  0  0.0702
         3  1:  1  0  0.0000  0.0551
         3  1:  2  0  0.0000 -0.0082
         3  1:  3  1 -0.0082  0.0000 -0.0304
         4  1:  1  0  0.0000  0.0547
         4  1:  2  0  0.0000 -0.0080
         4  1:  3  1 -0.0081  0.0000 -0.0303
         4  1:  4  1 -0.0079  0.0000 -0.0301
         5  1:  1  0  0.0000  0.0912
         5  1:  2  0  0.0000 -0.0198
         5  1:  3  1 -0.0167  0.0000 -0.0347
         5  1:  4  1 -0.0166  0.0000 -0.0347
         5  1:  5  1 -0.0298  0.0000 -0.0429
         6  1:  1  0  0.0000  0.0910
         6  1:  2  0  0.0000 -0.0200
         6  1:  3  1 -0.0165  0.0000 -0.0347
         6  1:  4  1 -0.0164  0.0000 -0.0347
         6  1:  5  1 -0.0296  0.0000 -0.0428
         6  1:  6  1 -0.0293  0.0000 -0.0427
     Required augmentation: PSQ   radius:    1.800000

     Q pseudized with Bessel functions
     Expected ecutrho=      84.1574 due to l1=  1   l2=  1

     Estimated PAW energy =  -37.305589 Ryd

     The PAW screened D coefficients
     1.10242     0.56467     0.00000     0.00000     0.00000     0.00000
     0.56467     1.01489     0.00000     0.00000     0.00000     0.00000
     0.00000     0.00000     0.18012     0.00000     0.33500     0.00000
     0.00000     0.00000     0.00000     0.17856     0.00000     0.33386
     0.00000     0.00000     0.33500     0.00000     1.01301     0.00000
     0.00000     0.00000     0.00000     0.33386     0.00000     1.01638

     The PAW descreened D coefficients (US)
     0.57804     0.45026     0.00000     0.00000     0.00000     0.00000
     0.45026     1.67243     0.00000     0.00000     0.00000     0.00000
     0.00000     0.00000     0.24159     0.00000     0.27652     0.00000
     0.00000     0.00000     0.00000     0.24172     0.00000     0.27773
     0.00000     0.00000     0.27652     0.00000     0.95137     0.00000
     0.00000     0.00000     0.00000     0.27773     0.00000     0.95915

     ------------------- End of pseudopotential generation -------------------

     --------------------------- All-electron run ----------------------------

     Al                                                                         
     dirac relativistic calculation

     atomic number is 13.00
     dft = SLA  PZ   NOGX NOGC   lsd =0 sic =0 latt =0  beta=0.20 tr2=1.0E-14
     Exchange-correlation=  SLA  PZ   NOGX NOGC
                           (   1   1   0   0   0   0   0)
     mesh =1135 r(mesh) = 100.48924 a.u. xmin = -7.00 dx = 0.01250
     1 Ry =  13.60569312 eV, c = 137.03599908

     n l j   nl                  e(Ry)          e(Ha)          e(eV)
     Spin orbit split results
     1 0 0.5 1S 1( 2.00)      -110.5560       -55.2780     -1504.1912
     2 0 0.5 2S 1( 2.00)        -7.8993        -3.9497      -107.4758
     2 1 0.5 2P 1( 2.00)        -5.1438        -2.5719       -69.9855
     2 1 1.5 2P 1( 4.00)        -5.1114        -2.5557       -69.5443
     3 0 0.5 3S 1( 2.00)        -0.5754        -0.2877        -7.8291
     3 1 0.5 3P 1( 1.00)        -0.2054        -0.1027        -2.7952
     3 1 1.5 3P 1( 0.00)        -0.2042        -0.1021        -2.7782
     Averaged results
     1 0     1S 1( 2.00)      -110.5560       -55.2780     -1504.1912
     2 0     2S 1( 2.00)        -7.8993        -3.9497      -107.4758
     2 1     2P 1( 6.00)        -5.1222        -2.5611       -69.6914
     3 0     3S 1( 2.00)        -0.5754        -0.2877        -7.8291
     3 1     3P 1( 1.00)        -0.2046        -0.1023        -2.7839

     final scf error:  3.9E-15 reached in  21 iterations
 
     Etot =    -483.528967 Ry,    -241.764484 Ha,   -6578.746745 eV

     Ekin =     484.067876 Ry,     242.033938 Ha,    6586.078978 eV
     Encl =   -1158.392861 Ry,    -579.196431 Ha,  -15760.737789 eV
     Eh   =     225.749538 Ry,     112.874769 Ha,    3071.478935 eV
     Exc  =     -34.953520 Ry,     -17.476760 Ha,    -475.566869 eV


     normalization and overlap integrals

     s(1S/1S) =  1.000000  <r> =   0.1206  <r2> =    0.0196  r(max) =   0.0789
     s(1S/2S) =  0.000000
     s(1S/3S) = -0.000000
     s(2S/2S) =  1.000000  <r> =   0.6291  <r2> =    0.4750  r(max) =   0.4954
     s(2S/3S) =  0.000000
     s(2P/2P) =  1.000000  <r> =   0.6032  <r2> =    0.4634  r(max) =   0.4264
     s(2P/3P) = -0.000000
     s(2P/2P) =  1.000000  <r> =   0.6054  <r2> =    0.4668  r(max) =   0.4264
     s(2P/3P) = -0.000000
     s(3S/3S) =  1.000000  <r> =   2.5341  <r2> =    7.5196  r(max) =   2.0597
     s(3P/3P) =  1.000000  <r> =   3.4333  <r2> =   14.2145  r(max) =   2.6447
     s(3P/3P) =  1.000000  <r> =   3.4432  <r2> =   14.2954  r(max) =   2.6447

     ------------------------ End of All-electron run ------------------------


     ---------------------- Testing the pseudopotential ----------------------

     Al                                                                         
     dirac relativistic calculation

     atomic number is 13.00   valence charge is  3.00
     dft = SLA  PZ   NOGX NOGC   lsd =0 sic =0 latt =0  beta=0.20 tr2=1.0E-14
     mesh =1135 r(mesh) = 100.48924 xmin = -7.00 dx = 0.01250

     n l  j  nl             e AE (Ry)       e PS (Ry)    De AE-PS (Ry) 
     1 0 0.5 3S   1( 2.00)       -0.57543       -0.57543        0.00000
     2 1 0.5 3P   1( 1.00)       -0.20544       -0.20544       -0.00000
     2 1 1.5 3P   1( 0.00)       -0.20420       -0.20420        0.00000

     eps = 1.3E-16  iter =  3
 
     Etot =    -483.528967 Ry,    -241.764484 Ha,   -6578.746745 eV
     Etotps =   -37.305590 Ry,     -18.652795 Ha,    -507.568409 eV

     Ekin =       5.837390 Ry,       2.918695 Ha,      79.421735 eV
     Encl =     -11.088957 Ry,      -5.544479 Ha,    -150.872949 eV
     Ehrt =       2.899498 Ry,       1.449749 Ha,      39.449683 eV
     Ecxc =     -34.953521 Ry,     -17.476760 Ha,    -475.566878 eV
     (Ecc =      -1.233002 Ry,      -0.616501 Ha,     -16.775849 eV)

     ---------------------- End of pseudopotential test ----------------------

