[0] MPI startup(): I_MPI_SHM_LMT environment variable is not supported.
[0] MPI startup(): Similar variables:
	 I_MPI_SHM_HEAP
	 I_MPI_SHM
	 I_MPI_SHM_OPT
	 I_MPI_SHM_THP
[0] MPI startup(): To check the list of supported variables, use the impi_info utility or refer to https://software.intel.com/en-us/mpi-library/documentation/get-started.

     Program LD1 v.7.3.1 starts on 19Sep2024 at 21:47:31 

     This program is part of the open-source Quantum ESPRESSO suite
     for quantum simulation of materials; please cite
         "P. Giannozzi et al., J. Phys.:Condens. Matter 21 395502 (2009);
         "P. Giannozzi et al., J. Phys.:Condens. Matter 29 465901 (2017);
         "P. Giannozzi et al., J. Chem. Phys. 152 154105 (2020);
          URL http://www.quantum-espresso.org", 
     in publications or presentations arising from this work. More details at
     http://www.quantum-espresso.org/quote

     Parallel version (MPI), running on     1 processors

     MPI processes distributed on     1 nodes
     89826 MiB available memory on the printing compute node when the environment starts
 
     Waiting for input...
     Reading input from standard input
     --------------------------- All-electron run ----------------------------

     As                                                                         
     dirac relativistic calculation

     atomic number is 33.00
     dft =LDA   lsd =0 sic =0 latt =0  beta=0.20 tr2=1.0E-14
     Exchange-correlation= LDA
                           (   1   1   0   0   0   0   0)
     mesh =1209 r(mesh) =  99.83237 a.u. xmin = -7.00 dx = 0.01250
     1 Ry =  13.60569312 eV, c = 137.03599908

     n l j   nl                  e(Ry)          e(Ha)          e(eV)
     Spin orbit split results
     1 0 0.5 1S 1( 2.00)      -859.5633      -429.7817    -11694.9551
     2 0 0.5 2S 1( 2.00)      -109.0406       -54.5203     -1483.5732
     2 1 0.5 2P 1( 2.00)       -97.5216       -48.7608     -1326.8484
     2 1 1.5 2P 1( 4.00)       -94.8397       -47.4199     -1290.3605
     3 0 0.5 3S 1( 2.00)       -13.9130        -6.9565      -189.2956
     3 1 0.5 3P 1( 2.00)       -10.0424        -5.0212      -136.6333
     3 1 1.5 3P 1( 4.00)        -9.6722        -4.8361      -131.5975
     3 2 1.5 3D 1( 4.00)        -3.0270        -1.5135       -41.1845
     3 2 2.5 3D 1( 6.00)        -2.9733        -1.4867       -40.4542
     4 0 0.5 4S 1( 2.00)        -1.0743        -0.5372       -14.6172
     4 1 0.5 4P 1( 2.00)        -0.4025        -0.2012        -5.4758
     4 1 1.5 4P 1( 1.00)        -0.3818        -0.1909        -5.1952
     Averaged results
     1 0     1S 1( 2.00)      -859.5633      -429.7817    -11694.9551
     2 0     2S 1( 2.00)      -109.0406       -54.5203     -1483.5732
     2 1     2P 1( 6.00)       -95.7337       -47.8668     -1302.5232
     3 0     3S 1( 2.00)       -13.9130        -6.9565      -189.2956
     3 1     3P 1( 6.00)        -9.7956        -4.8978      -133.2761
     3 2     3D 1(10.00)        -2.9948        -1.4974       -40.7463
     4 0     4S 1( 2.00)        -1.0743        -0.5372       -14.6172
     4 1     4P 1( 3.00)        -0.3887        -0.1944        -5.2887

     final scf error:  8.2E-15 reached in  27 iterations
 
     Etot =   -4515.764862 Ry,   -2257.882431 Ha,  -61440.110927 eV

     Ekin =    4616.009984 Ry,    2308.004992 Ha,   62804.015292 eV
     Encl =  -10907.202940 Ry,   -5453.601470 Ha, -148400.056028 eV
     Eh   =    1936.610868 Ry,     968.305434 Ha,   26348.933166 eV
     Exc  =    -161.182774 Ry,     -80.591387 Ha,   -2193.003357 eV


     normalization and overlap integrals

     s(1S/1S) =  1.000000  <r> =   0.0456  <r2> =    0.0028  r(max) =   0.0299
     s(1S/2S) =  0.000000
     s(1S/3S) = -0.000000
     s(1S/4S) =  0.000000
     s(2S/2S) =  1.000000  <r> =   0.2028  <r2> =    0.0486  r(max) =   0.1701
     s(2S/3S) =  0.000000
     s(2S/4S) =  0.000000
     s(2P/2P) =  1.000000  <r> =   0.1748  <r2> =    0.0375  r(max) =   0.1341
     s(2P/3P) =  0.000000
     s(2P/4P) =  0.000000
     s(2P/2P) =  1.000000  <r> =   0.1785  <r2> =    0.0390  r(max) =   0.1375
     s(2P/3P) =  0.000000
     s(2P/4P) =  0.000000
     s(3S/3S) =  1.000000  <r> =   0.5994  <r2> =    0.4144  r(max) =   0.5239
     s(3S/4S) =  0.000000
     s(3P/3P) =  1.000000  <r> =   0.6107  <r2> =    0.4389  r(max) =   0.5174
     s(3P/4P) =  0.000000
     s(3P/3P) =  1.000000  <r> =   0.6215  <r2> =    0.4544  r(max) =   0.5239
     s(3P/4P) = -0.000000
     s(3D/3D) =  1.000000  <r> =   0.6762  <r2> =    0.5790  r(max) =   0.4740
     s(3D/3D) =  1.000000  <r> =   0.6810  <r2> =    0.5874  r(max) =   0.4740
     s(4S/4S) =  1.000000  <r> =   1.9337  <r2> =    4.3166  r(max) =   1.6136
     s(4P/4P) =  1.000000  <r> =   2.5144  <r2> =    7.5148  r(max) =   1.9464
     s(4P/4P) =  1.000000  <r> =   2.5700  <r2> =    7.8542  r(max) =   1.9957

     ------------------------ End of All-electron run ------------------------


     --------------------- Generating PAW atomic setup --------------------


      Generating local pot.: lloc=2, j= 1.50, matching radius rcloc =   2.0000

      Generating local pot.: lloc=2, j= 2.50, matching radius rcloc =   2.0000

      Computing core charge for nlcc: 

       r > 1.61 : true rho core
      Core charge pseudized with two Bessel functions
      Integrated core pseudo-charge :   4.37

     Fully relativistic calculation: |psi|^2

     Wfc 4S LC norm =  0.99991858 SC norm =  0.00007833 missing  0.00000309
     Speed at rcutus      0.790 a.u.,  v/c =  0.005764,  (v/c)^2 =  0.00003322

     Wfc 4P LC norm =  0.99995109 SC norm =  0.00004868 missing  0.00000023
     Speed at rcutus      0.726 a.u.,  v/c =  0.005300,  (v/c)^2 =  0.00002809

     Wfc 4P LC norm =  0.99995308 SC norm =  0.00004080 missing  0.00000613
     Speed at rcutus      0.725 a.u.,  v/c =  0.005292,  (v/c)^2 =  0.00002801
      Wfc-us  4S rcutus= 1.783  Estimated cut-off energy=    14.47 Ry
      Wfc-us  4S rcutus= 1.783  Estimated cut-off energy=    17.50 Ry
      Wfc-us  4P rcutus= 2.021  Estimated cut-off energy=    18.44 Ry
      Wfc-us  4P rcutus= 2.021  Estimated cut-off energy=    18.37 Ry
      Wfc-us  4P rcutus= 2.021  Estimated cut-off energy=    20.07 Ry
      Wfc-us  4P rcutus= 2.021  Estimated cut-off energy=    19.90 Ry

      The bmat matrix
     1.36142     1.47321     0.00000     0.00000     0.00000     0.00000
     1.25142     1.32253     0.00000     0.00000     0.00000     0.00000
     0.00000     0.00000     0.14767     0.00000     0.19887     0.00000
     0.00000     0.00000     0.00000     0.14984     0.00000     0.19902
     0.00000     0.00000     0.15649     0.00000     0.20167     0.00000
     0.00000     0.00000     0.00000     0.15946     0.00000     0.20449

      The bmat + epsilon qq matrix
     1.54862     1.41304     0.00000     0.00000     0.00000     0.00000
     1.41305     1.27049     0.00000     0.00000     0.00000     0.00000
     0.00000     0.00000     0.17079     0.00000     0.17774     0.00000
     0.00000     0.00000     0.00000     0.17032     0.00000     0.17877
     0.00000     0.00000     0.17775     0.00000     0.18220     0.00000
     0.00000     0.00000     0.00000     0.17878     0.00000     0.18537

      The qq matrix
    -0.17425    -0.15044     0.00000     0.00000     0.00000     0.00000
    -0.15044    -0.13011     0.00000     0.00000     0.00000     0.00000
     0.00000     0.00000    -0.05743     0.00000    -0.05282     0.00000
     0.00000     0.00000     0.00000    -0.05364     0.00000    -0.05060
     0.00000     0.00000    -0.05282     0.00000    -0.04866     0.00000
     0.00000     0.00000     0.00000    -0.05060     0.00000    -0.04779


    multipoles (all-electron charge) - (pseudo charge)
        ns l1:ns1 l2    l=0     l=1     l=2     l=3     l=4     l=5  
         1  0:  1  0 -0.1742
         2  0:  1  0 -0.1504
         2  0:  2  0 -0.1301
         3  1:  1  0  0.0000  0.1055
         3  1:  2  0  0.0000  0.0870
         3  1:  3  1 -0.0574  0.0000 -0.0861
         4  1:  1  0  0.0000  0.1031
         4  1:  2  0  0.0000  0.0850
         4  1:  3  1 -0.0556  0.0000 -0.0845
         4  1:  4  1 -0.0536  0.0000 -0.0828
         5  1:  1  0  0.0000  0.0962
         5  1:  2  0  0.0000  0.0796
         5  1:  3  1 -0.0528  0.0000 -0.0765
         5  1:  4  1 -0.0512  0.0000 -0.0751
         5  1:  5  1 -0.0487  0.0000 -0.0680
         6  1:  1  0  0.0000  0.0962
         6  1:  2  0  0.0000  0.0796
         6  1:  3  1 -0.0524  0.0000 -0.0769
         6  1:  4  1 -0.0506  0.0000 -0.0754
         6  1:  5  1 -0.0483  0.0000 -0.0685
         6  1:  6  1 -0.0478  0.0000 -0.0688
     Required augmentation: PSQ   radius:    1.600000

     Q pseudized with Bessel functions
     Expected ecutrho=     103.2262 due to l1=  1   l2=  1

     Estimated PAW energy = -169.595010 Ryd

     The PAW screened D coefficients
     1.54862     1.41305     0.00000     0.00000     0.00000     0.00000
     1.41305     1.27049     0.00000     0.00000     0.00000     0.00000
     0.00000     0.00000     0.17079     0.00000     0.17775     0.00000
     0.00000     0.00000     0.00000     0.17032     0.00000     0.17878
     0.00000     0.00000     0.17775     0.00000     0.18220     0.00000
     0.00000     0.00000     0.00000     0.17878     0.00000     0.18537

     The PAW descreened D coefficients (US)
     0.40743     0.35243     0.00000     0.00000     0.00000     0.00000
     0.35243     0.29797     0.00000     0.00000     0.00000     0.00000
     0.00000     0.00000     0.00891     0.00000     0.00987     0.00000
     0.00000     0.00000     0.00000     0.03862     0.00000     0.03550
     0.00000     0.00000     0.00987     0.00000     0.00995     0.00000
     0.00000     0.00000     0.00000     0.03550     0.00000     0.03208

     ------------------- End of pseudopotential generation -------------------

     --------------------------- All-electron run ----------------------------

     As                                                                         
     dirac relativistic calculation

     atomic number is 33.00
     dft = SLA  PZ   NOGX NOGC   lsd =0 sic =0 latt =0  beta=0.20 tr2=1.0E-14
     Exchange-correlation=  SLA  PZ   NOGX NOGC
                           (   1   1   0   0   0   0   0)
     mesh =1209 r(mesh) =  99.83237 a.u. xmin = -7.00 dx = 0.01250
     1 Ry =  13.60569312 eV, c = 137.03599908

     n l j   nl                  e(Ry)          e(Ha)          e(eV)
     Spin orbit split results
     1 0 0.5 1S 1( 2.00)      -859.5633      -429.7817    -11694.9551
     2 0 0.5 2S 1( 2.00)      -109.0406       -54.5203     -1483.5732
     2 1 0.5 2P 1( 2.00)       -97.5216       -48.7608     -1326.8484
     2 1 1.5 2P 1( 4.00)       -94.8397       -47.4199     -1290.3605
     3 0 0.5 3S 1( 2.00)       -13.9130        -6.9565      -189.2956
     3 1 0.5 3P 1( 2.00)       -10.0424        -5.0212      -136.6333
     3 1 1.5 3P 1( 4.00)        -9.6722        -4.8361      -131.5975
     3 2 1.5 3D 1( 4.00)        -3.0270        -1.5135       -41.1845
     3 2 2.5 3D 1( 6.00)        -2.9733        -1.4867       -40.4542
     4 0 0.5 4S 1( 2.00)        -1.0743        -0.5372       -14.6172
     4 1 0.5 4P 1( 2.00)        -0.4025        -0.2012        -5.4758
     4 1 1.5 4P 1( 1.00)        -0.3818        -0.1909        -5.1952
     Averaged results
     1 0     1S 1( 2.00)      -859.5633      -429.7817    -11694.9551
     2 0     2S 1( 2.00)      -109.0406       -54.5203     -1483.5732
     2 1     2P 1( 6.00)       -95.7337       -47.8668     -1302.5232
     3 0     3S 1( 2.00)       -13.9130        -6.9565      -189.2956
     3 1     3P 1( 6.00)        -9.7956        -4.8978      -133.2761
     3 2     3D 1(10.00)        -2.9948        -1.4974       -40.7463
     4 0     4S 1( 2.00)        -1.0743        -0.5372       -14.6172
     4 1     4P 1( 3.00)        -0.3887        -0.1944        -5.2887

     final scf error:  8.2E-15 reached in  27 iterations
 
     Etot =   -4515.764862 Ry,   -2257.882431 Ha,  -61440.110927 eV

     Ekin =    4616.009984 Ry,    2308.004992 Ha,   62804.015292 eV
     Encl =  -10907.202940 Ry,   -5453.601470 Ha, -148400.056028 eV
     Eh   =    1936.610868 Ry,     968.305434 Ha,   26348.933166 eV
     Exc  =    -161.182774 Ry,     -80.591387 Ha,   -2193.003357 eV


     normalization and overlap integrals

     s(1S/1S) =  1.000000  <r> =   0.0456  <r2> =    0.0028  r(max) =   0.0299
     s(1S/2S) =  0.000000
     s(1S/3S) = -0.000000
     s(1S/4S) =  0.000000
     s(2S/2S) =  1.000000  <r> =   0.2028  <r2> =    0.0486  r(max) =   0.1701
     s(2S/3S) =  0.000000
     s(2S/4S) =  0.000000
     s(2P/2P) =  1.000000  <r> =   0.1748  <r2> =    0.0375  r(max) =   0.1341
     s(2P/3P) =  0.000000
     s(2P/4P) =  0.000000
     s(2P/2P) =  1.000000  <r> =   0.1785  <r2> =    0.0390  r(max) =   0.1375
     s(2P/3P) =  0.000000
     s(2P/4P) =  0.000000
     s(3S/3S) =  1.000000  <r> =   0.5994  <r2> =    0.4144  r(max) =   0.5239
     s(3S/4S) =  0.000000
     s(3P/3P) =  1.000000  <r> =   0.6107  <r2> =    0.4389  r(max) =   0.5174
     s(3P/4P) =  0.000000
     s(3P/3P) =  1.000000  <r> =   0.6215  <r2> =    0.4544  r(max) =   0.5239
     s(3P/4P) = -0.000000
     s(3D/3D) =  1.000000  <r> =   0.6762  <r2> =    0.5790  r(max) =   0.4740
     s(3D/3D) =  1.000000  <r> =   0.6810  <r2> =    0.5874  r(max) =   0.4740
     s(4S/4S) =  1.000000  <r> =   1.9337  <r2> =    4.3166  r(max) =   1.6136
     s(4P/4P) =  1.000000  <r> =   2.5144  <r2> =    7.5148  r(max) =   1.9464
     s(4P/4P) =  1.000000  <r> =   2.5700  <r2> =    7.8542  r(max) =   1.9957

     ------------------------ End of All-electron run ------------------------


     ---------------------- Testing the pseudopotential ----------------------

     As                                                                         
     dirac relativistic calculation

     atomic number is 33.00   valence charge is  5.00
     dft = SLA  PZ   NOGX NOGC   lsd =0 sic =0 latt =0  beta=0.20 tr2=1.0E-14
     mesh =1209 r(mesh) =  99.83237 xmin = -7.00 dx = 0.01250

     n l  j  nl             e AE (Ry)       e PS (Ry)    De AE-PS (Ry) 
     1 0 0.5 4S   1( 2.00)       -1.07435       -1.07435        0.00000
     2 1 0.5 4P   1( 2.00)       -0.40246       -0.40246       -0.00000
     2 1 1.5 4P   1( 1.00)       -0.38184       -0.38184        0.00000

     eps = 7.6E-16  iter =  3
 
     Etot =   -4515.764862 Ry,   -2257.882431 Ha,  -61440.110927 eV
     Etotps =  -169.595017 Ry,     -84.797509 Ha,   -2307.457760 eV

     Ekin =      23.489661 Ry,      11.744830 Ha,     319.593113 eV
     Encl =     -41.831215 Ry,     -20.915607 Ha,    -569.142670 eV
     Ehrt =       9.929316 Ry,       4.964658 Ha,     135.095225 eV
     Ecxc =    -161.182779 Ry,     -80.591390 Ha,   -2193.003428 eV
     (Ecc =      -5.298409 Ry,      -2.649204 Ha,     -72.088523 eV)

     ---------------------- End of pseudopotential test ----------------------

