[0] MPI startup(): I_MPI_SHM_LMT environment variable is not supported.
[0] MPI startup(): Similar variables:
	 I_MPI_SHM_HEAP
	 I_MPI_SHM
	 I_MPI_SHM_OPT
	 I_MPI_SHM_THP
[0] MPI startup(): To check the list of supported variables, use the impi_info utility or refer to https://software.intel.com/en-us/mpi-library/documentation/get-started.

     Program LD1 v.7.3.1 starts on 19Sep2024 at 21:47:33 

     This program is part of the open-source Quantum ESPRESSO suite
     for quantum simulation of materials; please cite
         "P. Giannozzi et al., J. Phys.:Condens. Matter 21 395502 (2009);
         "P. Giannozzi et al., J. Phys.:Condens. Matter 29 465901 (2017);
         "P. Giannozzi et al., J. Chem. Phys. 152 154105 (2020);
          URL http://www.quantum-espresso.org", 
     in publications or presentations arising from this work. More details at
     http://www.quantum-espresso.org/quote

     Parallel version (MPI), running on     1 processors

     MPI processes distributed on     1 nodes
     89817 MiB available memory on the printing compute node when the environment starts
 
     Waiting for input...
     Reading input from standard input
 state nlj           5           2   1.50000000000000       not converged
 state nlj           5           2   2.50000000000000       not converged
 state nlj           5           1  0.500000000000000       not converged
 state nlj           5           1   1.50000000000000       not converged
 state nlj           4           3   2.50000000000000       not converged
 state nlj           4           3   3.50000000000000       not converged
 state nlj           5           2   1.50000000000000       not converged
 state nlj           5           2   2.50000000000000       not converged
 state nlj           6           0  0.500000000000000       not converged
 state nlj           6           1  0.500000000000000       not converged
 state nlj           6           1   1.50000000000000       not converged
 classical turning point too close to mesh           6           1           1
 classical turning point too close to mesh           6           1          -2
     --------------------------- All-electron run ----------------------------

     Au                                                                         
     dirac relativistic calculation

     atomic number is 79.00
     dft =LDA   lsd =0 sic =0 latt =0  beta=0.20 tr2=1.0E-14
     Exchange-correlation= LDA
                           (   1   1   0   0   0   0   0)
     mesh =1279 r(mesh) = 100.03820 a.u. xmin = -7.00 dx = 0.01250
     1 Ry =  13.60569312 eV, c = 137.03599908

     n l j   nl                  e(Ry)          e(Ha)          e(eV)
     Spin orbit split results
     1 0 0.5 1S 1( 2.00)     -5923.3921     -2961.6960    -80591.8551
     2 0 0.5 2S 1( 2.00)     -1044.3807      -522.1903    -14209.5229
     2 1 0.5 2P 1( 2.00)     -1001.6812      -500.8406    -13628.5674
     2 1 1.5 2P 1( 4.00)      -866.8888      -433.4444    -11794.6232
     3 0 0.5 3S 1( 2.00)      -246.4505      -123.2253     -3353.1302
     3 1 0.5 3P 1( 2.00)      -227.2349      -113.6174     -3091.6880
     3 1 1.5 3P 1( 4.00)      -197.4966       -98.7483     -2687.0778
     4 0 0.5 4S 1( 2.00)       -53.4415       -26.7207      -727.1080
     4 1 0.5 4P 1( 2.00)       -45.2524       -22.6262      -615.6899
     4 1 1.5 4P 1( 4.00)       -38.1023       -19.0511      -518.4077
     3 2 1.5 3D 1( 4.00)      -165.5274       -82.7637     -2252.1144
     3 2 2.5 3D 1( 6.00)      -159.1318       -79.5659     -2165.0982
     5 0 0.5 5S 1( 2.00)        -7.9758        -3.9879      -108.5157
     5 1 0.5 5P 1( 2.00)        -5.3104        -2.6552       -72.2510
     5 1 1.5 5P 1( 4.00)        -4.0845        -2.0422       -55.5720
     4 2 1.5 4D 1( 4.00)       -24.6891       -12.3446      -335.9129
     4 2 2.5 4D 1( 6.00)       -23.3577       -11.6789      -317.7980
     4 3 2.5 4F 1( 6.00)        -6.1362        -3.0681       -83.4877
     4 3 3.5 4F 1( 8.00)        -5.8558        -2.9279       -79.6722
     5 2 1.5 5D 1( 4.00)        -0.5942        -0.2971        -8.0847
     5 2 2.5 5D 1( 6.00)        -0.4812        -0.2406        -6.5471
     6 0 0.5 6S 1( 1.00)        -0.4488        -0.2244        -6.1064
     6 1 0.5 6P 1( 0.00)        -0.0977        -0.0489        -1.3297
     6 1 1.5 6P 1( 0.00)        -0.0559        -0.0279        -0.7605
     Averaged results
     1 0     1S 1( 2.00)     -5923.3921     -2961.6960    -80591.8551
     2 0     2S 1( 2.00)     -1044.3807      -522.1903    -14209.5229
     2 1     2P 1( 6.00)      -911.8196      -455.9098    -12405.9379
     3 0     3S 1( 2.00)      -246.4505      -123.2253     -3353.1302
     3 1     3P 1( 6.00)      -207.4093      -103.7047     -2821.9479
     4 0     4S 1( 2.00)       -53.4415       -26.7207      -727.1080
     4 1     4P 1( 6.00)       -40.4856       -20.2428      -550.8351
     3 2     3D 1(10.00)      -161.6900       -80.8450     -2199.9047
     5 0     5S 1( 2.00)        -7.9758        -3.9879      -108.5157
     5 1     5P 1( 6.00)        -4.4931        -2.2465       -61.1317
     4 2     4D 1(10.00)       -23.8903       -11.9451      -325.0440
     4 3     4F 1(14.00)        -5.9760        -2.9880       -81.3074
     5 2     5D 1(10.00)        -0.5264        -0.2632        -7.1622
     6 0     6S 1( 1.00)        -0.4488        -0.2244        -6.1064
     6 1     6P 1( 0.00)        -0.0698        -0.0349        -0.9503

     final scf error:  4.0E-15 reached in  36 iterations
 
     Etot =  -38075.090438 Ry,  -19037.545219 Ha, -518037.996128 eV

     Ekin =   43748.329882 Ry,   21874.164941 Ha,  595226.351015 eV
     Encl =  -95939.619006 Ry,  -47969.809503 Ha,-1305325.014530 eV
     Eh   =   14825.896804 Ry,    7412.948402 Ha,  201716.602188 eV
     Exc  =    -709.698118 Ry,    -354.849059 Ha,   -9655.934801 eV


     normalization and overlap integrals

     s(1S/1S) =  1.000000  <r> =   0.0169  <r2> =    0.0004  r(max) =   0.0104
     s(1S/2S) = -0.000000
     s(1S/3S) = -0.000000
     s(1S/4S) = -0.000000
     s(1S/5S) = -0.000000
     s(1S/6S) = -0.000000
     s(2S/2S) =  1.000000  <r> =   0.0705  <r2> =    0.0059  r(max) =   0.0604
     s(2S/3S) =  0.000000
     s(2S/4S) =  0.000000
     s(2S/5S) =  0.000000
     s(2S/6S) =  0.000000
     s(2P/2P) =  1.000000  <r> =   0.0580  <r2> =    0.0042  r(max) =   0.0447
     s(2P/3P) =  0.000000
     s(2P/4P) =  0.000000
     s(2P/5P) =  0.000000
     s(2P/6P) =  0.000000
     s(2P/2P) =  1.000000  <r> =   0.0665  <r2> =    0.0054  r(max) =   0.0520
     s(2P/3P) =  0.000000
     s(2P/4P) =  0.000000
     s(2P/5P) =  0.000000
     s(2P/6P) =  0.000000
     s(3S/3S) =  1.000000  <r> =   0.1834  <r2> =    0.0386  r(max) =   0.1704
     s(3S/4S) =  0.000000
     s(3S/5S) =  0.000000
     s(3S/6S) =  0.000000
     s(3P/3P) =  1.000000  <r> =   0.1737  <r2> =    0.0352  r(max) =   0.1581
     s(3P/4P) =  0.000000
     s(3P/5P) =  0.000000
     s(3P/6P) =  0.000000
     s(3P/3P) =  1.000000  <r> =   0.1894  <r2> =    0.0416  r(max) =   0.1726
     s(3P/4P) =  0.000000
     s(3P/5P) =  0.000000
     s(3P/6P) =  0.000000
     s(4S/4S) =  1.000000  <r> =   0.4071  <r2> =    0.1873  r(max) =   0.3841
     s(4S/5S) =  0.000000
     s(4S/6S) =  0.000000
     s(4P/4P) =  1.000000  <r> =   0.4095  <r2> =    0.1911  r(max) =   0.3793
     s(4P/5P) =  0.000000
     s(4P/6P) =  0.000000
     s(4P/4P) =  1.000000  <r> =   0.4438  <r2> =    0.2240  r(max) =   0.4140
     s(4P/5P) =  0.000000
     s(4P/6P) =  0.000000
     s(3D/3D) =  1.000000  <r> =   0.1649  <r2> =    0.0319  r(max) =   0.1361
     s(3D/4D) =  0.000000
     s(3D/5D) =  0.000000
     s(3D/3D) =  1.000000  <r> =   0.1697  <r2> =    0.0337  r(max) =   0.1395
     s(3D/4D) = -0.000000
     s(3D/5D) = -0.000000
     s(5S/5S) =  1.000000  <r> =   0.9267  <r2> =    0.9644  r(max) =   0.8441
     s(5S/6S) =  0.000000
     s(5P/5P) =  1.000000  <r> =   1.0023  <r2> =    1.1370  r(max) =   0.8986
     s(5P/6P) =  0.000000
     s(5P/5P) =  1.000000  <r> =   1.1031  <r2> =    1.3796  r(max) =   0.9807
     s(5P/6P) = -0.000000
     s(4D/4D) =  1.000000  <r> =   0.4521  <r2> =    0.2365  r(max) =   0.4038
     s(4D/5D) =  0.000000
     s(4D/4D) =  1.000000  <r> =   0.4634  <r2> =    0.2483  r(max) =   0.4140
     s(4D/5D) = -0.000000
     s(4F/4F) =  1.000000  <r> =   0.4953  <r2> =    0.2975  r(max) =   0.3746
     s(4F/4F) =  1.000000  <r> =   0.5023  <r2> =    0.3061  r(max) =   0.3793
     s(5D/5D) =  1.000000  <r> =   1.5724  <r2> =    2.9860  r(max) =   1.1979
     s(5D/5D) =  1.000000  <r> =   1.6593  <r2> =    3.3537  r(max) =   1.2282
     s(6S/6S) =  1.000000  <r> =   2.8369  <r2> =    9.2717  r(max) =   2.3234
     s(6P/6P) =  1.000000  <r> =   4.2036  <r2> =   21.2524  r(max) =   3.1363
     s(6P/6P) =  1.000000  <r> =   4.9977  <r2> =   30.3955  r(max) =   3.6897

     ------------------------ End of All-electron run ------------------------


     --------------------- Generating US pseudopotential ---------------------


      Generating local potential from pseudized AE potential:
      Matching radius rcloc =   2.4000
      Enforcing V''(0)=0 (lloc=-2)

      Local pseudo, rcloc= 2.412 Estimated cut-off energy=     5.64 Ry

      Computing core charge for nlcc: 

       r > 1.62 : true rho core
      Core charge pseudized with two Bessel functions
      Integrated core pseudo-charge :  10.50

     Fully relativistic calculation: |psi|^2

     Wfc 6S LC norm =  0.99993996 SC norm =  0.00005747 missing  0.00000257

     Wfc 6P LC norm =  0.99997491 SC norm =  0.00002484 missing  0.00000024

     Wfc 6P LC norm =  0.99998284 SC norm =  0.00001411 missing  0.00000304

     Wfc 5D LC norm =  0.99978055 SC norm =  0.00021942 missing  0.00000004

     Wfc 5D LC norm =  0.99980057 SC norm =  0.00019752 missing  0.00000191
      Wfc-us  6S rcutus= 2.295  Estimated cut-off energy=     8.41 Ry
      Wfc-us  6S rcutus= 2.295  Estimated cut-off energy=    13.68 Ry
      Wfc-us  6P rcutus= 2.412  Estimated cut-off energy=    12.30 Ry
      Wfc-us  6P rcutus= 2.412  Estimated cut-off energy=    11.92 Ry
      Wfc-us  6P rcutus= 2.412  Estimated cut-off energy=    20.35 Ry
      Wfc-us  6P rcutus= 2.412  Estimated cut-off energy=    18.23 Ry
      Wfc-us  5D rcutus= 2.183  Estimated cut-off energy=    24.77 Ry
      Wfc-us  5D rcutus= 2.183  Estimated cut-off energy=    24.62 Ry
      Wfc-us  5D rcutus= 2.183  Estimated cut-off energy=    27.22 Ry
      Wfc-us  5D rcutus= 2.183  Estimated cut-off energy=    25.77 Ry

      The bmat matrix
     0.48404     0.83963     0.00000     0.00000     0.00000     0.00000
     0.00000     0.00000     0.00000     0.00000
     0.54820     1.01189     0.00000     0.00000     0.00000     0.00000
     0.00000     0.00000     0.00000     0.00000
     0.00000     0.00000     0.11464     0.00000     0.34319     0.00000
     0.00000     0.00000     0.00000     0.00000
     0.00000     0.00000     0.00000     0.06254     0.00000     0.19877
     0.00000     0.00000     0.00000     0.00000
     0.00000     0.00000     0.22435     0.00000     0.81053     0.00000
     0.00000     0.00000     0.00000     0.00000
     0.00000     0.00000     0.00000     0.18923     0.00000     0.70178
     0.00000     0.00000     0.00000     0.00000
     0.00000     0.00000     0.00000     0.00000     0.00000     0.00000
    -1.62056     0.00000    -0.95363     0.00000
     0.00000     0.00000     0.00000     0.00000     0.00000     0.00000
     0.00000    -1.53373     0.00000    -0.89226
     0.00000     0.00000     0.00000     0.00000     0.00000     0.00000
    -0.90379     0.00000    -0.53314     0.00000
     0.00000     0.00000     0.00000     0.00000     0.00000     0.00000
     0.00000    -0.86620     0.00000    -0.50415

      The bmat + epsilon qq matrix
     0.52264     0.59576     0.00000     0.00000     0.00000     0.00000
     0.00000     0.00000     0.00000     0.00000
     0.59579     0.71369     0.00000     0.00000     0.00000     0.00000
     0.00000     0.00000     0.00000     0.00000
     0.00000     0.00000     0.11561     0.00000     0.22746     0.00000
     0.00000     0.00000     0.00000     0.00000
     0.00000     0.00000     0.00000     0.06225     0.00000     0.18935
     0.00000     0.00000     0.00000     0.00000
     0.00000     0.00000     0.22749     0.00000     0.49018     0.00000
     0.00000     0.00000     0.00000     0.00000
     0.00000     0.00000     0.00000     0.18937     0.00000     0.54343
     0.00000     0.00000     0.00000     0.00000
     0.00000     0.00000     0.00000     0.00000     0.00000     0.00000
    -1.79310     0.00000    -1.00444     0.00000
     0.00000     0.00000     0.00000     0.00000     0.00000     0.00000
     0.00000    -1.65220     0.00000    -0.93540
     0.00000     0.00000     0.00000     0.00000     0.00000     0.00000
    -1.00444     0.00000    -0.56277     0.00000
     0.00000     0.00000     0.00000     0.00000     0.00000     0.00000
     0.00000    -0.93540     0.00000    -0.52935

      The qq matrix
    -0.08602    -0.10603     0.00000     0.00000     0.00000     0.00000
     0.00000     0.00000     0.00000     0.00000
    -0.10603    -0.12965     0.00000     0.00000     0.00000     0.00000
     0.00000     0.00000     0.00000     0.00000
     0.00000     0.00000    -0.00991     0.00000    -0.03215     0.00000
     0.00000     0.00000     0.00000     0.00000
     0.00000     0.00000     0.00000     0.00515     0.00000    -0.00262
     0.00000     0.00000     0.00000     0.00000
     0.00000     0.00000    -0.03215     0.00000    -0.08899     0.00000
     0.00000     0.00000     0.00000     0.00000
     0.00000     0.00000     0.00000    -0.00262     0.00000    -0.04398
     0.00000     0.00000     0.00000     0.00000
     0.00000     0.00000     0.00000     0.00000     0.00000     0.00000
     0.29037     0.00000     0.16937     0.00000
     0.00000     0.00000     0.00000     0.00000     0.00000     0.00000
     0.00000     0.24620     0.00000     0.14382
     0.00000     0.00000     0.00000     0.00000     0.00000     0.00000
     0.16937     0.00000     0.09880     0.00000
     0.00000     0.00000     0.00000     0.00000     0.00000     0.00000
     0.00000     0.14382     0.00000     0.08400

     Q pseudized with Bessel functions
     Expected ecutrho=     357.5453 due to l1=  2   l2=  2

      The ddd matrix
     0.30031     0.31404     0.00000     0.00000     0.00000     0.00000
     0.00000     0.00000     0.00000     0.00000
     0.31404     0.36130     0.00000     0.00000     0.00000     0.00000
     0.00000     0.00000     0.00000     0.00000
     0.00000     0.00000     0.09904     0.00000     0.15609     0.00000
     0.00000     0.00000     0.00000     0.00000
     0.00000     0.00000     0.00000     0.08356     0.00000     0.19770
     0.00000     0.00000     0.00000     0.00000
     0.00000     0.00000     0.15609     0.00000     0.26849     0.00000
     0.00000     0.00000     0.00000     0.00000
     0.00000     0.00000     0.00000     0.19770     0.00000     0.44639
     0.00000     0.00000     0.00000     0.00000
     0.00000     0.00000     0.00000     0.00000     0.00000     0.00000
    -0.95890     0.00000    -0.51730     0.00000
     0.00000     0.00000     0.00000     0.00000     0.00000     0.00000
     0.00000    -0.94627     0.00000    -0.52286
     0.00000     0.00000     0.00000     0.00000     0.00000     0.00000
    -0.51730     0.00000    -0.27829     0.00000
     0.00000     0.00000     0.00000     0.00000     0.00000     0.00000
     0.00000    -0.52286     0.00000    -0.28829

     ------------------- End of pseudopotential generation -------------------

 state nlj           5           2   1.50000000000000       not converged
 state nlj           5           2   2.50000000000000       not converged
 state nlj           5           1  0.500000000000000       not converged
 state nlj           5           1   1.50000000000000       not converged
 state nlj           4           3   2.50000000000000       not converged
 state nlj           4           3   3.50000000000000       not converged
 state nlj           5           2   1.50000000000000       not converged
 state nlj           5           2   2.50000000000000       not converged
 state nlj           6           0  0.500000000000000       not converged
 state nlj           6           1  0.500000000000000       not converged
 state nlj           6           1   1.50000000000000       not converged
 classical turning point too close to mesh           6           1           1
 classical turning point too close to mesh           6           1          -2
     --------------------------- All-electron run ----------------------------

     Au                                                                         
     dirac relativistic calculation

     atomic number is 79.00
     dft =LDA   lsd =0 sic =0 latt =0  beta=0.20 tr2=1.0E-14
     Exchange-correlation= LDA
                           (   1   1   0   0   0   0   0)
     mesh =1279 r(mesh) = 100.03820 a.u. xmin = -7.00 dx = 0.01250
     1 Ry =  13.60569312 eV, c = 137.03599908

     n l j   nl                  e(Ry)          e(Ha)          e(eV)
     Spin orbit split results
     1 0 0.5 1S 1( 2.00)     -5923.3921     -2961.6960    -80591.8551
     2 0 0.5 2S 1( 2.00)     -1044.3807      -522.1903    -14209.5229
     2 1 0.5 2P 1( 2.00)     -1001.6812      -500.8406    -13628.5674
     2 1 1.5 2P 1( 4.00)      -866.8888      -433.4444    -11794.6232
     3 0 0.5 3S 1( 2.00)      -246.4505      -123.2253     -3353.1302
     3 1 0.5 3P 1( 2.00)      -227.2349      -113.6174     -3091.6880
     3 1 1.5 3P 1( 4.00)      -197.4966       -98.7483     -2687.0778
     4 0 0.5 4S 1( 2.00)       -53.4415       -26.7207      -727.1080
     4 1 0.5 4P 1( 2.00)       -45.2524       -22.6262      -615.6899
     4 1 1.5 4P 1( 4.00)       -38.1023       -19.0511      -518.4077
     3 2 1.5 3D 1( 4.00)      -165.5274       -82.7637     -2252.1144
     3 2 2.5 3D 1( 6.00)      -159.1318       -79.5659     -2165.0982
     5 0 0.5 5S 1( 2.00)        -7.9758        -3.9879      -108.5157
     5 1 0.5 5P 1( 2.00)        -5.3104        -2.6552       -72.2510
     5 1 1.5 5P 1( 4.00)        -4.0845        -2.0422       -55.5720
     4 2 1.5 4D 1( 4.00)       -24.6891       -12.3446      -335.9129
     4 2 2.5 4D 1( 6.00)       -23.3577       -11.6789      -317.7980
     4 3 2.5 4F 1( 6.00)        -6.1362        -3.0681       -83.4877
     4 3 3.5 4F 1( 8.00)        -5.8558        -2.9279       -79.6722
     5 2 1.5 5D 1( 4.00)        -0.5942        -0.2971        -8.0847
     5 2 2.5 5D 1( 6.00)        -0.4812        -0.2406        -6.5471
     6 0 0.5 6S 1( 1.00)        -0.4488        -0.2244        -6.1064
     6 1 0.5 6P 1( 0.00)        -0.0977        -0.0489        -1.3297
     6 1 1.5 6P 1( 0.00)        -0.0559        -0.0279        -0.7605
     Averaged results
     1 0     1S 1( 2.00)     -5923.3921     -2961.6960    -80591.8551
     2 0     2S 1( 2.00)     -1044.3807      -522.1903    -14209.5229
     2 1     2P 1( 6.00)      -911.8196      -455.9098    -12405.9379
     3 0     3S 1( 2.00)      -246.4505      -123.2253     -3353.1302
     3 1     3P 1( 6.00)      -207.4093      -103.7047     -2821.9479
     4 0     4S 1( 2.00)       -53.4415       -26.7207      -727.1080
     4 1     4P 1( 6.00)       -40.4856       -20.2428      -550.8351
     3 2     3D 1(10.00)      -161.6900       -80.8450     -2199.9047
     5 0     5S 1( 2.00)        -7.9758        -3.9879      -108.5157
     5 1     5P 1( 6.00)        -4.4931        -2.2465       -61.1317
     4 2     4D 1(10.00)       -23.8903       -11.9451      -325.0440
     4 3     4F 1(14.00)        -5.9760        -2.9880       -81.3074
     5 2     5D 1(10.00)        -0.5264        -0.2632        -7.1622
     6 0     6S 1( 1.00)        -0.4488        -0.2244        -6.1064
     6 1     6P 1( 0.00)        -0.0698        -0.0349        -0.9503

     final scf error:  4.0E-15 reached in  36 iterations
 
     Etot =  -38075.090438 Ry,  -19037.545219 Ha, -518037.996128 eV

     Ekin =   43748.329882 Ry,   21874.164941 Ha,  595226.351015 eV
     Encl =  -95939.619006 Ry,  -47969.809503 Ha,-1305325.014530 eV
     Eh   =   14825.896804 Ry,    7412.948402 Ha,  201716.602188 eV
     Exc  =    -709.698118 Ry,    -354.849059 Ha,   -9655.934801 eV


     normalization and overlap integrals

     s(1S/1S) =  1.000000  <r> =   0.0169  <r2> =    0.0004  r(max) =   0.0104
     s(1S/2S) = -0.000000
     s(1S/3S) = -0.000000
     s(1S/4S) = -0.000000
     s(1S/5S) = -0.000000
     s(1S/6S) = -0.000000
     s(2S/2S) =  1.000000  <r> =   0.0705  <r2> =    0.0059  r(max) =   0.0604
     s(2S/3S) =  0.000000
     s(2S/4S) =  0.000000
     s(2S/5S) =  0.000000
     s(2S/6S) =  0.000000
     s(2P/2P) =  1.000000  <r> =   0.0580  <r2> =    0.0042  r(max) =   0.0447
     s(2P/3P) =  0.000000
     s(2P/4P) =  0.000000
     s(2P/5P) =  0.000000
     s(2P/6P) =  0.000000
     s(2P/2P) =  1.000000  <r> =   0.0665  <r2> =    0.0054  r(max) =   0.0520
     s(2P/3P) =  0.000000
     s(2P/4P) =  0.000000
     s(2P/5P) =  0.000000
     s(2P/6P) =  0.000000
     s(3S/3S) =  1.000000  <r> =   0.1834  <r2> =    0.0386  r(max) =   0.1704
     s(3S/4S) =  0.000000
     s(3S/5S) =  0.000000
     s(3S/6S) =  0.000000
     s(3P/3P) =  1.000000  <r> =   0.1737  <r2> =    0.0352  r(max) =   0.1581
     s(3P/4P) =  0.000000
     s(3P/5P) =  0.000000
     s(3P/6P) =  0.000000
     s(3P/3P) =  1.000000  <r> =   0.1894  <r2> =    0.0416  r(max) =   0.1726
     s(3P/4P) =  0.000000
     s(3P/5P) =  0.000000
     s(3P/6P) =  0.000000
     s(4S/4S) =  1.000000  <r> =   0.4071  <r2> =    0.1873  r(max) =   0.3841
     s(4S/5S) =  0.000000
     s(4S/6S) =  0.000000
     s(4P/4P) =  1.000000  <r> =   0.4095  <r2> =    0.1911  r(max) =   0.3793
     s(4P/5P) =  0.000000
     s(4P/6P) =  0.000000
     s(4P/4P) =  1.000000  <r> =   0.4438  <r2> =    0.2240  r(max) =   0.4140
     s(4P/5P) =  0.000000
     s(4P/6P) =  0.000000
     s(3D/3D) =  1.000000  <r> =   0.1649  <r2> =    0.0319  r(max) =   0.1361
     s(3D/4D) =  0.000000
     s(3D/5D) =  0.000000
     s(3D/3D) =  1.000000  <r> =   0.1697  <r2> =    0.0337  r(max) =   0.1395
     s(3D/4D) = -0.000000
     s(3D/5D) = -0.000000
     s(5S/5S) =  1.000000  <r> =   0.9267  <r2> =    0.9644  r(max) =   0.8441
     s(5S/6S) =  0.000000
     s(5P/5P) =  1.000000  <r> =   1.0023  <r2> =    1.1370  r(max) =   0.8986
     s(5P/6P) =  0.000000
     s(5P/5P) =  1.000000  <r> =   1.1031  <r2> =    1.3796  r(max) =   0.9807
     s(5P/6P) = -0.000000
     s(4D/4D) =  1.000000  <r> =   0.4521  <r2> =    0.2365  r(max) =   0.4038
     s(4D/5D) =  0.000000
     s(4D/4D) =  1.000000  <r> =   0.4634  <r2> =    0.2483  r(max) =   0.4140
     s(4D/5D) = -0.000000
     s(4F/4F) =  1.000000  <r> =   0.4953  <r2> =    0.2975  r(max) =   0.3746
     s(4F/4F) =  1.000000  <r> =   0.5023  <r2> =    0.3061  r(max) =   0.3793
     s(5D/5D) =  1.000000  <r> =   1.5724  <r2> =    2.9860  r(max) =   1.1979
     s(5D/5D) =  1.000000  <r> =   1.6593  <r2> =    3.3537  r(max) =   1.2282
     s(6S/6S) =  1.000000  <r> =   2.8369  <r2> =    9.2717  r(max) =   2.3234
     s(6P/6P) =  1.000000  <r> =   4.2036  <r2> =   21.2524  r(max) =   3.1363
     s(6P/6P) =  1.000000  <r> =   4.9977  <r2> =   30.3955  r(max) =   3.6897

     ------------------------ End of All-electron run ------------------------


     ---------------------- Testing the pseudopotential ----------------------

     Au                                                                         
     dirac relativistic calculation

     atomic number is 79.00   valence charge is 11.00
     dft =LDA   lsd =0 sic =0 latt =0  beta=0.20 tr2=1.0E-14
     mesh =1279 r(mesh) = 100.03820 xmin = -7.00 dx = 0.01250

     n l  j  nl             e AE (Ry)       e PS (Ry)    De AE-PS (Ry) 
     1 0 0.5 6S   1( 1.00)       -0.44881       -0.44882        0.00000
     2 1 0.5 6P   1( 0.00)       -0.09773       -0.09773       -0.00000
     2 1 1.5 6P   1( 0.00)       -0.05590       -0.05590        0.00000
     3 2 1.5 5D   1( 4.00)       -0.59421       -0.59421        0.00000
     3 2 2.5 5D   1( 6.00)       -0.48120       -0.48121        0.00000

     eps = 2.9E-15  iter =  3
 
     Etot =  -38075.090438 Ry,  -19037.545219 Ha, -518037.996128 eV
     Etotps =   -84.520568 Ry,     -42.260284 Ha,   -1149.960909 eV

     Ekin =      26.718792 Ry,      13.359396 Ha,     363.527685 eV
     Encl =    -134.956495 Ry,     -67.478248 Ha,   -1836.176659 eV
     Ehrt =      64.039296 Ry,      32.019648 Ha,     871.299004 eV
     Ecxc =     -31.109202 Ry,     -15.554601 Ha,    -423.262250 eV
     (Ecc =     -16.541185 Ry,      -8.270593 Ha,    -225.054291 eV)
     Epseu=      -9.212959 Ry,      -4.606479 Ha,    -125.348689 eV

     ---------------------- End of pseudopotential test ----------------------

