[0] MPI startup(): I_MPI_SHM_LMT environment variable is not supported.
[0] MPI startup(): Similar variables:
	 I_MPI_SHM_HEAP
	 I_MPI_SHM
	 I_MPI_SHM_OPT
	 I_MPI_SHM_THP
[0] MPI startup(): To check the list of supported variables, use the impi_info utility or refer to https://software.intel.com/en-us/mpi-library/documentation/get-started.

     Program LD1 v.7.3.1 starts on 19Sep2024 at 21:47:37 

     This program is part of the open-source Quantum ESPRESSO suite
     for quantum simulation of materials; please cite
         "P. Giannozzi et al., J. Phys.:Condens. Matter 21 395502 (2009);
         "P. Giannozzi et al., J. Phys.:Condens. Matter 29 465901 (2017);
         "P. Giannozzi et al., J. Chem. Phys. 152 154105 (2020);
          URL http://www.quantum-espresso.org", 
     in publications or presentations arising from this work. More details at
     http://www.quantum-espresso.org/quote

     Parallel version (MPI), running on     1 processors

     MPI processes distributed on     1 nodes
     89809 MiB available memory on the printing compute node when the environment starts
 
     Waiting for input...
     Reading input from standard input
     --------------------------- All-electron run ----------------------------

     B                                                                          
     dirac relativistic calculation

     atomic number is  5.00
     dft =LDA   lsd =0 sic =0 latt =0  beta=0.20 tr2=1.0E-14
     Exchange-correlation= LDA
                           (   1   1   0   0   0   0   0)
     mesh =1059 r(mesh) = 101.04461 a.u. xmin = -7.00 dx = 0.01250
     1 Ry =  13.60569312 eV, c = 137.03599908

     n l j   nl                  e(Ry)          e(Ha)          e(eV)
     Spin orbit split results
     1 0 0.5 1S 1( 2.00)       -13.1312        -6.5656      -178.6585
     2 0 0.5 2S 1( 2.00)        -0.6901        -0.3450        -9.3887
     2 1 0.5 2P 1( 1.00)        -0.2735        -0.1368        -3.7215
     2 1 1.5 2P 1( 0.00)        -0.2733        -0.1366        -3.7182
     Averaged results
     1 0     1S 1( 2.00)       -13.1312        -6.5656      -178.6585
     2 0     2S 1( 2.00)        -0.6901        -0.3450        -9.3887
     2 1     2P 1( 1.00)        -0.2734        -0.1367        -3.7193

     final scf error:  9.8E-15 reached in  31 iterations
 
     Etot =     -48.701375 Ry,     -24.350688 Ha,    -662.615966 eV

     Ekin =      48.365099 Ry,      24.182549 Ha,     658.040689 eV
     Encl =    -113.031230 Ry,     -56.515615 Ha,   -1537.868223 eV
     Eh   =      23.012634 Ry,      11.506317 Ha,     313.102830 eV
     Exc  =      -7.047878 Ry,      -3.523939 Ha,     -95.891262 eV


     normalization and overlap integrals

     s(1S/1S) =  1.000000  <r> =   0.3322  <r2> =    0.1500  r(max) =   0.2129
     s(1S/2S) =  0.000000
     s(2S/2S) =  1.000000  <r> =   1.9654  <r2> =    4.6705  r(max) =   1.5152
     s(2P/2P) =  1.000000  <r> =   2.2886  <r2> =    6.7984  r(max) =   1.5536
     s(2P/2P) =  1.000000  <r> =   2.2897  <r2> =    6.8044  r(max) =   1.5536

     ------------------------ End of All-electron run ------------------------


     --------------------- Generating US pseudopotential ---------------------


      Generating local pot.: lloc=2, j= 1.50, matching radius rcloc =   1.2000

      Generating local pot.: lloc=2, j= 2.50, matching radius rcloc =   1.2000

      Computing core charge for nlcc: 

       r > 0.69 : true rho core
       r < 0.69 : rho core = a sin(br)/r    a=   2.12  b=   3.83

      Integrated core pseudo-charge :   0.52

     Fully relativistic calculation: |psi|^2

     Wfc 2S LC norm =  0.99997210 SC norm =  0.00002230 missing  0.00000560

     Wfc 2P LC norm =  0.99998024 SC norm =  0.00001935 missing  0.00000040

     Wfc 2P LC norm =  0.99998026 SC norm =  0.00001066 missing  0.00000908
      Wfc-us  2S rcutus= 1.406  Estimated cut-off energy=    22.09 Ry
      Wfc-us  2S rcutus= 1.406  Estimated cut-off energy=    23.33 Ry
      Wfc-us  2P rcutus= 1.304  Estimated cut-off energy=    43.41 Ry
      Wfc-us  2P rcutus= 1.304  Estimated cut-off energy=    43.41 Ry
      Wfc-us  2P rcutus= 1.304  Estimated cut-off energy=    47.97 Ry
      Wfc-us  2P rcutus= 1.304  Estimated cut-off energy=    47.97 Ry

      The bmat matrix
     0.76912     0.79479     0.00000     0.00000     0.00000     0.00000
     0.76305     0.78953     0.00000     0.00000     0.00000     0.00000
     0.00000     0.00000    -0.05037     0.00000    -0.08393     0.00000
     0.00000     0.00000     0.00000    -0.05009     0.00000    -0.08356
     0.00000     0.00000    -0.05664     0.00000    -0.09235     0.00000
     0.00000     0.00000     0.00000    -0.05636     0.00000    -0.09198

      The bmat + epsilon qq matrix
     0.79829     0.79265     0.00000     0.00000     0.00000     0.00000
     0.79266     0.78735     0.00000     0.00000     0.00000     0.00000
     0.00000     0.00000    -0.05313     0.00000    -0.06087     0.00000
     0.00000     0.00000     0.00000    -0.05283     0.00000    -0.06057
     0.00000     0.00000    -0.06085     0.00000    -0.05851     0.00000
     0.00000     0.00000     0.00000    -0.06054     0.00000    -0.05823

      The qq matrix
    -0.04228    -0.04291     0.00000     0.00000     0.00000     0.00000
    -0.04291    -0.04353     0.00000     0.00000     0.00000     0.00000
     0.00000     0.00000     0.01010     0.00000     0.01538     0.00000
     0.00000     0.00000     0.00000     0.01005     0.00000     0.01532
     0.00000     0.00000     0.01538     0.00000     0.02256     0.00000
     0.00000     0.00000     0.00000     0.01532     0.00000     0.02250

     Q pseudized with Bessel functions
     Expected ecutrho=     216.1789 due to l1=  1   l2=  1

      The ddd matrix
     0.52390     0.50788     0.00000     0.00000     0.00000     0.00000
     0.50788     0.49243     0.00000     0.00000     0.00000     0.00000
     0.00000     0.00000     0.04666     0.00000     0.08385     0.00000
     0.00000     0.00000     0.00000     0.04651     0.00000     0.08363
     0.00000     0.00000     0.08385     0.00000     0.14838     0.00000
     0.00000     0.00000     0.00000     0.08363     0.00000     0.14807

     ------------------- End of pseudopotential generation -------------------

     --------------------------- All-electron run ----------------------------

     B                                                                          
     dirac relativistic calculation

     atomic number is  5.00
     dft =LDA   lsd =0 sic =0 latt =0  beta=0.20 tr2=1.0E-14
     Exchange-correlation= LDA
                           (   1   1   0   0   0   0   0)
     mesh =1059 r(mesh) = 101.04461 a.u. xmin = -7.00 dx = 0.01250
     1 Ry =  13.60569312 eV, c = 137.03599908

     n l j   nl                  e(Ry)          e(Ha)          e(eV)
     Spin orbit split results
     1 0 0.5 1S 1( 2.00)       -13.1312        -6.5656      -178.6585
     2 0 0.5 2S 1( 2.00)        -0.6901        -0.3450        -9.3887
     2 1 0.5 2P 1( 1.00)        -0.2735        -0.1368        -3.7215
     2 1 1.5 2P 1( 0.00)        -0.2733        -0.1366        -3.7182
     Averaged results
     1 0     1S 1( 2.00)       -13.1312        -6.5656      -178.6585
     2 0     2S 1( 2.00)        -0.6901        -0.3450        -9.3887
     2 1     2P 1( 1.00)        -0.2734        -0.1367        -3.7193

     final scf error:  9.8E-15 reached in  31 iterations
 
     Etot =     -48.701375 Ry,     -24.350688 Ha,    -662.615966 eV

     Ekin =      48.365099 Ry,      24.182549 Ha,     658.040689 eV
     Encl =    -113.031230 Ry,     -56.515615 Ha,   -1537.868223 eV
     Eh   =      23.012634 Ry,      11.506317 Ha,     313.102830 eV
     Exc  =      -7.047878 Ry,      -3.523939 Ha,     -95.891262 eV


     normalization and overlap integrals

     s(1S/1S) =  1.000000  <r> =   0.3322  <r2> =    0.1500  r(max) =   0.2129
     s(1S/2S) =  0.000000
     s(2S/2S) =  1.000000  <r> =   1.9654  <r2> =    4.6705  r(max) =   1.5152
     s(2P/2P) =  1.000000  <r> =   2.2886  <r2> =    6.7984  r(max) =   1.5536
     s(2P/2P) =  1.000000  <r> =   2.2897  <r2> =    6.8044  r(max) =   1.5536

     ------------------------ End of All-electron run ------------------------


     ---------------------- Testing the pseudopotential ----------------------

     B                                                                          
     dirac relativistic calculation

     atomic number is  5.00   valence charge is  3.00
     dft =LDA   lsd =0 sic =0 latt =0  beta=0.20 tr2=1.0E-14
     mesh =1059 r(mesh) = 101.04461 xmin = -7.00 dx = 0.01250

     n l  j  nl             e AE (Ry)       e PS (Ry)    De AE-PS (Ry) 
     1 0 0.5 2S   1( 2.00)       -0.69005       -0.69006        0.00000
     2 1 0.5 2P   1( 1.00)       -0.27353       -0.27352       -0.00001
     2 1 1.5 2P   1( 0.00)       -0.27328       -0.27329        0.00000

     eps = 1.5E-15  iter =  3
 
     Etot =     -48.701375 Ry,     -24.350688 Ha,    -662.615966 eV
     Etotps =    -5.732950 Ry,      -2.866475 Ha,     -78.000762 eV

     Ekin =       2.470586 Ry,       1.235293 Ha,      33.614030 eV
     Encl =     -11.065235 Ry,      -5.532617 Ha,    -150.550190 eV
     Ehrt =       3.981134 Ry,       1.990567 Ha,      54.166089 eV
     Ecxc =      -2.213889 Ry,      -1.106945 Ha,     -30.121496 eV
     (Ecc =      -0.532112 Ry,      -0.266056 Ha,      -7.239750 eV)
     Epseu=       1.094454 Ry,       0.547227 Ha,      14.890805 eV

     ---------------------- End of pseudopotential test ----------------------

