[0] MPI startup(): I_MPI_SHM_LMT environment variable is not supported.
[0] MPI startup(): Similar variables:
	 I_MPI_SHM_HEAP
	 I_MPI_SHM
	 I_MPI_SHM_OPT
	 I_MPI_SHM_THP
[0] MPI startup(): To check the list of supported variables, use the impi_info utility or refer to https://software.intel.com/en-us/mpi-library/documentation/get-started.

     Program LD1 v.7.3.1 starts on 19Sep2024 at 21:47:36 

     This program is part of the open-source Quantum ESPRESSO suite
     for quantum simulation of materials; please cite
         "P. Giannozzi et al., J. Phys.:Condens. Matter 21 395502 (2009);
         "P. Giannozzi et al., J. Phys.:Condens. Matter 29 465901 (2017);
         "P. Giannozzi et al., J. Chem. Phys. 152 154105 (2020);
          URL http://www.quantum-espresso.org", 
     in publications or presentations arising from this work. More details at
     http://www.quantum-espresso.org/quote

     Parallel version (MPI), running on     1 processors

     MPI processes distributed on     1 nodes
     89807 MiB available memory on the printing compute node when the environment starts
 
     Waiting for input...
     Reading input from standard input
     --------------------------- All-electron run ----------------------------

     B                                                                          
     dirac relativistic calculation

     atomic number is  5.00
     dft =LDA   lsd =0 sic =0 latt =0  beta=0.20 tr2=1.0E-14
     Exchange-correlation= LDA
                           (   1   1   0   0   0   0   0)
     mesh =1059 r(mesh) = 101.04461 a.u. xmin = -7.00 dx = 0.01250
     1 Ry =  13.60569312 eV, c = 137.03599908

     n l j   nl                  e(Ry)          e(Ha)          e(eV)
     Spin orbit split results
     1 0 0.5 1S 1( 2.00)       -13.1312        -6.5656      -178.6585
     2 0 0.5 2S 1( 2.00)        -0.6901        -0.3450        -9.3887
     2 1 0.5 2P 1( 1.00)        -0.2735        -0.1368        -3.7215
     2 1 1.5 2P 1( 0.00)        -0.2733        -0.1366        -3.7182
     Averaged results
     1 0     1S 1( 2.00)       -13.1312        -6.5656      -178.6585
     2 0     2S 1( 2.00)        -0.6901        -0.3450        -9.3887
     2 1     2P 1( 1.00)        -0.2734        -0.1367        -3.7193

     final scf error:  9.8E-15 reached in  31 iterations
 
     Etot =     -48.701375 Ry,     -24.350688 Ha,    -662.615966 eV

     Ekin =      48.365099 Ry,      24.182549 Ha,     658.040689 eV
     Encl =    -113.031230 Ry,     -56.515615 Ha,   -1537.868223 eV
     Eh   =      23.012634 Ry,      11.506317 Ha,     313.102830 eV
     Exc  =      -7.047878 Ry,      -3.523939 Ha,     -95.891262 eV


     normalization and overlap integrals

     s(1S/1S) =  1.000000  <r> =   0.3322  <r2> =    0.1500  r(max) =   0.2129
     s(1S/2S) =  0.000000
     s(2S/2S) =  1.000000  <r> =   1.9654  <r2> =    4.6705  r(max) =   1.5152
     s(2P/2P) =  1.000000  <r> =   2.2886  <r2> =    6.7984  r(max) =   1.5536
     s(2P/2P) =  1.000000  <r> =   2.2897  <r2> =    6.8044  r(max) =   1.5536

     ------------------------ End of All-electron run ------------------------


     --------------------- Generating PAW atomic setup --------------------


      Generating local pot.: lloc=2, j= 1.50, matching radius rcloc =   1.2000

      Generating local pot.: lloc=2, j= 2.50, matching radius rcloc =   1.2000

      Computing core charge for nlcc: 

       r > 0.69 : true rho core
       r < 0.69 : rho core = a sin(br)/r    a=   2.12  b=   3.83

      Integrated core pseudo-charge :   0.52

     Fully relativistic calculation: |psi|^2

     Wfc 2S LC norm =  0.99997210 SC norm =  0.00002230 missing  0.00000560
     Speed at rcutus      0.832 a.u.,  v/c =  0.006070,  (v/c)^2 =  0.00003684

     Wfc 2P LC norm =  0.99998024 SC norm =  0.00001935 missing  0.00000040
     Speed at rcutus      0.816 a.u.,  v/c =  0.005954,  (v/c)^2 =  0.00003545

     Wfc 2P LC norm =  0.99998026 SC norm =  0.00001066 missing  0.00000908
     Speed at rcutus      0.816 a.u.,  v/c =  0.005953,  (v/c)^2 =  0.00003543
      Wfc-us  2S rcutus= 1.406  Estimated cut-off energy=    22.09 Ry
      Wfc-us  2S rcutus= 1.406  Estimated cut-off energy=    23.33 Ry
      Wfc-us  2P rcutus= 1.406  Estimated cut-off energy=    37.57 Ry
      Wfc-us  2P rcutus= 1.406  Estimated cut-off energy=    37.57 Ry
      Wfc-us  2P rcutus= 1.406  Estimated cut-off energy=    42.80 Ry
      Wfc-us  2P rcutus= 1.406  Estimated cut-off energy=    42.80 Ry

      The bmat matrix
     0.76912     0.79479     0.00000     0.00000     0.00000     0.00000
     0.76305     0.78953     0.00000     0.00000     0.00000     0.00000
     0.00000     0.00000    -0.05025     0.00000    -0.08669     0.00000
     0.00000     0.00000     0.00000    -0.04998     0.00000    -0.08633
     0.00000     0.00000    -0.04974     0.00000    -0.08486     0.00000
     0.00000     0.00000     0.00000    -0.04949     0.00000    -0.08452

      The bmat + epsilon qq matrix
     0.79830     0.79265     0.00000     0.00000     0.00000     0.00000
     0.79267     0.78735     0.00000     0.00000     0.00000     0.00000
     0.00000     0.00000    -0.05417     0.00000    -0.05548     0.00000
     0.00000     0.00000     0.00000    -0.05388     0.00000    -0.05521
     0.00000     0.00000    -0.05543     0.00000    -0.04130     0.00000
     0.00000     0.00000     0.00000    -0.05516     0.00000    -0.04106

      The qq matrix
    -0.04230    -0.04293     0.00000     0.00000     0.00000     0.00000
    -0.04293    -0.04355     0.00000     0.00000     0.00000     0.00000
     0.00000     0.00000     0.01433     0.00000     0.02081     0.00000
     0.00000     0.00000     0.00000     0.01427     0.00000     0.02075
     0.00000     0.00000     0.02081     0.00000     0.02904     0.00000
     0.00000     0.00000     0.00000     0.02075     0.00000     0.02898


    multipoles (all-electron charge) - (pseudo charge)
        ns l1:ns1 l2    l=0     l=1     l=2     l=3     l=4     l=5  
         1  0:  1  0 -0.0423
         2  0:  1  0 -0.0429
         2  0:  2  0 -0.0435
         3  1:  1  0  0.0000  0.0226
         3  1:  2  0  0.0000  0.0219
         3  1:  3  1  0.0143  0.0000  0.0042
         4  1:  1  0  0.0000  0.0226
         4  1:  2  0  0.0000  0.0219
         4  1:  3  1  0.0143  0.0000  0.0042
         4  1:  4  1  0.0143  0.0000  0.0042
         5  1:  1  0  0.0000  0.0246
         5  1:  2  0  0.0000  0.0237
         5  1:  3  1  0.0208  0.0000  0.0069
         5  1:  4  1  0.0208  0.0000  0.0069
         5  1:  5  1  0.0291  0.0000  0.0100
         6  1:  1  0  0.0000  0.0246
         6  1:  2  0  0.0000  0.0237
         6  1:  3  1  0.0208  0.0000  0.0068
         6  1:  4  1  0.0208  0.0000  0.0069
         6  1:  5  1  0.0290  0.0000  0.0100
         6  1:  6  1  0.0290  0.0000  0.0100
     Required augmentation: BESSEL   radius:    1.300000
     Suggested rho cutoff for augmentation:  32.04 Ry

     Estimated PAW energy =  -10.422151 Ryd

     The PAW screened D coefficients
     0.79829     0.79265     0.00000     0.00000     0.00000     0.00000
     0.79265     0.78735     0.00000     0.00000     0.00000     0.00000
     0.00000     0.00000    -0.05418     0.00000    -0.05544     0.00000
     0.00000     0.00000     0.00000    -0.05388     0.00000    -0.05516
     0.00000     0.00000    -0.05544     0.00000    -0.04126     0.00000
     0.00000     0.00000     0.00000    -0.05516     0.00000    -0.04103

     The PAW descreened D coefficients (US)
     0.56580     0.55344     0.00000     0.00000     0.00000     0.00000
     0.55344     0.54158     0.00000     0.00000     0.00000     0.00000
     0.00000     0.00000     0.05936     0.00000     0.10765     0.00000
     0.00000     0.00000     0.00000     0.05919     0.00000     0.10744
     0.00000     0.00000     0.10765     0.00000     0.18508     0.00000
     0.00000     0.00000     0.00000     0.10744     0.00000     0.18479

     ------------------- End of pseudopotential generation -------------------

     --------------------------- All-electron run ----------------------------

     B                                                                          
     dirac relativistic calculation

     atomic number is  5.00
     dft = SLA  PZ   NOGX NOGC   lsd =0 sic =0 latt =0  beta=0.20 tr2=1.0E-14
     Exchange-correlation=  SLA  PZ   NOGX NOGC
                           (   1   1   0   0   0   0   0)
     mesh =1059 r(mesh) = 101.04461 a.u. xmin = -7.00 dx = 0.01250
     1 Ry =  13.60569312 eV, c = 137.03599908

     n l j   nl                  e(Ry)          e(Ha)          e(eV)
     Spin orbit split results
     1 0 0.5 1S 1( 2.00)       -13.1312        -6.5656      -178.6585
     2 0 0.5 2S 1( 2.00)        -0.6901        -0.3450        -9.3887
     2 1 0.5 2P 1( 1.00)        -0.2735        -0.1368        -3.7215
     2 1 1.5 2P 1( 0.00)        -0.2733        -0.1366        -3.7182
     Averaged results
     1 0     1S 1( 2.00)       -13.1312        -6.5656      -178.6585
     2 0     2S 1( 2.00)        -0.6901        -0.3450        -9.3887
     2 1     2P 1( 1.00)        -0.2734        -0.1367        -3.7193

     final scf error:  9.8E-15 reached in  31 iterations
 
     Etot =     -48.701375 Ry,     -24.350688 Ha,    -662.615966 eV

     Ekin =      48.365099 Ry,      24.182549 Ha,     658.040689 eV
     Encl =    -113.031230 Ry,     -56.515615 Ha,   -1537.868223 eV
     Eh   =      23.012634 Ry,      11.506317 Ha,     313.102830 eV
     Exc  =      -7.047878 Ry,      -3.523939 Ha,     -95.891262 eV


     normalization and overlap integrals

     s(1S/1S) =  1.000000  <r> =   0.3322  <r2> =    0.1500  r(max) =   0.2129
     s(1S/2S) =  0.000000
     s(2S/2S) =  1.000000  <r> =   1.9654  <r2> =    4.6705  r(max) =   1.5152
     s(2P/2P) =  1.000000  <r> =   2.2886  <r2> =    6.7984  r(max) =   1.5536
     s(2P/2P) =  1.000000  <r> =   2.2897  <r2> =    6.8044  r(max) =   1.5536

     ------------------------ End of All-electron run ------------------------


     ---------------------- Testing the pseudopotential ----------------------

     B                                                                          
     dirac relativistic calculation

     atomic number is  5.00   valence charge is  3.00
     dft = SLA  PZ   NOGX NOGC   lsd =0 sic =0 latt =0  beta=0.20 tr2=1.0E-14
     mesh =1059 r(mesh) = 101.04461 xmin = -7.00 dx = 0.01250

     n l  j  nl             e AE (Ry)       e PS (Ry)    De AE-PS (Ry) 
     1 0 0.5 2S   1( 2.00)       -0.69005       -0.69006        0.00001
     2 1 0.5 2P   1( 1.00)       -0.27353       -0.27352       -0.00000
     2 1 1.5 2P   1( 0.00)       -0.27328       -0.27329        0.00000

     eps = 2.5E-15  iter =  3
 
     Etot =     -48.701375 Ry,     -24.350688 Ha,    -662.615966 eV
     Etotps =   -10.422156 Ry,      -5.211078 Ha,    -141.800654 eV

     Ekin =       5.678489 Ry,       2.839245 Ha,      77.259780 eV
     Encl =     -13.039585 Ry,      -6.519792 Ha,    -177.412585 eV
     Ehrt =       3.986820 Ry,       1.993410 Ha,      54.243448 eV
     Ecxc =      -7.047880 Ry,      -3.523940 Ha,     -95.891297 eV
     (Ecc =      -0.532112 Ry,      -0.266056 Ha,      -7.239750 eV)

     ---------------------- End of pseudopotential test ----------------------

