[0] MPI startup(): I_MPI_SHM_LMT environment variable is not supported.
[0] MPI startup(): Similar variables:
	 I_MPI_SHM_HEAP
	 I_MPI_SHM
	 I_MPI_SHM_OPT
	 I_MPI_SHM_THP
[0] MPI startup(): To check the list of supported variables, use the impi_info utility or refer to https://software.intel.com/en-us/mpi-library/documentation/get-started.

     Program LD1 v.7.3.1 starts on 19Sep2024 at 21:47:34 

     This program is part of the open-source Quantum ESPRESSO suite
     for quantum simulation of materials; please cite
         "P. Giannozzi et al., J. Phys.:Condens. Matter 21 395502 (2009);
         "P. Giannozzi et al., J. Phys.:Condens. Matter 29 465901 (2017);
         "P. Giannozzi et al., J. Chem. Phys. 152 154105 (2020);
          URL http://www.quantum-espresso.org", 
     in publications or presentations arising from this work. More details at
     http://www.quantum-espresso.org/quote

     Parallel version (MPI), running on     1 processors

     MPI processes distributed on     1 nodes
     89812 MiB available memory on the printing compute node when the environment starts
 
     Waiting for input...
     Reading input from standard input
     --------------------------- All-electron run ----------------------------

     Be                                                                         
     dirac relativistic calculation

     atomic number is  4.00
     dft =LDA   lsd =0 sic =0 latt =0  beta=0.20 tr2=1.0E-14
     Exchange-correlation= LDA
                           (   1   1   0   0   0   0   0)
     mesh =1041 r(mesh) = 100.85720 a.u. xmin = -7.00 dx = 0.01250
     1 Ry =  13.60569312 eV, c = 137.03599908

     n l j   nl                  e(Ry)          e(Ha)          e(eV)
     Spin orbit split results
     1 0 0.5 1S 1( 2.00)        -7.7124        -3.8562      -104.9327
     2 0 0.5 2S 1( 2.00)        -0.4121        -0.2060        -5.6064
     2 1 0.5 2P 1( 0.00)        -0.1547        -0.0774        -2.1054
     2 1 1.5 2P 1( 0.00)        -0.1547        -0.0773        -2.1045
     Averaged results
     1 0     1S 1( 2.00)        -7.7124        -3.8562      -104.9327
     2 0     2S 1( 2.00)        -0.4121        -0.2060        -5.6064
     2 1     2P 1( 0.00)        -0.1547        -0.0774        -2.1048

     final scf error:  6.8E-15 reached in  16 iterations
 
     Etot =     -28.898056 Ry,     -14.449028 Ha,    -393.178089 eV

     Ekin =      28.635056 Ry,      14.317528 Ha,     389.599778 eV
     Encl =     -66.738151 Ry,     -33.369076 Ha,    -908.018803 eV
     Eh   =      14.234021 Ry,       7.117011 Ha,     193.663722 eV
     Exc  =      -5.028982 Ry,      -2.514491 Ha,     -68.422785 eV


     normalization and overlap integrals

     s(1S/1S) =  1.000000  <r> =   0.4250  <r2> =    0.2465  r(max) =   0.2695
     s(1S/2S) =  0.000000
     s(2S/2S) =  1.000000  <r> =   2.6188  <r2> =    8.2506  r(max) =   2.0415
     s(2P/2P) =  1.000000  <r> =   3.1837  <r2> =   12.9115  r(max) =   2.2846
     s(2P/2P) =  1.000000  <r> =   3.1844  <r2> =   12.9166  r(max) =   2.2846

     ------------------------ End of All-electron run ------------------------


     --------------------- Generating US pseudopotential ---------------------


      Generating local pot.: lloc=2, j= 1.50, matching radius rcloc =   1.4000

      Generating local pot.: lloc=2, j= 2.50, matching radius rcloc =   1.4000

      Computing core charge for nlcc: 

       r > 1.30 : true rho core
      Core charge pseudized with two Bessel functions
      Integrated core pseudo-charge :   0.36

     Fully relativistic calculation: |psi|^2

     Wfc 2S LC norm =  0.99998489 SC norm =  0.00001219 missing  0.00000292

     Wfc 2P LC norm =  0.99999019 SC norm =  0.00000958 missing  0.00000023

     Wfc 2P LC norm =  0.99999019 SC norm =  0.00000512 missing  0.00000469
      Wfc-us  2S rcutus= 1.991  Estimated cut-off energy=    11.14 Ry
      Wfc-us  2S rcutus= 1.991  Estimated cut-off energy=    30.04 Ry
      Wfc-us  2P rcutus= 1.991  Estimated cut-off energy=    18.68 Ry
      Wfc-us  2P rcutus= 1.991  Estimated cut-off energy=    18.68 Ry
      Wfc-us  2P rcutus= 1.991  Estimated cut-off energy=    20.51 Ry
      Wfc-us  2P rcutus= 1.991  Estimated cut-off energy=    20.51 Ry

      The bmat matrix
     0.46238     0.39917     0.00000     0.00000     0.00000     0.00000
     0.35779     0.67205     0.00000     0.00000     0.00000     0.00000
     0.00000     0.00000    -0.01851     0.00000    -0.39952     0.00000
     0.00000     0.00000     0.00000    -0.01844     0.00000    -0.39918
     0.00000     0.00000     0.02793     0.00000     0.05095     0.00000
     0.00000     0.00000     0.00000     0.02791     0.00000     0.05084

      The bmat + epsilon qq matrix
     0.48579     0.36032     0.00000     0.00000     0.00000     0.00000
     0.36026     1.02934     0.00000     0.00000     0.00000     0.00000
     0.00000     0.00000    -0.02074     0.00000     0.01773     0.00000
     0.00000     0.00000     0.00000    -0.02067     0.00000     0.01774
     0.00000     0.00000     0.01768     0.00000     0.76645     0.00000
     0.00000     0.00000     0.00000     0.01767     0.00000     0.76626

      The qq matrix
    -0.05682    -0.00598     0.00000     0.00000     0.00000     0.00000
    -0.00598     0.05497     0.00000     0.00000     0.00000     0.00000
     0.00000     0.00000     0.01444     0.00000     0.06623     0.00000
     0.00000     0.00000     0.00000     0.01441     0.00000     0.06618
     0.00000     0.00000     0.06623     0.00000     0.11357     0.00000
     0.00000     0.00000     0.00000     0.06618     0.00000     0.11356

     Q pseudized with Bessel functions
     Expected ecutrho=     198.1799 due to l1=  1   l2=  1

      The ddd matrix
     0.27745     0.27831     0.00000     0.00000     0.00000     0.00000
     0.27831     1.16788     0.00000     0.00000     0.00000     0.00000
     0.00000     0.00000     0.04438     0.00000     0.30389     0.00000
     0.00000     0.00000     0.00000     0.04428     0.00000     0.30360
     0.00000     0.00000     0.30389     0.00000     1.55858     0.00000
     0.00000     0.00000     0.00000     0.30360     0.00000     1.55841

     ------------------- End of pseudopotential generation -------------------

     --------------------------- All-electron run ----------------------------

     Be                                                                         
     dirac relativistic calculation

     atomic number is  4.00
     dft =LDA   lsd =0 sic =0 latt =0  beta=0.20 tr2=1.0E-14
     Exchange-correlation= LDA
                           (   1   1   0   0   0   0   0)
     mesh =1041 r(mesh) = 100.85720 a.u. xmin = -7.00 dx = 0.01250
     1 Ry =  13.60569312 eV, c = 137.03599908

     n l j   nl                  e(Ry)          e(Ha)          e(eV)
     Spin orbit split results
     1 0 0.5 1S 1( 2.00)        -7.7124        -3.8562      -104.9327
     2 0 0.5 2S 1( 2.00)        -0.4121        -0.2060        -5.6064
     2 1 0.5 2P 1( 0.00)        -0.1547        -0.0774        -2.1054
     2 1 1.5 2P 1( 0.00)        -0.1547        -0.0773        -2.1045
     Averaged results
     1 0     1S 1( 2.00)        -7.7124        -3.8562      -104.9327
     2 0     2S 1( 2.00)        -0.4121        -0.2060        -5.6064
     2 1     2P 1( 0.00)        -0.1547        -0.0774        -2.1048

     final scf error:  6.8E-15 reached in  16 iterations
 
     Etot =     -28.898056 Ry,     -14.449028 Ha,    -393.178089 eV

     Ekin =      28.635056 Ry,      14.317528 Ha,     389.599778 eV
     Encl =     -66.738151 Ry,     -33.369076 Ha,    -908.018803 eV
     Eh   =      14.234021 Ry,       7.117011 Ha,     193.663722 eV
     Exc  =      -5.028982 Ry,      -2.514491 Ha,     -68.422785 eV


     normalization and overlap integrals

     s(1S/1S) =  1.000000  <r> =   0.4250  <r2> =    0.2465  r(max) =   0.2695
     s(1S/2S) =  0.000000
     s(2S/2S) =  1.000000  <r> =   2.6188  <r2> =    8.2506  r(max) =   2.0415
     s(2P/2P) =  1.000000  <r> =   3.1837  <r2> =   12.9115  r(max) =   2.2846
     s(2P/2P) =  1.000000  <r> =   3.1844  <r2> =   12.9166  r(max) =   2.2846

     ------------------------ End of All-electron run ------------------------


     ---------------------- Testing the pseudopotential ----------------------

     Be                                                                         
     dirac relativistic calculation

     atomic number is  4.00   valence charge is  2.00
     dft =LDA   lsd =0 sic =0 latt =0  beta=0.20 tr2=1.0E-14
     mesh =1041 r(mesh) = 100.85720 xmin = -7.00 dx = 0.01250

     n l  j  nl             e AE (Ry)       e PS (Ry)    De AE-PS (Ry) 
     1 0 0.5 2S   1( 2.00)       -0.41206       -0.41206        0.00000
     2 1 0.5 2P   1( 0.00)       -0.15474       -0.15474       -0.00000
     2 1 1.5 2P   1( 0.00)       -0.15468       -0.15468        0.00000

     eps = 1.8E-16  iter =  3
 
     Etot =     -28.898056 Ry,     -14.449028 Ha,    -393.178089 eV
     Etotps =    -2.258194 Ry,      -1.129097 Ha,     -30.724292 eV

     Ekin =       0.632336 Ry,       0.316168 Ha,       8.603373 eV
     Encl =      -3.782667 Ry,      -1.891334 Ha,     -51.465807 eV
     Ehrt =       1.385708 Ry,       0.692854 Ha,      18.853520 eV
     Ecxc =      -1.048474 Ry,      -0.524237 Ha,     -14.265218 eV
     (Ecc =      -0.253745 Ry,      -0.126872 Ha,      -3.452374 eV)
     Epseu=       0.554903 Ry,       0.277451 Ha,       7.549839 eV

     ---------------------- End of pseudopotential test ----------------------

