[0] MPI startup(): I_MPI_SHM_LMT environment variable is not supported.
[0] MPI startup(): Similar variables:
	 I_MPI_SHM_HEAP
	 I_MPI_SHM
	 I_MPI_SHM_OPT
	 I_MPI_SHM_THP
[0] MPI startup(): To check the list of supported variables, use the impi_info utility or refer to https://software.intel.com/en-us/mpi-library/documentation/get-started.

     Program LD1 v.7.3.1 starts on 19Sep2024 at 21:47:36 

     This program is part of the open-source Quantum ESPRESSO suite
     for quantum simulation of materials; please cite
         "P. Giannozzi et al., J. Phys.:Condens. Matter 21 395502 (2009);
         "P. Giannozzi et al., J. Phys.:Condens. Matter 29 465901 (2017);
         "P. Giannozzi et al., J. Chem. Phys. 152 154105 (2020);
          URL http://www.quantum-espresso.org", 
     in publications or presentations arising from this work. More details at
     http://www.quantum-espresso.org/quote

     Parallel version (MPI), running on     1 processors

     MPI processes distributed on     1 nodes
     89810 MiB available memory on the printing compute node when the environment starts
 
     Waiting for input...
     Reading input from standard input
     --------------------------- All-electron run ----------------------------

     Bi                                                                         
     dirac relativistic calculation

     atomic number is 83.00
     dft =LDA   lsd =0 sic =0 latt =0  beta=0.20 tr2=1.0E-14
     Exchange-correlation= LDA
                           (   1   1   0   0   0   0   0)
     mesh =1283 r(mesh) = 100.09897 a.u. xmin = -7.00 dx = 0.01250
     1 Ry =  13.60569312 eV, c = 137.03599908

     n l j   nl                  e(Ry)          e(Ha)          e(eV)
     Spin orbit split results
     1 0 0.5 1S 1( 2.00)     -6648.0366     -3324.0183    -90451.1453
     2 0 0.5 2S 1( 2.00)     -1193.4367      -596.7183    -16237.5331
     2 1 0.5 2P 1( 2.00)     -1146.8256      -573.4128    -15603.3573
     2 1 1.5 2P 1( 4.00)      -976.4740      -488.2370    -13285.6062
     3 0 0.5 3S 1( 2.00)      -287.9625      -143.9812     -3917.9288
     3 1 0.5 3P 1( 2.00)      -266.8830      -133.4415     -3631.1287
     3 1 1.5 3P 1( 4.00)      -228.7478      -114.3739     -3112.2718
     4 0 0.5 4S 1( 2.00)       -65.9811       -32.9905      -897.7185
     4 1 0.5 4P 1( 2.00)       -56.8224       -28.4112      -773.1078
     4 1 1.5 4P 1( 4.00)       -47.4052       -23.7026      -644.9806
     3 2 1.5 3D 1( 4.00)      -194.1423       -97.0712     -2641.4407
     3 2 2.5 3D 1( 6.00)      -186.0531       -93.0265     -2531.3813
     5 0 0.5 5S 1( 2.00)       -11.5139        -5.7569      -156.6543
     5 1 0.5 5P 1( 2.00)        -8.3275        -4.1637      -113.3008
     5 1 1.5 5P 1( 4.00)        -6.4972        -3.2486       -88.3986
     4 2 1.5 4D 1( 4.00)       -32.4943       -16.2471      -442.1070
     4 2 2.5 4D 1( 6.00)       -30.7369       -15.3684      -418.1963
     4 3 2.5 4F 1( 6.00)       -11.3631        -5.6815      -154.6027
     4 3 3.5 4F 1( 8.00)       -10.9592        -5.4796      -149.1080
     5 2 1.5 5D 1( 4.00)        -2.0650        -1.0325       -28.0961
     5 2 2.5 5D 1( 6.00)        -1.8437        -0.9219       -25.0850
     6 0 0.5 6S 1( 2.00)        -1.0381        -0.5190       -14.1237
     6 1 0.5 6P 1( 2.00)        -0.4258        -0.2129        -5.7939
     6 1 1.5 6P 1( 1.00)        -0.2867        -0.1433        -3.9005
     Averaged results
     1 0     1S 1( 2.00)     -6648.0366     -3324.0183    -90451.1453
     2 0     2S 1( 2.00)     -1193.4367      -596.7183    -16237.5331
     2 1     2P 1( 6.00)     -1033.2579      -516.6290    -14058.1899
     3 0     3S 1( 2.00)      -287.9625      -143.9812     -3917.9288
     3 1     3P 1( 6.00)      -241.4595      -120.7298     -3285.2241
     4 0     4S 1( 2.00)       -65.9811       -32.9905      -897.7185
     4 1     4P 1( 6.00)       -50.5443       -25.2721      -687.6896
     3 2     3D 1(10.00)      -189.2888       -94.6444     -2575.4051
     5 0     5S 1( 2.00)       -11.5139        -5.7569      -156.6543
     5 1     5P 1( 6.00)        -7.1073        -3.5536       -96.6994
     4 2     4D 1(10.00)       -31.4398       -15.7199      -427.7605
     4 3     4F 1(14.00)       -11.1323        -5.5662      -151.4629
     5 2     5D 1(10.00)        -1.9322        -0.9661       -26.2894
     6 0     6S 1( 2.00)        -1.0381        -0.5190       -14.1237
     6 1     6P 1( 3.00)        -0.3331        -0.1665        -4.5316

     final scf error:  6.1E-15 reached in  25 iterations
 
     Etot =  -43140.018336 Ry,  -21570.009168 Ha, -586949.850800 eV

     Ekin =   50454.037387 Ry,   25227.018693 Ha,  686462.149499 eV
     Encl = -109419.993058 Ry,  -54709.996529 Ha,-1488734.847063 eV
     Eh   =   16600.003893 Ry,    8300.001946 Ha,  225854.558808 eV
     Exc  =    -774.066558 Ry,    -387.033279 Ha,  -10531.712044 eV


     normalization and overlap integrals

     s(1S/1S) =  1.000000  <r> =   0.0158  <r2> =    0.0003  r(max) =   0.0096
     s(1S/2S) = -0.000000
     s(1S/3S) = -0.000000
     s(1S/4S) = -0.000000
     s(1S/5S) = -0.000000
     s(1S/6S) = -0.000000
     s(2S/2S) =  1.000000  <r> =   0.0658  <r2> =    0.0052  r(max) =   0.0561
     s(2S/3S) =  0.000000
     s(2S/4S) =  0.000000
     s(2S/5S) =  0.000000
     s(2S/6S) =  0.000000
     s(2P/2P) =  1.000000  <r> =   0.0539  <r2> =    0.0036  r(max) =   0.0415
     s(2P/3P) =  0.000000
     s(2P/4P) =  0.000000
     s(2P/5P) =  0.000000
     s(2P/6P) =  0.000000
     s(2P/2P) =  1.000000  <r> =   0.0629  <r2> =    0.0048  r(max) =   0.0489
     s(2P/3P) =  0.000000
     s(2P/4P) =  0.000000
     s(2P/5P) =  0.000000
     s(2P/6P) =  0.000000
     s(3S/3S) =  1.000000  <r> =   0.1711  <r2> =    0.0336  r(max) =   0.1582
     s(3S/4S) =  0.000000
     s(3S/5S) =  0.000000
     s(3S/6S) =  0.000000
     s(3P/3P) =  1.000000  <r> =   0.1616  <r2> =    0.0305  r(max) =   0.1486
     s(3P/4P) =  0.000000
     s(3P/5P) =  0.000000
     s(3P/6P) =  0.000000
     s(3P/3P) =  1.000000  <r> =   0.1781  <r2> =    0.0368  r(max) =   0.1643
     s(3P/4P) =  0.000000
     s(3P/5P) =  0.000000
     s(3P/6P) =  0.000000
     s(4S/4S) =  1.000000  <r> =   0.3771  <r2> =    0.1607  r(max) =   0.3565
     s(4S/5S) =  0.000000
     s(4S/6S) =  0.000000
     s(4P/4P) =  1.000000  <r> =   0.3779  <r2> =    0.1627  r(max) =   0.3521
     s(4P/5P) =  0.000000
     s(4P/6P) =  0.000000
     s(4P/4P) =  1.000000  <r> =   0.4128  <r2> =    0.1937  r(max) =   0.3843
     s(4P/5P) =  0.000000
     s(4P/6P) =  0.000000
     s(3D/3D) =  1.000000  <r> =   0.1545  <r2> =    0.0280  r(max) =   0.1279
     s(3D/4D) =  0.000000
     s(3D/5D) =  0.000000
     s(3D/3D) =  1.000000  <r> =   0.1595  <r2> =    0.0297  r(max) =   0.1312
     s(3D/4D) = -0.000000
     s(3D/5D) = -0.000000
     s(5S/5S) =  1.000000  <r> =   0.8308  <r2> =    0.7736  r(max) =   0.7739
     s(5S/6S) =  0.000000
     s(5P/5P) =  1.000000  <r> =   0.8843  <r2> =    0.8817  r(max) =   0.8034
     s(5P/6P) =  0.000000
     s(5P/5P) =  1.000000  <r> =   0.9750  <r2> =    1.0725  r(max) =   0.8879
     s(5P/6P) = -0.000000
     s(4D/4D) =  1.000000  <r> =   0.4163  <r2> =    0.2002  r(max) =   0.3748
     s(4D/5D) =  0.000000
     s(4D/4D) =  1.000000  <r> =   0.4274  <r2> =    0.2108  r(max) =   0.3843
     s(4D/5D) = -0.000000
     s(4F/4F) =  1.000000  <r> =   0.4381  <r2> =    0.2292  r(max) =   0.3391
     s(4F/4F) =  1.000000  <r> =   0.4443  <r2> =    0.2356  r(max) =   0.3434
     s(5D/5D) =  1.000000  <r> =   1.2132  <r2> =    1.7057  r(max) =   1.0188
     s(5D/5D) =  1.000000  <r> =   1.2584  <r2> =    1.8385  r(max) =   1.0446
     s(6S/6S) =  1.000000  <r> =   2.1835  <r2> =    5.4068  r(max) =   1.8798
     s(6P/6P) =  1.000000  <r> =   2.7726  <r2> =    8.9068  r(max) =   2.2393
     s(6P/6P) =  1.000000  <r> =   3.2378  <r2> =   12.2033  r(max) =   2.5694

     ------------------------ End of All-electron run ------------------------


     --------------------- Generating US pseudopotential ---------------------


      Generating local potential from pseudized AE potential:
      Matching radius rcloc =   2.2000
      Enforcing V''(0)=0 (lloc=-2)

      Local pseudo, rcloc= 2.184 Estimated cut-off energy=     6.80 Ry

      Computing core charge for nlcc: 

       r > 1.41 : true rho core
      Core charge pseudized with two Bessel functions
      Integrated core pseudo-charge :  11.44

     Fully relativistic calculation: |psi|^2

     Wfc 6S LC norm =  0.99988499 SC norm =  0.00011242 missing  0.00000258

     Wfc 6P LC norm =  0.99993122 SC norm =  0.00006851 missing  0.00000026

     Wfc 6P LC norm =  0.99995091 SC norm =  0.00004387 missing  0.00000523

     Wfc 5D LC norm =  0.99963622 SC norm =  0.00036374 missing  0.00000005

     Wfc 5D LC norm =  0.99966015 SC norm =  0.00033932 missing  0.00000054
      Wfc-us  6S rcutus= 2.184  Estimated cut-off energy=     9.92 Ry
      Wfc-us  6S rcutus= 2.184  Estimated cut-off energy=    12.57 Ry
      Wfc-us  6P rcutus= 2.296  Estimated cut-off energy=    14.28 Ry
      Wfc-us  6P rcutus= 2.296  Estimated cut-off energy=    13.83 Ry
      Wfc-us  6P rcutus= 2.296  Estimated cut-off energy=    15.36 Ry
      Wfc-us  6P rcutus= 2.296  Estimated cut-off energy=    14.47 Ry
      Wfc-us  5D rcutus= 1.976  Estimated cut-off energy=    31.11 Ry
      Wfc-us  5D rcutus= 1.976  Estimated cut-off energy=    30.95 Ry
      Wfc-us  5D rcutus= 1.976  Estimated cut-off energy=    26.51 Ry
      Wfc-us  5D rcutus= 1.976  Estimated cut-off energy=    26.13 Ry

      The bmat matrix
     1.37444     1.36474     0.00000     0.00000     0.00000     0.00000
     0.00000     0.00000     0.00000     0.00000
     1.06430     1.07276     0.00000     0.00000     0.00000     0.00000
     0.00000     0.00000     0.00000     0.00000
     0.00000     0.00000     0.42041     0.00000     0.41636     0.00000
     0.00000     0.00000     0.00000     0.00000
     0.00000     0.00000     0.00000     0.30226     0.00000     0.34441
     0.00000     0.00000     0.00000     0.00000
     0.00000     0.00000     0.36961     0.00000     0.36852     0.00000
     0.00000     0.00000     0.00000     0.00000
     0.00000     0.00000     0.00000     0.32959     0.00000     0.37658
     0.00000     0.00000     0.00000     0.00000
     0.00000     0.00000     0.00000     0.00000     0.00000     0.00000
    -2.44370     0.00000    -1.09549     0.00000
     0.00000     0.00000     0.00000     0.00000     0.00000     0.00000
     0.00000    -2.41865     0.00000    -1.17353
     0.00000     0.00000     0.00000     0.00000     0.00000     0.00000
     0.13892     0.00000     0.15302     0.00000
     0.00000     0.00000     0.00000     0.00000     0.00000     0.00000
     0.00000    -0.02641     0.00000     0.08155

      The bmat + epsilon qq matrix
     1.68898     1.31620     0.00000     0.00000     0.00000     0.00000
     0.00000     0.00000     0.00000     0.00000
     1.31621     1.03381     0.00000     0.00000     0.00000     0.00000
     0.00000     0.00000     0.00000     0.00000
     0.00000     0.00000     0.45515     0.00000     0.40142     0.00000
     0.00000     0.00000     0.00000     0.00000
     0.00000     0.00000     0.00000     0.30970     0.00000     0.33832
     0.00000     0.00000     0.00000     0.00000
     0.00000     0.00000     0.40142     0.00000     0.35483     0.00000
     0.00000     0.00000     0.00000     0.00000
     0.00000     0.00000     0.00000     0.33832     0.00000     0.36947
     0.00000     0.00000     0.00000     0.00000
     0.00000     0.00000     0.00000     0.00000     0.00000     0.00000
    -3.28899     0.00000    -0.41948     0.00000
     0.00000     0.00000     0.00000     0.00000     0.00000     0.00000
     0.00000    -3.08399     0.00000    -0.51330
     0.00000     0.00000     0.00000     0.00000     0.00000     0.00000
    -0.41947     0.00000     0.44087     0.00000
     0.00000     0.00000     0.00000     0.00000     0.00000     0.00000
     0.00000    -0.51332     0.00000     0.40329

      The qq matrix
    -0.30301    -0.24268     0.00000     0.00000     0.00000     0.00000
     0.00000     0.00000     0.00000     0.00000
    -0.24268    -0.19471     0.00000     0.00000     0.00000     0.00000
     0.00000     0.00000     0.00000     0.00000
     0.00000     0.00000    -0.08157     0.00000    -0.07472     0.00000
     0.00000     0.00000     0.00000     0.00000
     0.00000     0.00000     0.00000    -0.02594     0.00000    -0.03045
     0.00000     0.00000     0.00000     0.00000
     0.00000     0.00000    -0.07472     0.00000    -0.06845     0.00000
     0.00000     0.00000     0.00000     0.00000
     0.00000     0.00000     0.00000    -0.03045     0.00000    -0.03552
     0.00000     0.00000     0.00000     0.00000
     0.00000     0.00000     0.00000     0.00000     0.00000     0.00000
     0.40933     0.00000     0.27041     0.00000
     0.00000     0.00000     0.00000     0.00000     0.00000     0.00000
     0.00000     0.36087     0.00000     0.26409
     0.00000     0.00000     0.00000     0.00000     0.00000     0.00000
     0.27041     0.00000     0.11514     0.00000
     0.00000     0.00000     0.00000     0.00000     0.00000     0.00000
     0.00000     0.26409     0.00000     0.12869

     Q pseudized with Bessel functions
     Expected ecutrho=     444.0695 due to l1=  2   l2=  2

      The ddd matrix
     0.41745     0.28857     0.00000     0.00000     0.00000     0.00000
     0.00000     0.00000     0.00000     0.00000
     0.28857     0.20231     0.00000     0.00000     0.00000     0.00000
     0.00000     0.00000     0.00000     0.00000
     0.00000     0.00000     0.16241     0.00000     0.12946     0.00000
     0.00000     0.00000     0.00000     0.00000
     0.00000     0.00000     0.00000     0.24539     0.00000     0.25755
     0.00000     0.00000     0.00000     0.00000
     0.00000     0.00000     0.12946     0.00000     0.10234     0.00000
     0.00000     0.00000     0.00000     0.00000
     0.00000     0.00000     0.00000     0.25755     0.00000     0.27000
     0.00000     0.00000     0.00000     0.00000
     0.00000     0.00000     0.00000     0.00000     0.00000     0.00000
    -1.45224     0.00000     0.79507     0.00000
     0.00000     0.00000     0.00000     0.00000     0.00000     0.00000
     0.00000    -1.46841     0.00000     0.66822
     0.00000     0.00000     0.00000     0.00000     0.00000     0.00000
     0.79507     0.00000     0.98168     0.00000
     0.00000     0.00000     0.00000     0.00000     0.00000     0.00000
     0.00000     0.66822     0.00000     1.00122

     ------------------- End of pseudopotential generation -------------------

     --------------------------- All-electron run ----------------------------

     Bi                                                                         
     dirac relativistic calculation

     atomic number is 83.00
     dft =LDA   lsd =0 sic =0 latt =0  beta=0.20 tr2=1.0E-14
     Exchange-correlation= LDA
                           (   1   1   0   0   0   0   0)
     mesh =1283 r(mesh) = 100.09897 a.u. xmin = -7.00 dx = 0.01250
     1 Ry =  13.60569312 eV, c = 137.03599908

     n l j   nl                  e(Ry)          e(Ha)          e(eV)
     Spin orbit split results
     1 0 0.5 1S 1( 2.00)     -6648.0366     -3324.0183    -90451.1453
     2 0 0.5 2S 1( 2.00)     -1193.4367      -596.7183    -16237.5331
     2 1 0.5 2P 1( 2.00)     -1146.8256      -573.4128    -15603.3573
     2 1 1.5 2P 1( 4.00)      -976.4740      -488.2370    -13285.6062
     3 0 0.5 3S 1( 2.00)      -287.9625      -143.9812     -3917.9288
     3 1 0.5 3P 1( 2.00)      -266.8830      -133.4415     -3631.1287
     3 1 1.5 3P 1( 4.00)      -228.7478      -114.3739     -3112.2718
     4 0 0.5 4S 1( 2.00)       -65.9811       -32.9905      -897.7185
     4 1 0.5 4P 1( 2.00)       -56.8224       -28.4112      -773.1078
     4 1 1.5 4P 1( 4.00)       -47.4052       -23.7026      -644.9806
     3 2 1.5 3D 1( 4.00)      -194.1423       -97.0712     -2641.4407
     3 2 2.5 3D 1( 6.00)      -186.0531       -93.0265     -2531.3813
     5 0 0.5 5S 1( 2.00)       -11.5139        -5.7569      -156.6543
     5 1 0.5 5P 1( 2.00)        -8.3275        -4.1637      -113.3008
     5 1 1.5 5P 1( 4.00)        -6.4972        -3.2486       -88.3986
     4 2 1.5 4D 1( 4.00)       -32.4943       -16.2471      -442.1070
     4 2 2.5 4D 1( 6.00)       -30.7369       -15.3684      -418.1963
     4 3 2.5 4F 1( 6.00)       -11.3631        -5.6815      -154.6027
     4 3 3.5 4F 1( 8.00)       -10.9592        -5.4796      -149.1080
     5 2 1.5 5D 1( 4.00)        -2.0650        -1.0325       -28.0961
     5 2 2.5 5D 1( 6.00)        -1.8437        -0.9219       -25.0850
     6 0 0.5 6S 1( 2.00)        -1.0381        -0.5190       -14.1237
     6 1 0.5 6P 1( 2.00)        -0.4258        -0.2129        -5.7939
     6 1 1.5 6P 1( 1.00)        -0.2867        -0.1433        -3.9005
     Averaged results
     1 0     1S 1( 2.00)     -6648.0366     -3324.0183    -90451.1453
     2 0     2S 1( 2.00)     -1193.4367      -596.7183    -16237.5331
     2 1     2P 1( 6.00)     -1033.2579      -516.6290    -14058.1899
     3 0     3S 1( 2.00)      -287.9625      -143.9812     -3917.9288
     3 1     3P 1( 6.00)      -241.4595      -120.7298     -3285.2241
     4 0     4S 1( 2.00)       -65.9811       -32.9905      -897.7185
     4 1     4P 1( 6.00)       -50.5443       -25.2721      -687.6896
     3 2     3D 1(10.00)      -189.2888       -94.6444     -2575.4051
     5 0     5S 1( 2.00)       -11.5139        -5.7569      -156.6543
     5 1     5P 1( 6.00)        -7.1073        -3.5536       -96.6994
     4 2     4D 1(10.00)       -31.4398       -15.7199      -427.7605
     4 3     4F 1(14.00)       -11.1323        -5.5662      -151.4629
     5 2     5D 1(10.00)        -1.9322        -0.9661       -26.2894
     6 0     6S 1( 2.00)        -1.0381        -0.5190       -14.1237
     6 1     6P 1( 3.00)        -0.3331        -0.1665        -4.5316

     final scf error:  6.1E-15 reached in  25 iterations
 
     Etot =  -43140.018336 Ry,  -21570.009168 Ha, -586949.850800 eV

     Ekin =   50454.037387 Ry,   25227.018693 Ha,  686462.149499 eV
     Encl = -109419.993058 Ry,  -54709.996529 Ha,-1488734.847063 eV
     Eh   =   16600.003893 Ry,    8300.001946 Ha,  225854.558808 eV
     Exc  =    -774.066558 Ry,    -387.033279 Ha,  -10531.712044 eV


     normalization and overlap integrals

     s(1S/1S) =  1.000000  <r> =   0.0158  <r2> =    0.0003  r(max) =   0.0096
     s(1S/2S) = -0.000000
     s(1S/3S) = -0.000000
     s(1S/4S) = -0.000000
     s(1S/5S) = -0.000000
     s(1S/6S) = -0.000000
     s(2S/2S) =  1.000000  <r> =   0.0658  <r2> =    0.0052  r(max) =   0.0561
     s(2S/3S) =  0.000000
     s(2S/4S) =  0.000000
     s(2S/5S) =  0.000000
     s(2S/6S) =  0.000000
     s(2P/2P) =  1.000000  <r> =   0.0539  <r2> =    0.0036  r(max) =   0.0415
     s(2P/3P) =  0.000000
     s(2P/4P) =  0.000000
     s(2P/5P) =  0.000000
     s(2P/6P) =  0.000000
     s(2P/2P) =  1.000000  <r> =   0.0629  <r2> =    0.0048  r(max) =   0.0489
     s(2P/3P) =  0.000000
     s(2P/4P) =  0.000000
     s(2P/5P) =  0.000000
     s(2P/6P) =  0.000000
     s(3S/3S) =  1.000000  <r> =   0.1711  <r2> =    0.0336  r(max) =   0.1582
     s(3S/4S) =  0.000000
     s(3S/5S) =  0.000000
     s(3S/6S) =  0.000000
     s(3P/3P) =  1.000000  <r> =   0.1616  <r2> =    0.0305  r(max) =   0.1486
     s(3P/4P) =  0.000000
     s(3P/5P) =  0.000000
     s(3P/6P) =  0.000000
     s(3P/3P) =  1.000000  <r> =   0.1781  <r2> =    0.0368  r(max) =   0.1643
     s(3P/4P) =  0.000000
     s(3P/5P) =  0.000000
     s(3P/6P) =  0.000000
     s(4S/4S) =  1.000000  <r> =   0.3771  <r2> =    0.1607  r(max) =   0.3565
     s(4S/5S) =  0.000000
     s(4S/6S) =  0.000000
     s(4P/4P) =  1.000000  <r> =   0.3779  <r2> =    0.1627  r(max) =   0.3521
     s(4P/5P) =  0.000000
     s(4P/6P) =  0.000000
     s(4P/4P) =  1.000000  <r> =   0.4128  <r2> =    0.1937  r(max) =   0.3843
     s(4P/5P) =  0.000000
     s(4P/6P) =  0.000000
     s(3D/3D) =  1.000000  <r> =   0.1545  <r2> =    0.0280  r(max) =   0.1279
     s(3D/4D) =  0.000000
     s(3D/5D) =  0.000000
     s(3D/3D) =  1.000000  <r> =   0.1595  <r2> =    0.0297  r(max) =   0.1312
     s(3D/4D) = -0.000000
     s(3D/5D) = -0.000000
     s(5S/5S) =  1.000000  <r> =   0.8308  <r2> =    0.7736  r(max) =   0.7739
     s(5S/6S) =  0.000000
     s(5P/5P) =  1.000000  <r> =   0.8843  <r2> =    0.8817  r(max) =   0.8034
     s(5P/6P) =  0.000000
     s(5P/5P) =  1.000000  <r> =   0.9750  <r2> =    1.0725  r(max) =   0.8879
     s(5P/6P) = -0.000000
     s(4D/4D) =  1.000000  <r> =   0.4163  <r2> =    0.2002  r(max) =   0.3748
     s(4D/5D) =  0.000000
     s(4D/4D) =  1.000000  <r> =   0.4274  <r2> =    0.2108  r(max) =   0.3843
     s(4D/5D) = -0.000000
     s(4F/4F) =  1.000000  <r> =   0.4381  <r2> =    0.2292  r(max) =   0.3391
     s(4F/4F) =  1.000000  <r> =   0.4443  <r2> =    0.2356  r(max) =   0.3434
     s(5D/5D) =  1.000000  <r> =   1.2132  <r2> =    1.7057  r(max) =   1.0188
     s(5D/5D) =  1.000000  <r> =   1.2584  <r2> =    1.8385  r(max) =   1.0446
     s(6S/6S) =  1.000000  <r> =   2.1835  <r2> =    5.4068  r(max) =   1.8798
     s(6P/6P) =  1.000000  <r> =   2.7726  <r2> =    8.9068  r(max) =   2.2393
     s(6P/6P) =  1.000000  <r> =   3.2378  <r2> =   12.2033  r(max) =   2.5694

     ------------------------ End of All-electron run ------------------------


     ---------------------- Testing the pseudopotential ----------------------

     Bi                                                                         
     dirac relativistic calculation

     atomic number is 83.00   valence charge is 15.00
     dft =LDA   lsd =0 sic =0 latt =0  beta=0.20 tr2=1.0E-14
     mesh =1283 r(mesh) = 100.09897 xmin = -7.00 dx = 0.01250

     n l  j  nl             e AE (Ry)       e PS (Ry)    De AE-PS (Ry) 
     1 0 0.5 6S   1( 2.00)       -1.03807       -1.03807        0.00000
     2 1 0.5 6P   1( 2.00)       -0.42584       -0.42584       -0.00000
     2 1 1.5 6P   1( 1.00)       -0.28668       -0.28668        0.00000
     3 2 1.5 5D   1( 4.00)       -2.06502       -2.06502       -0.00000
     3 2 2.5 5D   1( 6.00)       -1.84371       -1.84372        0.00000

     eps = 2.8E-15  iter =  3
 
     Etot =  -43140.018336 Ry,  -21570.009168 Ha, -586949.850800 eV
     Etotps =  -165.267763 Ry,     -82.633882 Ha,   -2248.582469 eV

     Ekin =      37.864231 Ry,      18.932116 Ha,     515.169114 eV
     Encl =    -270.932047 Ry,    -135.466024 Ha,   -3686.218292 eV
     Ehrt =     124.424762 Ry,      62.212381 Ha,    1692.885132 eV
     Ecxc =     -43.410355 Ry,     -21.705177 Ha,    -590.627965 eV
     (Ecc =     -21.228139 Ry,     -10.614069 Ha,    -288.823545 eV)
     Epseu=     -13.214355 Ry,      -6.607177 Ha,    -179.790459 eV

     ---------------------- End of pseudopotential test ----------------------

