[0] MPI startup(): I_MPI_SHM_LMT environment variable is not supported.
[0] MPI startup(): Similar variables:
	 I_MPI_SHM_HEAP
	 I_MPI_SHM
	 I_MPI_SHM_OPT
	 I_MPI_SHM_THP
[0] MPI startup(): To check the list of supported variables, use the impi_info utility or refer to https://software.intel.com/en-us/mpi-library/documentation/get-started.

     Program LD1 v.7.3.1 starts on 19Sep2024 at 21:47:38 

     This program is part of the open-source Quantum ESPRESSO suite
     for quantum simulation of materials; please cite
         "P. Giannozzi et al., J. Phys.:Condens. Matter 21 395502 (2009);
         "P. Giannozzi et al., J. Phys.:Condens. Matter 29 465901 (2017);
         "P. Giannozzi et al., J. Chem. Phys. 152 154105 (2020);
          URL http://www.quantum-espresso.org", 
     in publications or presentations arising from this work. More details at
     http://www.quantum-espresso.org/quote

     Parallel version (MPI), running on     1 processors

     MPI processes distributed on     1 nodes
     89805 MiB available memory on the printing compute node when the environment starts
 
     Waiting for input...
     Reading input from standard input
     --------------------------- All-electron run ----------------------------

     Br                                                                         
     dirac relativistic calculation

     atomic number is 35.00
     dft =LDA   lsd =0 sic =0 latt =0  beta=0.20 tr2=1.0E-14
     Exchange-correlation= LDA
                           (   1   1   0   0   0   0   0)
     mesh =1213 r(mesh) =  98.95369 a.u. xmin = -7.00 dx = 0.01250
     1 Ry =  13.60569312 eV, c = 137.03599908

     n l j   nl                  e(Ry)          e(Ha)          e(eV)
     Spin orbit split results
     1 0 0.5 1S 1( 2.00)      -976.8880      -488.4440    -13291.2378
     2 0 0.5 2S 1( 2.00)      -127.1282       -63.5641     -1729.6674
     2 1 0.5 2P 1( 2.00)      -114.5893       -57.2946     -1559.0666
     2 1 1.5 2P 1( 4.00)      -111.1047       -55.5524     -1511.6570
     3 0 0.5 3S 1( 2.00)       -17.4224        -8.7112      -237.0441
     3 1 0.5 3P 1( 2.00)       -13.0620        -6.5310      -177.7179
     3 1 1.5 3P 1( 4.00)       -12.5590        -6.2795      -170.8736
     3 2 1.5 3D 1( 4.00)        -4.9660        -2.4830       -67.5663
     3 2 2.5 3D 1( 6.00)        -4.8861        -2.4431       -66.4792
     4 0 0.5 4S 1( 2.00)        -1.4908        -0.7454       -20.2832
     4 1 0.5 4P 1( 2.00)        -0.6120        -0.3060        -8.3265
     4 1 1.5 4P 1( 3.00)        -0.5746        -0.2873        -7.8176
     Averaged results
     1 0     1S 1( 2.00)      -976.8880      -488.4440    -13291.2378
     2 0     2S 1( 2.00)      -127.1282       -63.5641     -1729.6674
     2 1     2P 1( 6.00)      -112.2663       -56.1331     -1527.4602
     3 0     3S 1( 2.00)       -17.4224        -8.7112      -237.0441
     3 1     3P 1( 6.00)       -12.7267        -6.3633      -173.1550
     3 2     3D 1(10.00)        -4.9181        -2.4590       -66.9140
     4 0     4S 1( 2.00)        -1.4908        -0.7454       -20.2832
     4 1     4P 1( 5.00)        -0.5871        -0.2935        -7.9873

     final scf error:  5.6E-15 reached in  28 iterations
 
     Etot =   -5206.595748 Ry,   -2603.297874 Ha,  -70839.343969 eV

     Ekin =    5337.190596 Ry,    2668.595298 Ha,   72616.177394 eV
     Encl =  -12582.480209 Ry,   -6291.240104 Ha, -171193.364447 eV
     Eh   =    2216.390107 Ry,    1108.195054 Ha,   30155.523641 eV
     Exc  =    -177.696243 Ry,     -88.848122 Ha,   -2417.680558 eV


     normalization and overlap integrals

     s(1S/1S) =  1.000000  <r> =   0.0428  <r2> =    0.0025  r(max) =   0.0279
     s(1S/2S) =  0.000000
     s(1S/3S) = -0.000000
     s(1S/4S) =  0.000000
     s(2S/2S) =  1.000000  <r> =   0.1896  <r2> =    0.0424  r(max) =   0.1604
     s(2S/3S) =  0.000000
     s(2S/4S) =  0.000000
     s(2P/2P) =  1.000000  <r> =   0.1629  <r2> =    0.0326  r(max) =   0.1249
     s(2P/3P) =  0.000000
     s(2P/4P) =  0.000000
     s(2P/2P) =  1.000000  <r> =   0.1668  <r2> =    0.0340  r(max) =   0.1280
     s(2P/3P) =  0.000000
     s(2P/4P) =  0.000000
     s(3S/3S) =  1.000000  <r> =   0.5524  <r2> =    0.3514  r(max) =   0.4817
     s(3S/4S) =  0.000000
     s(3P/3P) =  1.000000  <r> =   0.5577  <r2> =    0.3649  r(max) =   0.4758
     s(3P/4P) =  0.000000
     s(3P/3P) =  1.000000  <r> =   0.5683  <r2> =    0.3787  r(max) =   0.4817
     s(3P/4P) = -0.000000
     s(3D/3D) =  1.000000  <r> =   0.5885  <r2> =    0.4301  r(max) =   0.4305
     s(3D/3D) =  1.000000  <r> =   0.5926  <r2> =    0.4362  r(max) =   0.4305
     s(4S/4S) =  1.000000  <r> =   1.6707  <r2> =    3.2093  r(max) =   1.4115
     s(4P/4P) =  1.000000  <r> =   2.0706  <r2> =    5.0634  r(max) =   1.6399
     s(4P/4P) =  1.000000  <r> =   2.1215  <r2> =    5.3201  r(max) =   1.6814

     ------------------------ End of All-electron run ------------------------


     --------------------- Generating US pseudopotential ---------------------


      Generating local pot.: lloc=2, j= 1.50, matching radius rcloc =   1.9000

      Generating local pot.: lloc=2, j= 2.50, matching radius rcloc =   1.9000

      Computing core charge for nlcc: 

       r > 1.41 : true rho core
      Core charge pseudized with two Bessel functions
      Integrated core pseudo-charge :   4.64

     Fully relativistic calculation: |psi|^2

     Wfc 4S LC norm =  0.99988516 SC norm =  0.00011184 missing  0.00000300

     Wfc 4P LC norm =  0.99992364 SC norm =  0.00007599 missing  0.00000037

     Wfc 4P LC norm =  0.99992702 SC norm =  0.00006641 missing  0.00000658
      Wfc-us  4S rcutus= 1.905  Estimated cut-off energy=    13.53 Ry
      Wfc-us  4S rcutus= 1.905  Estimated cut-off energy=    14.91 Ry
      Wfc-us  4P rcutus= 1.812  Estimated cut-off energy=    23.21 Ry
      Wfc-us  4P rcutus= 1.812  Estimated cut-off energy=    23.12 Ry
      Wfc-us  4P rcutus= 1.812  Estimated cut-off energy=    24.95 Ry
      Wfc-us  4P rcutus= 1.812  Estimated cut-off energy=    24.70 Ry

      The bmat matrix
     2.82613     1.95940     0.00000     0.00000     0.00000     0.00000
     1.83166     1.26953     0.00000     0.00000     0.00000     0.00000
     0.00000     0.00000     0.34775     0.00000     0.35461     0.00000
     0.00000     0.00000     0.00000     0.35152     0.00000     0.35743
     0.00000     0.00000     0.30131     0.00000     0.30406     0.00000
     0.00000     0.00000     0.00000     0.30871     0.00000     0.31148

      The bmat + epsilon qq matrix
     3.42946     2.21966     0.00000     0.00000     0.00000     0.00000
     2.21966     1.43700     0.00000     0.00000     0.00000     0.00000
     0.00000     0.00000     0.39664     0.00000     0.34148     0.00000
     0.00000     0.00000     0.00000     0.39448     0.00000     0.34485
     0.00000     0.00000     0.34148     0.00000     0.29326     0.00000
     0.00000     0.00000     0.00000     0.34486     0.00000     0.30089

      The qq matrix
    -0.40471    -0.26027     0.00000     0.00000     0.00000     0.00000
    -0.26027    -0.16748     0.00000     0.00000     0.00000     0.00000
     0.00000     0.00000    -0.07988     0.00000    -0.06564     0.00000
     0.00000     0.00000     0.00000    -0.07476     0.00000    -0.06291
     0.00000     0.00000    -0.06564     0.00000    -0.05401     0.00000
     0.00000     0.00000     0.00000    -0.06291     0.00000    -0.05298

     Q pseudized with Bessel functions
     Expected ecutrho=     108.0920 due to l1=  1   l2=  1

      The ddd matrix
     0.04538     0.01673     0.00000     0.00000     0.00000     0.00000
     0.01673     0.00293     0.00000     0.00000     0.00000     0.00000
     0.00000     0.00000    -0.10154     0.00000    -0.09405     0.00000
     0.00000     0.00000     0.00000    -0.05377     0.00000    -0.05678
     0.00000     0.00000    -0.09405     0.00000    -0.08496     0.00000
     0.00000     0.00000     0.00000    -0.05678     0.00000    -0.05652

     ------------------- End of pseudopotential generation -------------------

     --------------------------- All-electron run ----------------------------

     Br                                                                         
     dirac relativistic calculation

     atomic number is 35.00
     dft =LDA   lsd =0 sic =0 latt =0  beta=0.20 tr2=1.0E-14
     Exchange-correlation= LDA
                           (   1   1   0   0   0   0   0)
     mesh =1213 r(mesh) =  98.95369 a.u. xmin = -7.00 dx = 0.01250
     1 Ry =  13.60569312 eV, c = 137.03599908

     n l j   nl                  e(Ry)          e(Ha)          e(eV)
     Spin orbit split results
     1 0 0.5 1S 1( 2.00)      -976.8880      -488.4440    -13291.2378
     2 0 0.5 2S 1( 2.00)      -127.1282       -63.5641     -1729.6674
     2 1 0.5 2P 1( 2.00)      -114.5893       -57.2946     -1559.0666
     2 1 1.5 2P 1( 4.00)      -111.1047       -55.5524     -1511.6570
     3 0 0.5 3S 1( 2.00)       -17.4224        -8.7112      -237.0441
     3 1 0.5 3P 1( 2.00)       -13.0620        -6.5310      -177.7179
     3 1 1.5 3P 1( 4.00)       -12.5590        -6.2795      -170.8736
     3 2 1.5 3D 1( 4.00)        -4.9660        -2.4830       -67.5663
     3 2 2.5 3D 1( 6.00)        -4.8861        -2.4431       -66.4792
     4 0 0.5 4S 1( 2.00)        -1.4908        -0.7454       -20.2832
     4 1 0.5 4P 1( 2.00)        -0.6120        -0.3060        -8.3265
     4 1 1.5 4P 1( 3.00)        -0.5746        -0.2873        -7.8176
     Averaged results
     1 0     1S 1( 2.00)      -976.8880      -488.4440    -13291.2378
     2 0     2S 1( 2.00)      -127.1282       -63.5641     -1729.6674
     2 1     2P 1( 6.00)      -112.2663       -56.1331     -1527.4602
     3 0     3S 1( 2.00)       -17.4224        -8.7112      -237.0441
     3 1     3P 1( 6.00)       -12.7267        -6.3633      -173.1550
     3 2     3D 1(10.00)        -4.9181        -2.4590       -66.9140
     4 0     4S 1( 2.00)        -1.4908        -0.7454       -20.2832
     4 1     4P 1( 5.00)        -0.5871        -0.2935        -7.9873

     final scf error:  5.6E-15 reached in  28 iterations
 
     Etot =   -5206.595748 Ry,   -2603.297874 Ha,  -70839.343969 eV

     Ekin =    5337.190596 Ry,    2668.595298 Ha,   72616.177394 eV
     Encl =  -12582.480209 Ry,   -6291.240104 Ha, -171193.364447 eV
     Eh   =    2216.390107 Ry,    1108.195054 Ha,   30155.523641 eV
     Exc  =    -177.696243 Ry,     -88.848122 Ha,   -2417.680558 eV


     normalization and overlap integrals

     s(1S/1S) =  1.000000  <r> =   0.0428  <r2> =    0.0025  r(max) =   0.0279
     s(1S/2S) =  0.000000
     s(1S/3S) = -0.000000
     s(1S/4S) =  0.000000
     s(2S/2S) =  1.000000  <r> =   0.1896  <r2> =    0.0424  r(max) =   0.1604
     s(2S/3S) =  0.000000
     s(2S/4S) =  0.000000
     s(2P/2P) =  1.000000  <r> =   0.1629  <r2> =    0.0326  r(max) =   0.1249
     s(2P/3P) =  0.000000
     s(2P/4P) =  0.000000
     s(2P/2P) =  1.000000  <r> =   0.1668  <r2> =    0.0340  r(max) =   0.1280
     s(2P/3P) =  0.000000
     s(2P/4P) =  0.000000
     s(3S/3S) =  1.000000  <r> =   0.5524  <r2> =    0.3514  r(max) =   0.4817
     s(3S/4S) =  0.000000
     s(3P/3P) =  1.000000  <r> =   0.5577  <r2> =    0.3649  r(max) =   0.4758
     s(3P/4P) =  0.000000
     s(3P/3P) =  1.000000  <r> =   0.5683  <r2> =    0.3787  r(max) =   0.4817
     s(3P/4P) = -0.000000
     s(3D/3D) =  1.000000  <r> =   0.5885  <r2> =    0.4301  r(max) =   0.4305
     s(3D/3D) =  1.000000  <r> =   0.5926  <r2> =    0.4362  r(max) =   0.4305
     s(4S/4S) =  1.000000  <r> =   1.6707  <r2> =    3.2093  r(max) =   1.4115
     s(4P/4P) =  1.000000  <r> =   2.0706  <r2> =    5.0634  r(max) =   1.6399
     s(4P/4P) =  1.000000  <r> =   2.1215  <r2> =    5.3201  r(max) =   1.6814

     ------------------------ End of All-electron run ------------------------


     ---------------------- Testing the pseudopotential ----------------------

     Br                                                                         
     dirac relativistic calculation

     atomic number is 35.00   valence charge is  7.00
     dft =LDA   lsd =0 sic =0 latt =0  beta=0.20 tr2=1.0E-14
     mesh =1213 r(mesh) =  98.95369 xmin = -7.00 dx = 0.01250

     n l  j  nl             e AE (Ry)       e PS (Ry)    De AE-PS (Ry) 
     1 0 0.5 4S   1( 2.00)       -1.49079       -1.49079        0.00000
     2 1 0.5 4P   1( 2.00)       -0.61199       -0.61199       -0.00000
     2 1 1.5 4P   1( 3.00)       -0.57458       -0.57459        0.00001

     eps = 5.2E-15  iter =  3
 
     Etot =   -5206.595748 Ry,   -2603.297874 Ha,  -70839.343969 eV
     Etotps =   -33.820245 Ry,     -16.910122 Ha,    -460.147870 eV

     Ekin =      10.475769 Ry,       5.237885 Ha,     142.530104 eV
     Encl =     -53.819294 Ry,     -26.909647 Ha,    -732.248792 eV
     Ehrt =      22.434020 Ry,      11.217010 Ha,     305.230392 eV
     Ecxc =     -12.637099 Ry,      -6.318549 Ha,    -171.936485 eV
     (Ecc =      -6.640688 Ry,      -3.320344 Ha,     -90.351169 eV)
     Epseu=      -0.273642 Ry,      -0.136821 Ha,      -3.723089 eV

     ---------------------- End of pseudopotential test ----------------------

