[0] MPI startup(): I_MPI_SHM_LMT environment variable is not supported.
[0] MPI startup(): Similar variables:
	 I_MPI_SHM_HEAP
	 I_MPI_SHM
	 I_MPI_SHM_OPT
	 I_MPI_SHM_THP
[0] MPI startup(): To check the list of supported variables, use the impi_info utility or refer to https://software.intel.com/en-us/mpi-library/documentation/get-started.

     Program LD1 v.7.3.1 starts on 19Sep2024 at 21:47:41 

     This program is part of the open-source Quantum ESPRESSO suite
     for quantum simulation of materials; please cite
         "P. Giannozzi et al., J. Phys.:Condens. Matter 21 395502 (2009);
         "P. Giannozzi et al., J. Phys.:Condens. Matter 29 465901 (2017);
         "P. Giannozzi et al., J. Chem. Phys. 152 154105 (2020);
          URL http://www.quantum-espresso.org", 
     in publications or presentations arising from this work. More details at
     http://www.quantum-espresso.org/quote

     Parallel version (MPI), running on     1 processors

     MPI processes distributed on     1 nodes
     89788 MiB available memory on the printing compute node when the environment starts
 
     Waiting for input...
     Reading input from standard input
     --------------------------- All-electron run ----------------------------

     C                                                                          
     dirac relativistic calculation

     atomic number is  6.00
     dft =LDA   lsd =0 sic =0 latt =0  beta=0.20 tr2=1.0E-14
     Exchange-correlation= LDA
                           (   1   1   0   0   0   0   0)
     mesh =1073 r(mesh) = 100.30751 a.u. xmin = -7.00 dx = 0.01250
     1 Ry =  13.60569312 eV, c = 137.03599908

     n l j   nl                  e(Ry)          e(Ha)          e(eV)
     Spin orbit split results
     1 0 0.5 1S 1( 2.00)       -19.9033        -9.9516      -270.7976
     2 0 0.5 2S 1( 2.00)        -1.0025        -0.5013       -13.6398
     2 1 0.5 2P 1( 2.00)        -0.3985        -0.1993        -5.4222
     2 1 1.5 2P 1( 0.00)        -0.3979        -0.1989        -5.4133
     Averaged results
     1 0     1S 1( 2.00)       -19.9033        -9.9516      -270.7976
     2 0     2S 1( 2.00)        -1.0025        -0.5013       -13.6398
     2 1     2P 1( 2.00)        -0.3981        -0.1990        -5.4163

     final scf error:  3.0E-15 reached in  19 iterations
 
     Etot =     -74.881841 Ry,     -37.440920 Ha,   -1018.819344 eV

     Ekin =      74.475452 Ry,      37.237726 Ha,    1013.290138 eV
     Encl =    -175.166805 Ry,     -87.583403 Ha,   -2383.265798 eV
     Eh   =      35.268654 Ry,      17.634327 Ha,     479.854483 eV
     Exc  =      -9.459141 Ry,      -4.729570 Ha,    -128.698167 eV


     normalization and overlap integrals

     s(1S/1S) =  1.000000  <r> =   0.2727  <r2> =    0.1008  r(max) =   0.1752
     s(1S/2S) =  0.000000
     s(2S/2S) =  1.000000  <r> =   1.5830  <r2> =    3.0402  r(max) =   1.2162
     s(2P/2P) =  1.000000  <r> =   1.7938  <r2> =    4.2245  r(max) =   1.1862
     s(2P/2P) =  1.000000  <r> =   1.7952  <r2> =    4.2311  r(max) =   1.1862

     ------------------------ End of All-electron run ------------------------


     --------------------- Generating PAW atomic setup --------------------


      Generating local pot.: lloc=2, j= 1.50, matching radius rcloc =   1.1000

      Generating local pot.: lloc=2, j= 2.50, matching radius rcloc =   1.1000

      Computing core charge for nlcc: 

       r > 0.81 : true rho core
      Core charge pseudized with two Bessel functions
      Integrated core pseudo-charge :   0.41

     Fully relativistic calculation: |psi|^2

     Wfc 2S LC norm =  0.99995613 SC norm =  0.00003857 missing  0.00000530
     Speed at rcutus      0.943 a.u.,  v/c =  0.006884,  (v/c)^2 =  0.00004739

     Wfc 2P LC norm =  0.99996715 SC norm =  0.00003266 missing  0.00000019
     Speed at rcutus      0.822 a.u.,  v/c =  0.006001,  (v/c)^2 =  0.00003601

     Wfc 2P LC norm =  0.99996719 SC norm =  0.00002434 missing  0.00000847
     Speed at rcutus      0.822 a.u.,  v/c =  0.006001,  (v/c)^2 =  0.00003602
      Wfc-us  2S rcutus= 1.295  Estimated cut-off energy=    26.86 Ry
      Wfc-us  2S rcutus= 1.295  Estimated cut-off energy=    29.03 Ry
      Wfc-us  2P rcutus= 1.467  Estimated cut-off energy=    35.35 Ry
      Wfc-us  2P rcutus= 1.467  Estimated cut-off energy=    35.35 Ry
      Wfc-us  2P rcutus= 1.467  Estimated cut-off energy=    36.72 Ry
      Wfc-us  2P rcutus= 1.467  Estimated cut-off energy=    36.71 Ry

      The bmat matrix
     1.46391     1.33142     0.00000     0.00000     0.00000     0.00000
     1.25487     1.14336     0.00000     0.00000     0.00000     0.00000
     0.00000     0.00000    -0.11497     0.00000    -0.10282     0.00000
     0.00000     0.00000     0.00000    -0.11427     0.00000    -0.10227
     0.00000     0.00000    -0.08356     0.00000    -0.07491     0.00000
     0.00000     0.00000     0.00000    -0.08310     0.00000    -0.07455

      The bmat + epsilon qq matrix
     1.54804     1.32778     0.00000     0.00000     0.00000     0.00000
     1.32783     1.14020     0.00000     0.00000     0.00000     0.00000
     0.00000     0.00000    -0.13570     0.00000    -0.10068     0.00000
     0.00000     0.00000     0.00000    -0.13490     0.00000    -0.10013
     0.00000     0.00000    -0.10066     0.00000    -0.07315     0.00000
     0.00000     0.00000     0.00000    -0.10012     0.00000    -0.07279

      The qq matrix
    -0.08392    -0.07277     0.00000     0.00000     0.00000     0.00000
    -0.07277    -0.06314     0.00000     0.00000     0.00000     0.00000
     0.00000     0.00000     0.05203     0.00000     0.04291     0.00000
     0.00000     0.00000     0.00000     0.05184     0.00000     0.04277
     0.00000     0.00000     0.04291     0.00000     0.03531     0.00000
     0.00000     0.00000     0.00000     0.04277     0.00000     0.03521


    multipoles (all-electron charge) - (pseudo charge)
        ns l1:ns1 l2    l=0     l=1     l=2     l=3     l=4     l=5  
         1  0:  1  0 -0.0839
         2  0:  1  0 -0.0727
         2  0:  2  0 -0.0631
         3  1:  1  0  0.0000  0.0163
         3  1:  2  0  0.0000  0.0133
         3  1:  3  1  0.0521  0.0000  0.0188
         4  1:  1  0  0.0000  0.0163
         4  1:  2  0  0.0000  0.0133
         4  1:  3  1  0.0519  0.0000  0.0188
         4  1:  4  1  0.0519  0.0000  0.0188
         5  1:  1  0  0.0000  0.0118
         5  1:  2  0  0.0000  0.0096
         5  1:  3  1  0.0429  0.0000  0.0157
         5  1:  4  1  0.0428  0.0000  0.0157
         5  1:  5  1  0.0353  0.0000  0.0131
         6  1:  1  0  0.0000  0.0118
         6  1:  2  0  0.0000  0.0096
         6  1:  3  1  0.0428  0.0000  0.0157
         6  1:  4  1  0.0428  0.0000  0.0157
         6  1:  5  1  0.0352  0.0000  0.0130
         6  1:  6  1  0.0352  0.0000  0.0130
     Required augmentation: BESSEL   radius:    1.100000
     Suggested rho cutoff for augmentation:  44.99 Ry

     Estimated PAW energy =  -17.077185 Ryd

     The PAW screened D coefficients
     1.54800     1.32779     0.00000     0.00000     0.00000     0.00000
     1.32779     1.14020     0.00000     0.00000     0.00000     0.00000
     0.00000     0.00000    -0.13572     0.00000    -0.10067     0.00000
     0.00000     0.00000     0.00000    -0.13491     0.00000    -0.10012
     0.00000     0.00000    -0.10067     0.00000    -0.07315     0.00000
     0.00000     0.00000     0.00000    -0.10012     0.00000    -0.07279

     The PAW descreened D coefficients (US)
     0.79720     0.67534     0.00000     0.00000     0.00000     0.00000
     0.67534     0.57286     0.00000     0.00000     0.00000     0.00000
     0.00000     0.00000     0.40457     0.00000     0.34468     0.00000
     0.00000     0.00000     0.00000     0.40326     0.00000     0.34373
     0.00000     0.00000     0.34468     0.00000     0.29313     0.00000
     0.00000     0.00000     0.00000     0.34373     0.00000     0.29245

     ------------------- End of pseudopotential generation -------------------

     --------------------------- All-electron run ----------------------------

     C                                                                          
     dirac relativistic calculation

     atomic number is  6.00
     dft = SLA  PZ   NOGX NOGC   lsd =0 sic =0 latt =0  beta=0.20 tr2=1.0E-14
     Exchange-correlation=  SLA  PZ   NOGX NOGC
                           (   1   1   0   0   0   0   0)
     mesh =1073 r(mesh) = 100.30751 a.u. xmin = -7.00 dx = 0.01250
     1 Ry =  13.60569312 eV, c = 137.03599908

     n l j   nl                  e(Ry)          e(Ha)          e(eV)
     Spin orbit split results
     1 0 0.5 1S 1( 2.00)       -19.9033        -9.9516      -270.7976
     2 0 0.5 2S 1( 2.00)        -1.0025        -0.5013       -13.6398
     2 1 0.5 2P 1( 2.00)        -0.3985        -0.1993        -5.4222
     2 1 1.5 2P 1( 0.00)        -0.3979        -0.1989        -5.4133
     Averaged results
     1 0     1S 1( 2.00)       -19.9033        -9.9516      -270.7976
     2 0     2S 1( 2.00)        -1.0025        -0.5013       -13.6398
     2 1     2P 1( 2.00)        -0.3981        -0.1990        -5.4163

     final scf error:  3.0E-15 reached in  19 iterations
 
     Etot =     -74.881841 Ry,     -37.440920 Ha,   -1018.819344 eV

     Ekin =      74.475452 Ry,      37.237726 Ha,    1013.290138 eV
     Encl =    -175.166805 Ry,     -87.583403 Ha,   -2383.265798 eV
     Eh   =      35.268654 Ry,      17.634327 Ha,     479.854483 eV
     Exc  =      -9.459141 Ry,      -4.729570 Ha,    -128.698167 eV


     normalization and overlap integrals

     s(1S/1S) =  1.000000  <r> =   0.2727  <r2> =    0.1008  r(max) =   0.1752
     s(1S/2S) =  0.000000
     s(2S/2S) =  1.000000  <r> =   1.5830  <r2> =    3.0402  r(max) =   1.2162
     s(2P/2P) =  1.000000  <r> =   1.7938  <r2> =    4.2245  r(max) =   1.1862
     s(2P/2P) =  1.000000  <r> =   1.7952  <r2> =    4.2311  r(max) =   1.1862

     ------------------------ End of All-electron run ------------------------


     ---------------------- Testing the pseudopotential ----------------------

     C                                                                          
     dirac relativistic calculation

     atomic number is  6.00   valence charge is  4.00
     dft = SLA  PZ   NOGX NOGC   lsd =0 sic =0 latt =0  beta=0.20 tr2=1.0E-14
     mesh =1073 r(mesh) = 100.30751 xmin = -7.00 dx = 0.01250

     n l  j  nl             e AE (Ry)       e PS (Ry)    De AE-PS (Ry) 
     1 0 0.5 2S   1( 2.00)       -1.00251       -1.00251        0.00001
     2 1 0.5 2P   1( 2.00)       -0.39852       -0.39852       -0.00000
     2 1 1.5 2P   1( 0.00)       -0.39787       -0.39788        0.00000

     eps = 9.1E-16  iter =  3
 
     Etot =     -74.881841 Ry,     -37.440920 Ha,   -1018.819344 eV
     Etotps =   -17.077195 Ry,      -8.538598 Ha,    -232.347079 eV

     Ekin =      11.534425 Ry,       5.767213 Ha,     156.933849 eV
     Encl =     -27.898543 Ry,     -13.949272 Ha,    -379.579020 eV
     Ehrt =       8.746068 Ry,       4.373034 Ha,     118.996323 eV
     Ecxc =      -9.459146 Ry,      -4.729573 Ha,    -128.698231 eV
     (Ecc =      -0.461456 Ry,      -0.230728 Ha,      -6.278429 eV)

     ---------------------- End of pseudopotential test ----------------------

