[0] MPI startup(): I_MPI_SHM_LMT environment variable is not supported.
[0] MPI startup(): Similar variables:
	 I_MPI_SHM_HEAP
	 I_MPI_SHM
	 I_MPI_SHM_OPT
	 I_MPI_SHM_THP
[0] MPI startup(): To check the list of supported variables, use the impi_info utility or refer to https://software.intel.com/en-us/mpi-library/documentation/get-started.

     Program LD1 v.7.3.1 starts on 19Sep2024 at 21:47:42 

     This program is part of the open-source Quantum ESPRESSO suite
     for quantum simulation of materials; please cite
         "P. Giannozzi et al., J. Phys.:Condens. Matter 21 395502 (2009);
         "P. Giannozzi et al., J. Phys.:Condens. Matter 29 465901 (2017);
         "P. Giannozzi et al., J. Chem. Phys. 152 154105 (2020);
          URL http://www.quantum-espresso.org", 
     in publications or presentations arising from this work. More details at
     http://www.quantum-espresso.org/quote

     Parallel version (MPI), running on     1 processors

     MPI processes distributed on     1 nodes
     89794 MiB available memory on the printing compute node when the environment starts
 
     Waiting for input...
     Reading input from standard input
     --------------------------- All-electron run ----------------------------

     C                                                                          
     dirac relativistic calculation

     atomic number is  6.00
     dft =LDA   lsd =0 sic =0 latt =0  beta=0.20 tr2=1.0E-14
     Exchange-correlation= LDA
                           (   1   1   0   0   0   0   0)
     mesh =1073 r(mesh) = 100.30751 a.u. xmin = -7.00 dx = 0.01250
     1 Ry =  13.60569312 eV, c = 137.03599908

     n l j   nl                  e(Ry)          e(Ha)          e(eV)
     Spin orbit split results
     1 0 0.5 1S 1( 2.00)       -19.9033        -9.9516      -270.7976
     2 0 0.5 2S 1( 2.00)        -1.0025        -0.5013       -13.6398
     2 1 0.5 2P 1( 2.00)        -0.3985        -0.1993        -5.4222
     2 1 1.5 2P 1( 0.00)        -0.3979        -0.1989        -5.4133
     Averaged results
     1 0     1S 1( 2.00)       -19.9033        -9.9516      -270.7976
     2 0     2S 1( 2.00)        -1.0025        -0.5013       -13.6398
     2 1     2P 1( 2.00)        -0.3981        -0.1990        -5.4163

     final scf error:  3.0E-15 reached in  19 iterations
 
     Etot =     -74.881841 Ry,     -37.440920 Ha,   -1018.819344 eV

     Ekin =      74.475452 Ry,      37.237726 Ha,    1013.290138 eV
     Encl =    -175.166805 Ry,     -87.583403 Ha,   -2383.265798 eV
     Eh   =      35.268654 Ry,      17.634327 Ha,     479.854483 eV
     Exc  =      -9.459141 Ry,      -4.729570 Ha,    -128.698167 eV


     normalization and overlap integrals

     s(1S/1S) =  1.000000  <r> =   0.2727  <r2> =    0.1008  r(max) =   0.1752
     s(1S/2S) =  0.000000
     s(2S/2S) =  1.000000  <r> =   1.5830  <r2> =    3.0402  r(max) =   1.2162
     s(2P/2P) =  1.000000  <r> =   1.7938  <r2> =    4.2245  r(max) =   1.1862
     s(2P/2P) =  1.000000  <r> =   1.7952  <r2> =    4.2311  r(max) =   1.1862

     ------------------------ End of All-electron run ------------------------


     --------------------- Generating US pseudopotential ---------------------


      Generating local pot.: lloc=2, j= 1.50, matching radius rcloc =   1.1000

      Generating local pot.: lloc=2, j= 2.50, matching radius rcloc =   1.1000

      Computing core charge for nlcc: 

       r > 0.81 : true rho core
      Core charge pseudized with two Bessel functions
      Integrated core pseudo-charge :   0.41

     Fully relativistic calculation: |psi|^2

     Wfc 2S LC norm =  0.99995613 SC norm =  0.00003857 missing  0.00000530

     Wfc 2P LC norm =  0.99996715 SC norm =  0.00003266 missing  0.00000019

     Wfc 2P LC norm =  0.99996719 SC norm =  0.00002434 missing  0.00000847
      Wfc-us  2S rcutus= 1.295  Estimated cut-off energy=    26.86 Ry
      Wfc-us  2S rcutus= 1.295  Estimated cut-off energy=    29.03 Ry
      Wfc-us  2P rcutus= 1.467  Estimated cut-off energy=    35.35 Ry
      Wfc-us  2P rcutus= 1.467  Estimated cut-off energy=    35.35 Ry
      Wfc-us  2P rcutus= 1.467  Estimated cut-off energy=    36.72 Ry
      Wfc-us  2P rcutus= 1.467  Estimated cut-off energy=    36.71 Ry

      The bmat matrix
     1.46391     1.33142     0.00000     0.00000     0.00000     0.00000
     1.25487     1.14336     0.00000     0.00000     0.00000     0.00000
     0.00000     0.00000    -0.11497     0.00000    -0.10282     0.00000
     0.00000     0.00000     0.00000    -0.11427     0.00000    -0.10227
     0.00000     0.00000    -0.08356     0.00000    -0.07491     0.00000
     0.00000     0.00000     0.00000    -0.08310     0.00000    -0.07455

      The bmat + epsilon qq matrix
     1.54800     1.32778     0.00000     0.00000     0.00000     0.00000
     1.32779     1.14020     0.00000     0.00000     0.00000     0.00000
     0.00000     0.00000    -0.13571     0.00000    -0.10067     0.00000
     0.00000     0.00000     0.00000    -0.13491     0.00000    -0.10013
     0.00000     0.00000    -0.10067     0.00000    -0.07315     0.00000
     0.00000     0.00000     0.00000    -0.10012     0.00000    -0.07279

      The qq matrix
    -0.08389    -0.07274     0.00000     0.00000     0.00000     0.00000
    -0.07274    -0.06311     0.00000     0.00000     0.00000     0.00000
     0.00000     0.00000     0.05207     0.00000     0.04294     0.00000
     0.00000     0.00000     0.00000     0.05186     0.00000     0.04279
     0.00000     0.00000     0.04294     0.00000     0.03532     0.00000
     0.00000     0.00000     0.00000     0.04279     0.00000     0.03522

     Q pseudized with Bessel functions
     Expected ecutrho=     316.8437 due to l1=  1   l2=  1

      The ddd matrix
     0.74404     0.62056     0.00000     0.00000     0.00000     0.00000
     0.62056     0.51808     0.00000     0.00000     0.00000     0.00000
     0.00000     0.00000     0.37247     0.00000     0.31730     0.00000
     0.00000     0.00000     0.00000     0.37112     0.00000     0.31629
     0.00000     0.00000     0.31730     0.00000     0.27011     0.00000
     0.00000     0.00000     0.00000     0.31629     0.00000     0.26936

     ------------------- End of pseudopotential generation -------------------

     --------------------------- All-electron run ----------------------------

     C                                                                          
     dirac relativistic calculation

     atomic number is  6.00
     dft =LDA   lsd =0 sic =0 latt =0  beta=0.20 tr2=1.0E-14
     Exchange-correlation= LDA
                           (   1   1   0   0   0   0   0)
     mesh =1073 r(mesh) = 100.30751 a.u. xmin = -7.00 dx = 0.01250
     1 Ry =  13.60569312 eV, c = 137.03599908

     n l j   nl                  e(Ry)          e(Ha)          e(eV)
     Spin orbit split results
     1 0 0.5 1S 1( 2.00)       -19.9033        -9.9516      -270.7976
     2 0 0.5 2S 1( 2.00)        -1.0025        -0.5013       -13.6398
     2 1 0.5 2P 1( 2.00)        -0.3985        -0.1993        -5.4222
     2 1 1.5 2P 1( 0.00)        -0.3979        -0.1989        -5.4133
     Averaged results
     1 0     1S 1( 2.00)       -19.9033        -9.9516      -270.7976
     2 0     2S 1( 2.00)        -1.0025        -0.5013       -13.6398
     2 1     2P 1( 2.00)        -0.3981        -0.1990        -5.4163

     final scf error:  3.0E-15 reached in  19 iterations
 
     Etot =     -74.881841 Ry,     -37.440920 Ha,   -1018.819344 eV

     Ekin =      74.475452 Ry,      37.237726 Ha,    1013.290138 eV
     Encl =    -175.166805 Ry,     -87.583403 Ha,   -2383.265798 eV
     Eh   =      35.268654 Ry,      17.634327 Ha,     479.854483 eV
     Exc  =      -9.459141 Ry,      -4.729570 Ha,    -128.698167 eV


     normalization and overlap integrals

     s(1S/1S) =  1.000000  <r> =   0.2727  <r2> =    0.1008  r(max) =   0.1752
     s(1S/2S) =  0.000000
     s(2S/2S) =  1.000000  <r> =   1.5830  <r2> =    3.0402  r(max) =   1.2162
     s(2P/2P) =  1.000000  <r> =   1.7938  <r2> =    4.2245  r(max) =   1.1862
     s(2P/2P) =  1.000000  <r> =   1.7952  <r2> =    4.2311  r(max) =   1.1862

     ------------------------ End of All-electron run ------------------------


     ---------------------- Testing the pseudopotential ----------------------

     C                                                                          
     dirac relativistic calculation

     atomic number is  6.00   valence charge is  4.00
     dft =LDA   lsd =0 sic =0 latt =0  beta=0.20 tr2=1.0E-14
     mesh =1073 r(mesh) = 100.30751 xmin = -7.00 dx = 0.01250

     n l  j  nl             e AE (Ry)       e PS (Ry)    De AE-PS (Ry) 
     1 0 0.5 2S   1( 2.00)       -1.00251       -1.00251        0.00001
     2 1 0.5 2P   1( 2.00)       -0.39852       -0.39852       -0.00000
     2 1 1.5 2P   1( 0.00)       -0.39787       -0.39788        0.00000

     eps = 9.0E-16  iter =  3
 
     Etot =     -74.881841 Ry,     -37.440920 Ha,   -1018.819344 eV
     Etotps =   -11.224080 Ry,      -5.612040 Ha,    -152.711391 eV

     Ekin =       5.663158 Ry,       2.831579 Ha,      77.051185 eV
     Encl =     -24.475299 Ry,     -12.237650 Ha,    -333.003408 eV
     Ehrt =       8.735397 Ry,       4.367698 Ha,     118.851128 eV
     Ecxc =      -3.380352 Ry,      -1.690176 Ha,     -45.992026 eV
     (Ecc =      -0.461456 Ry,      -0.230728 Ha,      -6.278429 eV)
     Epseu=       2.233016 Ry,       1.116508 Ha,      30.381730 eV

     ---------------------- End of pseudopotential test ----------------------

