[0] MPI startup(): I_MPI_SHM_LMT environment variable is not supported.
[0] MPI startup(): Similar variables:
	 I_MPI_SHM_HEAP
	 I_MPI_SHM
	 I_MPI_SHM_OPT
	 I_MPI_SHM_THP
[0] MPI startup(): To check the list of supported variables, use the impi_info utility or refer to https://software.intel.com/en-us/mpi-library/documentation/get-started.

     Program LD1 v.7.3.1 starts on 19Sep2024 at 21:47:39 

     This program is part of the open-source Quantum ESPRESSO suite
     for quantum simulation of materials; please cite
         "P. Giannozzi et al., J. Phys.:Condens. Matter 21 395502 (2009);
         "P. Giannozzi et al., J. Phys.:Condens. Matter 29 465901 (2017);
         "P. Giannozzi et al., J. Chem. Phys. 152 154105 (2020);
          URL http://www.quantum-espresso.org", 
     in publications or presentations arising from this work. More details at
     http://www.quantum-espresso.org/quote

     Parallel version (MPI), running on     1 processors

     MPI processes distributed on     1 nodes
     89797 MiB available memory on the printing compute node when the environment starts
 
     Waiting for input...
     Reading input from standard input
     --------------------------- All-electron run ----------------------------

     Cd                                                                         
     dirac relativistic calculation

     atomic number is 48.00
     dft =LDA   lsd =0 sic =0 latt =0  beta=0.20 tr2=1.0E-14
     Exchange-correlation= LDA
                           (   1   1   0   0   0   0   0)
     mesh =1239 r(mesh) =  99.86297 a.u. xmin = -7.00 dx = 0.01250
     1 Ry =  13.60569312 eV, c = 137.03599908

     n l j   nl                  e(Ry)          e(Ha)          e(eV)
     Spin orbit split results
     1 0 0.5 1S 1( 2.00)     -1946.2867      -973.1433    -26480.5792
     2 0 0.5 2S 1( 2.00)      -289.1567      -144.5784     -3934.1776
     2 1 0.5 2P 1( 2.00)      -269.3627      -134.6814     -3664.8667
     2 1 1.5 2P 1( 4.00)      -255.2383      -127.6191     -3472.6936
     3 0 0.5 3S 1( 2.00)       -54.0612       -27.0306      -735.5397
     3 1 0.5 3P 1( 2.00)       -46.1192       -23.0596      -627.4837
     3 1 1.5 3P 1( 4.00)       -43.5965       -21.7983      -593.1609
     4 0 0.5 4S 1( 2.00)        -8.0069        -4.0034      -108.9391
     4 1 0.5 4P 1( 2.00)        -5.4479        -2.7240       -74.1228
     4 1 1.5 4P 1( 4.00)        -5.0116        -2.5058       -68.1865
     3 2 1.5 3D 1( 4.00)       -29.4879       -14.7439      -401.2028
     3 2 2.5 3D 1( 6.00)       -28.9746       -14.4873      -394.2198
     4 2 1.5 4D 1( 4.00)        -1.1033        -0.5516       -15.0110
     4 2 2.5 4D 1( 5.50)        -1.0499        -0.5249       -14.2846
     5 0 0.5 5S 1( 2.00)        -0.5230        -0.2615        -7.1160
     5 1 0.5 5P 1( 0.50)        -0.1618        -0.0809        -2.2015
     5 1 1.5 5P 1( 0.00)        -0.1439        -0.0720        -1.9582
     Averaged results
     1 0     1S 1( 2.00)     -1946.2867      -973.1433    -26480.5792
     2 0     2S 1( 2.00)      -289.1567      -144.5784     -3934.1776
     2 1     2P 1( 6.00)      -259.9464      -129.9732     -3536.7513
     3 0     3S 1( 2.00)       -54.0612       -27.0306      -735.5397
     3 1     3P 1( 6.00)       -44.4374       -22.2187      -604.6018
     4 0     4S 1( 2.00)        -8.0069        -4.0034      -108.9391
     4 1     4P 1( 6.00)        -5.1571        -2.5785       -70.1653
     3 2     3D 1(10.00)       -29.1799       -14.5900      -397.0130
     4 2     4D 1( 9.50)        -1.0713        -0.5356       -14.5752
     5 0     5S 1( 2.00)        -0.5230        -0.2615        -7.1160
     5 1     5P 1( 0.50)        -0.1499        -0.0749        -2.0393

     final scf error:  4.6E-15 reached in  28 iterations
 
     Etot =  -11181.569221 Ry,   -5590.784610 Ha, -152132.999453 eV

     Ekin =   11722.501789 Ry,    5861.250894 Ha,  159492.761969 eV
     Encl =  -27128.873934 Ry,  -13564.436967 Ha, -369107.133514 eV
     Eh   =    4523.613425 Ry,    2261.806712 Ha,   61546.896062 eV
     Exc  =    -298.810500 Ry,    -149.405250 Ha,   -4065.523969 eV


     normalization and overlap integrals

     s(1S/1S) =  1.000000  <r> =   0.0304  <r2> =    0.0013  r(max) =   0.0198
     s(1S/2S) = -0.000000
     s(1S/3S) = -0.000000
     s(1S/4S) =  0.000000
     s(1S/5S) =  0.000000
     s(2S/2S) =  1.000000  <r> =   0.1314  <r2> =    0.0204  r(max) =   0.1112
     s(2S/3S) =  0.000000
     s(2S/4S) =  0.000000
     s(2S/5S) =  0.000000
     s(2P/2P) =  1.000000  <r> =   0.1113  <r2> =    0.0152  r(max) =   0.0866
     s(2P/3P) =  0.000000
     s(2P/4P) =  0.000000
     s(2P/5P) =  0.000000
     s(2P/2P) =  1.000000  <r> =   0.1164  <r2> =    0.0165  r(max) =   0.0899
     s(2P/3P) =  0.000000
     s(2P/4P) =  0.000000
     s(2P/5P) =  0.000000
     s(3S/3S) =  1.000000  <r> =   0.3587  <r2> =    0.1473  r(max) =   0.3259
     s(3S/4S) =  0.000000
     s(3S/5S) =  0.000000
     s(3P/3P) =  1.000000  <r> =   0.3498  <r2> =    0.1424  r(max) =   0.3100
     s(3P/4P) =  0.000000
     s(3P/5P) =  0.000000
     s(3P/3P) =  1.000000  <r> =   0.3609  <r2> =    0.1513  r(max) =   0.3218
     s(3P/4P) =  0.000000
     s(3P/5P) =  0.000000
     s(4S/4S) =  1.000000  <r> =   0.8771  <r2> =    0.8724  r(max) =   0.7916
     s(4S/5S) =  0.000000
     s(4P/4P) =  1.000000  <r> =   0.9358  <r2> =    1.0038  r(max) =   0.8218
     s(4P/5P) =  0.000000
     s(4P/4P) =  1.000000  <r> =   0.9670  <r2> =    1.0723  r(max) =   0.8533
     s(4P/5P) = -0.000000
     s(3D/3D) =  1.000000  <r> =   0.3329  <r2> =    0.1320  r(max) =   0.2635
     s(3D/4D) =  0.000000
     s(3D/3D) =  1.000000  <r> =   0.3364  <r2> =    0.1347  r(max) =   0.2668
     s(3D/4D) = -0.000000
     s(4D/4D) =  1.000000  <r> =   1.2527  <r2> =    1.9021  r(max) =   0.9669
     s(4D/4D) =  1.000000  <r> =   1.2718  <r2> =    1.9636  r(max) =   0.9790
     s(5S/5S) =  1.000000  <r> =   2.7563  <r2> =    8.7582  r(max) =   2.2621
     s(5P/5P) =  1.000000  <r> =   3.8889  <r2> =   17.9978  r(max) =   2.9781
     s(5P/5P) =  1.000000  <r> =   4.0844  <r2> =   19.8658  r(max) =   3.0919

     ------------------------ End of All-electron run ------------------------


     --------------------- Generating US pseudopotential ---------------------


      Generating local potential from pseudized AE potential:
      Matching radius rcloc =   1.9000

      Local pseudo, rcloc= 1.923 Estimated cut-off energy=     6.77 Ry

      Computing core charge for nlcc: 

       r > 1.31 : true rho core
      Core charge pseudized with two Bessel functions
      Integrated core pseudo-charge :  11.45

     Fully relativistic calculation: |psi|^2

     Wfc 5S LC norm =  0.99994845 SC norm =  0.00004868 missing  0.00000287

     Wfc 5P LC norm =  0.99997538 SC norm =  0.00002434 missing  0.00000028

     Wfc 5P LC norm =  0.99997786 SC norm =  0.00001806 missing  0.00000408

     Wfc 4D LC norm =  0.99974830 SC norm =  0.00025166 missing  0.00000004

     Wfc 4D LC norm =  0.99975467 SC norm =  0.00024443 missing  0.00000090
      Wfc-us  5S rcutus= 2.125  Estimated cut-off energy=     9.61 Ry
      Wfc-us  5S rcutus= 2.125  Estimated cut-off energy=    14.53 Ry
      Wfc-us  5P rcutus= 2.291  Estimated cut-off energy=    13.63 Ry
      Wfc-us  5P rcutus= 2.291  Estimated cut-off energy=    13.50 Ry
      Wfc-us  5P rcutus= 2.291  Estimated cut-off energy=    31.14 Ry
      Wfc-us  5P rcutus= 2.291  Estimated cut-off energy=    30.58 Ry
      Wfc-us  4D rcutus= 1.784  Estimated cut-off energy=    37.13 Ry
      Wfc-us  4D rcutus= 1.784  Estimated cut-off energy=    37.07 Ry
      Wfc-us  4D rcutus= 1.784  Estimated cut-off energy=    32.64 Ry
      Wfc-us  4D rcutus= 1.784  Estimated cut-off energy=    32.49 Ry

      The bmat matrix
     0.73953     1.11496     0.00000     0.00000     0.00000     0.00000
     0.00000     0.00000     0.00000     0.00000
     0.93583     1.46060     0.00000     0.00000     0.00000     0.00000
     0.00000     0.00000     0.00000     0.00000
     0.00000     0.00000     0.20131     0.00000     0.27738     0.00000
     0.00000     0.00000     0.00000     0.00000
     0.00000     0.00000     0.00000     0.15955     0.00000     0.23848
     0.00000     0.00000     0.00000     0.00000
     0.00000     0.00000     0.26798     0.00000     0.75697     0.00000
     0.00000     0.00000     0.00000     0.00000
     0.00000     0.00000     0.00000     0.25100     0.00000     0.74324
     0.00000     0.00000     0.00000     0.00000
     0.00000     0.00000     0.00000     0.00000     0.00000     0.00000
    -1.57430     0.00000    -1.29447     0.00000
     0.00000     0.00000     0.00000     0.00000     0.00000     0.00000
     0.00000    -1.54262     0.00000    -1.29467
     0.00000     0.00000     0.00000     0.00000     0.00000     0.00000
     0.04076     0.00000     0.13438     0.00000
     0.00000     0.00000     0.00000     0.00000     0.00000     0.00000
     0.00000     0.00977     0.00000     0.11142

      The bmat + epsilon qq matrix
     0.76271     0.96899     0.00000     0.00000     0.00000     0.00000
     0.00000     0.00000     0.00000     0.00000
     0.96902     1.25853     0.00000     0.00000     0.00000     0.00000
     0.00000     0.00000     0.00000     0.00000
     0.00000     0.00000     0.20254     0.00000     0.26821     0.00000
     0.00000     0.00000     0.00000     0.00000
     0.00000     0.00000     0.00000     0.15974     0.00000     0.25084
     0.00000     0.00000     0.00000     0.00000
     0.00000     0.00000     0.26817     0.00000     1.17946     0.00000
     0.00000     0.00000     0.00000     0.00000
     0.00000     0.00000     0.00000     0.25078     0.00000     1.17107
     0.00000     0.00000     0.00000     0.00000
     0.00000     0.00000     0.00000     0.00000     0.00000     0.00000
    -1.91382     0.00000    -0.23189     0.00000
     0.00000     0.00000     0.00000     0.00000     0.00000     0.00000
     0.00000    -1.85133     0.00000    -0.24619
     0.00000     0.00000     0.00000     0.00000     0.00000     0.00000
    -0.23187     0.00000     0.71155     0.00000
     0.00000     0.00000     0.00000     0.00000     0.00000     0.00000
     0.00000    -0.24622     0.00000     0.70244

      The qq matrix
    -0.04433    -0.06347     0.00000     0.00000     0.00000     0.00000
     0.00000     0.00000     0.00000     0.00000
    -0.06347    -0.08785     0.00000     0.00000     0.00000     0.00000
     0.00000     0.00000     0.00000     0.00000
     0.00000     0.00000    -0.00755     0.00000    -0.00115     0.00000
     0.00000     0.00000     0.00000     0.00000
     0.00000     0.00000     0.00000    -0.00135     0.00000     0.00155
     0.00000     0.00000     0.00000     0.00000
     0.00000     0.00000    -0.00115     0.00000     0.05281     0.00000
     0.00000     0.00000     0.00000     0.00000
     0.00000     0.00000     0.00000     0.00155     0.00000     0.05348
     0.00000     0.00000     0.00000     0.00000
     0.00000     0.00000     0.00000     0.00000     0.00000     0.00000
     0.30773     0.00000     0.24711     0.00000
     0.00000     0.00000     0.00000     0.00000     0.00000     0.00000
     0.00000     0.29404     0.00000     0.24383
     0.00000     0.00000     0.00000     0.00000     0.00000     0.00000
     0.24711     0.00000     0.13422     0.00000
     0.00000     0.00000     0.00000     0.00000     0.00000     0.00000
     0.00000     0.24383     0.00000     0.13745

     Q pseudized with Bessel functions
     Expected ecutrho=     180.5171 due to l1=  2   l2=  2

      The ddd matrix
     0.71191     0.81299     0.00000     0.00000     0.00000     0.00000
     0.00000     0.00000     0.00000     0.00000
     0.81299     0.95128     0.00000     0.00000     0.00000     0.00000
     0.00000     0.00000     0.00000     0.00000
     0.00000     0.00000     0.28083     0.00000     2.60978     0.00000
     0.00000     0.00000     0.00000     0.00000
     0.00000     0.00000     0.00000     0.26409     0.00000     0.60752
     0.00000     0.00000     0.00000     0.00000
     0.00000     0.00000     2.60978     0.00000     1.42679     0.00000
     0.00000     0.00000     0.00000     0.00000
     0.00000     0.00000     0.00000     0.60752     0.00000     1.49259
     0.00000     0.00000     0.00000     0.00000
     0.00000     0.00000     0.00000     0.00000     0.00000     0.00000
     1.15184     0.00000     1.90093     0.00000
     0.00000     0.00000     0.00000     0.00000     0.00000     0.00000
     0.00000     1.05664     0.00000     1.85111
     0.00000     0.00000     0.00000     0.00000     0.00000     0.00000
     1.90093     0.00000     2.16026     0.00000
     0.00000     0.00000     0.00000     0.00000     0.00000     0.00000
     0.00000     1.85111     0.00000     2.17244

     ------------------- End of pseudopotential generation -------------------

     --------------------------- All-electron run ----------------------------

     Cd                                                                         
     dirac relativistic calculation

     atomic number is 48.00
     dft =LDA   lsd =0 sic =0 latt =0  beta=0.20 tr2=1.0E-14
     Exchange-correlation= LDA
                           (   1   1   0   0   0   0   0)
     mesh =1239 r(mesh) =  99.86297 a.u. xmin = -7.00 dx = 0.01250
     1 Ry =  13.60569312 eV, c = 137.03599908

     n l j   nl                  e(Ry)          e(Ha)          e(eV)
     Spin orbit split results
     1 0 0.5 1S 1( 2.00)     -1946.2867      -973.1433    -26480.5792
     2 0 0.5 2S 1( 2.00)      -289.1567      -144.5784     -3934.1776
     2 1 0.5 2P 1( 2.00)      -269.3627      -134.6814     -3664.8667
     2 1 1.5 2P 1( 4.00)      -255.2383      -127.6191     -3472.6936
     3 0 0.5 3S 1( 2.00)       -54.0612       -27.0306      -735.5397
     3 1 0.5 3P 1( 2.00)       -46.1192       -23.0596      -627.4837
     3 1 1.5 3P 1( 4.00)       -43.5965       -21.7983      -593.1609
     4 0 0.5 4S 1( 2.00)        -8.0069        -4.0034      -108.9391
     4 1 0.5 4P 1( 2.00)        -5.4479        -2.7240       -74.1228
     4 1 1.5 4P 1( 4.00)        -5.0116        -2.5058       -68.1865
     3 2 1.5 3D 1( 4.00)       -29.4879       -14.7439      -401.2028
     3 2 2.5 3D 1( 6.00)       -28.9746       -14.4873      -394.2198
     4 2 1.5 4D 1( 4.00)        -1.1033        -0.5516       -15.0110
     4 2 2.5 4D 1( 5.50)        -1.0499        -0.5249       -14.2846
     5 0 0.5 5S 1( 2.00)        -0.5230        -0.2615        -7.1160
     5 1 0.5 5P 1( 0.50)        -0.1618        -0.0809        -2.2015
     5 1 1.5 5P 1( 0.00)        -0.1439        -0.0720        -1.9582
     Averaged results
     1 0     1S 1( 2.00)     -1946.2867      -973.1433    -26480.5792
     2 0     2S 1( 2.00)      -289.1567      -144.5784     -3934.1776
     2 1     2P 1( 6.00)      -259.9464      -129.9732     -3536.7513
     3 0     3S 1( 2.00)       -54.0612       -27.0306      -735.5397
     3 1     3P 1( 6.00)       -44.4374       -22.2187      -604.6018
     4 0     4S 1( 2.00)        -8.0069        -4.0034      -108.9391
     4 1     4P 1( 6.00)        -5.1571        -2.5785       -70.1653
     3 2     3D 1(10.00)       -29.1799       -14.5900      -397.0130
     4 2     4D 1( 9.50)        -1.0713        -0.5356       -14.5752
     5 0     5S 1( 2.00)        -0.5230        -0.2615        -7.1160
     5 1     5P 1( 0.50)        -0.1499        -0.0749        -2.0393

     final scf error:  4.6E-15 reached in  28 iterations
 
     Etot =  -11181.569221 Ry,   -5590.784610 Ha, -152132.999453 eV

     Ekin =   11722.501789 Ry,    5861.250894 Ha,  159492.761969 eV
     Encl =  -27128.873934 Ry,  -13564.436967 Ha, -369107.133514 eV
     Eh   =    4523.613425 Ry,    2261.806712 Ha,   61546.896062 eV
     Exc  =    -298.810500 Ry,    -149.405250 Ha,   -4065.523969 eV


     normalization and overlap integrals

     s(1S/1S) =  1.000000  <r> =   0.0304  <r2> =    0.0013  r(max) =   0.0198
     s(1S/2S) = -0.000000
     s(1S/3S) = -0.000000
     s(1S/4S) =  0.000000
     s(1S/5S) =  0.000000
     s(2S/2S) =  1.000000  <r> =   0.1314  <r2> =    0.0204  r(max) =   0.1112
     s(2S/3S) =  0.000000
     s(2S/4S) =  0.000000
     s(2S/5S) =  0.000000
     s(2P/2P) =  1.000000  <r> =   0.1113  <r2> =    0.0152  r(max) =   0.0866
     s(2P/3P) =  0.000000
     s(2P/4P) =  0.000000
     s(2P/5P) =  0.000000
     s(2P/2P) =  1.000000  <r> =   0.1164  <r2> =    0.0165  r(max) =   0.0899
     s(2P/3P) =  0.000000
     s(2P/4P) =  0.000000
     s(2P/5P) =  0.000000
     s(3S/3S) =  1.000000  <r> =   0.3587  <r2> =    0.1473  r(max) =   0.3259
     s(3S/4S) =  0.000000
     s(3S/5S) =  0.000000
     s(3P/3P) =  1.000000  <r> =   0.3498  <r2> =    0.1424  r(max) =   0.3100
     s(3P/4P) =  0.000000
     s(3P/5P) =  0.000000
     s(3P/3P) =  1.000000  <r> =   0.3609  <r2> =    0.1513  r(max) =   0.3218
     s(3P/4P) =  0.000000
     s(3P/5P) =  0.000000
     s(4S/4S) =  1.000000  <r> =   0.8771  <r2> =    0.8724  r(max) =   0.7916
     s(4S/5S) =  0.000000
     s(4P/4P) =  1.000000  <r> =   0.9358  <r2> =    1.0038  r(max) =   0.8218
     s(4P/5P) =  0.000000
     s(4P/4P) =  1.000000  <r> =   0.9670  <r2> =    1.0723  r(max) =   0.8533
     s(4P/5P) = -0.000000
     s(3D/3D) =  1.000000  <r> =   0.3329  <r2> =    0.1320  r(max) =   0.2635
     s(3D/4D) =  0.000000
     s(3D/3D) =  1.000000  <r> =   0.3364  <r2> =    0.1347  r(max) =   0.2668
     s(3D/4D) = -0.000000
     s(4D/4D) =  1.000000  <r> =   1.2527  <r2> =    1.9021  r(max) =   0.9669
     s(4D/4D) =  1.000000  <r> =   1.2718  <r2> =    1.9636  r(max) =   0.9790
     s(5S/5S) =  1.000000  <r> =   2.7563  <r2> =    8.7582  r(max) =   2.2621
     s(5P/5P) =  1.000000  <r> =   3.8889  <r2> =   17.9978  r(max) =   2.9781
     s(5P/5P) =  1.000000  <r> =   4.0844  <r2> =   19.8658  r(max) =   3.0919

     ------------------------ End of All-electron run ------------------------


     ---------------------- Testing the pseudopotential ----------------------

     Cd                                                                         
     dirac relativistic calculation

     atomic number is 48.00   valence charge is 12.00
     dft =LDA   lsd =0 sic =0 latt =0  beta=0.20 tr2=1.0E-14
     mesh =1239 r(mesh) =  99.86297 xmin = -7.00 dx = 0.01250

     n l  j  nl             e AE (Ry)       e PS (Ry)    De AE-PS (Ry) 
     1 0 0.5 5S   1( 2.00)       -0.52301       -0.52302        0.00000
     2 1 0.5 5P   1( 0.50)       -0.16181       -0.16181       -0.00000
     2 1 1.5 5P   1( 0.00)       -0.14392       -0.14392        0.00000
     3 2 1.5 4D   1( 4.00)       -1.10329       -1.10329        0.00000
     3 2 2.5 4D   1( 5.50)       -1.04990       -1.04990        0.00000

     eps = 2.1E-15  iter =  4
 
     Etot =  -11181.569221 Ry,   -5590.784610 Ha, -152132.999453 eV
     Etotps =  -121.007643 Ry,     -60.503822 Ha,   -1646.392862 eV

     Ekin =      38.005791 Ry,      19.002896 Ha,     517.095130 eV
     Encl =    -220.109105 Ry,    -110.054553 Ha,   -2994.736942 eV
     Ehrt =      90.670929 Ry,      45.335464 Ha,    1233.640831 eV
     Ecxc =     -41.558390 Ry,     -20.779195 Ha,    -565.430704 eV
     (Ecc =     -21.060132 Ry,     -10.530066 Ha,    -286.537695 eV)
     Epseu=      11.983133 Ry,       5.991566 Ha,     163.038824 eV

     ---------------------- End of pseudopotential test ----------------------

