[0] MPI startup(): I_MPI_SHM_LMT environment variable is not supported.
[0] MPI startup(): Similar variables:
	 I_MPI_SHM_HEAP
	 I_MPI_SHM
	 I_MPI_SHM_OPT
	 I_MPI_SHM_THP
[0] MPI startup(): To check the list of supported variables, use the impi_info utility or refer to https://software.intel.com/en-us/mpi-library/documentation/get-started.

     Program LD1 v.7.3.1 starts on 19Sep2024 at 21:47:43 

     This program is part of the open-source Quantum ESPRESSO suite
     for quantum simulation of materials; please cite
         "P. Giannozzi et al., J. Phys.:Condens. Matter 21 395502 (2009);
         "P. Giannozzi et al., J. Phys.:Condens. Matter 29 465901 (2017);
         "P. Giannozzi et al., J. Chem. Phys. 152 154105 (2020);
          URL http://www.quantum-espresso.org", 
     in publications or presentations arising from this work. More details at
     http://www.quantum-espresso.org/quote

     Parallel version (MPI), running on     1 processors

     MPI processes distributed on     1 nodes
     89784 MiB available memory on the printing compute node when the environment starts
 
     Waiting for input...
     Reading input from standard input
     --------------------------- All-electron run ----------------------------

     Cu                                                                         
     dirac relativistic calculation

     atomic number is 29.00
     dft =LDA   lsd =0 sic =0 latt =0  beta=0.20 tr2=1.0E-14
     Exchange-correlation= LDA
                           (   1   1   0   0   0   0   0)
     mesh =1199 r(mesh) = 100.25372 a.u. xmin = -7.00 dx = 0.01250
     1 Ry =  13.60569312 eV, c = 137.03599908

     n l j   nl                  e(Ry)          e(Ha)          e(eV)
     Spin orbit split results
     1 0 0.5 1S 1( 2.00)      -649.2500      -324.6250     -8833.4959
     2 0 0.5 2S 1( 2.00)       -78.1053       -39.0526     -1062.6765
     2 1 0.5 2P 1( 2.00)       -68.5321       -34.2661      -932.4270
     2 1 1.5 2P 1( 4.00)       -67.0293       -33.5147      -911.9804
     3 0 0.5 3S 1( 2.00)        -8.5666        -4.2833      -116.5543
     3 1 0.5 3P 1( 2.00)        -5.5966        -2.7983       -76.1456
     3 1 1.5 3P 1( 4.00)        -5.4050        -2.7025       -73.5382
     3 2 1.5 3D 1( 4.00)        -0.5550        -0.2775        -7.5506
     3 2 2.5 3D 1( 5.50)        -0.5342        -0.2671        -7.2676
     4 0 0.5 4S 1( 1.50)        -0.3992        -0.1996        -5.4309
     4 1 0.5 4P 1( 0.00)        -0.0779        -0.0390        -1.0603
     4 1 1.5 4P 1( 0.00)        -0.0742        -0.0371        -1.0095
     Averaged results
     1 0     1S 1( 2.00)      -649.2500      -324.6250     -8833.4959
     2 0     2S 1( 2.00)       -78.1053       -39.0526     -1062.6765
     2 1     2P 1( 6.00)       -67.5303       -33.7651      -918.7959
     3 0     3S 1( 2.00)        -8.5666        -4.2833      -116.5543
     3 1     3P 1( 6.00)        -5.4688        -2.7344       -74.4073
     3 2     3D 1( 9.50)        -0.5425        -0.2712        -7.3808
     4 0     4S 1( 1.50)        -0.3992        -0.1996        -5.4309
     4 1     4P 1( 0.00)        -0.0754        -0.0377        -1.0264

     final scf error:  3.5E-15 reached in  28 iterations
 
     Etot =   -3304.583971 Ry,   -1652.291986 Ha,  -44961.155410 eV

     Ekin =    3360.529598 Ry,    1680.264799 Ha,   45722.334446 eV
     Encl =   -7966.464928 Ry,   -3983.232464 Ha, -108389.277086 eV
     Eh   =    1431.027512 Ry,     715.513756 Ha,   19470.121183 eV
     Exc  =    -129.676154 Ry,     -64.838077 Ha,   -1764.333952 eV


     normalization and overlap integrals

     s(1S/1S) =  1.000000  <r> =   0.0522  <r2> =    0.0037  r(max) =   0.0341
     s(1S/2S) =  0.000000
     s(1S/3S) = -0.000000
     s(1S/4S) =  0.000000
     s(2S/2S) =  1.000000  <r> =   0.2354  <r2> =    0.0655  r(max) =   0.1960
     s(2S/3S) =  0.000000
     s(2S/4S) =  0.000000
     s(2P/2P) =  1.000000  <r> =   0.2044  <r2> =    0.0513  r(max) =   0.1565
     s(2P/3P) =  0.000000
     s(2P/4P) =  0.000000
     s(2P/2P) =  1.000000  <r> =   0.2077  <r2> =    0.0529  r(max) =   0.1585
     s(2P/3P) =  0.000000
     s(2P/4P) =  0.000000
     s(3S/3S) =  1.000000  <r> =   0.7120  <r2> =    0.5868  r(max) =   0.6112
     s(3S/4S) =  0.000000
     s(3P/3P) =  1.000000  <r> =   0.7407  <r2> =    0.6498  r(max) =   0.6112
     s(3P/4P) =  0.000000
     s(3P/3P) =  1.000000  <r> =   0.7516  <r2> =    0.6690  r(max) =   0.6189
     s(3P/4P) = -0.000000
     s(3D/3D) =  1.000000  <r> =   0.9936  <r2> =    1.3728  r(max) =   0.5961
     s(3D/3D) =  1.000000  <r> =   1.0038  <r2> =    1.4048  r(max) =   0.5961
     s(4S/4S) =  1.000000  <r> =   2.7987  <r2> =    9.2093  r(max) =   2.2149
     s(4P/4P) =  1.000000  <r> =   4.4391  <r2> =   24.2224  r(max) =   3.2227
     s(4P/4P) =  1.000000  <r> =   4.5184  <r2> =   25.1014  r(max) =   3.3042

     ------------------------ End of All-electron run ------------------------


     --------------------- Generating US pseudopotential ---------------------


      Generating local potential from pseudized AE potential:
      Matching radius rcloc =   1.9000

      Local pseudo, rcloc= 1.883 Estimated cut-off energy=     6.95 Ry

      Computing core charge for nlcc: 

       r > 0.70 : true rho core
       r < 0.70 : rho core = a sin(br)/r    a=  22.90  b=   3.27

      Integrated core pseudo-charge :   8.86

     Fully relativistic calculation: |psi|^2

     Wfc 4S LC norm =  0.99996626 SC norm =  0.00003125 missing  0.00000249

     Wfc 4P LC norm =  0.99998699 SC norm =  0.00001268 missing  0.00000033

     Wfc 4P LC norm =  0.99998745 SC norm =  0.00000917 missing  0.00000337

     Wfc 3D LC norm =  0.99974181 SC norm =  0.00025818 missing  0.00000001

     Wfc 3D LC norm =  0.99974499 SC norm =  0.00025435 missing  0.00000066
      Wfc-us  4S rcutus= 2.300  Estimated cut-off energy=     8.50 Ry
      Wfc-us  4S rcutus= 2.300  Estimated cut-off energy=    22.58 Ry
      Wfc-us  4P rcutus= 2.300  Estimated cut-off energy=    13.58 Ry
      Wfc-us  4P rcutus= 2.300  Estimated cut-off energy=    13.55 Ry
      Wfc-us  4P rcutus= 2.300  Estimated cut-off energy=    30.56 Ry
      Wfc-us  4P rcutus= 2.300  Estimated cut-off energy=    30.38 Ry
      Wfc-us  3D rcutus= 1.883  Estimated cut-off energy=    33.25 Ry
      Wfc-us  3D rcutus= 1.883  Estimated cut-off energy=    33.22 Ry
      Wfc-us  3D rcutus= 1.883  Estimated cut-off energy=    29.46 Ry
      Wfc-us  3D rcutus= 1.883  Estimated cut-off energy=    29.43 Ry

      The bmat matrix
     0.75611     0.43290     0.00000     0.00000     0.00000     0.00000
     0.00000     0.00000     0.00000     0.00000
     0.37449     0.39023     0.00000     0.00000     0.00000     0.00000
     0.00000     0.00000     0.00000     0.00000
     0.00000     0.00000     0.09757     0.00000     0.25853     0.00000
     0.00000     0.00000     0.00000     0.00000
     0.00000     0.00000     0.00000     0.09271     0.00000     0.25046
     0.00000     0.00000     0.00000     0.00000
     0.00000     0.00000     0.17438     0.00000     0.86034     0.00000
     0.00000     0.00000     0.00000     0.00000
     0.00000     0.00000     0.00000     0.17283     0.00000     0.86236
     0.00000     0.00000     0.00000     0.00000
     0.00000     0.00000     0.00000     0.00000     0.00000     0.00000
    -0.96130     0.00000    -0.48714     0.00000
     0.00000     0.00000     0.00000     0.00000     0.00000     0.00000
     0.00000    -0.96244     0.00000    -0.49392
     0.00000     0.00000     0.00000     0.00000     0.00000     0.00000
     0.34103     0.00000     0.20210     0.00000
     0.00000     0.00000     0.00000     0.00000     0.00000     0.00000
     0.00000     0.33183     0.00000     0.19979

      The bmat + epsilon qq matrix
     0.80102     0.37813     0.00000     0.00000     0.00000     0.00000
     0.00000     0.00000     0.00000     0.00000
     0.37807     0.79749     0.00000     0.00000     0.00000     0.00000
     0.00000     0.00000     0.00000     0.00000
     0.00000     0.00000     0.09836     0.00000     0.17542     0.00000
     0.00000     0.00000     0.00000     0.00000
     0.00000     0.00000     0.00000     0.09336     0.00000     0.17377
     0.00000     0.00000     0.00000     0.00000
     0.00000     0.00000     0.17541     0.00000     0.82645     0.00000
     0.00000     0.00000     0.00000     0.00000
     0.00000     0.00000     0.00000     0.17373     0.00000     0.84086
     0.00000     0.00000     0.00000     0.00000
     0.00000     0.00000     0.00000     0.00000     0.00000     0.00000
    -1.32338     0.00000     0.18004     0.00000
     0.00000     0.00000     0.00000     0.00000     0.00000     0.00000
     0.00000    -1.30763     0.00000     0.17620
     0.00000     0.00000     0.00000     0.00000     0.00000     0.00000
     0.18005     0.00000     0.44678     0.00000
     0.00000     0.00000     0.00000     0.00000     0.00000     0.00000
     0.00000     0.17620     0.00000     0.44977

      The qq matrix
    -0.11250    -0.00898     0.00000     0.00000     0.00000     0.00000
     0.00000     0.00000     0.00000     0.00000
    -0.00898     0.06676     0.00000     0.00000     0.00000     0.00000
     0.00000     0.00000     0.00000     0.00000
     0.00000     0.00000    -0.01006     0.00000    -0.01319     0.00000
     0.00000     0.00000     0.00000     0.00000
     0.00000     0.00000     0.00000    -0.00880     0.00000    -0.01217
     0.00000     0.00000     0.00000     0.00000
     0.00000     0.00000    -0.01319     0.00000    -0.00538     0.00000
     0.00000     0.00000     0.00000     0.00000
     0.00000     0.00000     0.00000    -0.01217     0.00000    -0.00341
     0.00000     0.00000     0.00000     0.00000
     0.00000     0.00000     0.00000     0.00000     0.00000     0.00000
     0.65245     0.00000     0.29008     0.00000
     0.00000     0.00000     0.00000     0.00000     0.00000     0.00000
     0.00000     0.64623     0.00000     0.29136
     0.00000     0.00000     0.00000     0.00000     0.00000     0.00000
     0.29008     0.00000     0.10638     0.00000
     0.00000     0.00000     0.00000     0.00000     0.00000     0.00000
     0.00000     0.29136     0.00000     0.10869

     Q pseudized with Bessel functions
     Expected ecutrho=     150.3787 due to l1=  2   l2=  2

      The ddd matrix
     0.35298     0.26622     0.00000     0.00000     0.00000     0.00000
     0.00000     0.00000     0.00000     0.00000
     0.26622     0.77268     0.00000     0.00000     0.00000     0.00000
     0.00000     0.00000     0.00000     0.00000
     0.00000     0.00000     0.08665     0.00000     0.05544     0.00000
     0.00000     0.00000     0.00000     0.00000
     0.00000     0.00000     0.00000     0.08714     0.00000     0.07738
     0.00000     0.00000     0.00000     0.00000
     0.00000     0.00000     0.05544     0.00000     0.66146     0.00000
     0.00000     0.00000     0.00000     0.00000
     0.00000     0.00000     0.00000     0.07738     0.00000     0.69254
     0.00000     0.00000     0.00000     0.00000
     0.00000     0.00000     0.00000     0.00000     0.00000     0.00000
     2.46758     0.00000     1.89586     0.00000
     0.00000     0.00000     0.00000     0.00000     0.00000     0.00000
     0.00000     2.44814     0.00000     1.89897
     0.00000     0.00000     0.00000     0.00000     0.00000     0.00000
     1.89586     0.00000     1.17286     0.00000
     0.00000     0.00000     0.00000     0.00000     0.00000     0.00000
     0.00000     1.89897     0.00000     1.18853

     ------------------- End of pseudopotential generation -------------------

     --------------------------- All-electron run ----------------------------

     Cu                                                                         
     dirac relativistic calculation

     atomic number is 29.00
     dft =LDA   lsd =0 sic =0 latt =0  beta=0.20 tr2=1.0E-14
     Exchange-correlation= LDA
                           (   1   1   0   0   0   0   0)
     mesh =1199 r(mesh) = 100.25372 a.u. xmin = -7.00 dx = 0.01250
     1 Ry =  13.60569312 eV, c = 137.03599908

     n l j   nl                  e(Ry)          e(Ha)          e(eV)
     Spin orbit split results
     1 0 0.5 1S 1( 2.00)      -649.2500      -324.6250     -8833.4959
     2 0 0.5 2S 1( 2.00)       -78.1053       -39.0526     -1062.6765
     2 1 0.5 2P 1( 2.00)       -68.5321       -34.2661      -932.4270
     2 1 1.5 2P 1( 4.00)       -67.0293       -33.5147      -911.9804
     3 0 0.5 3S 1( 2.00)        -8.5666        -4.2833      -116.5543
     3 1 0.5 3P 1( 2.00)        -5.5966        -2.7983       -76.1456
     3 1 1.5 3P 1( 4.00)        -5.4050        -2.7025       -73.5382
     3 2 1.5 3D 1( 4.00)        -0.5550        -0.2775        -7.5506
     3 2 2.5 3D 1( 5.50)        -0.5342        -0.2671        -7.2676
     4 0 0.5 4S 1( 1.50)        -0.3992        -0.1996        -5.4309
     4 1 0.5 4P 1( 0.00)        -0.0779        -0.0390        -1.0603
     4 1 1.5 4P 1( 0.00)        -0.0742        -0.0371        -1.0095
     Averaged results
     1 0     1S 1( 2.00)      -649.2500      -324.6250     -8833.4959
     2 0     2S 1( 2.00)       -78.1053       -39.0526     -1062.6765
     2 1     2P 1( 6.00)       -67.5303       -33.7651      -918.7959
     3 0     3S 1( 2.00)        -8.5666        -4.2833      -116.5543
     3 1     3P 1( 6.00)        -5.4688        -2.7344       -74.4073
     3 2     3D 1( 9.50)        -0.5425        -0.2712        -7.3808
     4 0     4S 1( 1.50)        -0.3992        -0.1996        -5.4309
     4 1     4P 1( 0.00)        -0.0754        -0.0377        -1.0264

     final scf error:  3.5E-15 reached in  28 iterations
 
     Etot =   -3304.583971 Ry,   -1652.291986 Ha,  -44961.155410 eV

     Ekin =    3360.529598 Ry,    1680.264799 Ha,   45722.334446 eV
     Encl =   -7966.464928 Ry,   -3983.232464 Ha, -108389.277086 eV
     Eh   =    1431.027512 Ry,     715.513756 Ha,   19470.121183 eV
     Exc  =    -129.676154 Ry,     -64.838077 Ha,   -1764.333952 eV


     normalization and overlap integrals

     s(1S/1S) =  1.000000  <r> =   0.0522  <r2> =    0.0037  r(max) =   0.0341
     s(1S/2S) =  0.000000
     s(1S/3S) = -0.000000
     s(1S/4S) =  0.000000
     s(2S/2S) =  1.000000  <r> =   0.2354  <r2> =    0.0655  r(max) =   0.1960
     s(2S/3S) =  0.000000
     s(2S/4S) =  0.000000
     s(2P/2P) =  1.000000  <r> =   0.2044  <r2> =    0.0513  r(max) =   0.1565
     s(2P/3P) =  0.000000
     s(2P/4P) =  0.000000
     s(2P/2P) =  1.000000  <r> =   0.2077  <r2> =    0.0529  r(max) =   0.1585
     s(2P/3P) =  0.000000
     s(2P/4P) =  0.000000
     s(3S/3S) =  1.000000  <r> =   0.7120  <r2> =    0.5868  r(max) =   0.6112
     s(3S/4S) =  0.000000
     s(3P/3P) =  1.000000  <r> =   0.7407  <r2> =    0.6498  r(max) =   0.6112
     s(3P/4P) =  0.000000
     s(3P/3P) =  1.000000  <r> =   0.7516  <r2> =    0.6690  r(max) =   0.6189
     s(3P/4P) = -0.000000
     s(3D/3D) =  1.000000  <r> =   0.9936  <r2> =    1.3728  r(max) =   0.5961
     s(3D/3D) =  1.000000  <r> =   1.0038  <r2> =    1.4048  r(max) =   0.5961
     s(4S/4S) =  1.000000  <r> =   2.7987  <r2> =    9.2093  r(max) =   2.2149
     s(4P/4P) =  1.000000  <r> =   4.4391  <r2> =   24.2224  r(max) =   3.2227
     s(4P/4P) =  1.000000  <r> =   4.5184  <r2> =   25.1014  r(max) =   3.3042

     ------------------------ End of All-electron run ------------------------


     ---------------------- Testing the pseudopotential ----------------------

     Cu                                                                         
     dirac relativistic calculation

     atomic number is 29.00   valence charge is 11.00
     dft =LDA   lsd =0 sic =0 latt =0  beta=0.20 tr2=1.0E-14
     mesh =1199 r(mesh) = 100.25372 xmin = -7.00 dx = 0.01250

     n l  j  nl             e AE (Ry)       e PS (Ry)    De AE-PS (Ry) 
     1 0 0.5 4S   1( 1.50)       -0.39916       -0.39916        0.00000
     2 1 0.5 4P   1( 0.00)       -0.07793       -0.07793       -0.00000
     2 1 1.5 4P   1( 0.00)       -0.07420       -0.07420        0.00000
     3 2 1.5 3D   1( 4.00)       -0.55496       -0.55496       -0.00000
     3 2 2.5 3D   1( 5.50)       -0.53416       -0.53416        0.00000

     eps = 8.9E-15  iter =  3
 
     Etot =   -3304.583971 Ry,   -1652.291986 Ha,  -44961.155410 eV
     Etotps =  -116.711736 Ry,     -58.355868 Ha,   -1587.944058 eV

     Ekin =      16.826689 Ry,       8.413345 Ha,     228.938768 eV
     Encl =    -214.047288 Ry,    -107.023644 Ha,   -2912.261715 eV
     Ehrt =      95.954116 Ry,      47.977058 Ha,    1305.522260 eV
     Ecxc =     -39.309805 Ry,     -19.654903 Ha,    -534.837145 eV
     (Ecc =     -17.303476 Ry,      -8.651738 Ha,    -235.425789 eV)
     Epseu=      23.864552 Ry,      11.932276 Ha,     324.693775 eV

     ---------------------- End of pseudopotential test ----------------------

