[0] MPI startup(): I_MPI_SHM_LMT environment variable is not supported.
[0] MPI startup(): Similar variables:
	 I_MPI_SHM_HEAP
	 I_MPI_SHM
	 I_MPI_SHM_OPT
	 I_MPI_SHM_THP
[0] MPI startup(): To check the list of supported variables, use the impi_info utility or refer to https://software.intel.com/en-us/mpi-library/documentation/get-started.

     Program LD1 v.7.3.1 starts on 19Sep2024 at 21:47:42 

     This program is part of the open-source Quantum ESPRESSO suite
     for quantum simulation of materials; please cite
         "P. Giannozzi et al., J. Phys.:Condens. Matter 21 395502 (2009);
         "P. Giannozzi et al., J. Phys.:Condens. Matter 29 465901 (2017);
         "P. Giannozzi et al., J. Chem. Phys. 152 154105 (2020);
          URL http://www.quantum-espresso.org", 
     in publications or presentations arising from this work. More details at
     http://www.quantum-espresso.org/quote

     Parallel version (MPI), running on     1 processors

     MPI processes distributed on     1 nodes
     89792 MiB available memory on the printing compute node when the environment starts
 
     Waiting for input...
     Reading input from standard input
     --------------------------- All-electron run ----------------------------

     Cu                                                                         
     dirac relativistic calculation

     atomic number is 29.00
     dft =LDA   lsd =0 sic =0 latt =0  beta=0.20 tr2=1.0E-14
     Exchange-correlation= LDA
                           (   1   1   0   0   0   0   0)
     mesh =1199 r(mesh) = 100.25372 a.u. xmin = -7.00 dx = 0.01250
     1 Ry =  13.60569312 eV, c = 137.03599908

     n l j   nl                  e(Ry)          e(Ha)          e(eV)
     Spin orbit split results
     1 0 0.5 1S 1( 2.00)      -649.2500      -324.6250     -8833.4959
     2 0 0.5 2S 1( 2.00)       -78.1053       -39.0526     -1062.6765
     2 1 0.5 2P 1( 2.00)       -68.5321       -34.2661      -932.4270
     2 1 1.5 2P 1( 4.00)       -67.0293       -33.5147      -911.9804
     3 0 0.5 3S 1( 2.00)        -8.5666        -4.2833      -116.5543
     3 1 0.5 3P 1( 2.00)        -5.5966        -2.7983       -76.1456
     3 1 1.5 3P 1( 4.00)        -5.4050        -2.7025       -73.5382
     3 2 1.5 3D 1( 4.00)        -0.5550        -0.2775        -7.5506
     3 2 2.5 3D 1( 5.50)        -0.5342        -0.2671        -7.2676
     4 0 0.5 4S 1( 1.50)        -0.3992        -0.1996        -5.4309
     4 1 0.5 4P 1( 0.00)        -0.0779        -0.0390        -1.0603
     4 1 1.5 4P 1( 0.00)        -0.0742        -0.0371        -1.0095
     Averaged results
     1 0     1S 1( 2.00)      -649.2500      -324.6250     -8833.4959
     2 0     2S 1( 2.00)       -78.1053       -39.0526     -1062.6765
     2 1     2P 1( 6.00)       -67.5303       -33.7651      -918.7959
     3 0     3S 1( 2.00)        -8.5666        -4.2833      -116.5543
     3 1     3P 1( 6.00)        -5.4688        -2.7344       -74.4073
     3 2     3D 1( 9.50)        -0.5425        -0.2712        -7.3808
     4 0     4S 1( 1.50)        -0.3992        -0.1996        -5.4309
     4 1     4P 1( 0.00)        -0.0754        -0.0377        -1.0264

     final scf error:  3.5E-15 reached in  28 iterations
 
     Etot =   -3304.583971 Ry,   -1652.291986 Ha,  -44961.155410 eV

     Ekin =    3360.529598 Ry,    1680.264799 Ha,   45722.334446 eV
     Encl =   -7966.464928 Ry,   -3983.232464 Ha, -108389.277086 eV
     Eh   =    1431.027512 Ry,     715.513756 Ha,   19470.121183 eV
     Exc  =    -129.676154 Ry,     -64.838077 Ha,   -1764.333952 eV


     normalization and overlap integrals

     s(1S/1S) =  1.000000  <r> =   0.0522  <r2> =    0.0037  r(max) =   0.0341
     s(1S/2S) =  0.000000
     s(1S/3S) = -0.000000
     s(1S/4S) =  0.000000
     s(2S/2S) =  1.000000  <r> =   0.2354  <r2> =    0.0655  r(max) =   0.1960
     s(2S/3S) =  0.000000
     s(2S/4S) =  0.000000
     s(2P/2P) =  1.000000  <r> =   0.2044  <r2> =    0.0513  r(max) =   0.1565
     s(2P/3P) =  0.000000
     s(2P/4P) =  0.000000
     s(2P/2P) =  1.000000  <r> =   0.2077  <r2> =    0.0529  r(max) =   0.1585
     s(2P/3P) =  0.000000
     s(2P/4P) =  0.000000
     s(3S/3S) =  1.000000  <r> =   0.7120  <r2> =    0.5868  r(max) =   0.6112
     s(3S/4S) =  0.000000
     s(3P/3P) =  1.000000  <r> =   0.7407  <r2> =    0.6498  r(max) =   0.6112
     s(3P/4P) =  0.000000
     s(3P/3P) =  1.000000  <r> =   0.7516  <r2> =    0.6690  r(max) =   0.6189
     s(3P/4P) = -0.000000
     s(3D/3D) =  1.000000  <r> =   0.9936  <r2> =    1.3728  r(max) =   0.5961
     s(3D/3D) =  1.000000  <r> =   1.0038  <r2> =    1.4048  r(max) =   0.5961
     s(4S/4S) =  1.000000  <r> =   2.7987  <r2> =    9.2093  r(max) =   2.2149
     s(4P/4P) =  1.000000  <r> =   4.4391  <r2> =   24.2224  r(max) =   3.2227
     s(4P/4P) =  1.000000  <r> =   4.5184  <r2> =   25.1014  r(max) =   3.3042

     ------------------------ End of All-electron run ------------------------


     --------------------- Generating PAW atomic setup --------------------


      Generating local potential from pseudized AE potential:
      Matching radius rcloc =   1.9000

      Local pseudo, rcloc= 1.883 Estimated cut-off energy=     6.95 Ry

      Computing core charge for nlcc: 

       r > 0.70 : true rho core
       r < 0.70 : rho core = a sin(br)/r    a=  22.90  b=   3.27

      Integrated core pseudo-charge :   8.86

     Fully relativistic calculation: |psi|^2

     Wfc 4S LC norm =  0.99996626 SC norm =  0.00003125 missing  0.00000249
     Speed at rcutus      0.465 a.u.,  v/c =  0.003394,  (v/c)^2 =  0.00001152

     Wfc 4P LC norm =  0.99998699 SC norm =  0.00001268 missing  0.00000033
     Speed at rcutus      0.393 a.u.,  v/c =  0.002871,  (v/c)^2 =  0.00000824

     Wfc 4P LC norm =  0.99998745 SC norm =  0.00000917 missing  0.00000337
     Speed at rcutus      0.386 a.u.,  v/c =  0.002815,  (v/c)^2 =  0.00000792

     Wfc 3D LC norm =  0.99974181 SC norm =  0.00025818 missing  0.00000001
     Speed at rcutus      0.354 a.u.,  v/c =  0.002583,  (v/c)^2 =  0.00000667

     Wfc 3D LC norm =  0.99974499 SC norm =  0.00025435 missing  0.00000066
     Speed at rcutus      0.362 a.u.,  v/c =  0.002642,  (v/c)^2 =  0.00000698
      Wfc-us  4S rcutus= 2.300  Estimated cut-off energy=     8.50 Ry
      Wfc-us  4S rcutus= 2.300  Estimated cut-off energy=    22.58 Ry
      Wfc-us  4P rcutus= 2.300  Estimated cut-off energy=    13.58 Ry
      Wfc-us  4P rcutus= 2.300  Estimated cut-off energy=    13.55 Ry
      Wfc-us  4P rcutus= 2.300  Estimated cut-off energy=    30.56 Ry
      Wfc-us  4P rcutus= 2.300  Estimated cut-off energy=    30.38 Ry
      Wfc-us  3D rcutus= 1.883  Estimated cut-off energy=    33.25 Ry
      Wfc-us  3D rcutus= 1.883  Estimated cut-off energy=    33.22 Ry
      Wfc-us  3D rcutus= 1.883  Estimated cut-off energy=    29.46 Ry
      Wfc-us  3D rcutus= 1.883  Estimated cut-off energy=    29.43 Ry

      The bmat matrix
     0.75611     0.43290     0.00000     0.00000     0.00000     0.00000
     0.00000     0.00000     0.00000     0.00000
     0.37449     0.39023     0.00000     0.00000     0.00000     0.00000
     0.00000     0.00000     0.00000     0.00000
     0.00000     0.00000     0.09757     0.00000     0.25853     0.00000
     0.00000     0.00000     0.00000     0.00000
     0.00000     0.00000     0.00000     0.09271     0.00000     0.25046
     0.00000     0.00000     0.00000     0.00000
     0.00000     0.00000     0.17438     0.00000     0.86034     0.00000
     0.00000     0.00000     0.00000     0.00000
     0.00000     0.00000     0.00000     0.17283     0.00000     0.86236
     0.00000     0.00000     0.00000     0.00000
     0.00000     0.00000     0.00000     0.00000     0.00000     0.00000
    -0.96130     0.00000    -0.48714     0.00000
     0.00000     0.00000     0.00000     0.00000     0.00000     0.00000
     0.00000    -0.96244     0.00000    -0.49392
     0.00000     0.00000     0.00000     0.00000     0.00000     0.00000
     0.34103     0.00000     0.20210     0.00000
     0.00000     0.00000     0.00000     0.00000     0.00000     0.00000
     0.00000     0.33183     0.00000     0.19979

      The bmat + epsilon qq matrix
     0.80103     0.37788     0.00000     0.00000     0.00000     0.00000
     0.00000     0.00000     0.00000     0.00000
     0.37809     0.79699     0.00000     0.00000     0.00000     0.00000
     0.00000     0.00000     0.00000     0.00000
     0.00000     0.00000     0.09836     0.00000     0.17530     0.00000
     0.00000     0.00000     0.00000     0.00000
     0.00000     0.00000     0.00000     0.09336     0.00000     0.17362
     0.00000     0.00000     0.00000     0.00000
     0.00000     0.00000     0.17541     0.00000     0.82590     0.00000
     0.00000     0.00000     0.00000     0.00000
     0.00000     0.00000     0.00000     0.17374     0.00000     0.84033
     0.00000     0.00000     0.00000     0.00000
     0.00000     0.00000     0.00000     0.00000     0.00000     0.00000
    -1.32324     0.00000     0.17977     0.00000
     0.00000     0.00000     0.00000     0.00000     0.00000     0.00000
     0.00000    -1.30749     0.00000     0.17592
     0.00000     0.00000     0.00000     0.00000     0.00000     0.00000
     0.18012     0.00000     0.44658     0.00000
     0.00000     0.00000     0.00000     0.00000     0.00000     0.00000
     0.00000     0.17626     0.00000     0.44961

      The qq matrix
    -0.11253    -0.00902     0.00000     0.00000     0.00000     0.00000
     0.00000     0.00000     0.00000     0.00000
    -0.00902     0.06668     0.00000     0.00000     0.00000     0.00000
     0.00000     0.00000     0.00000     0.00000
     0.00000     0.00000    -0.01007     0.00000    -0.01321     0.00000
     0.00000     0.00000     0.00000     0.00000
     0.00000     0.00000     0.00000    -0.00880     0.00000    -0.01220
     0.00000     0.00000     0.00000     0.00000
     0.00000     0.00000    -0.01321     0.00000    -0.00547     0.00000
     0.00000     0.00000     0.00000     0.00000
     0.00000     0.00000     0.00000    -0.01220     0.00000    -0.00350
     0.00000     0.00000     0.00000     0.00000
     0.00000     0.00000     0.00000     0.00000     0.00000     0.00000
     0.65219     0.00000     0.28996     0.00000
     0.00000     0.00000     0.00000     0.00000     0.00000     0.00000
     0.00000     0.64598     0.00000     0.29124
     0.00000     0.00000     0.00000     0.00000     0.00000     0.00000
     0.28996     0.00000     0.10630     0.00000
     0.00000     0.00000     0.00000     0.00000     0.00000     0.00000
     0.00000     0.29124     0.00000     0.10862


    multipoles (all-electron charge) - (pseudo charge)
        ns l1:ns1 l2    l=0     l=1     l=2     l=3     l=4     l=5  
         1  0:  1  0 -0.1125
         2  0:  1  0 -0.0090
         2  0:  2  0  0.0668
         3  1:  1  0  0.0000  0.0495
         3  1:  2  0  0.0000  0.0015
         3  1:  3  1 -0.0101  0.0000 -0.0280
         4  1:  1  0  0.0000  0.0477
         4  1:  2  0  0.0000  0.0022
         4  1:  3  1 -0.0094  0.0000 -0.0271
         4  1:  4  1 -0.0088  0.0000 -0.0262
         5  1:  1  0  0.0000  0.0730
         5  1:  2  0  0.0000 -0.0289
         5  1:  3  1 -0.0132  0.0000 -0.0279
         5  1:  4  1 -0.0128  0.0000 -0.0277
         5  1:  5  1 -0.0054  0.0000 -0.0166
         6  1:  1  0  0.0000  0.0725
         6  1:  2  0  0.0000 -0.0291
         6  1:  3  1 -0.0126  0.0000 -0.0281
         6  1:  4  1 -0.0122  0.0000 -0.0279
         6  1:  5  1 -0.0045  0.0000 -0.0166
         6  1:  6  1 -0.0034  0.0000 -0.0165
         7  2:  1  0  0.0000  0.0000  0.1132
         7  2:  2  0  0.0000  0.0000 -0.0730
         7  2:  3  1  0.0000 -0.0689  0.0000 -0.0582
         7  2:  4  1  0.0000 -0.0697  0.0000 -0.0596
         7  2:  5  1  0.0000 -0.0471  0.0000  0.0343
         7  2:  6  1  0.0000 -0.0518  0.0000  0.0299
         7  2:  7  2  0.6524  0.0000  0.3444  0.0000  0.2858
         8  2:  1  0  0.0000  0.0000  0.1137
         8  2:  2  0  0.0000  0.0000 -0.0733
         8  2:  3  1  0.0000 -0.0689  0.0000 -0.0585
         8  2:  4  1  0.0000 -0.0698  0.0000 -0.0599
         8  2:  5  1  0.0000 -0.0469  0.0000  0.0343
         8  2:  6  1  0.0000 -0.0517  0.0000  0.0299
         8  2:  7  2  0.6489  0.0000  0.3433  0.0000  0.2853
         8  2:  8  2  0.6462  0.0000  0.3426  0.0000  0.2852
         9  2:  1  0  0.0000  0.0000 -0.0513
         9  2:  2  0  0.0000  0.0000  0.0165
         9  2:  3  1  0.0000  0.0049  0.0000  0.0340
         9  2:  4  1  0.0000  0.0042  0.0000  0.0330
         9  2:  5  1  0.0000 -0.0034  0.0000  0.0106
         9  2:  6  1  0.0000 -0.0046  0.0000  0.0103
         9  2:  7  2  0.2901  0.0000  0.1310  0.0000  0.0937
         9  2:  8  2  0.2886  0.0000  0.1309  0.0000  0.0940
         9  2:  9  2  0.1064  0.0000  0.0189  0.0000 -0.0177
        10  2:  1  0  0.0000  0.0000 -0.0504
        10  2:  2  0  0.0000  0.0000  0.0160
        10  2:  3  1  0.0000  0.0045  0.0000  0.0337
        10  2:  4  1  0.0000  0.0037  0.0000  0.0324
        10  2:  5  1  0.0000 -0.0036  0.0000  0.0106
        10  2:  6  1  0.0000 -0.0049  0.0000  0.0104
        10  2:  7  2  0.2924  0.0000  0.1328  0.0000  0.0954
        10  2:  8  2  0.2914  0.0000  0.1327  0.0000  0.0954
        10  2:  9  2  0.1074  0.0000  0.0196  0.0000 -0.0172
        10  2: 10  2  0.1087  0.0000  0.0205  0.0000 -0.0159
     Required augmentation: BESSEL   radius:    1.800000
     Suggested rho cutoff for augmentation:  30.19 Ry

     Estimated PAW energy = -207.693915 Ryd

     The PAW screened D coefficients
     0.80102     0.37807     0.00000     0.00000     0.00000     0.00000
     0.00000     0.00000     0.00000     0.00000
     0.37807     0.79753     0.00000     0.00000     0.00000     0.00000
     0.00000     0.00000     0.00000     0.00000
     0.00000     0.00000     0.09836     0.00000     0.17541     0.00000
     0.00000     0.00000     0.00000     0.00000
     0.00000     0.00000     0.00000     0.09336     0.00000     0.17373
     0.00000     0.00000     0.00000     0.00000
     0.00000     0.00000     0.17541     0.00000     0.82647     0.00000
     0.00000     0.00000     0.00000     0.00000
     0.00000     0.00000     0.00000     0.17373     0.00000     0.84089
     0.00000     0.00000     0.00000     0.00000
     0.00000     0.00000     0.00000     0.00000     0.00000     0.00000
    -1.32338     0.00000     0.18005     0.00000
     0.00000     0.00000     0.00000     0.00000     0.00000     0.00000
     0.00000    -1.30763     0.00000     0.17620
     0.00000     0.00000     0.00000     0.00000     0.00000     0.00000
     0.18005     0.00000     0.44679     0.00000
     0.00000     0.00000     0.00000     0.00000     0.00000     0.00000
     0.00000     0.17620     0.00000     0.44980

     The PAW descreened D coefficients (US)
     0.03020     0.19425     0.00000     0.00000     0.00000     0.00000
     0.00000     0.00000     0.00000     0.00000
     0.19425     0.95444     0.00000     0.00000     0.00000     0.00000
     0.00000     0.00000     0.00000     0.00000
     0.00000     0.00000    -0.02856     0.00000    -0.00717     0.00000
     0.00000     0.00000     0.00000     0.00000
     0.00000     0.00000     0.00000    -0.02474     0.00000    -0.00519
     0.00000     0.00000     0.00000     0.00000
     0.00000     0.00000    -0.00717     0.00000     0.56203     0.00000
     0.00000     0.00000     0.00000     0.00000
     0.00000     0.00000     0.00000    -0.00519     0.00000     0.57892
     0.00000     0.00000     0.00000     0.00000
     0.00000     0.00000     0.00000     0.00000     0.00000     0.00000
    -0.80039     0.00000     0.38451     0.00000
     0.00000     0.00000     0.00000     0.00000     0.00000     0.00000
     0.00000    -0.78380     0.00000     0.38649
     0.00000     0.00000     0.00000     0.00000     0.00000     0.00000
     0.38451     0.00000     0.33897     0.00000
     0.00000     0.00000     0.00000     0.00000     0.00000     0.00000
     0.00000     0.38649     0.00000     0.34659

     ------------------- End of pseudopotential generation -------------------

     --------------------------- All-electron run ----------------------------

     Cu                                                                         
     dirac relativistic calculation

     atomic number is 29.00
     dft = SLA  PZ   NOGX NOGC   lsd =0 sic =0 latt =0  beta=0.20 tr2=1.0E-14
     Exchange-correlation=  SLA  PZ   NOGX NOGC
                           (   1   1   0   0   0   0   0)
     mesh =1199 r(mesh) = 100.25372 a.u. xmin = -7.00 dx = 0.01250
     1 Ry =  13.60569312 eV, c = 137.03599908

     n l j   nl                  e(Ry)          e(Ha)          e(eV)
     Spin orbit split results
     1 0 0.5 1S 1( 2.00)      -649.2500      -324.6250     -8833.4959
     2 0 0.5 2S 1( 2.00)       -78.1053       -39.0526     -1062.6765
     2 1 0.5 2P 1( 2.00)       -68.5321       -34.2661      -932.4270
     2 1 1.5 2P 1( 4.00)       -67.0293       -33.5147      -911.9804
     3 0 0.5 3S 1( 2.00)        -8.5666        -4.2833      -116.5543
     3 1 0.5 3P 1( 2.00)        -5.5966        -2.7983       -76.1456
     3 1 1.5 3P 1( 4.00)        -5.4050        -2.7025       -73.5382
     3 2 1.5 3D 1( 4.00)        -0.5550        -0.2775        -7.5506
     3 2 2.5 3D 1( 5.50)        -0.5342        -0.2671        -7.2676
     4 0 0.5 4S 1( 1.50)        -0.3992        -0.1996        -5.4309
     4 1 0.5 4P 1( 0.00)        -0.0779        -0.0390        -1.0603
     4 1 1.5 4P 1( 0.00)        -0.0742        -0.0371        -1.0095
     Averaged results
     1 0     1S 1( 2.00)      -649.2500      -324.6250     -8833.4959
     2 0     2S 1( 2.00)       -78.1053       -39.0526     -1062.6765
     2 1     2P 1( 6.00)       -67.5303       -33.7651      -918.7959
     3 0     3S 1( 2.00)        -8.5666        -4.2833      -116.5543
     3 1     3P 1( 6.00)        -5.4688        -2.7344       -74.4073
     3 2     3D 1( 9.50)        -0.5425        -0.2712        -7.3808
     4 0     4S 1( 1.50)        -0.3992        -0.1996        -5.4309
     4 1     4P 1( 0.00)        -0.0754        -0.0377        -1.0264

     final scf error:  3.5E-15 reached in  28 iterations
 
     Etot =   -3304.583971 Ry,   -1652.291986 Ha,  -44961.155410 eV

     Ekin =    3360.529598 Ry,    1680.264799 Ha,   45722.334446 eV
     Encl =   -7966.464928 Ry,   -3983.232464 Ha, -108389.277086 eV
     Eh   =    1431.027512 Ry,     715.513756 Ha,   19470.121183 eV
     Exc  =    -129.676154 Ry,     -64.838077 Ha,   -1764.333952 eV


     normalization and overlap integrals

     s(1S/1S) =  1.000000  <r> =   0.0522  <r2> =    0.0037  r(max) =   0.0341
     s(1S/2S) =  0.000000
     s(1S/3S) = -0.000000
     s(1S/4S) =  0.000000
     s(2S/2S) =  1.000000  <r> =   0.2354  <r2> =    0.0655  r(max) =   0.1960
     s(2S/3S) =  0.000000
     s(2S/4S) =  0.000000
     s(2P/2P) =  1.000000  <r> =   0.2044  <r2> =    0.0513  r(max) =   0.1565
     s(2P/3P) =  0.000000
     s(2P/4P) =  0.000000
     s(2P/2P) =  1.000000  <r> =   0.2077  <r2> =    0.0529  r(max) =   0.1585
     s(2P/3P) =  0.000000
     s(2P/4P) =  0.000000
     s(3S/3S) =  1.000000  <r> =   0.7120  <r2> =    0.5868  r(max) =   0.6112
     s(3S/4S) =  0.000000
     s(3P/3P) =  1.000000  <r> =   0.7407  <r2> =    0.6498  r(max) =   0.6112
     s(3P/4P) =  0.000000
     s(3P/3P) =  1.000000  <r> =   0.7516  <r2> =    0.6690  r(max) =   0.6189
     s(3P/4P) = -0.000000
     s(3D/3D) =  1.000000  <r> =   0.9936  <r2> =    1.3728  r(max) =   0.5961
     s(3D/3D) =  1.000000  <r> =   1.0038  <r2> =    1.4048  r(max) =   0.5961
     s(4S/4S) =  1.000000  <r> =   2.7987  <r2> =    9.2093  r(max) =   2.2149
     s(4P/4P) =  1.000000  <r> =   4.4391  <r2> =   24.2224  r(max) =   3.2227
     s(4P/4P) =  1.000000  <r> =   4.5184  <r2> =   25.1014  r(max) =   3.3042

     ------------------------ End of All-electron run ------------------------


     ---------------------- Testing the pseudopotential ----------------------

     Cu                                                                         
     dirac relativistic calculation

     atomic number is 29.00   valence charge is 11.00
     dft = SLA  PZ   NOGX NOGC   lsd =0 sic =0 latt =0  beta=0.20 tr2=1.0E-14
     mesh =1199 r(mesh) = 100.25372 xmin = -7.00 dx = 0.01250

     n l  j  nl             e AE (Ry)       e PS (Ry)    De AE-PS (Ry) 
     1 0 0.5 4S   1( 1.50)       -0.39916       -0.39916        0.00000
     2 1 0.5 4P   1( 0.00)       -0.07793       -0.07793       -0.00000
     2 1 1.5 4P   1( 0.00)       -0.07420       -0.07420        0.00000
     3 2 1.5 3D   1( 4.00)       -0.55496       -0.55496        0.00000
     3 2 2.5 3D   1( 5.50)       -0.53416       -0.53416        0.00000

     eps = 3.7E-15  iter =  3
 
     Etot =   -3304.583971 Ry,   -1652.291986 Ha,  -44961.155410 eV
     Etotps =  -207.693921 Ry,    -103.846961 Ha,   -2825.819757 eV

     Ekin =     187.116309 Ry,      93.558155 Ha,    2545.847082 eV
     Encl =    -363.961527 Ry,    -181.980764 Ha,   -4951.948849 eV
     Ehrt =      98.827456 Ry,      49.413728 Ha,    1344.616038 eV
     Ecxc =    -129.676159 Ry,     -64.838080 Ha,   -1764.334028 eV
     (Ecc =     -17.303476 Ry,      -8.651738 Ha,    -235.425789 eV)

     ---------------------- End of pseudopotential test ----------------------

