[0] MPI startup(): I_MPI_SHM_LMT environment variable is not supported.
[0] MPI startup(): Similar variables:
	 I_MPI_SHM_HEAP
	 I_MPI_SHM
	 I_MPI_SHM_OPT
	 I_MPI_SHM_THP
[0] MPI startup(): To check the list of supported variables, use the impi_info utility or refer to https://software.intel.com/en-us/mpi-library/documentation/get-started.

     Program LD1 v.7.3.1 starts on 19Sep2024 at 21:47:44 

     This program is part of the open-source Quantum ESPRESSO suite
     for quantum simulation of materials; please cite
         "P. Giannozzi et al., J. Phys.:Condens. Matter 21 395502 (2009);
         "P. Giannozzi et al., J. Phys.:Condens. Matter 29 465901 (2017);
         "P. Giannozzi et al., J. Chem. Phys. 152 154105 (2020);
          URL http://www.quantum-espresso.org", 
     in publications or presentations arising from this work. More details at
     http://www.quantum-espresso.org/quote

     Parallel version (MPI), running on     1 processors

     MPI processes distributed on     1 nodes
     89784 MiB available memory on the printing compute node when the environment starts
 
     Waiting for input...
     Reading input from standard input
     --------------------------- All-electron run ----------------------------

     Fe                                                                         
     dirac relativistic calculation

     atomic number is 26.00
     dft =LDA   lsd =0 sic =0 latt =0  beta=0.20 tr2=1.0E-14
     Exchange-correlation= LDA
                           (   1   1   0   0   0   0   0)
     mesh =1191 r(mesh) = 101.18024 a.u. xmin = -7.00 dx = 0.01250
     1 Ry =  13.60569312 eV, c = 137.03599908

     n l j   nl                  e(Ry)          e(Ha)          e(eV)
     Spin orbit split results
     1 0 0.5 1S 1( 2.00)      -513.1443      -256.5721     -6981.6836
     2 0 0.5 2S 1( 2.00)       -60.0910       -30.0455      -817.5792
     2 1 0.5 2P 1( 2.00)       -51.8915       -25.9457      -706.0197
     2 1 1.5 2P 1( 4.00)       -50.9764       -25.4882      -693.5699
     3 0 0.5 3S 1( 2.00)        -6.8685        -3.4343       -93.4507
     3 1 0.5 3P 1( 2.00)        -4.4773        -2.2386       -60.9161
     3 1 1.5 3P 1( 4.00)        -4.3631        -2.1816       -59.3631
     4 0 0.5 4S 1( 2.00)        -0.4032        -0.2016        -5.4855
     3 2 1.5 3D 1( 4.00)        -0.5742        -0.2871        -7.8125
     3 2 2.5 3D 1( 2.00)        -0.5630        -0.2815        -7.6596
     4 1 0.5 4P 1( 0.00)        -0.1078        -0.0539        -1.4668
     4 1 1.5 4P 1( 0.00)        -0.1043        -0.0521        -1.4190
     Averaged results
     1 0     1S 1( 2.00)      -513.1443      -256.5721     -6981.6836
     2 0     2S 1( 2.00)       -60.0910       -30.0455      -817.5792
     2 1     2P 1( 6.00)       -51.2815       -25.6407      -697.7198
     3 0     3S 1( 2.00)        -6.8685        -3.4343       -93.4507
     3 1     3P 1( 6.00)        -4.4012        -2.2006       -59.8808
     4 0     4S 1( 2.00)        -0.4032        -0.2016        -5.4855
     3 2     3D 1( 6.00)        -0.5675        -0.2837        -7.7208
     4 1     4P 1( 0.00)        -0.1055        -0.0527        -1.4349

     final scf error:  4.1E-15 reached in  31 iterations
 
     Etot =   -2540.440153 Ry,   -1270.220076 Ha,  -34564.449114 eV

     Ekin =    2574.602493 Ry,    1287.301246 Ha,   35029.251433 eV
     Encl =   -6084.902232 Ry,   -3042.451116 Ha,  -82789.312445 eV
     Eh   =    1076.405507 Ry,     538.202754 Ha,   14645.243009 eV
     Exc  =    -106.545921 Ry,     -53.272961 Ha,   -1449.631109 eV


     normalization and overlap integrals

     s(1S/1S) =  1.000000  <r> =   0.0586  <r2> =    0.0046  r(max) =   0.0385
     s(1S/2S) =  0.000000
     s(1S/3S) = -0.000000
     s(1S/4S) =  0.000000
     s(2S/2S) =  1.000000  <r> =   0.2674  <r2> =    0.0845  r(max) =   0.2241
     s(2S/3S) =  0.000000
     s(2S/4S) =  0.000000
     s(2P/2P) =  1.000000  <r> =   0.2337  <r2> =    0.0673  r(max) =   0.1790
     s(2P/3P) =  0.000000
     s(2P/4P) =  0.000000
     s(2P/2P) =  1.000000  <r> =   0.2368  <r2> =    0.0689  r(max) =   0.1812
     s(2P/3P) =  0.000000
     s(2P/4P) =  0.000000
     s(3S/3S) =  1.000000  <r> =   0.8122  <r2> =    0.7627  r(max) =   0.6990
     s(3S/4S) =  0.000000
     s(3P/3P) =  1.000000  <r> =   0.8524  <r2> =    0.8589  r(max) =   0.7078
     s(3P/4P) =  0.000000
     s(3P/3P) =  1.000000  <r> =   0.8620  <r2> =    0.8784  r(max) =   0.7167
     s(3P/4P) = -0.000000
     s(4S/4S) =  1.000000  <r> =   2.9642  <r2> =   10.2320  r(max) =   2.3795
     s(3D/3D) =  1.000000  <r> =   1.1376  <r2> =    1.7531  r(max) =   0.7078
     s(3D/3D) =  1.000000  <r> =   1.1448  <r2> =    1.7770  r(max) =   0.7078
     s(4P/4P) =  1.000000  <r> =   4.2910  <r2> =   22.1154  r(max) =   3.2524
     s(4P/4P) =  1.000000  <r> =   4.3452  <r2> =   22.6774  r(max) =   3.2933

     ------------------------ End of All-electron run ------------------------


     --------------------- Generating PAW atomic setup --------------------


      Generating local potential from pseudized AE potential:
      Matching radius rcloc =   1.8000
      Enforcing V''(0)=0 (lloc=-2)

      Local pseudo, rcloc= 1.807 Estimated cut-off energy=     9.80 Ry

      Computing core charge for nlcc: 

       r > 0.60 : true rho core
      Core charge pseudized with two Bessel functions
      Integrated core pseudo-charge :   2.34

     Fully relativistic calculation: |psi|^2

     Wfc 3S LC norm =  0.99965063 SC norm =  0.00034935 missing  0.00000003
     Speed at rcutus      0.944 a.u.,  v/c =  0.006892,  (v/c)^2 = -0.00004750

     Wfc 4S LC norm =  0.99996864 SC norm =  0.00002824 missing  0.00000312
     Speed at rcutus      0.586 a.u.,  v/c =  0.004274,  (v/c)^2 =  0.00001827

     Wfc 3P LC norm =  0.99969022 SC norm =  0.00030974 missing  0.00000004
     Speed at rcutus      0.470 a.u.,  v/c =  0.003430,  (v/c)^2 = -0.00001176

     Wfc 3P LC norm =  0.99969574 SC norm =  0.00030415 missing  0.00000011
     Speed at rcutus      0.430 a.u.,  v/c =  0.003140,  (v/c)^2 = -0.00000986

     Wfc 4P LC norm =  0.99998527 SC norm =  0.00001401 missing  0.00000072
     Speed at rcutus      0.361 a.u.,  v/c =  0.002635,  (v/c)^2 =  0.00000694

     Wfc 4P LC norm =  0.99998563 SC norm =  0.00001036 missing  0.00000401
     Speed at rcutus      0.347 a.u.,  v/c =  0.002533,  (v/c)^2 =  0.00000642

     Wfc 3D LC norm =  0.99981083 SC norm =  0.00018915 missing  0.00000002
     Speed at rcutus      0.378 a.u.,  v/c =  0.002755,  (v/c)^2 =  0.00000759

     Wfc 3D LC norm =  0.99981241 SC norm =  0.00018560 missing  0.00000199
     Speed at rcutus      0.382 a.u.,  v/c =  0.002790,  (v/c)^2 =  0.00000779
      Wfc-us  3S rcutus= 1.306  Estimated cut-off energy=    31.49 Ry
      Wfc-us  4S rcutus= 1.408  Estimated cut-off energy=    56.72 Ry
      Wfc-us  3P rcutus= 1.306  Estimated cut-off energy=    48.81 Ry
      Wfc-us  3P rcutus= 1.306  Estimated cut-off energy=    48.72 Ry
      Wfc-us  4P rcutus= 1.595  Estimated cut-off energy=    64.03 Ry
      Wfc-us  4P rcutus= 1.595  Estimated cut-off energy=    63.88 Ry
      Wfc-us  3D rcutus= 1.998  Estimated cut-off energy=    29.49 Ry
      Wfc-us  3D rcutus= 1.998  Estimated cut-off energy=    29.47 Ry
      Wfc-us  3D rcutus= 1.998  Estimated cut-off energy=    32.44 Ry
      Wfc-us  3D rcutus= 1.998  Estimated cut-off energy=    32.11 Ry

      The bmat matrix
    -8.20773    -1.47412     0.00000     0.00000     0.00000     0.00000
     0.00000     0.00000     0.00000     0.00000
    -3.16973    -1.00048     0.00000     0.00000     0.00000     0.00000
     0.00000     0.00000     0.00000     0.00000
     0.00000     0.00000    -6.12194     0.00000    -1.97143     0.00000
     0.00000     0.00000     0.00000     0.00000
     0.00000     0.00000     0.00000    -6.05817     0.00000    -1.89493
     0.00000     0.00000     0.00000     0.00000
     0.00000     0.00000    -2.67485     0.00000    -1.28411     0.00000
     0.00000     0.00000     0.00000     0.00000
     0.00000     0.00000     0.00000    -2.54704     0.00000    -1.18015
     0.00000     0.00000     0.00000     0.00000
     0.00000     0.00000     0.00000     0.00000     0.00000     0.00000
    -0.99214     0.00000    -0.56207     0.00000
     0.00000     0.00000     0.00000     0.00000     0.00000     0.00000
     0.00000    -0.99200     0.00000    -0.55965
     0.00000     0.00000     0.00000     0.00000     0.00000     0.00000
    -0.50561     0.00000    -0.28719     0.00000
     0.00000     0.00000     0.00000     0.00000     0.00000     0.00000
     0.00000    -0.50725     0.00000    -0.28676

      The bmat + epsilon qq matrix
    -5.97298    -1.36838     0.00000     0.00000     0.00000     0.00000
     0.00000     0.00000     0.00000     0.00000
    -1.36840    -0.94306     0.00000     0.00000     0.00000     0.00000
     0.00000     0.00000     0.00000     0.00000
     0.00000     0.00000    -6.83697     0.00000    -1.95408     0.00000
     0.00000     0.00000     0.00000     0.00000
     0.00000     0.00000     0.00000    -6.69864     0.00000    -1.87896
     0.00000     0.00000     0.00000     0.00000
     0.00000     0.00000    -1.95408     0.00000    -1.27333     0.00000
     0.00000     0.00000     0.00000     0.00000
     0.00000     0.00000     0.00000    -1.87897     0.00000    -1.17053
     0.00000     0.00000     0.00000     0.00000
     0.00000     0.00000     0.00000     0.00000     0.00000     0.00000
    -1.32989     0.00000    -0.69171     0.00000
     0.00000     0.00000     0.00000     0.00000     0.00000     0.00000
     0.00000    -1.32079     0.00000    -0.68827
     0.00000     0.00000     0.00000     0.00000     0.00000     0.00000
    -0.69171     0.00000    -0.35865     0.00000
     0.00000     0.00000     0.00000     0.00000     0.00000     0.00000
     0.00000    -0.68827     0.00000    -0.35759

      The qq matrix
    -0.32536    -0.26226     0.00000     0.00000     0.00000     0.00000
     0.00000     0.00000     0.00000     0.00000
    -0.26226    -0.14241     0.00000     0.00000     0.00000     0.00000
     0.00000     0.00000     0.00000     0.00000
     0.00000     0.00000     0.15970     0.00000    -0.16099     0.00000
     0.00000     0.00000     0.00000     0.00000
     0.00000     0.00000     0.00000     0.14679     0.00000    -0.15312
     0.00000     0.00000     0.00000     0.00000
     0.00000     0.00000    -0.16099     0.00000    -0.09995     0.00000
     0.00000     0.00000     0.00000     0.00000
     0.00000     0.00000     0.00000    -0.15312     0.00000    -0.09223
     0.00000     0.00000     0.00000     0.00000
     0.00000     0.00000     0.00000     0.00000     0.00000     0.00000
     0.58820     0.00000     0.32411     0.00000
     0.00000     0.00000     0.00000     0.00000     0.00000     0.00000
     0.00000     0.58401     0.00000     0.32154
     0.00000     0.00000     0.00000     0.00000     0.00000     0.00000
     0.32411     0.00000     0.17865     0.00000
     0.00000     0.00000     0.00000     0.00000     0.00000     0.00000
     0.00000     0.32154     0.00000     0.17708


    multipoles (all-electron charge) - (pseudo charge)
        ns l1:ns1 l2    l=0     l=1     l=2     l=3     l=4     l=5  
         1  0:  1  0 -0.3254
         2  0:  1  0 -0.2623
         2  0:  2  0 -0.1424
         3  1:  1  0  0.0000  0.0026
         3  1:  2  0  0.0000  0.0621
         3  1:  3  1  0.1597  0.0000  0.0558
         4  1:  1  0  0.0000  0.0062
         4  1:  2  0  0.0000  0.0629
         4  1:  3  1  0.1528  0.0000  0.0535
         4  1:  4  1  0.1468  0.0000  0.0513
         5  1:  1  0  0.0000  0.1696
         5  1:  2  0  0.0000  0.0551
         5  1:  3  1 -0.1610  0.0000 -0.0951
         5  1:  4  1 -0.1626  0.0000 -0.0959
         5  1:  5  1 -0.1000  0.0000 -0.0440
         6  1:  1  0  0.0000  0.1608
         6  1:  2  0  0.0000  0.0527
         6  1:  3  1 -0.1516  0.0000 -0.0896
         6  1:  4  1 -0.1531  0.0000 -0.0904
         6  1:  5  1 -0.0960  0.0000 -0.0424
         6  1:  6  1 -0.0922  0.0000 -0.0409
         7  2:  1  0  0.0000  0.0000  0.2810
         7  2:  2  0  0.0000  0.0000 -0.0005
         7  2:  3  1  0.0000 -0.3565  0.0000 -0.2578
         7  2:  4  1  0.0000 -0.3544  0.0000 -0.2584
         7  2:  5  1  0.0000  0.0089  0.0000  0.0267
         7  2:  6  1  0.0000  0.0060  0.0000  0.0235
         7  2:  7  2  0.5882  0.0000  0.3764  0.0000  0.3658
         8  2:  1  0  0.0000  0.0000  0.2799
         8  2:  2  0  0.0000  0.0000 -0.0006
         8  2:  3  1  0.0000 -0.3550  0.0000 -0.2568
         8  2:  4  1  0.0000 -0.3530  0.0000 -0.2576
         8  2:  5  1  0.0000  0.0091  0.0000  0.0268
         8  2:  6  1  0.0000  0.0061  0.0000  0.0236
         8  2:  7  2  0.5858  0.0000  0.3755  0.0000  0.3651
         8  2:  8  2  0.5840  0.0000  0.3748  0.0000  0.3649
         9  2:  1  0  0.0000  0.0000  0.1546
         9  2:  2  0  0.0000  0.0000  0.0002
         9  2:  3  1  0.0000 -0.1967  0.0000 -0.1412
         9  2:  4  1  0.0000 -0.1955  0.0000 -0.1415
         9  2:  5  1  0.0000  0.0043  0.0000  0.0140
         9  2:  6  1  0.0000  0.0027  0.0000  0.0122
         9  2:  7  2  0.3241  0.0000  0.2042  0.0000  0.1953
         9  2:  8  2  0.3228  0.0000  0.2037  0.0000  0.1951
         9  2:  9  2  0.1787  0.0000  0.1108  0.0000  0.1043
        10  2:  1  0  0.0000  0.0000  0.1541
        10  2:  2  0  0.0000  0.0000  0.0001
        10  2:  3  1  0.0000 -0.1959  0.0000 -0.1409
        10  2:  4  1  0.0000 -0.1948  0.0000 -0.1413
        10  2:  5  1  0.0000  0.0044  0.0000  0.0140
        10  2:  6  1  0.0000  0.0028  0.0000  0.0123
        10  2:  7  2  0.3225  0.0000  0.2038  0.0000  0.1954
        10  2:  8  2  0.3215  0.0000  0.2035  0.0000  0.1953
        10  2:  9  2  0.1778  0.0000  0.1106  0.0000  0.1044
        10  2: 10  2  0.1771  0.0000  0.1105  0.0000  0.1046
     Required augmentation: PSQ   radius:    0.680000

     Q pseudized with Bessel functions
     Expected ecutrho=     782.1470 due to l1=  2   l2=  2

     Estimated PAW energy = -324.075059 Ryd

     The PAW screened D coefficients
    -5.97299    -1.36840     0.00000     0.00000     0.00000     0.00000
     0.00000     0.00000     0.00000     0.00000
    -1.36840    -0.94306     0.00000     0.00000     0.00000     0.00000
     0.00000     0.00000     0.00000     0.00000
     0.00000     0.00000    -6.83697     0.00000    -1.95408     0.00000
     0.00000     0.00000     0.00000     0.00000
     0.00000     0.00000     0.00000    -6.69865     0.00000    -1.87896
     0.00000     0.00000     0.00000     0.00000
     0.00000     0.00000    -1.95408     0.00000    -1.27333     0.00000
     0.00000     0.00000     0.00000     0.00000
     0.00000     0.00000     0.00000    -1.87896     0.00000    -1.17053
     0.00000     0.00000     0.00000     0.00000
     0.00000     0.00000     0.00000     0.00000     0.00000     0.00000
    -1.32989     0.00000    -0.69171     0.00000
     0.00000     0.00000     0.00000     0.00000     0.00000     0.00000
     0.00000    -1.32079     0.00000    -0.68827
     0.00000     0.00000     0.00000     0.00000     0.00000     0.00000
    -0.69171     0.00000    -0.35865     0.00000
     0.00000     0.00000     0.00000     0.00000     0.00000     0.00000
     0.00000    -0.68827     0.00000    -0.35759

     The PAW descreened D coefficients (US)
    -7.28846    -2.52838     0.00000     0.00000     0.00000     0.00000
     0.00000     0.00000     0.00000     0.00000
    -2.52838    -1.58896     0.00000     0.00000     0.00000     0.00000
     0.00000     0.00000     0.00000     0.00000
     0.00000     0.00000    -5.96272     0.00000    -2.63597     0.00000
     0.00000     0.00000     0.00000     0.00000
     0.00000     0.00000     0.00000    -5.88835     0.00000    -2.52725
     0.00000     0.00000     0.00000     0.00000
     0.00000     0.00000    -2.63597     0.00000    -1.71956     0.00000
     0.00000     0.00000     0.00000     0.00000
     0.00000     0.00000     0.00000    -2.52725     0.00000    -1.58189
     0.00000     0.00000     0.00000     0.00000
     0.00000     0.00000     0.00000     0.00000     0.00000     0.00000
     1.24639     0.00000     0.73115     0.00000
     0.00000     0.00000     0.00000     0.00000     0.00000     0.00000
     0.00000     1.23577     0.00000     0.72227
     0.00000     0.00000     0.00000     0.00000     0.00000     0.00000
     0.73115     0.00000     0.42744     0.00000
     0.00000     0.00000     0.00000     0.00000     0.00000     0.00000
     0.00000     0.72227     0.00000     0.42084

     ------------------- End of pseudopotential generation -------------------

     --------------------------- All-electron run ----------------------------

     Fe                                                                         
     dirac relativistic calculation

     atomic number is 26.00
     dft = SLA  PZ   NOGX NOGC   lsd =0 sic =0 latt =0  beta=0.20 tr2=1.0E-14
     Exchange-correlation=  SLA  PZ   NOGX NOGC
                           (   1   1   0   0   0   0   0)
     mesh =1191 r(mesh) = 101.18024 a.u. xmin = -7.00 dx = 0.01250
     1 Ry =  13.60569312 eV, c = 137.03599908

     n l j   nl                  e(Ry)          e(Ha)          e(eV)
     Spin orbit split results
     1 0 0.5 1S 1( 2.00)      -513.1443      -256.5721     -6981.6836
     2 0 0.5 2S 1( 2.00)       -60.0910       -30.0455      -817.5792
     2 1 0.5 2P 1( 2.00)       -51.8915       -25.9457      -706.0197
     2 1 1.5 2P 1( 4.00)       -50.9764       -25.4882      -693.5699
     3 0 0.5 3S 1( 2.00)        -6.8685        -3.4343       -93.4507
     3 1 0.5 3P 1( 2.00)        -4.4773        -2.2386       -60.9161
     3 1 1.5 3P 1( 4.00)        -4.3631        -2.1816       -59.3631
     4 0 0.5 4S 1( 2.00)        -0.4032        -0.2016        -5.4855
     3 2 1.5 3D 1( 4.00)        -0.5742        -0.2871        -7.8125
     3 2 2.5 3D 1( 2.00)        -0.5630        -0.2815        -7.6596
     4 1 0.5 4P 1( 0.00)        -0.1078        -0.0539        -1.4668
     4 1 1.5 4P 1( 0.00)        -0.1043        -0.0521        -1.4190
     Averaged results
     1 0     1S 1( 2.00)      -513.1443      -256.5721     -6981.6836
     2 0     2S 1( 2.00)       -60.0910       -30.0455      -817.5792
     2 1     2P 1( 6.00)       -51.2815       -25.6407      -697.7198
     3 0     3S 1( 2.00)        -6.8685        -3.4343       -93.4507
     3 1     3P 1( 6.00)        -4.4012        -2.2006       -59.8808
     4 0     4S 1( 2.00)        -0.4032        -0.2016        -5.4855
     3 2     3D 1( 6.00)        -0.5675        -0.2837        -7.7208
     4 1     4P 1( 0.00)        -0.1055        -0.0527        -1.4349

     final scf error:  4.1E-15 reached in  31 iterations
 
     Etot =   -2540.440153 Ry,   -1270.220076 Ha,  -34564.449114 eV

     Ekin =    2574.602493 Ry,    1287.301246 Ha,   35029.251433 eV
     Encl =   -6084.902232 Ry,   -3042.451116 Ha,  -82789.312445 eV
     Eh   =    1076.405507 Ry,     538.202754 Ha,   14645.243009 eV
     Exc  =    -106.545921 Ry,     -53.272961 Ha,   -1449.631109 eV


     normalization and overlap integrals

     s(1S/1S) =  1.000000  <r> =   0.0586  <r2> =    0.0046  r(max) =   0.0385
     s(1S/2S) =  0.000000
     s(1S/3S) = -0.000000
     s(1S/4S) =  0.000000
     s(2S/2S) =  1.000000  <r> =   0.2674  <r2> =    0.0845  r(max) =   0.2241
     s(2S/3S) =  0.000000
     s(2S/4S) =  0.000000
     s(2P/2P) =  1.000000  <r> =   0.2337  <r2> =    0.0673  r(max) =   0.1790
     s(2P/3P) =  0.000000
     s(2P/4P) =  0.000000
     s(2P/2P) =  1.000000  <r> =   0.2368  <r2> =    0.0689  r(max) =   0.1812
     s(2P/3P) =  0.000000
     s(2P/4P) =  0.000000
     s(3S/3S) =  1.000000  <r> =   0.8122  <r2> =    0.7627  r(max) =   0.6990
     s(3S/4S) =  0.000000
     s(3P/3P) =  1.000000  <r> =   0.8524  <r2> =    0.8589  r(max) =   0.7078
     s(3P/4P) =  0.000000
     s(3P/3P) =  1.000000  <r> =   0.8620  <r2> =    0.8784  r(max) =   0.7167
     s(3P/4P) = -0.000000
     s(4S/4S) =  1.000000  <r> =   2.9642  <r2> =   10.2320  r(max) =   2.3795
     s(3D/3D) =  1.000000  <r> =   1.1376  <r2> =    1.7531  r(max) =   0.7078
     s(3D/3D) =  1.000000  <r> =   1.1448  <r2> =    1.7770  r(max) =   0.7078
     s(4P/4P) =  1.000000  <r> =   4.2910  <r2> =   22.1154  r(max) =   3.2524
     s(4P/4P) =  1.000000  <r> =   4.3452  <r2> =   22.6774  r(max) =   3.2933

     ------------------------ End of All-electron run ------------------------


     ---------------------- Testing the pseudopotential ----------------------

     Fe                                                                         
     dirac relativistic calculation

     atomic number is 26.00   valence charge is 16.00
     dft = SLA  PZ   NOGX NOGC   lsd =0 sic =0 latt =0  beta=0.20 tr2=1.0E-14
     mesh =1191 r(mesh) = 101.18024 xmin = -7.00 dx = 0.01250

     n l  j  nl             e AE (Ry)       e PS (Ry)    De AE-PS (Ry) 
     1 0 0.5 3S   1( 2.00)       -6.86850       -6.86850       -0.00000
     2 0 0.5 4S   1( 2.00)       -0.40317       -0.40317        0.00000
     2 1 0.5 3P   1( 2.00)       -4.47725       -4.47725       -0.00000
     2 1 1.5 3P   1( 4.00)       -4.36311       -4.36311        0.00000
     3 1 0.5 4P   1( 0.00)       -0.10781       -0.10780       -0.00000
     3 1 1.5 4P   1( 0.00)       -0.10430       -0.10430       -0.00000
     3 2 1.5 3D   1( 4.00)       -0.57421       -0.57421        0.00000
     3 2 2.5 3D   1( 2.00)       -0.56297       -0.56298        0.00000

     eps = 1.7E-15  iter =  4
 
     Etot =   -2540.440153 Ry,   -1270.220076 Ha,  -34564.449114 eV
     Etotps =  -324.075054 Ry,    -162.037527 Ha,   -4409.265740 eV

     Ekin =     282.186099 Ry,     141.093049 Ha,    3839.337463 eV
     Encl =    -710.608710 Ry,    -355.304355 Ha,   -9668.324043 eV
     Ehrt =     210.893488 Ry,     105.446744 Ha,    2869.352084 eV
     Ecxc =    -106.545931 Ry,     -53.272966 Ha,   -1449.631243 eV
     (Ecc =      -6.235018 Ry,      -3.117509 Ha,     -84.831746 eV)

     ---------------------- End of pseudopotential test ----------------------

