[0] MPI startup(): I_MPI_SHM_LMT environment variable is not supported.
[0] MPI startup(): Similar variables:
	 I_MPI_SHM_HEAP
	 I_MPI_SHM
	 I_MPI_SHM_OPT
	 I_MPI_SHM_THP
[0] MPI startup(): To check the list of supported variables, use the impi_info utility or refer to https://software.intel.com/en-us/mpi-library/documentation/get-started.

     Program LD1 v.7.3.1 starts on 19Sep2024 at 21:47:46 

     This program is part of the open-source Quantum ESPRESSO suite
     for quantum simulation of materials; please cite
         "P. Giannozzi et al., J. Phys.:Condens. Matter 21 395502 (2009);
         "P. Giannozzi et al., J. Phys.:Condens. Matter 29 465901 (2017);
         "P. Giannozzi et al., J. Chem. Phys. 152 154105 (2020);
          URL http://www.quantum-espresso.org", 
     in publications or presentations arising from this work. More details at
     http://www.quantum-espresso.org/quote

     Parallel version (MPI), running on     1 processors

     MPI processes distributed on     1 nodes
     89772 MiB available memory on the printing compute node when the environment starts
 
     Waiting for input...
     Reading input from standard input
     --------------------------- All-electron run ----------------------------

     Ga                                                                         
     dirac relativistic calculation

     atomic number is 31.00
     dft =LDA   lsd =0 sic =0 latt =0  beta=0.20 tr2=1.0E-14
     Exchange-correlation= LDA
                           (   1   1   0   0   0   0   0)
     mesh =1205 r(mesh) = 101.09016 a.u. xmin = -7.00 dx = 0.01250
     1 Ry =  13.60569312 eV, c = 137.03599908

     n l j   nl                  e(Ry)          e(Ha)          e(eV)
     Spin orbit split results
     1 0 0.5 1S 1( 2.00)      -750.2532      -375.1266    -10207.7143
     2 0 0.5 2S 1( 2.00)       -92.5724       -46.2862     -1259.5114
     2 1 0.5 2P 1( 2.00)       -82.0430       -41.0215     -1116.2514
     2 1 1.5 2P 1( 4.00)       -80.0148       -40.0074     -1088.6566
     3 0 0.5 3S 1( 2.00)       -10.8271        -5.4136      -147.3103
     3 1 0.5 3P 1( 2.00)        -7.4236        -3.7118      -101.0031
     3 1 1.5 3P 1( 4.00)        -7.1560        -3.5780       -97.3629
     3 2 1.5 3D 1( 4.00)        -1.4407        -0.7204       -19.6022
     3 2 2.5 3D 1( 6.00)        -1.4067        -0.7033       -19.1390
     4 0 0.5 4S 1( 2.00)        -0.6706        -0.3353        -9.1236
     4 1 0.5 4P 1( 1.00)        -0.2046        -0.1023        -2.7837
     4 1 1.5 4P 1( 0.00)        -0.1957        -0.0978        -2.6625
     Averaged results
     1 0     1S 1( 2.00)      -750.2532      -375.1266    -10207.7143
     2 0     2S 1( 2.00)       -92.5724       -46.2862     -1259.5114
     2 1     2P 1( 6.00)       -80.6908       -40.3454     -1097.8549
     3 0     3S 1( 2.00)       -10.8271        -5.4136      -147.3103
     3 1     3P 1( 6.00)        -7.2452        -3.6226       -98.5763
     3 2     3D 1(10.00)        -1.4203        -0.7102       -19.3243
     4 0     4S 1( 2.00)        -0.6706        -0.3353        -9.1236
     4 1     4P 1( 1.00)        -0.1987        -0.0993        -2.7029

     final scf error:  8.2E-15 reached in  26 iterations
 
     Etot =   -3882.404106 Ry,   -1941.202053 Ha,  -52822.798846 eV

     Ekin =    3958.012827 Ry,    1979.006413 Ha,   53851.507901 eV
     Encl =   -9373.968022 Ry,   -4686.984011 Ha, -127539.332246 eV
     Eh   =    1678.891610 Ry,     839.445805 Ha,   22842.484036 eV
     Exc  =    -145.340522 Ry,     -72.670261 Ha,   -1977.458537 eV


     normalization and overlap integrals

     s(1S/1S) =  1.000000  <r> =   0.0487  <r2> =    0.0032  r(max) =   0.0319
     s(1S/2S) =  0.000000
     s(1S/3S) = -0.000000
     s(1S/4S) =  0.000000
     s(2S/2S) =  1.000000  <r> =   0.2180  <r2> =    0.0561  r(max) =   0.1833
     s(2S/3S) =  0.000000
     s(2S/4S) =  0.000000
     s(2P/2P) =  1.000000  <r> =   0.1885  <r2> =    0.0436  r(max) =   0.1446
     s(2P/3P) =  0.000000
     s(2P/4P) =  0.000000
     s(2P/2P) =  1.000000  <r> =   0.1920  <r2> =    0.0452  r(max) =   0.1482
     s(2P/3P) =  0.000000
     s(2P/4P) =  0.000000
     s(3S/3S) =  1.000000  <r> =   0.6530  <r2> =    0.4928  r(max) =   0.5647
     s(3S/4S) =  0.000000
     s(3P/3P) =  1.000000  <r> =   0.6726  <r2> =    0.5343  r(max) =   0.5647
     s(3P/4P) =  0.000000
     s(3P/3P) =  1.000000  <r> =   0.6835  <r2> =    0.5518  r(max) =   0.5718
     s(3P/4P) = -0.000000
     s(3D/3D) =  1.000000  <r> =   0.8075  <r2> =    0.8564  r(max) =   0.5305
     s(3D/3D) =  1.000000  <r> =   0.8140  <r2> =    0.8711  r(max) =   0.5305
     s(4S/4S) =  1.000000  <r> =   2.3327  <r2> =    6.3389  r(max) =   1.8748
     s(4P/4P) =  1.000000  <r> =   3.3359  <r2> =   13.4358  r(max) =   2.4993
     s(4P/4P) =  1.000000  <r> =   3.4037  <r2> =   13.9870  r(max) =   2.5307

     ------------------------ End of All-electron run ------------------------


     --------------------- Generating PAW atomic setup --------------------


      Generating local potential from pseudized AE potential:
      Matching radius rcloc =   2.0000

      Local pseudo, rcloc= 1.996 Estimated cut-off energy=     6.13 Ry

      Computing core charge for nlcc: 

       r > 1.00 : true rho core
      Core charge pseudized with two Bessel functions
      Integrated core pseudo-charge :   8.94

     Fully relativistic calculation: |psi|^2

     Wfc 4S LC norm =  0.99994806 SC norm =  0.00005010 missing  0.00000184
     Speed at rcutus      0.630 a.u.,  v/c =  0.004596,  (v/c)^2 =  0.00002112

     Wfc 4P LC norm =  0.99997465 SC norm =  0.00002523 missing  0.00000012
     Speed at rcutus      0.473 a.u.,  v/c =  0.003453,  (v/c)^2 =  0.00001192

     Wfc 4P LC norm =  0.99997564 SC norm =  0.00002061 missing  0.00000375
     Speed at rcutus      0.471 a.u.,  v/c =  0.003437,  (v/c)^2 =  0.00001182

     Wfc 3D LC norm =  0.99965286 SC norm =  0.00034713 missing  0.00000001
     Speed at rcutus      0.114 a.u.,  v/c =  0.000830,  (v/c)^2 =  0.00000069

     Wfc 3D LC norm =  0.99965668 SC norm =  0.00034323 missing  0.00000009
     Speed at rcutus      0.126 a.u.,  v/c =  0.000919,  (v/c)^2 =  0.00000084
      Wfc-us  4S rcutus= 1.996  Estimated cut-off energy=    11.35 Ry
      Wfc-us  4S rcutus= 1.996  Estimated cut-off energy=    21.02 Ry
      Wfc-us  4P rcutus= 2.499  Estimated cut-off energy=    11.99 Ry
      Wfc-us  4P rcutus= 2.499  Estimated cut-off energy=    11.95 Ry
      Wfc-us  4P rcutus= 2.499  Estimated cut-off energy=    13.57 Ry
      Wfc-us  4P rcutus= 2.499  Estimated cut-off energy=    13.42 Ry
      Wfc-us  3D rcutus= 1.898  Estimated cut-off energy=    33.47 Ry
      Wfc-us  3D rcutus= 1.898  Estimated cut-off energy=    33.44 Ry
      Wfc-us  3D rcutus= 1.898  Estimated cut-off energy=    28.81 Ry
      Wfc-us  3D rcutus= 1.898  Estimated cut-off energy=    28.78 Ry

      The bmat matrix
     0.93247     1.56658     0.00000     0.00000     0.00000     0.00000
     0.00000     0.00000     0.00000     0.00000
     1.02419     1.86070     0.00000     0.00000     0.00000     0.00000
     0.00000     0.00000     0.00000     0.00000
     0.00000     0.00000     0.20082     0.00000     0.59880     0.00000
     0.00000     0.00000     0.00000     0.00000
     0.00000     0.00000     0.00000     0.19668     0.00000     0.62437
     0.00000     0.00000     0.00000     0.00000
     0.00000     0.00000     0.23237     0.00000     1.10576     0.00000
     0.00000     0.00000     0.00000     0.00000
     0.00000     0.00000     0.00000     0.23895     0.00000     1.18888
     0.00000     0.00000     0.00000     0.00000
     0.00000     0.00000     0.00000     0.00000     0.00000     0.00000
    -0.88556     0.00000    -0.31534     0.00000
     0.00000     0.00000     0.00000     0.00000     0.00000     0.00000
     0.00000    -0.89319     0.00000    -0.32390
     0.00000     0.00000     0.00000     0.00000     0.00000     0.00000
     0.44578     0.00000     0.19065     0.00000
     0.00000     0.00000     0.00000     0.00000     0.00000     0.00000
     0.00000     0.43644     0.00000     0.19039

      The bmat + epsilon qq matrix
     1.01746     1.12043     0.00000     0.00000     0.00000     0.00000
     0.00000     0.00000     0.00000     0.00000
     1.12069     1.34918     0.00000     0.00000     0.00000     0.00000
     0.00000     0.00000     0.00000     0.00000
     0.00000     0.00000     0.20905     0.00000     0.24379     0.00000
     0.00000     0.00000     0.00000     0.00000
     0.00000     0.00000     0.00000     0.20424     0.00000     0.25045
     0.00000     0.00000     0.00000     0.00000
     0.00000     0.00000     0.24390     0.00000     0.34015     0.00000
     0.00000     0.00000     0.00000     0.00000
     0.00000     0.00000     0.00000     0.25057     0.00000     0.34255
     0.00000     0.00000     0.00000     0.00000
     0.00000     0.00000     0.00000     0.00000     0.00000     0.00000
    -2.01568     0.00000     0.04550     0.00000
     0.00000     0.00000     0.00000     0.00000     0.00000     0.00000
     0.00000    -1.98974     0.00000     0.04110
     0.00000     0.00000     0.00000     0.00000     0.00000     0.00000
     0.04588     0.00000     0.29265     0.00000
     0.00000     0.00000     0.00000     0.00000     0.00000     0.00000
     0.00000     0.04148     0.00000     0.29609

      The qq matrix
    -0.12673    -0.14392     0.00000     0.00000     0.00000     0.00000
     0.00000     0.00000     0.00000     0.00000
    -0.14392    -0.16501     0.00000     0.00000     0.00000     0.00000
     0.00000     0.00000     0.00000     0.00000
     0.00000     0.00000    -0.04024     0.00000    -0.05635     0.00000
     0.00000     0.00000     0.00000     0.00000
     0.00000     0.00000     0.00000    -0.03862     0.00000    -0.05935
     0.00000     0.00000     0.00000     0.00000
     0.00000     0.00000    -0.05635     0.00000    -0.12153     0.00000
     0.00000     0.00000     0.00000     0.00000
     0.00000     0.00000     0.00000    -0.05935     0.00000    -0.13434
     0.00000     0.00000     0.00000     0.00000
     0.00000     0.00000     0.00000     0.00000     0.00000     0.00000
     0.78440     0.00000     0.27757     0.00000
     0.00000     0.00000     0.00000     0.00000     0.00000     0.00000
     0.00000     0.77953     0.00000     0.28077
     0.00000     0.00000     0.00000     0.00000     0.00000     0.00000
     0.27757     0.00000     0.07846     0.00000
     0.00000     0.00000     0.00000     0.00000     0.00000     0.00000
     0.00000     0.28077     0.00000     0.08130


    multipoles (all-electron charge) - (pseudo charge)
        ns l1:ns1 l2    l=0     l=1     l=2     l=3     l=4     l=5  
         1  0:  1  0 -0.1267
         2  0:  1  0 -0.1439
         2  0:  2  0 -0.1649
         3  1:  1  0  0.0000  0.0867
         3  1:  2  0  0.0000  0.0823
         3  1:  3  1 -0.0402  0.0000 -0.0845
         4  1:  1  0  0.0000  0.0859
         4  1:  2  0  0.0000  0.0816
         4  1:  3  1 -0.0395  0.0000 -0.0837
         4  1:  4  1 -0.0386  0.0000 -0.0828
         5  1:  1  0  0.0000  0.1200
         5  1:  2  0  0.0000  0.1371
         5  1:  3  1 -0.0563  0.0000 -0.0697
         5  1:  4  1 -0.0554  0.0000 -0.0692
         5  1:  5  1 -0.1214  0.0000 -0.1259
         6  1:  1  0  0.0000  0.1290
         6  1:  2  0  0.0000  0.1461
         6  1:  3  1 -0.0605  0.0000 -0.0774
         6  1:  4  1 -0.0593  0.0000 -0.0767
         6  1:  5  1 -0.1278  0.0000 -0.1338
         6  1:  6  1 -0.1343  0.0000 -0.1420
         7  2:  1  0  0.0000  0.0000  0.0491
         7  2:  2  0  0.0000  0.0000  0.0208
         7  2:  3  1  0.0000 -0.0737  0.0000 -0.0542
         7  2:  4  1  0.0000 -0.0771  0.0000 -0.0590
         7  2:  5  1  0.0000 -0.0559  0.0000 -0.0007
         7  2:  6  1  0.0000 -0.0667  0.0000 -0.0136
         7  2:  7  2  0.7848  0.0000  0.3773  0.0000  0.2971
         8  2:  1  0  0.0000  0.0000  0.0496
         8  2:  2  0  0.0000  0.0000  0.0212
         8  2:  3  1  0.0000 -0.0740  0.0000 -0.0550
         8  2:  4  1  0.0000 -0.0775  0.0000 -0.0597
         8  2:  5  1  0.0000 -0.0562  0.0000 -0.0011
         8  2:  6  1  0.0000 -0.0670  0.0000 -0.0141
         8  2:  7  2  0.7817  0.0000  0.3771  0.0000  0.2975
         8  2:  8  2  0.7799  0.0000  0.3772  0.0000  0.2982
         9  2:  1  0  0.0000  0.0000 -0.0511
         9  2:  2  0  0.0000  0.0000 -0.0526
         9  2:  3  1  0.0000  0.0261  0.0000  0.0771
         9  2:  4  1  0.0000  0.0255  0.0000  0.0772
         9  2:  5  1  0.0000  0.0267  0.0000  0.0415
         9  2:  6  1  0.0000  0.0297  0.0000  0.0497
         9  2:  7  2  0.2777  0.0000  0.1075  0.0000  0.0658
         9  2:  8  2  0.2767  0.0000  0.1077  0.0000  0.0664
         9  2:  9  2  0.0785  0.0000  0.0022  0.0000 -0.0317
        10  2:  1  0  0.0000  0.0000 -0.0505
        10  2:  2  0  0.0000  0.0000 -0.0523
        10  2:  3  1  0.0000  0.0255  0.0000  0.0767
        10  2:  4  1  0.0000  0.0249  0.0000  0.0764
        10  2:  5  1  0.0000  0.0262  0.0000  0.0414
        10  2:  6  1  0.0000  0.0291  0.0000  0.0496
        10  2:  7  2  0.2815  0.0000  0.1100  0.0000  0.0680
        10  2:  8  2  0.2809  0.0000  0.1102  0.0000  0.0683
        10  2:  9  2  0.0798  0.0000  0.0028  0.0000 -0.0317
        10  2: 10  2  0.0814  0.0000  0.0038  0.0000 -0.0299
     Required augmentation: BESSEL   radius:    1.900000
     Suggested rho cutoff for augmentation:  26.87 Ry

     Estimated PAW energy = -272.226102 Ryd

     The PAW screened D coefficients
     1.01742     1.12065     0.00000     0.00000     0.00000     0.00000
     0.00000     0.00000     0.00000     0.00000
     1.12065     1.34946     0.00000     0.00000     0.00000     0.00000
     0.00000     0.00000     0.00000     0.00000
     0.00000     0.00000     0.20905     0.00000     0.24390     0.00000
     0.00000     0.00000     0.00000     0.00000
     0.00000     0.00000     0.00000     0.20423     0.00000     0.25056
     0.00000     0.00000     0.00000     0.00000
     0.00000     0.00000     0.24390     0.00000     0.34064     0.00000
     0.00000     0.00000     0.00000     0.00000
     0.00000     0.00000     0.00000     0.25056     0.00000     0.34304
     0.00000     0.00000     0.00000     0.00000
     0.00000     0.00000     0.00000     0.00000     0.00000     0.00000
    -2.01618     0.00000     0.04569     0.00000
     0.00000     0.00000     0.00000     0.00000     0.00000     0.00000
     0.00000    -1.99022     0.00000     0.04129
     0.00000     0.00000     0.00000     0.00000     0.00000     0.00000
     0.04569     0.00000     0.29276     0.00000
     0.00000     0.00000     0.00000     0.00000     0.00000     0.00000
     0.00000     0.04129     0.00000     0.29619

     The PAW descreened D coefficients (US)
     0.11619     0.15680     0.00000     0.00000     0.00000     0.00000
     0.00000     0.00000     0.00000     0.00000
     0.15680     0.28343     0.00000     0.00000     0.00000     0.00000
     0.00000     0.00000     0.00000     0.00000
     0.00000     0.00000    -0.21611     0.00000    -0.22575     0.00000
     0.00000     0.00000     0.00000     0.00000
     0.00000     0.00000     0.00000    -0.20797     0.00000    -0.24023
     0.00000     0.00000     0.00000     0.00000
     0.00000     0.00000    -0.22575     0.00000    -0.48643     0.00000
     0.00000     0.00000     0.00000     0.00000
     0.00000     0.00000     0.00000    -0.24023     0.00000    -0.55299
     0.00000     0.00000     0.00000     0.00000
     0.00000     0.00000     0.00000     0.00000     0.00000     0.00000
    -3.93018     0.00000    -0.72122     0.00000
     0.00000     0.00000     0.00000     0.00000     0.00000     0.00000
     0.00000    -3.87632     0.00000    -0.72348
     0.00000     0.00000     0.00000     0.00000     0.00000     0.00000
    -0.72122     0.00000    -0.20830     0.00000
     0.00000     0.00000     0.00000     0.00000     0.00000     0.00000
     0.00000    -0.72348     0.00000    -0.20768

     ------------------- End of pseudopotential generation -------------------

     --------------------------- All-electron run ----------------------------

     Ga                                                                         
     dirac relativistic calculation

     atomic number is 31.00
     dft = SLA  PZ   NOGX NOGC   lsd =0 sic =0 latt =0  beta=0.20 tr2=1.0E-14
     Exchange-correlation=  SLA  PZ   NOGX NOGC
                           (   1   1   0   0   0   0   0)
     mesh =1205 r(mesh) = 101.09016 a.u. xmin = -7.00 dx = 0.01250
     1 Ry =  13.60569312 eV, c = 137.03599908

     n l j   nl                  e(Ry)          e(Ha)          e(eV)
     Spin orbit split results
     1 0 0.5 1S 1( 2.00)      -750.2532      -375.1266    -10207.7143
     2 0 0.5 2S 1( 2.00)       -92.5724       -46.2862     -1259.5114
     2 1 0.5 2P 1( 2.00)       -82.0430       -41.0215     -1116.2514
     2 1 1.5 2P 1( 4.00)       -80.0148       -40.0074     -1088.6566
     3 0 0.5 3S 1( 2.00)       -10.8271        -5.4136      -147.3103
     3 1 0.5 3P 1( 2.00)        -7.4236        -3.7118      -101.0031
     3 1 1.5 3P 1( 4.00)        -7.1560        -3.5780       -97.3629
     3 2 1.5 3D 1( 4.00)        -1.4407        -0.7204       -19.6022
     3 2 2.5 3D 1( 6.00)        -1.4067        -0.7033       -19.1390
     4 0 0.5 4S 1( 2.00)        -0.6706        -0.3353        -9.1236
     4 1 0.5 4P 1( 1.00)        -0.2046        -0.1023        -2.7837
     4 1 1.5 4P 1( 0.00)        -0.1957        -0.0978        -2.6625
     Averaged results
     1 0     1S 1( 2.00)      -750.2532      -375.1266    -10207.7143
     2 0     2S 1( 2.00)       -92.5724       -46.2862     -1259.5114
     2 1     2P 1( 6.00)       -80.6908       -40.3454     -1097.8549
     3 0     3S 1( 2.00)       -10.8271        -5.4136      -147.3103
     3 1     3P 1( 6.00)        -7.2452        -3.6226       -98.5763
     3 2     3D 1(10.00)        -1.4203        -0.7102       -19.3243
     4 0     4S 1( 2.00)        -0.6706        -0.3353        -9.1236
     4 1     4P 1( 1.00)        -0.1987        -0.0993        -2.7029

     final scf error:  8.2E-15 reached in  26 iterations
 
     Etot =   -3882.404106 Ry,   -1941.202053 Ha,  -52822.798846 eV

     Ekin =    3958.012827 Ry,    1979.006413 Ha,   53851.507901 eV
     Encl =   -9373.968022 Ry,   -4686.984011 Ha, -127539.332246 eV
     Eh   =    1678.891610 Ry,     839.445805 Ha,   22842.484036 eV
     Exc  =    -145.340522 Ry,     -72.670261 Ha,   -1977.458537 eV


     normalization and overlap integrals

     s(1S/1S) =  1.000000  <r> =   0.0487  <r2> =    0.0032  r(max) =   0.0319
     s(1S/2S) =  0.000000
     s(1S/3S) = -0.000000
     s(1S/4S) =  0.000000
     s(2S/2S) =  1.000000  <r> =   0.2180  <r2> =    0.0561  r(max) =   0.1833
     s(2S/3S) =  0.000000
     s(2S/4S) =  0.000000
     s(2P/2P) =  1.000000  <r> =   0.1885  <r2> =    0.0436  r(max) =   0.1446
     s(2P/3P) =  0.000000
     s(2P/4P) =  0.000000
     s(2P/2P) =  1.000000  <r> =   0.1920  <r2> =    0.0452  r(max) =   0.1482
     s(2P/3P) =  0.000000
     s(2P/4P) =  0.000000
     s(3S/3S) =  1.000000  <r> =   0.6530  <r2> =    0.4928  r(max) =   0.5647
     s(3S/4S) =  0.000000
     s(3P/3P) =  1.000000  <r> =   0.6726  <r2> =    0.5343  r(max) =   0.5647
     s(3P/4P) =  0.000000
     s(3P/3P) =  1.000000  <r> =   0.6835  <r2> =    0.5518  r(max) =   0.5718
     s(3P/4P) = -0.000000
     s(3D/3D) =  1.000000  <r> =   0.8075  <r2> =    0.8564  r(max) =   0.5305
     s(3D/3D) =  1.000000  <r> =   0.8140  <r2> =    0.8711  r(max) =   0.5305
     s(4S/4S) =  1.000000  <r> =   2.3327  <r2> =    6.3389  r(max) =   1.8748
     s(4P/4P) =  1.000000  <r> =   3.3359  <r2> =   13.4358  r(max) =   2.4993
     s(4P/4P) =  1.000000  <r> =   3.4037  <r2> =   13.9870  r(max) =   2.5307

     ------------------------ End of All-electron run ------------------------


     ---------------------- Testing the pseudopotential ----------------------

     Ga                                                                         
     dirac relativistic calculation

     atomic number is 31.00   valence charge is 13.00
     dft = SLA  PZ   NOGX NOGC   lsd =0 sic =0 latt =0  beta=0.20 tr2=1.0E-14
     mesh =1205 r(mesh) = 101.09016 xmin = -7.00 dx = 0.01250

     n l  j  nl             e AE (Ry)       e PS (Ry)    De AE-PS (Ry) 
     1 0 0.5 4S   1( 2.00)       -0.67057       -0.67058        0.00000
     2 1 0.5 4P   1( 1.00)       -0.20460       -0.20460       -0.00000
     2 1 1.5 4P   1( 0.00)       -0.19569       -0.19569        0.00000
     3 2 1.5 3D   1( 4.00)       -1.44073       -1.44073        0.00000
     3 2 2.5 3D   1( 6.00)       -1.40669       -1.40669        0.00000

     eps = 5.1E-16  iter =  3
 
     Etot =   -3882.404106 Ry,   -1941.202053 Ha,  -52822.798846 eV
     Etotps =  -272.226108 Ry,    -136.113054 Ha,   -3703.824892 eV

     Ekin =     269.457904 Ry,     134.728952 Ha,    3666.161552 eV
     Encl =    -542.056308 Ry,    -271.028154 Ha,   -7375.051779 eV
     Ehrt =     145.712818 Ry,      72.856409 Ha,    1982.523886 eV
     Ecxc =    -145.340523 Ry,     -72.670261 Ha,   -1977.458551 eV
     (Ecc =     -19.301489 Ry,      -9.650744 Ha,    -262.610130 eV)

     ---------------------- End of pseudopotential test ----------------------

