[0] MPI startup(): I_MPI_SHM_LMT environment variable is not supported.
[0] MPI startup(): Similar variables:
	 I_MPI_SHM_HEAP
	 I_MPI_SHM
	 I_MPI_SHM_OPT
	 I_MPI_SHM_THP
[0] MPI startup(): To check the list of supported variables, use the impi_info utility or refer to https://software.intel.com/en-us/mpi-library/documentation/get-started.

     Program LD1 v.7.3.1 starts on 19Sep2024 at 21:47:48 

     This program is part of the open-source Quantum ESPRESSO suite
     for quantum simulation of materials; please cite
         "P. Giannozzi et al., J. Phys.:Condens. Matter 21 395502 (2009);
         "P. Giannozzi et al., J. Phys.:Condens. Matter 29 465901 (2017);
         "P. Giannozzi et al., J. Chem. Phys. 152 154105 (2020);
          URL http://www.quantum-espresso.org", 
     in publications or presentations arising from this work. More details at
     http://www.quantum-espresso.org/quote

     Parallel version (MPI), running on     1 processors

     MPI processes distributed on     1 nodes
     89751 MiB available memory on the printing compute node when the environment starts
 
     Waiting for input...
     Reading input from standard input
     --------------------------- All-electron run ----------------------------

     Ge                                                                         
     dirac relativistic calculation

     atomic number is 32.00
     dft =LDA   lsd =0 sic =0 latt =0  beta=0.20 tr2=1.0E-14
     Exchange-correlation= LDA
                           (   1   1   0   0   0   0   0)
     mesh =1207 r(mesh) = 100.41023 a.u. xmin = -7.00 dx = 0.01250
     1 Ry =  13.60569312 eV, c = 137.03599908

     n l j   nl                  e(Ry)          e(Ha)          e(eV)
     Spin orbit split results
     1 0 0.5 1S 1( 2.00)      -803.9074      -401.9537    -10937.7174
     2 0 0.5 2S 1( 2.00)      -100.6004       -50.3002     -1368.7378
     2 1 0.5 2P 1( 2.00)       -89.5800       -44.7900     -1218.7978
     2 1 1.5 2P 1( 4.00)       -87.2423       -43.6211     -1186.9919
     3 0 0.5 3S 1( 2.00)       -12.3122        -6.1561      -167.5162
     3 1 0.5 3P 1( 2.00)        -8.6784        -4.3392      -118.0752
     3 1 1.5 3P 1( 4.00)        -8.3630        -4.1815      -113.7850
     3 2 1.5 3D 1( 4.00)        -2.1857        -1.0928       -29.7375
     3 2 2.5 3D 1( 6.00)        -2.1426        -1.0713       -29.1509
     4 0 0.5 4S 1( 2.00)        -0.8705        -0.4353       -11.8444
     4 1 0.5 4P 1( 2.00)        -0.3019        -0.1509        -4.1070
     4 1 1.5 4P 1( 0.00)        -0.2877        -0.1439        -3.9144
     Averaged results
     1 0     1S 1( 2.00)      -803.9074      -401.9537    -10937.7174
     2 0     2S 1( 2.00)      -100.6004       -50.3002     -1368.7378
     2 1     2P 1( 6.00)       -88.0215       -44.0108     -1197.5938
     3 0     3S 1( 2.00)       -12.3122        -6.1561      -167.5162
     3 1     3P 1( 6.00)        -8.4682        -4.2341      -115.2151
     3 2     3D 1(10.00)        -2.1598        -1.0799       -29.3855
     4 0     4S 1( 2.00)        -0.8705        -0.4353       -11.8444
     4 1     4P 1( 2.00)        -0.2924        -0.1462        -3.9786

     final scf error:  9.5E-15 reached in  34 iterations
 
     Etot =   -4192.010134 Ry,   -2096.005067 Ha,  -57035.203448 eV

     Ekin =    4279.283151 Ry,    2139.641575 Ha,   58222.613332 eV
     Encl =  -10123.320249 Ry,   -5061.660125 Ha, -137734.788695 eV
     Eh   =    1805.213457 Ry,     902.606728 Ha,   24561.180317 eV
     Exc  =    -153.186492 Ry,     -76.593246 Ha,   -2084.208402 eV


     normalization and overlap integrals

     s(1S/1S) =  1.000000  <r> =   0.0471  <r2> =    0.0030  r(max) =   0.0309
     s(1S/2S) =  0.000000
     s(1S/3S) = -0.000000
     s(1S/4S) =  0.000000
     s(2S/2S) =  1.000000  <r> =   0.2102  <r2> =    0.0522  r(max) =   0.1754
     s(2S/3S) =  0.000000
     s(2S/4S) =  0.000000
     s(2P/2P) =  1.000000  <r> =   0.1814  <r2> =    0.0404  r(max) =   0.1401
     s(2P/3P) =  0.000000
     s(2P/4P) =  0.000000
     s(2P/2P) =  1.000000  <r> =   0.1850  <r2> =    0.0419  r(max) =   0.1418
     s(2P/3P) =  0.000000
     s(2P/4P) =  0.000000
     s(3S/3S) =  1.000000  <r> =   0.6253  <r2> =    0.4515  r(max) =   0.5402
     s(3S/4S) =  0.000000
     s(3P/3P) =  1.000000  <r> =   0.6405  <r2> =    0.4836  r(max) =   0.5402
     s(3P/4P) =  0.000000
     s(3P/3P) =  1.000000  <r> =   0.6514  <r2> =    0.5001  r(max) =   0.5470
     s(3P/4P) = -0.000000
     s(3D/3D) =  1.000000  <r> =   0.7341  <r2> =    0.6927  r(max) =   0.5012
     s(3D/3D) =  1.000000  <r> =   0.7395  <r2> =    0.7033  r(max) =   0.5012
     s(4S/4S) =  1.000000  <r> =   2.1100  <r2> =    5.1581  r(max) =   1.7277
     s(4P/4P) =  1.000000  <r> =   2.8501  <r2> =    9.7120  r(max) =   2.1636
     s(4P/4P) =  1.000000  <r> =   2.9101  <r2> =   10.1277  r(max) =   2.2184

     ------------------------ End of All-electron run ------------------------


     --------------------- Generating US pseudopotential ---------------------


      Generating local potential from pseudized AE potential:
      Matching radius rcloc =   2.2000

      Local pseudo, rcloc= 2.191 Estimated cut-off energy=     5.10 Ry

      Computing core charge for nlcc: 

       r > 0.90 : true rho core
      Core charge pseudized with two Bessel functions
      Integrated core pseudo-charge :   9.70

     Fully relativistic calculation: |psi|^2

     Wfc 4S LC norm =  0.99993389 SC norm =  0.00006352 missing  0.00000259

     Wfc 4P LC norm =  0.99996344 SC norm =  0.00003638 missing  0.00000017

     Wfc 4P LC norm =  0.99996489 SC norm =  0.00003002 missing  0.00000509

     Wfc 3D LC norm =  0.99959975 SC norm =  0.00040024 missing  0.00000001

     Wfc 3D LC norm =  0.99960395 SC norm =  0.00039595 missing  0.00000010
      Wfc-us  4S rcutus= 2.084  Estimated cut-off energy=    10.83 Ry
      Wfc-us  4S rcutus= 2.084  Estimated cut-off energy=    22.52 Ry
      Wfc-us  4P rcutus= 2.191  Estimated cut-off energy=    15.61 Ry
      Wfc-us  4P rcutus= 2.191  Estimated cut-off energy=    15.56 Ry
      Wfc-us  4P rcutus= 2.191  Estimated cut-off energy=    14.21 Ry
      Wfc-us  4P rcutus= 2.191  Estimated cut-off energy=    34.62 Ry
      Wfc-us  3D rcutus= 1.839  Estimated cut-off energy=    36.09 Ry
      Wfc-us  3D rcutus= 1.839  Estimated cut-off energy=    36.06 Ry
      Wfc-us  3D rcutus= 1.839  Estimated cut-off energy=    29.19 Ry
      Wfc-us  3D rcutus= 1.839  Estimated cut-off energy=    29.14 Ry

      The bmat matrix
     1.17181     1.77481     0.00000     0.00000     0.00000     0.00000
     0.00000     0.00000     0.00000     0.00000
     0.99347     1.71252     0.00000     0.00000     0.00000     0.00000
     0.00000     0.00000     0.00000     0.00000
     0.00000     0.00000     0.21692     0.00000     0.67244     0.00000
     0.00000     0.00000     0.00000     0.00000
     0.00000     0.00000     0.00000     0.21665     0.00000     0.46370
     0.00000     0.00000     0.00000     0.00000
     0.00000     0.00000     0.21390     0.00000     1.11920     0.00000
     0.00000     0.00000     0.00000     0.00000
     0.00000     0.00000     0.00000     0.19011     0.00000     0.83985
     0.00000     0.00000     0.00000     0.00000
     0.00000     0.00000     0.00000     0.00000     0.00000     0.00000
    -0.97112     0.00000    -0.31829     0.00000
     0.00000     0.00000     0.00000     0.00000     0.00000     0.00000
     0.00000    -0.98256     0.00000    -0.33114
     0.00000     0.00000     0.00000     0.00000     0.00000     0.00000
     0.30252     0.00000     0.13394     0.00000
     0.00000     0.00000     0.00000     0.00000     0.00000     0.00000
     0.00000     0.28384     0.00000     0.13026

      The bmat + epsilon qq matrix
     1.37857     1.16476     0.00000     0.00000     0.00000     0.00000
     0.00000     0.00000     0.00000     0.00000
     1.16478     1.20694     0.00000     0.00000     0.00000     0.00000
     0.00000     0.00000     0.00000     0.00000
     0.00000     0.00000     0.23137     0.00000     0.23490     0.00000
     0.00000     0.00000     0.00000     0.00000
     0.00000     0.00000     0.00000     0.22959     0.00000     0.20212
     0.00000     0.00000     0.00000     0.00000
     0.00000     0.00000     0.23487     0.00000     0.30524     0.00000
     0.00000     0.00000     0.00000     0.00000
     0.00000     0.00000     0.00000     0.20206     0.00000     0.53873
     0.00000     0.00000     0.00000     0.00000
     0.00000     0.00000     0.00000     0.00000     0.00000     0.00000
    -2.77318     0.00000    -0.45736     0.00000
     0.00000     0.00000     0.00000     0.00000     0.00000     0.00000
     0.00000    -2.73996     0.00000    -0.47231
     0.00000     0.00000     0.00000     0.00000     0.00000     0.00000
    -0.45735     0.00000     0.08133     0.00000
     0.00000     0.00000     0.00000     0.00000     0.00000     0.00000
     0.00000    -0.47232     0.00000     0.07550

      The qq matrix
    -0.23751    -0.19679     0.00000     0.00000     0.00000     0.00000
     0.00000     0.00000     0.00000     0.00000
    -0.19679    -0.16309     0.00000     0.00000     0.00000     0.00000
     0.00000     0.00000     0.00000     0.00000
     0.00000     0.00000    -0.04786     0.00000    -0.06945     0.00000
     0.00000     0.00000     0.00000     0.00000
     0.00000     0.00000     0.00000    -0.04499     0.00000    -0.04152
     0.00000     0.00000     0.00000     0.00000
     0.00000     0.00000    -0.06945     0.00000    -0.12920     0.00000
     0.00000     0.00000     0.00000     0.00000
     0.00000     0.00000     0.00000    -0.04152     0.00000    -0.04780
     0.00000     0.00000     0.00000     0.00000
     0.00000     0.00000     0.00000     0.00000     0.00000     0.00000
     0.82449     0.00000     0.34766     0.00000
     0.00000     0.00000     0.00000     0.00000     0.00000     0.00000
     0.00000     0.82024     0.00000     0.35292
     0.00000     0.00000     0.00000     0.00000     0.00000     0.00000
     0.34766     0.00000     0.13153     0.00000
     0.00000     0.00000     0.00000     0.00000     0.00000     0.00000
     0.00000     0.35292     0.00000     0.13688

     Q pseudized with Bessel functions
     Expected ecutrho=     253.0380 due to l1=  1   l2=  2

      The ddd matrix
     0.34539     0.26990     0.00000     0.00000     0.00000     0.00000
     0.00000     0.00000     0.00000     0.00000
     0.26990     0.44498     0.00000     0.00000     0.00000     0.00000
     0.00000     0.00000     0.00000     0.00000
     0.00000     0.00000     0.07658     0.00000    -0.04044     0.00000
     0.00000     0.00000     0.00000     0.00000
     0.00000     0.00000     0.00000     0.08823     0.00000     0.05006
     0.00000     0.00000     0.00000     0.00000
     0.00000     0.00000    -0.04044     0.00000    -0.25905     0.00000
     0.00000     0.00000     0.00000     0.00000
     0.00000     0.00000     0.00000     0.05006     0.00000     0.23504
     0.00000     0.00000     0.00000     0.00000
     0.00000     0.00000     0.00000     0.00000     0.00000     0.00000
     1.63790     0.00000     1.43454     0.00000
     0.00000     0.00000     0.00000     0.00000     0.00000     0.00000
     0.00000     1.64513     0.00000     1.44577
     0.00000     0.00000     0.00000     0.00000     0.00000     0.00000
     1.43454     0.00000     0.83664     0.00000
     0.00000     0.00000     0.00000     0.00000     0.00000     0.00000
     0.00000     1.44577     0.00000     0.85882

     ------------------- End of pseudopotential generation -------------------

     --------------------------- All-electron run ----------------------------

     Ge                                                                         
     dirac relativistic calculation

     atomic number is 32.00
     dft =LDA   lsd =0 sic =0 latt =0  beta=0.20 tr2=1.0E-14
     Exchange-correlation= LDA
                           (   1   1   0   0   0   0   0)
     mesh =1207 r(mesh) = 100.41023 a.u. xmin = -7.00 dx = 0.01250
     1 Ry =  13.60569312 eV, c = 137.03599908

     n l j   nl                  e(Ry)          e(Ha)          e(eV)
     Spin orbit split results
     1 0 0.5 1S 1( 2.00)      -803.9074      -401.9537    -10937.7174
     2 0 0.5 2S 1( 2.00)      -100.6004       -50.3002     -1368.7378
     2 1 0.5 2P 1( 2.00)       -89.5800       -44.7900     -1218.7978
     2 1 1.5 2P 1( 4.00)       -87.2423       -43.6211     -1186.9919
     3 0 0.5 3S 1( 2.00)       -12.3122        -6.1561      -167.5162
     3 1 0.5 3P 1( 2.00)        -8.6784        -4.3392      -118.0752
     3 1 1.5 3P 1( 4.00)        -8.3630        -4.1815      -113.7850
     3 2 1.5 3D 1( 4.00)        -2.1857        -1.0928       -29.7375
     3 2 2.5 3D 1( 6.00)        -2.1426        -1.0713       -29.1509
     4 0 0.5 4S 1( 2.00)        -0.8705        -0.4353       -11.8444
     4 1 0.5 4P 1( 2.00)        -0.3019        -0.1509        -4.1070
     4 1 1.5 4P 1( 0.00)        -0.2877        -0.1439        -3.9144
     Averaged results
     1 0     1S 1( 2.00)      -803.9074      -401.9537    -10937.7174
     2 0     2S 1( 2.00)      -100.6004       -50.3002     -1368.7378
     2 1     2P 1( 6.00)       -88.0215       -44.0108     -1197.5938
     3 0     3S 1( 2.00)       -12.3122        -6.1561      -167.5162
     3 1     3P 1( 6.00)        -8.4682        -4.2341      -115.2151
     3 2     3D 1(10.00)        -2.1598        -1.0799       -29.3855
     4 0     4S 1( 2.00)        -0.8705        -0.4353       -11.8444
     4 1     4P 1( 2.00)        -0.2924        -0.1462        -3.9786

     final scf error:  9.5E-15 reached in  34 iterations
 
     Etot =   -4192.010134 Ry,   -2096.005067 Ha,  -57035.203448 eV

     Ekin =    4279.283151 Ry,    2139.641575 Ha,   58222.613332 eV
     Encl =  -10123.320249 Ry,   -5061.660125 Ha, -137734.788695 eV
     Eh   =    1805.213457 Ry,     902.606728 Ha,   24561.180317 eV
     Exc  =    -153.186492 Ry,     -76.593246 Ha,   -2084.208402 eV


     normalization and overlap integrals

     s(1S/1S) =  1.000000  <r> =   0.0471  <r2> =    0.0030  r(max) =   0.0309
     s(1S/2S) =  0.000000
     s(1S/3S) = -0.000000
     s(1S/4S) =  0.000000
     s(2S/2S) =  1.000000  <r> =   0.2102  <r2> =    0.0522  r(max) =   0.1754
     s(2S/3S) =  0.000000
     s(2S/4S) =  0.000000
     s(2P/2P) =  1.000000  <r> =   0.1814  <r2> =    0.0404  r(max) =   0.1401
     s(2P/3P) =  0.000000
     s(2P/4P) =  0.000000
     s(2P/2P) =  1.000000  <r> =   0.1850  <r2> =    0.0419  r(max) =   0.1418
     s(2P/3P) =  0.000000
     s(2P/4P) =  0.000000
     s(3S/3S) =  1.000000  <r> =   0.6253  <r2> =    0.4515  r(max) =   0.5402
     s(3S/4S) =  0.000000
     s(3P/3P) =  1.000000  <r> =   0.6405  <r2> =    0.4836  r(max) =   0.5402
     s(3P/4P) =  0.000000
     s(3P/3P) =  1.000000  <r> =   0.6514  <r2> =    0.5001  r(max) =   0.5470
     s(3P/4P) = -0.000000
     s(3D/3D) =  1.000000  <r> =   0.7341  <r2> =    0.6927  r(max) =   0.5012
     s(3D/3D) =  1.000000  <r> =   0.7395  <r2> =    0.7033  r(max) =   0.5012
     s(4S/4S) =  1.000000  <r> =   2.1100  <r2> =    5.1581  r(max) =   1.7277
     s(4P/4P) =  1.000000  <r> =   2.8501  <r2> =    9.7120  r(max) =   2.1636
     s(4P/4P) =  1.000000  <r> =   2.9101  <r2> =   10.1277  r(max) =   2.2184

     ------------------------ End of All-electron run ------------------------


     ---------------------- Testing the pseudopotential ----------------------

     Ge                                                                         
     dirac relativistic calculation

     atomic number is 32.00   valence charge is 14.00
     dft =LDA   lsd =0 sic =0 latt =0  beta=0.20 tr2=1.0E-14
     mesh =1207 r(mesh) = 100.41023 xmin = -7.00 dx = 0.01250

     n l  j  nl             e AE (Ry)       e PS (Ry)    De AE-PS (Ry) 
     1 0 0.5 4S   1( 2.00)       -0.87055       -0.87055        0.00000
     2 1 0.5 4P   1( 2.00)       -0.30186       -0.30186       -0.00000
     2 1 1.5 4P   1( 0.00)       -0.28770       -0.28770        0.00000
     3 2 1.5 3D   1( 4.00)       -2.18567       -2.18567       -0.00000
     3 2 2.5 3D   1( 6.00)       -2.14255       -2.14255       -0.00000

     eps = 3.1E-15  iter =  3
 
     Etot =   -4192.010134 Ry,   -2096.005067 Ha,  -57035.203448 eV
     Etotps =  -210.435761 Ry,    -105.217880 Ha,   -2863.124381 eV

     Ekin =      14.943224 Ry,       7.471612 Ha,     203.312916 eV
     Encl =    -354.256085 Ry,    -177.128042 Ha,   -4819.899577 eV
     Ehrt =     167.011516 Ry,      83.505758 Ha,    2272.307439 eV
     Ecxc =     -55.400724 Ry,     -27.700362 Ha,    -753.765243 eV
     (Ecc =     -23.083339 Ry,     -11.541669 Ha,    -314.064826 eV)
     Epseu=      17.266308 Ry,       8.633154 Ha,     234.920085 eV

     ---------------------- End of pseudopotential test ----------------------

