[0] MPI startup(): I_MPI_SHM_LMT environment variable is not supported.
[0] MPI startup(): Similar variables:
	 I_MPI_SHM_HEAP
	 I_MPI_SHM
	 I_MPI_SHM_OPT
	 I_MPI_SHM_THP
[0] MPI startup(): To check the list of supported variables, use the impi_info utility or refer to https://software.intel.com/en-us/mpi-library/documentation/get-started.

     Program LD1 v.7.3.1 starts on 19Sep2024 at 21:47:51 

     This program is part of the open-source Quantum ESPRESSO suite
     for quantum simulation of materials; please cite
         "P. Giannozzi et al., J. Phys.:Condens. Matter 21 395502 (2009);
         "P. Giannozzi et al., J. Phys.:Condens. Matter 29 465901 (2017);
         "P. Giannozzi et al., J. Chem. Phys. 152 154105 (2020);
          URL http://www.quantum-espresso.org", 
     in publications or presentations arising from this work. More details at
     http://www.quantum-espresso.org/quote

     Parallel version (MPI), running on     1 processors

     MPI processes distributed on     1 nodes
     89747 MiB available memory on the printing compute node when the environment starts
 
     Waiting for input...
     Reading input from standard input
     --------------------------- All-electron run ----------------------------

     H                                                                          
     dirac relativistic calculation

     atomic number is  1.00
     dft =LDA   lsd =0 sic =0 latt =0  beta=0.20 tr2=1.0E-14
     Exchange-correlation= LDA
                           (   1   1   0   0   0   0   0)
     mesh = 929 r(mesh) =  99.48432 a.u. xmin = -7.00 dx = 0.01250
     1 Ry =  13.60569312 eV, c = 137.03599908

     n l j   nl                  e(Ry)          e(Ha)          e(eV)
     Spin orbit split results
     1 0 0.5 1S 1( 1.00)        -0.4673        -0.2337        -6.3583
     Averaged results
     1 0     1S 1( 1.00)        -0.4673        -0.2337        -6.3583

     final scf error:  5.8E-15 reached in  16 iterations
 
     Etot =      -0.891798 Ry,      -0.445899 Ha,     -12.133529 eV

     Ekin =       0.849694 Ry,       0.424847 Ha,      11.560679 eV
     Encl =      -1.841633 Ry,      -0.920816 Ha,     -25.056688 eV
     Eh   =       0.565572 Ry,       0.282786 Ha,       7.694996 eV
     Exc  =      -0.465431 Ry,      -0.232716 Ha,      -6.332516 eV


     normalization and overlap integrals

     s(1S/1S) =  1.000000  <r> =   1.6732  <r2> =    3.8157  r(max) =   1.0513

     ------------------------ End of All-electron run ------------------------


     --------------------- Generating US pseudopotential ---------------------


      Generating local pot.: lloc=1, j= 0.50, matching radius rcloc =   0.7500

      Generating local pot.: lloc=1, j= 1.50, matching radius rcloc =   0.7500

     Fully relativistic calculation: |psi|^2

     Wfc 1S LC norm =  0.99998869 SC norm =  0.00000497 missing  0.00000634
      Wfc-us  1S rcutus= 1.000  Estimated cut-off energy=    44.21 Ry
      Wfc-us  1S rcutus= 1.000  Estimated cut-off energy=    45.51 Ry

      The bmat matrix
    -0.05164    -0.05350
    -0.04905    -0.05076

      The bmat + epsilon qq matrix
    -0.05558    -0.05307
    -0.05306    -0.05033

      The qq matrix
     0.00844     0.00858
     0.00858     0.00871

     Q pseudized with Bessel functions
     Expected ecutrho=     221.4165 due to l1=  0   l2=  0

      The ddd matrix
    -0.01024    -0.00725
    -0.00725    -0.00409

     ------------------- End of pseudopotential generation -------------------

     --------------------------- All-electron run ----------------------------

     H                                                                          
     dirac relativistic calculation

     atomic number is  1.00
     dft =LDA   lsd =0 sic =0 latt =0  beta=0.20 tr2=1.0E-14
     Exchange-correlation= LDA
                           (   1   1   0   0   0   0   0)
     mesh = 929 r(mesh) =  99.48432 a.u. xmin = -7.00 dx = 0.01250
     1 Ry =  13.60569312 eV, c = 137.03599908

     n l j   nl                  e(Ry)          e(Ha)          e(eV)
     Spin orbit split results
     1 0 0.5 1S 1( 1.00)        -0.4673        -0.2337        -6.3583
     Averaged results
     1 0     1S 1( 1.00)        -0.4673        -0.2337        -6.3583

     final scf error:  5.8E-15 reached in  16 iterations
 
     Etot =      -0.891798 Ry,      -0.445899 Ha,     -12.133529 eV

     Ekin =       0.849694 Ry,       0.424847 Ha,      11.560679 eV
     Encl =      -1.841633 Ry,      -0.920816 Ha,     -25.056688 eV
     Eh   =       0.565572 Ry,       0.282786 Ha,       7.694996 eV
     Exc  =      -0.465431 Ry,      -0.232716 Ha,      -6.332516 eV


     normalization and overlap integrals

     s(1S/1S) =  1.000000  <r> =   1.6732  <r2> =    3.8157  r(max) =   1.0513

     ------------------------ End of All-electron run ------------------------


     ---------------------- Testing the pseudopotential ----------------------

     H                                                                          
     dirac relativistic calculation

     atomic number is  1.00   valence charge is  1.00
     dft =LDA   lsd =0 sic =0 latt =0  beta=0.20 tr2=1.0E-14
     mesh = 929 r(mesh) =  99.48432 xmin = -7.00 dx = 0.01250

     n l  j  nl             e AE (Ry)       e PS (Ry)    De AE-PS (Ry) 
     1 0 0.5 1S   1( 1.00)       -0.46733       -0.46733        0.00000

     eps = 9.6E-17  iter =  3
 
     Etot =      -0.891798 Ry,      -0.445899 Ha,     -12.133529 eV
     Etotps =    -0.891769 Ry,      -0.445885 Ha,     -12.133139 eV

     Ekin =       0.796677 Ry,       0.398338 Ha,      10.839338 eV
     Encl =      -1.778391 Ry,      -0.889195 Ha,     -24.196242 eV
     Ehrt =       0.565502 Ry,       0.282751 Ha,       7.694052 eV
     Ecxc =      -0.465315 Ry,      -0.232657 Ha,      -6.330929 eV
     Epseu=      -0.010243 Ry,      -0.005121 Ha,      -0.139358 eV

     ---------------------- End of pseudopotential test ----------------------

