[0] MPI startup(): I_MPI_SHM_LMT environment variable is not supported.
[0] MPI startup(): Similar variables:
	 I_MPI_SHM_HEAP
	 I_MPI_SHM
	 I_MPI_SHM_OPT
	 I_MPI_SHM_THP
[0] MPI startup(): To check the list of supported variables, use the impi_info utility or refer to https://software.intel.com/en-us/mpi-library/documentation/get-started.

     Program LD1 v.7.3.1 starts on 19Sep2024 at 21:47:50 

     This program is part of the open-source Quantum ESPRESSO suite
     for quantum simulation of materials; please cite
         "P. Giannozzi et al., J. Phys.:Condens. Matter 21 395502 (2009);
         "P. Giannozzi et al., J. Phys.:Condens. Matter 29 465901 (2017);
         "P. Giannozzi et al., J. Chem. Phys. 152 154105 (2020);
          URL http://www.quantum-espresso.org", 
     in publications or presentations arising from this work. More details at
     http://www.quantum-espresso.org/quote

     Parallel version (MPI), running on     1 processors

     MPI processes distributed on     1 nodes
     89745 MiB available memory on the printing compute node when the environment starts
 
     Waiting for input...
     Reading input from standard input
     --------------------------- All-electron run ----------------------------

     Hg                                                                         
     dirac relativistic calculation

     atomic number is 80.00
     dft =LDA   lsd =0 sic =0 latt =0  beta=0.20 tr2=1.0E-14
     Exchange-correlation= LDA
                           (   1   1   0   0   0   0   0)
     mesh =1279 r(mesh) =  98.78773 a.u. xmin = -7.00 dx = 0.01250
     1 Ry =  13.60569312 eV, c = 137.03599908

     n l j   nl                  e(Ry)          e(Ha)          e(eV)
     Spin orbit split results
     1 0 0.5 1S 1( 2.00)     -6099.0771     -3049.5386    -82982.1715
     2 0 0.5 2S 1( 2.00)     -1080.1633      -540.0817    -14696.3706
     2 1 0.5 2P 1( 2.00)     -1036.5156      -518.2578    -14102.5125
     2 1 1.5 2P 1( 4.00)      -893.4869      -446.7434    -12156.5085
     3 0 0.5 3S 1( 2.00)      -256.2722      -128.1361     -3486.7607
     3 1 0.5 3P 1( 2.00)      -236.6021      -118.3010     -3219.1352
     3 1 1.5 3P 1( 4.00)      -204.9274      -102.4637     -2788.1800
     4 0 0.5 4S 1( 2.00)       -56.2934       -28.1467      -765.9102
     4 1 0.5 4P 1( 2.00)       -47.8680       -23.9340      -651.2770
     4 1 1.5 4P 1( 4.00)       -40.2009       -20.1005      -546.9614
     3 2 1.5 3D 1( 4.00)      -172.3067       -86.1533     -2344.3519
     3 2 2.5 3D 1( 6.00)      -165.5157       -82.7579     -2251.9564
     5 0 0.5 5S 1( 2.00)        -8.6918        -4.3459      -118.2583
     5 1 0.5 5P 1( 2.00)        -5.9007        -2.9504       -80.2834
     5 1 1.5 5P 1( 4.00)        -4.5420        -2.2710       -61.7970
     4 2 1.5 4D 1( 4.00)       -26.4186       -13.2093      -359.4429
     4 2 2.5 4D 1( 6.00)       -24.9894       -12.4947      -339.9976
     4 3 2.5 4F 1( 6.00)        -7.2315        -3.6158       -98.3897
     4 3 3.5 4F 1( 8.00)        -6.9230        -3.4615       -94.1927
     5 2 1.5 5D 1( 4.00)        -0.8242        -0.4121       -11.2138
     5 2 2.5 5D 1( 6.00)        -0.6883        -0.3441        -9.3644
     6 0 0.5 6S 1( 2.00)        -0.5252        -0.2626        -7.1451
     6 1 0.5 6P 1( 0.00)        -0.1289        -0.0644        -1.7532
     6 1 1.5 6P 1( 0.00)        -0.0751        -0.0375        -1.0211
     Averaged results
     1 0     1S 1( 2.00)     -6099.0771     -3049.5386    -82982.1715
     2 0     2S 1( 2.00)     -1080.1633      -540.0817    -14696.3706
     2 1     2P 1( 6.00)      -941.1631      -470.5816    -12805.1765
     3 0     3S 1( 2.00)      -256.2722      -128.1361     -3486.7607
     3 1     3P 1( 6.00)      -215.4857      -107.7428     -2931.8317
     4 0     4S 1( 2.00)       -56.2934       -28.1467      -765.9102
     4 1     4P 1( 6.00)       -42.7566       -21.3783      -581.7333
     3 2     3D 1(10.00)      -168.2321       -84.1161     -2288.9146
     5 0     5S 1( 2.00)        -8.6918        -4.3459      -118.2583
     5 1     5P 1( 6.00)        -4.9949        -2.4975       -67.9591
     4 2     4D 1(10.00)       -25.5610       -12.7805      -347.7757
     4 3     4F 1(14.00)        -7.0552        -3.5276       -95.9914
     5 2     5D 1(10.00)        -0.7426        -0.3713       -10.1042
     6 0     6S 1( 2.00)        -0.5252        -0.2626        -7.1451
     6 1     6P 1( 0.00)        -0.0930        -0.0465        -1.2651

     final scf error:  7.4E-15 reached in  25 iterations
 
     Etot =  -39302.738473 Ry,  -19651.369237 Ha, -534740.998558 eV

     Ekin =   45351.468782 Ry,   22675.734391 Ha,  617038.166927 eV
     Encl =  -99196.465057 Ry,  -49598.232529 Ha,-1349636.662455 eV
     Eh   =   15267.940107 Ry,    7633.970054 Ha,  207730.907717 eV
     Exc  =    -725.682305 Ry,    -362.841153 Ha,   -9873.410747 eV


     normalization and overlap integrals

     s(1S/1S) =  1.000000  <r> =   0.0166  <r2> =    0.0004  r(max) =   0.0102
     s(1S/2S) = -0.000000
     s(1S/3S) = -0.000000
     s(1S/4S) = -0.000000
     s(1S/5S) = -0.000000
     s(1S/6S) = -0.000000
     s(2S/2S) =  1.000000  <r> =   0.0693  <r2> =    0.0057  r(max) =   0.0589
     s(2S/3S) =  0.000000
     s(2S/4S) =  0.000000
     s(2S/5S) =  0.000000
     s(2S/6S) =  0.000000
     s(2P/2P) =  1.000000  <r> =   0.0569  <r2> =    0.0041  r(max) =   0.0442
     s(2P/3P) =  0.000000
     s(2P/4P) =  0.000000
     s(2P/5P) =  0.000000
     s(2P/6P) =  0.000000
     s(2P/2P) =  1.000000  <r> =   0.0656  <r2> =    0.0052  r(max) =   0.0513
     s(2P/3P) =  0.000000
     s(2P/4P) =  0.000000
     s(2P/5P) =  0.000000
     s(2P/6P) =  0.000000
     s(3S/3S) =  1.000000  <r> =   0.1802  <r2> =    0.0373  r(max) =   0.1662
     s(3S/4S) =  0.000000
     s(3S/5S) =  0.000000
     s(3S/6S) =  0.000000
     s(3P/3P) =  1.000000  <r> =   0.1705  <r2> =    0.0340  r(max) =   0.1561
     s(3P/4P) =  0.000000
     s(3P/5P) =  0.000000
     s(3P/6P) =  0.000000
     s(3P/3P) =  1.000000  <r> =   0.1864  <r2> =    0.0404  r(max) =   0.1704
     s(3P/4P) =  0.000000
     s(3P/5P) =  0.000000
     s(3P/6P) =  0.000000
     s(4S/4S) =  1.000000  <r> =   0.3993  <r2> =    0.1802  r(max) =   0.3746
     s(4S/5S) =  0.000000
     s(4S/6S) =  0.000000
     s(4P/4P) =  1.000000  <r> =   0.4012  <r2> =    0.1834  r(max) =   0.3746
     s(4P/5P) =  0.000000
     s(4P/6P) =  0.000000
     s(4P/4P) =  1.000000  <r> =   0.4357  <r2> =    0.2159  r(max) =   0.4037
     s(4P/5P) =  0.000000
     s(4P/6P) =  0.000000
     s(3D/3D) =  1.000000  <r> =   0.1622  <r2> =    0.0309  r(max) =   0.1327
     s(3D/4D) =  0.000000
     s(3D/5D) =  0.000000
     s(3D/3D) =  1.000000  <r> =   0.1670  <r2> =    0.0326  r(max) =   0.1378
     s(3D/4D) = -0.000000
     s(3D/5D) = -0.000000
     s(5S/5S) =  1.000000  <r> =   0.9012  <r2> =    0.9116  r(max) =   0.8232
     s(5S/6S) =  0.000000
     s(5P/5P) =  1.000000  <r> =   0.9705  <r2> =    1.0650  r(max) =   0.8763
     s(5P/6P) =  0.000000
     s(5P/5P) =  1.000000  <r> =   1.0687  <r2> =    1.2934  r(max) =   0.9565
     s(5P/6P) = -0.000000
     s(4D/4D) =  1.000000  <r> =   0.4427  <r2> =    0.2267  r(max) =   0.3987
     s(4D/5D) =  0.000000
     s(4D/4D) =  1.000000  <r> =   0.4539  <r2> =    0.2381  r(max) =   0.4088
     s(4D/5D) = -0.000000
     s(4F/4F) =  1.000000  <r> =   0.4793  <r2> =    0.2773  r(max) =   0.3653
     s(4F/4F) =  1.000000  <r> =   0.4861  <r2> =    0.2852  r(max) =   0.3699
     s(5D/5D) =  1.000000  <r> =   1.4611  <r2> =    2.5445  r(max) =   1.1394
     s(5D/5D) =  1.000000  <r> =   1.5329  <r2> =    2.8180  r(max) =   1.1829
     s(6S/6S) =  1.000000  <r> =   2.6788  <r2> =    8.2441  r(max) =   2.2100
     s(6P/6P) =  1.000000  <r> =   3.8459  <r2> =   17.6581  r(max) =   2.9095
     s(6P/6P) =  1.000000  <r> =   4.5684  <r2> =   25.1650  r(max) =   3.4228

     ------------------------ End of All-electron run ------------------------


     --------------------- Generating US pseudopotential ---------------------


      Generating local potential from pseudized AE potential:
      Matching radius rcloc =   1.9000

      Local pseudo, rcloc= 1.902 Estimated cut-off energy=     7.03 Ry

      Computing core charge for nlcc: 

       r > 1.50 : true rho core
      Core charge pseudized with two Bessel functions
      Integrated core pseudo-charge :  11.84

     Fully relativistic calculation: |psi|^2

     Wfc 6S LC norm =  0.99993087 SC norm =  0.00006631 missing  0.00000282

     Wfc 6P LC norm =  0.99996900 SC norm =  0.00003076 missing  0.00000024

     Wfc 6P LC norm =  0.99997886 SC norm =  0.00001759 missing  0.00000354

     Wfc 5D LC norm =  0.99974758 SC norm =  0.00025237 missing  0.00000005

     Wfc 5D LC norm =  0.99976863 SC norm =  0.00022966 missing  0.00000171
      Wfc-us  6S rcutus= 2.102  Estimated cut-off energy=     9.87 Ry
      Wfc-us  6S rcutus= 2.102  Estimated cut-off energy=    14.61 Ry
      Wfc-us  6P rcutus= 2.323  Estimated cut-off energy=    13.32 Ry
      Wfc-us  6P rcutus= 2.323  Estimated cut-off energy=    12.89 Ry
      Wfc-us  6P rcutus= 2.323  Estimated cut-off energy=    30.23 Ry
      Wfc-us  6P rcutus= 2.323  Estimated cut-off energy=    28.42 Ry
      Wfc-us  5D rcutus= 2.210  Estimated cut-off energy=    24.41 Ry
      Wfc-us  5D rcutus= 2.210  Estimated cut-off energy=    24.27 Ry
      Wfc-us  5D rcutus= 2.210  Estimated cut-off energy=    23.43 Ry
      Wfc-us  5D rcutus= 2.210  Estimated cut-off energy=    23.10 Ry

      The bmat matrix
     0.91561     1.29798     0.00000     0.00000     0.00000     0.00000
     0.00000     0.00000     0.00000     0.00000
     1.10579     1.61112     0.00000     0.00000     0.00000     0.00000
     0.00000     0.00000     0.00000     0.00000
     0.00000     0.00000     0.25845     0.00000     0.34957     0.00000
     0.00000     0.00000     0.00000     0.00000
     0.00000     0.00000     0.00000     0.10790     0.00000     0.20076
     0.00000     0.00000     0.00000     0.00000
     0.00000     0.00000     0.31874     0.00000     0.79173     0.00000
     0.00000     0.00000     0.00000     0.00000
     0.00000     0.00000     0.00000     0.24147     0.00000     0.78721
     0.00000     0.00000     0.00000     0.00000
     0.00000     0.00000     0.00000     0.00000     0.00000     0.00000
    -0.66019     0.00000    -0.99316     0.00000
     0.00000     0.00000     0.00000     0.00000     0.00000     0.00000
     0.00000    -0.59376     0.00000    -0.97009
     0.00000     0.00000     0.00000     0.00000     0.00000     0.00000
     0.24258     0.00000     0.29947     0.00000
     0.00000     0.00000     0.00000     0.00000     0.00000     0.00000
     0.00000     0.19458     0.00000     0.25209

      The bmat + epsilon qq matrix
     0.94238     1.14149     0.00000     0.00000     0.00000     0.00000
     0.00000     0.00000     0.00000     0.00000
     1.14152     1.40792     0.00000     0.00000     0.00000     0.00000
     0.00000     0.00000     0.00000     0.00000
     0.00000     0.00000     0.26013     0.00000     0.31927     0.00000
     0.00000     0.00000     0.00000     0.00000
     0.00000     0.00000     0.00000     0.10750     0.00000     0.24113
     0.00000     0.00000     0.00000     0.00000
     0.00000     0.00000     0.31923     0.00000     1.20190     0.00000
     0.00000     0.00000     0.00000     0.00000
     0.00000     0.00000     0.00000     0.24109     0.00000     1.15086
     0.00000     0.00000     0.00000     0.00000
     0.00000     0.00000     0.00000     0.00000     0.00000     0.00000
    -0.96502     0.00000     0.04383     0.00000
     0.00000     0.00000     0.00000     0.00000     0.00000     0.00000
     0.00000    -0.81545     0.00000     0.03391
     0.00000     0.00000     0.00000     0.00000     0.00000     0.00000
     0.04382     0.00000     0.65521     0.00000
     0.00000     0.00000     0.00000     0.00000     0.00000     0.00000
     0.00000     0.03387     0.00000     0.65221

      The qq matrix
    -0.05099    -0.06804     0.00000     0.00000     0.00000     0.00000
     0.00000     0.00000     0.00000     0.00000
    -0.06804    -0.08835     0.00000     0.00000     0.00000     0.00000
     0.00000     0.00000     0.00000     0.00000
     0.00000     0.00000    -0.01304     0.00000    -0.00379     0.00000
     0.00000     0.00000     0.00000     0.00000
     0.00000     0.00000     0.00000     0.00537     0.00000     0.00505
     0.00000     0.00000     0.00000     0.00000
     0.00000     0.00000    -0.00379     0.00000     0.05127     0.00000
     0.00000     0.00000     0.00000     0.00000
     0.00000     0.00000     0.00000     0.00505     0.00000     0.04546
     0.00000     0.00000     0.00000     0.00000
     0.00000     0.00000     0.00000     0.00000     0.00000     0.00000
     0.36985     0.00000     0.24116     0.00000
     0.00000     0.00000     0.00000     0.00000     0.00000     0.00000
     0.00000     0.32210     0.00000     0.23349
     0.00000     0.00000     0.00000     0.00000     0.00000     0.00000
     0.24116     0.00000     0.08273     0.00000
     0.00000     0.00000     0.00000     0.00000     0.00000     0.00000
     0.00000     0.23349     0.00000     0.09305

     Q pseudized with Bessel functions
     Expected ecutrho=     119.0105 due to l1=  2   l2=  2

      The ddd matrix
     0.85741     0.83056     0.00000     0.00000     0.00000     0.00000
     0.00000     0.00000     0.00000     0.00000
     0.83056     0.83199     0.00000     0.00000     0.00000     0.00000
     0.00000     0.00000     0.00000     0.00000
     0.00000     0.00000     0.34626     0.00000     0.26365     0.00000
     0.00000     0.00000     0.00000     0.00000
     0.00000     0.00000     0.00000     0.27419     0.00000     0.26114
     0.00000     0.00000     0.00000     0.00000
     0.00000     0.00000     0.26365     0.00000    -1.33786     0.00000
     0.00000     0.00000     0.00000     0.00000
     0.00000     0.00000     0.00000     0.26114     0.00000     1.13930
     0.00000     0.00000     0.00000     0.00000
     0.00000     0.00000     0.00000     0.00000     0.00000     0.00000
     2.08811     0.00000     2.22963     0.00000
     0.00000     0.00000     0.00000     0.00000     0.00000     0.00000
     0.00000     1.77195     0.00000     2.10258
     0.00000     0.00000     0.00000     0.00000     0.00000     0.00000
     2.22963     0.00000     1.90365     0.00000
     0.00000     0.00000     0.00000     0.00000     0.00000     0.00000
     0.00000     2.10258     0.00000     1.97325

     ------------------- End of pseudopotential generation -------------------

     --------------------------- All-electron run ----------------------------

     Hg                                                                         
     dirac relativistic calculation

     atomic number is 80.00
     dft =LDA   lsd =0 sic =0 latt =0  beta=0.20 tr2=1.0E-14
     Exchange-correlation= LDA
                           (   1   1   0   0   0   0   0)
     mesh =1279 r(mesh) =  98.78773 a.u. xmin = -7.00 dx = 0.01250
     1 Ry =  13.60569312 eV, c = 137.03599908

     n l j   nl                  e(Ry)          e(Ha)          e(eV)
     Spin orbit split results
     1 0 0.5 1S 1( 2.00)     -6099.0771     -3049.5386    -82982.1715
     2 0 0.5 2S 1( 2.00)     -1080.1633      -540.0817    -14696.3706
     2 1 0.5 2P 1( 2.00)     -1036.5156      -518.2578    -14102.5125
     2 1 1.5 2P 1( 4.00)      -893.4869      -446.7434    -12156.5085
     3 0 0.5 3S 1( 2.00)      -256.2722      -128.1361     -3486.7607
     3 1 0.5 3P 1( 2.00)      -236.6021      -118.3010     -3219.1352
     3 1 1.5 3P 1( 4.00)      -204.9274      -102.4637     -2788.1800
     4 0 0.5 4S 1( 2.00)       -56.2934       -28.1467      -765.9102
     4 1 0.5 4P 1( 2.00)       -47.8680       -23.9340      -651.2770
     4 1 1.5 4P 1( 4.00)       -40.2009       -20.1005      -546.9614
     3 2 1.5 3D 1( 4.00)      -172.3067       -86.1533     -2344.3519
     3 2 2.5 3D 1( 6.00)      -165.5157       -82.7579     -2251.9564
     5 0 0.5 5S 1( 2.00)        -8.6918        -4.3459      -118.2583
     5 1 0.5 5P 1( 2.00)        -5.9007        -2.9504       -80.2834
     5 1 1.5 5P 1( 4.00)        -4.5420        -2.2710       -61.7970
     4 2 1.5 4D 1( 4.00)       -26.4186       -13.2093      -359.4429
     4 2 2.5 4D 1( 6.00)       -24.9894       -12.4947      -339.9976
     4 3 2.5 4F 1( 6.00)        -7.2315        -3.6158       -98.3897
     4 3 3.5 4F 1( 8.00)        -6.9230        -3.4615       -94.1927
     5 2 1.5 5D 1( 4.00)        -0.8242        -0.4121       -11.2138
     5 2 2.5 5D 1( 6.00)        -0.6883        -0.3441        -9.3644
     6 0 0.5 6S 1( 2.00)        -0.5252        -0.2626        -7.1451
     6 1 0.5 6P 1( 0.00)        -0.1289        -0.0644        -1.7532
     6 1 1.5 6P 1( 0.00)        -0.0751        -0.0375        -1.0211
     Averaged results
     1 0     1S 1( 2.00)     -6099.0771     -3049.5386    -82982.1715
     2 0     2S 1( 2.00)     -1080.1633      -540.0817    -14696.3706
     2 1     2P 1( 6.00)      -941.1631      -470.5816    -12805.1765
     3 0     3S 1( 2.00)      -256.2722      -128.1361     -3486.7607
     3 1     3P 1( 6.00)      -215.4857      -107.7428     -2931.8317
     4 0     4S 1( 2.00)       -56.2934       -28.1467      -765.9102
     4 1     4P 1( 6.00)       -42.7566       -21.3783      -581.7333
     3 2     3D 1(10.00)      -168.2321       -84.1161     -2288.9146
     5 0     5S 1( 2.00)        -8.6918        -4.3459      -118.2583
     5 1     5P 1( 6.00)        -4.9949        -2.4975       -67.9591
     4 2     4D 1(10.00)       -25.5610       -12.7805      -347.7757
     4 3     4F 1(14.00)        -7.0552        -3.5276       -95.9914
     5 2     5D 1(10.00)        -0.7426        -0.3713       -10.1042
     6 0     6S 1( 2.00)        -0.5252        -0.2626        -7.1451
     6 1     6P 1( 0.00)        -0.0930        -0.0465        -1.2651

     final scf error:  7.4E-15 reached in  25 iterations
 
     Etot =  -39302.738473 Ry,  -19651.369237 Ha, -534740.998558 eV

     Ekin =   45351.468782 Ry,   22675.734391 Ha,  617038.166927 eV
     Encl =  -99196.465057 Ry,  -49598.232529 Ha,-1349636.662455 eV
     Eh   =   15267.940107 Ry,    7633.970054 Ha,  207730.907717 eV
     Exc  =    -725.682305 Ry,    -362.841153 Ha,   -9873.410747 eV


     normalization and overlap integrals

     s(1S/1S) =  1.000000  <r> =   0.0166  <r2> =    0.0004  r(max) =   0.0102
     s(1S/2S) = -0.000000
     s(1S/3S) = -0.000000
     s(1S/4S) = -0.000000
     s(1S/5S) = -0.000000
     s(1S/6S) = -0.000000
     s(2S/2S) =  1.000000  <r> =   0.0693  <r2> =    0.0057  r(max) =   0.0589
     s(2S/3S) =  0.000000
     s(2S/4S) =  0.000000
     s(2S/5S) =  0.000000
     s(2S/6S) =  0.000000
     s(2P/2P) =  1.000000  <r> =   0.0569  <r2> =    0.0041  r(max) =   0.0442
     s(2P/3P) =  0.000000
     s(2P/4P) =  0.000000
     s(2P/5P) =  0.000000
     s(2P/6P) =  0.000000
     s(2P/2P) =  1.000000  <r> =   0.0656  <r2> =    0.0052  r(max) =   0.0513
     s(2P/3P) =  0.000000
     s(2P/4P) =  0.000000
     s(2P/5P) =  0.000000
     s(2P/6P) =  0.000000
     s(3S/3S) =  1.000000  <r> =   0.1802  <r2> =    0.0373  r(max) =   0.1662
     s(3S/4S) =  0.000000
     s(3S/5S) =  0.000000
     s(3S/6S) =  0.000000
     s(3P/3P) =  1.000000  <r> =   0.1705  <r2> =    0.0340  r(max) =   0.1561
     s(3P/4P) =  0.000000
     s(3P/5P) =  0.000000
     s(3P/6P) =  0.000000
     s(3P/3P) =  1.000000  <r> =   0.1864  <r2> =    0.0404  r(max) =   0.1704
     s(3P/4P) =  0.000000
     s(3P/5P) =  0.000000
     s(3P/6P) =  0.000000
     s(4S/4S) =  1.000000  <r> =   0.3993  <r2> =    0.1802  r(max) =   0.3746
     s(4S/5S) =  0.000000
     s(4S/6S) =  0.000000
     s(4P/4P) =  1.000000  <r> =   0.4012  <r2> =    0.1834  r(max) =   0.3746
     s(4P/5P) =  0.000000
     s(4P/6P) =  0.000000
     s(4P/4P) =  1.000000  <r> =   0.4357  <r2> =    0.2159  r(max) =   0.4037
     s(4P/5P) =  0.000000
     s(4P/6P) =  0.000000
     s(3D/3D) =  1.000000  <r> =   0.1622  <r2> =    0.0309  r(max) =   0.1327
     s(3D/4D) =  0.000000
     s(3D/5D) =  0.000000
     s(3D/3D) =  1.000000  <r> =   0.1670  <r2> =    0.0326  r(max) =   0.1378
     s(3D/4D) = -0.000000
     s(3D/5D) = -0.000000
     s(5S/5S) =  1.000000  <r> =   0.9012  <r2> =    0.9116  r(max) =   0.8232
     s(5S/6S) =  0.000000
     s(5P/5P) =  1.000000  <r> =   0.9705  <r2> =    1.0650  r(max) =   0.8763
     s(5P/6P) =  0.000000
     s(5P/5P) =  1.000000  <r> =   1.0687  <r2> =    1.2934  r(max) =   0.9565
     s(5P/6P) = -0.000000
     s(4D/4D) =  1.000000  <r> =   0.4427  <r2> =    0.2267  r(max) =   0.3987
     s(4D/5D) =  0.000000
     s(4D/4D) =  1.000000  <r> =   0.4539  <r2> =    0.2381  r(max) =   0.4088
     s(4D/5D) = -0.000000
     s(4F/4F) =  1.000000  <r> =   0.4793  <r2> =    0.2773  r(max) =   0.3653
     s(4F/4F) =  1.000000  <r> =   0.4861  <r2> =    0.2852  r(max) =   0.3699
     s(5D/5D) =  1.000000  <r> =   1.4611  <r2> =    2.5445  r(max) =   1.1394
     s(5D/5D) =  1.000000  <r> =   1.5329  <r2> =    2.8180  r(max) =   1.1829
     s(6S/6S) =  1.000000  <r> =   2.6788  <r2> =    8.2441  r(max) =   2.2100
     s(6P/6P) =  1.000000  <r> =   3.8459  <r2> =   17.6581  r(max) =   2.9095
     s(6P/6P) =  1.000000  <r> =   4.5684  <r2> =   25.1650  r(max) =   3.4228

     ------------------------ End of All-electron run ------------------------


     ---------------------- Testing the pseudopotential ----------------------

     Hg                                                                         
     dirac relativistic calculation

     atomic number is 80.00   valence charge is 12.00
     dft =LDA   lsd =0 sic =0 latt =0  beta=0.20 tr2=1.0E-14
     mesh =1279 r(mesh) =  98.78773 xmin = -7.00 dx = 0.01250

     n l  j  nl             e AE (Ry)       e PS (Ry)    De AE-PS (Ry) 
     1 0 0.5 6S   1( 2.00)       -0.52515       -0.52515        0.00000
     2 1 0.5 6P   1( 0.00)       -0.12886       -0.12886       -0.00000
     2 1 1.5 6P   1( 0.00)       -0.07505       -0.07505        0.00000
     3 2 1.5 5D   1( 4.00)       -0.82420       -0.82420        0.00000
     3 2 2.5 5D   1( 6.00)       -0.68827       -0.68827        0.00000

     eps = 4.6E-16  iter =  4
 
     Etot =  -39302.738473 Ry,  -19651.369237 Ha, -534740.998558 eV
     Etotps =  -105.511869 Ry,     -52.755934 Ha,   -1435.562109 eV

     Ekin =      26.046353 Ry,      13.023177 Ha,     354.378692 eV
     Encl =    -193.236653 Ry,     -96.618326 Ha,   -2629.118597 eV
     Ehrt =      78.504854 Ry,      39.252427 Ha,    1068.112951 eV
     Ecxc =     -37.525369 Ry,     -18.762684 Ha,    -510.558650 eV
     (Ecc =     -20.512027 Ry,     -10.256014 Ha,    -279.080346 eV)
     Epseu=      20.698945 Ry,      10.349473 Ha,     281.623495 eV

     ---------------------- End of pseudopotential test ----------------------

