[0] MPI startup(): I_MPI_SHM_LMT environment variable is not supported.
[0] MPI startup(): Similar variables:
	 I_MPI_SHM_HEAP
	 I_MPI_SHM
	 I_MPI_SHM_OPT
	 I_MPI_SHM_THP
[0] MPI startup(): To check the list of supported variables, use the impi_info utility or refer to https://software.intel.com/en-us/mpi-library/documentation/get-started.

     Program LD1 v.7.3.1 starts on 19Sep2024 at 21:47:49 

     This program is part of the open-source Quantum ESPRESSO suite
     for quantum simulation of materials; please cite
         "P. Giannozzi et al., J. Phys.:Condens. Matter 21 395502 (2009);
         "P. Giannozzi et al., J. Phys.:Condens. Matter 29 465901 (2017);
         "P. Giannozzi et al., J. Chem. Phys. 152 154105 (2020);
          URL http://www.quantum-espresso.org", 
     in publications or presentations arising from this work. More details at
     http://www.quantum-espresso.org/quote

     Parallel version (MPI), running on     1 processors

     MPI processes distributed on     1 nodes
     89748 MiB available memory on the printing compute node when the environment starts
 
     Waiting for input...
     Reading input from standard input
     --------------------------- All-electron run ----------------------------

     Hg                                                                         
     dirac relativistic calculation

     atomic number is 80.00
     dft =LDA   lsd =0 sic =0 latt =0  beta=0.20 tr2=1.0E-14
     Exchange-correlation= LDA
                           (   1   1   0   0   0   0   0)
     mesh =1279 r(mesh) =  98.78773 a.u. xmin = -7.00 dx = 0.01250
     1 Ry =  13.60569312 eV, c = 137.03599908

     n l j   nl                  e(Ry)          e(Ha)          e(eV)
     Spin orbit split results
     1 0 0.5 1S 1( 2.00)     -6099.0771     -3049.5386    -82982.1715
     2 0 0.5 2S 1( 2.00)     -1080.1633      -540.0817    -14696.3706
     2 1 0.5 2P 1( 2.00)     -1036.5156      -518.2578    -14102.5125
     2 1 1.5 2P 1( 4.00)      -893.4869      -446.7434    -12156.5085
     3 0 0.5 3S 1( 2.00)      -256.2722      -128.1361     -3486.7607
     3 1 0.5 3P 1( 2.00)      -236.6021      -118.3010     -3219.1352
     3 1 1.5 3P 1( 4.00)      -204.9274      -102.4637     -2788.1800
     4 0 0.5 4S 1( 2.00)       -56.2934       -28.1467      -765.9102
     4 1 0.5 4P 1( 2.00)       -47.8680       -23.9340      -651.2770
     4 1 1.5 4P 1( 4.00)       -40.2009       -20.1005      -546.9614
     3 2 1.5 3D 1( 4.00)      -172.3067       -86.1533     -2344.3519
     3 2 2.5 3D 1( 6.00)      -165.5157       -82.7579     -2251.9564
     5 0 0.5 5S 1( 2.00)        -8.6918        -4.3459      -118.2583
     5 1 0.5 5P 1( 2.00)        -5.9007        -2.9504       -80.2834
     5 1 1.5 5P 1( 4.00)        -4.5420        -2.2710       -61.7970
     4 2 1.5 4D 1( 4.00)       -26.4186       -13.2093      -359.4429
     4 2 2.5 4D 1( 6.00)       -24.9894       -12.4947      -339.9976
     4 3 2.5 4F 1( 6.00)        -7.2315        -3.6158       -98.3897
     4 3 3.5 4F 1( 8.00)        -6.9230        -3.4615       -94.1927
     5 2 1.5 5D 1( 4.00)        -0.8242        -0.4121       -11.2138
     5 2 2.5 5D 1( 6.00)        -0.6883        -0.3441        -9.3644
     6 0 0.5 6S 1( 2.00)        -0.5252        -0.2626        -7.1451
     6 1 0.5 6P 1( 0.00)        -0.1289        -0.0644        -1.7532
     6 1 1.5 6P 1( 0.00)        -0.0751        -0.0375        -1.0211
     Averaged results
     1 0     1S 1( 2.00)     -6099.0771     -3049.5386    -82982.1715
     2 0     2S 1( 2.00)     -1080.1633      -540.0817    -14696.3706
     2 1     2P 1( 6.00)      -941.1631      -470.5816    -12805.1765
     3 0     3S 1( 2.00)      -256.2722      -128.1361     -3486.7607
     3 1     3P 1( 6.00)      -215.4857      -107.7428     -2931.8317
     4 0     4S 1( 2.00)       -56.2934       -28.1467      -765.9102
     4 1     4P 1( 6.00)       -42.7566       -21.3783      -581.7333
     3 2     3D 1(10.00)      -168.2321       -84.1161     -2288.9146
     5 0     5S 1( 2.00)        -8.6918        -4.3459      -118.2583
     5 1     5P 1( 6.00)        -4.9949        -2.4975       -67.9591
     4 2     4D 1(10.00)       -25.5610       -12.7805      -347.7757
     4 3     4F 1(14.00)        -7.0552        -3.5276       -95.9914
     5 2     5D 1(10.00)        -0.7426        -0.3713       -10.1042
     6 0     6S 1( 2.00)        -0.5252        -0.2626        -7.1451
     6 1     6P 1( 0.00)        -0.0930        -0.0465        -1.2651

     final scf error:  7.4E-15 reached in  25 iterations
 
     Etot =  -39302.738473 Ry,  -19651.369237 Ha, -534740.998558 eV

     Ekin =   45351.468782 Ry,   22675.734391 Ha,  617038.166927 eV
     Encl =  -99196.465057 Ry,  -49598.232529 Ha,-1349636.662455 eV
     Eh   =   15267.940107 Ry,    7633.970054 Ha,  207730.907717 eV
     Exc  =    -725.682305 Ry,    -362.841153 Ha,   -9873.410747 eV


     normalization and overlap integrals

     s(1S/1S) =  1.000000  <r> =   0.0166  <r2> =    0.0004  r(max) =   0.0102
     s(1S/2S) = -0.000000
     s(1S/3S) = -0.000000
     s(1S/4S) = -0.000000
     s(1S/5S) = -0.000000
     s(1S/6S) = -0.000000
     s(2S/2S) =  1.000000  <r> =   0.0693  <r2> =    0.0057  r(max) =   0.0589
     s(2S/3S) =  0.000000
     s(2S/4S) =  0.000000
     s(2S/5S) =  0.000000
     s(2S/6S) =  0.000000
     s(2P/2P) =  1.000000  <r> =   0.0569  <r2> =    0.0041  r(max) =   0.0442
     s(2P/3P) =  0.000000
     s(2P/4P) =  0.000000
     s(2P/5P) =  0.000000
     s(2P/6P) =  0.000000
     s(2P/2P) =  1.000000  <r> =   0.0656  <r2> =    0.0052  r(max) =   0.0513
     s(2P/3P) =  0.000000
     s(2P/4P) =  0.000000
     s(2P/5P) =  0.000000
     s(2P/6P) =  0.000000
     s(3S/3S) =  1.000000  <r> =   0.1802  <r2> =    0.0373  r(max) =   0.1662
     s(3S/4S) =  0.000000
     s(3S/5S) =  0.000000
     s(3S/6S) =  0.000000
     s(3P/3P) =  1.000000  <r> =   0.1705  <r2> =    0.0340  r(max) =   0.1561
     s(3P/4P) =  0.000000
     s(3P/5P) =  0.000000
     s(3P/6P) =  0.000000
     s(3P/3P) =  1.000000  <r> =   0.1864  <r2> =    0.0404  r(max) =   0.1704
     s(3P/4P) =  0.000000
     s(3P/5P) =  0.000000
     s(3P/6P) =  0.000000
     s(4S/4S) =  1.000000  <r> =   0.3993  <r2> =    0.1802  r(max) =   0.3746
     s(4S/5S) =  0.000000
     s(4S/6S) =  0.000000
     s(4P/4P) =  1.000000  <r> =   0.4012  <r2> =    0.1834  r(max) =   0.3746
     s(4P/5P) =  0.000000
     s(4P/6P) =  0.000000
     s(4P/4P) =  1.000000  <r> =   0.4357  <r2> =    0.2159  r(max) =   0.4037
     s(4P/5P) =  0.000000
     s(4P/6P) =  0.000000
     s(3D/3D) =  1.000000  <r> =   0.1622  <r2> =    0.0309  r(max) =   0.1327
     s(3D/4D) =  0.000000
     s(3D/5D) =  0.000000
     s(3D/3D) =  1.000000  <r> =   0.1670  <r2> =    0.0326  r(max) =   0.1378
     s(3D/4D) = -0.000000
     s(3D/5D) = -0.000000
     s(5S/5S) =  1.000000  <r> =   0.9012  <r2> =    0.9116  r(max) =   0.8232
     s(5S/6S) =  0.000000
     s(5P/5P) =  1.000000  <r> =   0.9705  <r2> =    1.0650  r(max) =   0.8763
     s(5P/6P) =  0.000000
     s(5P/5P) =  1.000000  <r> =   1.0687  <r2> =    1.2934  r(max) =   0.9565
     s(5P/6P) = -0.000000
     s(4D/4D) =  1.000000  <r> =   0.4427  <r2> =    0.2267  r(max) =   0.3987
     s(4D/5D) =  0.000000
     s(4D/4D) =  1.000000  <r> =   0.4539  <r2> =    0.2381  r(max) =   0.4088
     s(4D/5D) = -0.000000
     s(4F/4F) =  1.000000  <r> =   0.4793  <r2> =    0.2773  r(max) =   0.3653
     s(4F/4F) =  1.000000  <r> =   0.4861  <r2> =    0.2852  r(max) =   0.3699
     s(5D/5D) =  1.000000  <r> =   1.4611  <r2> =    2.5445  r(max) =   1.1394
     s(5D/5D) =  1.000000  <r> =   1.5329  <r2> =    2.8180  r(max) =   1.1829
     s(6S/6S) =  1.000000  <r> =   2.6788  <r2> =    8.2441  r(max) =   2.2100
     s(6P/6P) =  1.000000  <r> =   3.8459  <r2> =   17.6581  r(max) =   2.9095
     s(6P/6P) =  1.000000  <r> =   4.5684  <r2> =   25.1650  r(max) =   3.4228

     ------------------------ End of All-electron run ------------------------


     --------------------- Generating PAW atomic setup --------------------


      Generating local potential from pseudized AE potential:
      Matching radius rcloc =   1.9000

      Local pseudo, rcloc= 1.902 Estimated cut-off energy=     7.03 Ry

      Computing core charge for nlcc: 

       r > 1.50 : true rho core
      Core charge pseudized with two Bessel functions
      Integrated core pseudo-charge :  11.84

     Fully relativistic calculation: |psi|^2

     Wfc 6S LC norm =  0.99993087 SC norm =  0.00006631 missing  0.00000282
     Speed at rcutus      0.708 a.u.,  v/c =  0.005166,  (v/c)^2 =  0.00002669

     Wfc 6P LC norm =  0.99996900 SC norm =  0.00003076 missing  0.00000024
     Speed at rcutus      0.527 a.u.,  v/c =  0.003843,  (v/c)^2 =  0.00001477

     Wfc 6P LC norm =  0.99997886 SC norm =  0.00001759 missing  0.00000354
     Speed at rcutus      0.427 a.u.,  v/c =  0.003114,  (v/c)^2 =  0.00000970

     Wfc 5D LC norm =  0.99974758 SC norm =  0.00025237 missing  0.00000005
     Speed at rcutus      0.343 a.u.,  v/c =  0.002501,  (v/c)^2 =  0.00000626

     Wfc 5D LC norm =  0.99976863 SC norm =  0.00022966 missing  0.00000171
     Speed at rcutus      0.406 a.u.,  v/c =  0.002964,  (v/c)^2 =  0.00000879
      Wfc-us  6S rcutus= 2.102  Estimated cut-off energy=     9.87 Ry
      Wfc-us  6S rcutus= 2.102  Estimated cut-off energy=    14.61 Ry
      Wfc-us  6P rcutus= 2.323  Estimated cut-off energy=    13.32 Ry
      Wfc-us  6P rcutus= 2.323  Estimated cut-off energy=    12.89 Ry
      Wfc-us  6P rcutus= 2.323  Estimated cut-off energy=    30.23 Ry
      Wfc-us  6P rcutus= 2.323  Estimated cut-off energy=    28.42 Ry
      Wfc-us  5D rcutus= 2.210  Estimated cut-off energy=    24.41 Ry
      Wfc-us  5D rcutus= 2.210  Estimated cut-off energy=    24.27 Ry
      Wfc-us  5D rcutus= 2.210  Estimated cut-off energy=    23.43 Ry
      Wfc-us  5D rcutus= 2.210  Estimated cut-off energy=    23.10 Ry

      The bmat matrix
     0.91561     1.29798     0.00000     0.00000     0.00000     0.00000
     0.00000     0.00000     0.00000     0.00000
     1.10579     1.61112     0.00000     0.00000     0.00000     0.00000
     0.00000     0.00000     0.00000     0.00000
     0.00000     0.00000     0.25845     0.00000     0.34957     0.00000
     0.00000     0.00000     0.00000     0.00000
     0.00000     0.00000     0.00000     0.10790     0.00000     0.20076
     0.00000     0.00000     0.00000     0.00000
     0.00000     0.00000     0.31874     0.00000     0.79173     0.00000
     0.00000     0.00000     0.00000     0.00000
     0.00000     0.00000     0.00000     0.24147     0.00000     0.78721
     0.00000     0.00000     0.00000     0.00000
     0.00000     0.00000     0.00000     0.00000     0.00000     0.00000
    -0.66019     0.00000    -0.99316     0.00000
     0.00000     0.00000     0.00000     0.00000     0.00000     0.00000
     0.00000    -0.59376     0.00000    -0.97009
     0.00000     0.00000     0.00000     0.00000     0.00000     0.00000
     0.24258     0.00000     0.29947     0.00000
     0.00000     0.00000     0.00000     0.00000     0.00000     0.00000
     0.00000     0.19458     0.00000     0.25209

      The bmat + epsilon qq matrix
     0.94241     1.14132     0.00000     0.00000     0.00000     0.00000
     0.00000     0.00000     0.00000     0.00000
     1.14156     1.40770     0.00000     0.00000     0.00000     0.00000
     0.00000     0.00000     0.00000     0.00000
     0.00000     0.00000     0.26014     0.00000     0.31889     0.00000
     0.00000     0.00000     0.00000     0.00000
     0.00000     0.00000     0.00000     0.10750     0.00000     0.24079
     0.00000     0.00000     0.00000     0.00000
     0.00000     0.00000     0.31923     0.00000     1.20073     0.00000
     0.00000     0.00000     0.00000     0.00000
     0.00000     0.00000     0.00000     0.24109     0.00000     1.14967
     0.00000     0.00000     0.00000     0.00000
     0.00000     0.00000     0.00000     0.00000     0.00000     0.00000
    -0.96481     0.00000     0.04326     0.00000
     0.00000     0.00000     0.00000     0.00000     0.00000     0.00000
     0.00000    -0.81530     0.00000     0.03334
     0.00000     0.00000     0.00000     0.00000     0.00000     0.00000
     0.04393     0.00000     0.65478     0.00000
     0.00000     0.00000     0.00000     0.00000     0.00000     0.00000
     0.00000     0.03397     0.00000     0.65178

      The qq matrix
    -0.05105    -0.06811     0.00000     0.00000     0.00000     0.00000
     0.00000     0.00000     0.00000     0.00000
    -0.06811    -0.08845     0.00000     0.00000     0.00000     0.00000
     0.00000     0.00000     0.00000     0.00000
     0.00000     0.00000    -0.01307     0.00000    -0.00384     0.00000
     0.00000     0.00000     0.00000     0.00000
     0.00000     0.00000     0.00000     0.00535     0.00000     0.00500
     0.00000     0.00000     0.00000     0.00000
     0.00000     0.00000    -0.00384     0.00000     0.05113     0.00000
     0.00000     0.00000     0.00000     0.00000
     0.00000     0.00000     0.00000     0.00500     0.00000     0.04531
     0.00000     0.00000     0.00000     0.00000
     0.00000     0.00000     0.00000     0.00000     0.00000     0.00000
     0.36960     0.00000     0.24103     0.00000
     0.00000     0.00000     0.00000     0.00000     0.00000     0.00000
     0.00000     0.32188     0.00000     0.23335
     0.00000     0.00000     0.00000     0.00000     0.00000     0.00000
     0.24103     0.00000     0.08263     0.00000
     0.00000     0.00000     0.00000     0.00000     0.00000     0.00000
     0.00000     0.23335     0.00000     0.09295


    multipoles (all-electron charge) - (pseudo charge)
        ns l1:ns1 l2    l=0     l=1     l=2     l=3     l=4     l=5  
         1  0:  1  0 -0.0510
         2  0:  1  0 -0.0680
         2  0:  2  0 -0.0883
         3  1:  1  0  0.0000  0.0520
         3  1:  2  0  0.0000  0.0641
         3  1:  3  1 -0.0130  0.0000 -0.0517
         4  1:  1  0  0.0000  0.0294
         4  1:  2  0  0.0000  0.0382
         4  1:  3  1 -0.0019  0.0000 -0.0296
         4  1:  4  1  0.0054  0.0000 -0.0140
         5  1:  1  0  0.0000  0.0181
         5  1:  2  0  0.0000  0.0251
         5  1:  3  1 -0.0038  0.0000 -0.0335
         5  1:  4  1 -0.0015  0.0000 -0.0279
         5  1:  5  1  0.0513  0.0000  0.0383
         6  1:  1  0  0.0000  0.0234
         6  1:  2  0  0.0000  0.0329
         6  1:  3  1  0.0003  0.0000 -0.0419
         6  1:  4  1  0.0050  0.0000 -0.0296
         6  1:  5  1  0.0458  0.0000  0.0229
         6  1:  6  1  0.0455  0.0000  0.0084
         7  2:  1  0  0.0000  0.0000  0.1298
         7  2:  2  0  0.0000  0.0000  0.1157
         7  2:  3  1  0.0000 -0.1270  0.0000 -0.1597
         7  2:  4  1  0.0000 -0.1147  0.0000 -0.1517
         7  2:  5  1  0.0000 -0.0119  0.0000  0.1010
         7  2:  6  1  0.0000 -0.0767  0.0000 -0.0001
         7  2:  7  2  0.3699  0.0000  0.4148  0.0000  0.6105
         8  2:  1  0  0.0000  0.0000  0.1314
         8  2:  2  0  0.0000  0.0000  0.1188
         8  2:  3  1  0.0000 -0.1250  0.0000 -0.1618
         8  2:  4  1  0.0000 -0.1120  0.0000 -0.1515
         8  2:  5  1  0.0000 -0.0106  0.0000  0.0970
         8  2:  6  1  0.0000 -0.0738  0.0000 -0.0030
         8  2:  7  2  0.3448  0.0000  0.3902  0.0000  0.5791
         8  2:  8  2  0.3221  0.0000  0.3670  0.0000  0.5490
         9  2:  1  0  0.0000  0.0000 -0.0565
         9  2:  2  0  0.0000  0.0000 -0.0749
         9  2:  3  1  0.0000  0.0031  0.0000  0.0601
         9  2:  4  1  0.0000 -0.0117  0.0000  0.0262
         9  2:  5  1  0.0000  0.0170  0.0000  0.0637
         9  2:  6  1  0.0000  0.0033  0.0000  0.0658
         9  2:  7  2  0.2412  0.0000  0.2593  0.0000  0.3694
         9  2:  8  2  0.2304  0.0000  0.2531  0.0000  0.3676
         9  2:  9  2  0.0827  0.0000  0.0327  0.0000 -0.0428
        10  2:  1  0  0.0000  0.0000 -0.0497
        10  2:  2  0  0.0000  0.0000 -0.0676
        10  2:  3  1  0.0000 -0.0016  0.0000  0.0525
        10  2:  4  1  0.0000 -0.0155  0.0000  0.0199
        10  2:  5  1  0.0000  0.0171  0.0000  0.0656
        10  2:  6  1  0.0000  0.0014  0.0000  0.0641
        10  2:  7  2  0.2441  0.0000  0.2663  0.0000  0.3839
        10  2:  8  2  0.2335  0.0000  0.2594  0.0000  0.3807
        10  2:  9  2  0.0878  0.0000  0.0411  0.0000 -0.0280
        10  2: 10  2  0.0931  0.0000  0.0496  0.0000 -0.0127
     Required augmentation: BESSEL   radius:    2.000000
     Suggested rho cutoff for augmentation:  24.22 Ry

     Estimated PAW energy = -789.921941 Ryd

     The PAW screened D coefficients
     0.94238     1.14152     0.00000     0.00000     0.00000     0.00000
     0.00000     0.00000     0.00000     0.00000
     1.14152     1.40793     0.00000     0.00000     0.00000     0.00000
     0.00000     0.00000     0.00000     0.00000
     0.00000     0.00000     0.26013     0.00000     0.31923     0.00000
     0.00000     0.00000     0.00000     0.00000
     0.00000     0.00000     0.00000     0.10750     0.00000     0.24109
     0.00000     0.00000     0.00000     0.00000
     0.00000     0.00000     0.31923     0.00000     1.20194     0.00000
     0.00000     0.00000     0.00000     0.00000
     0.00000     0.00000     0.00000     0.24109     0.00000     1.15092
     0.00000     0.00000     0.00000     0.00000
     0.00000     0.00000     0.00000     0.00000     0.00000     0.00000
    -0.96502     0.00000     0.04382     0.00000
     0.00000     0.00000     0.00000     0.00000     0.00000     0.00000
     0.00000    -0.81545     0.00000     0.03388
     0.00000     0.00000     0.00000     0.00000     0.00000     0.00000
     0.04382     0.00000     0.65524     0.00000
     0.00000     0.00000     0.00000     0.00000     0.00000     0.00000
     0.00000     0.03388     0.00000     0.65225

     The PAW descreened D coefficients (US)
     0.56199     0.64168     0.00000     0.00000     0.00000     0.00000
     0.00000     0.00000     0.00000     0.00000
     0.64168     0.76583     0.00000     0.00000     0.00000     0.00000
     0.00000     0.00000     0.00000     0.00000
     0.00000     0.00000     0.14841     0.00000     0.32272     0.00000
     0.00000     0.00000     0.00000     0.00000
     0.00000     0.00000     0.00000     0.14492     0.00000     0.29243
     0.00000     0.00000     0.00000     0.00000
     0.00000     0.00000     0.32272     0.00000     1.70816     0.00000
     0.00000     0.00000     0.00000     0.00000
     0.00000     0.00000     0.00000     0.29243     0.00000     1.58853
     0.00000     0.00000     0.00000     0.00000
     0.00000     0.00000     0.00000     0.00000     0.00000     0.00000
     2.11320     0.00000     2.04258     0.00000
     0.00000     0.00000     0.00000     0.00000     0.00000     0.00000
     0.00000     1.87940     0.00000     1.97639
     0.00000     0.00000     0.00000     0.00000     0.00000     0.00000
     2.04258     0.00000     1.32028     0.00000
     0.00000     0.00000     0.00000     0.00000     0.00000     0.00000
     0.00000     1.97639     0.00000     1.40405

     ------------------- End of pseudopotential generation -------------------

     --------------------------- All-electron run ----------------------------

     Hg                                                                         
     dirac relativistic calculation

     atomic number is 80.00
     dft = SLA  PZ   NOGX NOGC   lsd =0 sic =0 latt =0  beta=0.20 tr2=1.0E-14
     Exchange-correlation=  SLA  PZ   NOGX NOGC
                           (   1   1   0   0   0   0   0)
     mesh =1279 r(mesh) =  98.78773 a.u. xmin = -7.00 dx = 0.01250
     1 Ry =  13.60569312 eV, c = 137.03599908

     n l j   nl                  e(Ry)          e(Ha)          e(eV)
     Spin orbit split results
     1 0 0.5 1S 1( 2.00)     -6099.0771     -3049.5386    -82982.1715
     2 0 0.5 2S 1( 2.00)     -1080.1633      -540.0817    -14696.3706
     2 1 0.5 2P 1( 2.00)     -1036.5156      -518.2578    -14102.5125
     2 1 1.5 2P 1( 4.00)      -893.4869      -446.7434    -12156.5085
     3 0 0.5 3S 1( 2.00)      -256.2722      -128.1361     -3486.7607
     3 1 0.5 3P 1( 2.00)      -236.6021      -118.3010     -3219.1352
     3 1 1.5 3P 1( 4.00)      -204.9274      -102.4637     -2788.1800
     4 0 0.5 4S 1( 2.00)       -56.2934       -28.1467      -765.9102
     4 1 0.5 4P 1( 2.00)       -47.8680       -23.9340      -651.2770
     4 1 1.5 4P 1( 4.00)       -40.2009       -20.1005      -546.9614
     3 2 1.5 3D 1( 4.00)      -172.3067       -86.1533     -2344.3519
     3 2 2.5 3D 1( 6.00)      -165.5157       -82.7579     -2251.9564
     5 0 0.5 5S 1( 2.00)        -8.6918        -4.3459      -118.2583
     5 1 0.5 5P 1( 2.00)        -5.9007        -2.9504       -80.2834
     5 1 1.5 5P 1( 4.00)        -4.5420        -2.2710       -61.7970
     4 2 1.5 4D 1( 4.00)       -26.4186       -13.2093      -359.4429
     4 2 2.5 4D 1( 6.00)       -24.9894       -12.4947      -339.9976
     4 3 2.5 4F 1( 6.00)        -7.2315        -3.6158       -98.3897
     4 3 3.5 4F 1( 8.00)        -6.9230        -3.4615       -94.1927
     5 2 1.5 5D 1( 4.00)        -0.8242        -0.4121       -11.2138
     5 2 2.5 5D 1( 6.00)        -0.6883        -0.3441        -9.3644
     6 0 0.5 6S 1( 2.00)        -0.5252        -0.2626        -7.1451
     6 1 0.5 6P 1( 0.00)        -0.1289        -0.0644        -1.7532
     6 1 1.5 6P 1( 0.00)        -0.0751        -0.0375        -1.0211
     Averaged results
     1 0     1S 1( 2.00)     -6099.0771     -3049.5386    -82982.1715
     2 0     2S 1( 2.00)     -1080.1633      -540.0817    -14696.3706
     2 1     2P 1( 6.00)      -941.1631      -470.5816    -12805.1765
     3 0     3S 1( 2.00)      -256.2722      -128.1361     -3486.7607
     3 1     3P 1( 6.00)      -215.4857      -107.7428     -2931.8317
     4 0     4S 1( 2.00)       -56.2934       -28.1467      -765.9102
     4 1     4P 1( 6.00)       -42.7566       -21.3783      -581.7333
     3 2     3D 1(10.00)      -168.2321       -84.1161     -2288.9146
     5 0     5S 1( 2.00)        -8.6918        -4.3459      -118.2583
     5 1     5P 1( 6.00)        -4.9949        -2.4975       -67.9591
     4 2     4D 1(10.00)       -25.5610       -12.7805      -347.7757
     4 3     4F 1(14.00)        -7.0552        -3.5276       -95.9914
     5 2     5D 1(10.00)        -0.7426        -0.3713       -10.1042
     6 0     6S 1( 2.00)        -0.5252        -0.2626        -7.1451
     6 1     6P 1( 0.00)        -0.0930        -0.0465        -1.2651

     final scf error:  7.4E-15 reached in  25 iterations
 
     Etot =  -39302.738473 Ry,  -19651.369237 Ha, -534740.998558 eV

     Ekin =   45351.468782 Ry,   22675.734391 Ha,  617038.166927 eV
     Encl =  -99196.465057 Ry,  -49598.232529 Ha,-1349636.662455 eV
     Eh   =   15267.940107 Ry,    7633.970054 Ha,  207730.907717 eV
     Exc  =    -725.682305 Ry,    -362.841153 Ha,   -9873.410747 eV


     normalization and overlap integrals

     s(1S/1S) =  1.000000  <r> =   0.0166  <r2> =    0.0004  r(max) =   0.0102
     s(1S/2S) = -0.000000
     s(1S/3S) = -0.000000
     s(1S/4S) = -0.000000
     s(1S/5S) = -0.000000
     s(1S/6S) = -0.000000
     s(2S/2S) =  1.000000  <r> =   0.0693  <r2> =    0.0057  r(max) =   0.0589
     s(2S/3S) =  0.000000
     s(2S/4S) =  0.000000
     s(2S/5S) =  0.000000
     s(2S/6S) =  0.000000
     s(2P/2P) =  1.000000  <r> =   0.0569  <r2> =    0.0041  r(max) =   0.0442
     s(2P/3P) =  0.000000
     s(2P/4P) =  0.000000
     s(2P/5P) =  0.000000
     s(2P/6P) =  0.000000
     s(2P/2P) =  1.000000  <r> =   0.0656  <r2> =    0.0052  r(max) =   0.0513
     s(2P/3P) =  0.000000
     s(2P/4P) =  0.000000
     s(2P/5P) =  0.000000
     s(2P/6P) =  0.000000
     s(3S/3S) =  1.000000  <r> =   0.1802  <r2> =    0.0373  r(max) =   0.1662
     s(3S/4S) =  0.000000
     s(3S/5S) =  0.000000
     s(3S/6S) =  0.000000
     s(3P/3P) =  1.000000  <r> =   0.1705  <r2> =    0.0340  r(max) =   0.1561
     s(3P/4P) =  0.000000
     s(3P/5P) =  0.000000
     s(3P/6P) =  0.000000
     s(3P/3P) =  1.000000  <r> =   0.1864  <r2> =    0.0404  r(max) =   0.1704
     s(3P/4P) =  0.000000
     s(3P/5P) =  0.000000
     s(3P/6P) =  0.000000
     s(4S/4S) =  1.000000  <r> =   0.3993  <r2> =    0.1802  r(max) =   0.3746
     s(4S/5S) =  0.000000
     s(4S/6S) =  0.000000
     s(4P/4P) =  1.000000  <r> =   0.4012  <r2> =    0.1834  r(max) =   0.3746
     s(4P/5P) =  0.000000
     s(4P/6P) =  0.000000
     s(4P/4P) =  1.000000  <r> =   0.4357  <r2> =    0.2159  r(max) =   0.4037
     s(4P/5P) =  0.000000
     s(4P/6P) =  0.000000
     s(3D/3D) =  1.000000  <r> =   0.1622  <r2> =    0.0309  r(max) =   0.1327
     s(3D/4D) =  0.000000
     s(3D/5D) =  0.000000
     s(3D/3D) =  1.000000  <r> =   0.1670  <r2> =    0.0326  r(max) =   0.1378
     s(3D/4D) = -0.000000
     s(3D/5D) = -0.000000
     s(5S/5S) =  1.000000  <r> =   0.9012  <r2> =    0.9116  r(max) =   0.8232
     s(5S/6S) =  0.000000
     s(5P/5P) =  1.000000  <r> =   0.9705  <r2> =    1.0650  r(max) =   0.8763
     s(5P/6P) =  0.000000
     s(5P/5P) =  1.000000  <r> =   1.0687  <r2> =    1.2934  r(max) =   0.9565
     s(5P/6P) = -0.000000
     s(4D/4D) =  1.000000  <r> =   0.4427  <r2> =    0.2267  r(max) =   0.3987
     s(4D/5D) =  0.000000
     s(4D/4D) =  1.000000  <r> =   0.4539  <r2> =    0.2381  r(max) =   0.4088
     s(4D/5D) = -0.000000
     s(4F/4F) =  1.000000  <r> =   0.4793  <r2> =    0.2773  r(max) =   0.3653
     s(4F/4F) =  1.000000  <r> =   0.4861  <r2> =    0.2852  r(max) =   0.3699
     s(5D/5D) =  1.000000  <r> =   1.4611  <r2> =    2.5445  r(max) =   1.1394
     s(5D/5D) =  1.000000  <r> =   1.5329  <r2> =    2.8180  r(max) =   1.1829
     s(6S/6S) =  1.000000  <r> =   2.6788  <r2> =    8.2441  r(max) =   2.2100
     s(6P/6P) =  1.000000  <r> =   3.8459  <r2> =   17.6581  r(max) =   2.9095
     s(6P/6P) =  1.000000  <r> =   4.5684  <r2> =   25.1650  r(max) =   3.4228

     ------------------------ End of All-electron run ------------------------


     ---------------------- Testing the pseudopotential ----------------------

     Hg                                                                         
     dirac relativistic calculation

     atomic number is 80.00   valence charge is 12.00
     dft = SLA  PZ   NOGX NOGC   lsd =0 sic =0 latt =0  beta=0.20 tr2=1.0E-14
     mesh =1279 r(mesh) =  98.78773 xmin = -7.00 dx = 0.01250

     n l  j  nl             e AE (Ry)       e PS (Ry)    De AE-PS (Ry) 
     1 0 0.5 6S   1( 2.00)       -0.52515       -0.52515        0.00000
     2 1 0.5 6P   1( 0.00)       -0.12886       -0.12886       -0.00000
     2 1 1.5 6P   1( 0.00)       -0.07505       -0.07505        0.00000
     3 2 1.5 5D   1( 4.00)       -0.82420       -0.82420        0.00000
     3 2 2.5 5D   1( 6.00)       -0.68827       -0.68827        0.00000

     eps = 7.8E-15  iter =  3
 
     Etot =  -39302.738473 Ry,  -19651.369237 Ha, -534740.998558 eV
     Etotps =  -789.921953 Ry,    -394.960976 Ha,  -10747.435678 eV

     Ekin =     194.848704 Ry,      97.424352 Ha,    2651.051674 eV
     Encl =    -337.198102 Ry,    -168.599051 Ha,   -4587.813893 eV
     Ehrt =      78.109764 Ry,      39.054882 Ha,    1062.737479 eV
     Ecxc =    -725.682319 Ry,    -362.841160 Ha,   -9873.410939 eV
     (Ecc =     -20.512027 Ry,     -10.256014 Ha,    -279.080346 eV)

     ---------------------- End of pseudopotential test ----------------------

