[0] MPI startup(): I_MPI_SHM_LMT environment variable is not supported.
[0] MPI startup(): Similar variables:
	 I_MPI_SHM_HEAP
	 I_MPI_SHM
	 I_MPI_SHM_OPT
	 I_MPI_SHM_THP
[0] MPI startup(): To check the list of supported variables, use the impi_info utility or refer to https://software.intel.com/en-us/mpi-library/documentation/get-started.

     Program LD1 v.7.3.1 starts on 19Sep2024 at 21:47:53 

     This program is part of the open-source Quantum ESPRESSO suite
     for quantum simulation of materials; please cite
         "P. Giannozzi et al., J. Phys.:Condens. Matter 21 395502 (2009);
         "P. Giannozzi et al., J. Phys.:Condens. Matter 29 465901 (2017);
         "P. Giannozzi et al., J. Chem. Phys. 152 154105 (2020);
          URL http://www.quantum-espresso.org", 
     in publications or presentations arising from this work. More details at
     http://www.quantum-espresso.org/quote

     Parallel version (MPI), running on     1 processors

     MPI processes distributed on     1 nodes
     89741 MiB available memory on the printing compute node when the environment starts
 
     Waiting for input...
     Reading input from standard input
     --------------------------- All-electron run ----------------------------

     I                                                                          
     dirac relativistic calculation

     atomic number is 53.00
     dft =LDA   lsd =0 sic =0 latt =0  beta=0.20 tr2=1.0E-14
     Exchange-correlation= LDA
                           (   1   1   0   0   0   0   0)
     mesh =1247 r(mesh) =  99.95380 a.u. xmin = -7.00 dx = 0.01250
     1 Ry =  13.60569312 eV, c = 137.03599908

     n l j   nl                  e(Ry)          e(Ha)          e(eV)
     Spin orbit split results
     1 0 0.5 1S 1( 2.00)     -2419.8706     -1209.9353    -32924.0164
     2 0 0.5 2S 1( 2.00)      -373.8187      -186.9093     -5086.0619
     2 1 0.5 2P 1( 2.00)      -350.9073      -175.4537     -4774.3376
     2 1 1.5 2P 1( 4.00)      -328.9806      -164.4903     -4476.0098
     3 0 0.5 3S 1( 2.00)       -75.4084       -37.7042     -1025.9833
     3 1 0.5 3P 1( 2.00)       -65.9197       -32.9598      -896.8832
     3 1 1.5 3P 1( 4.00)       -61.7951       -30.8975      -840.7649
     4 0 0.5 4S 1( 2.00)       -13.2206        -6.6103      -179.8750
     4 1 0.5 4P 1( 2.00)        -9.9064        -4.9532      -134.7832
     4 1 1.5 4P 1( 4.00)        -9.0952        -4.5476      -123.7462
     3 2 1.5 3D 1( 4.00)       -45.0140       -22.5070      -612.4461
     3 2 2.5 3D 1( 6.00)       -44.1456       -22.0728      -600.6321
     4 2 1.5 4D 1( 4.00)        -3.7632        -1.8816       -51.2003
     4 2 2.5 4D 1( 6.00)        -3.6365        -1.8182       -49.4765
     5 0 0.5 5S 1( 2.00)        -1.2914        -0.6457       -17.5705
     5 1 0.5 5P 1( 2.00)        -0.5813        -0.2906        -7.9086
     5 1 1.5 5P 1( 3.00)        -0.5057        -0.2528        -6.8802
     Averaged results
     1 0     1S 1( 2.00)     -2419.8706     -1209.9353    -32924.0164
     2 0     2S 1( 2.00)      -373.8187      -186.9093     -5086.0619
     2 1     2P 1( 6.00)      -336.2895      -168.1448     -4575.4524
     3 0     3S 1( 2.00)       -75.4084       -37.7042     -1025.9833
     3 1     3P 1( 6.00)       -63.1700       -31.5850      -859.4710
     4 0     4S 1( 2.00)       -13.2206        -6.6103      -179.8750
     4 1     4P 1( 6.00)        -9.3656        -4.6828      -127.4252
     3 2     3D 1(10.00)       -44.4930       -22.2465      -605.3577
     4 2     4D 1(10.00)        -3.6871        -1.8436       -50.1661
     5 0     5S 1( 2.00)        -1.2914        -0.6457       -17.5705
     5 1     5P 1( 5.00)        -0.5309        -0.2654        -7.2230

     final scf error:  6.2E-15 reached in  35 iterations
 
     Etot =  -14226.497644 Ry,   -7113.248822 Ha, -193561.361161 eV

     Ekin =   15076.160567 Ry,    7538.080284 Ha,  205121.614154 eV
     Encl =  -34587.744027 Ry,  -17293.872014 Ha, -470590.231048 eV
     Eh   =    5636.564011 Ry,    2818.282006 Ha,   76689.360208 eV
     Exc  =    -351.478196 Ry,    -175.739098 Ha,   -4782.104474 eV


     normalization and overlap integrals

     s(1S/1S) =  1.000000  <r> =   0.0272  <r2> =    0.0010  r(max) =   0.0175
     s(1S/2S) = -0.000000
     s(1S/3S) = -0.000000
     s(1S/4S) =  0.000000
     s(1S/5S) =  0.000000
     s(2S/2S) =  1.000000  <r> =   0.1168  <r2> =    0.0162  r(max) =   0.0995
     s(2S/3S) =  0.000000
     s(2S/4S) =  0.000000
     s(2S/5S) =  0.000000
     s(2P/2P) =  1.000000  <r> =   0.0985  <r2> =    0.0119  r(max) =   0.0765
     s(2P/3P) =  0.000000
     s(2P/4P) =  0.000000
     s(2P/5P) =  0.000000
     s(2P/2P) =  1.000000  <r> =   0.1042  <r2> =    0.0132  r(max) =   0.0814
     s(2P/3P) =  0.000000
     s(2P/4P) =  0.000000
     s(2P/5P) =  0.000000
     s(3S/3S) =  1.000000  <r> =   0.3143  <r2> =    0.1130  r(max) =   0.2879
     s(3S/4S) =  0.000000
     s(3S/5S) =  0.000000
     s(3P/3P) =  1.000000  <r> =   0.3043  <r2> =    0.1077  r(max) =   0.2738
     s(3P/4P) =  0.000000
     s(3P/5P) =  0.000000
     s(3P/3P) =  1.000000  <r> =   0.3159  <r2> =    0.1158  r(max) =   0.2843
     s(3P/4P) =  0.000000
     s(3P/5P) =  0.000000
     s(4S/4S) =  1.000000  <r> =   0.7401  <r2> =    0.6195  r(max) =   0.6820
     s(4S/5S) =  0.000000
     s(4P/4P) =  1.000000  <r> =   0.7728  <r2> =    0.6813  r(max) =   0.6992
     s(4P/5P) =  0.000000
     s(4P/4P) =  1.000000  <r> =   0.8015  <r2> =    0.7328  r(max) =   0.7259
     s(4P/5P) = -0.000000
     s(3D/3D) =  1.000000  <r> =   0.2867  <r2> =    0.0974  r(max) =   0.2299
     s(3D/4D) =  0.000000
     s(3D/3D) =  1.000000  <r> =   0.2903  <r2> =    0.0997  r(max) =   0.2327
     s(3D/4D) = -0.000000
     s(4D/4D) =  1.000000  <r> =   0.9158  <r2> =    0.9834  r(max) =   0.7728
     s(4D/4D) =  1.000000  <r> =   0.9276  <r2> =    1.0089  r(max) =   0.7825
     s(5S/5S) =  1.000000  <r> =   1.9599  <r2> =    4.3614  r(max) =   1.6984
     s(5P/5P) =  1.000000  <r> =   2.3876  <r2> =    6.5952  r(max) =   1.9488
     s(5P/5P) =  1.000000  <r> =   2.5160  <r2> =    7.3355  r(max) =   2.0487

     ------------------------ End of All-electron run ------------------------


     --------------------- Generating PAW atomic setup --------------------


      Generating local pot.: lloc=2, j= 1.50, matching radius rcloc =   2.0000

      Generating local pot.: lloc=2, j= 2.50, matching radius rcloc =   2.0000

      Computing core charge for nlcc: 

       r > 1.41 : true rho core
      Core charge pseudized with two Bessel functions
      Integrated core pseudo-charge :  17.13

     Fully relativistic calculation: |psi|^2

     Wfc 5S LC norm =  0.99988249 SC norm =  0.00011330 missing  0.00000422
     Speed at rcutus      0.867 a.u.,  v/c =  0.006329,  (v/c)^2 =  0.00004005

     Wfc 5P LC norm =  0.99992122 SC norm =  0.00007840 missing  0.00000038
     Speed at rcutus      0.987 a.u.,  v/c =  0.007201,  (v/c)^2 =  0.00005185

     Wfc 5P LC norm =  0.99992911 SC norm =  0.00006311 missing  0.00000778
     Speed at rcutus      0.965 a.u.,  v/c =  0.007040,  (v/c)^2 =  0.00004956
      Wfc-us  5S rcutus= 1.877  Estimated cut-off energy=    13.18 Ry
      Wfc-us  5S rcutus= 1.877  Estimated cut-off energy=    13.65 Ry
      Wfc-us  5P rcutus= 1.877  Estimated cut-off energy=    21.02 Ry
      Wfc-us  5P rcutus= 1.877  Estimated cut-off energy=    20.77 Ry
      Wfc-us  5P rcutus= 1.877  Estimated cut-off energy=    22.17 Ry
      Wfc-us  5P rcutus= 1.877  Estimated cut-off energy=    21.72 Ry

      The bmat matrix
     0.62486     0.51850     0.00000     0.00000     0.00000     0.00000
     0.47443     0.39133     0.00000     0.00000     0.00000     0.00000
     0.00000     0.00000    -0.19003     0.00000    -0.11548     0.00000
     0.00000     0.00000     0.00000    -0.13159     0.00000    -0.09108
     0.00000     0.00000    -0.15014     0.00000    -0.08093     0.00000
     0.00000     0.00000     0.00000    -0.11050     0.00000    -0.06852

      The bmat + epsilon qq matrix
     0.89238     0.66970     0.00000     0.00000     0.00000     0.00000
     0.66971     0.50170     0.00000     0.00000     0.00000     0.00000
     0.00000     0.00000    -0.16464     0.00000    -0.12435     0.00000
     0.00000     0.00000     0.00000    -0.11938     0.00000    -0.09659
     0.00000     0.00000    -0.12435     0.00000    -0.08991     0.00000
     0.00000     0.00000     0.00000    -0.09658     0.00000    -0.07473

      The qq matrix
    -0.20716    -0.15121     0.00000     0.00000     0.00000     0.00000
    -0.15121    -0.11037     0.00000     0.00000     0.00000     0.00000
     0.00000     0.00000    -0.04368     0.00000    -0.04438     0.00000
     0.00000     0.00000     0.00000    -0.02414     0.00000    -0.02754
     0.00000     0.00000    -0.04438     0.00000    -0.04488     0.00000
     0.00000     0.00000     0.00000    -0.02754     0.00000    -0.03103


    multipoles (all-electron charge) - (pseudo charge)
        ns l1:ns1 l2    l=0     l=1     l=2     l=3     l=4     l=5  
         1  0:  1  0 -0.2072
         2  0:  1  0 -0.1512
         2  0:  2  0 -0.1104
         3  1:  1  0  0.0000  0.1205
         3  1:  2  0  0.0000  0.0875
         3  1:  3  1 -0.0437  0.0000 -0.0870
         4  1:  1  0  0.0000  0.1029
         4  1:  2  0  0.0000  0.0748
         4  1:  3  1 -0.0336  0.0000 -0.0760
         4  1:  4  1 -0.0241  0.0000 -0.0656
         5  1:  1  0  0.0000  0.1175
         5  1:  2  0  0.0000  0.0853
         5  1:  3  1 -0.0444  0.0000 -0.0836
         5  1:  4  1 -0.0347  0.0000 -0.0732
         5  1:  5  1 -0.0449  0.0000 -0.0803
         6  1:  1  0  0.0000  0.1081
         6  1:  2  0  0.0000  0.0786
         6  1:  3  1 -0.0373  0.0000 -0.0787
         6  1:  4  1 -0.0275  0.0000 -0.0682
         6  1:  5  1 -0.0382  0.0000 -0.0757
         6  1:  6  1 -0.0310  0.0000 -0.0708
     Required augmentation: PSQ   radius:    1.600000

     Q pseudized with Bessel functions
     Expected ecutrho=     106.4902 due to l1=  1   l2=  1

     Estimated PAW energy = -368.233729 Ryd

     The PAW screened D coefficients
     0.89238     0.66970     0.00000     0.00000     0.00000     0.00000
     0.66970     0.50170     0.00000     0.00000     0.00000     0.00000
     0.00000     0.00000    -0.16464     0.00000    -0.12435     0.00000
     0.00000     0.00000     0.00000    -0.11939     0.00000    -0.09658
     0.00000     0.00000    -0.12435     0.00000    -0.08991     0.00000
     0.00000     0.00000     0.00000    -0.09658     0.00000    -0.07472

     The PAW descreened D coefficients (US)
     0.02576     0.01897     0.00000     0.00000     0.00000     0.00000
     0.01897     0.01362     0.00000     0.00000     0.00000     0.00000
     0.00000     0.00000     0.07034     0.00000     0.05520     0.00000
     0.00000     0.00000     0.00000     0.22834     0.00000     0.21840
     0.00000     0.00000     0.05520     0.00000     0.03882     0.00000
     0.00000     0.00000     0.00000     0.21840     0.00000     0.20601

     ------------------- End of pseudopotential generation -------------------

     --------------------------- All-electron run ----------------------------

     I                                                                          
     dirac relativistic calculation

     atomic number is 53.00
     dft = SLA  PZ   NOGX NOGC   lsd =0 sic =0 latt =0  beta=0.20 tr2=1.0E-14
     Exchange-correlation=  SLA  PZ   NOGX NOGC
                           (   1   1   0   0   0   0   0)
     mesh =1247 r(mesh) =  99.95380 a.u. xmin = -7.00 dx = 0.01250
     1 Ry =  13.60569312 eV, c = 137.03599908

     n l j   nl                  e(Ry)          e(Ha)          e(eV)
     Spin orbit split results
     1 0 0.5 1S 1( 2.00)     -2419.8706     -1209.9353    -32924.0164
     2 0 0.5 2S 1( 2.00)      -373.8187      -186.9093     -5086.0619
     2 1 0.5 2P 1( 2.00)      -350.9073      -175.4537     -4774.3376
     2 1 1.5 2P 1( 4.00)      -328.9806      -164.4903     -4476.0098
     3 0 0.5 3S 1( 2.00)       -75.4084       -37.7042     -1025.9833
     3 1 0.5 3P 1( 2.00)       -65.9197       -32.9598      -896.8832
     3 1 1.5 3P 1( 4.00)       -61.7951       -30.8975      -840.7649
     4 0 0.5 4S 1( 2.00)       -13.2206        -6.6103      -179.8750
     4 1 0.5 4P 1( 2.00)        -9.9064        -4.9532      -134.7832
     4 1 1.5 4P 1( 4.00)        -9.0952        -4.5476      -123.7462
     3 2 1.5 3D 1( 4.00)       -45.0140       -22.5070      -612.4461
     3 2 2.5 3D 1( 6.00)       -44.1456       -22.0728      -600.6321
     4 2 1.5 4D 1( 4.00)        -3.7632        -1.8816       -51.2003
     4 2 2.5 4D 1( 6.00)        -3.6365        -1.8182       -49.4765
     5 0 0.5 5S 1( 2.00)        -1.2914        -0.6457       -17.5705
     5 1 0.5 5P 1( 2.00)        -0.5813        -0.2906        -7.9086
     5 1 1.5 5P 1( 3.00)        -0.5057        -0.2528        -6.8802
     Averaged results
     1 0     1S 1( 2.00)     -2419.8706     -1209.9353    -32924.0164
     2 0     2S 1( 2.00)      -373.8187      -186.9093     -5086.0619
     2 1     2P 1( 6.00)      -336.2895      -168.1448     -4575.4524
     3 0     3S 1( 2.00)       -75.4084       -37.7042     -1025.9833
     3 1     3P 1( 6.00)       -63.1700       -31.5850      -859.4710
     4 0     4S 1( 2.00)       -13.2206        -6.6103      -179.8750
     4 1     4P 1( 6.00)        -9.3656        -4.6828      -127.4252
     3 2     3D 1(10.00)       -44.4930       -22.2465      -605.3577
     4 2     4D 1(10.00)        -3.6871        -1.8436       -50.1661
     5 0     5S 1( 2.00)        -1.2914        -0.6457       -17.5705
     5 1     5P 1( 5.00)        -0.5309        -0.2654        -7.2230

     final scf error:  6.2E-15 reached in  35 iterations
 
     Etot =  -14226.497644 Ry,   -7113.248822 Ha, -193561.361161 eV

     Ekin =   15076.160567 Ry,    7538.080284 Ha,  205121.614154 eV
     Encl =  -34587.744027 Ry,  -17293.872014 Ha, -470590.231048 eV
     Eh   =    5636.564011 Ry,    2818.282006 Ha,   76689.360208 eV
     Exc  =    -351.478196 Ry,    -175.739098 Ha,   -4782.104474 eV


     normalization and overlap integrals

     s(1S/1S) =  1.000000  <r> =   0.0272  <r2> =    0.0010  r(max) =   0.0175
     s(1S/2S) = -0.000000
     s(1S/3S) = -0.000000
     s(1S/4S) =  0.000000
     s(1S/5S) =  0.000000
     s(2S/2S) =  1.000000  <r> =   0.1168  <r2> =    0.0162  r(max) =   0.0995
     s(2S/3S) =  0.000000
     s(2S/4S) =  0.000000
     s(2S/5S) =  0.000000
     s(2P/2P) =  1.000000  <r> =   0.0985  <r2> =    0.0119  r(max) =   0.0765
     s(2P/3P) =  0.000000
     s(2P/4P) =  0.000000
     s(2P/5P) =  0.000000
     s(2P/2P) =  1.000000  <r> =   0.1042  <r2> =    0.0132  r(max) =   0.0814
     s(2P/3P) =  0.000000
     s(2P/4P) =  0.000000
     s(2P/5P) =  0.000000
     s(3S/3S) =  1.000000  <r> =   0.3143  <r2> =    0.1130  r(max) =   0.2879
     s(3S/4S) =  0.000000
     s(3S/5S) =  0.000000
     s(3P/3P) =  1.000000  <r> =   0.3043  <r2> =    0.1077  r(max) =   0.2738
     s(3P/4P) =  0.000000
     s(3P/5P) =  0.000000
     s(3P/3P) =  1.000000  <r> =   0.3159  <r2> =    0.1158  r(max) =   0.2843
     s(3P/4P) =  0.000000
     s(3P/5P) =  0.000000
     s(4S/4S) =  1.000000  <r> =   0.7401  <r2> =    0.6195  r(max) =   0.6820
     s(4S/5S) =  0.000000
     s(4P/4P) =  1.000000  <r> =   0.7728  <r2> =    0.6813  r(max) =   0.6992
     s(4P/5P) =  0.000000
     s(4P/4P) =  1.000000  <r> =   0.8015  <r2> =    0.7328  r(max) =   0.7259
     s(4P/5P) = -0.000000
     s(3D/3D) =  1.000000  <r> =   0.2867  <r2> =    0.0974  r(max) =   0.2299
     s(3D/4D) =  0.000000
     s(3D/3D) =  1.000000  <r> =   0.2903  <r2> =    0.0997  r(max) =   0.2327
     s(3D/4D) = -0.000000
     s(4D/4D) =  1.000000  <r> =   0.9158  <r2> =    0.9834  r(max) =   0.7728
     s(4D/4D) =  1.000000  <r> =   0.9276  <r2> =    1.0089  r(max) =   0.7825
     s(5S/5S) =  1.000000  <r> =   1.9599  <r2> =    4.3614  r(max) =   1.6984
     s(5P/5P) =  1.000000  <r> =   2.3876  <r2> =    6.5952  r(max) =   1.9488
     s(5P/5P) =  1.000000  <r> =   2.5160  <r2> =    7.3355  r(max) =   2.0487

     ------------------------ End of All-electron run ------------------------


     ---------------------- Testing the pseudopotential ----------------------

     I                                                                          
     dirac relativistic calculation

     atomic number is 53.00   valence charge is  7.00
     dft = SLA  PZ   NOGX NOGC   lsd =0 sic =0 latt =0  beta=0.20 tr2=1.0E-14
     mesh =1247 r(mesh) =  99.95380 xmin = -7.00 dx = 0.01250

     n l  j  nl             e AE (Ry)       e PS (Ry)    De AE-PS (Ry) 
     1 0 0.5 5S   1( 2.00)       -1.29141       -1.29141        0.00000
     2 1 0.5 5P   1( 2.00)       -0.58127       -0.58127       -0.00000
     2 1 1.5 5P   1( 3.00)       -0.50569       -0.50569        0.00000

     eps = 9.0E-15  iter =  3
 
     Etot =  -14226.497644 Ry,   -7113.248822 Ha, -193561.361161 eV
     Etotps =  -368.233748 Ry,    -184.116874 Ha,   -5010.075374 eV

     Ekin =      47.001874 Ry,      23.500937 Ha,     639.493073 eV
     Encl =     -82.877504 Ry,     -41.438752 Ha,   -1127.605890 eV
     Ehrt =      19.120090 Ry,       9.560045 Ha,     260.142075 eV
     Ecxc =    -351.478208 Ry,    -175.739104 Ha,   -4782.104633 eV
     (Ecc =     -34.848832 Ry,     -17.424416 Ha,    -474.142518 eV)

     ---------------------- End of pseudopotential test ----------------------

