[0] MPI startup(): I_MPI_SHM_LMT environment variable is not supported.
[0] MPI startup(): Similar variables:
	 I_MPI_SHM_HEAP
	 I_MPI_SHM
	 I_MPI_SHM_OPT
	 I_MPI_SHM_THP
[0] MPI startup(): To check the list of supported variables, use the impi_info utility or refer to https://software.intel.com/en-us/mpi-library/documentation/get-started.

     Program LD1 v.7.3.1 starts on 19Sep2024 at 21:47:52 

     This program is part of the open-source Quantum ESPRESSO suite
     for quantum simulation of materials; please cite
         "P. Giannozzi et al., J. Phys.:Condens. Matter 21 395502 (2009);
         "P. Giannozzi et al., J. Phys.:Condens. Matter 29 465901 (2017);
         "P. Giannozzi et al., J. Chem. Phys. 152 154105 (2020);
          URL http://www.quantum-espresso.org", 
     in publications or presentations arising from this work. More details at
     http://www.quantum-espresso.org/quote

     Parallel version (MPI), running on     1 processors

     MPI processes distributed on     1 nodes
     89752 MiB available memory on the printing compute node when the environment starts
 
     Waiting for input...
     Reading input from standard input
     --------------------------- All-electron run ----------------------------

     In                                                                         
     dirac relativistic calculation

     atomic number is 49.00
     dft =LDA   lsd =0 sic =0 latt =0  beta=0.20 tr2=1.0E-14
     Exchange-correlation= LDA
                           (   1   1   0   0   0   0   0)
     mesh =1241 r(mesh) = 100.30140 a.u. xmin = -7.00 dx = 0.01250
     1 Ry =  13.60569312 eV, c = 137.03599908

     n l j   nl                  e(Ry)          e(Ha)          e(eV)
     Spin orbit split results
     1 0 0.5 1S 1( 2.00)     -2036.1629     -1018.0815    -27703.4081
     2 0 0.5 2S 1( 2.00)      -304.8446      -152.4223     -4147.6220
     2 1 0.5 2P 1( 2.00)      -284.4443      -142.2221     -3870.0612
     2 1 1.5 2P 1( 4.00)      -268.9677      -134.4839     -3659.4924
     3 0 0.5 3S 1( 2.00)       -57.8010       -28.9005      -786.4231
     3 1 0.5 3P 1( 2.00)       -49.5572       -24.7786      -674.2598
     3 1 1.5 3P 1( 4.00)       -46.7620       -23.3810      -636.2291
     4 0 0.5 4S 1( 2.00)        -8.7617        -4.3809      -119.2090
     4 1 0.5 4P 1( 2.00)        -6.0624        -3.0312       -82.4825
     4 1 1.5 4P 1( 4.00)        -5.5676        -2.7838       -75.7513
     3 2 1.5 3D 1( 4.00)       -32.1245       -16.0623      -437.0768
     3 2 2.5 3D 1( 6.00)       -31.5512       -15.7756      -429.2761
     4 2 1.5 4D 1( 4.00)        -1.4007        -0.7003       -19.0570
     4 2 2.5 4D 1( 6.00)        -1.3370        -0.6685       -18.1911
     5 0 0.5 5S 1( 2.00)        -0.6149        -0.3075        -8.3662
     5 1 0.5 5P 1( 1.00)        -0.2083        -0.1041        -2.8338
     5 1 1.5 5P 1( 0.00)        -0.1852        -0.0926        -2.5201
     Averaged results
     1 0     1S 1( 2.00)     -2036.1629     -1018.0815    -27703.4081
     2 0     2S 1( 2.00)      -304.8446      -152.4223     -4147.6220
     2 1     2P 1( 6.00)      -274.1266      -137.0633     -3729.6820
     3 0     3S 1( 2.00)       -57.8010       -28.9005      -786.4231
     3 1     3P 1( 6.00)       -47.6937       -23.8469      -648.9060
     4 0     4S 1( 2.00)        -8.7617        -4.3809      -119.2090
     4 1     4P 1( 6.00)        -5.7325        -2.8663       -77.9950
     3 2     3D 1(10.00)       -31.7805       -15.8903      -432.3964
     4 2     4D 1(10.00)        -1.3625        -0.6812       -18.5374
     5 0     5S 1( 2.00)        -0.6149        -0.3075        -8.3662
     5 1     5P 1( 1.00)        -0.1929        -0.0965        -2.6247

     final scf error:  6.4E-15 reached in  29 iterations
 
     Etot =  -11756.058702 Ry,   -5878.029351 Ha, -159949.327038 eV

     Ekin =   12349.959570 Ry,    6174.979785 Ha,  168029.759987 eV
     Encl =  -28540.302887 Ry,  -14270.151444 Ha, -388310.602724 eV
     Eh   =    4743.609040 Ry,    2371.804520 Ha,   64540.088891 eV
     Exc  =    -309.324424 Ry,    -154.662212 Ha,   -4208.573193 eV


     normalization and overlap integrals

     s(1S/1S) =  1.000000  <r> =   0.0297  <r2> =    0.0012  r(max) =   0.0192
     s(1S/2S) = -0.000000
     s(1S/3S) = -0.000000
     s(1S/4S) =  0.000000
     s(1S/5S) =  0.000000
     s(2S/2S) =  1.000000  <r> =   0.1282  <r2> =    0.0194  r(max) =   0.1090
     s(2S/3S) =  0.000000
     s(2S/4S) =  0.000000
     s(2S/5S) =  0.000000
     s(2P/2P) =  1.000000  <r> =   0.1085  <r2> =    0.0145  r(max) =   0.0838
     s(2P/3P) =  0.000000
     s(2P/4P) =  0.000000
     s(2P/5P) =  0.000000
     s(2P/2P) =  1.000000  <r> =   0.1138  <r2> =    0.0158  r(max) =   0.0881
     s(2P/3P) =  0.000000
     s(2P/4P) =  0.000000
     s(2P/5P) =  0.000000
     s(3S/3S) =  1.000000  <r> =   0.3489  <r2> =    0.1394  r(max) =   0.3153
     s(3S/4S) =  0.000000
     s(3S/5S) =  0.000000
     s(3P/3P) =  1.000000  <r> =   0.3398  <r2> =    0.1343  r(max) =   0.3037
     s(3P/4P) =  0.000000
     s(3P/5P) =  0.000000
     s(3P/3P) =  1.000000  <r> =   0.3510  <r2> =    0.1430  r(max) =   0.3114
     s(3P/4P) =  0.000000
     s(3P/5P) =  0.000000
     s(4S/4S) =  1.000000  <r> =   0.8476  <r2> =    0.8144  r(max) =   0.7658
     s(4S/5S) =  0.000000
     s(4P/4P) =  1.000000  <r> =   0.9006  <r2> =    0.9292  r(max) =   0.7951
     s(4P/5P) =  0.000000
     s(4P/4P) =  1.000000  <r> =   0.9317  <r2> =    0.9947  r(max) =   0.8255
     s(4P/5P) = -0.000000
     s(3D/3D) =  1.000000  <r> =   0.3225  <r2> =    0.1237  r(max) =   0.2549
     s(3D/4D) =  0.000000
     s(3D/3D) =  1.000000  <r> =   0.3261  <r2> =    0.1263  r(max) =   0.2581
     s(3D/4D) = -0.000000
     s(4D/4D) =  1.000000  <r> =   1.1756  <r2> =    1.6634  r(max) =   0.9237
     s(4D/4D) =  1.000000  <r> =   1.1931  <r2> =    1.7153  r(max) =   0.9354
     s(5S/5S) =  1.000000  <r> =   2.5997  <r2> =    7.7707  r(max) =   2.1344
     s(5P/5P) =  1.000000  <r> =   3.5678  <r2> =   15.0636  r(max) =   2.7406
     s(5P/5P) =  1.000000  <r> =   3.7506  <r2> =   16.6557  r(max) =   2.8811

     ------------------------ End of All-electron run ------------------------


     --------------------- Generating PAW atomic setup --------------------


      Generating local potential from pseudized AE potential:
      Matching radius rcloc =   1.9000

      Local pseudo, rcloc= 1.884 Estimated cut-off energy=     7.04 Ry

      Computing core charge for nlcc: 

       r > 1.20 : true rho core
      Core charge pseudized with two Bessel functions
      Integrated core pseudo-charge :  12.06

     Fully relativistic calculation: |psi|^2

     Wfc 5S LC norm =  0.99994095 SC norm =  0.00005673 missing  0.00000232
     Speed at rcutus      0.762 a.u.,  v/c =  0.005559,  (v/c)^2 =  0.00003090

     Wfc 5P LC norm =  0.99996996 SC norm =  0.00002988 missing  0.00000016
     Speed at rcutus      0.520 a.u.,  v/c =  0.003792,  (v/c)^2 =  0.00001438

     Wfc 5P LC norm =  0.99997302 SC norm =  0.00002297 missing  0.00000401
     Speed at rcutus      0.503 a.u.,  v/c =  0.003671,  (v/c)^2 =  0.00001348

     Wfc 4D LC norm =  0.99971702 SC norm =  0.00028295 missing  0.00000003
     Speed at rcutus      0.276 a.u.,  v/c =  0.002016,  (v/c)^2 =  0.00000406

     Wfc 4D LC norm =  0.99972406 SC norm =  0.00027561 missing  0.00000033
     Speed at rcutus      0.303 a.u.,  v/c =  0.002210,  (v/c)^2 =  0.00000488
      Wfc-us  5S rcutus= 1.980  Estimated cut-off energy=    10.96 Ry
      Wfc-us  5S rcutus= 1.980  Estimated cut-off energy=    17.25 Ry
      Wfc-us  5P rcutus= 2.480  Estimated cut-off energy=    11.96 Ry
      Wfc-us  5P rcutus= 2.480  Estimated cut-off energy=    11.85 Ry
      Wfc-us  5P rcutus= 2.480  Estimated cut-off energy=    11.22 Ry
      Wfc-us  5P rcutus= 2.480  Estimated cut-off energy=    26.86 Ry
      Wfc-us  4D rcutus= 1.980  Estimated cut-off energy=    30.65 Ry
      Wfc-us  4D rcutus= 1.980  Estimated cut-off energy=    30.59 Ry
      Wfc-us  4D rcutus= 1.980  Estimated cut-off energy=    48.30 Ry
      Wfc-us  4D rcutus= 1.980  Estimated cut-off energy=    46.64 Ry

      The bmat matrix
     0.71296     1.11607     0.00000     0.00000     0.00000     0.00000
     0.00000     0.00000     0.00000     0.00000
     0.94564     1.55005     0.00000     0.00000     0.00000     0.00000
     0.00000     0.00000     0.00000     0.00000
     0.00000     0.00000     0.33658     0.00000     1.46384     0.00000
     0.00000     0.00000     0.00000     0.00000
     0.00000     0.00000     0.00000     0.28084     0.00000     0.41051
     0.00000     0.00000     0.00000     0.00000
     0.00000     0.00000     0.72357     0.00000     4.01436     0.00000
     0.00000     0.00000     0.00000     0.00000
     0.00000     0.00000     0.00000     0.32494     0.00000     0.85293
     0.00000     0.00000     0.00000     0.00000
     0.00000     0.00000     0.00000     0.00000     0.00000     0.00000
    -1.16078     0.00000    -0.93115     0.00000
     0.00000     0.00000     0.00000     0.00000     0.00000     0.00000
     0.00000    -1.14981     0.00000    -0.86634
     0.00000     0.00000     0.00000     0.00000     0.00000     0.00000
    -0.75445     0.00000    -0.81450     0.00000
     0.00000     0.00000     0.00000     0.00000     0.00000     0.00000
     0.00000    -0.69568     0.00000    -0.64415

      The bmat + epsilon qq matrix
     0.72979     0.97360     0.00000     0.00000     0.00000     0.00000
     0.00000     0.00000     0.00000     0.00000
     0.97390     1.33226     0.00000     0.00000     0.00000     0.00000
     0.00000     0.00000     0.00000     0.00000
     0.00000     0.00000     0.34406     0.00000     0.74706     0.00000
     0.00000     0.00000     0.00000     0.00000
     0.00000     0.00000     0.00000     0.28561     0.00000     0.32719
     0.00000     0.00000     0.00000     0.00000
     0.00000     0.00000     0.74726     0.00000     1.60586     0.00000
     0.00000     0.00000     0.00000     0.00000
     0.00000     0.00000     0.00000     0.32739     0.00000     1.04422
     0.00000     0.00000     0.00000     0.00000
     0.00000     0.00000     0.00000     0.00000     0.00000     0.00000
    -1.85235     0.00000    -1.06346     0.00000
     0.00000     0.00000     0.00000     0.00000     0.00000     0.00000
     0.00000    -1.78902     0.00000    -1.00518
     0.00000     0.00000     0.00000     0.00000     0.00000     0.00000
    -1.06332     0.00000    -0.86072     0.00000
     0.00000     0.00000     0.00000     0.00000     0.00000     0.00000
     0.00000    -1.00505     0.00000    -0.70555

      The qq matrix
    -0.02737    -0.04596     0.00000     0.00000     0.00000     0.00000
     0.00000     0.00000     0.00000     0.00000
    -0.04596    -0.07025     0.00000     0.00000     0.00000     0.00000
     0.00000     0.00000     0.00000     0.00000
     0.00000     0.00000    -0.03591     0.00000    -0.11378     0.00000
     0.00000     0.00000     0.00000     0.00000
     0.00000     0.00000     0.00000    -0.02575     0.00000    -0.01323
     0.00000     0.00000     0.00000     0.00000
     0.00000     0.00000    -0.11378     0.00000    -0.38230     0.00000
     0.00000     0.00000     0.00000     0.00000
     0.00000     0.00000     0.00000    -0.01323     0.00000     0.03036
     0.00000     0.00000     0.00000     0.00000
     0.00000     0.00000     0.00000     0.00000     0.00000     0.00000
     0.49374     0.00000     0.22052     0.00000
     0.00000     0.00000     0.00000     0.00000     0.00000     0.00000
     0.00000     0.47809     0.00000     0.23139
     0.00000     0.00000     0.00000     0.00000     0.00000     0.00000
     0.22052     0.00000     0.07703     0.00000
     0.00000     0.00000     0.00000     0.00000     0.00000     0.00000
     0.00000     0.23139     0.00000     0.10233


    multipoles (all-electron charge) - (pseudo charge)
        ns l1:ns1 l2    l=0     l=1     l=2     l=3     l=4     l=5  
         1  0:  1  0 -0.0273
         2  0:  1  0 -0.0459
         2  0:  2  0 -0.0702
         3  1:  1  0  0.0000  0.0677
         3  1:  2  0  0.0000  0.0849
         3  1:  3  1 -0.0359  0.0000 -0.0986
         4  1:  1  0  0.0000  0.0625
         4  1:  2  0  0.0000  0.0787
         4  1:  3  1 -0.0307  0.0000 -0.0897
         4  1:  4  1 -0.0257  0.0000 -0.0810
         5  1:  1  0  0.0000  0.1798
         5  1:  2  0  0.0000  0.2397
         5  1:  3  1 -0.1137  0.0000 -0.1990
         5  1:  4  1 -0.0996  0.0000 -0.1798
         5  1:  5  1 -0.3822  0.0000 -0.5047
         6  1:  1  0  0.0000  0.0045
         6  1:  2  0  0.0000  0.0256
         6  1:  3  1 -0.0145  0.0000 -0.0416
         6  1:  4  1 -0.0132  0.0000 -0.0413
         6  1:  5  1 -0.0996  0.0000 -0.1639
         6  1:  6  1  0.0305  0.0000  0.0244
         7  2:  1  0  0.0000  0.0000  0.1267
         7  2:  2  0  0.0000  0.0000  0.1169
         7  2:  3  1  0.0000 -0.1691  0.0000 -0.2083
         7  2:  4  1  0.0000 -0.1680  0.0000 -0.2104
         7  2:  5  1  0.0000 -0.3129  0.0000 -0.3594
         7  2:  6  1  0.0000 -0.0793  0.0000  0.0277
         7  2:  7  2  0.4940  0.0000  0.4005  0.0000  0.4413
         8  2:  1  0  0.0000  0.0000  0.1272
         8  2:  2  0  0.0000  0.0000  0.1178
         8  2:  3  1  0.0000 -0.1693  0.0000 -0.2103
         8  2:  4  1  0.0000 -0.1682  0.0000 -0.2122
         8  2:  5  1  0.0000 -0.3145  0.0000 -0.3637
         8  2:  6  1  0.0000 -0.0784  0.0000  0.0284
         8  2:  7  2  0.4857  0.0000  0.3953  0.0000  0.4369
         8  2:  8  2  0.4784  0.0000  0.3905  0.0000  0.4330
         9  2:  1  0  0.0000  0.0000  0.1152
         9  2:  2  0  0.0000  0.0000  0.1298
         9  2:  3  1  0.0000 -0.1128  0.0000 -0.1213
         9  2:  4  1  0.0000 -0.1080  0.0000 -0.1171
         9  2:  5  1  0.0000 -0.2533  0.0000 -0.2675
         9  2:  6  1  0.0000 -0.1010  0.0000 -0.0770
         9  2:  7  2  0.2207  0.0000  0.1470  0.0000  0.1301
         9  2:  8  2  0.2153  0.0000  0.1436  0.0000  0.1272
         9  2:  9  2  0.0772  0.0000  0.0319  0.0000  0.0110
        10  2:  1  0  0.0000  0.0000  0.1020
        10  2:  2  0  0.0000  0.0000  0.1111
        10  2:  3  1  0.0000 -0.1059  0.0000 -0.1146
        10  2:  4  1  0.0000 -0.1023  0.0000 -0.1120
        10  2:  5  1  0.0000 -0.2289  0.0000 -0.2421
        10  2:  6  1  0.0000 -0.0868  0.0000 -0.0562
        10  2:  7  2  0.2363  0.0000  0.1684  0.0000  0.1620
        10  2:  8  2  0.2316  0.0000  0.1652  0.0000  0.1593
        10  2:  9  2  0.0903  0.0000  0.0463  0.0000  0.0283
        10  2: 10  2  0.1024  0.0000  0.0601  0.0000  0.0463
     Required augmentation: BESSEL   radius:    1.900000
     Suggested rho cutoff for augmentation:  27.29 Ry

     Estimated PAW energy = -400.893216 Ryd

     The PAW screened D coefficients
     0.72975     0.97386     0.00000     0.00000     0.00000     0.00000
     0.00000     0.00000     0.00000     0.00000
     0.97386     1.33258     0.00000     0.00000     0.00000     0.00000
     0.00000     0.00000     0.00000     0.00000
     0.00000     0.00000     0.34405     0.00000     0.74726     0.00000
     0.00000     0.00000     0.00000     0.00000
     0.00000     0.00000     0.00000     0.28561     0.00000     0.32738
     0.00000     0.00000     0.00000     0.00000
     0.00000     0.00000     0.74726     0.00000     1.60652     0.00000
     0.00000     0.00000     0.00000     0.00000
     0.00000     0.00000     0.00000     0.32738     0.00000     1.04490
     0.00000     0.00000     0.00000     0.00000
     0.00000     0.00000     0.00000     0.00000     0.00000     0.00000
    -1.85274     0.00000    -1.06356     0.00000
     0.00000     0.00000     0.00000     0.00000     0.00000     0.00000
     0.00000    -1.78939     0.00000    -1.00528
     0.00000     0.00000     0.00000     0.00000     0.00000     0.00000
    -1.06356     0.00000    -0.86080     0.00000
     0.00000     0.00000     0.00000     0.00000     0.00000     0.00000
     0.00000    -1.00528     0.00000    -0.70561

     The PAW descreened D coefficients (US)
     0.42917     0.53338     0.00000     0.00000     0.00000     0.00000
     0.00000     0.00000     0.00000     0.00000
     0.53338     0.70946     0.00000     0.00000     0.00000     0.00000
     0.00000     0.00000     0.00000     0.00000
     0.00000     0.00000    -0.03629     0.00000    -0.23502     0.00000
     0.00000     0.00000     0.00000     0.00000
     0.00000     0.00000     0.00000    -0.00736     0.00000     0.17116
     0.00000     0.00000     0.00000     0.00000
     0.00000     0.00000    -0.23502     0.00000    -1.37001     0.00000
     0.00000     0.00000     0.00000     0.00000
     0.00000     0.00000     0.00000     0.17116     0.00000     1.24157
     0.00000     0.00000     0.00000     0.00000
     0.00000     0.00000     0.00000     0.00000     0.00000     0.00000
     1.24773     0.00000     0.23491     0.00000
     0.00000     0.00000     0.00000     0.00000     0.00000     0.00000
     0.00000     1.21491     0.00000     0.38658
     0.00000     0.00000     0.00000     0.00000     0.00000     0.00000
     0.23491     0.00000    -0.47159     0.00000
     0.00000     0.00000     0.00000     0.00000     0.00000     0.00000
     0.00000     0.38658     0.00000    -0.12991

     ------------------- End of pseudopotential generation -------------------

     --------------------------- All-electron run ----------------------------

     In                                                                         
     dirac relativistic calculation

     atomic number is 49.00
     dft = SLA  PZ   NOGX NOGC   lsd =0 sic =0 latt =0  beta=0.20 tr2=1.0E-14
     Exchange-correlation=  SLA  PZ   NOGX NOGC
                           (   1   1   0   0   0   0   0)
     mesh =1241 r(mesh) = 100.30140 a.u. xmin = -7.00 dx = 0.01250
     1 Ry =  13.60569312 eV, c = 137.03599908

     n l j   nl                  e(Ry)          e(Ha)          e(eV)
     Spin orbit split results
     1 0 0.5 1S 1( 2.00)     -2036.1629     -1018.0815    -27703.4081
     2 0 0.5 2S 1( 2.00)      -304.8446      -152.4223     -4147.6220
     2 1 0.5 2P 1( 2.00)      -284.4443      -142.2221     -3870.0612
     2 1 1.5 2P 1( 4.00)      -268.9677      -134.4839     -3659.4924
     3 0 0.5 3S 1( 2.00)       -57.8010       -28.9005      -786.4231
     3 1 0.5 3P 1( 2.00)       -49.5572       -24.7786      -674.2598
     3 1 1.5 3P 1( 4.00)       -46.7620       -23.3810      -636.2291
     4 0 0.5 4S 1( 2.00)        -8.7617        -4.3809      -119.2090
     4 1 0.5 4P 1( 2.00)        -6.0624        -3.0312       -82.4825
     4 1 1.5 4P 1( 4.00)        -5.5676        -2.7838       -75.7513
     3 2 1.5 3D 1( 4.00)       -32.1245       -16.0623      -437.0768
     3 2 2.5 3D 1( 6.00)       -31.5512       -15.7756      -429.2761
     4 2 1.5 4D 1( 4.00)        -1.4007        -0.7003       -19.0570
     4 2 2.5 4D 1( 6.00)        -1.3370        -0.6685       -18.1911
     5 0 0.5 5S 1( 2.00)        -0.6149        -0.3075        -8.3662
     5 1 0.5 5P 1( 1.00)        -0.2083        -0.1041        -2.8338
     5 1 1.5 5P 1( 0.00)        -0.1852        -0.0926        -2.5201
     Averaged results
     1 0     1S 1( 2.00)     -2036.1629     -1018.0815    -27703.4081
     2 0     2S 1( 2.00)      -304.8446      -152.4223     -4147.6220
     2 1     2P 1( 6.00)      -274.1266      -137.0633     -3729.6820
     3 0     3S 1( 2.00)       -57.8010       -28.9005      -786.4231
     3 1     3P 1( 6.00)       -47.6937       -23.8469      -648.9060
     4 0     4S 1( 2.00)        -8.7617        -4.3809      -119.2090
     4 1     4P 1( 6.00)        -5.7325        -2.8663       -77.9950
     3 2     3D 1(10.00)       -31.7805       -15.8903      -432.3964
     4 2     4D 1(10.00)        -1.3625        -0.6812       -18.5374
     5 0     5S 1( 2.00)        -0.6149        -0.3075        -8.3662
     5 1     5P 1( 1.00)        -0.1929        -0.0965        -2.6247

     final scf error:  6.4E-15 reached in  29 iterations
 
     Etot =  -11756.058702 Ry,   -5878.029351 Ha, -159949.327038 eV

     Ekin =   12349.959570 Ry,    6174.979785 Ha,  168029.759987 eV
     Encl =  -28540.302887 Ry,  -14270.151444 Ha, -388310.602724 eV
     Eh   =    4743.609040 Ry,    2371.804520 Ha,   64540.088891 eV
     Exc  =    -309.324424 Ry,    -154.662212 Ha,   -4208.573193 eV


     normalization and overlap integrals

     s(1S/1S) =  1.000000  <r> =   0.0297  <r2> =    0.0012  r(max) =   0.0192
     s(1S/2S) = -0.000000
     s(1S/3S) = -0.000000
     s(1S/4S) =  0.000000
     s(1S/5S) =  0.000000
     s(2S/2S) =  1.000000  <r> =   0.1282  <r2> =    0.0194  r(max) =   0.1090
     s(2S/3S) =  0.000000
     s(2S/4S) =  0.000000
     s(2S/5S) =  0.000000
     s(2P/2P) =  1.000000  <r> =   0.1085  <r2> =    0.0145  r(max) =   0.0838
     s(2P/3P) =  0.000000
     s(2P/4P) =  0.000000
     s(2P/5P) =  0.000000
     s(2P/2P) =  1.000000  <r> =   0.1138  <r2> =    0.0158  r(max) =   0.0881
     s(2P/3P) =  0.000000
     s(2P/4P) =  0.000000
     s(2P/5P) =  0.000000
     s(3S/3S) =  1.000000  <r> =   0.3489  <r2> =    0.1394  r(max) =   0.3153
     s(3S/4S) =  0.000000
     s(3S/5S) =  0.000000
     s(3P/3P) =  1.000000  <r> =   0.3398  <r2> =    0.1343  r(max) =   0.3037
     s(3P/4P) =  0.000000
     s(3P/5P) =  0.000000
     s(3P/3P) =  1.000000  <r> =   0.3510  <r2> =    0.1430  r(max) =   0.3114
     s(3P/4P) =  0.000000
     s(3P/5P) =  0.000000
     s(4S/4S) =  1.000000  <r> =   0.8476  <r2> =    0.8144  r(max) =   0.7658
     s(4S/5S) =  0.000000
     s(4P/4P) =  1.000000  <r> =   0.9006  <r2> =    0.9292  r(max) =   0.7951
     s(4P/5P) =  0.000000
     s(4P/4P) =  1.000000  <r> =   0.9317  <r2> =    0.9947  r(max) =   0.8255
     s(4P/5P) = -0.000000
     s(3D/3D) =  1.000000  <r> =   0.3225  <r2> =    0.1237  r(max) =   0.2549
     s(3D/4D) =  0.000000
     s(3D/3D) =  1.000000  <r> =   0.3261  <r2> =    0.1263  r(max) =   0.2581
     s(3D/4D) = -0.000000
     s(4D/4D) =  1.000000  <r> =   1.1756  <r2> =    1.6634  r(max) =   0.9237
     s(4D/4D) =  1.000000  <r> =   1.1931  <r2> =    1.7153  r(max) =   0.9354
     s(5S/5S) =  1.000000  <r> =   2.5997  <r2> =    7.7707  r(max) =   2.1344
     s(5P/5P) =  1.000000  <r> =   3.5678  <r2> =   15.0636  r(max) =   2.7406
     s(5P/5P) =  1.000000  <r> =   3.7506  <r2> =   16.6557  r(max) =   2.8811

     ------------------------ End of All-electron run ------------------------


     ---------------------- Testing the pseudopotential ----------------------

     In                                                                         
     dirac relativistic calculation

     atomic number is 49.00   valence charge is 13.00
     dft = SLA  PZ   NOGX NOGC   lsd =0 sic =0 latt =0  beta=0.20 tr2=1.0E-14
     mesh =1241 r(mesh) = 100.30140 xmin = -7.00 dx = 0.01250

     n l  j  nl             e AE (Ry)       e PS (Ry)    De AE-PS (Ry) 
     1 0 0.5 5S   1( 2.00)       -0.61491       -0.61491        0.00000
     2 1 0.5 5P   1( 1.00)       -0.20828       -0.20828       -0.00000
     2 1 1.5 5P   1( 0.00)       -0.18522       -0.18523        0.00000
     3 2 1.5 4D   1( 4.00)       -1.40066       -1.40066        0.00000
     3 2 2.5 4D   1( 6.00)       -1.33702       -1.33702        0.00000

     eps = 5.8E-15  iter =  3
 
     Etot =  -11756.058702 Ry,   -5878.029351 Ha, -159949.327038 eV
     Etotps =  -400.893228 Ry,    -200.446614 Ha,   -5454.430238 eV

     Ekin =     222.233929 Ry,     111.116964 Ha,    3023.646638 eV
     Encl =    -417.205811 Ry,    -208.602905 Ha,   -5676.374233 eV
     Ehrt =     103.403080 Ry,      51.701540 Ha,    1406.870571 eV
     Ecxc =    -309.324426 Ry,    -154.662213 Ha,   -4208.573213 eV
     (Ecc =     -23.737406 Ry,     -11.868703 Ha,    -322.963859 eV)

     ---------------------- End of pseudopotential test ----------------------

