[0] MPI startup(): I_MPI_SHM_LMT environment variable is not supported.
[0] MPI startup(): Similar variables:
	 I_MPI_SHM_HEAP
	 I_MPI_SHM
	 I_MPI_SHM_OPT
	 I_MPI_SHM_THP
[0] MPI startup(): To check the list of supported variables, use the impi_info utility or refer to https://software.intel.com/en-us/mpi-library/documentation/get-started.

     Program LD1 v.7.3.1 starts on 19Sep2024 at 21:47:52 

     This program is part of the open-source Quantum ESPRESSO suite
     for quantum simulation of materials; please cite
         "P. Giannozzi et al., J. Phys.:Condens. Matter 21 395502 (2009);
         "P. Giannozzi et al., J. Phys.:Condens. Matter 29 465901 (2017);
         "P. Giannozzi et al., J. Chem. Phys. 152 154105 (2020);
          URL http://www.quantum-espresso.org", 
     in publications or presentations arising from this work. More details at
     http://www.quantum-espresso.org/quote

     Parallel version (MPI), running on     1 processors

     MPI processes distributed on     1 nodes
     89743 MiB available memory on the printing compute node when the environment starts
 
     Waiting for input...
     Reading input from standard input
     --------------------------- All-electron run ----------------------------

     In                                                                         
     dirac relativistic calculation

     atomic number is 49.00
     dft =LDA   lsd =0 sic =0 latt =0  beta=0.20 tr2=1.0E-14
     Exchange-correlation= LDA
                           (   1   1   0   0   0   0   0)
     mesh =1241 r(mesh) = 100.30140 a.u. xmin = -7.00 dx = 0.01250
     1 Ry =  13.60569312 eV, c = 137.03599908

     n l j   nl                  e(Ry)          e(Ha)          e(eV)
     Spin orbit split results
     1 0 0.5 1S 1( 2.00)     -2036.1629     -1018.0815    -27703.4081
     2 0 0.5 2S 1( 2.00)      -304.8446      -152.4223     -4147.6220
     2 1 0.5 2P 1( 2.00)      -284.4443      -142.2221     -3870.0612
     2 1 1.5 2P 1( 4.00)      -268.9677      -134.4839     -3659.4924
     3 0 0.5 3S 1( 2.00)       -57.8010       -28.9005      -786.4231
     3 1 0.5 3P 1( 2.00)       -49.5572       -24.7786      -674.2598
     3 1 1.5 3P 1( 4.00)       -46.7620       -23.3810      -636.2291
     4 0 0.5 4S 1( 2.00)        -8.7617        -4.3809      -119.2090
     4 1 0.5 4P 1( 2.00)        -6.0624        -3.0312       -82.4825
     4 1 1.5 4P 1( 4.00)        -5.5676        -2.7838       -75.7513
     3 2 1.5 3D 1( 4.00)       -32.1245       -16.0623      -437.0768
     3 2 2.5 3D 1( 6.00)       -31.5512       -15.7756      -429.2761
     4 2 1.5 4D 1( 4.00)        -1.4007        -0.7003       -19.0570
     4 2 2.5 4D 1( 6.00)        -1.3370        -0.6685       -18.1911
     5 0 0.5 5S 1( 2.00)        -0.6149        -0.3075        -8.3662
     5 1 0.5 5P 1( 1.00)        -0.2083        -0.1041        -2.8338
     5 1 1.5 5P 1( 0.00)        -0.1852        -0.0926        -2.5201
     Averaged results
     1 0     1S 1( 2.00)     -2036.1629     -1018.0815    -27703.4081
     2 0     2S 1( 2.00)      -304.8446      -152.4223     -4147.6220
     2 1     2P 1( 6.00)      -274.1266      -137.0633     -3729.6820
     3 0     3S 1( 2.00)       -57.8010       -28.9005      -786.4231
     3 1     3P 1( 6.00)       -47.6937       -23.8469      -648.9060
     4 0     4S 1( 2.00)        -8.7617        -4.3809      -119.2090
     4 1     4P 1( 6.00)        -5.7325        -2.8663       -77.9950
     3 2     3D 1(10.00)       -31.7805       -15.8903      -432.3964
     4 2     4D 1(10.00)        -1.3625        -0.6812       -18.5374
     5 0     5S 1( 2.00)        -0.6149        -0.3075        -8.3662
     5 1     5P 1( 1.00)        -0.1929        -0.0965        -2.6247

     final scf error:  6.4E-15 reached in  29 iterations
 
     Etot =  -11756.058702 Ry,   -5878.029351 Ha, -159949.327038 eV

     Ekin =   12349.959570 Ry,    6174.979785 Ha,  168029.759987 eV
     Encl =  -28540.302887 Ry,  -14270.151444 Ha, -388310.602724 eV
     Eh   =    4743.609040 Ry,    2371.804520 Ha,   64540.088891 eV
     Exc  =    -309.324424 Ry,    -154.662212 Ha,   -4208.573193 eV


     normalization and overlap integrals

     s(1S/1S) =  1.000000  <r> =   0.0297  <r2> =    0.0012  r(max) =   0.0192
     s(1S/2S) = -0.000000
     s(1S/3S) = -0.000000
     s(1S/4S) =  0.000000
     s(1S/5S) =  0.000000
     s(2S/2S) =  1.000000  <r> =   0.1282  <r2> =    0.0194  r(max) =   0.1090
     s(2S/3S) =  0.000000
     s(2S/4S) =  0.000000
     s(2S/5S) =  0.000000
     s(2P/2P) =  1.000000  <r> =   0.1085  <r2> =    0.0145  r(max) =   0.0838
     s(2P/3P) =  0.000000
     s(2P/4P) =  0.000000
     s(2P/5P) =  0.000000
     s(2P/2P) =  1.000000  <r> =   0.1138  <r2> =    0.0158  r(max) =   0.0881
     s(2P/3P) =  0.000000
     s(2P/4P) =  0.000000
     s(2P/5P) =  0.000000
     s(3S/3S) =  1.000000  <r> =   0.3489  <r2> =    0.1394  r(max) =   0.3153
     s(3S/4S) =  0.000000
     s(3S/5S) =  0.000000
     s(3P/3P) =  1.000000  <r> =   0.3398  <r2> =    0.1343  r(max) =   0.3037
     s(3P/4P) =  0.000000
     s(3P/5P) =  0.000000
     s(3P/3P) =  1.000000  <r> =   0.3510  <r2> =    0.1430  r(max) =   0.3114
     s(3P/4P) =  0.000000
     s(3P/5P) =  0.000000
     s(4S/4S) =  1.000000  <r> =   0.8476  <r2> =    0.8144  r(max) =   0.7658
     s(4S/5S) =  0.000000
     s(4P/4P) =  1.000000  <r> =   0.9006  <r2> =    0.9292  r(max) =   0.7951
     s(4P/5P) =  0.000000
     s(4P/4P) =  1.000000  <r> =   0.9317  <r2> =    0.9947  r(max) =   0.8255
     s(4P/5P) = -0.000000
     s(3D/3D) =  1.000000  <r> =   0.3225  <r2> =    0.1237  r(max) =   0.2549
     s(3D/4D) =  0.000000
     s(3D/3D) =  1.000000  <r> =   0.3261  <r2> =    0.1263  r(max) =   0.2581
     s(3D/4D) = -0.000000
     s(4D/4D) =  1.000000  <r> =   1.1756  <r2> =    1.6634  r(max) =   0.9237
     s(4D/4D) =  1.000000  <r> =   1.1931  <r2> =    1.7153  r(max) =   0.9354
     s(5S/5S) =  1.000000  <r> =   2.5997  <r2> =    7.7707  r(max) =   2.1344
     s(5P/5P) =  1.000000  <r> =   3.5678  <r2> =   15.0636  r(max) =   2.7406
     s(5P/5P) =  1.000000  <r> =   3.7506  <r2> =   16.6557  r(max) =   2.8811

     ------------------------ End of All-electron run ------------------------


     --------------------- Generating US pseudopotential ---------------------


      Generating local potential from pseudized AE potential:
      Matching radius rcloc =   1.9000

      Local pseudo, rcloc= 1.884 Estimated cut-off energy=     7.04 Ry

      Computing core charge for nlcc: 

       r > 1.20 : true rho core
      Core charge pseudized with two Bessel functions
      Integrated core pseudo-charge :  12.06

     Fully relativistic calculation: |psi|^2

     Wfc 5S LC norm =  0.99994095 SC norm =  0.00005673 missing  0.00000232

     Wfc 5P LC norm =  0.99996996 SC norm =  0.00002988 missing  0.00000016

     Wfc 5P LC norm =  0.99997302 SC norm =  0.00002297 missing  0.00000401

     Wfc 4D LC norm =  0.99971702 SC norm =  0.00028295 missing  0.00000003

     Wfc 4D LC norm =  0.99972406 SC norm =  0.00027561 missing  0.00000033
      Wfc-us  5S rcutus= 1.980  Estimated cut-off energy=    10.96 Ry
      Wfc-us  5S rcutus= 1.980  Estimated cut-off energy=    17.25 Ry
      Wfc-us  5P rcutus= 2.480  Estimated cut-off energy=    11.96 Ry
      Wfc-us  5P rcutus= 2.480  Estimated cut-off energy=    11.85 Ry
      Wfc-us  5P rcutus= 2.480  Estimated cut-off energy=    11.22 Ry
      Wfc-us  5P rcutus= 2.480  Estimated cut-off energy=    26.86 Ry
      Wfc-us  4D rcutus= 1.980  Estimated cut-off energy=    30.65 Ry
      Wfc-us  4D rcutus= 1.980  Estimated cut-off energy=    30.59 Ry
      Wfc-us  4D rcutus= 1.980  Estimated cut-off energy=    48.30 Ry
      Wfc-us  4D rcutus= 1.980  Estimated cut-off energy=    46.64 Ry

      The bmat matrix
     0.71296     1.11607     0.00000     0.00000     0.00000     0.00000
     0.00000     0.00000     0.00000     0.00000
     0.94564     1.55005     0.00000     0.00000     0.00000     0.00000
     0.00000     0.00000     0.00000     0.00000
     0.00000     0.00000     0.33658     0.00000     1.46384     0.00000
     0.00000     0.00000     0.00000     0.00000
     0.00000     0.00000     0.00000     0.28084     0.00000     0.41051
     0.00000     0.00000     0.00000     0.00000
     0.00000     0.00000     0.72357     0.00000     4.01436     0.00000
     0.00000     0.00000     0.00000     0.00000
     0.00000     0.00000     0.00000     0.32494     0.00000     0.85293
     0.00000     0.00000     0.00000     0.00000
     0.00000     0.00000     0.00000     0.00000     0.00000     0.00000
    -1.16078     0.00000    -0.93115     0.00000
     0.00000     0.00000     0.00000     0.00000     0.00000     0.00000
     0.00000    -1.14981     0.00000    -0.86634
     0.00000     0.00000     0.00000     0.00000     0.00000     0.00000
    -0.75445     0.00000    -0.81450     0.00000
     0.00000     0.00000     0.00000     0.00000     0.00000     0.00000
     0.00000    -0.69568     0.00000    -0.64415

      The bmat + epsilon qq matrix
     0.72975     0.97381     0.00000     0.00000     0.00000     0.00000
     0.00000     0.00000     0.00000     0.00000
     0.97386     1.33256     0.00000     0.00000     0.00000     0.00000
     0.00000     0.00000     0.00000     0.00000
     0.00000     0.00000     0.34405     0.00000     0.74730     0.00000
     0.00000     0.00000     0.00000     0.00000
     0.00000     0.00000     0.00000     0.28561     0.00000     0.32744
     0.00000     0.00000     0.00000     0.00000
     0.00000     0.00000     0.74726     0.00000     1.60649     0.00000
     0.00000     0.00000     0.00000     0.00000
     0.00000     0.00000     0.00000     0.32738     0.00000     1.04485
     0.00000     0.00000     0.00000     0.00000
     0.00000     0.00000     0.00000     0.00000     0.00000     0.00000
    -1.85274     0.00000    -1.06357     0.00000
     0.00000     0.00000     0.00000     0.00000     0.00000     0.00000
     0.00000    -1.78939     0.00000    -1.00528
     0.00000     0.00000     0.00000     0.00000     0.00000     0.00000
    -1.06356     0.00000    -0.86079     0.00000
     0.00000     0.00000     0.00000     0.00000     0.00000     0.00000
     0.00000    -1.00528     0.00000    -0.70561

      The qq matrix
    -0.02732    -0.04589     0.00000     0.00000     0.00000     0.00000
     0.00000     0.00000     0.00000     0.00000
    -0.04589    -0.07016     0.00000     0.00000     0.00000     0.00000
     0.00000     0.00000     0.00000     0.00000
     0.00000     0.00000    -0.03588     0.00000    -0.11374     0.00000
     0.00000     0.00000     0.00000     0.00000
     0.00000     0.00000     0.00000    -0.02573     0.00000    -0.01319
     0.00000     0.00000     0.00000     0.00000
     0.00000     0.00000    -0.11374     0.00000    -0.38220     0.00000
     0.00000     0.00000     0.00000     0.00000
     0.00000     0.00000     0.00000    -0.01319     0.00000     0.03046
     0.00000     0.00000     0.00000     0.00000
     0.00000     0.00000     0.00000     0.00000     0.00000     0.00000
     0.49402     0.00000     0.22069     0.00000
     0.00000     0.00000     0.00000     0.00000     0.00000     0.00000
     0.00000     0.47837     0.00000     0.23155
     0.00000     0.00000     0.00000     0.00000     0.00000     0.00000
     0.22069     0.00000     0.07714     0.00000
     0.00000     0.00000     0.00000     0.00000     0.00000     0.00000
     0.00000     0.23155     0.00000     0.10243

     Q pseudized with Bessel functions
     Expected ecutrho=     130.7943 due to l1=  2   l2=  2

      The ddd matrix
     0.76104     0.72790     0.00000     0.00000     0.00000     0.00000
     0.00000     0.00000     0.00000     0.00000
     0.72790     1.46862     0.00000     0.00000     0.00000     0.00000
     0.00000     0.00000     0.00000     0.00000
     0.00000     0.00000     0.28091     0.00000     0.24068     0.00000
     0.00000     0.00000     0.00000     0.00000
     0.00000     0.00000     0.00000     0.28297     0.00000     0.21653
     0.00000     0.00000     0.00000     0.00000
     0.00000     0.00000     0.24068     0.00000    -0.74286     0.00000
     0.00000     0.00000     0.00000     0.00000
     0.00000     0.00000     0.00000     0.21653     0.00000     0.68730
     0.00000     0.00000     0.00000     0.00000
     0.00000     0.00000     0.00000     0.00000     0.00000     0.00000
     2.56206     0.00000     1.00454     0.00000
     0.00000     0.00000     0.00000     0.00000     0.00000     0.00000
     0.00000     2.51994     0.00000     1.11555
     0.00000     0.00000     0.00000     0.00000     0.00000     0.00000
     1.00454     0.00000    -0.18576     0.00000
     0.00000     0.00000     0.00000     0.00000     0.00000     0.00000
     0.00000     1.11555     0.00000     0.19056

     ------------------- End of pseudopotential generation -------------------

     --------------------------- All-electron run ----------------------------

     In                                                                         
     dirac relativistic calculation

     atomic number is 49.00
     dft =LDA   lsd =0 sic =0 latt =0  beta=0.20 tr2=1.0E-14
     Exchange-correlation= LDA
                           (   1   1   0   0   0   0   0)
     mesh =1241 r(mesh) = 100.30140 a.u. xmin = -7.00 dx = 0.01250
     1 Ry =  13.60569312 eV, c = 137.03599908

     n l j   nl                  e(Ry)          e(Ha)          e(eV)
     Spin orbit split results
     1 0 0.5 1S 1( 2.00)     -2036.1629     -1018.0815    -27703.4081
     2 0 0.5 2S 1( 2.00)      -304.8446      -152.4223     -4147.6220
     2 1 0.5 2P 1( 2.00)      -284.4443      -142.2221     -3870.0612
     2 1 1.5 2P 1( 4.00)      -268.9677      -134.4839     -3659.4924
     3 0 0.5 3S 1( 2.00)       -57.8010       -28.9005      -786.4231
     3 1 0.5 3P 1( 2.00)       -49.5572       -24.7786      -674.2598
     3 1 1.5 3P 1( 4.00)       -46.7620       -23.3810      -636.2291
     4 0 0.5 4S 1( 2.00)        -8.7617        -4.3809      -119.2090
     4 1 0.5 4P 1( 2.00)        -6.0624        -3.0312       -82.4825
     4 1 1.5 4P 1( 4.00)        -5.5676        -2.7838       -75.7513
     3 2 1.5 3D 1( 4.00)       -32.1245       -16.0623      -437.0768
     3 2 2.5 3D 1( 6.00)       -31.5512       -15.7756      -429.2761
     4 2 1.5 4D 1( 4.00)        -1.4007        -0.7003       -19.0570
     4 2 2.5 4D 1( 6.00)        -1.3370        -0.6685       -18.1911
     5 0 0.5 5S 1( 2.00)        -0.6149        -0.3075        -8.3662
     5 1 0.5 5P 1( 1.00)        -0.2083        -0.1041        -2.8338
     5 1 1.5 5P 1( 0.00)        -0.1852        -0.0926        -2.5201
     Averaged results
     1 0     1S 1( 2.00)     -2036.1629     -1018.0815    -27703.4081
     2 0     2S 1( 2.00)      -304.8446      -152.4223     -4147.6220
     2 1     2P 1( 6.00)      -274.1266      -137.0633     -3729.6820
     3 0     3S 1( 2.00)       -57.8010       -28.9005      -786.4231
     3 1     3P 1( 6.00)       -47.6937       -23.8469      -648.9060
     4 0     4S 1( 2.00)        -8.7617        -4.3809      -119.2090
     4 1     4P 1( 6.00)        -5.7325        -2.8663       -77.9950
     3 2     3D 1(10.00)       -31.7805       -15.8903      -432.3964
     4 2     4D 1(10.00)        -1.3625        -0.6812       -18.5374
     5 0     5S 1( 2.00)        -0.6149        -0.3075        -8.3662
     5 1     5P 1( 1.00)        -0.1929        -0.0965        -2.6247

     final scf error:  6.4E-15 reached in  29 iterations
 
     Etot =  -11756.058702 Ry,   -5878.029351 Ha, -159949.327038 eV

     Ekin =   12349.959570 Ry,    6174.979785 Ha,  168029.759987 eV
     Encl =  -28540.302887 Ry,  -14270.151444 Ha, -388310.602724 eV
     Eh   =    4743.609040 Ry,    2371.804520 Ha,   64540.088891 eV
     Exc  =    -309.324424 Ry,    -154.662212 Ha,   -4208.573193 eV


     normalization and overlap integrals

     s(1S/1S) =  1.000000  <r> =   0.0297  <r2> =    0.0012  r(max) =   0.0192
     s(1S/2S) = -0.000000
     s(1S/3S) = -0.000000
     s(1S/4S) =  0.000000
     s(1S/5S) =  0.000000
     s(2S/2S) =  1.000000  <r> =   0.1282  <r2> =    0.0194  r(max) =   0.1090
     s(2S/3S) =  0.000000
     s(2S/4S) =  0.000000
     s(2S/5S) =  0.000000
     s(2P/2P) =  1.000000  <r> =   0.1085  <r2> =    0.0145  r(max) =   0.0838
     s(2P/3P) =  0.000000
     s(2P/4P) =  0.000000
     s(2P/5P) =  0.000000
     s(2P/2P) =  1.000000  <r> =   0.1138  <r2> =    0.0158  r(max) =   0.0881
     s(2P/3P) =  0.000000
     s(2P/4P) =  0.000000
     s(2P/5P) =  0.000000
     s(3S/3S) =  1.000000  <r> =   0.3489  <r2> =    0.1394  r(max) =   0.3153
     s(3S/4S) =  0.000000
     s(3S/5S) =  0.000000
     s(3P/3P) =  1.000000  <r> =   0.3398  <r2> =    0.1343  r(max) =   0.3037
     s(3P/4P) =  0.000000
     s(3P/5P) =  0.000000
     s(3P/3P) =  1.000000  <r> =   0.3510  <r2> =    0.1430  r(max) =   0.3114
     s(3P/4P) =  0.000000
     s(3P/5P) =  0.000000
     s(4S/4S) =  1.000000  <r> =   0.8476  <r2> =    0.8144  r(max) =   0.7658
     s(4S/5S) =  0.000000
     s(4P/4P) =  1.000000  <r> =   0.9006  <r2> =    0.9292  r(max) =   0.7951
     s(4P/5P) =  0.000000
     s(4P/4P) =  1.000000  <r> =   0.9317  <r2> =    0.9947  r(max) =   0.8255
     s(4P/5P) = -0.000000
     s(3D/3D) =  1.000000  <r> =   0.3225  <r2> =    0.1237  r(max) =   0.2549
     s(3D/4D) =  0.000000
     s(3D/3D) =  1.000000  <r> =   0.3261  <r2> =    0.1263  r(max) =   0.2581
     s(3D/4D) = -0.000000
     s(4D/4D) =  1.000000  <r> =   1.1756  <r2> =    1.6634  r(max) =   0.9237
     s(4D/4D) =  1.000000  <r> =   1.1931  <r2> =    1.7153  r(max) =   0.9354
     s(5S/5S) =  1.000000  <r> =   2.5997  <r2> =    7.7707  r(max) =   2.1344
     s(5P/5P) =  1.000000  <r> =   3.5678  <r2> =   15.0636  r(max) =   2.7406
     s(5P/5P) =  1.000000  <r> =   3.7506  <r2> =   16.6557  r(max) =   2.8811

     ------------------------ End of All-electron run ------------------------


     ---------------------- Testing the pseudopotential ----------------------

     In                                                                         
     dirac relativistic calculation

     atomic number is 49.00   valence charge is 13.00
     dft =LDA   lsd =0 sic =0 latt =0  beta=0.20 tr2=1.0E-14
     mesh =1241 r(mesh) = 100.30140 xmin = -7.00 dx = 0.01250

     n l  j  nl             e AE (Ry)       e PS (Ry)    De AE-PS (Ry) 
     1 0 0.5 5S   1( 2.00)       -0.61491       -0.61491        0.00000
     2 1 0.5 5P   1( 1.00)       -0.20828       -0.20828       -0.00000
     2 1 1.5 5P   1( 0.00)       -0.18522       -0.18523        0.00000
     3 2 1.5 4D   1( 4.00)       -1.40066       -1.40066        0.00000
     3 2 2.5 4D   1( 6.00)       -1.33702       -1.33702        0.00000

     eps = 3.4E-15  iter =  3
 
     Etot =  -11756.058702 Ry,   -5878.029351 Ha, -159949.327038 eV
     Etotps =  -144.163213 Ry,     -72.081607 Ha,   -1961.440437 eV

     Ekin =      28.079899 Ry,      14.039949 Ha,     382.046487 eV
     Encl =    -260.485752 Ry,    -130.242876 Ha,   -3544.089203 eV
     Ehrt =     107.662154 Ry,      53.831077 Ha,    1464.818230 eV
     Ecxc =     -46.590425 Ry,     -23.295213 Ha,    -633.895026 eV
     (Ecc =     -23.737406 Ry,     -11.868703 Ha,    -322.963859 eV)
     Epseu=      27.170911 Ry,      13.585455 Ha,     369.679075 eV

     ---------------------- End of pseudopotential test ----------------------

