[0] MPI startup(): I_MPI_SHM_LMT environment variable is not supported.
[0] MPI startup(): Similar variables:
	 I_MPI_SHM_HEAP
	 I_MPI_SHM
	 I_MPI_SHM_OPT
	 I_MPI_SHM_THP
[0] MPI startup(): To check the list of supported variables, use the impi_info utility or refer to https://software.intel.com/en-us/mpi-library/documentation/get-started.

     Program LD1 v.7.3.1 starts on 19Sep2024 at 21:47:55 

     This program is part of the open-source Quantum ESPRESSO suite
     for quantum simulation of materials; please cite
         "P. Giannozzi et al., J. Phys.:Condens. Matter 21 395502 (2009);
         "P. Giannozzi et al., J. Phys.:Condens. Matter 29 465901 (2017);
         "P. Giannozzi et al., J. Chem. Phys. 152 154105 (2020);
          URL http://www.quantum-espresso.org", 
     in publications or presentations arising from this work. More details at
     http://www.quantum-espresso.org/quote

     Parallel version (MPI), running on     1 processors

     MPI processes distributed on     1 nodes
     89734 MiB available memory on the printing compute node when the environment starts
 
     Waiting for input...
     Reading input from standard input
     --------------------------- All-electron run ----------------------------

     Ir                                                                         
     dirac relativistic calculation

     atomic number is 77.00
     dft =LDA   lsd =0 sic =0 latt =0  beta=0.20 tr2=1.0E-14
     Exchange-correlation= LDA
                           (   1   1   0   0   0   0   0)
     mesh =1277 r(mesh) = 100.10249 a.u. xmin = -7.00 dx = 0.01250
     1 Ry =  13.60569312 eV, c = 137.03599908

     n l j   nl                  e(Ry)          e(Ha)          e(eV)
     Spin orbit split results
     1 0 0.5 1S 1( 2.00)     -5582.8640     -2791.4320    -75958.7349
     2 0 0.5 2S 1( 2.00)      -975.9749      -487.9874    -13278.8145
     2 1 0.5 2P 1( 2.00)      -935.1147      -467.5573    -12722.8836
     2 1 1.5 2P 1( 4.00)      -815.6027      -407.8013    -11096.8395
     3 0 0.5 3S 1( 2.00)      -228.2053      -114.1026     -3104.8908
     3 1 0.5 3P 1( 2.00)      -209.8769      -104.9384     -2855.5205
     3 1 1.5 3P 1( 4.00)      -183.7148       -91.8574     -2499.5666
     4 0 0.5 4S 1( 2.00)       -48.6130       -24.3065      -661.4139
     4 1 0.5 4P 1( 2.00)       -40.8847       -20.4424      -556.2649
     4 1 1.5 4P 1( 4.00)       -34.6787       -17.3393      -471.8272
     3 2 1.5 3D 1( 4.00)      -153.0354       -76.5177     -2082.1531
     3 2 2.5 3D 1( 6.00)      -147.3779       -73.6890     -2005.1788
     5 0 0.5 5S 1( 2.00)        -7.1875        -3.5938       -97.7915
     5 1 0.5 5P 1( 2.00)        -4.7516        -2.3758       -64.6489
     5 1 1.5 5P 1( 4.00)        -3.7431        -1.8715       -50.9271
     4 2 1.5 4D 1( 4.00)       -21.9937       -10.9968      -299.2389
     4 2 2.5 4D 1( 6.00)       -20.8418       -10.4209      -283.5666
     4 3 2.5 4F 1( 6.00)        -4.6889        -2.3445       -63.7963
     4 3 3.5 4F 1( 8.00)        -4.4594        -2.2297       -60.6731
     5 2 1.5 5D 1( 4.00)        -0.5857        -0.2929        -7.9692
     5 2 2.5 5D 1( 3.00)        -0.4957        -0.2479        -6.7445
     6 0 0.5 6S 1( 2.00)        -0.4817        -0.2409        -6.5544
     6 1 0.5 6P 1( 0.00)        -0.1333        -0.0667        -1.8137
     6 1 1.5 6P 1( 0.00)        -0.0873        -0.0436        -1.1873
     Averaged results
     1 0     1S 1( 2.00)     -5582.8640     -2791.4320    -75958.7349
     2 0     2S 1( 2.00)      -975.9749      -487.9874    -13278.8145
     2 1     2P 1( 6.00)      -855.4400      -427.7200    -11638.8542
     3 0     3S 1( 2.00)      -228.2053      -114.1026     -3104.8908
     3 1     3P 1( 6.00)      -192.4355       -96.2177     -2618.2179
     4 0     4S 1( 2.00)       -48.6130       -24.3065      -661.4139
     4 1     4P 1( 6.00)       -36.7473       -18.3737      -499.9731
     3 2     3D 1(10.00)      -149.6409       -74.8205     -2035.9685
     5 0     5S 1( 2.00)        -7.1875        -3.5938       -97.7915
     5 1     5P 1( 6.00)        -4.0792        -2.0396       -55.5010
     4 2     4D 1(10.00)       -21.3025       -10.6513      -289.8355
     4 3     4F 1(14.00)        -4.5578        -2.2789       -62.0116
     5 2     5D 1( 7.00)        -0.5317        -0.2659        -7.2344
     6 0     6S 1( 2.00)        -0.4817        -0.2409        -6.5544
     6 1     6P 1( 0.00)        -0.1026        -0.0513        -1.3961

     final scf error:  6.9E-15 reached in  30 iterations
 
     Etot =  -35695.981567 Ry,  -17847.990783 Ha, -485668.570922 eV

     Ekin =   40682.002832 Ry,   20341.001416 Ha,  553506.846166 eV
     Encl =  -89622.462358 Ry,  -44811.231179 Ha,-1219375.719777 eV
     Eh   =   13921.945776 Ry,    6960.972888 Ha,  189417.721899 eV
     Exc  =    -677.467816 Ry,    -338.733908 Ha,   -9217.419210 eV


     normalization and overlap integrals

     s(1S/1S) =  1.000000  <r> =   0.0174  <r2> =    0.0004  r(max) =   0.0108
     s(1S/2S) = -0.000000
     s(1S/3S) = -0.000000
     s(1S/4S) = -0.000000
     s(1S/5S) = -0.000000
     s(1S/6S) = -0.000000
     s(2S/2S) =  1.000000  <r> =   0.0730  <r2> =    0.0064  r(max) =   0.0627
     s(2S/3S) =  0.000000
     s(2S/4S) =  0.000000
     s(2S/5S) =  0.000000
     s(2S/6S) =  0.000000
     s(2P/2P) =  1.000000  <r> =   0.0602  <r2> =    0.0045  r(max) =   0.0465
     s(2P/3P) =  0.000000
     s(2P/4P) =  0.000000
     s(2P/5P) =  0.000000
     s(2P/6P) =  0.000000
     s(2P/2P) =  1.000000  <r> =   0.0685  <r2> =    0.0057  r(max) =   0.0533
     s(2P/3P) =  0.000000
     s(2P/4P) =  0.000000
     s(2P/5P) =  0.000000
     s(2P/6P) =  0.000000
     s(3S/3S) =  1.000000  <r> =   0.1901  <r2> =    0.0414  r(max) =   0.1771
     s(3S/4S) =  0.000000
     s(3S/5S) =  0.000000
     s(3S/6S) =  0.000000
     s(3P/3P) =  1.000000  <r> =   0.1802  <r2> =    0.0379  r(max) =   0.1643
     s(3P/4P) =  0.000000
     s(3P/5P) =  0.000000
     s(3P/6P) =  0.000000
     s(3P/3P) =  1.000000  <r> =   0.1955  <r2> =    0.0444  r(max) =   0.1793
     s(3P/4P) =  0.000000
     s(3P/5P) =  0.000000
     s(3P/6P) =  0.000000
     s(4S/4S) =  1.000000  <r> =   0.4234  <r2> =    0.2027  r(max) =   0.3990
     s(4S/5S) =  0.000000
     s(4S/6S) =  0.000000
     s(4P/4P) =  1.000000  <r> =   0.4268  <r2> =    0.2075  r(max) =   0.3940
     s(4P/5P) =  0.000000
     s(4P/6P) =  0.000000
     s(4P/4P) =  1.000000  <r> =   0.4608  <r2> =    0.2416  r(max) =   0.4247
     s(4P/5P) =  0.000000
     s(4P/6P) =  0.000000
     s(3D/3D) =  1.000000  <r> =   0.1705  <r2> =    0.0341  r(max) =   0.1396
     s(3D/4D) =  0.000000
     s(3D/5D) =  0.000000
     s(3D/3D) =  1.000000  <r> =   0.1752  <r2> =    0.0359  r(max) =   0.1432
     s(3D/4D) = -0.000000
     s(3D/5D) = -0.000000
     s(5S/5S) =  1.000000  <r> =   0.9779  <r2> =    1.0742  r(max) =   0.8880
     s(5S/6S) =  0.000000
     s(5P/5P) =  1.000000  <r> =   1.0639  <r2> =    1.2816  r(max) =   0.9453
     s(5P/6P) =  0.000000
     s(5P/5P) =  1.000000  <r> =   1.1650  <r2> =    1.5388  r(max) =   1.0317
     s(5P/6P) =  0.000000
     s(4D/4D) =  1.000000  <r> =   0.4721  <r2> =    0.2582  r(max) =   0.4195
     s(4D/5D) =  0.000000
     s(4D/4D) =  1.000000  <r> =   0.4835  <r2> =    0.2705  r(max) =   0.4301
     s(4D/5D) = -0.000000
     s(4F/4F) =  1.000000  <r> =   0.5315  <r2> =    0.3462  r(max) =   0.3940
     s(4F/4F) =  1.000000  <r> =   0.5392  <r2> =    0.3565  r(max) =   0.3990
     s(5D/5D) =  1.000000  <r> =   1.6822  <r2> =    3.4039  r(max) =   1.2760
     s(5D/5D) =  1.000000  <r> =   1.7635  <r2> =    3.7630  r(max) =   1.3247
     s(6S/6S) =  1.000000  <r> =   2.8899  <r2> =    9.5656  r(max) =   2.3838
     s(6P/6P) =  1.000000  <r> =   4.0536  <r2> =   19.4027  r(max) =   3.1383
     s(6P/6P) =  1.000000  <r> =   4.6625  <r2> =   25.8142  r(max) =   3.6009

     ------------------------ End of All-electron run ------------------------


     --------------------- Generating US pseudopotential ---------------------


      Generating local potential from pseudized AE potential:
      Matching radius rcloc =   2.3000

      Local pseudo, rcloc= 2.296 Estimated cut-off energy=     4.77 Ry

      Computing core charge for nlcc: 

       r > 1.62 : true rho core
      Core charge pseudized with two Bessel functions
      Integrated core pseudo-charge :  12.17

     Fully relativistic calculation: |psi|^2

     Wfc 6S LC norm =  0.99994089 SC norm =  0.00005685 missing  0.00000226

     Wfc 6P LC norm =  0.99997203 SC norm =  0.00002779 missing  0.00000018

     Wfc 6P LC norm =  0.99997937 SC norm =  0.00001741 missing  0.00000322

     Wfc 5D LC norm =  0.99981292 SC norm =  0.00018705 missing  0.00000004

     Wfc 5D LC norm =  0.99982835 SC norm =  0.00017008 missing  0.00000157
      Wfc-us  6S rcutus= 2.414  Estimated cut-off energy=     7.64 Ry
      Wfc-us  6S rcutus= 2.414  Estimated cut-off energy=    13.52 Ry
      Wfc-us  6P rcutus= 2.602  Estimated cut-off energy=    10.67 Ry
      Wfc-us  6P rcutus= 2.602  Estimated cut-off energy=    10.37 Ry
      Wfc-us  6P rcutus= 2.602  Estimated cut-off energy=    19.28 Ry
      Wfc-us  6P rcutus= 2.602  Estimated cut-off energy=    17.39 Ry
      Wfc-us  5D rcutus= 2.184  Estimated cut-off energy=    24.59 Ry
      Wfc-us  5D rcutus= 2.184  Estimated cut-off energy=    24.47 Ry
      Wfc-us  5D rcutus= 2.184  Estimated cut-off energy=    40.27 Ry
      Wfc-us  5D rcutus= 2.184  Estimated cut-off energy=    38.36 Ry

      The bmat matrix
     0.87019     1.32645     0.00000     0.00000     0.00000     0.00000
     0.00000     0.00000     0.00000     0.00000
     0.99412     1.59357     0.00000     0.00000     0.00000     0.00000
     0.00000     0.00000     0.00000     0.00000
     0.00000     0.00000     0.21627     0.00000     0.55111     0.00000
     0.00000     0.00000     0.00000     0.00000
     0.00000     0.00000     0.00000     0.11097     0.00000     0.32816
     0.00000     0.00000     0.00000     0.00000
     0.00000     0.00000     0.40174     0.00000     1.20785     0.00000
     0.00000     0.00000     0.00000     0.00000
     0.00000     0.00000     0.00000     0.28961     0.00000     1.01941
     0.00000     0.00000     0.00000     0.00000
     0.00000     0.00000     0.00000     0.00000     0.00000     0.00000
    -0.88903     0.00000    -0.75941     0.00000
     0.00000     0.00000     0.00000     0.00000     0.00000     0.00000
     0.00000    -0.80562     0.00000    -0.66959
     0.00000     0.00000     0.00000     0.00000     0.00000     0.00000
    -0.66675     0.00000    -0.83140     0.00000
     0.00000     0.00000     0.00000     0.00000     0.00000     0.00000
     0.00000    -0.56634     0.00000    -0.59229

      The bmat + epsilon qq matrix
     0.91581     1.04779     0.00000     0.00000     0.00000     0.00000
     0.00000     0.00000     0.00000     0.00000
     1.04782     1.27085     0.00000     0.00000     0.00000     0.00000
     0.00000     0.00000     0.00000     0.00000
     0.00000     0.00000     0.21855     0.00000     0.40719     0.00000
     0.00000     0.00000     0.00000     0.00000
     0.00000     0.00000     0.00000     0.11066     0.00000     0.29053
     0.00000     0.00000     0.00000     0.00000
     0.00000     0.00000     0.40722     0.00000     0.89348     0.00000
     0.00000     0.00000     0.00000     0.00000
     0.00000     0.00000     0.00000     0.29055     0.00000     0.81307
     0.00000     0.00000     0.00000     0.00000
     0.00000     0.00000     0.00000     0.00000     0.00000     0.00000
    -1.01291     0.00000    -0.70592     0.00000
     0.00000     0.00000     0.00000     0.00000     0.00000     0.00000
     0.00000    -0.89296     0.00000    -0.60584
     0.00000     0.00000     0.00000     0.00000     0.00000     0.00000
    -0.70591     0.00000    -0.85273     0.00000
     0.00000     0.00000     0.00000     0.00000     0.00000     0.00000
     0.00000    -0.60584     0.00000    -0.57706

      The qq matrix
    -0.09469    -0.11146     0.00000     0.00000     0.00000     0.00000
     0.00000     0.00000     0.00000     0.00000
    -0.11146    -0.12909     0.00000     0.00000     0.00000     0.00000
     0.00000     0.00000     0.00000     0.00000
     0.00000     0.00000    -0.01709     0.00000    -0.04112     0.00000
     0.00000     0.00000     0.00000     0.00000
     0.00000     0.00000     0.00000     0.00351     0.00000    -0.01075
     0.00000     0.00000     0.00000     0.00000
     0.00000     0.00000    -0.04112     0.00000    -0.08982     0.00000
     0.00000     0.00000     0.00000     0.00000
     0.00000     0.00000     0.00000    -0.01075     0.00000    -0.05895
     0.00000     0.00000     0.00000     0.00000
     0.00000     0.00000     0.00000     0.00000     0.00000     0.00000
     0.21150     0.00000     0.06686     0.00000
     0.00000     0.00000     0.00000     0.00000     0.00000     0.00000
     0.00000     0.17620     0.00000     0.07968
     0.00000     0.00000     0.00000     0.00000     0.00000     0.00000
     0.06686     0.00000    -0.02667     0.00000
     0.00000     0.00000     0.00000     0.00000     0.00000     0.00000
     0.00000     0.07968     0.00000     0.01903

     Q pseudized with Bessel functions
     Expected ecutrho=     381.2431 due to l1=  2   l2=  2

      The ddd matrix
     0.54642     0.58064     0.00000     0.00000     0.00000     0.00000
     0.00000     0.00000     0.00000     0.00000
     0.58064     0.69809     0.00000     0.00000     0.00000     0.00000
     0.00000     0.00000     0.00000     0.00000
     0.00000     0.00000     0.21260     0.00000     0.36649     0.00000
     0.00000     0.00000     0.00000     0.00000
     0.00000     0.00000     0.00000     0.18047     0.00000     0.34187
     0.00000     0.00000     0.00000     0.00000
     0.00000     0.00000     0.36649     0.00000     0.62145     0.00000
     0.00000     0.00000     0.00000     0.00000
     0.00000     0.00000     0.00000     0.34187     0.00000     0.71197
     0.00000     0.00000     0.00000     0.00000
     0.00000     0.00000     0.00000     0.00000     0.00000     0.00000
     0.18204     0.00000    -0.27509     0.00000
     0.00000     0.00000     0.00000     0.00000     0.00000     0.00000
     0.00000     0.10335     0.00000    -0.12271
     0.00000     0.00000     0.00000     0.00000     0.00000     0.00000
    -0.27509     0.00000    -0.97312     0.00000
     0.00000     0.00000     0.00000     0.00000     0.00000     0.00000
     0.00000    -0.12271     0.00000    -0.43713

     ------------------- End of pseudopotential generation -------------------

     --------------------------- All-electron run ----------------------------

     Ir                                                                         
     dirac relativistic calculation

     atomic number is 77.00
     dft =LDA   lsd =0 sic =0 latt =0  beta=0.20 tr2=1.0E-14
     Exchange-correlation= LDA
                           (   1   1   0   0   0   0   0)
     mesh =1277 r(mesh) = 100.10249 a.u. xmin = -7.00 dx = 0.01250
     1 Ry =  13.60569312 eV, c = 137.03599908

     n l j   nl                  e(Ry)          e(Ha)          e(eV)
     Spin orbit split results
     1 0 0.5 1S 1( 2.00)     -5582.8640     -2791.4320    -75958.7349
     2 0 0.5 2S 1( 2.00)      -975.9749      -487.9874    -13278.8145
     2 1 0.5 2P 1( 2.00)      -935.1147      -467.5573    -12722.8836
     2 1 1.5 2P 1( 4.00)      -815.6027      -407.8013    -11096.8395
     3 0 0.5 3S 1( 2.00)      -228.2053      -114.1026     -3104.8908
     3 1 0.5 3P 1( 2.00)      -209.8769      -104.9384     -2855.5205
     3 1 1.5 3P 1( 4.00)      -183.7148       -91.8574     -2499.5666
     4 0 0.5 4S 1( 2.00)       -48.6130       -24.3065      -661.4139
     4 1 0.5 4P 1( 2.00)       -40.8847       -20.4424      -556.2649
     4 1 1.5 4P 1( 4.00)       -34.6787       -17.3393      -471.8272
     3 2 1.5 3D 1( 4.00)      -153.0354       -76.5177     -2082.1531
     3 2 2.5 3D 1( 6.00)      -147.3779       -73.6890     -2005.1788
     5 0 0.5 5S 1( 2.00)        -7.1875        -3.5938       -97.7915
     5 1 0.5 5P 1( 2.00)        -4.7516        -2.3758       -64.6489
     5 1 1.5 5P 1( 4.00)        -3.7431        -1.8715       -50.9271
     4 2 1.5 4D 1( 4.00)       -21.9937       -10.9968      -299.2389
     4 2 2.5 4D 1( 6.00)       -20.8418       -10.4209      -283.5666
     4 3 2.5 4F 1( 6.00)        -4.6889        -2.3445       -63.7963
     4 3 3.5 4F 1( 8.00)        -4.4594        -2.2297       -60.6731
     5 2 1.5 5D 1( 4.00)        -0.5857        -0.2929        -7.9692
     5 2 2.5 5D 1( 3.00)        -0.4957        -0.2479        -6.7445
     6 0 0.5 6S 1( 2.00)        -0.4817        -0.2409        -6.5544
     6 1 0.5 6P 1( 0.00)        -0.1333        -0.0667        -1.8137
     6 1 1.5 6P 1( 0.00)        -0.0873        -0.0436        -1.1873
     Averaged results
     1 0     1S 1( 2.00)     -5582.8640     -2791.4320    -75958.7349
     2 0     2S 1( 2.00)      -975.9749      -487.9874    -13278.8145
     2 1     2P 1( 6.00)      -855.4400      -427.7200    -11638.8542
     3 0     3S 1( 2.00)      -228.2053      -114.1026     -3104.8908
     3 1     3P 1( 6.00)      -192.4355       -96.2177     -2618.2179
     4 0     4S 1( 2.00)       -48.6130       -24.3065      -661.4139
     4 1     4P 1( 6.00)       -36.7473       -18.3737      -499.9731
     3 2     3D 1(10.00)      -149.6409       -74.8205     -2035.9685
     5 0     5S 1( 2.00)        -7.1875        -3.5938       -97.7915
     5 1     5P 1( 6.00)        -4.0792        -2.0396       -55.5010
     4 2     4D 1(10.00)       -21.3025       -10.6513      -289.8355
     4 3     4F 1(14.00)        -4.5578        -2.2789       -62.0116
     5 2     5D 1( 7.00)        -0.5317        -0.2659        -7.2344
     6 0     6S 1( 2.00)        -0.4817        -0.2409        -6.5544
     6 1     6P 1( 0.00)        -0.1026        -0.0513        -1.3961

     final scf error:  6.9E-15 reached in  30 iterations
 
     Etot =  -35695.981567 Ry,  -17847.990783 Ha, -485668.570922 eV

     Ekin =   40682.002832 Ry,   20341.001416 Ha,  553506.846166 eV
     Encl =  -89622.462358 Ry,  -44811.231179 Ha,-1219375.719777 eV
     Eh   =   13921.945776 Ry,    6960.972888 Ha,  189417.721899 eV
     Exc  =    -677.467816 Ry,    -338.733908 Ha,   -9217.419210 eV


     normalization and overlap integrals

     s(1S/1S) =  1.000000  <r> =   0.0174  <r2> =    0.0004  r(max) =   0.0108
     s(1S/2S) = -0.000000
     s(1S/3S) = -0.000000
     s(1S/4S) = -0.000000
     s(1S/5S) = -0.000000
     s(1S/6S) = -0.000000
     s(2S/2S) =  1.000000  <r> =   0.0730  <r2> =    0.0064  r(max) =   0.0627
     s(2S/3S) =  0.000000
     s(2S/4S) =  0.000000
     s(2S/5S) =  0.000000
     s(2S/6S) =  0.000000
     s(2P/2P) =  1.000000  <r> =   0.0602  <r2> =    0.0045  r(max) =   0.0465
     s(2P/3P) =  0.000000
     s(2P/4P) =  0.000000
     s(2P/5P) =  0.000000
     s(2P/6P) =  0.000000
     s(2P/2P) =  1.000000  <r> =   0.0685  <r2> =    0.0057  r(max) =   0.0533
     s(2P/3P) =  0.000000
     s(2P/4P) =  0.000000
     s(2P/5P) =  0.000000
     s(2P/6P) =  0.000000
     s(3S/3S) =  1.000000  <r> =   0.1901  <r2> =    0.0414  r(max) =   0.1771
     s(3S/4S) =  0.000000
     s(3S/5S) =  0.000000
     s(3S/6S) =  0.000000
     s(3P/3P) =  1.000000  <r> =   0.1802  <r2> =    0.0379  r(max) =   0.1643
     s(3P/4P) =  0.000000
     s(3P/5P) =  0.000000
     s(3P/6P) =  0.000000
     s(3P/3P) =  1.000000  <r> =   0.1955  <r2> =    0.0444  r(max) =   0.1793
     s(3P/4P) =  0.000000
     s(3P/5P) =  0.000000
     s(3P/6P) =  0.000000
     s(4S/4S) =  1.000000  <r> =   0.4234  <r2> =    0.2027  r(max) =   0.3990
     s(4S/5S) =  0.000000
     s(4S/6S) =  0.000000
     s(4P/4P) =  1.000000  <r> =   0.4268  <r2> =    0.2075  r(max) =   0.3940
     s(4P/5P) =  0.000000
     s(4P/6P) =  0.000000
     s(4P/4P) =  1.000000  <r> =   0.4608  <r2> =    0.2416  r(max) =   0.4247
     s(4P/5P) =  0.000000
     s(4P/6P) =  0.000000
     s(3D/3D) =  1.000000  <r> =   0.1705  <r2> =    0.0341  r(max) =   0.1396
     s(3D/4D) =  0.000000
     s(3D/5D) =  0.000000
     s(3D/3D) =  1.000000  <r> =   0.1752  <r2> =    0.0359  r(max) =   0.1432
     s(3D/4D) = -0.000000
     s(3D/5D) = -0.000000
     s(5S/5S) =  1.000000  <r> =   0.9779  <r2> =    1.0742  r(max) =   0.8880
     s(5S/6S) =  0.000000
     s(5P/5P) =  1.000000  <r> =   1.0639  <r2> =    1.2816  r(max) =   0.9453
     s(5P/6P) =  0.000000
     s(5P/5P) =  1.000000  <r> =   1.1650  <r2> =    1.5388  r(max) =   1.0317
     s(5P/6P) =  0.000000
     s(4D/4D) =  1.000000  <r> =   0.4721  <r2> =    0.2582  r(max) =   0.4195
     s(4D/5D) =  0.000000
     s(4D/4D) =  1.000000  <r> =   0.4835  <r2> =    0.2705  r(max) =   0.4301
     s(4D/5D) = -0.000000
     s(4F/4F) =  1.000000  <r> =   0.5315  <r2> =    0.3462  r(max) =   0.3940
     s(4F/4F) =  1.000000  <r> =   0.5392  <r2> =    0.3565  r(max) =   0.3990
     s(5D/5D) =  1.000000  <r> =   1.6822  <r2> =    3.4039  r(max) =   1.2760
     s(5D/5D) =  1.000000  <r> =   1.7635  <r2> =    3.7630  r(max) =   1.3247
     s(6S/6S) =  1.000000  <r> =   2.8899  <r2> =    9.5656  r(max) =   2.3838
     s(6P/6P) =  1.000000  <r> =   4.0536  <r2> =   19.4027  r(max) =   3.1383
     s(6P/6P) =  1.000000  <r> =   4.6625  <r2> =   25.8142  r(max) =   3.6009

     ------------------------ End of All-electron run ------------------------


     ---------------------- Testing the pseudopotential ----------------------

     Ir                                                                         
     dirac relativistic calculation

     atomic number is 77.00   valence charge is  9.00
     dft =LDA   lsd =0 sic =0 latt =0  beta=0.20 tr2=1.0E-14
     mesh =1277 r(mesh) = 100.10249 xmin = -7.00 dx = 0.01250

     n l  j  nl             e AE (Ry)       e PS (Ry)    De AE-PS (Ry) 
     1 0 0.5 6S   1( 2.00)       -0.48174       -0.48174        0.00000
     2 1 0.5 6P   1( 0.00)       -0.13331       -0.13331       -0.00000
     2 1 1.5 6P   1( 0.00)       -0.08727       -0.08727        0.00000
     3 2 1.5 5D   1( 4.00)       -0.58573       -0.58573       -0.00000
     3 2 2.5 5D   1( 3.00)       -0.49571       -0.49571        0.00000

     eps = 2.2E-15  iter =  3
 
     Etot =  -35695.981567 Ry,  -17847.990783 Ha, -485668.570922 eV
     Etotps =   -60.885121 Ry,     -30.442560 Ha,    -828.384269 eV

     Ekin =      19.906633 Ry,       9.953316 Ha,     270.843538 eV
     Encl =     -90.452593 Ry,     -45.226297 Ha,   -1230.670223 eV
     Ehrt =      37.608772 Ry,      18.804386 Ha,     511.693413 eV
     Ecxc =     -30.078975 Ry,     -15.039488 Ha,    -409.245305 eV
     (Ecc =     -19.626125 Ry,      -9.813063 Ha,    -267.027039 eV)
     Epseu=       2.131042 Ry,       1.065521 Ha,      28.994309 eV

     ---------------------- End of pseudopotential test ----------------------

