[0] MPI startup(): I_MPI_SHM_LMT environment variable is not supported.
[0] MPI startup(): Similar variables:
	 I_MPI_SHM_HEAP
	 I_MPI_SHM
	 I_MPI_SHM_OPT
	 I_MPI_SHM_THP
[0] MPI startup(): To check the list of supported variables, use the impi_info utility or refer to https://software.intel.com/en-us/mpi-library/documentation/get-started.

     Program LD1 v.7.3.1 starts on 19Sep2024 at 21:47:56 

     This program is part of the open-source Quantum ESPRESSO suite
     for quantum simulation of materials; please cite
         "P. Giannozzi et al., J. Phys.:Condens. Matter 21 395502 (2009);
         "P. Giannozzi et al., J. Phys.:Condens. Matter 29 465901 (2017);
         "P. Giannozzi et al., J. Chem. Phys. 152 154105 (2020);
          URL http://www.quantum-espresso.org", 
     in publications or presentations arising from this work. More details at
     http://www.quantum-espresso.org/quote

     Parallel version (MPI), running on     1 processors

     MPI processes distributed on     1 nodes
     89724 MiB available memory on the printing compute node when the environment starts
 
     Waiting for input...
     Reading input from standard input
     --------------------------- All-electron run ----------------------------

     Li                                                                         
     dirac relativistic calculation

     atomic number is  3.00
     dft =LDA   lsd =0 sic =0 latt =0  beta=0.20 tr2=1.0E-14
     Exchange-correlation= LDA
                           (   1   1   0   0   0   0   0)
     mesh =1017 r(mesh) =  99.62247 a.u. xmin = -7.00 dx = 0.01250
     1 Ry =  13.60569312 eV, c = 137.03599908

     n l j   nl                  e(Ry)          e(Ha)          e(eV)
     Spin orbit split results
     1 0 0.5 1S 1( 2.00)        -3.7559        -1.8779       -51.1012
     2 0 0.5 2S 1( 1.00)        -0.2114        -0.1057        -2.8768
     2 1 0.5 2P 1( 0.00)        -0.0829        -0.0415        -1.1283
     2 1 1.5 2P 1( 0.00)        -0.0829        -0.0415        -1.1282
     Averaged results
     1 0     1S 1( 2.00)        -3.7559        -1.8779       -51.1012
     2 0     2S 1( 1.00)        -0.2114        -0.1057        -2.8768
     2 1     2P 1( 0.00)        -0.0829        -0.0415        -1.1282

     final scf error:  4.7E-15 reached in  14 iterations
 
     Etot =     -14.669761 Ry,      -7.334880 Ha,    -199.592261 eV

     Ekin =      14.477956 Ry,       7.238978 Ha,     196.982629 eV
     Encl =     -33.827413 Ry,     -16.913707 Ha,    -460.245407 eV
     Eh   =       7.982584 Ry,       3.991292 Ha,     108.608588 eV
     Exc  =      -3.302887 Ry,      -1.651444 Ha,     -44.938071 eV


     normalization and overlap integrals

     s(1S/1S) =  1.000000  <r> =   0.5887  <r2> =    0.4764  r(max) =   0.3638
     s(1S/2S) =  0.000000
     s(2S/2S) =  1.000000  <r> =   3.9312  <r2> =   18.4427  r(max) =   3.1233
     s(2P/2P) =  1.000000  <r> =   5.0084  <r2> =   30.9503  r(max) =   3.9114
     s(2P/2P) =  1.000000  <r> =   5.0087  <r2> =   30.9537  r(max) =   3.9114

     ------------------------ End of All-electron run ------------------------


     --------------------- Generating US pseudopotential ---------------------


      Generating local potential from pseudized AE potential:
      Matching radius rcloc =   1.3000

      Local pseudo, rcloc= 1.286 Estimated cut-off energy=    14.22 Ry

     Fully relativistic calculation: |psi|^2

     Wfc 1S LC norm =  0.99990676 SC norm =  0.00009322 missing  0.00000002

     Wfc 2S LC norm =  0.99999378 SC norm =  0.00000451 missing  0.00000171
      Wfc-us  1S rcutus= 1.193  Estimated cut-off energy=    36.05 Ry
      Wfc-us  2S rcutus= 1.193  Estimated cut-off energy=    78.11 Ry
      Wfc-us  2P rcutus= 2.174  Estimated cut-off energy=    15.84 Ry
      Wfc-us  2P rcutus= 2.174  Estimated cut-off energy=    15.84 Ry
      Wfc-us  2P rcutus= 2.174  Estimated cut-off energy=    21.34 Ry
      Wfc-us  2P rcutus= 2.174  Estimated cut-off energy=    21.33 Ry

      The bmat matrix
    -2.23845    -0.59346     0.00000     0.00000     0.00000     0.00000
    -0.62525    -0.36168     0.00000     0.00000     0.00000     0.00000
     0.00000     0.00000    -0.01494     0.00000    -0.03962     0.00000
     0.00000     0.00000     0.00000    -0.01491     0.00000    -0.03957
     0.00000     0.00000    -0.01276     0.00000    -0.03875     0.00000
     0.00000     0.00000     0.00000    -0.01274     0.00000    -0.03869

      The bmat + epsilon qq matrix
    -3.72613    -0.59157     0.00000     0.00000     0.00000     0.00000
    -0.59157    -0.35666     0.00000     0.00000     0.00000     0.00000
     0.00000     0.00000    -0.01169     0.00000    -0.00702     0.00000
     0.00000     0.00000     0.00000    -0.01167     0.00000    -0.00700
     0.00000     0.00000    -0.00701     0.00000     0.01634     0.00000
     0.00000     0.00000     0.00000    -0.00699     0.00000     0.01636

      The qq matrix
     0.39609    -0.00897     0.00000     0.00000     0.00000     0.00000
    -0.00897    -0.02375     0.00000     0.00000     0.00000     0.00000
     0.00000     0.00000     0.01084     0.00000     0.01918     0.00000
     0.00000     0.00000     0.00000     0.01083     0.00000     0.01916
     0.00000     0.00000     0.01918     0.00000     0.03241     0.00000
     0.00000     0.00000     0.00000     0.01916     0.00000     0.03238

     Q pseudized with Bessel functions
     Expected ecutrho=     355.4016 due to l1=  1   l2=  1

      The ddd matrix
    -1.78338    -0.60869     0.00000     0.00000     0.00000     0.00000
    -0.60869    -0.46809     0.00000     0.00000     0.00000     0.00000
     0.00000     0.00000     0.02083     0.00000     0.04976     0.00000
     0.00000     0.00000     0.00000     0.02081     0.00000     0.04972
     0.00000     0.00000     0.04976     0.00000     0.11310     0.00000
     0.00000     0.00000     0.00000     0.04972     0.00000     0.11302

     ------------------- End of pseudopotential generation -------------------

     --------------------------- All-electron run ----------------------------

     Li                                                                         
     dirac relativistic calculation

     atomic number is  3.00
     dft =LDA   lsd =0 sic =0 latt =0  beta=0.20 tr2=1.0E-14
     Exchange-correlation= LDA
                           (   1   1   0   0   0   0   0)
     mesh =1017 r(mesh) =  99.62247 a.u. xmin = -7.00 dx = 0.01250
     1 Ry =  13.60569312 eV, c = 137.03599908

     n l j   nl                  e(Ry)          e(Ha)          e(eV)
     Spin orbit split results
     1 0 0.5 1S 1( 2.00)        -3.7559        -1.8779       -51.1012
     2 0 0.5 2S 1( 1.00)        -0.2114        -0.1057        -2.8768
     2 1 0.5 2P 1( 0.00)        -0.0829        -0.0415        -1.1283
     2 1 1.5 2P 1( 0.00)        -0.0829        -0.0415        -1.1282
     Averaged results
     1 0     1S 1( 2.00)        -3.7559        -1.8779       -51.1012
     2 0     2S 1( 1.00)        -0.2114        -0.1057        -2.8768
     2 1     2P 1( 0.00)        -0.0829        -0.0415        -1.1282

     final scf error:  4.7E-15 reached in  14 iterations
 
     Etot =     -14.669761 Ry,      -7.334880 Ha,    -199.592261 eV

     Ekin =      14.477956 Ry,       7.238978 Ha,     196.982629 eV
     Encl =     -33.827413 Ry,     -16.913707 Ha,    -460.245407 eV
     Eh   =       7.982584 Ry,       3.991292 Ha,     108.608588 eV
     Exc  =      -3.302887 Ry,      -1.651444 Ha,     -44.938071 eV


     normalization and overlap integrals

     s(1S/1S) =  1.000000  <r> =   0.5887  <r2> =    0.4764  r(max) =   0.3638
     s(1S/2S) =  0.000000
     s(2S/2S) =  1.000000  <r> =   3.9312  <r2> =   18.4427  r(max) =   3.1233
     s(2P/2P) =  1.000000  <r> =   5.0084  <r2> =   30.9503  r(max) =   3.9114
     s(2P/2P) =  1.000000  <r> =   5.0087  <r2> =   30.9537  r(max) =   3.9114

     ------------------------ End of All-electron run ------------------------


     ---------------------- Testing the pseudopotential ----------------------

     Li                                                                         
     dirac relativistic calculation

     atomic number is  3.00   valence charge is  3.00
     dft =LDA   lsd =0 sic =0 latt =0  beta=0.20 tr2=1.0E-14
     mesh =1017 r(mesh) =  99.62247 xmin = -7.00 dx = 0.01250

     n l  j  nl             e AE (Ry)       e PS (Ry)    De AE-PS (Ry) 
     1 0 0.5 1S   1( 2.00)       -3.75587       -3.75587       -0.00000
     2 0 0.5 2S   1( 1.00)       -0.21144       -0.21144       -0.00000

     eps = 8.4E-15  iter =  3
 
     Etot =     -14.669761 Ry,      -7.334880 Ha,    -199.592261 eV
     Etotps =   -14.494649 Ry,      -7.247325 Ha,    -197.209749 eV

     Ekin =       4.958207 Ry,       2.479104 Ha,      67.459845 eV
     Encl =     -19.996177 Ry,      -9.998088 Ha,    -272.061848 eV
     Ehrt =       7.771672 Ry,       3.885836 Ha,     105.738979 eV
     Ecxc =      -3.193484 Ry,      -1.596742 Ha,     -43.449566 eV
     Epseu=      -4.034867 Ry,      -2.017433 Ha,     -54.897160 eV

     ---------------------- End of pseudopotential test ----------------------

