[0] MPI startup(): I_MPI_SHM_LMT environment variable is not supported.
[0] MPI startup(): Similar variables:
	 I_MPI_SHM_HEAP
	 I_MPI_SHM
	 I_MPI_SHM_OPT
	 I_MPI_SHM_THP
[0] MPI startup(): To check the list of supported variables, use the impi_info utility or refer to https://software.intel.com/en-us/mpi-library/documentation/get-started.

     Program LD1 v.7.3.1 starts on 19Sep2024 at 21:47:57 

     This program is part of the open-source Quantum ESPRESSO suite
     for quantum simulation of materials; please cite
         "P. Giannozzi et al., J. Phys.:Condens. Matter 21 395502 (2009);
         "P. Giannozzi et al., J. Phys.:Condens. Matter 29 465901 (2017);
         "P. Giannozzi et al., J. Chem. Phys. 152 154105 (2020);
          URL http://www.quantum-espresso.org", 
     in publications or presentations arising from this work. More details at
     http://www.quantum-espresso.org/quote

     Parallel version (MPI), running on     1 processors

     MPI processes distributed on     1 nodes
     89729 MiB available memory on the printing compute node when the environment starts
 
     Waiting for input...
     Reading input from standard input
     --------------------------- All-electron run ----------------------------

     Mo                                                                         
     dirac relativistic calculation

     atomic number is 42.00
     dft =LDA   lsd =0 sic =0 latt =0  beta=0.20 tr2=1.0E-14
     Exchange-correlation= LDA
                           (   1   1   0   0   0   0   0)
     mesh =1229 r(mesh) = 100.71859 a.u. xmin = -7.00 dx = 0.01250
     1 Ry =  13.60569312 eV, c = 137.03599908

     n l j   nl                  e(Ry)          e(Ha)          e(eV)
     Spin orbit split results
     1 0 0.5 1S 1( 2.00)     -1454.2080      -727.1040    -19785.5083
     2 0 0.5 2S 1( 2.00)      -205.3856      -102.6928     -2794.4131
     2 1 0.5 2P 1( 2.00)      -189.0760       -94.5380     -2572.5105
     2 1 1.5 2P 1( 4.00)      -181.2572       -90.6286     -2466.1295
     3 0 0.5 3S 1( 2.00)       -34.9111       -17.4555      -474.9893
     3 1 0.5 3P 1( 2.00)       -28.7009       -14.3505      -390.4958
     3 1 1.5 3P 1( 4.00)       -27.4123       -13.7061      -372.9627
     4 0 0.5 4S 1( 2.00)        -4.7242        -2.3621       -64.2756
     4 1 0.5 4P 1( 2.00)        -2.9542        -1.4771       -40.1939
     4 1 1.5 4P 1( 4.00)        -2.7686        -1.3843       -37.6686
     3 2 1.5 3D 1( 4.00)       -16.3899        -8.1949      -222.9953
     3 2 2.5 3D 1( 6.00)       -16.1456        -8.0728      -219.6725
     4 2 1.5 4D 1( 4.00)        -0.2936        -0.1468        -3.9944
     4 2 2.5 4D 1( 1.00)        -0.2786        -0.1393        -3.7904
     5 0 0.5 5S 1( 1.00)        -0.3167        -0.1584        -4.3096
     5 1 0.5 5P 1( 0.00)        -0.0903        -0.0452        -1.2288
     5 1 1.5 5P 1( 0.00)        -0.0826        -0.0413        -1.1240
     Averaged results
     1 0     1S 1( 2.00)     -1454.2080      -727.1040    -19785.5083
     2 0     2S 1( 2.00)      -205.3856      -102.6928     -2794.4131
     2 1     2P 1( 6.00)      -183.8635       -91.9317     -2501.5898
     3 0     3S 1( 2.00)       -34.9111       -17.4555      -474.9893
     3 1     3P 1( 6.00)       -27.8418       -13.9209      -378.8071
     4 0     4S 1( 2.00)        -4.7242        -2.3621       -64.2756
     4 1     4P 1( 6.00)        -2.8305        -1.4152       -38.5104
     3 2     3D 1(10.00)       -16.2433        -8.1217      -221.0016
     4 2     4D 1( 5.00)        -0.2846        -0.1423        -3.8720
     5 0     5S 1( 1.00)        -0.3167        -0.1584        -4.3096
     5 1     5P 1( 0.00)        -0.0852        -0.0426        -1.1589

     final scf error:  9.6E-15 reached in  26 iterations
 
     Etot =   -8090.029635 Ry,   -4045.014817 Ha, -110070.460567 eV

     Ekin =    8386.416411 Ry,    4193.208205 Ha,  114103.008086 eV
     Encl =  -19555.519098 Ry,   -9777.759549 Ha, -266066.391706 eV
     Eh   =    3317.929310 Ry,    1658.964655 Ha,   45142.727990 eV
     Exc  =    -238.856257 Ry,    -119.428129 Ha,   -3249.804938 eV


     normalization and overlap integrals

     s(1S/1S) =  1.000000  <r> =   0.0352  <r2> =    0.0017  r(max) =   0.0229
     s(1S/2S) =  0.000000
     s(1S/3S) = -0.000000
     s(1S/4S) =  0.000000
     s(1S/5S) =  0.000000
     s(2S/2S) =  1.000000  <r> =   0.1536  <r2> =    0.0279  r(max) =   0.1303
     s(2S/3S) =  0.000000
     s(2S/4S) =  0.000000
     s(2S/5S) =  0.000000
     s(2P/2P) =  1.000000  <r> =   0.1308  <r2> =    0.0210  r(max) =   0.1015
     s(2P/3P) =  0.000000
     s(2P/4P) =  0.000000
     s(2P/5P) =  0.000000
     s(2P/2P) =  1.000000  <r> =   0.1354  <r2> =    0.0224  r(max) =   0.1054
     s(2P/3P) =  0.000000
     s(2P/4P) =  0.000000
     s(2P/5P) =  0.000000
     s(3S/3S) =  1.000000  <r> =   0.4295  <r2> =    0.2115  r(max) =   0.3819
     s(3S/4S) =  0.000000
     s(3S/5S) =  0.000000
     s(3P/3P) =  1.000000  <r> =   0.4239  <r2> =    0.2094  r(max) =   0.3724
     s(3P/4P) =  0.000000
     s(3P/5P) =  0.000000
     s(3P/3P) =  1.000000  <r> =   0.4345  <r2> =    0.2198  r(max) =   0.3819
     s(3P/4P) =  0.000000
     s(3P/5P) =  0.000000
     s(4S/4S) =  1.000000  <r> =   1.1064  <r2> =    1.3902  r(max) =   0.9874
     s(4S/5S) =  0.000000
     s(4P/4P) =  1.000000  <r> =   1.2159  <r2> =    1.6998  r(max) =   1.0511
     s(4P/5P) =  0.000000
     s(4P/4P) =  1.000000  <r> =   1.2481  <r2> =    1.7919  r(max) =   1.0777
     s(4P/5P) = -0.000000
     s(3D/3D) =  1.000000  <r> =   0.4135  <r2> =    0.2059  r(max) =   0.3206
     s(3D/4D) =  0.000000
     s(3D/3D) =  1.000000  <r> =   0.4170  <r2> =    0.2092  r(max) =   0.3246
     s(3D/4D) = -0.000000
     s(4D/4D) =  1.000000  <r> =   1.9916  <r2> =    5.0223  r(max) =   1.3838
     s(4D/4D) =  1.000000  <r> =   2.0242  <r2> =    5.2000  r(max) =   1.4012
     s(5S/5S) =  1.000000  <r> =   3.5526  <r2> =   14.5253  r(max) =   2.9295
     s(5P/5P) =  1.000000  <r> =   5.0498  <r2> =   30.0801  r(max) =   3.9544
     s(5P/5P) =  1.000000  <r> =   5.2150  <r2> =   32.0915  r(max) =   4.1055

     ------------------------ End of All-electron run ------------------------


     --------------------- Generating PAW atomic setup --------------------


      Generating local potential from pseudized AE potential:
      Matching radius rcloc =   1.4000

      Local pseudo, rcloc= 1.401 Estimated cut-off energy=    12.73 Ry

      Computing core charge for nlcc: 

       r > 1.01 : true rho core
      Core charge pseudized with two Bessel functions
      Integrated core pseudo-charge :   4.93

     Fully relativistic calculation: |psi|^2

     Wfc 4S LC norm =  0.99970791 SC norm =  0.00029104 missing  0.00000105
     Speed at rcutus      0.830 a.u.,  v/c =  0.006056,  (v/c)^2 =  0.00003668

     Wfc 5S LC norm =  0.99996999 SC norm =  0.00002750 missing  0.00000251
     Speed at rcutus      0.077 a.u.,  v/c =  0.000565,  (v/c)^2 =  0.00000032

     Wfc 4P LC norm =  0.99975604 SC norm =  0.00024335 missing  0.00000061
     Speed at rcutus      0.228 a.u.,  v/c =  0.001661,  (v/c)^2 = -0.00000276

     Wfc 4P LC norm =  0.99976678 SC norm =  0.00023015 missing  0.00000307
     Speed at rcutus      0.132 a.u.,  v/c =  0.000967,  (v/c)^2 =  0.00000093

     Wfc 5P LC norm =  0.99998590 SC norm =  0.00001212 missing  0.00000199
     Speed at rcutus      0.138 a.u.,  v/c =  0.001008,  (v/c)^2 =  0.00000102

     Wfc 5P LC norm =  0.99998680 SC norm =  0.00001030 missing  0.00000290
     Speed at rcutus      0.103 a.u.,  v/c =  0.000755,  (v/c)^2 =  0.00000057

     Wfc 4D LC norm =  0.99989430 SC norm =  0.00010537 missing  0.00000032
     Speed at rcutus      1.108 a.u.,  v/c =  0.008088,  (v/c)^2 =  0.00006542

     Wfc 4D LC norm =  0.99989707 SC norm =  0.00009159 missing  0.00001134
     Speed at rcutus      1.108 a.u.,  v/c =  0.008083,  (v/c)^2 =  0.00006534
      Wfc-us  4S rcutus= 1.300  Estimated cut-off energy=    29.51 Ry
      Wfc-us  5S rcutus= 1.300  Estimated cut-off energy=    43.82 Ry
      Wfc-us  4P rcutus= 1.711  Estimated cut-off energy=    28.42 Ry
      Wfc-us  4P rcutus= 1.711  Estimated cut-off energy=    28.27 Ry
      Wfc-us  5P rcutus= 1.711  Estimated cut-off energy=    49.53 Ry
      Wfc-us  5P rcutus= 1.711  Estimated cut-off energy=    47.96 Ry
      Wfc-us  4D rcutus= 1.711  Estimated cut-off energy=    38.59 Ry
      Wfc-us  4D rcutus= 1.711  Estimated cut-off energy=    38.55 Ry
      Wfc-us  4D rcutus= 1.711  Estimated cut-off energy=    40.31 Ry
      Wfc-us  4D rcutus= 1.711  Estimated cut-off energy=    40.19 Ry

      The bmat matrix
     8.61354     3.04212     0.00000     0.00000     0.00000     0.00000
     0.00000     0.00000     0.00000     0.00000
     2.38038     0.85575     0.00000     0.00000     0.00000     0.00000
     0.00000     0.00000     0.00000     0.00000
     0.00000     0.00000     1.76528     0.00000     0.67969     0.00000
     0.00000     0.00000     0.00000     0.00000
     0.00000     0.00000     0.00000     1.92548     0.00000     0.62954
     0.00000     0.00000     0.00000     0.00000
     0.00000     0.00000     0.53820     0.00000     0.17564     0.00000
     0.00000     0.00000     0.00000     0.00000
     0.00000     0.00000     0.00000     0.51585     0.00000     0.15289
     0.00000     0.00000     0.00000     0.00000
     0.00000     0.00000     0.00000     0.00000     0.00000     0.00000
     0.15176     0.00000     0.11017     0.00000
     0.00000     0.00000     0.00000     0.00000     0.00000     0.00000
     0.00000     0.16109     0.00000     0.11960
     0.00000     0.00000     0.00000     0.00000     0.00000     0.00000
     0.12122     0.00000     0.08929     0.00000
     0.00000     0.00000     0.00000     0.00000     0.00000     0.00000
     0.00000     0.12919     0.00000     0.09708

      The bmat + epsilon qq matrix
    11.14296     3.08968     0.00000     0.00000     0.00000     0.00000
     0.00000     0.00000     0.00000     0.00000
     3.08970     0.86918     0.00000     0.00000     0.00000     0.00000
     0.00000     0.00000     0.00000     0.00000
     0.00000     0.00000     1.93585     0.00000     0.68415     0.00000
     0.00000     0.00000     0.00000     0.00000
     0.00000     0.00000     0.00000     2.15509     0.00000     0.63304
     0.00000     0.00000     0.00000     0.00000
     0.00000     0.00000     0.68416     0.00000     0.17745     0.00000
     0.00000     0.00000     0.00000     0.00000
     0.00000     0.00000     0.00000     0.63304     0.00000     0.15412
     0.00000     0.00000     0.00000     0.00000
     0.00000     0.00000     0.00000     0.00000     0.00000     0.00000
     0.14567     0.00000     0.11575     0.00000
     0.00000     0.00000     0.00000     0.00000     0.00000     0.00000
     0.00000     0.15607     0.00000     0.12457
     0.00000     0.00000     0.00000     0.00000     0.00000     0.00000
     0.11576     0.00000     0.09420     0.00000
     0.00000     0.00000     0.00000     0.00000     0.00000     0.00000
     0.00000     0.12458     0.00000     0.10152

      The qq matrix
    -0.53542    -0.15015     0.00000     0.00000     0.00000     0.00000
     0.00000     0.00000     0.00000     0.00000
    -0.15015    -0.04240     0.00000     0.00000     0.00000     0.00000
     0.00000     0.00000     0.00000     0.00000
     0.00000     0.00000    -0.05774     0.00000    -0.04941     0.00000
     0.00000     0.00000     0.00000     0.00000
     0.00000     0.00000     0.00000    -0.08293     0.00000    -0.04233
     0.00000     0.00000     0.00000     0.00000
     0.00000     0.00000    -0.04941     0.00000    -0.02003     0.00000
     0.00000     0.00000     0.00000     0.00000
     0.00000     0.00000     0.00000    -0.04233     0.00000    -0.01485
     0.00000     0.00000     0.00000     0.00000
     0.00000     0.00000     0.00000     0.00000     0.00000     0.00000
     0.02071     0.00000     0.01861     0.00000
     0.00000     0.00000     0.00000     0.00000     0.00000     0.00000
     0.00000     0.01803     0.00000     0.01655
     0.00000     0.00000     0.00000     0.00000     0.00000     0.00000
     0.01861     0.00000     0.01637     0.00000
     0.00000     0.00000     0.00000     0.00000     0.00000     0.00000
     0.00000     0.01655     0.00000     0.01483


    multipoles (all-electron charge) - (pseudo charge)
        ns l1:ns1 l2    l=0     l=1     l=2     l=3     l=4     l=5  
         1  0:  1  0 -0.5354
         2  0:  1  0 -0.1501
         2  0:  2  0 -0.0424
         3  1:  1  0  0.0000  0.1480
         3  1:  2  0  0.0000  0.0385
         3  1:  3  1 -0.0577  0.0000 -0.0410
         4  1:  1  0  0.0000  0.1596
         4  1:  2  0  0.0000  0.0413
         4  1:  3  1 -0.0712  0.0000 -0.0515
         4  1:  4  1 -0.0829  0.0000 -0.0614
         5  1:  1  0  0.0000  0.0713
         5  1:  2  0  0.0000  0.0181
         5  1:  3  1 -0.0494  0.0000 -0.0327
         5  1:  4  1 -0.0517  0.0000 -0.0344
         5  1:  5  1 -0.0200  0.0000 -0.0119
         6  1:  1  0  0.0000  0.0605
         6  1:  2  0  0.0000  0.0154
         6  1:  3  1 -0.0402  0.0000 -0.0266
         6  1:  4  1 -0.0423  0.0000 -0.0283
         6  1:  5  1 -0.0173  0.0000 -0.0104
         6  1:  6  1 -0.0149  0.0000 -0.0090
         7  2:  1  0  0.0000  0.0000 -0.0355
         7  2:  2  0  0.0000  0.0000 -0.0081
         7  2:  3  1  0.0000  0.0098  0.0000  0.0086
         7  2:  4  1  0.0000  0.0169  0.0000  0.0150
         7  2:  5  1  0.0000  0.0169  0.0000  0.0143
         7  2:  6  1  0.0000  0.0133  0.0000  0.0111
         7  2:  7  2  0.0207  0.0000  0.0001  0.0000 -0.0030
         8  2:  1  0  0.0000  0.0000 -0.0367
         8  2:  2  0  0.0000  0.0000 -0.0083
         8  2:  3  1  0.0000  0.0115  0.0000  0.0101
         8  2:  4  1  0.0000  0.0182  0.0000  0.0162
         8  2:  5  1  0.0000  0.0169  0.0000  0.0143
         8  2:  6  1  0.0000  0.0134  0.0000  0.0111
         8  2:  7  2  0.0192  0.0000 -0.0010  0.0000 -0.0042
         8  2:  8  2  0.0180  0.0000 -0.0019  0.0000 -0.0049
         9  2:  1  0  0.0000  0.0000 -0.0236
         9  2:  2  0  0.0000  0.0000 -0.0056
         9  2:  3  1  0.0000  0.0039  0.0000  0.0025
         9  2:  4  1  0.0000  0.0094  0.0000  0.0074
         9  2:  5  1  0.0000  0.0124  0.0000  0.0103
         9  2:  6  1  0.0000  0.0096  0.0000  0.0078
         9  2:  7  2  0.0186  0.0000  0.0027  0.0000  0.0010
         9  2:  8  2  0.0174  0.0000  0.0018  0.0000  0.0001
         9  2:  9  2  0.0164  0.0000  0.0040  0.0000  0.0032
        10  2:  1  0  0.0000  0.0000 -0.0250
        10  2:  2  0  0.0000  0.0000 -0.0059
        10  2:  3  1  0.0000  0.0054  0.0000  0.0039
        10  2:  4  1  0.0000  0.0107  0.0000  0.0086
        10  2:  5  1  0.0000  0.0126  0.0000  0.0105
        10  2:  6  1  0.0000  0.0098  0.0000  0.0080
        10  2:  7  2  0.0175  0.0000  0.0017  0.0000 -0.0001
        10  2:  8  2  0.0165  0.0000  0.0010  0.0000 -0.0006
        10  2:  9  2  0.0155  0.0000  0.0033  0.0000  0.0024
        10  2: 10  2  0.0148  0.0000  0.0027  0.0000  0.0018
     Required augmentation: PSQ   radius:    1.700000

     Q pseudized with Bessel functions
     Expected ecutrho=     494.6089 due to l1=  1   l2=  2

     Estimated PAW energy = -355.031908 Ryd

     The PAW screened D coefficients
    11.14292     3.08969     0.00000     0.00000     0.00000     0.00000
     0.00000     0.00000     0.00000     0.00000
     3.08969     0.86918     0.00000     0.00000     0.00000     0.00000
     0.00000     0.00000     0.00000     0.00000
     0.00000     0.00000     1.93585     0.00000     0.68416     0.00000
     0.00000     0.00000     0.00000     0.00000
     0.00000     0.00000     0.00000     2.15509     0.00000     0.63304
     0.00000     0.00000     0.00000     0.00000
     0.00000     0.00000     0.68416     0.00000     0.17745     0.00000
     0.00000     0.00000     0.00000     0.00000
     0.00000     0.00000     0.00000     0.63304     0.00000     0.15412
     0.00000     0.00000     0.00000     0.00000
     0.00000     0.00000     0.00000     0.00000     0.00000     0.00000
     0.14567     0.00000     0.11576     0.00000
     0.00000     0.00000     0.00000     0.00000     0.00000     0.00000
     0.00000     0.15606     0.00000     0.12458
     0.00000     0.00000     0.00000     0.00000     0.00000     0.00000
     0.11576     0.00000     0.09421     0.00000
     0.00000     0.00000     0.00000     0.00000     0.00000     0.00000
     0.00000     0.12458     0.00000     0.10153

     The PAW descreened D coefficients (US)
     1.65081     0.36155     0.00000     0.00000     0.00000     0.00000
     0.00000     0.00000     0.00000     0.00000
     0.36155     0.08062     0.00000     0.00000     0.00000     0.00000
     0.00000     0.00000     0.00000     0.00000
     0.00000     0.00000     1.73165     0.00000     0.00473     0.00000
     0.00000     0.00000     0.00000     0.00000
     0.00000     0.00000     0.00000     1.30399     0.00000     0.06661
     0.00000     0.00000     0.00000     0.00000
     0.00000     0.00000     0.00473     0.00000    -0.11852     0.00000
     0.00000     0.00000     0.00000     0.00000
     0.00000     0.00000     0.00000     0.06661     0.00000    -0.06055
     0.00000     0.00000     0.00000     0.00000
     0.00000     0.00000     0.00000     0.00000     0.00000     0.00000
     0.68343     0.00000     0.55928     0.00000
     0.00000     0.00000     0.00000     0.00000     0.00000     0.00000
     0.00000     0.65707     0.00000     0.54231
     0.00000     0.00000     0.00000     0.00000     0.00000     0.00000
     0.55928     0.00000     0.45884     0.00000
     0.00000     0.00000     0.00000     0.00000     0.00000     0.00000
     0.00000     0.54231     0.00000     0.44860

     ------------------- End of pseudopotential generation -------------------

     --------------------------- All-electron run ----------------------------

     Mo                                                                         
     dirac relativistic calculation

     atomic number is 42.00
     dft = SLA  PZ   NOGX NOGC   lsd =0 sic =0 latt =0  beta=0.20 tr2=1.0E-14
     Exchange-correlation=  SLA  PZ   NOGX NOGC
                           (   1   1   0   0   0   0   0)
     mesh =1229 r(mesh) = 100.71859 a.u. xmin = -7.00 dx = 0.01250
     1 Ry =  13.60569312 eV, c = 137.03599908

     n l j   nl                  e(Ry)          e(Ha)          e(eV)
     Spin orbit split results
     1 0 0.5 1S 1( 2.00)     -1454.2080      -727.1040    -19785.5083
     2 0 0.5 2S 1( 2.00)      -205.3856      -102.6928     -2794.4131
     2 1 0.5 2P 1( 2.00)      -189.0760       -94.5380     -2572.5105
     2 1 1.5 2P 1( 4.00)      -181.2572       -90.6286     -2466.1295
     3 0 0.5 3S 1( 2.00)       -34.9111       -17.4555      -474.9893
     3 1 0.5 3P 1( 2.00)       -28.7009       -14.3505      -390.4958
     3 1 1.5 3P 1( 4.00)       -27.4123       -13.7061      -372.9627
     4 0 0.5 4S 1( 2.00)        -4.7242        -2.3621       -64.2756
     4 1 0.5 4P 1( 2.00)        -2.9542        -1.4771       -40.1939
     4 1 1.5 4P 1( 4.00)        -2.7686        -1.3843       -37.6686
     3 2 1.5 3D 1( 4.00)       -16.3899        -8.1949      -222.9953
     3 2 2.5 3D 1( 6.00)       -16.1456        -8.0728      -219.6725
     4 2 1.5 4D 1( 4.00)        -0.2936        -0.1468        -3.9944
     4 2 2.5 4D 1( 1.00)        -0.2786        -0.1393        -3.7904
     5 0 0.5 5S 1( 1.00)        -0.3167        -0.1584        -4.3096
     5 1 0.5 5P 1( 0.00)        -0.0903        -0.0452        -1.2288
     5 1 1.5 5P 1( 0.00)        -0.0826        -0.0413        -1.1240
     Averaged results
     1 0     1S 1( 2.00)     -1454.2080      -727.1040    -19785.5083
     2 0     2S 1( 2.00)      -205.3856      -102.6928     -2794.4131
     2 1     2P 1( 6.00)      -183.8635       -91.9317     -2501.5898
     3 0     3S 1( 2.00)       -34.9111       -17.4555      -474.9893
     3 1     3P 1( 6.00)       -27.8418       -13.9209      -378.8071
     4 0     4S 1( 2.00)        -4.7242        -2.3621       -64.2756
     4 1     4P 1( 6.00)        -2.8305        -1.4152       -38.5104
     3 2     3D 1(10.00)       -16.2433        -8.1217      -221.0016
     4 2     4D 1( 5.00)        -0.2846        -0.1423        -3.8720
     5 0     5S 1( 1.00)        -0.3167        -0.1584        -4.3096
     5 1     5P 1( 0.00)        -0.0852        -0.0426        -1.1589

     final scf error:  9.6E-15 reached in  26 iterations
 
     Etot =   -8090.029635 Ry,   -4045.014817 Ha, -110070.460567 eV

     Ekin =    8386.416411 Ry,    4193.208205 Ha,  114103.008086 eV
     Encl =  -19555.519098 Ry,   -9777.759549 Ha, -266066.391706 eV
     Eh   =    3317.929310 Ry,    1658.964655 Ha,   45142.727990 eV
     Exc  =    -238.856257 Ry,    -119.428129 Ha,   -3249.804938 eV


     normalization and overlap integrals

     s(1S/1S) =  1.000000  <r> =   0.0352  <r2> =    0.0017  r(max) =   0.0229
     s(1S/2S) =  0.000000
     s(1S/3S) = -0.000000
     s(1S/4S) =  0.000000
     s(1S/5S) =  0.000000
     s(2S/2S) =  1.000000  <r> =   0.1536  <r2> =    0.0279  r(max) =   0.1303
     s(2S/3S) =  0.000000
     s(2S/4S) =  0.000000
     s(2S/5S) =  0.000000
     s(2P/2P) =  1.000000  <r> =   0.1308  <r2> =    0.0210  r(max) =   0.1015
     s(2P/3P) =  0.000000
     s(2P/4P) =  0.000000
     s(2P/5P) =  0.000000
     s(2P/2P) =  1.000000  <r> =   0.1354  <r2> =    0.0224  r(max) =   0.1054
     s(2P/3P) =  0.000000
     s(2P/4P) =  0.000000
     s(2P/5P) =  0.000000
     s(3S/3S) =  1.000000  <r> =   0.4295  <r2> =    0.2115  r(max) =   0.3819
     s(3S/4S) =  0.000000
     s(3S/5S) =  0.000000
     s(3P/3P) =  1.000000  <r> =   0.4239  <r2> =    0.2094  r(max) =   0.3724
     s(3P/4P) =  0.000000
     s(3P/5P) =  0.000000
     s(3P/3P) =  1.000000  <r> =   0.4345  <r2> =    0.2198  r(max) =   0.3819
     s(3P/4P) =  0.000000
     s(3P/5P) =  0.000000
     s(4S/4S) =  1.000000  <r> =   1.1064  <r2> =    1.3902  r(max) =   0.9874
     s(4S/5S) =  0.000000
     s(4P/4P) =  1.000000  <r> =   1.2159  <r2> =    1.6998  r(max) =   1.0511
     s(4P/5P) =  0.000000
     s(4P/4P) =  1.000000  <r> =   1.2481  <r2> =    1.7919  r(max) =   1.0777
     s(4P/5P) = -0.000000
     s(3D/3D) =  1.000000  <r> =   0.4135  <r2> =    0.2059  r(max) =   0.3206
     s(3D/4D) =  0.000000
     s(3D/3D) =  1.000000  <r> =   0.4170  <r2> =    0.2092  r(max) =   0.3246
     s(3D/4D) = -0.000000
     s(4D/4D) =  1.000000  <r> =   1.9916  <r2> =    5.0223  r(max) =   1.3838
     s(4D/4D) =  1.000000  <r> =   2.0242  <r2> =    5.2000  r(max) =   1.4012
     s(5S/5S) =  1.000000  <r> =   3.5526  <r2> =   14.5253  r(max) =   2.9295
     s(5P/5P) =  1.000000  <r> =   5.0498  <r2> =   30.0801  r(max) =   3.9544
     s(5P/5P) =  1.000000  <r> =   5.2150  <r2> =   32.0915  r(max) =   4.1055

     ------------------------ End of All-electron run ------------------------


     ---------------------- Testing the pseudopotential ----------------------

     Mo                                                                         
     dirac relativistic calculation

     atomic number is 42.00   valence charge is 14.00
     dft = SLA  PZ   NOGX NOGC   lsd =0 sic =0 latt =0  beta=0.20 tr2=1.0E-14
     mesh =1229 r(mesh) = 100.71859 xmin = -7.00 dx = 0.01250

     n l  j  nl             e AE (Ry)       e PS (Ry)    De AE-PS (Ry) 
     1 0 0.5 4S   1( 2.00)       -4.72417       -4.72418        0.00001
     2 0 0.5 5S   1( 1.00)       -0.31675       -0.31674       -0.00001
     2 1 0.5 4P   1( 2.00)       -2.95420       -2.95420        0.00000
     2 1 1.5 4P   1( 4.00)       -2.76859       -2.76860        0.00001
     3 1 0.5 5P   1( 0.00)       -0.09032       -0.09031       -0.00000
     3 1 1.5 5P   1( 0.00)       -0.08261       -0.08261        0.00000
     3 2 1.5 4D   1( 4.00)       -0.29358       -0.29358       -0.00000
     3 2 2.5 4D   1( 1.00)       -0.27859       -0.27860        0.00001

     eps = 3.1E-15  iter =  4
 
     Etot =   -8090.029635 Ry,   -4045.014817 Ha, -110070.460567 eV
     Etotps =  -355.031902 Ry,    -177.515951 Ha,   -4830.455106 eV

     Ekin =     195.921970 Ry,      97.960985 Ha,    2665.654194 eV
     Encl =    -425.005410 Ry,    -212.502705 Ha,   -5782.493184 eV
     Ehrt =     112.907823 Ry,      56.453912 Ha,    1536.189196 eV
     Ecxc =    -238.856285 Ry,    -119.428142 Ha,   -3249.805313 eV
     (Ecc =     -10.230594 Ry,      -5.115297 Ha,    -139.194319 eV)

     ---------------------- End of pseudopotential test ----------------------

