[0] MPI startup(): I_MPI_SHM_LMT environment variable is not supported.
[0] MPI startup(): Similar variables:
	 I_MPI_SHM_HEAP
	 I_MPI_SHM
	 I_MPI_SHM_OPT
	 I_MPI_SHM_THP
[0] MPI startup(): To check the list of supported variables, use the impi_info utility or refer to https://software.intel.com/en-us/mpi-library/documentation/get-started.

     Program LD1 v.7.3.1 starts on 19Sep2024 at 21:47:59 

     This program is part of the open-source Quantum ESPRESSO suite
     for quantum simulation of materials; please cite
         "P. Giannozzi et al., J. Phys.:Condens. Matter 21 395502 (2009);
         "P. Giannozzi et al., J. Phys.:Condens. Matter 29 465901 (2017);
         "P. Giannozzi et al., J. Chem. Phys. 152 154105 (2020);
          URL http://www.quantum-espresso.org", 
     in publications or presentations arising from this work. More details at
     http://www.quantum-espresso.org/quote

     Parallel version (MPI), running on     1 processors

     MPI processes distributed on     1 nodes
     89716 MiB available memory on the printing compute node when the environment starts
 
     Waiting for input...
     Reading input from standard input
     --------------------------- All-electron run ----------------------------

     Na                                                                         
     dirac relativistic calculation

     atomic number is 11.00
     dft =LDA   lsd =0 sic =0 latt =0  beta=0.20 tr2=1.0E-14
     Exchange-correlation= LDA
                           (   1   1   0   0   0   0   0)
     mesh =1121 r(mesh) =  99.69392 a.u. xmin = -7.00 dx = 0.01250
     1 Ry =  13.60569312 eV, c = 137.03599908

     n l j   nl                  e(Ry)          e(Ha)          e(eV)
     Spin orbit split results
     1 0 0.5 1S 1( 2.00)       -75.8247       -37.9123     -1031.6474
     2 0 0.5 2S 1( 2.00)        -4.4021        -2.2010       -59.8934
     2 1 0.5 2P 1( 2.00)        -2.3885        -1.1943       -32.4974
     2 1 1.5 2P 1( 4.00)        -2.3753        -1.1877       -32.3179
     3 0 0.5 3S 1( 0.50)        -0.3834        -0.1917        -5.2165
     3 1 0.5 3P 1( 0.00)        -0.1969        -0.0985        -2.6793
     3 1 1.5 3P 1( 0.00)        -0.1966        -0.0983        -2.6749
     Averaged results
     1 0     1S 1( 2.00)       -75.8247       -37.9123     -1031.6474
     2 0     2S 1( 2.00)        -4.4021        -2.2010       -59.8934
     2 1     2P 1( 6.00)        -2.3797        -1.1899       -32.3778
     3 0     3S 1( 0.50)        -0.3834        -0.1917        -5.2165
     3 1     3P 1( 0.00)        -0.1967        -0.0984        -2.6764

     final scf error:  7.1E-15 reached in  20 iterations
 
     Etot =    -323.158533 Ry,    -161.579267 Ha,   -4396.795835 eV

     Ekin =     322.974041 Ry,     161.487021 Ha,    4394.285689 eV
     Encl =    -776.047605 Ry,    -388.023802 Ha,  -10558.665558 eV
     Eh   =     156.862594 Ry,      78.431297 Ha,    2134.224311 eV
     Exc  =     -26.947563 Ry,     -13.473782 Ha,    -366.640277 eV


     normalization and overlap integrals

     s(1S/1S) =  1.000000  <r> =   0.1436  <r2> =    0.0278  r(max) =   0.0932
     s(1S/2S) =  0.000000
     s(1S/3S) = -0.000000
     s(2S/2S) =  1.000000  <r> =   0.7893  <r2> =    0.7553  r(max) =   0.6078
     s(2S/3S) =  0.000000
     s(2P/2P) =  1.000000  <r> =   0.8042  <r2> =    0.8452  r(max) =   0.5364
     s(2P/3P) =  0.000000
     s(2P/2P) =  1.000000  <r> =   0.8067  <r2> =    0.8505  r(max) =   0.5431
     s(2P/3P) = -0.000000
     s(3S/3S) =  1.000000  <r> =   3.6993  <r2> =   15.9787  r(max) =   3.0105
     s(3P/3P) =  1.000000  <r> =   5.0872  <r2> =   30.2759  r(max) =   4.2190
     s(3P/3P) =  1.000000  <r> =   5.0938  <r2> =   30.3513  r(max) =   4.2190

     ------------------------ End of All-electron run ------------------------


     --------------------- Generating US pseudopotential ---------------------


      Generating local pot.: lloc=2, j= 1.50, matching radius rcloc =   2.0000

      Generating local pot.: lloc=2, j= 2.50, matching radius rcloc =   2.0000

     Fully relativistic calculation: |psi|^2

     Wfc 2S LC norm =  0.99981912 SC norm =  0.00018082 missing  0.00000007

     Wfc 3S LC norm =  0.99998771 SC norm =  0.00001022 missing  0.00000207

     Wfc 2P LC norm =  0.99984115 SC norm =  0.00015879 missing  0.00000007

     Wfc 2P LC norm =  0.99984185 SC norm =  0.00015788 missing  0.00000028

     Wfc 3P LC norm =  0.99999299 SC norm =  0.00000590 missing  0.00000111

     Wfc 3P LC norm =  0.99999300 SC norm =  0.00000410 missing  0.00000290
      Wfc-us  2S rcutus= 1.781  Estimated cut-off energy=    17.43 Ry
      Wfc-us  3S rcutus= 1.781  Estimated cut-off energy=    36.80 Ry
      Wfc-us  2P rcutus= 2.018  Estimated cut-off energy=    20.93 Ry
      Wfc-us  2P rcutus= 2.018  Estimated cut-off energy=    20.93 Ry
      Wfc-us  3P rcutus= 2.018  Estimated cut-off energy=    40.75 Ry
      Wfc-us  3P rcutus= 2.018  Estimated cut-off energy=    40.74 Ry

      The bmat matrix
    -0.90787     0.23647     0.00000     0.00000     0.00000     0.00000
    -0.44115    -0.34161     0.00000     0.00000     0.00000     0.00000
     0.00000     0.00000    -0.58407     0.00000    -0.21773     0.00000
     0.00000     0.00000     0.00000    -0.58499     0.00000    -0.21719
     0.00000     0.00000    -0.33230     0.00000    -0.75897     0.00000
     0.00000     0.00000     0.00000    -0.32994     0.00000    -0.75061

      The bmat + epsilon qq matrix
    -2.90333     0.30112     0.00000     0.00000     0.00000     0.00000
     0.30111    -0.26336     0.00000     0.00000     0.00000     0.00000
     0.00000     0.00000    -2.36986     0.00000    -0.20744     0.00000
     0.00000     0.00000     0.00000    -2.35586     0.00000    -0.20702
     0.00000     0.00000    -0.20744     0.00000    -0.73239     0.00000
     0.00000     0.00000     0.00000    -0.20702     0.00000    -0.72434

      The qq matrix
     0.45330    -0.16862     0.00000     0.00000     0.00000     0.00000
    -0.16862    -0.20410     0.00000     0.00000     0.00000     0.00000
     0.00000     0.00000     0.74766     0.00000    -0.05228     0.00000
     0.00000     0.00000     0.00000     0.74553     0.00000    -0.05175
     0.00000     0.00000    -0.05228     0.00000    -0.13498     0.00000
     0.00000     0.00000     0.00000    -0.05175     0.00000    -0.13364

     Q pseudized with Bessel functions
     Expected ecutrho=     106.8262 due to l1=  1   l2=  1

      The ddd matrix
    -0.10561    -0.70136     0.00000     0.00000     0.00000     0.00000
    -0.70136    -1.58329     0.00000     0.00000     0.00000     0.00000
     0.00000     0.00000     2.09524     0.00000    -0.33761     0.00000
     0.00000     0.00000     0.00000     2.09544     0.00000    -0.33459
     0.00000     0.00000    -0.33761     0.00000    -1.59520     0.00000
     0.00000     0.00000     0.00000    -0.33459     0.00000    -1.57801

     ------------------- End of pseudopotential generation -------------------

     --------------------------- All-electron run ----------------------------

     Na                                                                         
     dirac relativistic calculation

     atomic number is 11.00
     dft =LDA   lsd =0 sic =0 latt =0  beta=0.20 tr2=1.0E-14
     Exchange-correlation= LDA
                           (   1   1   0   0   0   0   0)
     mesh =1121 r(mesh) =  99.69392 a.u. xmin = -7.00 dx = 0.01250
     1 Ry =  13.60569312 eV, c = 137.03599908

     n l j   nl                  e(Ry)          e(Ha)          e(eV)
     Spin orbit split results
     1 0 0.5 1S 1( 2.00)       -75.8247       -37.9123     -1031.6474
     2 0 0.5 2S 1( 2.00)        -4.4021        -2.2010       -59.8934
     2 1 0.5 2P 1( 2.00)        -2.3885        -1.1943       -32.4974
     2 1 1.5 2P 1( 4.00)        -2.3753        -1.1877       -32.3179
     3 0 0.5 3S 1( 0.50)        -0.3834        -0.1917        -5.2165
     3 1 0.5 3P 1( 0.00)        -0.1969        -0.0985        -2.6793
     3 1 1.5 3P 1( 0.00)        -0.1966        -0.0983        -2.6749
     Averaged results
     1 0     1S 1( 2.00)       -75.8247       -37.9123     -1031.6474
     2 0     2S 1( 2.00)        -4.4021        -2.2010       -59.8934
     2 1     2P 1( 6.00)        -2.3797        -1.1899       -32.3778
     3 0     3S 1( 0.50)        -0.3834        -0.1917        -5.2165
     3 1     3P 1( 0.00)        -0.1967        -0.0984        -2.6764

     final scf error:  7.1E-15 reached in  20 iterations
 
     Etot =    -323.158533 Ry,    -161.579267 Ha,   -4396.795835 eV

     Ekin =     322.974041 Ry,     161.487021 Ha,    4394.285689 eV
     Encl =    -776.047605 Ry,    -388.023802 Ha,  -10558.665558 eV
     Eh   =     156.862594 Ry,      78.431297 Ha,    2134.224311 eV
     Exc  =     -26.947563 Ry,     -13.473782 Ha,    -366.640277 eV


     normalization and overlap integrals

     s(1S/1S) =  1.000000  <r> =   0.1436  <r2> =    0.0278  r(max) =   0.0932
     s(1S/2S) =  0.000000
     s(1S/3S) = -0.000000
     s(2S/2S) =  1.000000  <r> =   0.7893  <r2> =    0.7553  r(max) =   0.6078
     s(2S/3S) =  0.000000
     s(2P/2P) =  1.000000  <r> =   0.8042  <r2> =    0.8452  r(max) =   0.5364
     s(2P/3P) =  0.000000
     s(2P/2P) =  1.000000  <r> =   0.8067  <r2> =    0.8505  r(max) =   0.5431
     s(2P/3P) = -0.000000
     s(3S/3S) =  1.000000  <r> =   3.6993  <r2> =   15.9787  r(max) =   3.0105
     s(3P/3P) =  1.000000  <r> =   5.0872  <r2> =   30.2759  r(max) =   4.2190
     s(3P/3P) =  1.000000  <r> =   5.0938  <r2> =   30.3513  r(max) =   4.2190

     ------------------------ End of All-electron run ------------------------


     ---------------------- Testing the pseudopotential ----------------------

     Na                                                                         
     dirac relativistic calculation

     atomic number is 11.00   valence charge is  9.00
     dft =LDA   lsd =0 sic =0 latt =0  beta=0.20 tr2=1.0E-14
     mesh =1121 r(mesh) =  99.69392 xmin = -7.00 dx = 0.01250

     n l  j  nl             e AE (Ry)       e PS (Ry)    De AE-PS (Ry) 
     1 0 0.5 2S   1( 2.00)       -4.40209       -4.40209       -0.00000
     2 0 0.5 3S   1( 0.50)       -0.38340       -0.38340       -0.00000
     2 1 0.5 2P   1( 2.00)       -2.38851       -2.38851        0.00000
     2 1 1.5 2P   1( 4.00)       -2.37533       -2.37533        0.00000
     3 1 0.5 3P   1( 0.00)       -0.19692       -0.19692       -0.00000
     3 1 1.5 3P   1( 0.00)       -0.19660       -0.19660       -0.00000

     eps = 2.0E-15  iter =  3
 
     Etot =    -323.158533 Ry,    -161.579267 Ha,   -4396.795835 eV
     Etotps =   -91.822887 Ry,     -45.911444 Ha,   -1249.314026 eV

     Ekin =       8.594868 Ry,       4.297434 Ha,     116.939139 eV
     Encl =    -171.554491 Ry,     -85.777245 Ha,   -2334.117752 eV
     Ehrt =      72.674423 Ry,      36.337212 Ha,     988.785903 eV
     Ecxc =     -13.107062 Ry,      -6.553531 Ha,    -178.330659 eV
     Epseu=      11.569373 Ry,       5.784687 Ha,     157.409343 eV

     ---------------------- End of pseudopotential test ----------------------

