[0] MPI startup(): I_MPI_SHM_LMT environment variable is not supported.
[0] MPI startup(): Similar variables:
	 I_MPI_SHM_HEAP
	 I_MPI_SHM
	 I_MPI_SHM_OPT
	 I_MPI_SHM_THP
[0] MPI startup(): To check the list of supported variables, use the impi_info utility or refer to https://software.intel.com/en-us/mpi-library/documentation/get-started.

     Program LD1 v.7.3.1 starts on 19Sep2024 at 21:47:58 

     This program is part of the open-source Quantum ESPRESSO suite
     for quantum simulation of materials; please cite
         "P. Giannozzi et al., J. Phys.:Condens. Matter 21 395502 (2009);
         "P. Giannozzi et al., J. Phys.:Condens. Matter 29 465901 (2017);
         "P. Giannozzi et al., J. Chem. Phys. 152 154105 (2020);
          URL http://www.quantum-espresso.org", 
     in publications or presentations arising from this work. More details at
     http://www.quantum-espresso.org/quote

     Parallel version (MPI), running on     1 processors

     MPI processes distributed on     1 nodes
     89719 MiB available memory on the printing compute node when the environment starts
 
     Waiting for input...
     Reading input from standard input
     --------------------------- All-electron run ----------------------------

     Na                                                                         
     dirac relativistic calculation

     atomic number is 11.00
     dft =LDA   lsd =0 sic =0 latt =0  beta=0.20 tr2=1.0E-14
     Exchange-correlation= LDA
                           (   1   1   0   0   0   0   0)
     mesh =1121 r(mesh) =  99.69392 a.u. xmin = -7.00 dx = 0.01250
     1 Ry =  13.60569312 eV, c = 137.03599908

     n l j   nl                  e(Ry)          e(Ha)          e(eV)
     Spin orbit split results
     1 0 0.5 1S 1( 2.00)       -75.8247       -37.9123     -1031.6474
     2 0 0.5 2S 1( 2.00)        -4.4021        -2.2010       -59.8934
     2 1 0.5 2P 1( 2.00)        -2.3885        -1.1943       -32.4974
     2 1 1.5 2P 1( 4.00)        -2.3753        -1.1877       -32.3179
     3 0 0.5 3S 1( 0.50)        -0.3834        -0.1917        -5.2165
     3 1 0.5 3P 1( 0.00)        -0.1969        -0.0985        -2.6793
     3 1 1.5 3P 1( 0.00)        -0.1966        -0.0983        -2.6749
     Averaged results
     1 0     1S 1( 2.00)       -75.8247       -37.9123     -1031.6474
     2 0     2S 1( 2.00)        -4.4021        -2.2010       -59.8934
     2 1     2P 1( 6.00)        -2.3797        -1.1899       -32.3778
     3 0     3S 1( 0.50)        -0.3834        -0.1917        -5.2165
     3 1     3P 1( 0.00)        -0.1967        -0.0984        -2.6764

     final scf error:  7.1E-15 reached in  20 iterations
 
     Etot =    -323.158533 Ry,    -161.579267 Ha,   -4396.795835 eV

     Ekin =     322.974041 Ry,     161.487021 Ha,    4394.285689 eV
     Encl =    -776.047605 Ry,    -388.023802 Ha,  -10558.665558 eV
     Eh   =     156.862594 Ry,      78.431297 Ha,    2134.224311 eV
     Exc  =     -26.947563 Ry,     -13.473782 Ha,    -366.640277 eV


     normalization and overlap integrals

     s(1S/1S) =  1.000000  <r> =   0.1436  <r2> =    0.0278  r(max) =   0.0932
     s(1S/2S) =  0.000000
     s(1S/3S) = -0.000000
     s(2S/2S) =  1.000000  <r> =   0.7893  <r2> =    0.7553  r(max) =   0.6078
     s(2S/3S) =  0.000000
     s(2P/2P) =  1.000000  <r> =   0.8042  <r2> =    0.8452  r(max) =   0.5364
     s(2P/3P) =  0.000000
     s(2P/2P) =  1.000000  <r> =   0.8067  <r2> =    0.8505  r(max) =   0.5431
     s(2P/3P) = -0.000000
     s(3S/3S) =  1.000000  <r> =   3.6993  <r2> =   15.9787  r(max) =   3.0105
     s(3P/3P) =  1.000000  <r> =   5.0872  <r2> =   30.2759  r(max) =   4.2190
     s(3P/3P) =  1.000000  <r> =   5.0938  <r2> =   30.3513  r(max) =   4.2190

     ------------------------ End of All-electron run ------------------------


     --------------------- Generating PAW atomic setup --------------------


      Generating local pot.: lloc=2, j= 1.50, matching radius rcloc =   2.0000

      Generating local pot.: lloc=2, j= 2.50, matching radius rcloc =   2.0000

      Computing core charge for PAW: 

       r > 0.22 : true rho core
       r < 0.22 : rho core = a sin(br)/r    a=  35.88  b=  11.62

      Integrated core pseudo-charge :   1.04

     Fully relativistic calculation: |psi|^2

     Wfc 2S LC norm =  0.99981912 SC norm =  0.00018082 missing  0.00000007
     Speed at rcutus      0.415 a.u.,  v/c =  0.003030,  (v/c)^2 = -0.00000918

     Wfc 3S LC norm =  0.99998771 SC norm =  0.00001022 missing  0.00000207
     Speed at rcutus      0.384 a.u.,  v/c =  0.002802,  (v/c)^2 =  0.00000785

     Wfc 2P LC norm =  0.99984115 SC norm =  0.00015879 missing  0.00000007
     Speed at rcutus      0.248 a.u.,  v/c =  0.001809,  (v/c)^2 = -0.00000327

     Wfc 2P LC norm =  0.99984185 SC norm =  0.00015788 missing  0.00000028
     Speed at rcutus      0.248 a.u.,  v/c =  0.001811,  (v/c)^2 = -0.00000328

     Wfc 3P LC norm =  0.99999299 SC norm =  0.00000590 missing  0.00000111
     Speed at rcutus      0.240 a.u.,  v/c =  0.001751,  (v/c)^2 =  0.00000307

     Wfc 3P LC norm =  0.99999300 SC norm =  0.00000410 missing  0.00000290
     Speed at rcutus      0.239 a.u.,  v/c =  0.001743,  (v/c)^2 =  0.00000304
      Wfc-us  2S rcutus= 1.781  Estimated cut-off energy=    17.43 Ry
      Wfc-us  3S rcutus= 1.781  Estimated cut-off energy=    36.80 Ry
      Wfc-us  2P rcutus= 2.018  Estimated cut-off energy=    20.93 Ry
      Wfc-us  2P rcutus= 2.018  Estimated cut-off energy=    20.93 Ry
      Wfc-us  3P rcutus= 2.018  Estimated cut-off energy=    40.75 Ry
      Wfc-us  3P rcutus= 2.018  Estimated cut-off energy=    40.74 Ry

      The bmat matrix
    -0.90787     0.23647     0.00000     0.00000     0.00000     0.00000
    -0.44115    -0.34161     0.00000     0.00000     0.00000     0.00000
     0.00000     0.00000    -0.58407     0.00000    -0.21773     0.00000
     0.00000     0.00000     0.00000    -0.58499     0.00000    -0.21719
     0.00000     0.00000    -0.33230     0.00000    -0.75897     0.00000
     0.00000     0.00000     0.00000    -0.32994     0.00000    -0.75061

      The bmat + epsilon qq matrix
    -2.90333     0.30112     0.00000     0.00000     0.00000     0.00000
     0.30111    -0.26336     0.00000     0.00000     0.00000     0.00000
     0.00000     0.00000    -2.36986     0.00000    -0.20744     0.00000
     0.00000     0.00000     0.00000    -2.35586     0.00000    -0.20702
     0.00000     0.00000    -0.20744     0.00000    -0.73239     0.00000
     0.00000     0.00000     0.00000    -0.20702     0.00000    -0.72434

      The qq matrix
     0.45330    -0.16862     0.00000     0.00000     0.00000     0.00000
    -0.16862    -0.20410     0.00000     0.00000     0.00000     0.00000
     0.00000     0.00000     0.74766     0.00000    -0.05228     0.00000
     0.00000     0.00000     0.00000     0.74553     0.00000    -0.05175
     0.00000     0.00000    -0.05228     0.00000    -0.13498     0.00000
     0.00000     0.00000     0.00000    -0.05175     0.00000    -0.13364


    multipoles (all-electron charge) - (pseudo charge)
        ns l1:ns1 l2    l=0     l=1     l=2     l=3     l=4     l=5  
         1  0:  1  0  0.4533
         2  0:  1  0 -0.1686
         2  0:  2  0 -0.2041
         3  1:  1  0  0.0000 -0.4106
         3  1:  2  0  0.0000  0.0310
         3  1:  3  1  0.7477  0.0000  0.3589
         4  1:  1  0  0.0000 -0.4101
         4  1:  2  0  0.0000  0.0313
         4  1:  3  1  0.7463  0.0000  0.3588
         4  1:  4  1  0.7455  0.0000  0.3588
         5  1:  1  0  0.0000  0.1696
         5  1:  2  0  0.0000  0.0830
         5  1:  3  1 -0.0523  0.0000 -0.1043
         5  1:  4  1 -0.0529  0.0000 -0.1048
         5  1:  5  1 -0.1350  0.0000 -0.0887
         6  1:  1  0  0.0000  0.1682
         6  1:  2  0  0.0000  0.0826
         6  1:  3  1 -0.0512  0.0000 -0.1033
         6  1:  4  1 -0.0517  0.0000 -0.1037
         6  1:  5  1 -0.1343  0.0000 -0.0883
         6  1:  6  1 -0.1336  0.0000 -0.0880
     Required augmentation: PSQ   radius:    1.600000

     Q pseudized with Bessel functions
     Expected ecutrho=     106.8262 due to l1=  1   l2=  1

     Estimated PAW energy = -107.504466 Ryd

     The PAW screened D coefficients
    -2.90333     0.30112     0.00000     0.00000     0.00000     0.00000
     0.30112    -0.26336     0.00000     0.00000     0.00000     0.00000
     0.00000     0.00000    -2.36986     0.00000    -0.20744     0.00000
     0.00000     0.00000     0.00000    -2.35587     0.00000    -0.20702
     0.00000     0.00000    -0.20744     0.00000    -0.73239     0.00000
     0.00000     0.00000     0.00000    -0.20702     0.00000    -0.72434

     The PAW descreened D coefficients (US)
    -0.39104    -0.71471     0.00000     0.00000     0.00000     0.00000
    -0.71471    -1.48788     0.00000     0.00000     0.00000     0.00000
     0.00000     0.00000     1.23049     0.00000    -0.44810     0.00000
     0.00000     0.00000     0.00000     1.23764     0.00000    -0.44420
     0.00000     0.00000    -0.44810     0.00000    -1.85993     0.00000
     0.00000     0.00000     0.00000    -0.44420     0.00000    -1.83997

     ------------------- End of pseudopotential generation -------------------

     --------------------------- All-electron run ----------------------------

     Na                                                                         
     dirac relativistic calculation

     atomic number is 11.00
     dft = SLA  PZ   NOGX NOGC   lsd =0 sic =0 latt =0  beta=0.20 tr2=1.0E-14
     Exchange-correlation=  SLA  PZ   NOGX NOGC
                           (   1   1   0   0   0   0   0)
     mesh =1121 r(mesh) =  99.69392 a.u. xmin = -7.00 dx = 0.01250
     1 Ry =  13.60569312 eV, c = 137.03599908

     n l j   nl                  e(Ry)          e(Ha)          e(eV)
     Spin orbit split results
     1 0 0.5 1S 1( 2.00)       -75.8247       -37.9123     -1031.6474
     2 0 0.5 2S 1( 2.00)        -4.4021        -2.2010       -59.8934
     2 1 0.5 2P 1( 2.00)        -2.3885        -1.1943       -32.4974
     2 1 1.5 2P 1( 4.00)        -2.3753        -1.1877       -32.3179
     3 0 0.5 3S 1( 0.50)        -0.3834        -0.1917        -5.2165
     3 1 0.5 3P 1( 0.00)        -0.1969        -0.0985        -2.6793
     3 1 1.5 3P 1( 0.00)        -0.1966        -0.0983        -2.6749
     Averaged results
     1 0     1S 1( 2.00)       -75.8247       -37.9123     -1031.6474
     2 0     2S 1( 2.00)        -4.4021        -2.2010       -59.8934
     2 1     2P 1( 6.00)        -2.3797        -1.1899       -32.3778
     3 0     3S 1( 0.50)        -0.3834        -0.1917        -5.2165
     3 1     3P 1( 0.00)        -0.1967        -0.0984        -2.6764

     final scf error:  7.1E-15 reached in  20 iterations
 
     Etot =    -323.158533 Ry,    -161.579267 Ha,   -4396.795835 eV

     Ekin =     322.974041 Ry,     161.487021 Ha,    4394.285689 eV
     Encl =    -776.047605 Ry,    -388.023802 Ha,  -10558.665558 eV
     Eh   =     156.862594 Ry,      78.431297 Ha,    2134.224311 eV
     Exc  =     -26.947563 Ry,     -13.473782 Ha,    -366.640277 eV


     normalization and overlap integrals

     s(1S/1S) =  1.000000  <r> =   0.1436  <r2> =    0.0278  r(max) =   0.0932
     s(1S/2S) =  0.000000
     s(1S/3S) = -0.000000
     s(2S/2S) =  1.000000  <r> =   0.7893  <r2> =    0.7553  r(max) =   0.6078
     s(2S/3S) =  0.000000
     s(2P/2P) =  1.000000  <r> =   0.8042  <r2> =    0.8452  r(max) =   0.5364
     s(2P/3P) =  0.000000
     s(2P/2P) =  1.000000  <r> =   0.8067  <r2> =    0.8505  r(max) =   0.5431
     s(2P/3P) = -0.000000
     s(3S/3S) =  1.000000  <r> =   3.6993  <r2> =   15.9787  r(max) =   3.0105
     s(3P/3P) =  1.000000  <r> =   5.0872  <r2> =   30.2759  r(max) =   4.2190
     s(3P/3P) =  1.000000  <r> =   5.0938  <r2> =   30.3513  r(max) =   4.2190

     ------------------------ End of All-electron run ------------------------


     ---------------------- Testing the pseudopotential ----------------------

     Na                                                                         
     dirac relativistic calculation

     atomic number is 11.00   valence charge is  9.00
     dft = SLA  PZ   NOGX NOGC   lsd =0 sic =0 latt =0  beta=0.20 tr2=1.0E-14
     mesh =1121 r(mesh) =  99.69392 xmin = -7.00 dx = 0.01250

     n l  j  nl             e AE (Ry)       e PS (Ry)    De AE-PS (Ry) 
     1 0 0.5 2S   1( 2.00)       -4.40209       -4.40208       -0.00000
     2 0 0.5 3S   1( 0.50)       -0.38340       -0.38340       -0.00000
     2 1 0.5 2P   1( 2.00)       -2.38851       -2.38851       -0.00000
     2 1 1.5 2P   1( 4.00)       -2.37533       -2.37532       -0.00000
     3 1 0.5 3P   1( 0.00)       -0.19692       -0.19692       -0.00000
     3 1 1.5 3P   1( 0.00)       -0.19660       -0.19660       -0.00000

     eps = 3.5E-15  iter =  3
 
     Etot =    -323.158533 Ry,    -161.579267 Ha,   -4396.795835 eV
     Etotps =  -107.504465 Ry,     -53.752232 Ha,   -1462.672759 eV

     Ekin =      99.199366 Ry,      49.599683 Ha,    1349.676138 eV
     Encl =    -256.273403 Ry,    -128.136702 Ha,   -3486.777283 eV
     Ehrt =      76.517141 Ry,      38.258570 Ha,    1041.068736 eV
     Ecxc =     -26.947569 Ry,     -13.473784 Ha,    -366.640350 eV

     ---------------------- End of pseudopotential test ----------------------

