[0] MPI startup(): I_MPI_SHM_LMT environment variable is not supported.
[0] MPI startup(): Similar variables:
	 I_MPI_SHM_HEAP
	 I_MPI_SHM
	 I_MPI_SHM_OPT
	 I_MPI_SHM_THP
[0] MPI startup(): To check the list of supported variables, use the impi_info utility or refer to https://software.intel.com/en-us/mpi-library/documentation/get-started.

     Program LD1 v.7.3.1 starts on 19Sep2024 at 21:48: 0 

     This program is part of the open-source Quantum ESPRESSO suite
     for quantum simulation of materials; please cite
         "P. Giannozzi et al., J. Phys.:Condens. Matter 21 395502 (2009);
         "P. Giannozzi et al., J. Phys.:Condens. Matter 29 465901 (2017);
         "P. Giannozzi et al., J. Chem. Phys. 152 154105 (2020);
          URL http://www.quantum-espresso.org", 
     in publications or presentations arising from this work. More details at
     http://www.quantum-espresso.org/quote

     Parallel version (MPI), running on     1 processors

     MPI processes distributed on     1 nodes
     89711 MiB available memory on the printing compute node when the environment starts
 
     Waiting for input...
     Reading input from standard input
     --------------------------- All-electron run ----------------------------

     Nb                                                                         
     dirac relativistic calculation

     atomic number is 41.00
     dft =LDA   lsd =0 sic =0 latt =0  beta=0.20 tr2=1.0E-14
     Exchange-correlation= LDA
                           (   1   1   0   0   0   0   0)
     mesh =1227 r(mesh) = 100.62774 a.u. xmin = -7.00 dx = 0.01250
     1 Ry =  13.60569312 eV, c = 137.03599908

     n l j   nl                  e(Ry)          e(Ha)          e(eV)
     Spin orbit split results
     1 0 0.5 1S 1( 2.00)     -1379.7909      -689.8955    -18773.0121
     2 0 0.5 2S 1( 2.00)      -192.9987       -96.4994     -2625.8817
     2 1 0.5 2P 1( 2.00)      -177.2460       -88.6230     -2411.5547
     2 1 1.5 2P 1( 4.00)      -170.2185       -85.1092     -2315.9402
     3 0 0.5 3S 1( 2.00)       -32.1505       -16.0753      -437.4304
     3 1 0.5 3P 1( 2.00)       -26.2161       -13.1080      -356.6877
     3 1 1.5 3P 1( 4.00)       -25.0763       -12.5382      -341.1811
     4 0 0.5 4S 1( 2.00)        -4.2850        -2.1425       -58.2998
     4 1 0.5 4P 1( 2.00)        -2.6408        -1.3204       -35.9301
     4 1 1.5 4P 1( 4.00)        -2.4840        -1.2420       -33.7970
     3 2 1.5 3D 1( 4.00)       -14.5546        -7.2773      -198.0253
     3 2 2.5 3D 1( 6.00)       -14.3422        -7.1711      -195.1358
     4 2 1.5 4D 1( 4.00)        -0.2375        -0.1188        -3.2317
     4 2 2.5 4D 1( 0.00)        -0.2262        -0.1131        -3.0773
     5 0 0.5 5S 1( 1.00)        -0.3069        -0.1535        -4.1757
     5 1 0.5 5P 1( 0.00)        -0.0939        -0.0470        -1.2782
     5 1 1.5 5P 1( 0.00)        -0.0869        -0.0434        -1.1822
     Averaged results
     1 0     1S 1( 2.00)     -1379.7909      -689.8955    -18773.0121
     2 0     2S 1( 2.00)      -192.9987       -96.4994     -2625.8817
     2 1     2P 1( 6.00)      -172.5610       -86.2805     -2347.8117
     3 0     3S 1( 2.00)       -32.1505       -16.0753      -437.4304
     3 1     3P 1( 6.00)       -25.4563       -12.7281      -346.3500
     4 0     4S 1( 2.00)        -4.2850        -2.1425       -58.2998
     4 1     4P 1( 6.00)        -2.5363        -1.2681       -34.5081
     3 2     3D 1(10.00)       -14.4272        -7.2136      -196.2916
     4 2     4D 1( 4.00)        -0.2307        -0.1154        -3.1391
     5 0     5S 1( 1.00)        -0.3069        -0.1535        -4.1757
     5 1     5P 1( 0.00)        -0.0892        -0.0446        -1.2142

     final scf error:  4.5E-15 reached in  33 iterations
 
     Etot =   -7632.112361 Ry,   -3816.056181 Ha, -103840.178669 eV

     Ekin =    7898.104151 Ry,    3949.052075 Ha,  107459.181328 eV
     Encl =  -18440.235874 Ry,   -9220.117937 Ha, -250892.190411 eV
     Eh   =    3139.524150 Ry,    1569.762075 Ha,   42715.402133 eV
     Exc  =    -229.504788 Ry,    -114.752394 Ha,   -3122.571718 eV


     normalization and overlap integrals

     s(1S/1S) =  1.000000  <r> =   0.0361  <r2> =    0.0018  r(max) =   0.0235
     s(1S/2S) =  0.000000
     s(1S/3S) = -0.000000
     s(1S/4S) =  0.000000
     s(1S/5S) =  0.000000
     s(2S/2S) =  1.000000  <r> =   0.1579  <r2> =    0.0295  r(max) =   0.1335
     s(2S/3S) =  0.000000
     s(2S/4S) =  0.000000
     s(2S/5S) =  0.000000
     s(2P/2P) =  1.000000  <r> =   0.1347  <r2> =    0.0223  r(max) =   0.1040
     s(2P/3P) =  0.000000
     s(2P/4P) =  0.000000
     s(2P/5P) =  0.000000
     s(2P/2P) =  1.000000  <r> =   0.1392  <r2> =    0.0236  r(max) =   0.1080
     s(2P/3P) =  0.000000
     s(2P/4P) =  0.000000
     s(2P/5P) =  0.000000
     s(3S/3S) =  1.000000  <r> =   0.4439  <r2> =    0.2260  r(max) =   0.3961
     s(3S/4S) =  0.000000
     s(3S/5S) =  0.000000
     s(3P/3P) =  1.000000  <r> =   0.4392  <r2> =    0.2249  r(max) =   0.3815
     s(3P/4P) =  0.000000
     s(3P/5P) =  0.000000
     s(3P/3P) =  1.000000  <r> =   0.4498  <r2> =    0.2357  r(max) =   0.3912
     s(3P/4P) =  0.000000
     s(3P/5P) =  0.000000
     s(4S/4S) =  1.000000  <r> =   1.1580  <r2> =    1.5235  r(max) =   1.0242
     s(4S/5S) =  0.000000
     s(4P/4P) =  1.000000  <r> =   1.2814  <r2> =    1.8894  r(max) =   1.1040
     s(4P/5P) =  0.000000
     s(4P/4P) =  1.000000  <r> =   1.3140  <r2> =    1.9875  r(max) =   1.1319
     s(4P/5P) = -0.000000
     s(3D/3D) =  1.000000  <r> =   0.4313  <r2> =    0.2245  r(max) =   0.3325
     s(3D/4D) =  0.000000
     s(3D/3D) =  1.000000  <r> =   0.4348  <r2> =    0.2280  r(max) =   0.3367
     s(3D/4D) = -0.000000
     s(4D/4D) =  1.000000  <r> =   2.2075  <r2> =    6.2122  r(max) =   1.4902
     s(4D/4D) =  1.000000  <r> =   2.2431  <r2> =    6.4274  r(max) =   1.5090
     s(5S/5S) =  1.000000  <r> =   3.6897  <r2> =   15.6384  r(max) =   3.0769
     s(5P/5P) =  1.000000  <r> =   5.1780  <r2> =   31.4464  r(max) =   4.1018
     s(5P/5P) =  1.000000  <r> =   5.3304  <r2> =   33.3266  r(max) =   4.2585

     ------------------------ End of All-electron run ------------------------


     --------------------- Generating US pseudopotential ---------------------


      Generating local potential from pseudized AE potential:
      Matching radius rcloc =   1.5000

      Local pseudo, rcloc= 1.509 Estimated cut-off energy=    10.95 Ry

      Computing core charge for nlcc: 

       r > 1.01 : true rho core
      Core charge pseudized with two Bessel functions
      Integrated core pseudo-charge :   5.93

     Fully relativistic calculation: |psi|^2

     Wfc 4S LC norm =  0.99973606 SC norm =  0.00026255 missing  0.00000139

     Wfc 5S LC norm =  0.99997214 SC norm =  0.00002550 missing  0.00000236

     Wfc 4P LC norm =  0.99978227 SC norm =  0.00021703 missing  0.00000070

     Wfc 4P LC norm =  0.99979151 SC norm =  0.00020464 missing  0.00000385

     Wfc 4D LC norm =  0.99991326 SC norm =  0.00008617 missing  0.00000057

     Wfc 4D LC norm =  0.99991552 SC norm =  0.00007247 missing  0.00001202
      Wfc-us  4S rcutus= 1.400  Estimated cut-off energy=    25.68 Ry
      Wfc-us  5S rcutus= 1.400  Estimated cut-off energy=    39.97 Ry
      Wfc-us  4P rcutus= 1.710  Estimated cut-off energy=    28.17 Ry
      Wfc-us  4P rcutus= 1.710  Estimated cut-off energy=    28.03 Ry
      Wfc-us  5P rcutus= 1.710  Estimated cut-off energy=    43.66 Ry
      Wfc-us  5P rcutus= 1.710  Estimated cut-off energy=    41.24 Ry
      Wfc-us  4D rcutus= 1.710  Estimated cut-off energy=    38.35 Ry
      Wfc-us  4D rcutus= 1.710  Estimated cut-off energy=    38.31 Ry
      Wfc-us  4D rcutus= 1.710  Estimated cut-off energy=    39.41 Ry
      Wfc-us  4D rcutus= 1.710  Estimated cut-off energy=    39.33 Ry

      The bmat matrix
     7.38821     2.70788     0.00000     0.00000     0.00000     0.00000
     0.00000     0.00000     0.00000     0.00000
     2.06147     0.77125     0.00000     0.00000     0.00000     0.00000
     0.00000     0.00000     0.00000     0.00000
     0.00000     0.00000     1.53023     0.00000     1.44969     0.00000
     0.00000     0.00000     0.00000     0.00000
     0.00000     0.00000     0.00000     1.65930     0.00000     1.44401
     0.00000     0.00000     0.00000     0.00000
     0.00000     0.00000     1.21815     0.00000     1.11016     0.00000
     0.00000     0.00000     0.00000     0.00000
     0.00000     0.00000     0.00000     1.23961     0.00000     1.06657
     0.00000     0.00000     0.00000     0.00000
     0.00000     0.00000     0.00000     0.00000     0.00000     0.00000
     0.11705     0.00000     0.09506     0.00000
     0.00000     0.00000     0.00000     0.00000     0.00000     0.00000
     0.00000     0.12423     0.00000     0.10269
     0.00000     0.00000     0.00000     0.00000     0.00000     0.00000
     0.09744     0.00000     0.07965     0.00000
     0.00000     0.00000     0.00000     0.00000     0.00000     0.00000
     0.00000     0.10446     0.00000     0.08683

      The bmat + epsilon qq matrix
     9.83972     2.75775     0.00000     0.00000     0.00000     0.00000
     0.00000     0.00000     0.00000     0.00000
     2.75776     0.78555     0.00000     0.00000     0.00000     0.00000
     0.00000     0.00000     0.00000     0.00000
     0.00000     0.00000     1.80030     0.00000     1.50377     0.00000
     0.00000     0.00000     0.00000     0.00000
     0.00000     0.00000     0.00000     1.95664     0.00000     1.49553
     0.00000     0.00000     0.00000     0.00000
     0.00000     0.00000     1.50378     0.00000     1.16264     0.00000
     0.00000     0.00000     0.00000     0.00000
     0.00000     0.00000     0.00000     1.49553     0.00000     1.11032
     0.00000     0.00000     0.00000     0.00000
     0.00000     0.00000     0.00000     0.00000     0.00000     0.00000
     0.11593     0.00000     0.09614     0.00000
     0.00000     0.00000     0.00000     0.00000     0.00000     0.00000
     0.00000     0.12349     0.00000     0.10352
     0.00000     0.00000     0.00000     0.00000     0.00000     0.00000
     0.09615     0.00000     0.08080     0.00000
     0.00000     0.00000     0.00000     0.00000     0.00000     0.00000
     0.00000     0.10352     0.00000     0.08776

      The qq matrix
    -0.57212    -0.16250     0.00000     0.00000     0.00000     0.00000
     0.00000     0.00000     0.00000     0.00000
    -0.16250    -0.04659     0.00000     0.00000     0.00000     0.00000
     0.00000     0.00000     0.00000     0.00000
     0.00000     0.00000    -0.10227     0.00000    -0.10816     0.00000
     0.00000     0.00000     0.00000     0.00000
     0.00000     0.00000     0.00000    -0.11970     0.00000    -0.10303
     0.00000     0.00000     0.00000     0.00000
     0.00000     0.00000    -0.10816     0.00000    -0.10496     0.00000
     0.00000     0.00000     0.00000     0.00000
     0.00000     0.00000     0.00000    -0.10303     0.00000    -0.08751
     0.00000     0.00000     0.00000     0.00000
     0.00000     0.00000     0.00000     0.00000     0.00000     0.00000
     0.00473     0.00000     0.00543     0.00000
     0.00000     0.00000     0.00000     0.00000     0.00000     0.00000
     0.00000     0.00325     0.00000     0.00414
     0.00000     0.00000     0.00000     0.00000     0.00000     0.00000
     0.00543     0.00000     0.00576     0.00000
     0.00000     0.00000     0.00000     0.00000     0.00000     0.00000
     0.00000     0.00414     0.00000     0.00467

     Q pseudized with Bessel functions
     Expected ecutrho=     364.1813 due to l1=  2   l2=  2

      The ddd matrix
     0.76352     0.11554     0.00000     0.00000     0.00000     0.00000
     0.00000     0.00000     0.00000     0.00000
     0.11554     0.01073     0.00000     0.00000     0.00000     0.00000
     0.00000     0.00000     0.00000     0.00000
     0.00000     0.00000     0.46364     0.00000     0.03988     0.00000
     0.00000     0.00000     0.00000     0.00000
     0.00000     0.00000     0.00000     0.45884     0.00000     0.14404
     0.00000     0.00000     0.00000     0.00000
     0.00000     0.00000     0.03988     0.00000    -0.29141     0.00000
     0.00000     0.00000     0.00000     0.00000
     0.00000     0.00000     0.00000     0.14404     0.00000    -0.07611
     0.00000     0.00000     0.00000     0.00000
     0.00000     0.00000     0.00000     0.00000     0.00000     0.00000
     0.30172     0.00000     0.26374     0.00000
     0.00000     0.00000     0.00000     0.00000     0.00000     0.00000
     0.00000     0.29424     0.00000     0.25958
     0.00000     0.00000     0.00000     0.00000     0.00000     0.00000
     0.26374     0.00000     0.23149     0.00000
     0.00000     0.00000     0.00000     0.00000     0.00000     0.00000
     0.00000     0.25958     0.00000     0.22991

     ------------------- End of pseudopotential generation -------------------

     --------------------------- All-electron run ----------------------------

     Nb                                                                         
     dirac relativistic calculation

     atomic number is 41.00
     dft =LDA   lsd =0 sic =0 latt =0  beta=0.20 tr2=1.0E-14
     Exchange-correlation= LDA
                           (   1   1   0   0   0   0   0)
     mesh =1227 r(mesh) = 100.62774 a.u. xmin = -7.00 dx = 0.01250
     1 Ry =  13.60569312 eV, c = 137.03599908

     n l j   nl                  e(Ry)          e(Ha)          e(eV)
     Spin orbit split results
     1 0 0.5 1S 1( 2.00)     -1379.7909      -689.8955    -18773.0121
     2 0 0.5 2S 1( 2.00)      -192.9987       -96.4994     -2625.8817
     2 1 0.5 2P 1( 2.00)      -177.2460       -88.6230     -2411.5547
     2 1 1.5 2P 1( 4.00)      -170.2185       -85.1092     -2315.9402
     3 0 0.5 3S 1( 2.00)       -32.1505       -16.0753      -437.4304
     3 1 0.5 3P 1( 2.00)       -26.2161       -13.1080      -356.6877
     3 1 1.5 3P 1( 4.00)       -25.0763       -12.5382      -341.1811
     4 0 0.5 4S 1( 2.00)        -4.2850        -2.1425       -58.2998
     4 1 0.5 4P 1( 2.00)        -2.6408        -1.3204       -35.9301
     4 1 1.5 4P 1( 4.00)        -2.4840        -1.2420       -33.7970
     3 2 1.5 3D 1( 4.00)       -14.5546        -7.2773      -198.0253
     3 2 2.5 3D 1( 6.00)       -14.3422        -7.1711      -195.1358
     4 2 1.5 4D 1( 4.00)        -0.2375        -0.1188        -3.2317
     4 2 2.5 4D 1( 0.00)        -0.2262        -0.1131        -3.0773
     5 0 0.5 5S 1( 1.00)        -0.3069        -0.1535        -4.1757
     5 1 0.5 5P 1( 0.00)        -0.0939        -0.0470        -1.2782
     5 1 1.5 5P 1( 0.00)        -0.0869        -0.0434        -1.1822
     Averaged results
     1 0     1S 1( 2.00)     -1379.7909      -689.8955    -18773.0121
     2 0     2S 1( 2.00)      -192.9987       -96.4994     -2625.8817
     2 1     2P 1( 6.00)      -172.5610       -86.2805     -2347.8117
     3 0     3S 1( 2.00)       -32.1505       -16.0753      -437.4304
     3 1     3P 1( 6.00)       -25.4563       -12.7281      -346.3500
     4 0     4S 1( 2.00)        -4.2850        -2.1425       -58.2998
     4 1     4P 1( 6.00)        -2.5363        -1.2681       -34.5081
     3 2     3D 1(10.00)       -14.4272        -7.2136      -196.2916
     4 2     4D 1( 4.00)        -0.2307        -0.1154        -3.1391
     5 0     5S 1( 1.00)        -0.3069        -0.1535        -4.1757
     5 1     5P 1( 0.00)        -0.0892        -0.0446        -1.2142

     final scf error:  4.5E-15 reached in  33 iterations
 
     Etot =   -7632.112361 Ry,   -3816.056181 Ha, -103840.178669 eV

     Ekin =    7898.104151 Ry,    3949.052075 Ha,  107459.181328 eV
     Encl =  -18440.235874 Ry,   -9220.117937 Ha, -250892.190411 eV
     Eh   =    3139.524150 Ry,    1569.762075 Ha,   42715.402133 eV
     Exc  =    -229.504788 Ry,    -114.752394 Ha,   -3122.571718 eV


     normalization and overlap integrals

     s(1S/1S) =  1.000000  <r> =   0.0361  <r2> =    0.0018  r(max) =   0.0235
     s(1S/2S) =  0.000000
     s(1S/3S) = -0.000000
     s(1S/4S) =  0.000000
     s(1S/5S) =  0.000000
     s(2S/2S) =  1.000000  <r> =   0.1579  <r2> =    0.0295  r(max) =   0.1335
     s(2S/3S) =  0.000000
     s(2S/4S) =  0.000000
     s(2S/5S) =  0.000000
     s(2P/2P) =  1.000000  <r> =   0.1347  <r2> =    0.0223  r(max) =   0.1040
     s(2P/3P) =  0.000000
     s(2P/4P) =  0.000000
     s(2P/5P) =  0.000000
     s(2P/2P) =  1.000000  <r> =   0.1392  <r2> =    0.0236  r(max) =   0.1080
     s(2P/3P) =  0.000000
     s(2P/4P) =  0.000000
     s(2P/5P) =  0.000000
     s(3S/3S) =  1.000000  <r> =   0.4439  <r2> =    0.2260  r(max) =   0.3961
     s(3S/4S) =  0.000000
     s(3S/5S) =  0.000000
     s(3P/3P) =  1.000000  <r> =   0.4392  <r2> =    0.2249  r(max) =   0.3815
     s(3P/4P) =  0.000000
     s(3P/5P) =  0.000000
     s(3P/3P) =  1.000000  <r> =   0.4498  <r2> =    0.2357  r(max) =   0.3912
     s(3P/4P) =  0.000000
     s(3P/5P) =  0.000000
     s(4S/4S) =  1.000000  <r> =   1.1580  <r2> =    1.5235  r(max) =   1.0242
     s(4S/5S) =  0.000000
     s(4P/4P) =  1.000000  <r> =   1.2814  <r2> =    1.8894  r(max) =   1.1040
     s(4P/5P) =  0.000000
     s(4P/4P) =  1.000000  <r> =   1.3140  <r2> =    1.9875  r(max) =   1.1319
     s(4P/5P) = -0.000000
     s(3D/3D) =  1.000000  <r> =   0.4313  <r2> =    0.2245  r(max) =   0.3325
     s(3D/4D) =  0.000000
     s(3D/3D) =  1.000000  <r> =   0.4348  <r2> =    0.2280  r(max) =   0.3367
     s(3D/4D) = -0.000000
     s(4D/4D) =  1.000000  <r> =   2.2075  <r2> =    6.2122  r(max) =   1.4902
     s(4D/4D) =  1.000000  <r> =   2.2431  <r2> =    6.4274  r(max) =   1.5090
     s(5S/5S) =  1.000000  <r> =   3.6897  <r2> =   15.6384  r(max) =   3.0769
     s(5P/5P) =  1.000000  <r> =   5.1780  <r2> =   31.4464  r(max) =   4.1018
     s(5P/5P) =  1.000000  <r> =   5.3304  <r2> =   33.3266  r(max) =   4.2585

     ------------------------ End of All-electron run ------------------------


     ---------------------- Testing the pseudopotential ----------------------

     Nb                                                                         
     dirac relativistic calculation

     atomic number is 41.00   valence charge is 13.00
     dft =LDA   lsd =0 sic =0 latt =0  beta=0.20 tr2=1.0E-14
     mesh =1227 r(mesh) = 100.62774 xmin = -7.00 dx = 0.01250

     n l  j  nl             e AE (Ry)       e PS (Ry)    De AE-PS (Ry) 
     1 0 0.5 4S   1( 2.00)       -4.28495       -4.28496        0.00000
     2 0 0.5 5S   1( 1.00)       -0.30691       -0.30690       -0.00001
     2 1 0.5 4P   1( 2.00)       -2.64081       -2.64081       -0.00000
     2 1 1.5 4P   1( 4.00)       -2.48404       -2.48404        0.00000
     3 2 1.5 4D   1( 4.00)       -0.23752       -0.23751       -0.00001
     3 2 2.5 4D   1( 0.00)       -0.22618       -0.22618        0.00000

     eps = 3.7E-15  iter =  4
 
     Etot =   -7632.112361 Ry,   -3816.056181 Ha, -103840.178669 eV
     Etotps =  -127.121388 Ry,     -63.560694 Ha,   -1729.574598 eV

     Ekin =      42.911478 Ry,      21.455739 Ha,     583.840400 eV
     Encl =    -239.698776 Ry,    -119.849388 Ha,   -3261.267989 eV
     Ehrt =      92.533549 Ry,      46.266775 Ha,    1258.983077 eV
     Ecxc =     -28.374939 Ry,     -14.187470 Ha,    -386.060716 eV
     (Ecc =     -12.918435 Ry,      -6.459218 Ha,    -175.764266 eV)
     Epseu=       5.507300 Ry,       2.753650 Ha,      74.930630 eV

     ---------------------- End of pseudopotential test ----------------------

