[0] MPI startup(): I_MPI_SHM_LMT environment variable is not supported.
[0] MPI startup(): Similar variables:
	 I_MPI_SHM_HEAP
	 I_MPI_SHM
	 I_MPI_SHM_OPT
	 I_MPI_SHM_THP
[0] MPI startup(): To check the list of supported variables, use the impi_info utility or refer to https://software.intel.com/en-us/mpi-library/documentation/get-started.

     Program LD1 v.7.3.1 starts on 19Sep2024 at 21:48: 2 

     This program is part of the open-source Quantum ESPRESSO suite
     for quantum simulation of materials; please cite
         "P. Giannozzi et al., J. Phys.:Condens. Matter 21 395502 (2009);
         "P. Giannozzi et al., J. Phys.:Condens. Matter 29 465901 (2017);
         "P. Giannozzi et al., J. Chem. Phys. 152 154105 (2020);
          URL http://www.quantum-espresso.org", 
     in publications or presentations arising from this work. More details at
     http://www.quantum-espresso.org/quote

     Parallel version (MPI), running on     1 processors

     MPI processes distributed on     1 nodes
     89704 MiB available memory on the printing compute node when the environment starts
 
     Waiting for input...
     Reading input from standard input
     --------------------------- All-electron run ----------------------------

     Ni                                                                         
     dirac relativistic calculation

     atomic number is 28.00
     dft =LDA   lsd =0 sic =0 latt =0  beta=0.20 tr2=1.0E-14
     Exchange-correlation= LDA
                           (   1   1   0   0   0   0   0)
     mesh =1195 r(mesh) =  98.77016 a.u. xmin = -7.00 dx = 0.01250
     1 Ry =  13.60569312 eV, c = 137.03599908

     n l j   nl                  e(Ry)          e(Ha)          e(eV)
     Spin orbit split results
     1 0 0.5 1S 1( 2.00)      -602.1809      -301.0905     -8193.0887
     2 0 0.5 2S 1( 2.00)       -71.9895       -35.9947      -979.4668
     2 1 0.5 2P 1( 2.00)       -62.8783       -31.4392      -855.5033
     2 1 1.5 2P 1( 4.00)       -61.5964       -30.7982      -838.0614
     3 0 0.5 3S 1( 2.00)        -8.1176        -4.0588      -110.4458
     3 1 0.5 3P 1( 2.00)        -5.3439        -2.6719       -72.7072
     3 1 1.5 3P 1( 4.00)        -5.1807        -2.5903       -70.4864
     4 0 0.5 4S 1( 2.00)        -0.4310        -0.2155        -5.8641
     3 2 1.5 3D 1( 4.00)        -0.6808        -0.3404        -9.2631
     3 2 2.5 3D 1( 4.00)        -0.6632        -0.3316        -9.0228
     4 1 0.5 4P 1( 0.00)        -0.1014        -0.0507        -1.3803
     4 1 1.5 4P 1( 0.00)        -0.0972        -0.0486        -1.3231
     Averaged results
     1 0     1S 1( 2.00)      -602.1809      -301.0905     -8193.0887
     2 0     2S 1( 2.00)       -71.9895       -35.9947      -979.4668
     2 1     2P 1( 6.00)       -62.0237       -31.0118      -843.8754
     3 0     3S 1( 2.00)        -8.1176        -4.0588      -110.4458
     3 1     3P 1( 6.00)        -5.2351        -2.6175       -71.2267
     4 0     4S 1( 2.00)        -0.4310        -0.2155        -5.8641
     3 2     3D 1( 8.00)        -0.6702        -0.3351        -9.1189
     4 1     4P 1( 0.00)        -0.0986        -0.0493        -1.3421

     final scf error:  4.3E-15 reached in  33 iterations
 
     Etot =   -3036.209773 Ry,   -1518.104887 Ha,  -41309.738429 eV

     Ekin =    3084.029526 Ry,    1542.014763 Ha,   41960.359314 eV
     Encl =   -7299.957059 Ry,   -3649.978529 Ha,  -99320.975553 eV
     Eh   =    1301.214775 Ry,     650.607388 Ha,   17703.928918 eV
     Exc  =    -121.497015 Ry,     -60.748508 Ha,   -1653.051108 eV


     normalization and overlap integrals

     s(1S/1S) =  1.000000  <r> =   0.0542  <r2> =    0.0039  r(max) =   0.0353
     s(1S/2S) =  0.000000
     s(1S/3S) = -0.000000
     s(1S/4S) =  0.000000
     s(2S/2S) =  1.000000  <r> =   0.2452  <r2> =    0.0710  r(max) =   0.2055
     s(2S/3S) =  0.000000
     s(2S/4S) =  0.000000
     s(2P/2P) =  1.000000  <r> =   0.2133  <r2> =    0.0560  r(max) =   0.1641
     s(2P/3P) =  0.000000
     s(2P/4P) =  0.000000
     s(2P/2P) =  1.000000  <r> =   0.2166  <r2> =    0.0575  r(max) =   0.1662
     s(2P/3P) =  0.000000
     s(2P/4P) =  0.000000
     s(3S/3S) =  1.000000  <r> =   0.7414  <r2> =    0.6357  r(max) =   0.6410
     s(3S/4S) =  0.000000
     s(3P/3P) =  1.000000  <r> =   0.7725  <r2> =    0.7059  r(max) =   0.6410
     s(3P/4P) =  0.000000
     s(3P/3P) =  1.000000  <r> =   0.7828  <r2> =    0.7249  r(max) =   0.6491
     s(3P/4P) = -0.000000
     s(4S/4S) =  1.000000  <r> =   2.7831  <r2> =    9.0573  r(max) =   2.2096
     s(3D/3D) =  1.000000  <r> =   1.0070  <r2> =    1.3765  r(max) =   0.6252
     s(3D/3D) =  1.000000  <r> =   1.0149  <r2> =    1.4002  r(max) =   0.6252
     s(4P/4P) =  1.000000  <r> =   4.1709  <r2> =   21.1164  r(max) =   3.0966
     s(4P/4P) =  1.000000  <r> =   4.2370  <r2> =   21.7925  r(max) =   3.1750

     ------------------------ End of All-electron run ------------------------


     --------------------- Generating US pseudopotential ---------------------


      Generating local potential from pseudized AE potential:
      Matching radius rcloc =   2.1000

      Local pseudo, rcloc= 2.102 Estimated cut-off energy=     5.54 Ry

      Computing core charge for nlcc: 

       r > 1.01 : true rho core
      Core charge pseudized with two Bessel functions
      Integrated core pseudo-charge :  10.10

     Fully relativistic calculation: |psi|^2

     Wfc 4S LC norm =  0.99996490 SC norm =  0.00003232 missing  0.00000278

     Wfc 4P LC norm =  0.99998469 SC norm =  0.00001493 missing  0.00000037

     Wfc 4P LC norm =  0.99998517 SC norm =  0.00001099 missing  0.00000384

     Wfc 3D LC norm =  0.99975964 SC norm =  0.00024035 missing  0.00000002

     Wfc 3D LC norm =  0.99976207 SC norm =  0.00023715 missing  0.00000079
      Wfc-us  4S rcutus= 2.210  Estimated cut-off energy=     9.08 Ry
      Wfc-us  4S rcutus= 2.210  Estimated cut-off energy=    23.26 Ry
      Wfc-us  4P rcutus= 2.210  Estimated cut-off energy=    14.63 Ry
      Wfc-us  4P rcutus= 2.210  Estimated cut-off energy=    14.59 Ry
      Wfc-us  4P rcutus= 2.210  Estimated cut-off energy=    31.83 Ry
      Wfc-us  4P rcutus= 2.210  Estimated cut-off energy=    31.63 Ry
      Wfc-us  3D rcutus= 1.809  Estimated cut-off energy=    36.00 Ry
      Wfc-us  3D rcutus= 1.809  Estimated cut-off energy=    35.98 Ry
      Wfc-us  3D rcutus= 1.809  Estimated cut-off energy=    42.07 Ry
      Wfc-us  3D rcutus= 1.809  Estimated cut-off energy=    41.30 Ry

      The bmat matrix
     0.61806     0.46941     0.00000     0.00000     0.00000     0.00000
     0.00000     0.00000     0.00000     0.00000
     0.36988     0.40807     0.00000     0.00000     0.00000     0.00000
     0.00000     0.00000     0.00000     0.00000
     0.00000     0.00000     0.10136     0.00000     0.27198     0.00000
     0.00000     0.00000     0.00000     0.00000
     0.00000     0.00000     0.00000     0.09677     0.00000     0.26496
     0.00000     0.00000     0.00000     0.00000
     0.00000     0.00000     0.18573     0.00000     0.89625     0.00000
     0.00000     0.00000     0.00000     0.00000
     0.00000     0.00000     0.00000     0.18627     0.00000     0.90449
     0.00000     0.00000     0.00000     0.00000
     0.00000     0.00000     0.00000     0.00000     0.00000     0.00000
    -1.28507     0.00000    -0.74035     0.00000
     0.00000     0.00000     0.00000     0.00000     0.00000     0.00000
     0.00000    -1.28598     0.00000    -0.73581
     0.00000     0.00000     0.00000     0.00000     0.00000     0.00000
    -0.64607     0.00000    -0.37546     0.00000
     0.00000     0.00000     0.00000     0.00000     0.00000     0.00000
     0.00000    -0.64821     0.00000    -0.37336

      The bmat + epsilon qq matrix
     0.65543     0.37630     0.00000     0.00000     0.00000     0.00000
     0.00000     0.00000     0.00000     0.00000
     0.37625     0.76528     0.00000     0.00000     0.00000     0.00000
     0.00000     0.00000     0.00000     0.00000
     0.00000     0.00000     0.10207     0.00000     0.18705     0.00000
     0.00000     0.00000     0.00000     0.00000
     0.00000     0.00000     0.00000     0.09732     0.00000     0.18745
     0.00000     0.00000     0.00000     0.00000
     0.00000     0.00000     0.18705     0.00000     0.83479     0.00000
     0.00000     0.00000     0.00000     0.00000
     0.00000     0.00000     0.00000     0.18743     0.00000     0.84665
     0.00000     0.00000     0.00000     0.00000
     0.00000     0.00000     0.00000     0.00000     0.00000     0.00000
    -1.69827     0.00000    -0.87463     0.00000
     0.00000     0.00000     0.00000     0.00000     0.00000     0.00000
     0.00000    -1.68504     0.00000    -0.86897
     0.00000     0.00000     0.00000     0.00000     0.00000     0.00000
    -0.87463     0.00000    -0.44982     0.00000
     0.00000     0.00000     0.00000     0.00000     0.00000     0.00000
     0.00000    -0.86896     0.00000    -0.44708

      The qq matrix
    -0.08671    -0.01478     0.00000     0.00000     0.00000     0.00000
     0.00000     0.00000     0.00000     0.00000
    -0.01478     0.05670     0.00000     0.00000     0.00000     0.00000
     0.00000     0.00000     0.00000     0.00000
     0.00000     0.00000    -0.00700     0.00000    -0.01307     0.00000
     0.00000     0.00000     0.00000     0.00000
     0.00000     0.00000     0.00000    -0.00565     0.00000    -0.01192
     0.00000     0.00000     0.00000     0.00000
     0.00000     0.00000    -0.01307     0.00000    -0.00946     0.00000
     0.00000     0.00000     0.00000     0.00000
     0.00000     0.00000     0.00000    -0.01192     0.00000    -0.00890
     0.00000     0.00000     0.00000     0.00000
     0.00000     0.00000     0.00000     0.00000     0.00000     0.00000
     0.60691     0.00000     0.33571     0.00000
     0.00000     0.00000     0.00000     0.00000     0.00000     0.00000
     0.00000     0.60176     0.00000     0.33288
     0.00000     0.00000     0.00000     0.00000     0.00000     0.00000
     0.33571     0.00000     0.18591     0.00000
     0.00000     0.00000     0.00000     0.00000     0.00000     0.00000
     0.00000     0.33288     0.00000     0.18431

     Q pseudized with Bessel functions
     Expected ecutrho=     235.7711 due to l1=  2   l2=  2

      The ddd matrix
     0.37421     0.39134     0.00000     0.00000     0.00000     0.00000
     0.00000     0.00000     0.00000     0.00000
     0.39134     1.01175     0.00000     0.00000     0.00000     0.00000
     0.00000     0.00000     0.00000     0.00000
     0.00000     0.00000     0.10711     0.00000     0.18579     0.00000
     0.00000     0.00000     0.00000     0.00000
     0.00000     0.00000     0.00000     0.10710     0.00000     0.19236
     0.00000     0.00000     0.00000     0.00000
     0.00000     0.00000     0.18579     0.00000     1.14737     0.00000
     0.00000     0.00000     0.00000     0.00000
     0.00000     0.00000     0.00000     0.19236     0.00000     1.02476
     0.00000     0.00000     0.00000     0.00000
     0.00000     0.00000     0.00000     0.00000     0.00000     0.00000
     1.38915     0.00000     0.84314     0.00000
     0.00000     0.00000     0.00000     0.00000     0.00000     0.00000
     0.00000     1.37417     0.00000     0.83218
     0.00000     0.00000     0.00000     0.00000     0.00000     0.00000
     0.84314     0.00000     0.50670     0.00000
     0.00000     0.00000     0.00000     0.00000     0.00000     0.00000
     0.00000     0.83218     0.00000     0.49949

     ------------------- End of pseudopotential generation -------------------

     --------------------------- All-electron run ----------------------------

     Ni                                                                         
     dirac relativistic calculation

     atomic number is 28.00
     dft =LDA   lsd =0 sic =0 latt =0  beta=0.20 tr2=1.0E-14
     Exchange-correlation= LDA
                           (   1   1   0   0   0   0   0)
     mesh =1195 r(mesh) =  98.77016 a.u. xmin = -7.00 dx = 0.01250
     1 Ry =  13.60569312 eV, c = 137.03599908

     n l j   nl                  e(Ry)          e(Ha)          e(eV)
     Spin orbit split results
     1 0 0.5 1S 1( 2.00)      -602.1809      -301.0905     -8193.0887
     2 0 0.5 2S 1( 2.00)       -71.9895       -35.9947      -979.4668
     2 1 0.5 2P 1( 2.00)       -62.8783       -31.4392      -855.5033
     2 1 1.5 2P 1( 4.00)       -61.5964       -30.7982      -838.0614
     3 0 0.5 3S 1( 2.00)        -8.1176        -4.0588      -110.4458
     3 1 0.5 3P 1( 2.00)        -5.3439        -2.6719       -72.7072
     3 1 1.5 3P 1( 4.00)        -5.1807        -2.5903       -70.4864
     4 0 0.5 4S 1( 2.00)        -0.4310        -0.2155        -5.8641
     3 2 1.5 3D 1( 4.00)        -0.6808        -0.3404        -9.2631
     3 2 2.5 3D 1( 4.00)        -0.6632        -0.3316        -9.0228
     4 1 0.5 4P 1( 0.00)        -0.1014        -0.0507        -1.3803
     4 1 1.5 4P 1( 0.00)        -0.0972        -0.0486        -1.3231
     Averaged results
     1 0     1S 1( 2.00)      -602.1809      -301.0905     -8193.0887
     2 0     2S 1( 2.00)       -71.9895       -35.9947      -979.4668
     2 1     2P 1( 6.00)       -62.0237       -31.0118      -843.8754
     3 0     3S 1( 2.00)        -8.1176        -4.0588      -110.4458
     3 1     3P 1( 6.00)        -5.2351        -2.6175       -71.2267
     4 0     4S 1( 2.00)        -0.4310        -0.2155        -5.8641
     3 2     3D 1( 8.00)        -0.6702        -0.3351        -9.1189
     4 1     4P 1( 0.00)        -0.0986        -0.0493        -1.3421

     final scf error:  4.3E-15 reached in  33 iterations
 
     Etot =   -3036.209773 Ry,   -1518.104887 Ha,  -41309.738429 eV

     Ekin =    3084.029526 Ry,    1542.014763 Ha,   41960.359314 eV
     Encl =   -7299.957059 Ry,   -3649.978529 Ha,  -99320.975553 eV
     Eh   =    1301.214775 Ry,     650.607388 Ha,   17703.928918 eV
     Exc  =    -121.497015 Ry,     -60.748508 Ha,   -1653.051108 eV


     normalization and overlap integrals

     s(1S/1S) =  1.000000  <r> =   0.0542  <r2> =    0.0039  r(max) =   0.0353
     s(1S/2S) =  0.000000
     s(1S/3S) = -0.000000
     s(1S/4S) =  0.000000
     s(2S/2S) =  1.000000  <r> =   0.2452  <r2> =    0.0710  r(max) =   0.2055
     s(2S/3S) =  0.000000
     s(2S/4S) =  0.000000
     s(2P/2P) =  1.000000  <r> =   0.2133  <r2> =    0.0560  r(max) =   0.1641
     s(2P/3P) =  0.000000
     s(2P/4P) =  0.000000
     s(2P/2P) =  1.000000  <r> =   0.2166  <r2> =    0.0575  r(max) =   0.1662
     s(2P/3P) =  0.000000
     s(2P/4P) =  0.000000
     s(3S/3S) =  1.000000  <r> =   0.7414  <r2> =    0.6357  r(max) =   0.6410
     s(3S/4S) =  0.000000
     s(3P/3P) =  1.000000  <r> =   0.7725  <r2> =    0.7059  r(max) =   0.6410
     s(3P/4P) =  0.000000
     s(3P/3P) =  1.000000  <r> =   0.7828  <r2> =    0.7249  r(max) =   0.6491
     s(3P/4P) = -0.000000
     s(4S/4S) =  1.000000  <r> =   2.7831  <r2> =    9.0573  r(max) =   2.2096
     s(3D/3D) =  1.000000  <r> =   1.0070  <r2> =    1.3765  r(max) =   0.6252
     s(3D/3D) =  1.000000  <r> =   1.0149  <r2> =    1.4002  r(max) =   0.6252
     s(4P/4P) =  1.000000  <r> =   4.1709  <r2> =   21.1164  r(max) =   3.0966
     s(4P/4P) =  1.000000  <r> =   4.2370  <r2> =   21.7925  r(max) =   3.1750

     ------------------------ End of All-electron run ------------------------


     ---------------------- Testing the pseudopotential ----------------------

     Ni                                                                         
     dirac relativistic calculation

     atomic number is 28.00   valence charge is 10.00
     dft =LDA   lsd =0 sic =0 latt =0  beta=0.20 tr2=1.0E-14
     mesh =1195 r(mesh) =  98.77016 xmin = -7.00 dx = 0.01250

     n l  j  nl             e AE (Ry)       e PS (Ry)    De AE-PS (Ry) 
     1 0 0.5 4S   1( 2.00)       -0.43100       -0.43100        0.00000
     2 1 0.5 4P   1( 0.00)       -0.10145       -0.10145       -0.00000
     2 1 1.5 4P   1( 0.00)       -0.09724       -0.09725        0.00000
     3 2 1.5 3D   1( 4.00)       -0.68083       -0.68083        0.00000
     3 2 2.5 3D   1( 4.00)       -0.66316       -0.66316        0.00000

     eps = 4.2E-16  iter =  4
 
     Etot =   -3036.209773 Ry,   -1518.104887 Ha,  -41309.738429 eV
     Etotps =   -99.565124 Ry,     -49.782562 Ha,   -1354.652523 eV

     Ekin =      17.440058 Ry,       8.720029 Ha,     237.284074 eV
     Encl =    -162.817818 Ry,     -81.408909 Ha,   -2215.249264 eV
     Ehrt =      74.256736 Ry,      37.128368 Ha,    1010.314365 eV
     Ecxc =     -40.245806 Ry,     -20.122903 Ha,    -547.572088 eV
     (Ecc =     -20.834336 Ry,     -10.417168 Ha,    -283.465587 eV)
     Epseu=      11.801706 Ry,       5.900853 Ha,     160.570390 eV

     ---------------------- End of pseudopotential test ----------------------

