[0] MPI startup(): I_MPI_SHM_LMT environment variable is not supported.
[0] MPI startup(): Similar variables:
	 I_MPI_SHM_HEAP
	 I_MPI_SHM
	 I_MPI_SHM_OPT
	 I_MPI_SHM_THP
[0] MPI startup(): To check the list of supported variables, use the impi_info utility or refer to https://software.intel.com/en-us/mpi-library/documentation/get-started.

     Program LD1 v.7.3.1 starts on 19Sep2024 at 21:48: 1 

     This program is part of the open-source Quantum ESPRESSO suite
     for quantum simulation of materials; please cite
         "P. Giannozzi et al., J. Phys.:Condens. Matter 21 395502 (2009);
         "P. Giannozzi et al., J. Phys.:Condens. Matter 29 465901 (2017);
         "P. Giannozzi et al., J. Chem. Phys. 152 154105 (2020);
          URL http://www.quantum-espresso.org", 
     in publications or presentations arising from this work. More details at
     http://www.quantum-espresso.org/quote

     Parallel version (MPI), running on     1 processors

     MPI processes distributed on     1 nodes
     89705 MiB available memory on the printing compute node when the environment starts
 
     Waiting for input...
     Reading input from standard input
     --------------------------- All-electron run ----------------------------

     Ni                                                                         
     dirac relativistic calculation

     atomic number is 28.00
     dft =LDA   lsd =0 sic =0 latt =0  beta=0.20 tr2=1.0E-14
     Exchange-correlation= LDA
                           (   1   1   0   0   0   0   0)
     mesh =1195 r(mesh) =  98.77016 a.u. xmin = -7.00 dx = 0.01250
     1 Ry =  13.60569312 eV, c = 137.03599908

     n l j   nl                  e(Ry)          e(Ha)          e(eV)
     Spin orbit split results
     1 0 0.5 1S 1( 2.00)      -602.1809      -301.0905     -8193.0887
     2 0 0.5 2S 1( 2.00)       -71.9895       -35.9947      -979.4668
     2 1 0.5 2P 1( 2.00)       -62.8783       -31.4392      -855.5033
     2 1 1.5 2P 1( 4.00)       -61.5964       -30.7982      -838.0614
     3 0 0.5 3S 1( 2.00)        -8.1176        -4.0588      -110.4458
     3 1 0.5 3P 1( 2.00)        -5.3439        -2.6719       -72.7072
     3 1 1.5 3P 1( 4.00)        -5.1807        -2.5903       -70.4864
     4 0 0.5 4S 1( 2.00)        -0.4310        -0.2155        -5.8641
     3 2 1.5 3D 1( 4.00)        -0.6808        -0.3404        -9.2631
     3 2 2.5 3D 1( 4.00)        -0.6632        -0.3316        -9.0228
     4 1 0.5 4P 1( 0.00)        -0.1014        -0.0507        -1.3803
     4 1 1.5 4P 1( 0.00)        -0.0972        -0.0486        -1.3231
     Averaged results
     1 0     1S 1( 2.00)      -602.1809      -301.0905     -8193.0887
     2 0     2S 1( 2.00)       -71.9895       -35.9947      -979.4668
     2 1     2P 1( 6.00)       -62.0237       -31.0118      -843.8754
     3 0     3S 1( 2.00)        -8.1176        -4.0588      -110.4458
     3 1     3P 1( 6.00)        -5.2351        -2.6175       -71.2267
     4 0     4S 1( 2.00)        -0.4310        -0.2155        -5.8641
     3 2     3D 1( 8.00)        -0.6702        -0.3351        -9.1189
     4 1     4P 1( 0.00)        -0.0986        -0.0493        -1.3421

     final scf error:  4.3E-15 reached in  33 iterations
 
     Etot =   -3036.209773 Ry,   -1518.104887 Ha,  -41309.738429 eV

     Ekin =    3084.029526 Ry,    1542.014763 Ha,   41960.359314 eV
     Encl =   -7299.957059 Ry,   -3649.978529 Ha,  -99320.975553 eV
     Eh   =    1301.214775 Ry,     650.607388 Ha,   17703.928918 eV
     Exc  =    -121.497015 Ry,     -60.748508 Ha,   -1653.051108 eV


     normalization and overlap integrals

     s(1S/1S) =  1.000000  <r> =   0.0542  <r2> =    0.0039  r(max) =   0.0353
     s(1S/2S) =  0.000000
     s(1S/3S) = -0.000000
     s(1S/4S) =  0.000000
     s(2S/2S) =  1.000000  <r> =   0.2452  <r2> =    0.0710  r(max) =   0.2055
     s(2S/3S) =  0.000000
     s(2S/4S) =  0.000000
     s(2P/2P) =  1.000000  <r> =   0.2133  <r2> =    0.0560  r(max) =   0.1641
     s(2P/3P) =  0.000000
     s(2P/4P) =  0.000000
     s(2P/2P) =  1.000000  <r> =   0.2166  <r2> =    0.0575  r(max) =   0.1662
     s(2P/3P) =  0.000000
     s(2P/4P) =  0.000000
     s(3S/3S) =  1.000000  <r> =   0.7414  <r2> =    0.6357  r(max) =   0.6410
     s(3S/4S) =  0.000000
     s(3P/3P) =  1.000000  <r> =   0.7725  <r2> =    0.7059  r(max) =   0.6410
     s(3P/4P) =  0.000000
     s(3P/3P) =  1.000000  <r> =   0.7828  <r2> =    0.7249  r(max) =   0.6491
     s(3P/4P) = -0.000000
     s(4S/4S) =  1.000000  <r> =   2.7831  <r2> =    9.0573  r(max) =   2.2096
     s(3D/3D) =  1.000000  <r> =   1.0070  <r2> =    1.3765  r(max) =   0.6252
     s(3D/3D) =  1.000000  <r> =   1.0149  <r2> =    1.4002  r(max) =   0.6252
     s(4P/4P) =  1.000000  <r> =   4.1709  <r2> =   21.1164  r(max) =   3.0966
     s(4P/4P) =  1.000000  <r> =   4.2370  <r2> =   21.7925  r(max) =   3.1750

     ------------------------ End of All-electron run ------------------------


     --------------------- Generating PAW atomic setup --------------------


      Generating local potential from pseudized AE potential:
      Matching radius rcloc =   2.1000

      Local pseudo, rcloc= 2.102 Estimated cut-off energy=     5.54 Ry

      Computing core charge for nlcc: 

       r > 1.01 : true rho core
      Core charge pseudized with two Bessel functions
      Integrated core pseudo-charge :  10.10

     Fully relativistic calculation: |psi|^2

     Wfc 4S LC norm =  0.99996490 SC norm =  0.00003232 missing  0.00000278
     Speed at rcutus      0.527 a.u.,  v/c =  0.003848,  (v/c)^2 =  0.00001481

     Wfc 4P LC norm =  0.99998469 SC norm =  0.00001493 missing  0.00000037
     Speed at rcutus      0.438 a.u.,  v/c =  0.003198,  (v/c)^2 =  0.00001022

     Wfc 4P LC norm =  0.99998517 SC norm =  0.00001099 missing  0.00000384
     Speed at rcutus      0.430 a.u.,  v/c =  0.003138,  (v/c)^2 =  0.00000985

     Wfc 3D LC norm =  0.99975964 SC norm =  0.00024035 missing  0.00000002
     Speed at rcutus      0.415 a.u.,  v/c =  0.003026,  (v/c)^2 =  0.00000915

     Wfc 3D LC norm =  0.99976207 SC norm =  0.00023715 missing  0.00000079
     Speed at rcutus      0.422 a.u.,  v/c =  0.003077,  (v/c)^2 =  0.00000947
      Wfc-us  4S rcutus= 2.210  Estimated cut-off energy=     9.08 Ry
      Wfc-us  4S rcutus= 2.210  Estimated cut-off energy=    23.26 Ry
      Wfc-us  4P rcutus= 2.210  Estimated cut-off energy=    14.63 Ry
      Wfc-us  4P rcutus= 2.210  Estimated cut-off energy=    14.59 Ry
      Wfc-us  4P rcutus= 2.210  Estimated cut-off energy=    31.83 Ry
      Wfc-us  4P rcutus= 2.210  Estimated cut-off energy=    31.63 Ry
      Wfc-us  3D rcutus= 1.809  Estimated cut-off energy=    36.00 Ry
      Wfc-us  3D rcutus= 1.809  Estimated cut-off energy=    35.98 Ry
      Wfc-us  3D rcutus= 1.809  Estimated cut-off energy=    42.07 Ry
      Wfc-us  3D rcutus= 1.809  Estimated cut-off energy=    41.30 Ry

      The bmat matrix
     0.61806     0.46941     0.00000     0.00000     0.00000     0.00000
     0.00000     0.00000     0.00000     0.00000
     0.36988     0.40807     0.00000     0.00000     0.00000     0.00000
     0.00000     0.00000     0.00000     0.00000
     0.00000     0.00000     0.10136     0.00000     0.27198     0.00000
     0.00000     0.00000     0.00000     0.00000
     0.00000     0.00000     0.00000     0.09677     0.00000     0.26496
     0.00000     0.00000     0.00000     0.00000
     0.00000     0.00000     0.18573     0.00000     0.89625     0.00000
     0.00000     0.00000     0.00000     0.00000
     0.00000     0.00000     0.00000     0.18627     0.00000     0.90449
     0.00000     0.00000     0.00000     0.00000
     0.00000     0.00000     0.00000     0.00000     0.00000     0.00000
    -1.28507     0.00000    -0.74035     0.00000
     0.00000     0.00000     0.00000     0.00000     0.00000     0.00000
     0.00000    -1.28598     0.00000    -0.73581
     0.00000     0.00000     0.00000     0.00000     0.00000     0.00000
    -0.64607     0.00000    -0.37546     0.00000
     0.00000     0.00000     0.00000     0.00000     0.00000     0.00000
     0.00000    -0.64821     0.00000    -0.37336

      The bmat + epsilon qq matrix
     0.65543     0.37630     0.00000     0.00000     0.00000     0.00000
     0.00000     0.00000     0.00000     0.00000
     0.37625     0.76528     0.00000     0.00000     0.00000     0.00000
     0.00000     0.00000     0.00000     0.00000
     0.00000     0.00000     0.10207     0.00000     0.18705     0.00000
     0.00000     0.00000     0.00000     0.00000
     0.00000     0.00000     0.00000     0.09732     0.00000     0.18745
     0.00000     0.00000     0.00000     0.00000
     0.00000     0.00000     0.18705     0.00000     0.83479     0.00000
     0.00000     0.00000     0.00000     0.00000
     0.00000     0.00000     0.00000     0.18743     0.00000     0.84665
     0.00000     0.00000     0.00000     0.00000
     0.00000     0.00000     0.00000     0.00000     0.00000     0.00000
    -1.69827     0.00000    -0.87463     0.00000
     0.00000     0.00000     0.00000     0.00000     0.00000     0.00000
     0.00000    -1.68504     0.00000    -0.86897
     0.00000     0.00000     0.00000     0.00000     0.00000     0.00000
    -0.87463     0.00000    -0.44982     0.00000
     0.00000     0.00000     0.00000     0.00000     0.00000     0.00000
     0.00000    -0.86896     0.00000    -0.44708

      The qq matrix
    -0.08671    -0.01478     0.00000     0.00000     0.00000     0.00000
     0.00000     0.00000     0.00000     0.00000
    -0.01478     0.05670     0.00000     0.00000     0.00000     0.00000
     0.00000     0.00000     0.00000     0.00000
     0.00000     0.00000    -0.00700     0.00000    -0.01307     0.00000
     0.00000     0.00000     0.00000     0.00000
     0.00000     0.00000     0.00000    -0.00565     0.00000    -0.01192
     0.00000     0.00000     0.00000     0.00000
     0.00000     0.00000    -0.01307     0.00000    -0.00946     0.00000
     0.00000     0.00000     0.00000     0.00000
     0.00000     0.00000     0.00000    -0.01192     0.00000    -0.00890
     0.00000     0.00000     0.00000     0.00000
     0.00000     0.00000     0.00000     0.00000     0.00000     0.00000
     0.60691     0.00000     0.33571     0.00000
     0.00000     0.00000     0.00000     0.00000     0.00000     0.00000
     0.00000     0.60176     0.00000     0.33288
     0.00000     0.00000     0.00000     0.00000     0.00000     0.00000
     0.33571     0.00000     0.18591     0.00000
     0.00000     0.00000     0.00000     0.00000     0.00000     0.00000
     0.00000     0.33288     0.00000     0.18431


    multipoles (all-electron charge) - (pseudo charge)
        ns l1:ns1 l2    l=0     l=1     l=2     l=3     l=4     l=5  
         1  0:  1  0 -0.0867
         2  0:  1  0 -0.0148
         2  0:  2  0  0.0567
         3  1:  1  0  0.0000  0.0427
         3  1:  2  0  0.0000  0.0102
         3  1:  3  1 -0.0070  0.0000 -0.0261
         4  1:  1  0  0.0000  0.0408
         4  1:  2  0  0.0000  0.0104
         4  1:  3  1 -0.0063  0.0000 -0.0251
         4  1:  4  1 -0.0056  0.0000 -0.0241
         5  1:  1  0  0.0000  0.0735
         5  1:  2  0  0.0000 -0.0132
         5  1:  3  1 -0.0131  0.0000 -0.0350
         5  1:  4  1 -0.0124  0.0000 -0.0343
         5  1:  5  1 -0.0095  0.0000 -0.0329
         6  1:  1  0  0.0000  0.0735
         6  1:  2  0  0.0000 -0.0125
         6  1:  3  1 -0.0127  0.0000 -0.0354
         6  1:  4  1 -0.0119  0.0000 -0.0347
         6  1:  5  1 -0.0093  0.0000 -0.0339
         6  1:  6  1 -0.0089  0.0000 -0.0348
         7  2:  1  0  0.0000  0.0000  0.1307
         7  2:  2  0  0.0000  0.0000 -0.0310
         7  2:  3  1  0.0000 -0.0845  0.0000 -0.0727
         7  2:  4  1  0.0000 -0.0847  0.0000 -0.0735
         7  2:  5  1  0.0000 -0.0812  0.0000 -0.0066
         7  2:  6  1  0.0000 -0.0864  0.0000 -0.0122
         7  2:  7  2  0.6069  0.0000  0.3143  0.0000  0.2484
         8  2:  1  0  0.0000  0.0000  0.1311
         8  2:  2  0  0.0000  0.0000 -0.0312
         8  2:  3  1  0.0000 -0.0845  0.0000 -0.0730
         8  2:  4  1  0.0000 -0.0847  0.0000 -0.0737
         8  2:  5  1  0.0000 -0.0811  0.0000 -0.0066
         8  2:  6  1  0.0000 -0.0863  0.0000 -0.0122
         8  2:  7  2  0.6039  0.0000  0.3134  0.0000  0.2479
         8  2:  8  2  0.6018  0.0000  0.3128  0.0000  0.2478
         9  2:  1  0  0.0000  0.0000  0.0657
         9  2:  2  0  0.0000  0.0000 -0.0097
         9  2:  3  1  0.0000 -0.0443  0.0000 -0.0349
         9  2:  4  1  0.0000 -0.0444  0.0000 -0.0352
         9  2:  5  1  0.0000 -0.0475  0.0000 -0.0081
         9  2:  6  1  0.0000 -0.0502  0.0000 -0.0109
         9  2:  7  2  0.3357  0.0000  0.1695  0.0000  0.1305
         9  2:  8  2  0.3340  0.0000  0.1690  0.0000  0.1304
         9  2:  9  2  0.1859  0.0000  0.0916  0.0000  0.0689
        10  2:  1  0  0.0000  0.0000  0.0660
        10  2:  2  0  0.0000  0.0000 -0.0106
        10  2:  3  1  0.0000 -0.0444  0.0000 -0.0352
        10  2:  4  1  0.0000 -0.0445  0.0000 -0.0356
        10  2:  5  1  0.0000 -0.0469  0.0000 -0.0074
        10  2:  6  1  0.0000 -0.0496  0.0000 -0.0102
        10  2:  7  2  0.3341  0.0000  0.1695  0.0000  0.1311
        10  2:  8  2  0.3329  0.0000  0.1692  0.0000  0.1310
        10  2:  9  2  0.1850  0.0000  0.0916  0.0000  0.0691
        10  2: 10  2  0.1843  0.0000  0.0916  0.0000  0.0694
     Required augmentation: PSQ   radius:    1.300000

     Q pseudized with Bessel functions
     Expected ecutrho=     235.7711 due to l1=  2   l2=  2

     Estimated PAW energy = -180.306366 Ryd

     The PAW screened D coefficients
     0.65543     0.37625     0.00000     0.00000     0.00000     0.00000
     0.00000     0.00000     0.00000     0.00000
     0.37625     0.76532     0.00000     0.00000     0.00000     0.00000
     0.00000     0.00000     0.00000     0.00000
     0.00000     0.00000     0.10207     0.00000     0.18705     0.00000
     0.00000     0.00000     0.00000     0.00000
     0.00000     0.00000     0.00000     0.09732     0.00000     0.18743
     0.00000     0.00000     0.00000     0.00000
     0.00000     0.00000     0.18705     0.00000     0.83480     0.00000
     0.00000     0.00000     0.00000     0.00000
     0.00000     0.00000     0.00000     0.18743     0.00000     0.84667
     0.00000     0.00000     0.00000     0.00000
     0.00000     0.00000     0.00000     0.00000     0.00000     0.00000
    -1.69827     0.00000    -0.87463     0.00000
     0.00000     0.00000     0.00000     0.00000     0.00000     0.00000
     0.00000    -1.68504     0.00000    -0.86896
     0.00000     0.00000     0.00000     0.00000     0.00000     0.00000
    -0.87463     0.00000    -0.44982     0.00000
     0.00000     0.00000     0.00000     0.00000     0.00000     0.00000
     0.00000    -0.86896     0.00000    -0.44708

     The PAW descreened D coefficients (US)
     0.42315     0.50016     0.00000     0.00000     0.00000     0.00000
     0.00000     0.00000     0.00000     0.00000
     0.50016     1.01108     0.00000     0.00000     0.00000     0.00000
     0.00000     0.00000     0.00000     0.00000
     0.00000     0.00000     0.12279     0.00000     0.23337     0.00000
     0.00000     0.00000     0.00000     0.00000
     0.00000     0.00000     0.00000     0.12258     0.00000     0.24004
     0.00000     0.00000     0.00000     0.00000
     0.00000     0.00000     0.23337     0.00000     1.96853     0.00000
     0.00000     0.00000     0.00000     0.00000
     0.00000     0.00000     0.00000     0.24004     0.00000     1.48029
     0.00000     0.00000     0.00000     0.00000
     0.00000     0.00000     0.00000     0.00000     0.00000     0.00000
     1.40304     0.00000     0.85593     0.00000
     0.00000     0.00000     0.00000     0.00000     0.00000     0.00000
     0.00000     1.38718     0.00000     0.84398
     0.00000     0.00000     0.00000     0.00000     0.00000     0.00000
     0.85593     0.00000     0.51656     0.00000
     0.00000     0.00000     0.00000     0.00000     0.00000     0.00000
     0.00000     0.84398     0.00000     0.50847

     ------------------- End of pseudopotential generation -------------------

     --------------------------- All-electron run ----------------------------

     Ni                                                                         
     dirac relativistic calculation

     atomic number is 28.00
     dft = SLA  PZ   NOGX NOGC   lsd =0 sic =0 latt =0  beta=0.20 tr2=1.0E-14
     Exchange-correlation=  SLA  PZ   NOGX NOGC
                           (   1   1   0   0   0   0   0)
     mesh =1195 r(mesh) =  98.77016 a.u. xmin = -7.00 dx = 0.01250
     1 Ry =  13.60569312 eV, c = 137.03599908

     n l j   nl                  e(Ry)          e(Ha)          e(eV)
     Spin orbit split results
     1 0 0.5 1S 1( 2.00)      -602.1809      -301.0905     -8193.0887
     2 0 0.5 2S 1( 2.00)       -71.9895       -35.9947      -979.4668
     2 1 0.5 2P 1( 2.00)       -62.8783       -31.4392      -855.5033
     2 1 1.5 2P 1( 4.00)       -61.5964       -30.7982      -838.0614
     3 0 0.5 3S 1( 2.00)        -8.1176        -4.0588      -110.4458
     3 1 0.5 3P 1( 2.00)        -5.3439        -2.6719       -72.7072
     3 1 1.5 3P 1( 4.00)        -5.1807        -2.5903       -70.4864
     4 0 0.5 4S 1( 2.00)        -0.4310        -0.2155        -5.8641
     3 2 1.5 3D 1( 4.00)        -0.6808        -0.3404        -9.2631
     3 2 2.5 3D 1( 4.00)        -0.6632        -0.3316        -9.0228
     4 1 0.5 4P 1( 0.00)        -0.1014        -0.0507        -1.3803
     4 1 1.5 4P 1( 0.00)        -0.0972        -0.0486        -1.3231
     Averaged results
     1 0     1S 1( 2.00)      -602.1809      -301.0905     -8193.0887
     2 0     2S 1( 2.00)       -71.9895       -35.9947      -979.4668
     2 1     2P 1( 6.00)       -62.0237       -31.0118      -843.8754
     3 0     3S 1( 2.00)        -8.1176        -4.0588      -110.4458
     3 1     3P 1( 6.00)        -5.2351        -2.6175       -71.2267
     4 0     4S 1( 2.00)        -0.4310        -0.2155        -5.8641
     3 2     3D 1( 8.00)        -0.6702        -0.3351        -9.1189
     4 1     4P 1( 0.00)        -0.0986        -0.0493        -1.3421

     final scf error:  4.3E-15 reached in  33 iterations
 
     Etot =   -3036.209773 Ry,   -1518.104887 Ha,  -41309.738429 eV

     Ekin =    3084.029526 Ry,    1542.014763 Ha,   41960.359314 eV
     Encl =   -7299.957059 Ry,   -3649.978529 Ha,  -99320.975553 eV
     Eh   =    1301.214775 Ry,     650.607388 Ha,   17703.928918 eV
     Exc  =    -121.497015 Ry,     -60.748508 Ha,   -1653.051108 eV


     normalization and overlap integrals

     s(1S/1S) =  1.000000  <r> =   0.0542  <r2> =    0.0039  r(max) =   0.0353
     s(1S/2S) =  0.000000
     s(1S/3S) = -0.000000
     s(1S/4S) =  0.000000
     s(2S/2S) =  1.000000  <r> =   0.2452  <r2> =    0.0710  r(max) =   0.2055
     s(2S/3S) =  0.000000
     s(2S/4S) =  0.000000
     s(2P/2P) =  1.000000  <r> =   0.2133  <r2> =    0.0560  r(max) =   0.1641
     s(2P/3P) =  0.000000
     s(2P/4P) =  0.000000
     s(2P/2P) =  1.000000  <r> =   0.2166  <r2> =    0.0575  r(max) =   0.1662
     s(2P/3P) =  0.000000
     s(2P/4P) =  0.000000
     s(3S/3S) =  1.000000  <r> =   0.7414  <r2> =    0.6357  r(max) =   0.6410
     s(3S/4S) =  0.000000
     s(3P/3P) =  1.000000  <r> =   0.7725  <r2> =    0.7059  r(max) =   0.6410
     s(3P/4P) =  0.000000
     s(3P/3P) =  1.000000  <r> =   0.7828  <r2> =    0.7249  r(max) =   0.6491
     s(3P/4P) = -0.000000
     s(4S/4S) =  1.000000  <r> =   2.7831  <r2> =    9.0573  r(max) =   2.2096
     s(3D/3D) =  1.000000  <r> =   1.0070  <r2> =    1.3765  r(max) =   0.6252
     s(3D/3D) =  1.000000  <r> =   1.0149  <r2> =    1.4002  r(max) =   0.6252
     s(4P/4P) =  1.000000  <r> =   4.1709  <r2> =   21.1164  r(max) =   3.0966
     s(4P/4P) =  1.000000  <r> =   4.2370  <r2> =   21.7925  r(max) =   3.1750

     ------------------------ End of All-electron run ------------------------


     ---------------------- Testing the pseudopotential ----------------------

     Ni                                                                         
     dirac relativistic calculation

     atomic number is 28.00   valence charge is 10.00
     dft = SLA  PZ   NOGX NOGC   lsd =0 sic =0 latt =0  beta=0.20 tr2=1.0E-14
     mesh =1195 r(mesh) =  98.77016 xmin = -7.00 dx = 0.01250

     n l  j  nl             e AE (Ry)       e PS (Ry)    De AE-PS (Ry) 
     1 0 0.5 4S   1( 2.00)       -0.43100       -0.43100        0.00000
     2 1 0.5 4P   1( 0.00)       -0.10145       -0.10145       -0.00000
     2 1 1.5 4P   1( 0.00)       -0.09724       -0.09725        0.00000
     3 2 1.5 3D   1( 4.00)       -0.68083       -0.68083        0.00000
     3 2 2.5 3D   1( 4.00)       -0.66316       -0.66316        0.00000

     eps = 2.7E-16  iter =  4
 
     Etot =   -3036.209773 Ry,   -1518.104887 Ha,  -41309.738429 eV
     Etotps =  -180.306371 Ry,     -90.153186 Ha,   -2453.193152 eV

     Ekin =     149.314417 Ry,      74.657209 Ha,    2031.526138 eV
     Encl =    -282.684932 Ry,    -141.342466 Ha,   -3846.124434 eV
     Ehrt =      74.561165 Ry,      37.280583 Ha,    1014.456334 eV
     Ecxc =    -121.497022 Ry,     -60.748511 Ha,   -1653.051190 eV
     (Ecc =     -20.834336 Ry,     -10.417168 Ha,    -283.465587 eV)

     ---------------------- End of pseudopotential test ----------------------

