[0] MPI startup(): I_MPI_SHM_LMT environment variable is not supported.
[0] MPI startup(): Similar variables:
	 I_MPI_SHM_HEAP
	 I_MPI_SHM
	 I_MPI_SHM_OPT
	 I_MPI_SHM_THP
[0] MPI startup(): To check the list of supported variables, use the impi_info utility or refer to https://software.intel.com/en-us/mpi-library/documentation/get-started.

     Program LD1 v.7.3.1 starts on 19Sep2024 at 21:48: 8 

     This program is part of the open-source Quantum ESPRESSO suite
     for quantum simulation of materials; please cite
         "P. Giannozzi et al., J. Phys.:Condens. Matter 21 395502 (2009);
         "P. Giannozzi et al., J. Phys.:Condens. Matter 29 465901 (2017);
         "P. Giannozzi et al., J. Chem. Phys. 152 154105 (2020);
          URL http://www.quantum-espresso.org", 
     in publications or presentations arising from this work. More details at
     http://www.quantum-espresso.org/quote

     Parallel version (MPI), running on     1 processors

     MPI processes distributed on     1 nodes
     89675 MiB available memory on the printing compute node when the environment starts
 
     Waiting for input...
     Reading input from standard input
     --------------------------- All-electron run ----------------------------

     P                                                                          
     dirac relativistic calculation

     atomic number is 15.00
     dft =LDA   lsd =0 sic =0 latt =0  beta=0.20 tr2=1.0E-14
     Exchange-correlation= LDA
                           (   1   1   0   0   0   0   0)
     mesh =1147 r(mesh) = 101.18493 a.u. xmin = -7.00 dx = 0.01250
     1 Ry =  13.60569312 eV, c = 137.03599908

     n l j   nl                  e(Ry)          e(Ha)          e(eV)
     Spin orbit split results
     1 0 0.5 1S 1( 2.00)      -152.5731       -76.2866     -2075.8630
     2 0 0.5 2S 1( 2.00)       -12.7223        -6.3612      -173.0963
     2 1 0.5 2P 1( 2.00)        -9.1930        -4.5965      -125.0771
     2 1 1.5 2P 1( 4.00)        -9.1257        -4.5629      -124.1616
     3 0 0.5 3S 1( 2.00)        -1.0294        -0.5147       -14.0053
     3 1 0.5 3P 1( 2.00)        -0.4136        -0.2068        -5.6271
     3 1 1.5 3P 1( 1.00)        -0.4095        -0.2048        -5.5720
     Averaged results
     1 0     1S 1( 2.00)      -152.5731       -76.2866     -2075.8630
     2 0     2S 1( 2.00)       -12.7223        -6.3612      -173.0963
     2 1     2P 1( 6.00)        -9.1481        -4.5741      -124.4667
     3 0     3S 1( 2.00)        -1.0294        -0.5147       -14.0053
     3 1     3P 1( 3.00)        -0.4109        -0.2054        -5.5904

     final scf error:  8.1E-15 reached in  24 iterations
 
     Etot =    -681.579513 Ry,    -340.789757 Ha,   -9273.361698 eV

     Ekin =     683.465199 Ry,     341.732600 Ha,    9299.017764 eV
     Encl =   -1628.213097 Ry,    -814.106548 Ha,  -22152.967735 eV
     Eh   =     306.855238 Ry,     153.427619 Ha,    4174.978198 eV
     Exc  =     -43.686854 Ry,     -21.843427 Ha,    -594.389924 eV


     normalization and overlap integrals

     s(1S/1S) =  1.000000  <r> =   0.1039  <r2> =    0.0145  r(max) =   0.0675
     s(1S/2S) =  0.000000
     s(1S/3S) = -0.000000
     s(2S/2S) =  1.000000  <r> =   0.5219  <r2> =    0.3251  r(max) =   0.4187
     s(2S/3S) =  0.000000
     s(2P/2P) =  1.000000  <r> =   0.4848  <r2> =    0.2955  r(max) =   0.3515
     s(2P/3P) =  0.000000
     s(2P/2P) =  1.000000  <r> =   0.4870  <r2> =    0.2981  r(max) =   0.3559
     s(2P/3P) =  0.000000
     s(3S/3S) =  1.000000  <r> =   1.8939  <r2> =    4.1865  r(max) =   1.5557
     s(3P/3P) =  1.000000  <r> =   2.3674  <r2> =    6.7605  r(max) =   1.8302
     s(3P/3P) =  1.000000  <r> =   2.3774  <r2> =    6.8180  r(max) =   1.8302

     ------------------------ End of All-electron run ------------------------


     --------------------- Generating US pseudopotential ---------------------


      Generating local pot.: lloc=2, j= 1.50, matching radius rcloc =   1.9000

      Generating local pot.: lloc=2, j= 2.50, matching radius rcloc =   1.9000

      Computing core charge for nlcc: 

       r > 1.31 : true rho core
      Core charge pseudized with two Bessel functions
      Integrated core pseudo-charge :   1.84

     Fully relativistic calculation: |psi|^2

     Wfc 3S LC norm =  0.99994210 SC norm =  0.00005538 missing  0.00000252

     Wfc 3P LC norm =  0.99996096 SC norm =  0.00003881 missing  0.00000023

     Wfc 3P LC norm =  0.99996124 SC norm =  0.00003362 missing  0.00000513
      Wfc-us  3S rcutus= 2.100  Estimated cut-off energy=    10.97 Ry
      Wfc-us  3S rcutus= 2.100  Estimated cut-off energy=    10.72 Ry
      Wfc-us  3P rcutus= 2.100  Estimated cut-off energy=    17.32 Ry
      Wfc-us  3P rcutus= 2.100  Estimated cut-off energy=    17.31 Ry
      Wfc-us  3P rcutus= 2.100  Estimated cut-off energy=    16.55 Ry
      Wfc-us  3P rcutus= 2.100  Estimated cut-off energy=    16.50 Ry

      The bmat matrix
     2.85752     5.96756     0.00000     0.00000     0.00000     0.00000
     3.31669     7.57869     0.00000     0.00000     0.00000     0.00000
     0.00000     0.00000     0.55117     0.00000     0.52938     0.00000
     0.00000     0.00000     0.00000     0.54890     0.00000     0.54034
     0.00000     0.00000     0.50666     0.00000     0.81150     0.00000
     0.00000     0.00000     0.00000     0.50948     0.00000     0.82632

      The bmat + epsilon qq matrix
     3.15929     3.70494     0.00000     0.00000     0.00000     0.00000
     3.70487     4.32754     0.00000     0.00000     0.00000     0.00000
     0.00000     0.00000     0.56934     0.00000     0.50816     0.00000
     0.00000     0.00000     0.00000     0.56690     0.00000     0.51152
     0.00000     0.00000     0.50812     0.00000     0.90335     0.00000
     0.00000     0.00000     0.00000     0.51145     0.00000     0.90834

      The qq matrix
    -0.29316    -0.37710     0.00000     0.00000     0.00000     0.00000
    -0.37710    -0.54186     0.00000     0.00000     0.00000     0.00000
     0.00000     0.00000    -0.04392     0.00000    -0.00354     0.00000
     0.00000     0.00000     0.00000    -0.04396     0.00000    -0.00480
     0.00000     0.00000    -0.00354     0.00000     0.01531     0.00000
     0.00000     0.00000     0.00000    -0.00480     0.00000     0.01367

     Q pseudized with Bessel functions
     Expected ecutrho=      78.7555 due to l1=  1   l2=  1

      The ddd matrix
     0.76574     0.10678     0.00000     0.00000     0.00000     0.00000
     0.10678    -0.66373     0.00000     0.00000     0.00000     0.00000
     0.00000     0.00000     0.33662     0.00000     0.30042     0.00000
     0.00000     0.00000     0.00000     0.33488     0.00000     0.29405
     0.00000     0.00000     0.30042     0.00000     1.16793     0.00000
     0.00000     0.00000     0.00000     0.29405     0.00000     1.15408

     ------------------- End of pseudopotential generation -------------------

     --------------------------- All-electron run ----------------------------

     P                                                                          
     dirac relativistic calculation

     atomic number is 15.00
     dft =LDA   lsd =0 sic =0 latt =0  beta=0.20 tr2=1.0E-14
     Exchange-correlation= LDA
                           (   1   1   0   0   0   0   0)
     mesh =1147 r(mesh) = 101.18493 a.u. xmin = -7.00 dx = 0.01250
     1 Ry =  13.60569312 eV, c = 137.03599908

     n l j   nl                  e(Ry)          e(Ha)          e(eV)
     Spin orbit split results
     1 0 0.5 1S 1( 2.00)      -152.5731       -76.2866     -2075.8630
     2 0 0.5 2S 1( 2.00)       -12.7223        -6.3612      -173.0963
     2 1 0.5 2P 1( 2.00)        -9.1930        -4.5965      -125.0771
     2 1 1.5 2P 1( 4.00)        -9.1257        -4.5629      -124.1616
     3 0 0.5 3S 1( 2.00)        -1.0294        -0.5147       -14.0053
     3 1 0.5 3P 1( 2.00)        -0.4136        -0.2068        -5.6271
     3 1 1.5 3P 1( 1.00)        -0.4095        -0.2048        -5.5720
     Averaged results
     1 0     1S 1( 2.00)      -152.5731       -76.2866     -2075.8630
     2 0     2S 1( 2.00)       -12.7223        -6.3612      -173.0963
     2 1     2P 1( 6.00)        -9.1481        -4.5741      -124.4667
     3 0     3S 1( 2.00)        -1.0294        -0.5147       -14.0053
     3 1     3P 1( 3.00)        -0.4109        -0.2054        -5.5904

     final scf error:  8.1E-15 reached in  24 iterations
 
     Etot =    -681.579513 Ry,    -340.789757 Ha,   -9273.361698 eV

     Ekin =     683.465199 Ry,     341.732600 Ha,    9299.017764 eV
     Encl =   -1628.213097 Ry,    -814.106548 Ha,  -22152.967735 eV
     Eh   =     306.855238 Ry,     153.427619 Ha,    4174.978198 eV
     Exc  =     -43.686854 Ry,     -21.843427 Ha,    -594.389924 eV


     normalization and overlap integrals

     s(1S/1S) =  1.000000  <r> =   0.1039  <r2> =    0.0145  r(max) =   0.0675
     s(1S/2S) =  0.000000
     s(1S/3S) = -0.000000
     s(2S/2S) =  1.000000  <r> =   0.5219  <r2> =    0.3251  r(max) =   0.4187
     s(2S/3S) =  0.000000
     s(2P/2P) =  1.000000  <r> =   0.4848  <r2> =    0.2955  r(max) =   0.3515
     s(2P/3P) =  0.000000
     s(2P/2P) =  1.000000  <r> =   0.4870  <r2> =    0.2981  r(max) =   0.3559
     s(2P/3P) =  0.000000
     s(3S/3S) =  1.000000  <r> =   1.8939  <r2> =    4.1865  r(max) =   1.5557
     s(3P/3P) =  1.000000  <r> =   2.3674  <r2> =    6.7605  r(max) =   1.8302
     s(3P/3P) =  1.000000  <r> =   2.3774  <r2> =    6.8180  r(max) =   1.8302

     ------------------------ End of All-electron run ------------------------


     ---------------------- Testing the pseudopotential ----------------------

     P                                                                          
     dirac relativistic calculation

     atomic number is 15.00   valence charge is  5.00
     dft =LDA   lsd =0 sic =0 latt =0  beta=0.20 tr2=1.0E-14
     mesh =1147 r(mesh) = 101.18493 xmin = -7.00 dx = 0.01250

     n l  j  nl             e AE (Ry)       e PS (Ry)    De AE-PS (Ry) 
     1 0 0.5 3S   1( 2.00)       -1.02937       -1.02937        0.00000
     2 1 0.5 3P   1( 2.00)       -0.41359       -0.41359       -0.00000
     2 1 1.5 3P   1( 1.00)       -0.40953       -0.40954        0.00000

     eps = 6.0E-16  iter =  3
 
     Etot =    -681.579513 Ry,    -340.789757 Ha,   -9273.361698 eV
     Etotps =   -15.117130 Ry,      -7.558565 Ha,    -205.679029 eV

     Ekin =       5.333139 Ry,       2.666569 Ha,      72.561053 eV
     Encl =     -27.978430 Ry,     -13.989215 Ha,    -380.665930 eV
     Ehrt =      10.419894 Ry,       5.209947 Ha,     141.769874 eV
     Ecxc =      -5.431326 Ry,      -2.715663 Ha,     -73.896957 eV
     (Ecc =      -2.170075 Ry,      -1.085037 Ha,     -29.525372 eV)
     Epseu=       2.539594 Ry,       1.269797 Ha,      34.552932 eV

     ---------------------- End of pseudopotential test ----------------------

