[0] MPI startup(): I_MPI_SHM_LMT environment variable is not supported.
[0] MPI startup(): Similar variables:
	 I_MPI_SHM_HEAP
	 I_MPI_SHM
	 I_MPI_SHM_OPT
	 I_MPI_SHM_THP
[0] MPI startup(): To check the list of supported variables, use the impi_info utility or refer to https://software.intel.com/en-us/mpi-library/documentation/get-started.

     Program LD1 v.7.3.1 starts on 19Sep2024 at 21:48: 6 

     This program is part of the open-source Quantum ESPRESSO suite
     for quantum simulation of materials; please cite
         "P. Giannozzi et al., J. Phys.:Condens. Matter 21 395502 (2009);
         "P. Giannozzi et al., J. Phys.:Condens. Matter 29 465901 (2017);
         "P. Giannozzi et al., J. Chem. Phys. 152 154105 (2020);
          URL http://www.quantum-espresso.org", 
     in publications or presentations arising from this work. More details at
     http://www.quantum-espresso.org/quote

     Parallel version (MPI), running on     1 processors

     MPI processes distributed on     1 nodes
     89688 MiB available memory on the printing compute node when the environment starts
 
     Waiting for input...
     Reading input from standard input
     --------------------------- All-electron run ----------------------------

     Pb                                                                         
     dirac relativistic calculation

     atomic number is 82.00
     dft =LDA   lsd =0 sic =0 latt =0  beta=0.20 tr2=1.0E-14
     Exchange-correlation= LDA
                           (   1   1   0   0   0   0   0)
     mesh =1281 r(mesh) =  98.81810 a.u. xmin = -7.00 dx = 0.01250
     1 Ry =  13.60569312 eV, c = 137.03599908

     n l j   nl                  e(Ry)          e(Ha)          e(eV)
     Spin orbit split results
     1 0 0.5 1S 1( 2.00)     -6461.3694     -3230.6847    -87911.4094
     2 0 0.5 2S 1( 2.00)     -1154.7105      -577.3552    -15710.6361
     2 1 0.5 2P 1( 2.00)     -1109.1076      -554.5538    -15090.1780
     2 1 1.5 2P 1( 4.00)      -948.3194      -474.1597    -12902.5423
     3 0 0.5 3S 1( 2.00)      -277.0638      -138.5319     -3769.6454
     3 1 0.5 3P 1( 2.00)      -256.4620      -128.2310     -3489.3434
     3 1 1.5 3P 1( 4.00)      -220.5942      -110.2971     -3001.3364
     4 0 0.5 4S 1( 2.00)       -62.6034       -31.3017      -851.7626
     4 1 0.5 4P 1( 2.00)       -53.6932       -26.8466      -730.5336
     4 1 1.5 4P 1( 4.00)       -44.8943       -22.4472      -610.8187
     3 2 1.5 3D 1( 4.00)      -186.6551       -93.3276     -2539.5722
     3 2 2.5 3D 1( 6.00)      -179.0180       -89.5090     -2435.6636
     5 0 0.5 5S 1( 2.00)       -10.5023        -5.2512      -142.8912
     5 1 0.5 5P 1( 2.00)        -7.4506        -3.7253      -101.3712
     5 1 1.5 5P 1( 4.00)        -5.7904        -2.8952       -78.7823
     4 2 1.5 4D 1( 4.00)       -30.3630       -15.1815      -413.1090
     4 2 2.5 4D 1( 6.00)       -28.7210       -14.3605      -390.7688
     4 3 2.5 4F 1( 6.00)        -9.8870        -4.9435      -134.5191
     4 3 3.5 4F 1( 8.00)        -9.5169        -4.7584      -129.4837
     5 2 1.5 5D 1( 4.00)        -1.5986        -0.7993       -21.7500
     5 2 2.5 5D 1( 6.00)        -1.4080        -0.7040       -19.1566
     6 0 0.5 6S 1( 2.00)        -0.8456        -0.4228       -11.5054
     6 1 0.5 6P 1( 2.00)        -0.3108        -0.1554        -4.2284
     6 1 1.5 6P 1( 0.00)        -0.2068        -0.1034        -2.8140
     Averaged results
     1 0     1S 1( 2.00)     -6461.3694     -3230.6847    -87911.4094
     2 0     2S 1( 2.00)     -1154.7105      -577.3552    -15710.6361
     2 1     2P 1( 6.00)     -1001.9155      -500.9577    -13631.7542
     3 0     3S 1( 2.00)      -277.0638      -138.5319     -3769.6454
     3 1     3P 1( 6.00)      -232.5501      -116.2751     -3164.0054
     4 0     4S 1( 2.00)       -62.6034       -31.3017      -851.7626
     4 1     4P 1( 6.00)       -47.8273       -23.9137      -650.7237
     3 2     3D 1(10.00)      -182.0728       -91.0364     -2477.2270
     5 0     5S 1( 2.00)       -10.5023        -5.2512      -142.8912
     5 1     5P 1( 6.00)        -6.3438        -3.1719       -86.3119
     4 2     4D 1(10.00)       -29.3778       -14.6889      -399.7049
     4 3     4F 1(14.00)        -9.6755        -4.8377      -131.6417
     5 2     5D 1(10.00)        -1.4842        -0.7421       -20.1939
     6 0     6S 1( 2.00)        -0.8456        -0.4228       -11.5054
     6 1     6P 1( 2.00)        -0.2415        -0.1207        -3.2855

     final scf error:  7.0E-15 reached in  28 iterations
 
     Etot =  -41834.726931 Ry,  -20917.363465 Ha, -569190.456501 eV

     Ekin =   48702.524893 Ry,   24351.262447 Ha,  662631.608014 eV
     Encl = -105931.108811 Ry,  -52965.554406 Ha,-1441266.158665 eV
     Eh   =   16151.663705 Ry,    8075.831852 Ha,  219754.579789 eV
     Exc  =    -757.806717 Ry,    -378.903359 Ha,  -10310.485639 eV


     normalization and overlap integrals

     s(1S/1S) =  1.000000  <r> =   0.0161  <r2> =    0.0004  r(max) =   0.0099
     s(1S/2S) = -0.000000
     s(1S/3S) = -0.000000
     s(1S/4S) = -0.000000
     s(1S/5S) = -0.000000
     s(1S/6S) = -0.000000
     s(2S/2S) =  1.000000  <r> =   0.0669  <r2> =    0.0054  r(max) =   0.0575
     s(2S/3S) =  0.000000
     s(2S/4S) =  0.000000
     s(2S/5S) =  0.000000
     s(2S/6S) =  0.000000
     s(2P/2P) =  1.000000  <r> =   0.0549  <r2> =    0.0038  r(max) =   0.0426
     s(2P/3P) =  0.000000
     s(2P/4P) =  0.000000
     s(2P/5P) =  0.000000
     s(2P/6P) =  0.000000
     s(2P/2P) =  1.000000  <r> =   0.0638  <r2> =    0.0050  r(max) =   0.0495
     s(2P/3P) =  0.000000
     s(2P/4P) =  0.000000
     s(2P/5P) =  0.000000
     s(2P/6P) =  0.000000
     s(3S/3S) =  1.000000  <r> =   0.1741  <r2> =    0.0348  r(max) =   0.1622
     s(3S/4S) =  0.000000
     s(3S/5S) =  0.000000
     s(3S/6S) =  0.000000
     s(3P/3P) =  1.000000  <r> =   0.1645  <r2> =    0.0316  r(max) =   0.1504
     s(3P/4P) =  0.000000
     s(3P/5P) =  0.000000
     s(3P/6P) =  0.000000
     s(3P/3P) =  1.000000  <r> =   0.1808  <r2> =    0.0380  r(max) =   0.1663
     s(3P/4P) =  0.000000
     s(3P/5P) =  0.000000
     s(3P/6P) =  0.000000
     s(4S/4S) =  1.000000  <r> =   0.3843  <r2> =    0.1669  r(max) =   0.3609
     s(4S/5S) =  0.000000
     s(4S/6S) =  0.000000
     s(4P/4P) =  1.000000  <r> =   0.3854  <r2> =    0.1692  r(max) =   0.3609
     s(4P/5P) =  0.000000
     s(4P/6P) =  0.000000
     s(4P/4P) =  1.000000  <r> =   0.4202  <r2> =    0.2007  r(max) =   0.3939
     s(4P/5P) =  0.000000
     s(4P/6P) =  0.000000
     s(3D/3D) =  1.000000  <r> =   0.1570  <r2> =    0.0289  r(max) =   0.1295
     s(3D/4D) =  0.000000
     s(3D/5D) =  0.000000
     s(3D/3D) =  1.000000  <r> =   0.1619  <r2> =    0.0307  r(max) =   0.1328
     s(3D/4D) = -0.000000
     s(3D/5D) = -0.000000
     s(5S/5S) =  1.000000  <r> =   0.8533  <r2> =    0.8164  r(max) =   0.7932
     s(5S/6S) =  0.000000
     s(5P/5P) =  1.000000  <r> =   0.9116  <r2> =    0.9378  r(max) =   0.8235
     s(5P/6P) =  0.000000
     s(5P/5P) =  1.000000  <r> =   1.0046  <r2> =    1.1399  r(max) =   0.9101
     s(5P/6P) = -0.000000
     s(4D/4D) =  1.000000  <r> =   0.4248  <r2> =    0.2085  r(max) =   0.3842
     s(4D/5D) =  0.000000
     s(4D/4D) =  1.000000  <r> =   0.4359  <r2> =    0.2194  r(max) =   0.3939
     s(4D/5D) = -0.000000
     s(4F/4F) =  1.000000  <r> =   0.4509  <r2> =    0.2435  r(max) =   0.3476
     s(4F/4F) =  1.000000  <r> =   0.4572  <r2> =    0.2504  r(max) =   0.3520
     s(5D/5D) =  1.000000  <r> =   1.2817  <r2> =    1.9167  r(max) =   1.0574
     s(5D/5D) =  1.000000  <r> =   1.3328  <r2> =    2.0779  r(max) =   1.0841
     s(6S/6S) =  1.000000  <r> =   2.3295  <r2> =    6.1785  r(max) =   1.9754
     s(6P/6P) =  1.000000  <r> =   3.0629  <r2> =   10.9590  r(max) =   2.4128
     s(6P/6P) =  1.000000  <r> =   3.5928  <r2> =   15.1475  r(max) =   2.8033

     ------------------------ End of All-electron run ------------------------


     --------------------- Generating US pseudopotential ---------------------


      Generating local potential from pseudized AE potential:
      Matching radius rcloc =   2.2000

      Local pseudo, rcloc= 2.211 Estimated cut-off energy=     5.15 Ry

      Computing core charge for nlcc: 

       r > 1.41 : true rho core
      Core charge pseudized with two Bessel functions
      Integrated core pseudo-charge :  12.16

     Fully relativistic calculation: |psi|^2

     Wfc 6S LC norm =  0.99990203 SC norm =  0.00009616 missing  0.00000180

     Wfc 6P LC norm =  0.99994603 SC norm =  0.00005379 missing  0.00000019

     Wfc 6P LC norm =  0.99996210 SC norm =  0.00003389 missing  0.00000400

     Wfc 5D LC norm =  0.99967441 SC norm =  0.00032556 missing  0.00000003

     Wfc 5D LC norm =  0.99969723 SC norm =  0.00030243 missing  0.00000034
      Wfc-us  6S rcutus= 2.211  Estimated cut-off energy=     9.52 Ry
      Wfc-us  6S rcutus= 2.211  Estimated cut-off energy=    21.36 Ry
      Wfc-us  6P rcutus= 2.568  Estimated cut-off energy=    11.48 Ry
      Wfc-us  6P rcutus= 2.568  Estimated cut-off energy=    11.15 Ry
      Wfc-us  6P rcutus= 2.568  Estimated cut-off energy=    12.13 Ry
      Wfc-us  6P rcutus= 2.568  Estimated cut-off energy=    10.71 Ry
      Wfc-us  5D rcutus= 2.103  Estimated cut-off energy=    27.40 Ry
      Wfc-us  5D rcutus= 2.103  Estimated cut-off energy=    27.25 Ry
      Wfc-us  5D rcutus= 2.103  Estimated cut-off energy=    41.16 Ry
      Wfc-us  5D rcutus= 2.103  Estimated cut-off energy=    35.36 Ry

      The bmat matrix
     1.84529     1.72893     0.00000     0.00000     0.00000     0.00000
     0.00000     0.00000     0.00000     0.00000
     1.11827     1.20714     0.00000     0.00000     0.00000     0.00000
     0.00000     0.00000     0.00000     0.00000
     0.00000     0.00000     0.56742     0.00000     2.00870     0.00000
     0.00000     0.00000     0.00000     0.00000
     0.00000     0.00000     0.00000     0.35555     0.00000     1.76072
     0.00000     0.00000     0.00000     0.00000
     0.00000     0.00000     0.82228     0.00000     3.83804     0.00000
     0.00000     0.00000     0.00000     0.00000
     0.00000     0.00000     0.00000     0.78084     0.00000     5.15618
     0.00000     0.00000     0.00000     0.00000
     0.00000     0.00000     0.00000     0.00000     0.00000     0.00000
    -1.35189     0.00000    -0.99591     0.00000
     0.00000     0.00000     0.00000     0.00000     0.00000     0.00000
     0.00000    -1.30648     0.00000    -0.82649
     0.00000     0.00000     0.00000     0.00000     0.00000     0.00000
    -0.85877     0.00000    -0.75130     0.00000
     0.00000     0.00000     0.00000     0.00000     0.00000     0.00000
     0.00000    -0.72103     0.00000    -0.47279

      The bmat + epsilon qq matrix
     2.03901     1.20662     0.00000     0.00000     0.00000     0.00000
     0.00000     0.00000     0.00000     0.00000
     1.20660     1.10176     0.00000     0.00000     0.00000     0.00000
     0.00000     0.00000     0.00000     0.00000
     0.00000     0.00000     0.59486     0.00000     0.87648     0.00000
     0.00000     0.00000     0.00000     0.00000
     0.00000     0.00000     0.00000     0.36387     0.00000     0.81112
     0.00000     0.00000     0.00000     0.00000
     0.00000     0.00000     0.87642     0.00000     1.20614     0.00000
     0.00000     0.00000     0.00000     0.00000
     0.00000     0.00000     0.00000     0.81105     0.00000     1.62773
     0.00000     0.00000     0.00000     0.00000
     0.00000     0.00000     0.00000     0.00000     0.00000     0.00000
    -2.04922     0.00000    -1.17259     0.00000
     0.00000     0.00000     0.00000     0.00000     0.00000     0.00000
     0.00000    -1.85219     0.00000    -1.01333
     0.00000     0.00000     0.00000     0.00000     0.00000     0.00000
    -1.17259     0.00000    -0.81765     0.00000
     0.00000     0.00000     0.00000     0.00000     0.00000     0.00000
     0.00000    -1.01333     0.00000    -0.57232

      The qq matrix
    -0.22907    -0.10446     0.00000     0.00000     0.00000     0.00000
     0.00000     0.00000     0.00000     0.00000
    -0.10446    -0.02108     0.00000     0.00000     0.00000     0.00000
     0.00000     0.00000     0.00000     0.00000
     0.00000     0.00000    -0.08829     0.00000    -0.17419     0.00000
     0.00000     0.00000     0.00000     0.00000
     0.00000     0.00000     0.00000    -0.04025     0.00000    -0.14609
     0.00000     0.00000     0.00000     0.00000
     0.00000     0.00000    -0.17419     0.00000    -0.40491     0.00000
     0.00000     0.00000     0.00000     0.00000
     0.00000     0.00000     0.00000    -0.14609     0.00000    -0.54284
     0.00000     0.00000     0.00000     0.00000
     0.00000     0.00000     0.00000     0.00000     0.00000     0.00000
     0.43621     0.00000     0.19631     0.00000
     0.00000     0.00000     0.00000     0.00000     0.00000     0.00000
     0.00000     0.38758     0.00000     0.20760
     0.00000     0.00000     0.00000     0.00000     0.00000     0.00000
     0.19631     0.00000     0.07372     0.00000
     0.00000     0.00000     0.00000     0.00000     0.00000     0.00000
     0.00000     0.20760     0.00000     0.11059

     Q pseudized with Bessel functions
     Expected ecutrho=     167.2206 due to l1=  2   l2=  2

      The ddd matrix
     0.80774     0.87610     0.00000     0.00000     0.00000     0.00000
     0.00000     0.00000     0.00000     0.00000
     0.87610     0.90203     0.00000     0.00000     0.00000     0.00000
     0.00000     0.00000     0.00000     0.00000
     0.00000     0.00000     0.30248     0.00000     0.04879     0.00000
     0.00000     0.00000     0.00000     0.00000
     0.00000     0.00000     0.00000     0.30971     0.00000     0.24067
     0.00000     0.00000     0.00000     0.00000
     0.00000     0.00000     0.04879     0.00000    -1.08669     0.00000
     0.00000     0.00000     0.00000     0.00000
     0.00000     0.00000     0.00000     0.24067     0.00000    -1.16173
     0.00000     0.00000     0.00000     0.00000
     0.00000     0.00000     0.00000     0.00000     0.00000     0.00000
     0.84383     0.00000     0.16943     0.00000
     0.00000     0.00000     0.00000     0.00000     0.00000     0.00000
     0.00000     0.67237     0.00000     0.37669
     0.00000     0.00000     0.00000     0.00000     0.00000     0.00000
     0.16943     0.00000    -0.20534     0.00000
     0.00000     0.00000     0.00000     0.00000     0.00000     0.00000
     0.00000     0.37669     0.00000     0.18902

     ------------------- End of pseudopotential generation -------------------

     --------------------------- All-electron run ----------------------------

     Pb                                                                         
     dirac relativistic calculation

     atomic number is 82.00
     dft =LDA   lsd =0 sic =0 latt =0  beta=0.20 tr2=1.0E-14
     Exchange-correlation= LDA
                           (   1   1   0   0   0   0   0)
     mesh =1281 r(mesh) =  98.81810 a.u. xmin = -7.00 dx = 0.01250
     1 Ry =  13.60569312 eV, c = 137.03599908

     n l j   nl                  e(Ry)          e(Ha)          e(eV)
     Spin orbit split results
     1 0 0.5 1S 1( 2.00)     -6461.3694     -3230.6847    -87911.4094
     2 0 0.5 2S 1( 2.00)     -1154.7105      -577.3552    -15710.6361
     2 1 0.5 2P 1( 2.00)     -1109.1076      -554.5538    -15090.1780
     2 1 1.5 2P 1( 4.00)      -948.3194      -474.1597    -12902.5423
     3 0 0.5 3S 1( 2.00)      -277.0638      -138.5319     -3769.6454
     3 1 0.5 3P 1( 2.00)      -256.4620      -128.2310     -3489.3434
     3 1 1.5 3P 1( 4.00)      -220.5942      -110.2971     -3001.3364
     4 0 0.5 4S 1( 2.00)       -62.6034       -31.3017      -851.7626
     4 1 0.5 4P 1( 2.00)       -53.6932       -26.8466      -730.5336
     4 1 1.5 4P 1( 4.00)       -44.8943       -22.4472      -610.8187
     3 2 1.5 3D 1( 4.00)      -186.6551       -93.3276     -2539.5722
     3 2 2.5 3D 1( 6.00)      -179.0180       -89.5090     -2435.6636
     5 0 0.5 5S 1( 2.00)       -10.5023        -5.2512      -142.8912
     5 1 0.5 5P 1( 2.00)        -7.4506        -3.7253      -101.3712
     5 1 1.5 5P 1( 4.00)        -5.7904        -2.8952       -78.7823
     4 2 1.5 4D 1( 4.00)       -30.3630       -15.1815      -413.1090
     4 2 2.5 4D 1( 6.00)       -28.7210       -14.3605      -390.7688
     4 3 2.5 4F 1( 6.00)        -9.8870        -4.9435      -134.5191
     4 3 3.5 4F 1( 8.00)        -9.5169        -4.7584      -129.4837
     5 2 1.5 5D 1( 4.00)        -1.5986        -0.7993       -21.7500
     5 2 2.5 5D 1( 6.00)        -1.4080        -0.7040       -19.1566
     6 0 0.5 6S 1( 2.00)        -0.8456        -0.4228       -11.5054
     6 1 0.5 6P 1( 2.00)        -0.3108        -0.1554        -4.2284
     6 1 1.5 6P 1( 0.00)        -0.2068        -0.1034        -2.8140
     Averaged results
     1 0     1S 1( 2.00)     -6461.3694     -3230.6847    -87911.4094
     2 0     2S 1( 2.00)     -1154.7105      -577.3552    -15710.6361
     2 1     2P 1( 6.00)     -1001.9155      -500.9577    -13631.7542
     3 0     3S 1( 2.00)      -277.0638      -138.5319     -3769.6454
     3 1     3P 1( 6.00)      -232.5501      -116.2751     -3164.0054
     4 0     4S 1( 2.00)       -62.6034       -31.3017      -851.7626
     4 1     4P 1( 6.00)       -47.8273       -23.9137      -650.7237
     3 2     3D 1(10.00)      -182.0728       -91.0364     -2477.2270
     5 0     5S 1( 2.00)       -10.5023        -5.2512      -142.8912
     5 1     5P 1( 6.00)        -6.3438        -3.1719       -86.3119
     4 2     4D 1(10.00)       -29.3778       -14.6889      -399.7049
     4 3     4F 1(14.00)        -9.6755        -4.8377      -131.6417
     5 2     5D 1(10.00)        -1.4842        -0.7421       -20.1939
     6 0     6S 1( 2.00)        -0.8456        -0.4228       -11.5054
     6 1     6P 1( 2.00)        -0.2415        -0.1207        -3.2855

     final scf error:  7.0E-15 reached in  28 iterations
 
     Etot =  -41834.726931 Ry,  -20917.363465 Ha, -569190.456501 eV

     Ekin =   48702.524893 Ry,   24351.262447 Ha,  662631.608014 eV
     Encl = -105931.108811 Ry,  -52965.554406 Ha,-1441266.158665 eV
     Eh   =   16151.663705 Ry,    8075.831852 Ha,  219754.579789 eV
     Exc  =    -757.806717 Ry,    -378.903359 Ha,  -10310.485639 eV


     normalization and overlap integrals

     s(1S/1S) =  1.000000  <r> =   0.0161  <r2> =    0.0004  r(max) =   0.0099
     s(1S/2S) = -0.000000
     s(1S/3S) = -0.000000
     s(1S/4S) = -0.000000
     s(1S/5S) = -0.000000
     s(1S/6S) = -0.000000
     s(2S/2S) =  1.000000  <r> =   0.0669  <r2> =    0.0054  r(max) =   0.0575
     s(2S/3S) =  0.000000
     s(2S/4S) =  0.000000
     s(2S/5S) =  0.000000
     s(2S/6S) =  0.000000
     s(2P/2P) =  1.000000  <r> =   0.0549  <r2> =    0.0038  r(max) =   0.0426
     s(2P/3P) =  0.000000
     s(2P/4P) =  0.000000
     s(2P/5P) =  0.000000
     s(2P/6P) =  0.000000
     s(2P/2P) =  1.000000  <r> =   0.0638  <r2> =    0.0050  r(max) =   0.0495
     s(2P/3P) =  0.000000
     s(2P/4P) =  0.000000
     s(2P/5P) =  0.000000
     s(2P/6P) =  0.000000
     s(3S/3S) =  1.000000  <r> =   0.1741  <r2> =    0.0348  r(max) =   0.1622
     s(3S/4S) =  0.000000
     s(3S/5S) =  0.000000
     s(3S/6S) =  0.000000
     s(3P/3P) =  1.000000  <r> =   0.1645  <r2> =    0.0316  r(max) =   0.1504
     s(3P/4P) =  0.000000
     s(3P/5P) =  0.000000
     s(3P/6P) =  0.000000
     s(3P/3P) =  1.000000  <r> =   0.1808  <r2> =    0.0380  r(max) =   0.1663
     s(3P/4P) =  0.000000
     s(3P/5P) =  0.000000
     s(3P/6P) =  0.000000
     s(4S/4S) =  1.000000  <r> =   0.3843  <r2> =    0.1669  r(max) =   0.3609
     s(4S/5S) =  0.000000
     s(4S/6S) =  0.000000
     s(4P/4P) =  1.000000  <r> =   0.3854  <r2> =    0.1692  r(max) =   0.3609
     s(4P/5P) =  0.000000
     s(4P/6P) =  0.000000
     s(4P/4P) =  1.000000  <r> =   0.4202  <r2> =    0.2007  r(max) =   0.3939
     s(4P/5P) =  0.000000
     s(4P/6P) =  0.000000
     s(3D/3D) =  1.000000  <r> =   0.1570  <r2> =    0.0289  r(max) =   0.1295
     s(3D/4D) =  0.000000
     s(3D/5D) =  0.000000
     s(3D/3D) =  1.000000  <r> =   0.1619  <r2> =    0.0307  r(max) =   0.1328
     s(3D/4D) = -0.000000
     s(3D/5D) = -0.000000
     s(5S/5S) =  1.000000  <r> =   0.8533  <r2> =    0.8164  r(max) =   0.7932
     s(5S/6S) =  0.000000
     s(5P/5P) =  1.000000  <r> =   0.9116  <r2> =    0.9378  r(max) =   0.8235
     s(5P/6P) =  0.000000
     s(5P/5P) =  1.000000  <r> =   1.0046  <r2> =    1.1399  r(max) =   0.9101
     s(5P/6P) = -0.000000
     s(4D/4D) =  1.000000  <r> =   0.4248  <r2> =    0.2085  r(max) =   0.3842
     s(4D/5D) =  0.000000
     s(4D/4D) =  1.000000  <r> =   0.4359  <r2> =    0.2194  r(max) =   0.3939
     s(4D/5D) = -0.000000
     s(4F/4F) =  1.000000  <r> =   0.4509  <r2> =    0.2435  r(max) =   0.3476
     s(4F/4F) =  1.000000  <r> =   0.4572  <r2> =    0.2504  r(max) =   0.3520
     s(5D/5D) =  1.000000  <r> =   1.2817  <r2> =    1.9167  r(max) =   1.0574
     s(5D/5D) =  1.000000  <r> =   1.3328  <r2> =    2.0779  r(max) =   1.0841
     s(6S/6S) =  1.000000  <r> =   2.3295  <r2> =    6.1785  r(max) =   1.9754
     s(6P/6P) =  1.000000  <r> =   3.0629  <r2> =   10.9590  r(max) =   2.4128
     s(6P/6P) =  1.000000  <r> =   3.5928  <r2> =   15.1475  r(max) =   2.8033

     ------------------------ End of All-electron run ------------------------


     ---------------------- Testing the pseudopotential ----------------------

     Pb                                                                         
     dirac relativistic calculation

     atomic number is 82.00   valence charge is 14.00
     dft =LDA   lsd =0 sic =0 latt =0  beta=0.20 tr2=1.0E-14
     mesh =1281 r(mesh) =  98.81810 xmin = -7.00 dx = 0.01250

     n l  j  nl             e AE (Ry)       e PS (Ry)    De AE-PS (Ry) 
     1 0 0.5 6S   1( 2.00)       -0.84563       -0.84564        0.00000
     2 1 0.5 6P   1( 2.00)       -0.31079       -0.31078       -0.00000
     2 1 1.5 6P   1( 0.00)       -0.20682       -0.20682        0.00000
     3 2 1.5 5D   1( 4.00)       -1.59859       -1.59859       -0.00000
     3 2 2.5 5D   1( 6.00)       -1.40798       -1.40798        0.00000

     eps = 3.5E-17  iter =  4
 
     Etot =  -41834.726931 Ry,  -20917.363465 Ha, -569190.456501 eV
     Etotps =  -144.797251 Ry,     -72.398626 Ha,   -1970.066963 eV

     Ekin =      30.930719 Ry,      15.465360 Ha,     420.833874 eV
     Encl =    -249.819789 Ry,    -124.909895 Ha,   -3398.971387 eV
     Ehrt =     107.574484 Ry,      53.787242 Ha,    1463.625414 eV
     Ecxc =     -43.112677 Ry,     -21.556338 Ha,    -586.577852 eV
     (Ecc =     -22.658575 Ry,     -11.329287 Ha,    -308.285612 eV)
     Epseu=       9.630012 Ry,       4.815006 Ha,     131.022987 eV

     ---------------------- End of pseudopotential test ----------------------

