[0] MPI startup(): I_MPI_SHM_LMT environment variable is not supported.
[0] MPI startup(): Similar variables:
	 I_MPI_SHM_HEAP
	 I_MPI_SHM
	 I_MPI_SHM_OPT
	 I_MPI_SHM_THP
[0] MPI startup(): To check the list of supported variables, use the impi_info utility or refer to https://software.intel.com/en-us/mpi-library/documentation/get-started.

     Program LD1 v.7.3.1 starts on 19Sep2024 at 21:48: 6 

     This program is part of the open-source Quantum ESPRESSO suite
     for quantum simulation of materials; please cite
         "P. Giannozzi et al., J. Phys.:Condens. Matter 21 395502 (2009);
         "P. Giannozzi et al., J. Phys.:Condens. Matter 29 465901 (2017);
         "P. Giannozzi et al., J. Chem. Phys. 152 154105 (2020);
          URL http://www.quantum-espresso.org", 
     in publications or presentations arising from this work. More details at
     http://www.quantum-espresso.org/quote

     Parallel version (MPI), running on     1 processors

     MPI processes distributed on     1 nodes
     89683 MiB available memory on the printing compute node when the environment starts
 
     Waiting for input...
     Reading input from standard input
     --------------------------- All-electron run ----------------------------

     Pd                                                                         
     dirac relativistic calculation

     atomic number is 46.00
     dft =LDA   lsd =0 sic =0 latt =0  beta=0.20 tr2=1.0E-14
     Exchange-correlation= LDA
                           (   1   1   0   0   0   0   0)
     mesh =1235 r(mesh) =  99.12271 a.u. xmin = -7.00 dx = 0.01250
     1 Ry =  13.60569312 eV, c = 137.03599908

     n l j   nl                  e(Ry)          e(Ha)          e(eV)
     Spin orbit split results
     1 0 0.5 1S 1( 2.00)     -1772.9463      -886.4732    -24122.1638
     2 0 0.5 2S 1( 2.00)      -258.8557      -129.4278     -3521.9108
     2 1 0.5 2P 1( 2.00)      -240.2541      -120.1271     -3268.8239
     2 1 1.5 2P 1( 4.00)      -228.5563      -114.2782     -3109.6673
     3 0 0.5 3S 1( 2.00)       -46.6354       -23.3177      -634.5075
     3 1 0.5 3P 1( 2.00)       -39.2856       -19.6428      -534.5080
     3 1 1.5 3P 1( 4.00)       -37.2462       -18.6231      -506.7605
     4 0 0.5 4S 1( 2.00)        -6.2762        -3.1381       -85.3917
     4 1 0.5 4P 1( 2.00)        -4.0011        -2.0005       -54.4375
     4 1 1.5 4P 1( 4.00)        -3.6706        -1.8353       -49.9411
     3 2 1.5 3D 1( 4.00)       -24.1805       -12.0903      -328.9928
     3 2 2.5 3D 1( 6.00)       -23.7735       -11.8867      -323.4543
     4 2 1.5 4D 1( 4.00)        -0.3368        -0.1684        -4.5827
     4 2 2.5 4D 1( 6.00)        -0.3046        -0.1523        -4.1438
     5 0 0.5 5S 1( 0.00)        -0.2662        -0.1331        -3.6213
     5 1 0.5 5P 1( 0.00)        -0.0310        -0.0155        -0.4223
     5 1 1.5 5P 1( 0.00)        -0.0246        -0.0123        -0.3347
     Averaged results
     1 0     1S 1( 2.00)     -1772.9463      -886.4732    -24122.1638
     2 0     2S 1( 2.00)      -258.8557      -129.4278     -3521.9108
     2 1     2P 1( 6.00)      -232.4556      -116.2278     -3162.7195
     3 0     3S 1( 2.00)       -46.6354       -23.3177      -634.5075
     3 1     3P 1( 6.00)       -37.9260       -18.9630      -516.0097
     4 0     4S 1( 2.00)        -6.2762        -3.1381       -85.3917
     4 1     4P 1( 6.00)        -3.7808        -1.8904       -51.4399
     3 2     3D 1(10.00)       -23.9363       -11.9681      -325.6697
     4 2     4D 1(10.00)        -0.3175        -0.1587        -4.3194
     5 0     5S 1( 0.00)        -0.2662        -0.1331        -3.6213
     5 1     5P 1( 0.00)        -0.0267        -0.0134        -0.3639

     final scf error:  6.6E-15 reached in  22 iterations
 
     Etot =  -10084.357268 Ry,   -5042.178634 Ha, -137204.670334 eV

     Ekin =   10530.376184 Ry,    5265.188092 Ha,  143273.066822 eV
     Encl =  -24454.201689 Ry,  -12227.100844 Ha, -332716.363746 eV
     Eh   =    4118.278076 Ry,    2059.139038 Ha,   56032.027692 eV
     Exc  =    -278.809838 Ry,    -139.404919 Ha,   -3793.401102 eV


     normalization and overlap integrals

     s(1S/1S) =  1.000000  <r> =   0.0319  <r2> =    0.0014  r(max) =   0.0207
     s(1S/2S) =  0.000000
     s(1S/3S) = -0.000000
     s(1S/4S) =  0.000000
     s(1S/5S) =  0.000000
     s(2S/2S) =  1.000000  <r> =   0.1381  <r2> =    0.0225  r(max) =   0.1175
     s(2S/3S) =  0.000000
     s(2S/4S) =  0.000000
     s(2S/5S) =  0.000000
     s(2P/2P) =  1.000000  <r> =   0.1172  <r2> =    0.0169  r(max) =   0.0904
     s(2P/3P) =  0.000000
     s(2P/4P) =  0.000000
     s(2P/5P) =  0.000000
     s(2P/2P) =  1.000000  <r> =   0.1222  <r2> =    0.0182  r(max) =   0.0950
     s(2P/3P) =  0.000000
     s(2P/4P) =  0.000000
     s(2P/5P) =  0.000000
     s(3S/3S) =  1.000000  <r> =   0.3798  <r2> =    0.1652  r(max) =   0.3443
     s(3S/4S) =  0.000000
     s(3S/5S) =  0.000000
     s(3P/3P) =  1.000000  <r> =   0.3717  <r2> =    0.1607  r(max) =   0.3275
     s(3P/4P) =  0.000000
     s(3P/5P) =  0.000000
     s(3P/3P) =  1.000000  <r> =   0.3826  <r2> =    0.1701  r(max) =   0.3401
     s(3P/4P) =  0.000000
     s(3P/5P) =  0.000000
     s(4S/4S) =  1.000000  <r> =   0.9459  <r2> =    1.0161  r(max) =   0.8469
     s(4S/5S) =  0.000000
     s(4P/4P) =  1.000000  <r> =   1.0213  <r2> =    1.1995  r(max) =   0.8903
     s(4P/5P) =  0.000000
     s(4P/4P) =  1.000000  <r> =   1.0543  <r2> =    1.2791  r(max) =   0.9129
     s(4P/5P) = -0.000000
     s(3D/3D) =  1.000000  <r> =   0.3559  <r2> =    0.1513  r(max) =   0.2819
     s(3D/4D) =  0.000000
     s(3D/3D) =  1.000000  <r> =   0.3594  <r2> =    0.1541  r(max) =   0.2819
     s(3D/4D) = -0.000000
     s(4D/4D) =  1.000000  <r> =   1.5701  <r2> =    3.1537  r(max) =   1.0875
     s(4D/4D) =  1.000000  <r> =   1.6068  <r2> =    3.3212  r(max) =   1.1012
     s(5S/5S) =  1.000000  <r> =   3.3535  <r2> =   13.1400  r(max) =   2.6415
     s(5P/5P) =  1.000000  <r> =   5.7049  <r2> =   40.9885  r(max) =   3.9407
     s(5P/5P) =  1.000000  <r> =   6.0760  <r2> =   46.8944  r(max) =   4.1427

     ------------------------ End of All-electron run ------------------------


     --------------------- Generating PAW atomic setup --------------------


      Generating local potential from pseudized AE potential:
      Matching radius rcloc =   2.1000

      Local pseudo, rcloc= 2.109 Estimated cut-off energy=     5.67 Ry

      Computing core charge for nlcc: 

       r > 0.86 : true rho core
       r < 0.86 : rho core = a sin(br)/r    a=  16.07  b=   2.53

      Integrated core pseudo-charge :  10.54

     Fully relativistic calculation: |psi|^2

     Wfc 5S LC norm =  0.99996832 SC norm =  0.00002965 missing  0.00000204
     Speed at rcutus      0.515 a.u.,  v/c =  0.003757,  (v/c)^2 =  0.00001411

     Wfc 5P LC norm =  0.99998957 SC norm =  0.00001012 missing  0.00000031
     Speed at rcutus      0.304 a.u.,  v/c =  0.002217,  (v/c)^2 =  0.00000491

     Wfc 5P LC norm =  0.99999079 SC norm =  0.00000701 missing  0.00000220
     Speed at rcutus      0.281 a.u.,  v/c =  0.002047,  (v/c)^2 =  0.00000419

     Wfc 4D LC norm =  0.99982539 SC norm =  0.00017459 missing  0.00000001
     Speed at rcutus      0.680 a.u.,  v/c =  0.004963,  (v/c)^2 =  0.00002463

     Wfc 4D LC norm =  0.99983135 SC norm =  0.00016731 missing  0.00000134
     Speed at rcutus      0.694 a.u.,  v/c =  0.005066,  (v/c)^2 =  0.00002566
      Wfc-us  5S rcutus= 2.274  Estimated cut-off energy=    23.44 Ry
      Wfc-us  5S rcutus= 2.274  Estimated cut-off energy=    18.41 Ry
      Wfc-us  5P rcutus= 2.576  Estimated cut-off energy=    10.62 Ry
      Wfc-us  5P rcutus= 2.576  Estimated cut-off energy=    10.53 Ry
      Wfc-us  5P rcutus= 2.576  Estimated cut-off energy=    24.37 Ry
      Wfc-us  5P rcutus= 2.576  Estimated cut-off energy=    23.97 Ry
      Wfc-us  4D rcutus= 1.909  Estimated cut-off energy=    31.89 Ry
      Wfc-us  4D rcutus= 1.909  Estimated cut-off energy=    31.83 Ry
      Wfc-us  4D rcutus= 1.909  Estimated cut-off energy=    28.17 Ry
      Wfc-us  4D rcutus= 1.909  Estimated cut-off energy=    28.04 Ry

      The bmat matrix
     0.75281    -1.56260     0.00000     0.00000     0.00000     0.00000
     0.00000     0.00000     0.00000     0.00000
    -0.73961     0.85363     0.00000     0.00000     0.00000     0.00000
     0.00000     0.00000     0.00000     0.00000
     0.00000     0.00000     0.07067     0.00000     0.14363     0.00000
     0.00000     0.00000     0.00000     0.00000
     0.00000     0.00000     0.00000     0.05530     0.00000     0.12295
     0.00000     0.00000     0.00000     0.00000
     0.00000     0.00000     0.14107     0.00000     0.59272     0.00000
     0.00000     0.00000     0.00000     0.00000
     0.00000     0.00000     0.00000     0.13135     0.00000     0.58673
     0.00000     0.00000     0.00000     0.00000
     0.00000     0.00000     0.00000     0.00000     0.00000     0.00000
    -1.21181     0.00000    -1.08034     0.00000
     0.00000     0.00000     0.00000     0.00000     0.00000     0.00000
     0.00000    -1.17441     0.00000    -1.07293
     0.00000     0.00000     0.00000     0.00000     0.00000     0.00000
    -0.06267     0.00000     0.03240     0.00000
     0.00000     0.00000     0.00000     0.00000     0.00000     0.00000
     0.00000    -0.08372     0.00000     0.01361

      The bmat + epsilon qq matrix
     0.91477    -0.77761     0.00000     0.00000     0.00000     0.00000
     0.00000     0.00000     0.00000     0.00000
    -0.77760     0.80739     0.00000     0.00000     0.00000     0.00000
     0.00000     0.00000     0.00000     0.00000
     0.00000     0.00000     0.07075     0.00000     0.14110     0.00000
     0.00000     0.00000     0.00000     0.00000
     0.00000     0.00000     0.00000     0.05530     0.00000     0.13135
     0.00000     0.00000     0.00000     0.00000
     0.00000     0.00000     0.14108     0.00000     0.89870     0.00000
     0.00000     0.00000     0.00000     0.00000
     0.00000     0.00000     0.00000     0.13132     0.00000     0.89532
     0.00000     0.00000     0.00000     0.00000
     0.00000     0.00000     0.00000     0.00000     0.00000     0.00000
    -1.29001     0.00000    -0.13661     0.00000
     0.00000     0.00000     0.00000     0.00000     0.00000     0.00000
     0.00000    -1.24122     0.00000    -0.14912
     0.00000     0.00000     0.00000     0.00000     0.00000     0.00000
    -0.13660     0.00000     0.65645     0.00000
     0.00000     0.00000     0.00000     0.00000     0.00000     0.00000
     0.00000    -0.14916     0.00000     0.64764

      The qq matrix
    -0.60851     0.14273     0.00000     0.00000     0.00000     0.00000
     0.00000     0.00000     0.00000     0.00000
     0.14273    -0.00841     0.00000     0.00000     0.00000     0.00000
     0.00000     0.00000     0.00000     0.00000
     0.00000     0.00000    -0.00269     0.00000    -0.00040     0.00000
     0.00000     0.00000     0.00000     0.00000
     0.00000     0.00000     0.00000     0.00004     0.00000     0.00133
     0.00000     0.00000     0.00000     0.00000
     0.00000     0.00000    -0.00040     0.00000     0.04857     0.00000
     0.00000     0.00000     0.00000     0.00000
     0.00000     0.00000     0.00000     0.00133     0.00000     0.04898
     0.00000     0.00000     0.00000     0.00000
     0.00000     0.00000     0.00000     0.00000     0.00000     0.00000
     0.23219     0.00000     0.21947     0.00000
     0.00000     0.00000     0.00000     0.00000     0.00000     0.00000
     0.00000     0.21937     0.00000     0.21484
     0.00000     0.00000     0.00000     0.00000     0.00000     0.00000
     0.21947     0.00000     0.14513     0.00000
     0.00000     0.00000     0.00000     0.00000     0.00000     0.00000
     0.00000     0.21484     0.00000     0.14745


    multipoles (all-electron charge) - (pseudo charge)
        ns l1:ns1 l2    l=0     l=1     l=2     l=3     l=4     l=5  
         1  0:  1  0 -0.6085
         2  0:  1  0  0.1427
         2  0:  2  0 -0.0084
         3  1:  1  0  0.0000 -0.0353
         3  1:  2  0  0.0000  0.0336
         3  1:  3  1 -0.0027  0.0000 -0.0229
         4  1:  1  0  0.0000 -0.0265
         4  1:  2  0  0.0000  0.0303
         4  1:  3  1 -0.0013  0.0000 -0.0194
         4  1:  4  1  0.0000  0.0000 -0.0161
         5  1:  1  0  0.0000 -0.1671
         5  1:  2  0  0.0000 -0.0014
         5  1:  3  1 -0.0004  0.0000 -0.0242
         5  1:  4  1 -0.0000  0.0000 -0.0231
         5  1:  5  1  0.0486  0.0000  0.0422
         6  1:  1  0  0.0000 -0.1556
         6  1:  2  0  0.0000  0.0027
         6  1:  3  1  0.0008  0.0000 -0.0254
         6  1:  4  1  0.0013  0.0000 -0.0239
         6  1:  5  1  0.0485  0.0000  0.0388
         6  1:  6  1  0.0490  0.0000  0.0356
         7  2:  1  0  0.0000  0.0000 -0.2850
         7  2:  2  0  0.0000  0.0000  0.1299
         7  2:  3  1  0.0000 -0.1113  0.0000 -0.1651
         7  2:  4  1  0.0000 -0.1051  0.0000 -0.1573
         7  2:  5  1  0.0000 -0.0953  0.0000 -0.0088
         7  2:  6  1  0.0000 -0.1118  0.0000 -0.0395
         7  2:  7  2  0.2322  0.0000  0.1898  0.0000  0.2112
         8  2:  1  0  0.0000  0.0000 -0.2843
         8  2:  2  0  0.0000  0.0000  0.1287
         8  2:  3  1  0.0000 -0.1103  0.0000 -0.1645
         8  2:  4  1  0.0000 -0.1041  0.0000 -0.1566
         8  2:  5  1  0.0000 -0.0932  0.0000 -0.0073
         8  2:  6  1  0.0000 -0.1096  0.0000 -0.0379
         8  2:  7  2  0.2254  0.0000  0.1846  0.0000  0.2057
         8  2:  8  2  0.2194  0.0000  0.1798  0.0000  0.2011
         9  2:  1  0  0.0000  0.0000  0.0103
         9  2:  2  0  0.0000  0.0000  0.0109
         9  2:  3  1  0.0000 -0.0157  0.0000  0.0262
         9  2:  4  1  0.0000 -0.0158  0.0000  0.0231
         9  2:  5  1  0.0000 -0.0676  0.0000 -0.0815
         9  2:  6  1  0.0000 -0.0699  0.0000 -0.0782
         9  2:  7  2  0.2195  0.0000  0.1824  0.0000  0.2067
         9  2:  8  2  0.2145  0.0000  0.1793  0.0000  0.2039
         9  2:  9  2  0.1451  0.0000  0.0904  0.0000  0.0673
        10  2:  1  0  0.0000  0.0000  0.0044
        10  2:  2  0  0.0000  0.0000  0.0131
        10  2:  3  1  0.0000 -0.0172  0.0000  0.0239
        10  2:  4  1  0.0000 -0.0172  0.0000  0.0208
        10  2:  5  1  0.0000 -0.0687  0.0000 -0.0824
        10  2:  6  1  0.0000 -0.0712  0.0000 -0.0795
        10  2:  7  2  0.2194  0.0000  0.1830  0.0000  0.2079
        10  2:  8  2  0.2148  0.0000  0.1798  0.0000  0.2047
        10  2:  9  2  0.1462  0.0000  0.0921  0.0000  0.0696
        10  2: 10  2  0.1475  0.0000  0.0939  0.0000  0.0726
     Required augmentation: PSQ   radius:    0.850000

     Q pseudized with Bessel functions
     Expected ecutrho=     496.6816 due to l1=  2   l2=  2

     Estimated PAW energy = -321.844800 Ryd

     The PAW screened D coefficients
     0.91477    -0.77760     0.00000     0.00000     0.00000     0.00000
     0.00000     0.00000     0.00000     0.00000
    -0.77760     0.80744     0.00000     0.00000     0.00000     0.00000
     0.00000     0.00000     0.00000     0.00000
     0.00000     0.00000     0.07075     0.00000     0.14108     0.00000
     0.00000     0.00000     0.00000     0.00000
     0.00000     0.00000     0.00000     0.05530     0.00000     0.13132
     0.00000     0.00000     0.00000     0.00000
     0.00000     0.00000     0.14108     0.00000     0.89872     0.00000
     0.00000     0.00000     0.00000     0.00000
     0.00000     0.00000     0.00000     0.13132     0.00000     0.89536
     0.00000     0.00000     0.00000     0.00000
     0.00000     0.00000     0.00000     0.00000     0.00000     0.00000
    -1.29001     0.00000    -0.13660     0.00000
     0.00000     0.00000     0.00000     0.00000     0.00000     0.00000
     0.00000    -1.24122     0.00000    -0.14915
     0.00000     0.00000     0.00000     0.00000     0.00000     0.00000
    -0.13660     0.00000     0.65652     0.00000
     0.00000     0.00000     0.00000     0.00000     0.00000     0.00000
     0.00000    -0.14915     0.00000     0.64775

     The PAW descreened D coefficients (US)
    -3.36111    -0.09037     0.00000     0.00000     0.00000     0.00000
     0.00000     0.00000     0.00000     0.00000
    -0.09037     0.97151     0.00000     0.00000     0.00000     0.00000
     0.00000     0.00000     0.00000     0.00000
     0.00000     0.00000     0.10141     0.00000     0.22117     0.00000
     0.00000     0.00000     0.00000     0.00000
     0.00000     0.00000     0.00000     0.09219     0.00000     0.22044
     0.00000     0.00000     0.00000     0.00000
     0.00000     0.00000     0.22117     0.00000     1.27561     0.00000
     0.00000     0.00000     0.00000     0.00000
     0.00000     0.00000     0.00000     0.22044     0.00000     1.29309
     0.00000     0.00000     0.00000     0.00000
     0.00000     0.00000     0.00000     0.00000     0.00000     0.00000
     0.26819     0.00000     1.30209     0.00000
     0.00000     0.00000     0.00000     0.00000     0.00000     0.00000
     0.00000     0.23304     0.00000     1.25670
     0.00000     0.00000     0.00000     0.00000     0.00000     0.00000
     1.30209     0.00000     1.69749     0.00000
     0.00000     0.00000     0.00000     0.00000     0.00000     0.00000
     0.00000     1.25670     0.00000     1.69942

     ------------------- End of pseudopotential generation -------------------

     --------------------------- All-electron run ----------------------------

     Pd                                                                         
     dirac relativistic calculation

     atomic number is 46.00
     dft = SLA  PZ   NOGX NOGC   lsd =0 sic =0 latt =0  beta=0.20 tr2=1.0E-14
     Exchange-correlation=  SLA  PZ   NOGX NOGC
                           (   1   1   0   0   0   0   0)
     mesh =1235 r(mesh) =  99.12271 a.u. xmin = -7.00 dx = 0.01250
     1 Ry =  13.60569312 eV, c = 137.03599908

     n l j   nl                  e(Ry)          e(Ha)          e(eV)
     Spin orbit split results
     1 0 0.5 1S 1( 2.00)     -1772.9463      -886.4732    -24122.1638
     2 0 0.5 2S 1( 2.00)      -258.8557      -129.4278     -3521.9108
     2 1 0.5 2P 1( 2.00)      -240.2541      -120.1271     -3268.8239
     2 1 1.5 2P 1( 4.00)      -228.5563      -114.2782     -3109.6673
     3 0 0.5 3S 1( 2.00)       -46.6354       -23.3177      -634.5075
     3 1 0.5 3P 1( 2.00)       -39.2856       -19.6428      -534.5080
     3 1 1.5 3P 1( 4.00)       -37.2462       -18.6231      -506.7605
     4 0 0.5 4S 1( 2.00)        -6.2762        -3.1381       -85.3917
     4 1 0.5 4P 1( 2.00)        -4.0011        -2.0005       -54.4375
     4 1 1.5 4P 1( 4.00)        -3.6706        -1.8353       -49.9411
     3 2 1.5 3D 1( 4.00)       -24.1805       -12.0903      -328.9928
     3 2 2.5 3D 1( 6.00)       -23.7735       -11.8867      -323.4543
     4 2 1.5 4D 1( 4.00)        -0.3368        -0.1684        -4.5827
     4 2 2.5 4D 1( 6.00)        -0.3046        -0.1523        -4.1438
     5 0 0.5 5S 1( 0.00)        -0.2662        -0.1331        -3.6213
     5 1 0.5 5P 1( 0.00)        -0.0310        -0.0155        -0.4223
     5 1 1.5 5P 1( 0.00)        -0.0246        -0.0123        -0.3347
     Averaged results
     1 0     1S 1( 2.00)     -1772.9463      -886.4732    -24122.1638
     2 0     2S 1( 2.00)      -258.8557      -129.4278     -3521.9108
     2 1     2P 1( 6.00)      -232.4556      -116.2278     -3162.7195
     3 0     3S 1( 2.00)       -46.6354       -23.3177      -634.5075
     3 1     3P 1( 6.00)       -37.9260       -18.9630      -516.0097
     4 0     4S 1( 2.00)        -6.2762        -3.1381       -85.3917
     4 1     4P 1( 6.00)        -3.7808        -1.8904       -51.4399
     3 2     3D 1(10.00)       -23.9363       -11.9681      -325.6697
     4 2     4D 1(10.00)        -0.3175        -0.1587        -4.3194
     5 0     5S 1( 0.00)        -0.2662        -0.1331        -3.6213
     5 1     5P 1( 0.00)        -0.0267        -0.0134        -0.3639

     final scf error:  6.6E-15 reached in  22 iterations
 
     Etot =  -10084.357268 Ry,   -5042.178634 Ha, -137204.670334 eV

     Ekin =   10530.376184 Ry,    5265.188092 Ha,  143273.066822 eV
     Encl =  -24454.201689 Ry,  -12227.100844 Ha, -332716.363746 eV
     Eh   =    4118.278076 Ry,    2059.139038 Ha,   56032.027692 eV
     Exc  =    -278.809838 Ry,    -139.404919 Ha,   -3793.401102 eV


     normalization and overlap integrals

     s(1S/1S) =  1.000000  <r> =   0.0319  <r2> =    0.0014  r(max) =   0.0207
     s(1S/2S) =  0.000000
     s(1S/3S) = -0.000000
     s(1S/4S) =  0.000000
     s(1S/5S) =  0.000000
     s(2S/2S) =  1.000000  <r> =   0.1381  <r2> =    0.0225  r(max) =   0.1175
     s(2S/3S) =  0.000000
     s(2S/4S) =  0.000000
     s(2S/5S) =  0.000000
     s(2P/2P) =  1.000000  <r> =   0.1172  <r2> =    0.0169  r(max) =   0.0904
     s(2P/3P) =  0.000000
     s(2P/4P) =  0.000000
     s(2P/5P) =  0.000000
     s(2P/2P) =  1.000000  <r> =   0.1222  <r2> =    0.0182  r(max) =   0.0950
     s(2P/3P) =  0.000000
     s(2P/4P) =  0.000000
     s(2P/5P) =  0.000000
     s(3S/3S) =  1.000000  <r> =   0.3798  <r2> =    0.1652  r(max) =   0.3443
     s(3S/4S) =  0.000000
     s(3S/5S) =  0.000000
     s(3P/3P) =  1.000000  <r> =   0.3717  <r2> =    0.1607  r(max) =   0.3275
     s(3P/4P) =  0.000000
     s(3P/5P) =  0.000000
     s(3P/3P) =  1.000000  <r> =   0.3826  <r2> =    0.1701  r(max) =   0.3401
     s(3P/4P) =  0.000000
     s(3P/5P) =  0.000000
     s(4S/4S) =  1.000000  <r> =   0.9459  <r2> =    1.0161  r(max) =   0.8469
     s(4S/5S) =  0.000000
     s(4P/4P) =  1.000000  <r> =   1.0213  <r2> =    1.1995  r(max) =   0.8903
     s(4P/5P) =  0.000000
     s(4P/4P) =  1.000000  <r> =   1.0543  <r2> =    1.2791  r(max) =   0.9129
     s(4P/5P) = -0.000000
     s(3D/3D) =  1.000000  <r> =   0.3559  <r2> =    0.1513  r(max) =   0.2819
     s(3D/4D) =  0.000000
     s(3D/3D) =  1.000000  <r> =   0.3594  <r2> =    0.1541  r(max) =   0.2819
     s(3D/4D) = -0.000000
     s(4D/4D) =  1.000000  <r> =   1.5701  <r2> =    3.1537  r(max) =   1.0875
     s(4D/4D) =  1.000000  <r> =   1.6068  <r2> =    3.3212  r(max) =   1.1012
     s(5S/5S) =  1.000000  <r> =   3.3535  <r2> =   13.1400  r(max) =   2.6415
     s(5P/5P) =  1.000000  <r> =   5.7049  <r2> =   40.9885  r(max) =   3.9407
     s(5P/5P) =  1.000000  <r> =   6.0760  <r2> =   46.8944  r(max) =   4.1427

     ------------------------ End of All-electron run ------------------------


       Warning: n=1, l=0 expected 0 nodes, found 1
       Setting wfc to zero for this iteration
       (This warning will only be printed once per wavefunction)

       Zero norm: self consistency problem; state:  1 (l=  0, j=0.5)

     ---------------------- Testing the pseudopotential ----------------------

     Pd                                                                         
     dirac relativistic calculation

     atomic number is 46.00   valence charge is 10.00
     dft = SLA  PZ   NOGX NOGC   lsd =0 sic =0 latt =0  beta=0.20 tr2=1.0E-14
     mesh =1235 r(mesh) =  99.12271 xmin = -7.00 dx = 0.01250

     n l  j  nl             e AE (Ry)       e PS (Ry)    De AE-PS (Ry) 
     1 0 0.5 5S   1( 0.00)       -0.26616       -0.26616        0.00000
     2 1 0.5 5P   1( 0.00)       -0.03104       -0.03104       -0.00000
     2 1 1.5 5P   1( 0.00)       -0.02460       -0.02460        0.00000
     3 2 1.5 4D   1( 4.00)       -0.33682       -0.33682        0.00000
     3 2 2.5 4D   1( 6.00)       -0.30456       -0.30457        0.00000

     eps = 3.8E-17  iter =  4
 
     Etot =  -10084.357268 Ry,   -5042.178634 Ha, -137204.670334 eV
     Etotps =  -321.844810 Ry,    -160.922405 Ha,   -4378.921716 eV

     Ekin =     129.116132 Ry,      64.558066 Ha,    1756.714468 eV
     Encl =    -230.383723 Ry,    -115.191861 Ha,   -3134.530230 eV
     Ehrt =      58.232626 Ry,      29.116313 Ha,     792.295239 eV
     Ecxc =    -278.809845 Ry,    -139.404923 Ha,   -3793.401193 eV
     (Ecc =     -17.000647 Ry,      -8.500323 Ha,    -231.305583 eV)

     ---------------------- End of pseudopotential test ----------------------

