[0] MPI startup(): I_MPI_SHM_LMT environment variable is not supported.
[0] MPI startup(): Similar variables:
	 I_MPI_SHM_HEAP
	 I_MPI_SHM
	 I_MPI_SHM_OPT
	 I_MPI_SHM_THP
[0] MPI startup(): To check the list of supported variables, use the impi_info utility or refer to https://software.intel.com/en-us/mpi-library/documentation/get-started.

     Program LD1 v.7.3.1 starts on 19Sep2024 at 21:48: 7 

     This program is part of the open-source Quantum ESPRESSO suite
     for quantum simulation of materials; please cite
         "P. Giannozzi et al., J. Phys.:Condens. Matter 21 395502 (2009);
         "P. Giannozzi et al., J. Phys.:Condens. Matter 29 465901 (2017);
         "P. Giannozzi et al., J. Chem. Phys. 152 154105 (2020);
          URL http://www.quantum-espresso.org", 
     in publications or presentations arising from this work. More details at
     http://www.quantum-espresso.org/quote

     Parallel version (MPI), running on     1 processors

     MPI processes distributed on     1 nodes
     89678 MiB available memory on the printing compute node when the environment starts
 
     Waiting for input...
     Reading input from standard input
     --------------------------- All-electron run ----------------------------

     Pd                                                                         
     dirac relativistic calculation

     atomic number is 46.00
     dft =LDA   lsd =0 sic =0 latt =0  beta=0.20 tr2=1.0E-14
     Exchange-correlation= LDA
                           (   1   1   0   0   0   0   0)
     mesh =1235 r(mesh) =  99.12271 a.u. xmin = -7.00 dx = 0.01250
     1 Ry =  13.60569312 eV, c = 137.03599908

     n l j   nl                  e(Ry)          e(Ha)          e(eV)
     Spin orbit split results
     1 0 0.5 1S 1( 2.00)     -1773.0613      -886.5307    -24123.7282
     2 0 0.5 2S 1( 2.00)      -258.9768      -129.4884     -3523.5590
     2 1 0.5 2P 1( 2.00)      -240.3746      -120.1873     -3270.4635
     2 1 1.5 2P 1( 4.00)      -228.6770      -114.3385     -3111.3092
     3 0 0.5 3S 1( 2.00)       -46.7561       -23.3780      -636.1487
     3 1 0.5 3P 1( 2.00)       -39.4063       -19.7031      -536.1494
     3 1 1.5 3P 1( 4.00)       -37.3668       -18.6834      -508.4018
     4 0 0.5 4S 1( 2.00)        -6.3921        -3.1961       -86.9691
     4 1 0.5 4P 1( 2.00)        -4.1142        -2.0571       -55.9764
     4 1 1.5 4P 1( 4.00)        -3.7825        -1.8913       -51.4637
     3 2 1.5 3D 1( 4.00)       -24.3016       -12.1508      -330.6399
     3 2 2.5 3D 1( 6.00)       -23.8945       -11.9473      -325.1013
     4 2 1.5 4D 1( 4.00)        -0.4282        -0.2141        -5.8253
     4 2 2.5 4D 1( 5.50)        -0.3946        -0.1973        -5.3694
     5 0 0.5 5S 1( 0.50)        -0.3040        -0.1520        -4.1363
     5 1 0.5 5P 1( 0.00)        -0.0529        -0.0264        -0.7193
     5 1 1.5 5P 1( 0.00)        -0.0450        -0.0225        -0.6123
     Averaged results
     1 0     1S 1( 2.00)     -1773.0613      -886.5307    -24123.7282
     2 0     2S 1( 2.00)      -258.9768      -129.4884     -3523.5590
     2 1     2P 1( 6.00)      -232.5762      -116.2881     -3164.3607
     3 0     3S 1( 2.00)       -46.7561       -23.3780      -636.1487
     3 1     3P 1( 6.00)       -38.0466       -19.0233      -517.6510
     4 0     4S 1( 2.00)        -6.3921        -3.1961       -86.9691
     4 1     4P 1( 6.00)        -3.8931        -1.9465       -52.9679
     3 2     3D 1(10.00)       -24.0573       -12.0287      -327.3168
     4 2     4D 1( 9.50)        -0.4080        -0.2040        -5.5518
     5 0     5S 1( 0.50)        -0.3040        -0.1520        -4.1363
     5 1     5P 1( 0.00)        -0.0476        -0.0238        -0.6480

     final scf error:  3.7E-15 reached in  32 iterations
 
     Etot =  -10084.325329 Ry,   -5042.162664 Ha, -137204.235776 eV

     Ekin =   10530.415408 Ry,    5265.207704 Ha,  143273.600498 eV
     Encl =  -24449.152760 Ry,  -12224.576380 Ha, -332647.669567 eV
     Eh   =    4113.055804 Ry,    2056.527902 Ha,   55960.975071 eV
     Exc  =    -278.643781 Ry,    -139.321891 Ha,   -3791.141778 eV


     normalization and overlap integrals

     s(1S/1S) =  1.000000  <r> =   0.0319  <r2> =    0.0014  r(max) =   0.0207
     s(1S/2S) =  0.000000
     s(1S/3S) = -0.000000
     s(1S/4S) =  0.000000
     s(1S/5S) =  0.000000
     s(2S/2S) =  1.000000  <r> =   0.1381  <r2> =    0.0225  r(max) =   0.1175
     s(2S/3S) =  0.000000
     s(2S/4S) =  0.000000
     s(2S/5S) =  0.000000
     s(2P/2P) =  1.000000  <r> =   0.1172  <r2> =    0.0169  r(max) =   0.0904
     s(2P/3P) =  0.000000
     s(2P/4P) =  0.000000
     s(2P/5P) =  0.000000
     s(2P/2P) =  1.000000  <r> =   0.1222  <r2> =    0.0182  r(max) =   0.0950
     s(2P/3P) =  0.000000
     s(2P/4P) =  0.000000
     s(2P/5P) =  0.000000
     s(3S/3S) =  1.000000  <r> =   0.3798  <r2> =    0.1652  r(max) =   0.3443
     s(3S/4S) =  0.000000
     s(3S/5S) =  0.000000
     s(3P/3P) =  1.000000  <r> =   0.3717  <r2> =    0.1607  r(max) =   0.3275
     s(3P/4P) =  0.000000
     s(3P/5P) =  0.000000
     s(3P/3P) =  1.000000  <r> =   0.3826  <r2> =    0.1701  r(max) =   0.3401
     s(3P/4P) =  0.000000
     s(3P/5P) =  0.000000
     s(4S/4S) =  1.000000  <r> =   0.9450  <r2> =    1.0139  r(max) =   0.8469
     s(4S/5S) =  0.000000
     s(4P/4P) =  1.000000  <r> =   1.0195  <r2> =    1.1945  r(max) =   0.8903
     s(4P/5P) =  0.000000
     s(4P/4P) =  1.000000  <r> =   1.0521  <r2> =    1.2729  r(max) =   0.9129
     s(4P/5P) = -0.000000
     s(3D/3D) =  1.000000  <r> =   0.3559  <r2> =    0.1513  r(max) =   0.2819
     s(3D/4D) =  0.000000
     s(3D/3D) =  1.000000  <r> =   0.3594  <r2> =    0.1541  r(max) =   0.2819
     s(3D/4D) = -0.000000
     s(4D/4D) =  1.000000  <r> =   1.5269  <r2> =    2.9434  r(max) =   1.0875
     s(4D/4D) =  1.000000  <r> =   1.5585  <r2> =    3.0791  r(max) =   1.1012
     s(5S/5S) =  1.000000  <r> =   3.2678  <r2> =   12.4367  r(max) =   2.6087
     s(5P/5P) =  1.000000  <r> =   5.2033  <r2> =   33.1939  r(max) =   3.7957
     s(5P/5P) =  1.000000  <r> =   5.4780  <r2> =   36.9009  r(max) =   3.9407

     ------------------------ End of All-electron run ------------------------


     --------------------- Generating US pseudopotential ---------------------


      Generating local potential from pseudized AE potential:
      Matching radius rcloc =   2.2000

      Local pseudo, rcloc= 2.217 Estimated cut-off energy=     5.10 Ry

      Computing core charge for nlcc: 

       r > 0.87 : true rho core
       r < 0.87 : rho core = a sin(br)/r    a=  15.97  b=   2.51

      Integrated core pseudo-charge :  10.51

     Fully relativistic calculation: |psi|^2

     Wfc 5S LC norm =  0.99996599 SC norm =  0.00003192 missing  0.00000209

     Wfc 5P LC norm =  0.99998752 SC norm =  0.00001218 missing  0.00000030

     Wfc 5P LC norm =  0.99998881 SC norm =  0.00000867 missing  0.00000251

     Wfc 4D LC norm =  0.99981944 SC norm =  0.00018054 missing  0.00000002

     Wfc 4D LC norm =  0.99982510 SC norm =  0.00017371 missing  0.00000119
      Wfc-us  5S rcutus= 2.274  Estimated cut-off energy=     8.20 Ry
      Wfc-us  5S rcutus= 2.274  Estimated cut-off energy=    11.91 Ry
      Wfc-us  5P rcutus= 2.576  Estimated cut-off energy=    10.67 Ry
      Wfc-us  5P rcutus= 2.576  Estimated cut-off energy=    10.58 Ry
      Wfc-us  5P rcutus= 2.576  Estimated cut-off energy=    24.50 Ry
      Wfc-us  5P rcutus= 2.576  Estimated cut-off energy=    24.10 Ry
      Wfc-us  4D rcutus= 1.909  Estimated cut-off energy=    31.96 Ry
      Wfc-us  4D rcutus= 1.909  Estimated cut-off energy=    31.91 Ry
      Wfc-us  4D rcutus= 1.909  Estimated cut-off energy=    28.32 Ry
      Wfc-us  4D rcutus= 1.909  Estimated cut-off energy=    28.20 Ry

      The bmat matrix
     0.36585     0.61058     0.00000     0.00000     0.00000     0.00000
     0.00000     0.00000     0.00000     0.00000
     0.52553     0.91025     0.00000     0.00000     0.00000     0.00000
     0.00000     0.00000     0.00000     0.00000
     0.00000     0.00000     0.08564     0.00000     0.15305     0.00000
     0.00000     0.00000     0.00000     0.00000
     0.00000     0.00000     0.00000     0.06889     0.00000     0.13332
     0.00000     0.00000     0.00000     0.00000
     0.00000     0.00000     0.14755     0.00000     0.56940     0.00000
     0.00000     0.00000     0.00000     0.00000
     0.00000     0.00000     0.00000     0.13990     0.00000     0.56279
     0.00000     0.00000     0.00000     0.00000
     0.00000     0.00000     0.00000     0.00000     0.00000     0.00000
    -1.38650     0.00000    -1.10917     0.00000
     0.00000     0.00000     0.00000     0.00000     0.00000     0.00000
     0.00000    -1.35036     0.00000    -1.10565
     0.00000     0.00000     0.00000     0.00000     0.00000     0.00000
    -0.05569     0.00000     0.04029     0.00000
     0.00000     0.00000     0.00000     0.00000     0.00000     0.00000
     0.00000    -0.07987     0.00000     0.02113

      The bmat + epsilon qq matrix
     0.37199     0.53674     0.00000     0.00000     0.00000     0.00000
     0.00000     0.00000     0.00000     0.00000
     0.53676     0.78556     0.00000     0.00000     0.00000     0.00000
     0.00000     0.00000     0.00000     0.00000
     0.00000     0.00000     0.08586     0.00000     0.14762     0.00000
     0.00000     0.00000     0.00000     0.00000
     0.00000     0.00000     0.00000     0.06892     0.00000     0.13989
     0.00000     0.00000     0.00000     0.00000
     0.00000     0.00000     0.14760     0.00000     0.87896     0.00000
     0.00000     0.00000     0.00000     0.00000
     0.00000     0.00000     0.00000     0.13986     0.00000     0.87766
     0.00000     0.00000     0.00000     0.00000
     0.00000     0.00000     0.00000     0.00000     0.00000     0.00000
    -1.48949     0.00000    -0.15108     0.00000
     0.00000     0.00000     0.00000     0.00000     0.00000     0.00000
     0.00000    -1.44033     0.00000    -0.16606
     0.00000     0.00000     0.00000     0.00000     0.00000     0.00000
    -0.15109     0.00000     0.65203     0.00000
     0.00000     0.00000     0.00000     0.00000     0.00000     0.00000
     0.00000    -0.16610     0.00000     0.64321

      The qq matrix
    -0.02020    -0.03692     0.00000     0.00000     0.00000     0.00000
     0.00000     0.00000     0.00000     0.00000
    -0.03692    -0.06235     0.00000     0.00000     0.00000     0.00000
     0.00000     0.00000     0.00000     0.00000
     0.00000     0.00000    -0.00413     0.00000    -0.00086     0.00000
     0.00000     0.00000     0.00000     0.00000
     0.00000     0.00000     0.00000    -0.00072     0.00000     0.00104
     0.00000     0.00000     0.00000     0.00000
     0.00000     0.00000    -0.00086     0.00000     0.04914     0.00000
     0.00000     0.00000     0.00000     0.00000
     0.00000     0.00000     0.00000     0.00104     0.00000     0.04998
     0.00000     0.00000     0.00000     0.00000
     0.00000     0.00000     0.00000     0.00000     0.00000     0.00000
     0.24053     0.00000     0.22281     0.00000
     0.00000     0.00000     0.00000     0.00000     0.00000     0.00000
     0.00000     0.22798     0.00000     0.21851
     0.00000     0.00000     0.00000     0.00000     0.00000     0.00000
     0.22281     0.00000     0.14227     0.00000
     0.00000     0.00000     0.00000     0.00000     0.00000     0.00000
     0.00000     0.21851     0.00000     0.14467

     Q pseudized with Bessel functions
     Expected ecutrho=     137.7372 due to l1=  2   l2=  2

      The ddd matrix
     0.39125     0.50397     0.00000     0.00000     0.00000     0.00000
     0.00000     0.00000     0.00000     0.00000
     0.50397     0.65939     0.00000     0.00000     0.00000     0.00000
     0.00000     0.00000     0.00000     0.00000
     0.00000     0.00000     0.11464     0.00000     0.35324     0.00000
     0.00000     0.00000     0.00000     0.00000
     0.00000     0.00000     0.00000     0.10709     0.00000     0.27281
     0.00000     0.00000     0.00000     0.00000
     0.00000     0.00000     0.35324     0.00000     1.05604     0.00000
     0.00000     0.00000     0.00000     0.00000
     0.00000     0.00000     0.00000     0.27281     0.00000     1.09348
     0.00000     0.00000     0.00000     0.00000
     0.00000     0.00000     0.00000     0.00000     0.00000     0.00000
    -0.04412     0.00000     1.11999     0.00000
     0.00000     0.00000     0.00000     0.00000     0.00000     0.00000
     0.00000    -0.06862     0.00000     1.07730
     0.00000     0.00000     0.00000     0.00000     0.00000     0.00000
     1.11999     0.00000     1.64144     0.00000
     0.00000     0.00000     0.00000     0.00000     0.00000     0.00000
     0.00000     1.07730     0.00000     1.64152

     ------------------- End of pseudopotential generation -------------------

     --------------------------- All-electron run ----------------------------

     Pd                                                                         
     dirac relativistic calculation

     atomic number is 46.00
     dft =LDA   lsd =0 sic =0 latt =0  beta=0.20 tr2=1.0E-14
     Exchange-correlation= LDA
                           (   1   1   0   0   0   0   0)
     mesh =1235 r(mesh) =  99.12271 a.u. xmin = -7.00 dx = 0.01250
     1 Ry =  13.60569312 eV, c = 137.03599908

     n l j   nl                  e(Ry)          e(Ha)          e(eV)
     Spin orbit split results
     1 0 0.5 1S 1( 2.00)     -1773.0613      -886.5307    -24123.7282
     2 0 0.5 2S 1( 2.00)      -258.9768      -129.4884     -3523.5590
     2 1 0.5 2P 1( 2.00)      -240.3746      -120.1873     -3270.4635
     2 1 1.5 2P 1( 4.00)      -228.6770      -114.3385     -3111.3092
     3 0 0.5 3S 1( 2.00)       -46.7561       -23.3780      -636.1487
     3 1 0.5 3P 1( 2.00)       -39.4063       -19.7031      -536.1494
     3 1 1.5 3P 1( 4.00)       -37.3668       -18.6834      -508.4018
     4 0 0.5 4S 1( 2.00)        -6.3921        -3.1961       -86.9691
     4 1 0.5 4P 1( 2.00)        -4.1142        -2.0571       -55.9764
     4 1 1.5 4P 1( 4.00)        -3.7825        -1.8913       -51.4637
     3 2 1.5 3D 1( 4.00)       -24.3016       -12.1508      -330.6399
     3 2 2.5 3D 1( 6.00)       -23.8945       -11.9473      -325.1013
     4 2 1.5 4D 1( 4.00)        -0.4282        -0.2141        -5.8253
     4 2 2.5 4D 1( 5.50)        -0.3946        -0.1973        -5.3694
     5 0 0.5 5S 1( 0.50)        -0.3040        -0.1520        -4.1363
     5 1 0.5 5P 1( 0.00)        -0.0529        -0.0264        -0.7193
     5 1 1.5 5P 1( 0.00)        -0.0450        -0.0225        -0.6123
     Averaged results
     1 0     1S 1( 2.00)     -1773.0613      -886.5307    -24123.7282
     2 0     2S 1( 2.00)      -258.9768      -129.4884     -3523.5590
     2 1     2P 1( 6.00)      -232.5762      -116.2881     -3164.3607
     3 0     3S 1( 2.00)       -46.7561       -23.3780      -636.1487
     3 1     3P 1( 6.00)       -38.0466       -19.0233      -517.6510
     4 0     4S 1( 2.00)        -6.3921        -3.1961       -86.9691
     4 1     4P 1( 6.00)        -3.8931        -1.9465       -52.9679
     3 2     3D 1(10.00)       -24.0573       -12.0287      -327.3168
     4 2     4D 1( 9.50)        -0.4080        -0.2040        -5.5518
     5 0     5S 1( 0.50)        -0.3040        -0.1520        -4.1363
     5 1     5P 1( 0.00)        -0.0476        -0.0238        -0.6480

     final scf error:  3.7E-15 reached in  32 iterations
 
     Etot =  -10084.325329 Ry,   -5042.162664 Ha, -137204.235776 eV

     Ekin =   10530.415408 Ry,    5265.207704 Ha,  143273.600498 eV
     Encl =  -24449.152760 Ry,  -12224.576380 Ha, -332647.669567 eV
     Eh   =    4113.055804 Ry,    2056.527902 Ha,   55960.975071 eV
     Exc  =    -278.643781 Ry,    -139.321891 Ha,   -3791.141778 eV


     normalization and overlap integrals

     s(1S/1S) =  1.000000  <r> =   0.0319  <r2> =    0.0014  r(max) =   0.0207
     s(1S/2S) =  0.000000
     s(1S/3S) = -0.000000
     s(1S/4S) =  0.000000
     s(1S/5S) =  0.000000
     s(2S/2S) =  1.000000  <r> =   0.1381  <r2> =    0.0225  r(max) =   0.1175
     s(2S/3S) =  0.000000
     s(2S/4S) =  0.000000
     s(2S/5S) =  0.000000
     s(2P/2P) =  1.000000  <r> =   0.1172  <r2> =    0.0169  r(max) =   0.0904
     s(2P/3P) =  0.000000
     s(2P/4P) =  0.000000
     s(2P/5P) =  0.000000
     s(2P/2P) =  1.000000  <r> =   0.1222  <r2> =    0.0182  r(max) =   0.0950
     s(2P/3P) =  0.000000
     s(2P/4P) =  0.000000
     s(2P/5P) =  0.000000
     s(3S/3S) =  1.000000  <r> =   0.3798  <r2> =    0.1652  r(max) =   0.3443
     s(3S/4S) =  0.000000
     s(3S/5S) =  0.000000
     s(3P/3P) =  1.000000  <r> =   0.3717  <r2> =    0.1607  r(max) =   0.3275
     s(3P/4P) =  0.000000
     s(3P/5P) =  0.000000
     s(3P/3P) =  1.000000  <r> =   0.3826  <r2> =    0.1701  r(max) =   0.3401
     s(3P/4P) =  0.000000
     s(3P/5P) =  0.000000
     s(4S/4S) =  1.000000  <r> =   0.9450  <r2> =    1.0139  r(max) =   0.8469
     s(4S/5S) =  0.000000
     s(4P/4P) =  1.000000  <r> =   1.0195  <r2> =    1.1945  r(max) =   0.8903
     s(4P/5P) =  0.000000
     s(4P/4P) =  1.000000  <r> =   1.0521  <r2> =    1.2729  r(max) =   0.9129
     s(4P/5P) = -0.000000
     s(3D/3D) =  1.000000  <r> =   0.3559  <r2> =    0.1513  r(max) =   0.2819
     s(3D/4D) =  0.000000
     s(3D/3D) =  1.000000  <r> =   0.3594  <r2> =    0.1541  r(max) =   0.2819
     s(3D/4D) = -0.000000
     s(4D/4D) =  1.000000  <r> =   1.5269  <r2> =    2.9434  r(max) =   1.0875
     s(4D/4D) =  1.000000  <r> =   1.5585  <r2> =    3.0791  r(max) =   1.1012
     s(5S/5S) =  1.000000  <r> =   3.2678  <r2> =   12.4367  r(max) =   2.6087
     s(5P/5P) =  1.000000  <r> =   5.2033  <r2> =   33.1939  r(max) =   3.7957
     s(5P/5P) =  1.000000  <r> =   5.4780  <r2> =   36.9009  r(max) =   3.9407

     ------------------------ End of All-electron run ------------------------


     ---------------------- Testing the pseudopotential ----------------------

     Pd                                                                         
     dirac relativistic calculation

     atomic number is 46.00   valence charge is 10.00
     dft =LDA   lsd =0 sic =0 latt =0  beta=0.20 tr2=1.0E-14
     mesh =1235 r(mesh) =  99.12271 xmin = -7.00 dx = 0.01250

     n l  j  nl             e AE (Ry)       e PS (Ry)    De AE-PS (Ry) 
     1 0 0.5 5S   1( 0.50)       -0.30401       -0.30401        0.00000
     2 1 0.5 5P   1( 0.00)       -0.05287       -0.05287       -0.00000
     2 1 1.5 5P   1( 0.00)       -0.04500       -0.04500        0.00000
     3 2 1.5 4D   1( 4.00)       -0.42815       -0.42815       -0.00000
     3 2 2.5 4D   1( 5.50)       -0.39465       -0.39465        0.00000

     eps = 1.9E-16  iter =  4
 
     Etot =  -10084.325329 Ry,   -5042.162664 Ha, -137204.235776 eV
     Etotps =   -77.942560 Ry,     -38.971280 Ha,   -1060.462559 eV

     Ekin =      30.385494 Ry,      15.192747 Ha,     413.415705 eV
     Encl =    -134.578810 Ry,     -67.289405 Ha,   -1831.037990 eV
     Ehrt =      58.453009 Ry,      29.226505 Ha,     795.293708 eV
     Ecxc =     -31.843956 Ry,     -15.921978 Ha,    -433.259091 eV
     (Ecc =     -16.918680 Ry,      -8.459340 Ha,    -230.190373 eV)
     Epseu=      -0.358298 Ry,      -0.179149 Ha,      -4.874890 eV

     ---------------------- End of pseudopotential test ----------------------

