[0] MPI startup(): I_MPI_SHM_LMT environment variable is not supported.
[0] MPI startup(): Similar variables:
	 I_MPI_SHM_HEAP
	 I_MPI_SHM
	 I_MPI_SHM_OPT
	 I_MPI_SHM_THP
[0] MPI startup(): To check the list of supported variables, use the impi_info utility or refer to https://software.intel.com/en-us/mpi-library/documentation/get-started.

     Program LD1 v.7.3.1 starts on 19Sep2024 at 21:48:10 

     This program is part of the open-source Quantum ESPRESSO suite
     for quantum simulation of materials; please cite
         "P. Giannozzi et al., J. Phys.:Condens. Matter 21 395502 (2009);
         "P. Giannozzi et al., J. Phys.:Condens. Matter 29 465901 (2017);
         "P. Giannozzi et al., J. Chem. Phys. 152 154105 (2020);
          URL http://www.quantum-espresso.org", 
     in publications or presentations arising from this work. More details at
     http://www.quantum-espresso.org/quote

     Parallel version (MPI), running on     1 processors

     MPI processes distributed on     1 nodes
     89675 MiB available memory on the printing compute node when the environment starts
 
     Waiting for input...
     Reading input from standard input
 state nlj           5           2   1.50000000000000       not converged
 state nlj           5           2   2.50000000000000       not converged
 state nlj           5           1  0.500000000000000       not converged
 state nlj           5           1   1.50000000000000       not converged
 state nlj           4           3   2.50000000000000       not converged
 state nlj           4           3   3.50000000000000       not converged
 state nlj           5           2   1.50000000000000       not converged
 state nlj           5           2   2.50000000000000       not converged
 state nlj           6           0  0.500000000000000       not converged
 state nlj           6           1  0.500000000000000       not converged
 state nlj           6           1   1.50000000000000       not converged
 classical turning point too close to mesh           6           1           1
 classical turning point too close to mesh           6           1          -2
     --------------------------- All-electron run ----------------------------

     Pt                                                                         
     dirac relativistic calculation

     atomic number is 78.00
     dft =LDA   lsd =0 sic =0 latt =0  beta=0.20 tr2=1.0E-14
     Exchange-correlation= LDA
                           (   1   1   0   0   0   0   0)
     mesh =1277 r(mesh) =  98.81913 a.u. xmin = -7.00 dx = 0.01250
     1 Ry =  13.60569312 eV, c = 137.03599908

     n l j   nl                  e(Ry)          e(Ha)          e(eV)
     Spin orbit split results
     1 0 0.5 1S 1( 2.00)     -5751.3554     -2875.6777    -78251.1766
     2 0 0.5 2S 1( 2.00)     -1009.6712      -504.8356    -13737.2768
     2 1 0.5 2P 1( 2.00)      -967.9007      -483.9504    -13168.9600
     2 1 1.5 2P 1( 4.00)      -840.9413      -420.4707    -11441.5895
     3 0 0.5 3S 1( 2.00)      -237.1101      -118.5550     -3226.0468
     3 1 0.5 3P 1( 2.00)      -218.3416      -109.1708     -2970.6889
     3 1 1.5 3P 1( 4.00)      -190.4393       -95.2196     -2591.0581
     4 0 0.5 4S 1( 2.00)       -50.8951       -25.4476      -692.4631
     4 1 0.5 4P 1( 2.00)       -42.9384       -21.4692      -584.2063
     4 1 1.5 4P 1( 4.00)       -36.2747       -18.1374      -493.5430
     3 2 1.5 3D 1( 4.00)      -159.1172       -79.5586     -2164.9005
     3 2 2.5 3D 1( 6.00)      -153.0993       -76.5496     -2083.0220
     5 0 0.5 5S 1( 2.00)        -7.4872        -3.7436      -101.8683
     5 1 0.5 5P 1( 2.00)        -4.9401        -2.4701       -67.2137
     5 1 1.5 5P 1( 4.00)        -3.8303        -1.9151       -52.1138
     4 2 1.5 4D 1( 4.00)       -23.2274       -11.6137      -316.0255
     4 2 2.5 4D 1( 6.00)       -21.9884       -10.9942      -299.1673
     4 3 2.5 4F 1( 6.00)        -5.3019        -2.6510       -72.1361
     4 3 3.5 4F 1( 8.00)        -5.0478        -2.5239       -68.6782
     5 2 1.5 5D 1( 4.00)        -0.5268        -0.2634        -7.1679
     5 2 2.5 5D 1( 5.00)        -0.4287        -0.2144        -5.8330
     6 0 0.5 6S 1( 1.00)        -0.4387        -0.2193        -5.9687
     6 1 0.5 6P 1( 0.00)        -0.1015        -0.0507        -1.3805
     6 1 1.5 6P 1( 0.00)        -0.0613        -0.0306        -0.8334
     Averaged results
     1 0     1S 1( 2.00)     -5751.3554     -2875.6777    -78251.1766
     2 0     2S 1( 2.00)     -1009.6712      -504.8356    -13737.2768
     2 1     2P 1( 6.00)      -883.2611      -441.6306    -12017.3797
     3 0     3S 1( 2.00)      -237.1101      -118.5550     -3226.0468
     3 1     3P 1( 6.00)      -199.7400       -99.8700     -2717.6017
     4 0     4S 1( 2.00)       -50.8951       -25.4476      -692.4631
     4 1     4P 1( 6.00)       -38.4960       -19.2480      -523.7641
     3 2     3D 1(10.00)      -155.5065       -77.7532     -2115.7734
     5 0     5S 1( 2.00)        -7.4872        -3.7436      -101.8683
     5 1     5P 1( 6.00)        -4.2002        -2.1001       -57.1471
     4 2     4D 1(10.00)       -22.4840       -11.2420      -305.9106
     4 3     4F 1(14.00)        -5.1567        -2.5783       -70.1601
     5 2     5D 1( 9.00)        -0.4680        -0.2340        -6.3670
     6 0     6S 1( 1.00)        -0.4387        -0.2193        -5.9687
     6 1     6P 1( 0.00)        -0.0747        -0.0373        -1.0158

     final scf error:  6.8E-15 reached in  32 iterations
 
     Etot =  -36872.917090 Ry,  -18436.458545 Ha, -501681.594482 eV

     Ekin =   42192.355306 Ry,   21096.177653 Ha,  574056.238428 eV
     Encl =  -92747.790612 Ry,  -46373.895306 Ha,-1261897.976908 eV
     Eh   =   14376.119707 Ry,    7188.059853 Ha,  195597.073028 eV
     Exc  =    -693.601491 Ry,    -346.800745 Ha,   -9436.929030 eV


     normalization and overlap integrals

     s(1S/1S) =  1.000000  <r> =   0.0172  <r2> =    0.0004  r(max) =   0.0106
     s(1S/2S) = -0.000000
     s(1S/3S) = -0.000000
     s(1S/4S) = -0.000000
     s(1S/5S) = -0.000000
     s(1S/6S) = -0.000000
     s(2S/2S) =  1.000000  <r> =   0.0717  <r2> =    0.0061  r(max) =   0.0612
     s(2S/3S) =  0.000000
     s(2S/4S) =  0.000000
     s(2S/5S) =  0.000000
     s(2S/6S) =  0.000000
     s(2P/2P) =  1.000000  <r> =   0.0591  <r2> =    0.0044  r(max) =   0.0459
     s(2P/3P) =  0.000000
     s(2P/4P) =  0.000000
     s(2P/5P) =  0.000000
     s(2P/6P) =  0.000000
     s(2P/2P) =  1.000000  <r> =   0.0675  <r2> =    0.0055  r(max) =   0.0526
     s(2P/3P) =  0.000000
     s(2P/4P) =  0.000000
     s(2P/5P) =  0.000000
     s(2P/6P) =  0.000000
     s(3S/3S) =  1.000000  <r> =   0.1867  <r2> =    0.0400  r(max) =   0.1726
     s(3S/4S) =  0.000000
     s(3S/5S) =  0.000000
     s(3S/6S) =  0.000000
     s(3P/3P) =  1.000000  <r> =   0.1769  <r2> =    0.0365  r(max) =   0.1622
     s(3P/4P) =  0.000000
     s(3P/5P) =  0.000000
     s(3P/6P) =  0.000000
     s(3P/3P) =  1.000000  <r> =   0.1924  <r2> =    0.0430  r(max) =   0.1770
     s(3P/4P) =  0.000000
     s(3P/5P) =  0.000000
     s(3P/6P) =  0.000000
     s(4S/4S) =  1.000000  <r> =   0.4152  <r2> =    0.1948  r(max) =   0.3890
     s(4S/5S) =  0.000000
     s(4S/6S) =  0.000000
     s(4P/4P) =  1.000000  <r> =   0.4180  <r2> =    0.1991  r(max) =   0.3890
     s(4P/5P) =  0.000000
     s(4P/6P) =  0.000000
     s(4P/4P) =  1.000000  <r> =   0.4522  <r2> =    0.2326  r(max) =   0.4193
     s(4P/5P) =  0.000000
     s(4P/6P) =  0.000000
     s(3D/3D) =  1.000000  <r> =   0.1677  <r2> =    0.0330  r(max) =   0.1378
     s(3D/4D) =  0.000000
     s(3D/5D) =  0.000000
     s(3D/3D) =  1.000000  <r> =   0.1724  <r2> =    0.0348  r(max) =   0.1413
     s(3D/4D) = -0.000000
     s(3D/5D) = -0.000000
     s(5S/5S) =  1.000000  <r> =   0.9523  <r2> =    1.0187  r(max) =   0.8657
     s(5S/6S) =  0.000000
     s(5P/5P) =  1.000000  <r> =   1.0335  <r2> =    1.2095  r(max) =   0.9215
     s(5P/6P) =  0.000000
     s(5P/5P) =  1.000000  <r> =   1.1353  <r2> =    1.4621  r(max) =   1.0058
     s(5P/6P) = -0.000000
     s(4D/4D) =  1.000000  <r> =   0.4619  <r2> =    0.2470  r(max) =   0.4141
     s(4D/5D) =  0.000000
     s(4D/4D) =  1.000000  <r> =   0.4732  <r2> =    0.2591  r(max) =   0.4246
     s(4D/5D) = -0.000000
     s(4F/4F) =  1.000000  <r> =   0.5126  <r2> =    0.3203  r(max) =   0.3842
     s(4F/4F) =  1.000000  <r> =   0.5200  <r2> =    0.3297  r(max) =   0.3890
     s(5D/5D) =  1.000000  <r> =   1.6517  <r2> =    3.3073  r(max) =   1.2439
     s(5D/5D) =  1.000000  <r> =   1.7430  <r2> =    3.7141  r(max) =   1.2915
     s(6S/6S) =  1.000000  <r> =   2.9067  <r2> =    9.7215  r(max) =   2.3828
     s(6P/6P) =  1.000000  <r> =   4.2571  <r2> =   21.6872  r(max) =   3.2165
     s(6P/6P) =  1.000000  <r> =   4.9935  <r2> =   30.1163  r(max) =   3.7370

     ------------------------ End of All-electron run ------------------------


     --------------------- Generating US pseudopotential ---------------------


      Generating local potential from pseudized AE potential:
      Matching radius rcloc =   2.4000
      Enforcing V''(0)=0 (lloc=-2)

      Local pseudo, rcloc= 2.383 Estimated cut-off energy=     5.77 Ry

      Computing core charge for nlcc: 

       r > 1.62 : true rho core
      Core charge pseudized with two Bessel functions
      Integrated core pseudo-charge :  11.31

     Fully relativistic calculation: |psi|^2

     Wfc 6S LC norm =  0.99994287 SC norm =  0.00005473 missing  0.00000240

     Wfc 6P LC norm =  0.99997552 SC norm =  0.00002425 missing  0.00000022

     Wfc 6P LC norm =  0.99998274 SC norm =  0.00001428 missing  0.00000298

     Wfc 5D LC norm =  0.99980207 SC norm =  0.00019790 missing  0.00000003

     Wfc 5D LC norm =  0.99982014 SC norm =  0.00017800 missing  0.00000186
      Wfc-us  6S rcutus= 2.383  Estimated cut-off energy=     7.83 Ry
      Wfc-us  6S rcutus= 2.383  Estimated cut-off energy=    13.68 Ry
      Wfc-us  6P rcutus= 2.505  Estimated cut-off energy=    11.42 Ry
      Wfc-us  6P rcutus= 2.505  Estimated cut-off energy=    11.09 Ry
      Wfc-us  6P rcutus= 2.505  Estimated cut-off energy=    19.51 Ry
      Wfc-us  6P rcutus= 2.505  Estimated cut-off energy=    17.51 Ry
      Wfc-us  5D rcutus= 2.211  Estimated cut-off energy=    24.05 Ry
      Wfc-us  5D rcutus= 2.211  Estimated cut-off energy=    23.92 Ry
      Wfc-us  5D rcutus= 2.211  Estimated cut-off energy=    40.16 Ry
      Wfc-us  5D rcutus= 2.211  Estimated cut-off energy=    38.35 Ry

      The bmat matrix
     0.53174     0.92896     0.00000     0.00000     0.00000     0.00000
     0.00000     0.00000     0.00000     0.00000
     0.59752     1.12405     0.00000     0.00000     0.00000     0.00000
     0.00000     0.00000     0.00000     0.00000
     0.00000     0.00000     0.12535     0.00000     0.36294     0.00000
     0.00000     0.00000     0.00000     0.00000
     0.00000     0.00000     0.00000     0.06907     0.00000     0.21661
     0.00000     0.00000     0.00000     0.00000
     0.00000     0.00000     0.24109     0.00000     0.85000     0.00000
     0.00000     0.00000     0.00000     0.00000
     0.00000     0.00000     0.00000     0.19992     0.00000     0.74211
     0.00000     0.00000     0.00000     0.00000
     0.00000     0.00000     0.00000     0.00000     0.00000     0.00000
    -1.45542     0.00000    -1.34109     0.00000
     0.00000     0.00000     0.00000     0.00000     0.00000     0.00000
     0.00000    -1.36411     0.00000    -1.16433
     0.00000     0.00000     0.00000     0.00000     0.00000     0.00000
    -1.24543     0.00000    -1.60008     0.00000
     0.00000     0.00000     0.00000     0.00000     0.00000     0.00000
     0.00000    -1.05149     0.00000    -1.10446

      The bmat + epsilon qq matrix
     0.57288     0.64697     0.00000     0.00000     0.00000     0.00000
     0.00000     0.00000     0.00000     0.00000
     0.64700     0.78855     0.00000     0.00000     0.00000     0.00000
     0.00000     0.00000     0.00000     0.00000
     0.00000     0.00000     0.12647     0.00000     0.24450     0.00000
     0.00000     0.00000     0.00000     0.00000
     0.00000     0.00000     0.00000     0.06878     0.00000     0.20019
     0.00000     0.00000     0.00000     0.00000
     0.00000     0.00000     0.24452     0.00000     0.53594     0.00000
     0.00000     0.00000     0.00000     0.00000
     0.00000     0.00000     0.00000     0.20021     0.00000     0.56953
     0.00000     0.00000     0.00000     0.00000
     0.00000     0.00000     0.00000     0.00000     0.00000     0.00000
    -1.59116     0.00000    -1.28342     0.00000
     0.00000     0.00000     0.00000     0.00000     0.00000     0.00000
     0.00000    -1.45703     0.00000    -1.09087
     0.00000     0.00000     0.00000     0.00000     0.00000     0.00000
    -1.28341     0.00000    -1.64092     0.00000
     0.00000     0.00000     0.00000     0.00000     0.00000     0.00000
     0.00000    -1.09086     0.00000    -1.09362

      The qq matrix
    -0.09378    -0.11279     0.00000     0.00000     0.00000     0.00000
     0.00000     0.00000     0.00000     0.00000
    -0.11279    -0.13420     0.00000     0.00000     0.00000     0.00000
     0.00000     0.00000     0.00000     0.00000
     0.00000     0.00000    -0.01106     0.00000    -0.03384     0.00000
     0.00000     0.00000     0.00000     0.00000
     0.00000     0.00000     0.00000     0.00484     0.00000    -0.00469
     0.00000     0.00000     0.00000     0.00000
     0.00000     0.00000    -0.03384     0.00000    -0.08973     0.00000
     0.00000     0.00000     0.00000     0.00000
     0.00000     0.00000     0.00000    -0.00469     0.00000    -0.04931
     0.00000     0.00000     0.00000     0.00000
     0.00000     0.00000     0.00000     0.00000     0.00000     0.00000
     0.25765     0.00000     0.07209     0.00000
     0.00000     0.00000     0.00000     0.00000     0.00000     0.00000
     0.00000     0.21674     0.00000     0.09184
     0.00000     0.00000     0.00000     0.00000     0.00000     0.00000
     0.07209     0.00000    -0.05105     0.00000
     0.00000     0.00000     0.00000     0.00000     0.00000     0.00000
     0.00000     0.09184     0.00000     0.01355

     Q pseudized with Bessel functions
     Expected ecutrho=     466.9504 due to l1=  2   l2=  2

      The ddd matrix
     0.32117     0.33517     0.00000     0.00000     0.00000     0.00000
     0.00000     0.00000     0.00000     0.00000
     0.33517     0.40917     0.00000     0.00000     0.00000     0.00000
     0.00000     0.00000     0.00000     0.00000
     0.00000     0.00000     0.10882     0.00000     0.16867     0.00000
     0.00000     0.00000     0.00000     0.00000
     0.00000     0.00000     0.00000     0.09215     0.00000     0.20657
     0.00000     0.00000     0.00000     0.00000
     0.00000     0.00000     0.16867     0.00000     0.30600     0.00000
     0.00000     0.00000     0.00000     0.00000
     0.00000     0.00000     0.00000     0.20657     0.00000     0.46634
     0.00000     0.00000     0.00000     0.00000
     0.00000     0.00000     0.00000     0.00000     0.00000     0.00000
    -0.81061     0.00000    -1.05099     0.00000
     0.00000     0.00000     0.00000     0.00000     0.00000     0.00000
     0.00000    -0.80161     0.00000    -0.80464
     0.00000     0.00000     0.00000     0.00000     0.00000     0.00000
    -1.05099     0.00000    -1.78736     0.00000
     0.00000     0.00000     0.00000     0.00000     0.00000     0.00000
     0.00000    -0.80464     0.00000    -1.04553

     ------------------- End of pseudopotential generation -------------------

 state nlj           5           2   1.50000000000000       not converged
 state nlj           5           2   2.50000000000000       not converged
 state nlj           5           1  0.500000000000000       not converged
 state nlj           5           1   1.50000000000000       not converged
 state nlj           4           3   2.50000000000000       not converged
 state nlj           4           3   3.50000000000000       not converged
 state nlj           5           2   1.50000000000000       not converged
 state nlj           5           2   2.50000000000000       not converged
 state nlj           6           0  0.500000000000000       not converged
 state nlj           6           1  0.500000000000000       not converged
 state nlj           6           1   1.50000000000000       not converged
 classical turning point too close to mesh           6           1           1
 classical turning point too close to mesh           6           1          -2
     --------------------------- All-electron run ----------------------------

     Pt                                                                         
     dirac relativistic calculation

     atomic number is 78.00
     dft =LDA   lsd =0 sic =0 latt =0  beta=0.20 tr2=1.0E-14
     Exchange-correlation= LDA
                           (   1   1   0   0   0   0   0)
     mesh =1277 r(mesh) =  98.81913 a.u. xmin = -7.00 dx = 0.01250
     1 Ry =  13.60569312 eV, c = 137.03599908

     n l j   nl                  e(Ry)          e(Ha)          e(eV)
     Spin orbit split results
     1 0 0.5 1S 1( 2.00)     -5751.3554     -2875.6777    -78251.1766
     2 0 0.5 2S 1( 2.00)     -1009.6712      -504.8356    -13737.2768
     2 1 0.5 2P 1( 2.00)      -967.9007      -483.9504    -13168.9600
     2 1 1.5 2P 1( 4.00)      -840.9413      -420.4707    -11441.5895
     3 0 0.5 3S 1( 2.00)      -237.1101      -118.5550     -3226.0468
     3 1 0.5 3P 1( 2.00)      -218.3416      -109.1708     -2970.6889
     3 1 1.5 3P 1( 4.00)      -190.4393       -95.2196     -2591.0581
     4 0 0.5 4S 1( 2.00)       -50.8951       -25.4476      -692.4631
     4 1 0.5 4P 1( 2.00)       -42.9384       -21.4692      -584.2063
     4 1 1.5 4P 1( 4.00)       -36.2747       -18.1374      -493.5430
     3 2 1.5 3D 1( 4.00)      -159.1172       -79.5586     -2164.9005
     3 2 2.5 3D 1( 6.00)      -153.0993       -76.5496     -2083.0220
     5 0 0.5 5S 1( 2.00)        -7.4872        -3.7436      -101.8683
     5 1 0.5 5P 1( 2.00)        -4.9401        -2.4701       -67.2137
     5 1 1.5 5P 1( 4.00)        -3.8303        -1.9151       -52.1138
     4 2 1.5 4D 1( 4.00)       -23.2274       -11.6137      -316.0255
     4 2 2.5 4D 1( 6.00)       -21.9884       -10.9942      -299.1673
     4 3 2.5 4F 1( 6.00)        -5.3019        -2.6510       -72.1361
     4 3 3.5 4F 1( 8.00)        -5.0478        -2.5239       -68.6782
     5 2 1.5 5D 1( 4.00)        -0.5268        -0.2634        -7.1679
     5 2 2.5 5D 1( 5.00)        -0.4287        -0.2144        -5.8330
     6 0 0.5 6S 1( 1.00)        -0.4387        -0.2193        -5.9687
     6 1 0.5 6P 1( 0.00)        -0.1015        -0.0507        -1.3805
     6 1 1.5 6P 1( 0.00)        -0.0613        -0.0306        -0.8334
     Averaged results
     1 0     1S 1( 2.00)     -5751.3554     -2875.6777    -78251.1766
     2 0     2S 1( 2.00)     -1009.6712      -504.8356    -13737.2768
     2 1     2P 1( 6.00)      -883.2611      -441.6306    -12017.3797
     3 0     3S 1( 2.00)      -237.1101      -118.5550     -3226.0468
     3 1     3P 1( 6.00)      -199.7400       -99.8700     -2717.6017
     4 0     4S 1( 2.00)       -50.8951       -25.4476      -692.4631
     4 1     4P 1( 6.00)       -38.4960       -19.2480      -523.7641
     3 2     3D 1(10.00)      -155.5065       -77.7532     -2115.7734
     5 0     5S 1( 2.00)        -7.4872        -3.7436      -101.8683
     5 1     5P 1( 6.00)        -4.2002        -2.1001       -57.1471
     4 2     4D 1(10.00)       -22.4840       -11.2420      -305.9106
     4 3     4F 1(14.00)        -5.1567        -2.5783       -70.1601
     5 2     5D 1( 9.00)        -0.4680        -0.2340        -6.3670
     6 0     6S 1( 1.00)        -0.4387        -0.2193        -5.9687
     6 1     6P 1( 0.00)        -0.0747        -0.0373        -1.0158

     final scf error:  6.8E-15 reached in  32 iterations
 
     Etot =  -36872.917090 Ry,  -18436.458545 Ha, -501681.594482 eV

     Ekin =   42192.355306 Ry,   21096.177653 Ha,  574056.238428 eV
     Encl =  -92747.790612 Ry,  -46373.895306 Ha,-1261897.976908 eV
     Eh   =   14376.119707 Ry,    7188.059853 Ha,  195597.073028 eV
     Exc  =    -693.601491 Ry,    -346.800745 Ha,   -9436.929030 eV


     normalization and overlap integrals

     s(1S/1S) =  1.000000  <r> =   0.0172  <r2> =    0.0004  r(max) =   0.0106
     s(1S/2S) = -0.000000
     s(1S/3S) = -0.000000
     s(1S/4S) = -0.000000
     s(1S/5S) = -0.000000
     s(1S/6S) = -0.000000
     s(2S/2S) =  1.000000  <r> =   0.0717  <r2> =    0.0061  r(max) =   0.0612
     s(2S/3S) =  0.000000
     s(2S/4S) =  0.000000
     s(2S/5S) =  0.000000
     s(2S/6S) =  0.000000
     s(2P/2P) =  1.000000  <r> =   0.0591  <r2> =    0.0044  r(max) =   0.0459
     s(2P/3P) =  0.000000
     s(2P/4P) =  0.000000
     s(2P/5P) =  0.000000
     s(2P/6P) =  0.000000
     s(2P/2P) =  1.000000  <r> =   0.0675  <r2> =    0.0055  r(max) =   0.0526
     s(2P/3P) =  0.000000
     s(2P/4P) =  0.000000
     s(2P/5P) =  0.000000
     s(2P/6P) =  0.000000
     s(3S/3S) =  1.000000  <r> =   0.1867  <r2> =    0.0400  r(max) =   0.1726
     s(3S/4S) =  0.000000
     s(3S/5S) =  0.000000
     s(3S/6S) =  0.000000
     s(3P/3P) =  1.000000  <r> =   0.1769  <r2> =    0.0365  r(max) =   0.1622
     s(3P/4P) =  0.000000
     s(3P/5P) =  0.000000
     s(3P/6P) =  0.000000
     s(3P/3P) =  1.000000  <r> =   0.1924  <r2> =    0.0430  r(max) =   0.1770
     s(3P/4P) =  0.000000
     s(3P/5P) =  0.000000
     s(3P/6P) =  0.000000
     s(4S/4S) =  1.000000  <r> =   0.4152  <r2> =    0.1948  r(max) =   0.3890
     s(4S/5S) =  0.000000
     s(4S/6S) =  0.000000
     s(4P/4P) =  1.000000  <r> =   0.4180  <r2> =    0.1991  r(max) =   0.3890
     s(4P/5P) =  0.000000
     s(4P/6P) =  0.000000
     s(4P/4P) =  1.000000  <r> =   0.4522  <r2> =    0.2326  r(max) =   0.4193
     s(4P/5P) =  0.000000
     s(4P/6P) =  0.000000
     s(3D/3D) =  1.000000  <r> =   0.1677  <r2> =    0.0330  r(max) =   0.1378
     s(3D/4D) =  0.000000
     s(3D/5D) =  0.000000
     s(3D/3D) =  1.000000  <r> =   0.1724  <r2> =    0.0348  r(max) =   0.1413
     s(3D/4D) = -0.000000
     s(3D/5D) = -0.000000
     s(5S/5S) =  1.000000  <r> =   0.9523  <r2> =    1.0187  r(max) =   0.8657
     s(5S/6S) =  0.000000
     s(5P/5P) =  1.000000  <r> =   1.0335  <r2> =    1.2095  r(max) =   0.9215
     s(5P/6P) =  0.000000
     s(5P/5P) =  1.000000  <r> =   1.1353  <r2> =    1.4621  r(max) =   1.0058
     s(5P/6P) = -0.000000
     s(4D/4D) =  1.000000  <r> =   0.4619  <r2> =    0.2470  r(max) =   0.4141
     s(4D/5D) =  0.000000
     s(4D/4D) =  1.000000  <r> =   0.4732  <r2> =    0.2591  r(max) =   0.4246
     s(4D/5D) = -0.000000
     s(4F/4F) =  1.000000  <r> =   0.5126  <r2> =    0.3203  r(max) =   0.3842
     s(4F/4F) =  1.000000  <r> =   0.5200  <r2> =    0.3297  r(max) =   0.3890
     s(5D/5D) =  1.000000  <r> =   1.6517  <r2> =    3.3073  r(max) =   1.2439
     s(5D/5D) =  1.000000  <r> =   1.7430  <r2> =    3.7141  r(max) =   1.2915
     s(6S/6S) =  1.000000  <r> =   2.9067  <r2> =    9.7215  r(max) =   2.3828
     s(6P/6P) =  1.000000  <r> =   4.2571  <r2> =   21.6872  r(max) =   3.2165
     s(6P/6P) =  1.000000  <r> =   4.9935  <r2> =   30.1163  r(max) =   3.7370

     ------------------------ End of All-electron run ------------------------


     ---------------------- Testing the pseudopotential ----------------------

     Pt                                                                         
     dirac relativistic calculation

     atomic number is 78.00   valence charge is 10.00
     dft =LDA   lsd =0 sic =0 latt =0  beta=0.20 tr2=1.0E-14
     mesh =1277 r(mesh) =  98.81913 xmin = -7.00 dx = 0.01250

     n l  j  nl             e AE (Ry)       e PS (Ry)    De AE-PS (Ry) 
     1 0 0.5 6S   1( 1.00)       -0.43869       -0.43869        0.00000
     2 1 0.5 6P   1( 0.00)       -0.10147       -0.10146       -0.00000
     2 1 1.5 6P   1( 0.00)       -0.06126       -0.06126        0.00000
     3 2 1.5 5D   1( 4.00)       -0.52683       -0.52683       -0.00000
     3 2 2.5 5D   1( 5.00)       -0.42872       -0.42872        0.00000

     eps = 2.8E-15  iter =  3
 
     Etot =  -36872.917090 Ry,  -18436.458545 Ha, -501681.594482 eV
     Etotps =   -71.675671 Ry,     -35.837836 Ha,    -975.197188 eV

     Ekin =      23.541582 Ry,      11.770791 Ha,     320.299542 eV
     Encl =    -108.034086 Ry,     -54.017043 Ha,   -1469.878622 eV
     Ehrt =      50.400242 Ry,      25.200121 Ha,     685.730229 eV
     Ecxc =     -30.654094 Ry,     -15.327047 Ha,    -417.070193 eV
     (Ecc =     -18.031718 Ry,      -9.015859 Ha,    -245.334017 eV)
     Epseu=      -6.929316 Ry,      -3.464658 Ha,     -94.278144 eV

     ---------------------- End of pseudopotential test ----------------------

