[0] MPI startup(): I_MPI_SHM_LMT environment variable is not supported.
[0] MPI startup(): Similar variables:
	 I_MPI_SHM_HEAP
	 I_MPI_SHM
	 I_MPI_SHM_OPT
	 I_MPI_SHM_THP
[0] MPI startup(): To check the list of supported variables, use the impi_info utility or refer to https://software.intel.com/en-us/mpi-library/documentation/get-started.

     Program LD1 v.7.3.1 starts on 19Sep2024 at 21:48:11 

     This program is part of the open-source Quantum ESPRESSO suite
     for quantum simulation of materials; please cite
         "P. Giannozzi et al., J. Phys.:Condens. Matter 21 395502 (2009);
         "P. Giannozzi et al., J. Phys.:Condens. Matter 29 465901 (2017);
         "P. Giannozzi et al., J. Chem. Phys. 152 154105 (2020);
          URL http://www.quantum-espresso.org", 
     in publications or presentations arising from this work. More details at
     http://www.quantum-espresso.org/quote

     Parallel version (MPI), running on     1 processors

     MPI processes distributed on     1 nodes
     89665 MiB available memory on the printing compute node when the environment starts
 
     Waiting for input...
     Reading input from standard input
     --------------------------- All-electron run ----------------------------

     Rh                                                                         
     dirac relativistic calculation

     atomic number is 45.00
     dft =LDA   lsd =0 sic =0 latt =0  beta=0.20 tr2=1.0E-14
     Exchange-correlation= LDA
                           (   1   1   0   0   0   0   0)
     mesh =1233 r(mesh) =  98.82371 a.u. xmin = -7.00 dx = 0.01250
     1 Ry =  13.60569312 eV, c = 137.03599908

     n l j   nl                  e(Ry)          e(Ha)          e(eV)
     Spin orbit split results
     1 0 0.5 1S 1( 2.00)     -1690.2107      -845.1053    -22996.4879
     2 0 0.5 2S 1( 2.00)      -245.0411      -122.5206     -3333.9545
     2 1 0.5 2P 1( 2.00)      -227.0218      -113.5109     -3088.7891
     2 1 1.5 2P 1( 4.00)      -216.4094      -108.2047     -2944.4000
     3 0 0.5 3S 1( 2.00)       -43.7487       -21.8743      -595.2313
     3 1 0.5 3P 1( 2.00)       -36.6894       -18.3447      -499.1847
     3 1 1.5 3P 1( 4.00)       -34.8629       -17.4315      -474.3341
     4 0 0.5 4S 1( 2.00)        -6.0602        -3.0301       -82.4537
     4 1 0.5 4P 1( 2.00)        -3.9086        -1.9543       -53.1795
     4 1 1.5 4P 1( 4.00)        -3.6177        -1.8089       -49.2214
     3 2 1.5 3D 1( 4.00)       -22.3150       -11.1575      -303.6117
     3 2 2.5 3D 1( 6.00)       -21.9544       -10.9772      -298.7054
     4 2 1.5 4D 1( 4.00)        -0.4670        -0.2335        -6.3542
     4 2 2.5 4D 1( 4.00)        -0.4381        -0.2190        -5.9600
     5 0 0.5 5S 1( 1.00)        -0.3371        -0.1686        -4.5867
     5 1 0.5 5P 1( 0.00)        -0.0776        -0.0388        -1.0562
     5 1 1.5 5P 1( 0.00)        -0.0685        -0.0343        -0.9320
     Averaged results
     1 0     1S 1( 2.00)     -1690.2107      -845.1053    -22996.4879
     2 0     2S 1( 2.00)      -245.0411      -122.5206     -3333.9545
     2 1     2P 1( 6.00)      -219.9469      -109.9734     -2992.5297
     3 0     3S 1( 2.00)       -43.7487       -21.8743      -595.2313
     3 1     3P 1( 6.00)       -35.4717       -17.7359      -482.6177
     4 0     4S 1( 2.00)        -6.0602        -3.0301       -82.4537
     4 1     4P 1( 6.00)        -3.7147        -1.8573       -50.5408
     3 2     3D 1(10.00)       -22.0987       -11.0493      -300.6679
     4 2     4D 1( 8.00)        -0.4496        -0.2248        -6.1177
     5 0     5S 1( 1.00)        -0.3371        -0.1686        -4.5867
     5 1     5P 1( 0.00)        -0.0715        -0.0358        -0.9734

     final scf error:  7.5E-15 reached in  28 iterations
 
     Etot =   -9560.840875 Ry,   -4780.420438 Ha, -130081.866947 eV

     Ekin =    9964.976961 Ry,    4982.488480 Ha,  135580.418504 eV
     Encl =  -23155.961766 Ry,  -11577.980883 Ha, -315052.909763 eV
     Eh   =    3898.371220 Ry,    1949.185610 Ha,   53040.042496 eV
     Exc  =    -268.227289 Ry,    -134.113645 Ha,   -3649.418184 eV


     normalization and overlap integrals

     s(1S/1S) =  1.000000  <r> =   0.0327  <r2> =    0.0014  r(max) =   0.0211
     s(1S/2S) =  0.000000
     s(1S/3S) = -0.000000
     s(1S/4S) =  0.000000
     s(1S/5S) =  0.000000
     s(2S/2S) =  1.000000  <r> =   0.1417  <r2> =    0.0237  r(max) =   0.1201
     s(2S/3S) =  0.000000
     s(2S/4S) =  0.000000
     s(2S/5S) =  0.000000
     s(2P/2P) =  1.000000  <r> =   0.1204  <r2> =    0.0178  r(max) =   0.0936
     s(2P/3P) =  0.000000
     s(2P/4P) =  0.000000
     s(2P/5P) =  0.000000
     s(2P/2P) =  1.000000  <r> =   0.1252  <r2> =    0.0191  r(max) =   0.0971
     s(2P/3P) =  0.000000
     s(2P/4P) =  0.000000
     s(2P/5P) =  0.000000
     s(3S/3S) =  1.000000  <r> =   0.3912  <r2> =    0.1753  r(max) =   0.3520
     s(3S/4S) =  0.000000
     s(3S/5S) =  0.000000
     s(3P/3P) =  1.000000  <r> =   0.3835  <r2> =    0.1712  r(max) =   0.3390
     s(3P/4P) =  0.000000
     s(3P/5P) =  0.000000
     s(3P/3P) =  1.000000  <r> =   0.3944  <r2> =    0.1808  r(max) =   0.3476
     s(3P/4P) =  0.000000
     s(3P/5P) =  0.000000
     s(4S/4S) =  1.000000  <r> =   0.9793  <r2> =    1.0887  r(max) =   0.8766
     s(4S/5S) =  0.000000
     s(4P/4P) =  1.000000  <r> =   1.0597  <r2> =    1.2900  r(max) =   0.9216
     s(4P/5P) =  0.000000
     s(4P/4P) =  1.000000  <r> =   1.0918  <r2> =    1.3699  r(max) =   0.9568
     s(4P/5P) =  0.000000
     s(3D/3D) =  1.000000  <r> =   0.3686  <r2> =    0.1626  r(max) =   0.2882
     s(3D/4D) =  0.000000
     s(3D/3D) =  1.000000  <r> =   0.3721  <r2> =    0.1655  r(max) =   0.2918
     s(3D/4D) = -0.000000
     s(4D/4D) =  1.000000  <r> =   1.5815  <r2> =    3.1292  r(max) =   1.1398
     s(4D/4D) =  1.000000  <r> =   1.6097  <r2> =    3.2514  r(max) =   1.1541
     s(5S/5S) =  1.000000  <r> =   3.2541  <r2> =   12.2629  r(max) =   2.6336
     s(5P/5P) =  1.000000  <r> =   4.8561  <r2> =   28.3315  r(max) =   3.6449
     s(5P/5P) =  1.000000  <r> =   5.0697  <r2> =   30.9172  r(max) =   3.8318

     ------------------------ End of All-electron run ------------------------


     --------------------- Generating US pseudopotential ---------------------


      Generating local potential from pseudized AE potential:
      Matching radius rcloc =   1.9000

      Local pseudo, rcloc= 1.903 Estimated cut-off energy=     6.96 Ry

      Computing core charge for nlcc: 

       r > 0.91 : true rho core
      Core charge pseudized with two Bessel functions
      Integrated core pseudo-charge :   4.88

     Fully relativistic calculation: |psi|^2

     Wfc 4S LC norm =  0.99961843 SC norm =  0.00038142 missing  0.00000015

     Wfc 5S LC norm =  0.99996479 SC norm =  0.00003230 missing  0.00000291

     Wfc 4P LC norm =  0.99967262 SC norm =  0.00032721 missing  0.00000016

     Wfc 4P LC norm =  0.99968890 SC norm =  0.00031046 missing  0.00000064

     Wfc 5P LC norm =  0.99998523 SC norm =  0.00001365 missing  0.00000112

     Wfc 5P LC norm =  0.99998653 SC norm =  0.00001032 missing  0.00000314

     Wfc 4D LC norm =  0.99983450 SC norm =  0.00016547 missing  0.00000003

     Wfc 4D LC norm =  0.99983915 SC norm =  0.00015530 missing  0.00000556
      Wfc-us  4S rcutus= 1.679  Estimated cut-off energy=    19.79 Ry
      Wfc-us  5S rcutus= 1.308  Estimated cut-off energy=    54.81 Ry
      Wfc-us  4P rcutus= 1.679  Estimated cut-off energy=    30.21 Ry
      Wfc-us  4P rcutus= 1.679  Estimated cut-off energy=    30.03 Ry
      Wfc-us  5P rcutus= 1.679  Estimated cut-off energy=    55.65 Ry
      Wfc-us  5P rcutus= 1.679  Estimated cut-off energy=    54.80 Ry
      Wfc-us  4D rcutus= 1.903  Estimated cut-off energy=    32.07 Ry
      Wfc-us  4D rcutus= 1.903  Estimated cut-off energy=    32.02 Ry
      Wfc-us  4D rcutus= 1.903  Estimated cut-off energy=    37.90 Ry
      Wfc-us  4D rcutus= 1.903  Estimated cut-off energy=    37.27 Ry

      The bmat matrix
    -0.81964     0.79042     0.00000     0.00000     0.00000     0.00000
     0.00000     0.00000     0.00000     0.00000
    -0.09161     0.23880     0.00000     0.00000     0.00000     0.00000
     0.00000     0.00000     0.00000     0.00000
     0.00000     0.00000    -1.96276     0.00000    -0.18771     0.00000
     0.00000     0.00000     0.00000     0.00000
     0.00000     0.00000     0.00000    -1.74470     0.00000    -0.15496
     0.00000     0.00000     0.00000     0.00000
     0.00000     0.00000    -0.51373     0.00000    -0.19776     0.00000
     0.00000     0.00000     0.00000     0.00000
     0.00000     0.00000     0.00000    -0.40496     0.00000    -0.12959
     0.00000     0.00000     0.00000     0.00000
     0.00000     0.00000     0.00000     0.00000     0.00000     0.00000
    -0.85989     0.00000    -0.61221     0.00000
     0.00000     0.00000     0.00000     0.00000     0.00000     0.00000
     0.00000    -0.82947     0.00000    -0.59013
     0.00000     0.00000     0.00000     0.00000     0.00000     0.00000
    -0.51192     0.00000    -0.36749     0.00000
     0.00000     0.00000     0.00000     0.00000     0.00000     0.00000
     0.00000    -0.49789     0.00000    -0.35630

      The bmat + epsilon qq matrix
     1.64739     0.84237     0.00000     0.00000     0.00000     0.00000
     0.00000     0.00000     0.00000     0.00000
     0.84235     0.25790     0.00000     0.00000     0.00000     0.00000
     0.00000     0.00000     0.00000     0.00000
     0.00000     0.00000    -2.35164     0.00000    -0.18110     0.00000
     0.00000     0.00000     0.00000     0.00000
     0.00000     0.00000     0.00000    -1.94248     0.00000    -0.15013
     0.00000     0.00000     0.00000     0.00000
     0.00000     0.00000    -0.18110     0.00000    -0.19389     0.00000
     0.00000     0.00000     0.00000     0.00000
     0.00000     0.00000     0.00000    -0.15014     0.00000    -0.12712
     0.00000     0.00000     0.00000     0.00000
     0.00000     0.00000     0.00000     0.00000     0.00000     0.00000
    -0.95113     0.00000    -0.57299     0.00000
     0.00000     0.00000     0.00000     0.00000     0.00000     0.00000
     0.00000    -0.91049     0.00000    -0.55264
     0.00000     0.00000     0.00000     0.00000     0.00000     0.00000
    -0.57298     0.00000    -0.34125     0.00000
     0.00000     0.00000     0.00000     0.00000     0.00000     0.00000
     0.00000    -0.55263     0.00000    -0.33100

      The qq matrix
    -0.40708    -0.15411     0.00000     0.00000     0.00000     0.00000
     0.00000     0.00000     0.00000     0.00000
    -0.15411    -0.05666     0.00000     0.00000     0.00000     0.00000
     0.00000     0.00000     0.00000     0.00000
     0.00000     0.00000     0.09949     0.00000    -0.08510     0.00000
     0.00000     0.00000     0.00000     0.00000
     0.00000     0.00000     0.00000     0.05467     0.00000    -0.07044
     0.00000     0.00000     0.00000     0.00000
     0.00000     0.00000    -0.08510     0.00000    -0.04984     0.00000
     0.00000     0.00000     0.00000     0.00000
     0.00000     0.00000     0.00000    -0.07044     0.00000    -0.03606
     0.00000     0.00000     0.00000     0.00000
     0.00000     0.00000     0.00000     0.00000     0.00000     0.00000
     0.19535     0.00000     0.13074     0.00000
     0.00000     0.00000     0.00000     0.00000     0.00000     0.00000
     0.00000     0.18495     0.00000     0.12496
     0.00000     0.00000     0.00000     0.00000     0.00000     0.00000
     0.13074     0.00000     0.08747     0.00000
     0.00000     0.00000     0.00000     0.00000     0.00000     0.00000
     0.00000     0.12496     0.00000     0.08434

     Q pseudized with Bessel functions
     Expected ecutrho=     439.2597 due to l1=  2   l2=  2

      The ddd matrix
    -2.58445    -0.79025     0.00000     0.00000     0.00000     0.00000
     0.00000     0.00000     0.00000     0.00000
    -0.79025    -0.34814     0.00000     0.00000     0.00000     0.00000
     0.00000     0.00000     0.00000     0.00000
     0.00000     0.00000    -1.61615     0.00000    -0.93635     0.00000
     0.00000     0.00000     0.00000     0.00000
     0.00000     0.00000     0.00000    -1.58244     0.00000    -0.77723
     0.00000     0.00000     0.00000     0.00000
     0.00000     0.00000    -0.93635     0.00000    -0.65390     0.00000
     0.00000     0.00000     0.00000     0.00000
     0.00000     0.00000     0.00000    -0.77723     0.00000    -0.45842
     0.00000     0.00000     0.00000     0.00000
     0.00000     0.00000     0.00000     0.00000     0.00000     0.00000
     0.57940     0.00000     0.45675     0.00000
     0.00000     0.00000     0.00000     0.00000     0.00000     0.00000
     0.00000     0.53877     0.00000     0.43049
     0.00000     0.00000     0.00000     0.00000     0.00000     0.00000
     0.45675     0.00000     0.35164     0.00000
     0.00000     0.00000     0.00000     0.00000     0.00000     0.00000
     0.00000     0.43049     0.00000     0.33576

     ------------------- End of pseudopotential generation -------------------

     --------------------------- All-electron run ----------------------------

     Rh                                                                         
     dirac relativistic calculation

     atomic number is 45.00
     dft =LDA   lsd =0 sic =0 latt =0  beta=0.20 tr2=1.0E-14
     Exchange-correlation= LDA
                           (   1   1   0   0   0   0   0)
     mesh =1233 r(mesh) =  98.82371 a.u. xmin = -7.00 dx = 0.01250
     1 Ry =  13.60569312 eV, c = 137.03599908

     n l j   nl                  e(Ry)          e(Ha)          e(eV)
     Spin orbit split results
     1 0 0.5 1S 1( 2.00)     -1690.2107      -845.1053    -22996.4879
     2 0 0.5 2S 1( 2.00)      -245.0411      -122.5206     -3333.9545
     2 1 0.5 2P 1( 2.00)      -227.0218      -113.5109     -3088.7891
     2 1 1.5 2P 1( 4.00)      -216.4094      -108.2047     -2944.4000
     3 0 0.5 3S 1( 2.00)       -43.7487       -21.8743      -595.2313
     3 1 0.5 3P 1( 2.00)       -36.6894       -18.3447      -499.1847
     3 1 1.5 3P 1( 4.00)       -34.8629       -17.4315      -474.3341
     4 0 0.5 4S 1( 2.00)        -6.0602        -3.0301       -82.4537
     4 1 0.5 4P 1( 2.00)        -3.9086        -1.9543       -53.1795
     4 1 1.5 4P 1( 4.00)        -3.6177        -1.8089       -49.2214
     3 2 1.5 3D 1( 4.00)       -22.3150       -11.1575      -303.6117
     3 2 2.5 3D 1( 6.00)       -21.9544       -10.9772      -298.7054
     4 2 1.5 4D 1( 4.00)        -0.4670        -0.2335        -6.3542
     4 2 2.5 4D 1( 4.00)        -0.4381        -0.2190        -5.9600
     5 0 0.5 5S 1( 1.00)        -0.3371        -0.1686        -4.5867
     5 1 0.5 5P 1( 0.00)        -0.0776        -0.0388        -1.0562
     5 1 1.5 5P 1( 0.00)        -0.0685        -0.0343        -0.9320
     Averaged results
     1 0     1S 1( 2.00)     -1690.2107      -845.1053    -22996.4879
     2 0     2S 1( 2.00)      -245.0411      -122.5206     -3333.9545
     2 1     2P 1( 6.00)      -219.9469      -109.9734     -2992.5297
     3 0     3S 1( 2.00)       -43.7487       -21.8743      -595.2313
     3 1     3P 1( 6.00)       -35.4717       -17.7359      -482.6177
     4 0     4S 1( 2.00)        -6.0602        -3.0301       -82.4537
     4 1     4P 1( 6.00)        -3.7147        -1.8573       -50.5408
     3 2     3D 1(10.00)       -22.0987       -11.0493      -300.6679
     4 2     4D 1( 8.00)        -0.4496        -0.2248        -6.1177
     5 0     5S 1( 1.00)        -0.3371        -0.1686        -4.5867
     5 1     5P 1( 0.00)        -0.0715        -0.0358        -0.9734

     final scf error:  7.5E-15 reached in  28 iterations
 
     Etot =   -9560.840875 Ry,   -4780.420438 Ha, -130081.866947 eV

     Ekin =    9964.976961 Ry,    4982.488480 Ha,  135580.418504 eV
     Encl =  -23155.961766 Ry,  -11577.980883 Ha, -315052.909763 eV
     Eh   =    3898.371220 Ry,    1949.185610 Ha,   53040.042496 eV
     Exc  =    -268.227289 Ry,    -134.113645 Ha,   -3649.418184 eV


     normalization and overlap integrals

     s(1S/1S) =  1.000000  <r> =   0.0327  <r2> =    0.0014  r(max) =   0.0211
     s(1S/2S) =  0.000000
     s(1S/3S) = -0.000000
     s(1S/4S) =  0.000000
     s(1S/5S) =  0.000000
     s(2S/2S) =  1.000000  <r> =   0.1417  <r2> =    0.0237  r(max) =   0.1201
     s(2S/3S) =  0.000000
     s(2S/4S) =  0.000000
     s(2S/5S) =  0.000000
     s(2P/2P) =  1.000000  <r> =   0.1204  <r2> =    0.0178  r(max) =   0.0936
     s(2P/3P) =  0.000000
     s(2P/4P) =  0.000000
     s(2P/5P) =  0.000000
     s(2P/2P) =  1.000000  <r> =   0.1252  <r2> =    0.0191  r(max) =   0.0971
     s(2P/3P) =  0.000000
     s(2P/4P) =  0.000000
     s(2P/5P) =  0.000000
     s(3S/3S) =  1.000000  <r> =   0.3912  <r2> =    0.1753  r(max) =   0.3520
     s(3S/4S) =  0.000000
     s(3S/5S) =  0.000000
     s(3P/3P) =  1.000000  <r> =   0.3835  <r2> =    0.1712  r(max) =   0.3390
     s(3P/4P) =  0.000000
     s(3P/5P) =  0.000000
     s(3P/3P) =  1.000000  <r> =   0.3944  <r2> =    0.1808  r(max) =   0.3476
     s(3P/4P) =  0.000000
     s(3P/5P) =  0.000000
     s(4S/4S) =  1.000000  <r> =   0.9793  <r2> =    1.0887  r(max) =   0.8766
     s(4S/5S) =  0.000000
     s(4P/4P) =  1.000000  <r> =   1.0597  <r2> =    1.2900  r(max) =   0.9216
     s(4P/5P) =  0.000000
     s(4P/4P) =  1.000000  <r> =   1.0918  <r2> =    1.3699  r(max) =   0.9568
     s(4P/5P) =  0.000000
     s(3D/3D) =  1.000000  <r> =   0.3686  <r2> =    0.1626  r(max) =   0.2882
     s(3D/4D) =  0.000000
     s(3D/3D) =  1.000000  <r> =   0.3721  <r2> =    0.1655  r(max) =   0.2918
     s(3D/4D) = -0.000000
     s(4D/4D) =  1.000000  <r> =   1.5815  <r2> =    3.1292  r(max) =   1.1398
     s(4D/4D) =  1.000000  <r> =   1.6097  <r2> =    3.2514  r(max) =   1.1541
     s(5S/5S) =  1.000000  <r> =   3.2541  <r2> =   12.2629  r(max) =   2.6336
     s(5P/5P) =  1.000000  <r> =   4.8561  <r2> =   28.3315  r(max) =   3.6449
     s(5P/5P) =  1.000000  <r> =   5.0697  <r2> =   30.9172  r(max) =   3.8318

     ------------------------ End of All-electron run ------------------------


     ---------------------- Testing the pseudopotential ----------------------

     Rh                                                                         
     dirac relativistic calculation

     atomic number is 45.00   valence charge is 17.00
     dft =LDA   lsd =0 sic =0 latt =0  beta=0.20 tr2=1.0E-14
     mesh =1233 r(mesh) =  98.82371 xmin = -7.00 dx = 0.01250

     n l  j  nl             e AE (Ry)       e PS (Ry)    De AE-PS (Ry) 
     1 0 0.5 4S   1( 2.00)       -6.06023       -6.06023       -0.00000
     2 0 0.5 5S   1( 1.00)       -0.33712       -0.33712       -0.00000
     2 1 0.5 4P   1( 2.00)       -3.90862       -3.90862       -0.00000
     2 1 1.5 4P   1( 4.00)       -3.61771       -3.61771       -0.00000
     3 1 0.5 5P   1( 0.00)       -0.07763       -0.07763       -0.00000
     3 1 1.5 5P   1( 0.00)       -0.06850       -0.06850        0.00000
     3 2 1.5 4D   1( 4.00)       -0.46703       -0.46703       -0.00000
     3 2 2.5 4D   1( 4.00)       -0.43805       -0.43806        0.00000

     eps = 1.9E-15  iter =  4
 
     Etot =   -9560.840875 Ry,   -4780.420438 Ha, -130081.866947 eV
     Etotps =  -232.669585 Ry,    -116.334792 Ha,   -3165.630971 eV

     Ekin =      60.707259 Ry,      30.353630 Ha,     825.964342 eV
     Encl =    -435.651069 Ry,    -217.825534 Ha,   -5927.334750 eV
     Ehrt =     188.940534 Ry,      94.470267 Ha,    2570.666921 eV
     Ecxc =     -36.059865 Ry,     -18.029933 Ha,    -490.619464 eV
     (Ecc =     -11.275424 Ry,      -5.637712 Ha,    -153.409954 eV)
     Epseu=     -10.606444 Ry,      -5.303222 Ha,    -144.308020 eV

     ---------------------- End of pseudopotential test ----------------------

