[0] MPI startup(): I_MPI_SHM_LMT environment variable is not supported.
[0] MPI startup(): Similar variables:
	 I_MPI_SHM_HEAP
	 I_MPI_SHM
	 I_MPI_SHM_OPT
	 I_MPI_SHM_THP
[0] MPI startup(): To check the list of supported variables, use the impi_info utility or refer to https://software.intel.com/en-us/mpi-library/documentation/get-started.

     Program LD1 v.7.3.1 starts on 19Sep2024 at 21:48:11 

     This program is part of the open-source Quantum ESPRESSO suite
     for quantum simulation of materials; please cite
         "P. Giannozzi et al., J. Phys.:Condens. Matter 21 395502 (2009);
         "P. Giannozzi et al., J. Phys.:Condens. Matter 29 465901 (2017);
         "P. Giannozzi et al., J. Chem. Phys. 152 154105 (2020);
          URL http://www.quantum-espresso.org", 
     in publications or presentations arising from this work. More details at
     http://www.quantum-espresso.org/quote

     Parallel version (MPI), running on     1 processors

     MPI processes distributed on     1 nodes
     89673 MiB available memory on the printing compute node when the environment starts
 
     Waiting for input...
     Reading input from standard input
     --------------------------- All-electron run ----------------------------

     Rh                                                                         
     dirac relativistic calculation

     atomic number is 45.00
     dft =LDA   lsd =0 sic =0 latt =0  beta=0.20 tr2=1.0E-14
     Exchange-correlation= LDA
                           (   1   1   0   0   0   0   0)
     mesh =1233 r(mesh) =  98.82371 a.u. xmin = -7.00 dx = 0.01250
     1 Ry =  13.60569312 eV, c = 137.03599908

     n l j   nl                  e(Ry)          e(Ha)          e(eV)
     Spin orbit split results
     1 0 0.5 1S 1( 2.00)     -1690.2107      -845.1053    -22996.4879
     2 0 0.5 2S 1( 2.00)      -245.0411      -122.5206     -3333.9545
     2 1 0.5 2P 1( 2.00)      -227.0218      -113.5109     -3088.7891
     2 1 1.5 2P 1( 4.00)      -216.4094      -108.2047     -2944.4000
     3 0 0.5 3S 1( 2.00)       -43.7487       -21.8743      -595.2313
     3 1 0.5 3P 1( 2.00)       -36.6894       -18.3447      -499.1847
     3 1 1.5 3P 1( 4.00)       -34.8629       -17.4315      -474.3341
     4 0 0.5 4S 1( 2.00)        -6.0602        -3.0301       -82.4537
     4 1 0.5 4P 1( 2.00)        -3.9086        -1.9543       -53.1795
     4 1 1.5 4P 1( 4.00)        -3.6177        -1.8089       -49.2214
     3 2 1.5 3D 1( 4.00)       -22.3150       -11.1575      -303.6117
     3 2 2.5 3D 1( 6.00)       -21.9544       -10.9772      -298.7054
     4 2 1.5 4D 1( 4.00)        -0.4670        -0.2335        -6.3542
     4 2 2.5 4D 1( 4.00)        -0.4381        -0.2190        -5.9600
     5 0 0.5 5S 1( 1.00)        -0.3371        -0.1686        -4.5867
     5 1 0.5 5P 1( 0.00)        -0.0776        -0.0388        -1.0562
     5 1 1.5 5P 1( 0.00)        -0.0685        -0.0343        -0.9320
     Averaged results
     1 0     1S 1( 2.00)     -1690.2107      -845.1053    -22996.4879
     2 0     2S 1( 2.00)      -245.0411      -122.5206     -3333.9545
     2 1     2P 1( 6.00)      -219.9469      -109.9734     -2992.5297
     3 0     3S 1( 2.00)       -43.7487       -21.8743      -595.2313
     3 1     3P 1( 6.00)       -35.4717       -17.7359      -482.6177
     4 0     4S 1( 2.00)        -6.0602        -3.0301       -82.4537
     4 1     4P 1( 6.00)        -3.7147        -1.8573       -50.5408
     3 2     3D 1(10.00)       -22.0987       -11.0493      -300.6679
     4 2     4D 1( 8.00)        -0.4496        -0.2248        -6.1177
     5 0     5S 1( 1.00)        -0.3371        -0.1686        -4.5867
     5 1     5P 1( 0.00)        -0.0715        -0.0358        -0.9734

     final scf error:  7.5E-15 reached in  28 iterations
 
     Etot =   -9560.840875 Ry,   -4780.420438 Ha, -130081.866947 eV

     Ekin =    9964.976961 Ry,    4982.488480 Ha,  135580.418504 eV
     Encl =  -23155.961766 Ry,  -11577.980883 Ha, -315052.909763 eV
     Eh   =    3898.371220 Ry,    1949.185610 Ha,   53040.042496 eV
     Exc  =    -268.227289 Ry,    -134.113645 Ha,   -3649.418184 eV


     normalization and overlap integrals

     s(1S/1S) =  1.000000  <r> =   0.0327  <r2> =    0.0014  r(max) =   0.0211
     s(1S/2S) =  0.000000
     s(1S/3S) = -0.000000
     s(1S/4S) =  0.000000
     s(1S/5S) =  0.000000
     s(2S/2S) =  1.000000  <r> =   0.1417  <r2> =    0.0237  r(max) =   0.1201
     s(2S/3S) =  0.000000
     s(2S/4S) =  0.000000
     s(2S/5S) =  0.000000
     s(2P/2P) =  1.000000  <r> =   0.1204  <r2> =    0.0178  r(max) =   0.0936
     s(2P/3P) =  0.000000
     s(2P/4P) =  0.000000
     s(2P/5P) =  0.000000
     s(2P/2P) =  1.000000  <r> =   0.1252  <r2> =    0.0191  r(max) =   0.0971
     s(2P/3P) =  0.000000
     s(2P/4P) =  0.000000
     s(2P/5P) =  0.000000
     s(3S/3S) =  1.000000  <r> =   0.3912  <r2> =    0.1753  r(max) =   0.3520
     s(3S/4S) =  0.000000
     s(3S/5S) =  0.000000
     s(3P/3P) =  1.000000  <r> =   0.3835  <r2> =    0.1712  r(max) =   0.3390
     s(3P/4P) =  0.000000
     s(3P/5P) =  0.000000
     s(3P/3P) =  1.000000  <r> =   0.3944  <r2> =    0.1808  r(max) =   0.3476
     s(3P/4P) =  0.000000
     s(3P/5P) =  0.000000
     s(4S/4S) =  1.000000  <r> =   0.9793  <r2> =    1.0887  r(max) =   0.8766
     s(4S/5S) =  0.000000
     s(4P/4P) =  1.000000  <r> =   1.0597  <r2> =    1.2900  r(max) =   0.9216
     s(4P/5P) =  0.000000
     s(4P/4P) =  1.000000  <r> =   1.0918  <r2> =    1.3699  r(max) =   0.9568
     s(4P/5P) =  0.000000
     s(3D/3D) =  1.000000  <r> =   0.3686  <r2> =    0.1626  r(max) =   0.2882
     s(3D/4D) =  0.000000
     s(3D/3D) =  1.000000  <r> =   0.3721  <r2> =    0.1655  r(max) =   0.2918
     s(3D/4D) = -0.000000
     s(4D/4D) =  1.000000  <r> =   1.5815  <r2> =    3.1292  r(max) =   1.1398
     s(4D/4D) =  1.000000  <r> =   1.6097  <r2> =    3.2514  r(max) =   1.1541
     s(5S/5S) =  1.000000  <r> =   3.2541  <r2> =   12.2629  r(max) =   2.6336
     s(5P/5P) =  1.000000  <r> =   4.8561  <r2> =   28.3315  r(max) =   3.6449
     s(5P/5P) =  1.000000  <r> =   5.0697  <r2> =   30.9172  r(max) =   3.8318

     ------------------------ End of All-electron run ------------------------


     --------------------- Generating PAW atomic setup --------------------


      Generating local potential from pseudized AE potential:
      Matching radius rcloc =   1.9000

      Local pseudo, rcloc= 1.903 Estimated cut-off energy=     6.96 Ry

      Computing core charge for nlcc: 

       r > 0.91 : true rho core
      Core charge pseudized with two Bessel functions
      Integrated core pseudo-charge :   4.88

     Fully relativistic calculation: |psi|^2

     Wfc 4S LC norm =  0.99961843 SC norm =  0.00038142 missing  0.00000015
     Speed at rcutus      0.712 a.u.,  v/c =  0.005197,  (v/c)^2 = -0.00002701

     Wfc 5S LC norm =  0.99996479 SC norm =  0.00003230 missing  0.00000291
     Speed at rcutus      0.234 a.u.,  v/c =  0.001704,  (v/c)^2 =  0.00000290

     Wfc 4P LC norm =  0.99967262 SC norm =  0.00032721 missing  0.00000016
     Speed at rcutus      0.541 a.u.,  v/c =  0.003947,  (v/c)^2 = -0.00001558

     Wfc 4P LC norm =  0.99968890 SC norm =  0.00031046 missing  0.00000064
     Speed at rcutus      0.503 a.u.,  v/c =  0.003670,  (v/c)^2 = -0.00001347

     Wfc 5P LC norm =  0.99998523 SC norm =  0.00001365 missing  0.00000112
     Speed at rcutus      0.258 a.u.,  v/c =  0.001882,  (v/c)^2 =  0.00000354

     Wfc 5P LC norm =  0.99998653 SC norm =  0.00001032 missing  0.00000314
     Speed at rcutus      0.215 a.u.,  v/c =  0.001565,  (v/c)^2 =  0.00000245

     Wfc 4D LC norm =  0.99983450 SC norm =  0.00016547 missing  0.00000003
     Speed at rcutus      0.731 a.u.,  v/c =  0.005332,  (v/c)^2 =  0.00002843

     Wfc 4D LC norm =  0.99983915 SC norm =  0.00015530 missing  0.00000556
     Speed at rcutus      0.744 a.u.,  v/c =  0.005427,  (v/c)^2 =  0.00002945
      Wfc-us  4S rcutus= 1.679  Estimated cut-off energy=    19.79 Ry
      Wfc-us  5S rcutus= 1.308  Estimated cut-off energy=    54.81 Ry
      Wfc-us  4P rcutus= 1.679  Estimated cut-off energy=    30.21 Ry
      Wfc-us  4P rcutus= 1.679  Estimated cut-off energy=    30.03 Ry
      Wfc-us  5P rcutus= 1.679  Estimated cut-off energy=    55.65 Ry
      Wfc-us  5P rcutus= 1.679  Estimated cut-off energy=    54.80 Ry
      Wfc-us  4D rcutus= 1.903  Estimated cut-off energy=    32.07 Ry
      Wfc-us  4D rcutus= 1.903  Estimated cut-off energy=    32.02 Ry
      Wfc-us  4D rcutus= 1.903  Estimated cut-off energy=    37.90 Ry
      Wfc-us  4D rcutus= 1.903  Estimated cut-off energy=    37.27 Ry

      The bmat matrix
    -0.81964     0.79042     0.00000     0.00000     0.00000     0.00000
     0.00000     0.00000     0.00000     0.00000
    -0.09161     0.23880     0.00000     0.00000     0.00000     0.00000
     0.00000     0.00000     0.00000     0.00000
     0.00000     0.00000    -1.96276     0.00000    -0.18771     0.00000
     0.00000     0.00000     0.00000     0.00000
     0.00000     0.00000     0.00000    -1.74470     0.00000    -0.15496
     0.00000     0.00000     0.00000     0.00000
     0.00000     0.00000    -0.51373     0.00000    -0.19776     0.00000
     0.00000     0.00000     0.00000     0.00000
     0.00000     0.00000     0.00000    -0.40496     0.00000    -0.12959
     0.00000     0.00000     0.00000     0.00000
     0.00000     0.00000     0.00000     0.00000     0.00000     0.00000
    -0.85989     0.00000    -0.61221     0.00000
     0.00000     0.00000     0.00000     0.00000     0.00000     0.00000
     0.00000    -0.82947     0.00000    -0.59013
     0.00000     0.00000     0.00000     0.00000     0.00000     0.00000
    -0.51192     0.00000    -0.36749     0.00000
     0.00000     0.00000     0.00000     0.00000     0.00000     0.00000
     0.00000    -0.49789     0.00000    -0.35630

      The bmat + epsilon qq matrix
     1.64739     0.84237     0.00000     0.00000     0.00000     0.00000
     0.00000     0.00000     0.00000     0.00000
     0.84235     0.25790     0.00000     0.00000     0.00000     0.00000
     0.00000     0.00000     0.00000     0.00000
     0.00000     0.00000    -2.35164     0.00000    -0.18110     0.00000
     0.00000     0.00000     0.00000     0.00000
     0.00000     0.00000     0.00000    -1.94248     0.00000    -0.15013
     0.00000     0.00000     0.00000     0.00000
     0.00000     0.00000    -0.18110     0.00000    -0.19389     0.00000
     0.00000     0.00000     0.00000     0.00000
     0.00000     0.00000     0.00000    -0.15014     0.00000    -0.12712
     0.00000     0.00000     0.00000     0.00000
     0.00000     0.00000     0.00000     0.00000     0.00000     0.00000
    -0.95113     0.00000    -0.57299     0.00000
     0.00000     0.00000     0.00000     0.00000     0.00000     0.00000
     0.00000    -0.91049     0.00000    -0.55264
     0.00000     0.00000     0.00000     0.00000     0.00000     0.00000
    -0.57298     0.00000    -0.34125     0.00000
     0.00000     0.00000     0.00000     0.00000     0.00000     0.00000
     0.00000    -0.55263     0.00000    -0.33100

      The qq matrix
    -0.40708    -0.15411     0.00000     0.00000     0.00000     0.00000
     0.00000     0.00000     0.00000     0.00000
    -0.15411    -0.05666     0.00000     0.00000     0.00000     0.00000
     0.00000     0.00000     0.00000     0.00000
     0.00000     0.00000     0.09949     0.00000    -0.08510     0.00000
     0.00000     0.00000     0.00000     0.00000
     0.00000     0.00000     0.00000     0.05467     0.00000    -0.07044
     0.00000     0.00000     0.00000     0.00000
     0.00000     0.00000    -0.08510     0.00000    -0.04984     0.00000
     0.00000     0.00000     0.00000     0.00000
     0.00000     0.00000     0.00000    -0.07044     0.00000    -0.03606
     0.00000     0.00000     0.00000     0.00000
     0.00000     0.00000     0.00000     0.00000     0.00000     0.00000
     0.19535     0.00000     0.13074     0.00000
     0.00000     0.00000     0.00000     0.00000     0.00000     0.00000
     0.00000     0.18495     0.00000     0.12496
     0.00000     0.00000     0.00000     0.00000     0.00000     0.00000
     0.13074     0.00000     0.08747     0.00000
     0.00000     0.00000     0.00000     0.00000     0.00000     0.00000
     0.00000     0.12496     0.00000     0.08434


    multipoles (all-electron charge) - (pseudo charge)
        ns l1:ns1 l2    l=0     l=1     l=2     l=3     l=4     l=5  
         1  0:  1  0 -0.4071
         2  0:  1  0 -0.1541
         2  0:  2  0 -0.0567
         3  1:  1  0  0.0000  0.0330
         3  1:  2  0  0.0000  0.0248
         3  1:  3  1  0.0995  0.0000  0.0711
         4  1:  1  0  0.0000  0.0528
         4  1:  2  0  0.0000  0.0290
         4  1:  3  1  0.0760  0.0000  0.0562
         4  1:  4  1  0.0547  0.0000  0.0418
         5  1:  1  0  0.0000  0.1144
         5  1:  2  0  0.0000  0.0301
         5  1:  3  1 -0.0851  0.0000 -0.0546
         5  1:  4  1 -0.0897  0.0000 -0.0575
         5  1:  5  1 -0.0498  0.0000 -0.0262
         6  1:  1  0  0.0000  0.0933
         6  1:  2  0  0.0000  0.0251
         6  1:  3  1 -0.0664  0.0000 -0.0422
         6  1:  4  1 -0.0704  0.0000 -0.0448
         6  1:  5  1 -0.0425  0.0000 -0.0226
         6  1:  6  1 -0.0361  0.0000 -0.0194
         7  2:  1  0  0.0000  0.0000  0.1046
         7  2:  2  0  0.0000  0.0000  0.0081
         7  2:  3  1  0.0000 -0.1477  0.0000 -0.1372
         7  2:  4  1  0.0000 -0.1364  0.0000 -0.1292
         7  2:  5  1  0.0000  0.0196  0.0000  0.0190
         7  2:  6  1  0.0000  0.0120  0.0000  0.0116
         7  2:  7  2  0.1954  0.0000  0.1588  0.0000  0.1778
         8  2:  1  0  0.0000  0.0000  0.0995
         8  2:  2  0  0.0000  0.0000  0.0075
         8  2:  3  1  0.0000 -0.1419  0.0000 -0.1321
         8  2:  4  1  0.0000 -0.1310  0.0000 -0.1244
         8  2:  5  1  0.0000  0.0201  0.0000  0.0192
         8  2:  6  1  0.0000  0.0125  0.0000  0.0119
         8  2:  7  2  0.1898  0.0000  0.1544  0.0000  0.1731
         8  2:  8  2  0.1850  0.0000  0.1504  0.0000  0.1691
         9  2:  1  0  0.0000  0.0000  0.0706
         9  2:  2  0  0.0000  0.0000  0.0052
         9  2:  3  1  0.0000 -0.0995  0.0000 -0.0924
         9  2:  4  1  0.0000 -0.0919  0.0000 -0.0872
         9  2:  5  1  0.0000  0.0127  0.0000  0.0120
         9  2:  6  1  0.0000  0.0078  0.0000  0.0072
         9  2:  7  2  0.1307  0.0000  0.1047  0.0000  0.1162
         9  2:  8  2  0.1271  0.0000  0.1019  0.0000  0.1135
         9  2:  9  2  0.0875  0.0000  0.0689  0.0000  0.0756
        10  2:  1  0  0.0000  0.0000  0.0686
        10  2:  2  0  0.0000  0.0000  0.0049
        10  2:  3  1  0.0000 -0.0970  0.0000 -0.0905
        10  2:  4  1  0.0000 -0.0897  0.0000 -0.0854
        10  2:  5  1  0.0000  0.0129  0.0000  0.0121
        10  2:  6  1  0.0000  0.0080  0.0000  0.0073
        10  2:  7  2  0.1282  0.0000  0.1031  0.0000  0.1148
        10  2:  8  2  0.1250  0.0000  0.1005  0.0000  0.1123
        10  2:  9  2  0.0858  0.0000  0.0678  0.0000  0.0747
        10  2: 10  2  0.0843  0.0000  0.0669  0.0000  0.0740
     Required augmentation: PSQ   radius:    1.900000

     Q pseudized with Bessel functions
     Expected ecutrho=     439.2597 due to l1=  2   l2=  2

     Estimated PAW energy = -460.860530 Ryd

     The PAW screened D coefficients
     1.64739     0.84235     0.00000     0.00000     0.00000     0.00000
     0.00000     0.00000     0.00000     0.00000
     0.84235     0.25790     0.00000     0.00000     0.00000     0.00000
     0.00000     0.00000     0.00000     0.00000
     0.00000     0.00000    -2.35164     0.00000    -0.18110     0.00000
     0.00000     0.00000     0.00000     0.00000
     0.00000     0.00000     0.00000    -1.94249     0.00000    -0.15014
     0.00000     0.00000     0.00000     0.00000
     0.00000     0.00000    -0.18110     0.00000    -0.19389     0.00000
     0.00000     0.00000     0.00000     0.00000
     0.00000     0.00000     0.00000    -0.15014     0.00000    -0.12712
     0.00000     0.00000     0.00000     0.00000
     0.00000     0.00000     0.00000     0.00000     0.00000     0.00000
    -0.95113     0.00000    -0.57298     0.00000
     0.00000     0.00000     0.00000     0.00000     0.00000     0.00000
     0.00000    -0.91049     0.00000    -0.55263
     0.00000     0.00000     0.00000     0.00000     0.00000     0.00000
    -0.57298     0.00000    -0.34125     0.00000
     0.00000     0.00000     0.00000     0.00000     0.00000     0.00000
     0.00000    -0.55263     0.00000    -0.33100

     The PAW descreened D coefficients (US)
    -2.29538    -0.71223     0.00000     0.00000     0.00000     0.00000
     0.00000     0.00000     0.00000     0.00000
    -0.71223    -0.32707     0.00000     0.00000     0.00000     0.00000
     0.00000     0.00000     0.00000     0.00000
     0.00000     0.00000    -1.36635     0.00000    -0.89179     0.00000
     0.00000     0.00000     0.00000     0.00000
     0.00000     0.00000     0.00000    -1.34870     0.00000    -0.73645
     0.00000     0.00000     0.00000     0.00000
     0.00000     0.00000    -0.89179     0.00000    -0.64595     0.00000
     0.00000     0.00000     0.00000     0.00000
     0.00000     0.00000     0.00000    -0.73645     0.00000    -0.45130
     0.00000     0.00000     0.00000     0.00000
     0.00000     0.00000     0.00000     0.00000     0.00000     0.00000
     0.67751     0.00000     0.52392     0.00000
     0.00000     0.00000     0.00000     0.00000     0.00000     0.00000
     0.00000     0.63318     0.00000     0.49527
     0.00000     0.00000     0.00000     0.00000     0.00000     0.00000
     0.52392     0.00000     0.39764     0.00000
     0.00000     0.00000     0.00000     0.00000     0.00000     0.00000
     0.00000     0.49527     0.00000     0.38022

     ------------------- End of pseudopotential generation -------------------

     --------------------------- All-electron run ----------------------------

     Rh                                                                         
     dirac relativistic calculation

     atomic number is 45.00
     dft = SLA  PZ   NOGX NOGC   lsd =0 sic =0 latt =0  beta=0.20 tr2=1.0E-14
     Exchange-correlation=  SLA  PZ   NOGX NOGC
                           (   1   1   0   0   0   0   0)
     mesh =1233 r(mesh) =  98.82371 a.u. xmin = -7.00 dx = 0.01250
     1 Ry =  13.60569312 eV, c = 137.03599908

     n l j   nl                  e(Ry)          e(Ha)          e(eV)
     Spin orbit split results
     1 0 0.5 1S 1( 2.00)     -1690.2107      -845.1053    -22996.4879
     2 0 0.5 2S 1( 2.00)      -245.0411      -122.5206     -3333.9545
     2 1 0.5 2P 1( 2.00)      -227.0218      -113.5109     -3088.7891
     2 1 1.5 2P 1( 4.00)      -216.4094      -108.2047     -2944.4000
     3 0 0.5 3S 1( 2.00)       -43.7487       -21.8743      -595.2313
     3 1 0.5 3P 1( 2.00)       -36.6894       -18.3447      -499.1847
     3 1 1.5 3P 1( 4.00)       -34.8629       -17.4315      -474.3341
     4 0 0.5 4S 1( 2.00)        -6.0602        -3.0301       -82.4537
     4 1 0.5 4P 1( 2.00)        -3.9086        -1.9543       -53.1795
     4 1 1.5 4P 1( 4.00)        -3.6177        -1.8089       -49.2214
     3 2 1.5 3D 1( 4.00)       -22.3150       -11.1575      -303.6117
     3 2 2.5 3D 1( 6.00)       -21.9544       -10.9772      -298.7054
     4 2 1.5 4D 1( 4.00)        -0.4670        -0.2335        -6.3542
     4 2 2.5 4D 1( 4.00)        -0.4381        -0.2190        -5.9600
     5 0 0.5 5S 1( 1.00)        -0.3371        -0.1686        -4.5867
     5 1 0.5 5P 1( 0.00)        -0.0776        -0.0388        -1.0562
     5 1 1.5 5P 1( 0.00)        -0.0685        -0.0343        -0.9320
     Averaged results
     1 0     1S 1( 2.00)     -1690.2107      -845.1053    -22996.4879
     2 0     2S 1( 2.00)      -245.0411      -122.5206     -3333.9545
     2 1     2P 1( 6.00)      -219.9469      -109.9734     -2992.5297
     3 0     3S 1( 2.00)       -43.7487       -21.8743      -595.2313
     3 1     3P 1( 6.00)       -35.4717       -17.7359      -482.6177
     4 0     4S 1( 2.00)        -6.0602        -3.0301       -82.4537
     4 1     4P 1( 6.00)        -3.7147        -1.8573       -50.5408
     3 2     3D 1(10.00)       -22.0987       -11.0493      -300.6679
     4 2     4D 1( 8.00)        -0.4496        -0.2248        -6.1177
     5 0     5S 1( 1.00)        -0.3371        -0.1686        -4.5867
     5 1     5P 1( 0.00)        -0.0715        -0.0358        -0.9734

     final scf error:  7.5E-15 reached in  28 iterations
 
     Etot =   -9560.840875 Ry,   -4780.420438 Ha, -130081.866947 eV

     Ekin =    9964.976961 Ry,    4982.488480 Ha,  135580.418504 eV
     Encl =  -23155.961766 Ry,  -11577.980883 Ha, -315052.909763 eV
     Eh   =    3898.371220 Ry,    1949.185610 Ha,   53040.042496 eV
     Exc  =    -268.227289 Ry,    -134.113645 Ha,   -3649.418184 eV


     normalization and overlap integrals

     s(1S/1S) =  1.000000  <r> =   0.0327  <r2> =    0.0014  r(max) =   0.0211
     s(1S/2S) =  0.000000
     s(1S/3S) = -0.000000
     s(1S/4S) =  0.000000
     s(1S/5S) =  0.000000
     s(2S/2S) =  1.000000  <r> =   0.1417  <r2> =    0.0237  r(max) =   0.1201
     s(2S/3S) =  0.000000
     s(2S/4S) =  0.000000
     s(2S/5S) =  0.000000
     s(2P/2P) =  1.000000  <r> =   0.1204  <r2> =    0.0178  r(max) =   0.0936
     s(2P/3P) =  0.000000
     s(2P/4P) =  0.000000
     s(2P/5P) =  0.000000
     s(2P/2P) =  1.000000  <r> =   0.1252  <r2> =    0.0191  r(max) =   0.0971
     s(2P/3P) =  0.000000
     s(2P/4P) =  0.000000
     s(2P/5P) =  0.000000
     s(3S/3S) =  1.000000  <r> =   0.3912  <r2> =    0.1753  r(max) =   0.3520
     s(3S/4S) =  0.000000
     s(3S/5S) =  0.000000
     s(3P/3P) =  1.000000  <r> =   0.3835  <r2> =    0.1712  r(max) =   0.3390
     s(3P/4P) =  0.000000
     s(3P/5P) =  0.000000
     s(3P/3P) =  1.000000  <r> =   0.3944  <r2> =    0.1808  r(max) =   0.3476
     s(3P/4P) =  0.000000
     s(3P/5P) =  0.000000
     s(4S/4S) =  1.000000  <r> =   0.9793  <r2> =    1.0887  r(max) =   0.8766
     s(4S/5S) =  0.000000
     s(4P/4P) =  1.000000  <r> =   1.0597  <r2> =    1.2900  r(max) =   0.9216
     s(4P/5P) =  0.000000
     s(4P/4P) =  1.000000  <r> =   1.0918  <r2> =    1.3699  r(max) =   0.9568
     s(4P/5P) =  0.000000
     s(3D/3D) =  1.000000  <r> =   0.3686  <r2> =    0.1626  r(max) =   0.2882
     s(3D/4D) =  0.000000
     s(3D/3D) =  1.000000  <r> =   0.3721  <r2> =    0.1655  r(max) =   0.2918
     s(3D/4D) = -0.000000
     s(4D/4D) =  1.000000  <r> =   1.5815  <r2> =    3.1292  r(max) =   1.1398
     s(4D/4D) =  1.000000  <r> =   1.6097  <r2> =    3.2514  r(max) =   1.1541
     s(5S/5S) =  1.000000  <r> =   3.2541  <r2> =   12.2629  r(max) =   2.6336
     s(5P/5P) =  1.000000  <r> =   4.8561  <r2> =   28.3315  r(max) =   3.6449
     s(5P/5P) =  1.000000  <r> =   5.0697  <r2> =   30.9172  r(max) =   3.8318

     ------------------------ End of All-electron run ------------------------


     ---------------------- Testing the pseudopotential ----------------------

     Rh                                                                         
     dirac relativistic calculation

     atomic number is 45.00   valence charge is 17.00
     dft = SLA  PZ   NOGX NOGC   lsd =0 sic =0 latt =0  beta=0.20 tr2=1.0E-14
     mesh =1233 r(mesh) =  98.82371 xmin = -7.00 dx = 0.01250

     n l  j  nl             e AE (Ry)       e PS (Ry)    De AE-PS (Ry) 
     1 0 0.5 4S   1( 2.00)       -6.06023       -6.06023        0.00000
     2 0 0.5 5S   1( 1.00)       -0.33712       -0.33712        0.00000
     2 1 0.5 4P   1( 2.00)       -3.90862       -3.90862        0.00000
     2 1 1.5 4P   1( 4.00)       -3.61771       -3.61771        0.00000
     3 1 0.5 5P   1( 0.00)       -0.07763       -0.07763       -0.00000
     3 1 1.5 5P   1( 0.00)       -0.06850       -0.06850        0.00000
     3 2 1.5 4D   1( 4.00)       -0.46703       -0.46703        0.00000
     3 2 2.5 4D   1( 4.00)       -0.43805       -0.43806        0.00000

     eps = 1.8E-15  iter =  4
 
     Etot =   -9560.840875 Ry,   -4780.420438 Ha, -130081.866947 eV
     Etotps =  -460.860529 Ry,    -230.430264 Ha,   -6270.326929 eV

     Ekin =     306.423713 Ry,     153.211857 Ha,    4169.107008 eV
     Encl =    -689.169828 Ry,    -344.584914 Ha,   -9376.633186 eV
     Ehrt =     190.112907 Ry,      95.056453 Ha,    2586.617867 eV
     Ecxc =    -268.227321 Ry,    -134.113661 Ha,   -3649.418618 eV
     (Ecc =     -11.275424 Ry,      -5.637712 Ha,    -153.409954 eV)

     ---------------------- End of pseudopotential test ----------------------

