[0] MPI startup(): I_MPI_SHM_LMT environment variable is not supported.
[0] MPI startup(): Similar variables:
	 I_MPI_SHM_HEAP
	 I_MPI_SHM
	 I_MPI_SHM_OPT
	 I_MPI_SHM_THP
[0] MPI startup(): To check the list of supported variables, use the impi_info utility or refer to https://software.intel.com/en-us/mpi-library/documentation/get-started.

     Program LD1 v.7.3.1 starts on 19Sep2024 at 21:48:17 

     This program is part of the open-source Quantum ESPRESSO suite
     for quantum simulation of materials; please cite
         "P. Giannozzi et al., J. Phys.:Condens. Matter 21 395502 (2009);
         "P. Giannozzi et al., J. Phys.:Condens. Matter 29 465901 (2017);
         "P. Giannozzi et al., J. Chem. Phys. 152 154105 (2020);
          URL http://www.quantum-espresso.org", 
     in publications or presentations arising from this work. More details at
     http://www.quantum-espresso.org/quote

     Parallel version (MPI), running on     1 processors

     MPI processes distributed on     1 nodes
     89637 MiB available memory on the printing compute node when the environment starts
 
     Waiting for input...
     Reading input from standard input
     --------------------------- All-electron run ----------------------------

     S                                                                          
     dirac relativistic calculation

     atomic number is 16.00
     dft =LDA   lsd =0 sic =0 latt =0  beta=0.20 tr2=1.0E-14
     Exchange-correlation= LDA
                           (   1   1   0   0   0   0   0)
     mesh =1151 r(mesh) =  99.72449 a.u. xmin = -7.00 dx = 0.01250
     1 Ry =  13.60569312 eV, c = 137.03599908

     n l j   nl                  e(Ry)          e(Ha)          e(eV)
     Spin orbit split results
     1 0 0.5 1S 1( 2.00)      -176.1728       -88.0864     -2396.9530
     2 0 0.5 2S 1( 2.00)       -15.4895        -7.7447      -210.7453
     2 1 0.5 2P 1( 2.00)       -11.5617        -5.7809      -157.3052
     2 1 1.5 2P 1( 4.00)       -11.4691        -5.7346      -156.0452
     3 0 0.5 3S 1( 2.00)        -1.2694        -0.6347       -17.2708
     3 1 0.5 3P 1( 2.00)        -0.5262        -0.2631        -7.1589
     3 1 1.5 3P 1( 2.00)        -0.5199        -0.2599        -7.0730
     Averaged results
     1 0     1S 1( 2.00)      -176.1728       -88.0864     -2396.9530
     2 0     2S 1( 2.00)       -15.4895        -7.7447      -210.7453
     2 1     2P 1( 6.00)       -11.5000        -5.7500      -156.4652
     3 0     3S 1( 2.00)        -1.2694        -0.6347       -17.2708
     3 1     3P 1( 4.00)        -0.5220        -0.2610        -7.1016

     final scf error:  4.3E-15 reached in  27 iterations
 
     Etot =    -795.667560 Ry,    -397.833780 Ha,  -10825.608644 eV

     Ekin =     798.528722 Ry,     399.264361 Ha,   10864.536747 eV
     Encl =   -1900.065325 Ry,    -950.032662 Ha,  -25851.705725 eV
     Eh   =     354.300591 Ry,     177.150296 Ha,    4820.505118 eV
     Exc  =     -48.431548 Ry,     -24.215774 Ha,    -658.944785 eV


     normalization and overlap integrals

     s(1S/1S) =  1.000000  <r> =   0.0971  <r2> =    0.0127  r(max) =   0.0633
     s(1S/2S) =  0.000000
     s(1S/3S) = -0.000000
     s(2S/2S) =  1.000000  <r> =   0.4809  <r2> =    0.2755  r(max) =   0.3877
     s(2S/3S) =  0.000000
     s(2P/2P) =  1.000000  <r> =   0.4419  <r2> =    0.2445  r(max) =   0.3254
     s(2P/3P) =  0.000000
     s(2P/2P) =  1.000000  <r> =   0.4442  <r2> =    0.2469  r(max) =   0.3254
     s(2P/3P) =  0.000000
     s(3S/3S) =  1.000000  <r> =   1.6941  <r2> =    3.3486  r(max) =   1.4048
     s(3P/3P) =  1.000000  <r> =   2.0664  <r2> =    5.1546  r(max) =   1.5919
     s(3P/3P) =  1.000000  <r> =   2.0766  <r2> =    5.2065  r(max) =   1.5919

     ------------------------ End of All-electron run ------------------------


     --------------------- Generating PAW atomic setup --------------------


      Generating local pot.: lloc=2, j= 1.50, matching radius rcloc =   1.9000

      Generating local pot.: lloc=2, j= 2.50, matching radius rcloc =   1.9000

      Computing core charge for nlcc: 

       r > 1.21 : true rho core
      Core charge pseudized with two Bessel functions
      Integrated core pseudo-charge :   1.73

     Fully relativistic calculation: |psi|^2

     Wfc 3S LC norm =  0.99992602 SC norm =  0.00007213 missing  0.00000185
     Speed at rcutus      0.087 a.u.,  v/c =  0.000637,  (v/c)^2 = -0.00000041

     Wfc 3P LC norm =  0.99994796 SC norm =  0.00005176 missing  0.00000029
     Speed at rcutus      0.554 a.u.,  v/c =  0.004042,  (v/c)^2 =  0.00001634

     Wfc 3P LC norm =  0.99994840 SC norm =  0.00004734 missing  0.00000427
     Speed at rcutus      0.557 a.u.,  v/c =  0.004064,  (v/c)^2 =  0.00001651
      Wfc-us  3S rcutus= 2.122  Estimated cut-off energy=    11.10 Ry
      Wfc-us  3S rcutus= 2.122  Estimated cut-off energy=    11.87 Ry
      Wfc-us  3P rcutus= 2.122  Estimated cut-off energy=    17.32 Ry
      Wfc-us  3P rcutus= 2.122  Estimated cut-off energy=    17.31 Ry
      Wfc-us  3P rcutus= 2.122  Estimated cut-off energy=    17.61 Ry
      Wfc-us  3P rcutus= 2.122  Estimated cut-off energy=    17.56 Ry

      The bmat matrix
     3.74358     5.82746     0.00000     0.00000     0.00000     0.00000
     3.37849     5.79833     0.00000     0.00000     0.00000     0.00000
     0.00000     0.00000     0.69228     0.00000     0.18818     0.00000
     0.00000     0.00000     0.00000     0.69164     0.00000     0.20616
     0.00000     0.00000     0.47531     0.00000     0.49266     0.00000
     0.00000     0.00000     0.00000     0.47973     0.00000     0.50411

      The bmat + epsilon qq matrix
     4.19307     3.80619     0.00000     0.00000     0.00000     0.00000
     3.80612     3.52560     0.00000     0.00000     0.00000     0.00000
     0.00000     0.00000     0.70976     0.00000     0.45221     0.00000
     0.00000     0.00000     0.00000     0.70942     0.00000     0.45799
     0.00000     0.00000     0.45216     0.00000     0.82158     0.00000
     0.00000     0.00000     0.00000     0.45791     0.00000     0.82566

      The qq matrix
    -0.35410    -0.33688     0.00000     0.00000     0.00000     0.00000
    -0.33688    -0.37879     0.00000     0.00000     0.00000     0.00000
     0.00000     0.00000    -0.03321     0.00000     0.04401     0.00000
     0.00000     0.00000     0.00000    -0.03422     0.00000     0.04197
     0.00000     0.00000     0.04401     0.00000     0.05482     0.00000
     0.00000     0.00000     0.00000     0.04197     0.00000     0.05359


    multipoles (all-electron charge) - (pseudo charge)
        ns l1:ns1 l2    l=0     l=1     l=2     l=3     l=4     l=5  
         1  0:  1  0 -0.3541
         2  0:  1  0 -0.3369
         2  0:  2  0 -0.3788
         3  1:  1  0  0.0000  0.1364
         3  1:  2  0  0.0000  0.0971
         3  1:  3  1 -0.0332  0.0000 -0.0541
         4  1:  1  0  0.0000  0.1366
         4  1:  2  0  0.0000  0.0971
         4  1:  3  1 -0.0338  0.0000 -0.0548
         4  1:  4  1 -0.0342  0.0000 -0.0554
         5  1:  1  0  0.0000 -0.0031
         5  1:  2  0  0.0000  0.0462
         5  1:  3  1  0.0440  0.0000  0.0578
         5  1:  4  1  0.0432  0.0000  0.0570
         5  1:  5  1  0.0548  0.0000  0.0378
         6  1:  1  0  0.0000 -0.0009
         6  1:  2  0  0.0000  0.0477
         6  1:  3  1  0.0427  0.0000  0.0564
         6  1:  4  1  0.0420  0.0000  0.0556
         6  1:  5  1  0.0542  0.0000  0.0375
         6  1:  6  1  0.0536  0.0000  0.0373
     Required augmentation: PSQ   radius:    1.900000

     Q pseudized with Bessel functions
     Expected ecutrho=      77.3685 due to l1=  1   l2=  1

     Estimated PAW energy =  -63.483163 Ryd

     The PAW screened D coefficients
     4.19306     3.80612     0.00000     0.00000     0.00000     0.00000
     3.80612     3.52564     0.00000     0.00000     0.00000     0.00000
     0.00000     0.00000     0.70976     0.00000     0.45216     0.00000
     0.00000     0.00000     0.00000     0.70942     0.00000     0.45792
     0.00000     0.00000     0.45216     0.00000     0.82161     0.00000
     0.00000     0.00000     0.00000     0.45792     0.00000     0.82570

     The PAW descreened D coefficients (US)
     1.14526     0.42183     0.00000     0.00000     0.00000     0.00000
     0.42183    -0.03414     0.00000     0.00000     0.00000     0.00000
     0.00000     0.00000     0.64105     0.00000     0.73840     0.00000
     0.00000     0.00000     0.00000     0.63245     0.00000     0.72430
     0.00000     0.00000     0.73840     0.00000     1.69687     0.00000
     0.00000     0.00000     0.00000     0.72430     0.00000     1.68547

     ------------------- End of pseudopotential generation -------------------

     --------------------------- All-electron run ----------------------------

     S                                                                          
     dirac relativistic calculation

     atomic number is 16.00
     dft = SLA  PZ   NOGX NOGC   lsd =0 sic =0 latt =0  beta=0.20 tr2=1.0E-14
     Exchange-correlation=  SLA  PZ   NOGX NOGC
                           (   1   1   0   0   0   0   0)
     mesh =1151 r(mesh) =  99.72449 a.u. xmin = -7.00 dx = 0.01250
     1 Ry =  13.60569312 eV, c = 137.03599908

     n l j   nl                  e(Ry)          e(Ha)          e(eV)
     Spin orbit split results
     1 0 0.5 1S 1( 2.00)      -176.1728       -88.0864     -2396.9530
     2 0 0.5 2S 1( 2.00)       -15.4895        -7.7447      -210.7453
     2 1 0.5 2P 1( 2.00)       -11.5617        -5.7809      -157.3052
     2 1 1.5 2P 1( 4.00)       -11.4691        -5.7346      -156.0452
     3 0 0.5 3S 1( 2.00)        -1.2694        -0.6347       -17.2708
     3 1 0.5 3P 1( 2.00)        -0.5262        -0.2631        -7.1589
     3 1 1.5 3P 1( 2.00)        -0.5199        -0.2599        -7.0730
     Averaged results
     1 0     1S 1( 2.00)      -176.1728       -88.0864     -2396.9530
     2 0     2S 1( 2.00)       -15.4895        -7.7447      -210.7453
     2 1     2P 1( 6.00)       -11.5000        -5.7500      -156.4652
     3 0     3S 1( 2.00)        -1.2694        -0.6347       -17.2708
     3 1     3P 1( 4.00)        -0.5220        -0.2610        -7.1016

     final scf error:  4.3E-15 reached in  27 iterations
 
     Etot =    -795.667560 Ry,    -397.833780 Ha,  -10825.608644 eV

     Ekin =     798.528722 Ry,     399.264361 Ha,   10864.536747 eV
     Encl =   -1900.065325 Ry,    -950.032662 Ha,  -25851.705725 eV
     Eh   =     354.300591 Ry,     177.150296 Ha,    4820.505118 eV
     Exc  =     -48.431548 Ry,     -24.215774 Ha,    -658.944785 eV


     normalization and overlap integrals

     s(1S/1S) =  1.000000  <r> =   0.0971  <r2> =    0.0127  r(max) =   0.0633
     s(1S/2S) =  0.000000
     s(1S/3S) = -0.000000
     s(2S/2S) =  1.000000  <r> =   0.4809  <r2> =    0.2755  r(max) =   0.3877
     s(2S/3S) =  0.000000
     s(2P/2P) =  1.000000  <r> =   0.4419  <r2> =    0.2445  r(max) =   0.3254
     s(2P/3P) =  0.000000
     s(2P/2P) =  1.000000  <r> =   0.4442  <r2> =    0.2469  r(max) =   0.3254
     s(2P/3P) =  0.000000
     s(3S/3S) =  1.000000  <r> =   1.6941  <r2> =    3.3486  r(max) =   1.4048
     s(3P/3P) =  1.000000  <r> =   2.0664  <r2> =    5.1546  r(max) =   1.5919
     s(3P/3P) =  1.000000  <r> =   2.0766  <r2> =    5.2065  r(max) =   1.5919

     ------------------------ End of All-electron run ------------------------


     ---------------------- Testing the pseudopotential ----------------------

     S                                                                          
     dirac relativistic calculation

     atomic number is 16.00   valence charge is  6.00
     dft = SLA  PZ   NOGX NOGC   lsd =0 sic =0 latt =0  beta=0.20 tr2=1.0E-14
     mesh =1151 r(mesh) =  99.72449 xmin = -7.00 dx = 0.01250

     n l  j  nl             e AE (Ry)       e PS (Ry)    De AE-PS (Ry) 
     1 0 0.5 3S   1( 2.00)       -1.26938       -1.26938        0.00000
     2 1 0.5 3P   1( 2.00)       -0.52617       -0.52617        0.00000
     2 1 1.5 3P   1( 2.00)       -0.51985       -0.51986        0.00000

     eps = 1.0E-15  iter =  3
 
     Etot =    -795.667560 Ry,    -397.833780 Ha,  -10825.608644 eV
     Etotps =   -63.483168 Ry,     -31.741584 Ha,    -863.732503 eV

     Ekin =      26.787451 Ry,      13.393725 Ha,     364.461837 eV
     Encl =     -58.688953 Ry,     -29.344476 Ha,    -798.503880 eV
     Ehrt =      16.849889 Ry,       8.424945 Ha,     229.254420 eV
     Ecxc =     -48.431555 Ry,     -24.215778 Ha,    -658.944880 eV
     (Ecc =      -2.159322 Ry,      -1.079661 Ha,     -29.379076 eV)

     ---------------------- End of pseudopotential test ----------------------

