[0] MPI startup(): I_MPI_SHM_LMT environment variable is not supported.
[0] MPI startup(): Similar variables:
	 I_MPI_SHM_HEAP
	 I_MPI_SHM
	 I_MPI_SHM_OPT
	 I_MPI_SHM_THP
[0] MPI startup(): To check the list of supported variables, use the impi_info utility or refer to https://software.intel.com/en-us/mpi-library/documentation/get-started.

     Program LD1 v.7.3.1 starts on 19Sep2024 at 21:48:12 

     This program is part of the open-source Quantum ESPRESSO suite
     for quantum simulation of materials; please cite
         "P. Giannozzi et al., J. Phys.:Condens. Matter 21 395502 (2009);
         "P. Giannozzi et al., J. Phys.:Condens. Matter 29 465901 (2017);
         "P. Giannozzi et al., J. Chem. Phys. 152 154105 (2020);
          URL http://www.quantum-espresso.org", 
     in publications or presentations arising from this work. More details at
     http://www.quantum-espresso.org/quote

     Parallel version (MPI), running on     1 processors

     MPI processes distributed on     1 nodes
     89658 MiB available memory on the printing compute node when the environment starts
 
     Waiting for input...
     Reading input from standard input
     --------------------------- All-electron run ----------------------------

     Sc                                                                         
     dirac relativistic calculation

     atomic number is 21.00
     dft =LDA   lsd =0 sic =0 latt =0  beta=0.20 tr2=1.0E-14
     Exchange-correlation= LDA
                           (   1   1   0   0   0   0   0)
     mesh =1173 r(mesh) = 100.03074 a.u. xmin = -7.00 dx = 0.01250
     1 Ry =  13.60569312 eV, c = 137.03599908

     n l j   nl                  e(Ry)          e(Ha)          e(eV)
     Spin orbit split results
     1 0 0.5 1S 1( 2.00)      -322.2529      -161.1265     -4384.4745
     2 0 0.5 2S 1( 2.00)       -34.7538       -17.3769      -472.8499
     2 1 0.5 2P 1( 2.00)       -28.7387       -14.3694      -391.0103
     2 1 1.5 2P 1( 4.00)       -28.3985       -14.1992      -386.3812
     3 0 0.5 3S 1( 2.00)        -4.0195        -2.0098       -54.6887
     3 1 0.5 3P 1( 2.00)        -2.4909        -1.2455       -33.8909
     3 1 1.5 3P 1( 4.00)        -2.4530        -1.2265       -33.3747
     3 2 1.5 3D 1( 1.00)        -0.2527        -0.1263        -3.4379
     3 2 2.5 3D 1( 0.00)        -0.2504        -0.1252        -3.4073
     4 0 0.5 4S 1( 2.00)        -0.3158        -0.1579        -4.2964
     4 1 0.5 4P 1( 0.00)        -0.1131        -0.0566        -1.5390
     4 1 1.5 4P 1( 0.00)        -0.1113        -0.0557        -1.5147
     Averaged results
     1 0     1S 1( 2.00)      -322.2529      -161.1265     -4384.4745
     2 0     2S 1( 2.00)       -34.7538       -17.3769      -472.8499
     2 1     2P 1( 6.00)       -28.5119       -14.2560      -387.9242
     3 0     3S 1( 2.00)        -4.0195        -2.0098       -54.6887
     3 1     3P 1( 6.00)        -2.4656        -1.2328       -33.5468
     3 2     3D 1( 1.00)        -0.2513        -0.1257        -3.4195
     4 0     4S 1( 2.00)        -0.3158        -0.1579        -4.2964
     4 1     4P 1( 0.00)        -0.1119        -0.0560        -1.5228

     final scf error:  4.6E-15 reached in  33 iterations
 
     Etot =   -1524.648361 Ry,    -762.324180 Ha,  -20743.897718 eV

     Ekin =    1537.143145 Ry,     768.571573 Ha,   20913.897918 eV
     Encl =   -3627.396833 Ry,   -1813.698417 Ha,  -49353.248148 eV
     Eh   =     639.819959 Ry,     319.909979 Ha,    8705.194014 eV
     Exc  =     -74.214632 Ry,     -37.107316 Ha,   -1009.741502 eV


     normalization and overlap integrals

     s(1S/1S) =  1.000000  <r> =   0.0732  <r2> =    0.0072  r(max) =   0.0476
     s(1S/2S) =  0.000000
     s(1S/3S) = -0.000000
     s(1S/4S) =  0.000000
     s(2S/2S) =  1.000000  <r> =   0.3444  <r2> =    0.1405  r(max) =   0.2845
     s(2S/3S) =  0.000000
     s(2S/4S) =  0.000000
     s(2P/2P) =  1.000000  <r> =   0.3064  <r2> =    0.1161  r(max) =   0.2300
     s(2P/3P) =  0.000000
     s(2P/4P) =  0.000000
     s(2P/2P) =  1.000000  <r> =   0.3090  <r2> =    0.1180  r(max) =   0.2329
     s(2P/3P) =  0.000000
     s(2P/4P) =  0.000000
     s(3S/3S) =  1.000000  <r> =   1.0771  <r2> =    1.3406  r(max) =   0.9213
     s(3S/4S) = -0.000000
     s(3P/3P) =  1.000000  <r> =   1.1653  <r2> =    1.6045  r(max) =   0.9565
     s(3P/4P) =  0.000000
     s(3P/3P) =  1.000000  <r> =   1.1736  <r2> =    1.6274  r(max) =   0.9685
     s(3P/4P) = -0.000000
     s(3D/3D) =  1.000000  <r> =   1.8534  <r2> =    4.7148  r(max) =   1.0974
     s(3D/3D) =  1.000000  <r> =   1.8601  <r2> =    4.7505  r(max) =   1.0974
     s(4S/4S) =  1.000000  <r> =   3.6855  <r2> =   15.6428  r(max) =   3.0587
     s(4P/4P) =  1.000000  <r> =   4.9711  <r2> =   28.8996  r(max) =   4.0268
     s(4P/4P) =  1.000000  <r> =   5.0029  <r2> =   29.2680  r(max) =   4.0268

     ------------------------ End of All-electron run ------------------------


     --------------------- Generating PAW atomic setup --------------------


      Generating local potential from pseudized AE potential:
      Matching radius rcloc =   2.0000

      Local pseudo, rcloc= 2.025 Estimated cut-off energy=     5.98 Ry

      Computing core charge for nlcc: 

       r > 0.80 : true rho core
      Core charge pseudized with two Bessel functions
      Integrated core pseudo-charge :   2.13

     Fully relativistic calculation: |psi|^2

     Wfc 3S LC norm =  0.99980543 SC norm =  0.00019415 missing  0.00000041
     Speed at rcutus      0.593 a.u.,  v/c =  0.004330,  (v/c)^2 =  0.00001875

     Wfc 4S LC norm =  0.99997926 SC norm =  0.00001847 missing  0.00000227
     Speed at rcutus      0.053 a.u.,  v/c =  0.000390,  (v/c)^2 =  0.00000015

     Wfc 3P LC norm =  0.99983491 SC norm =  0.00016482 missing  0.00000028
     Speed at rcutus      0.615 a.u.,  v/c =  0.004490,  (v/c)^2 =  0.00002016

     Wfc 3P LC norm =  0.99983678 SC norm =  0.00016201 missing  0.00000121
     Speed at rcutus      0.635 a.u.,  v/c =  0.004633,  (v/c)^2 =  0.00002147

     Wfc 3D LC norm =  0.99992258 SC norm =  0.00007726 missing  0.00000016
     Speed at rcutus      1.009 a.u.,  v/c =  0.007365,  (v/c)^2 =  0.00005424

     Wfc 3D LC norm =  0.99992298 SC norm =  0.00007083 missing  0.00000619
     Speed at rcutus      1.009 a.u.,  v/c =  0.007365,  (v/c)^2 =  0.00005425
      Wfc-us  3S rcutus= 1.291  Estimated cut-off energy=    29.78 Ry
      Wfc-us  4S rcutus= 1.291  Estimated cut-off energy=    44.73 Ry
      Wfc-us  3P rcutus= 1.500  Estimated cut-off energy=    35.96 Ry
      Wfc-us  3P rcutus= 1.500  Estimated cut-off energy=    35.92 Ry
      Wfc-us  4P rcutus= 1.787  Estimated cut-off energy=    22.03 Ry
      Wfc-us  4P rcutus= 1.787  Estimated cut-off energy=    21.94 Ry
      Wfc-us  3D rcutus= 1.617  Estimated cut-off energy=    43.29 Ry
      Wfc-us  3D rcutus= 1.617  Estimated cut-off energy=    43.28 Ry
      Wfc-us  3D rcutus= 1.617  Estimated cut-off energy=    45.70 Ry
      Wfc-us  3D rcutus= 1.617  Estimated cut-off energy=    45.67 Ry

      The bmat matrix
    -0.64536     0.26366     0.00000     0.00000     0.00000     0.00000
     0.00000     0.00000     0.00000     0.00000
    -0.15710     0.07100     0.00000     0.00000     0.00000     0.00000
     0.00000     0.00000     0.00000     0.00000
     0.00000     0.00000    -1.93764     0.00000    -1.34720     0.00000
     0.00000     0.00000     0.00000     0.00000
     0.00000     0.00000     0.00000    -1.89022     0.00000    -1.32818
     0.00000     0.00000     0.00000     0.00000
     0.00000     0.00000    -0.32506     0.00000     0.05579     0.00000
     0.00000     0.00000     0.00000     0.00000
     0.00000     0.00000     0.00000    -0.33682     0.00000     0.04443
     0.00000     0.00000     0.00000     0.00000
     0.00000     0.00000     0.00000     0.00000     0.00000     0.00000
    -1.07157     0.00000    -0.81250     0.00000
     0.00000     0.00000     0.00000     0.00000     0.00000     0.00000
     0.00000    -1.06589     0.00000    -0.80957
     0.00000     0.00000     0.00000     0.00000     0.00000     0.00000
    -0.75246     0.00000    -0.57060     0.00000
     0.00000     0.00000     0.00000     0.00000     0.00000     0.00000
     0.00000    -0.75017     0.00000    -0.56982

      The bmat + epsilon qq matrix
     0.99908     0.29954     0.00000     0.00000     0.00000     0.00000
     0.00000     0.00000     0.00000     0.00000
     0.29953     0.08106     0.00000     0.00000     0.00000     0.00000
     0.00000     0.00000     0.00000     0.00000
     0.00000     0.00000    -1.92584     0.00000    -0.76472     0.00000
     0.00000     0.00000     0.00000     0.00000
     0.00000     0.00000     0.00000    -1.86727     0.00000    -0.75950
     0.00000     0.00000     0.00000     0.00000
     0.00000     0.00000    -0.76473     0.00000     0.41185     0.00000
     0.00000     0.00000     0.00000     0.00000
     0.00000     0.00000     0.00000    -0.75954     0.00000     0.40282
     0.00000     0.00000     0.00000     0.00000
     0.00000     0.00000     0.00000     0.00000     0.00000     0.00000
    -1.10687     0.00000    -0.77991     0.00000
     0.00000     0.00000     0.00000     0.00000     0.00000     0.00000
     0.00000    -1.10059     0.00000    -0.77720
     0.00000     0.00000     0.00000     0.00000     0.00000     0.00000
    -0.77991     0.00000    -0.54532     0.00000
     0.00000     0.00000     0.00000     0.00000     0.00000     0.00000
     0.00000    -0.77719     0.00000    -0.54466

      The qq matrix
    -0.40911    -0.11360     0.00000     0.00000     0.00000     0.00000
     0.00000     0.00000     0.00000     0.00000
    -0.11360    -0.03184     0.00000     0.00000     0.00000     0.00000
     0.00000     0.00000     0.00000     0.00000
     0.00000     0.00000    -0.00474     0.00000     0.17651     0.00000
     0.00000     0.00000     0.00000     0.00000
     0.00000     0.00000     0.00000    -0.00936     0.00000     0.17233
     0.00000     0.00000     0.00000     0.00000
     0.00000     0.00000     0.17651     0.00000     0.10790     0.00000
     0.00000     0.00000     0.00000     0.00000
     0.00000     0.00000     0.00000     0.17233     0.00000     0.10860
     0.00000     0.00000     0.00000     0.00000
     0.00000     0.00000     0.00000     0.00000     0.00000     0.00000
     0.13972     0.00000     0.10862     0.00000
     0.00000     0.00000     0.00000     0.00000     0.00000     0.00000
     0.00000     0.13855     0.00000     0.10791
     0.00000     0.00000     0.00000     0.00000     0.00000     0.00000
     0.10862     0.00000     0.08427     0.00000
     0.00000     0.00000     0.00000     0.00000     0.00000     0.00000
     0.00000     0.10791     0.00000     0.08386


    multipoles (all-electron charge) - (pseudo charge)
        ns l1:ns1 l2    l=0     l=1     l=2     l=3     l=4     l=5  
         1  0:  1  0 -0.4091
         2  0:  1  0 -0.1136
         2  0:  2  0 -0.0318
         3  1:  1  0  0.0000  0.0966
         3  1:  2  0  0.0000  0.0245
         3  1:  3  1 -0.0047  0.0000 -0.0116
         4  1:  1  0  0.0000  0.0979
         4  1:  2  0  0.0000  0.0248
         4  1:  3  1 -0.0073  0.0000 -0.0130
         4  1:  4  1 -0.0094  0.0000 -0.0142
         5  1:  1  0  0.0000 -0.1269
         5  1:  2  0  0.0000 -0.0245
         5  1:  3  1  0.1765  0.0000  0.1279
         5  1:  4  1  0.1746  0.0000  0.1271
         5  1:  5  1  0.1079  0.0000  0.0493
         6  1:  1  0  0.0000 -0.1244
         6  1:  2  0  0.0000 -0.0239
         6  1:  3  1  0.1740  0.0000  0.1265
         6  1:  4  1  0.1723  0.0000  0.1257
         6  1:  5  1  0.1082  0.0000  0.0499
         6  1:  6  1  0.1086  0.0000  0.0507
         7  2:  1  0  0.0000  0.0000  0.0319
         7  2:  2  0  0.0000  0.0000  0.0077
         7  2:  3  1  0.0000 -0.0614  0.0000 -0.0439
         7  2:  4  1  0.0000 -0.0595  0.0000 -0.0429
         7  2:  5  1  0.0000 -0.1175  0.0000 -0.1027
         7  2:  6  1  0.0000 -0.1167  0.0000 -0.1023
         7  2:  7  2  0.1397  0.0000  0.0749  0.0000  0.0537
         8  2:  1  0  0.0000  0.0000  0.0318
         8  2:  2  0  0.0000  0.0000  0.0077
         8  2:  3  1  0.0000 -0.0610  0.0000 -0.0437
         8  2:  4  1  0.0000 -0.0592  0.0000 -0.0428
         8  2:  5  1  0.0000 -0.1172  0.0000 -0.1025
         8  2:  6  1  0.0000 -0.1164  0.0000 -0.1021
         8  2:  7  2  0.1390  0.0000  0.0746  0.0000  0.0533
         8  2:  8  2  0.1385  0.0000  0.0744  0.0000  0.0535
         9  2:  1  0  0.0000  0.0000  0.0281
         9  2:  2  0  0.0000  0.0000  0.0066
         9  2:  3  1  0.0000 -0.0502  0.0000 -0.0364
         9  2:  4  1  0.0000 -0.0487  0.0000 -0.0357
         9  2:  5  1  0.0000 -0.0861  0.0000 -0.0729
         9  2:  6  1  0.0000 -0.0855  0.0000 -0.0726
         9  2:  7  2  0.1086  0.0000  0.0582  0.0000  0.0419
         9  2:  8  2  0.1081  0.0000  0.0580  0.0000  0.0417
         9  2:  9  2  0.0843  0.0000  0.0450  0.0000  0.0324
        10  2:  1  0  0.0000  0.0000  0.0280
        10  2:  2  0  0.0000  0.0000  0.0066
        10  2:  3  1  0.0000 -0.0499  0.0000 -0.0363
        10  2:  4  1  0.0000 -0.0486  0.0000 -0.0356
        10  2:  5  1  0.0000 -0.0861  0.0000 -0.0729
        10  2:  6  1  0.0000 -0.0855  0.0000 -0.0726
        10  2:  7  2  0.1083  0.0000  0.0580  0.0000  0.0417
        10  2:  8  2  0.1079  0.0000  0.0579  0.0000  0.0418
        10  2:  9  2  0.0840  0.0000  0.0449  0.0000  0.0323
        10  2: 10  2  0.0839  0.0000  0.0449  0.0000  0.0324
     Required augmentation: PSQ   radius:    0.880000

     Q pseudized with Bessel functions
     Expected ecutrho=     476.6210 due to l1=  2   l2=  2

     Estimated PAW energy = -153.087465 Ryd

     The PAW screened D coefficients
     0.99908     0.29953     0.00000     0.00000     0.00000     0.00000
     0.00000     0.00000     0.00000     0.00000
     0.29953     0.08106     0.00000     0.00000     0.00000     0.00000
     0.00000     0.00000     0.00000     0.00000
     0.00000     0.00000    -1.92584     0.00000    -0.76473     0.00000
     0.00000     0.00000     0.00000     0.00000
     0.00000     0.00000     0.00000    -1.86728     0.00000    -0.75953
     0.00000     0.00000     0.00000     0.00000
     0.00000     0.00000    -0.76473     0.00000     0.41186     0.00000
     0.00000     0.00000     0.00000     0.00000
     0.00000     0.00000     0.00000    -0.75953     0.00000     0.40285
     0.00000     0.00000     0.00000     0.00000
     0.00000     0.00000     0.00000     0.00000     0.00000     0.00000
    -1.10687     0.00000    -0.77991     0.00000
     0.00000     0.00000     0.00000     0.00000     0.00000     0.00000
     0.00000    -1.10059     0.00000    -0.77719
     0.00000     0.00000     0.00000     0.00000     0.00000     0.00000
    -0.77991     0.00000    -0.54532     0.00000
     0.00000     0.00000     0.00000     0.00000     0.00000     0.00000
     0.00000    -0.77719     0.00000    -0.54466

     The PAW descreened D coefficients (US)
    -1.86506    -0.50522     0.00000     0.00000     0.00000     0.00000
     0.00000     0.00000     0.00000     0.00000
    -0.50522    -0.14692     0.00000     0.00000     0.00000     0.00000
     0.00000     0.00000     0.00000     0.00000
     0.00000     0.00000    -1.81340     0.00000     0.41527     0.00000
     0.00000     0.00000     0.00000     0.00000
     0.00000     0.00000     0.00000    -1.78758     0.00000     0.39127
     0.00000     0.00000     0.00000     0.00000
     0.00000     0.00000     0.41527     0.00000     1.20772     0.00000
     0.00000     0.00000     0.00000     0.00000
     0.00000     0.00000     0.00000     0.39127     0.00000     1.20067
     0.00000     0.00000     0.00000     0.00000
     0.00000     0.00000     0.00000     0.00000     0.00000     0.00000
    -0.13798     0.00000    -0.02611     0.00000
     0.00000     0.00000     0.00000     0.00000     0.00000     0.00000
     0.00000    -0.14020     0.00000    -0.02870
     0.00000     0.00000     0.00000     0.00000     0.00000     0.00000
    -0.02611     0.00000     0.04018     0.00000
     0.00000     0.00000     0.00000     0.00000     0.00000     0.00000
     0.00000    -0.02870     0.00000     0.03774

     ------------------- End of pseudopotential generation -------------------

     --------------------------- All-electron run ----------------------------

     Sc                                                                         
     dirac relativistic calculation

     atomic number is 21.00
     dft = SLA  PZ   NOGX NOGC   lsd =0 sic =0 latt =0  beta=0.20 tr2=1.0E-14
     Exchange-correlation=  SLA  PZ   NOGX NOGC
                           (   1   1   0   0   0   0   0)
     mesh =1173 r(mesh) = 100.03074 a.u. xmin = -7.00 dx = 0.01250
     1 Ry =  13.60569312 eV, c = 137.03599908

     n l j   nl                  e(Ry)          e(Ha)          e(eV)
     Spin orbit split results
     1 0 0.5 1S 1( 2.00)      -322.2529      -161.1265     -4384.4745
     2 0 0.5 2S 1( 2.00)       -34.7538       -17.3769      -472.8499
     2 1 0.5 2P 1( 2.00)       -28.7387       -14.3694      -391.0103
     2 1 1.5 2P 1( 4.00)       -28.3985       -14.1992      -386.3812
     3 0 0.5 3S 1( 2.00)        -4.0195        -2.0098       -54.6887
     3 1 0.5 3P 1( 2.00)        -2.4909        -1.2455       -33.8909
     3 1 1.5 3P 1( 4.00)        -2.4530        -1.2265       -33.3747
     3 2 1.5 3D 1( 1.00)        -0.2527        -0.1263        -3.4379
     3 2 2.5 3D 1( 0.00)        -0.2504        -0.1252        -3.4073
     4 0 0.5 4S 1( 2.00)        -0.3158        -0.1579        -4.2964
     4 1 0.5 4P 1( 0.00)        -0.1131        -0.0566        -1.5390
     4 1 1.5 4P 1( 0.00)        -0.1113        -0.0557        -1.5147
     Averaged results
     1 0     1S 1( 2.00)      -322.2529      -161.1265     -4384.4745
     2 0     2S 1( 2.00)       -34.7538       -17.3769      -472.8499
     2 1     2P 1( 6.00)       -28.5119       -14.2560      -387.9242
     3 0     3S 1( 2.00)        -4.0195        -2.0098       -54.6887
     3 1     3P 1( 6.00)        -2.4656        -1.2328       -33.5468
     3 2     3D 1( 1.00)        -0.2513        -0.1257        -3.4195
     4 0     4S 1( 2.00)        -0.3158        -0.1579        -4.2964
     4 1     4P 1( 0.00)        -0.1119        -0.0560        -1.5228

     final scf error:  4.6E-15 reached in  33 iterations
 
     Etot =   -1524.648361 Ry,    -762.324180 Ha,  -20743.897718 eV

     Ekin =    1537.143145 Ry,     768.571573 Ha,   20913.897918 eV
     Encl =   -3627.396833 Ry,   -1813.698417 Ha,  -49353.248148 eV
     Eh   =     639.819959 Ry,     319.909979 Ha,    8705.194014 eV
     Exc  =     -74.214632 Ry,     -37.107316 Ha,   -1009.741502 eV


     normalization and overlap integrals

     s(1S/1S) =  1.000000  <r> =   0.0732  <r2> =    0.0072  r(max) =   0.0476
     s(1S/2S) =  0.000000
     s(1S/3S) = -0.000000
     s(1S/4S) =  0.000000
     s(2S/2S) =  1.000000  <r> =   0.3444  <r2> =    0.1405  r(max) =   0.2845
     s(2S/3S) =  0.000000
     s(2S/4S) =  0.000000
     s(2P/2P) =  1.000000  <r> =   0.3064  <r2> =    0.1161  r(max) =   0.2300
     s(2P/3P) =  0.000000
     s(2P/4P) =  0.000000
     s(2P/2P) =  1.000000  <r> =   0.3090  <r2> =    0.1180  r(max) =   0.2329
     s(2P/3P) =  0.000000
     s(2P/4P) =  0.000000
     s(3S/3S) =  1.000000  <r> =   1.0771  <r2> =    1.3406  r(max) =   0.9213
     s(3S/4S) = -0.000000
     s(3P/3P) =  1.000000  <r> =   1.1653  <r2> =    1.6045  r(max) =   0.9565
     s(3P/4P) =  0.000000
     s(3P/3P) =  1.000000  <r> =   1.1736  <r2> =    1.6274  r(max) =   0.9685
     s(3P/4P) = -0.000000
     s(3D/3D) =  1.000000  <r> =   1.8534  <r2> =    4.7148  r(max) =   1.0974
     s(3D/3D) =  1.000000  <r> =   1.8601  <r2> =    4.7505  r(max) =   1.0974
     s(4S/4S) =  1.000000  <r> =   3.6855  <r2> =   15.6428  r(max) =   3.0587
     s(4P/4P) =  1.000000  <r> =   4.9711  <r2> =   28.8996  r(max) =   4.0268
     s(4P/4P) =  1.000000  <r> =   5.0029  <r2> =   29.2680  r(max) =   4.0268

     ------------------------ End of All-electron run ------------------------


     ---------------------- Testing the pseudopotential ----------------------

     Sc                                                                         
     dirac relativistic calculation

     atomic number is 21.00   valence charge is 11.00
     dft = SLA  PZ   NOGX NOGC   lsd =0 sic =0 latt =0  beta=0.20 tr2=1.0E-14
     mesh =1173 r(mesh) = 100.03074 xmin = -7.00 dx = 0.01250

     n l  j  nl             e AE (Ry)       e PS (Ry)    De AE-PS (Ry) 
     1 0 0.5 3S   1( 2.00)       -4.01954       -4.01954       -0.00000
     2 0 0.5 4S   1( 2.00)       -0.31578       -0.31578       -0.00000
     2 1 0.5 3P   1( 2.00)       -2.49094       -2.49093       -0.00000
     2 1 1.5 3P   1( 4.00)       -2.45300       -2.45300        0.00000
     3 2 1.5 3D   1( 1.00)       -0.25268       -0.25268       -0.00000
     3 2 2.5 3D   1( 0.00)       -0.25043       -0.25043        0.00000

     eps = 6.7E-17  iter =  4
 
     Etot =   -1524.648361 Ry,    -762.324180 Ha,  -20743.897718 eV
     Etotps =  -153.087459 Ry,     -76.543730 Ha,   -2082.860994 eV

     Ekin =     112.640409 Ry,      56.320204 Ha,    1532.550836 eV
     Encl =    -264.720938 Ry,    -132.360469 Ha,   -3601.711843 eV
     Ehrt =      73.207711 Ry,      36.603855 Ha,     996.041649 eV
     Ecxc =     -74.214641 Ry,     -37.107321 Ha,   -1009.741637 eV
     (Ecc =      -4.172750 Ry,      -2.086375 Ha,     -56.773155 eV)

     ---------------------- End of pseudopotential test ----------------------

