[0] MPI startup(): I_MPI_SHM_LMT environment variable is not supported.
[0] MPI startup(): Similar variables:
	 I_MPI_SHM_HEAP
	 I_MPI_SHM
	 I_MPI_SHM_OPT
	 I_MPI_SHM_THP
[0] MPI startup(): To check the list of supported variables, use the impi_info utility or refer to https://software.intel.com/en-us/mpi-library/documentation/get-started.

     Program LD1 v.7.3.1 starts on 19Sep2024 at 21:48:14 

     This program is part of the open-source Quantum ESPRESSO suite
     for quantum simulation of materials; please cite
         "P. Giannozzi et al., J. Phys.:Condens. Matter 21 395502 (2009);
         "P. Giannozzi et al., J. Phys.:Condens. Matter 29 465901 (2017);
         "P. Giannozzi et al., J. Chem. Phys. 152 154105 (2020);
          URL http://www.quantum-espresso.org", 
     in publications or presentations arising from this work. More details at
     http://www.quantum-espresso.org/quote

     Parallel version (MPI), running on     1 processors

     MPI processes distributed on     1 nodes
     89648 MiB available memory on the printing compute node when the environment starts
 
     Waiting for input...
     Reading input from standard input
     --------------------------- All-electron run ----------------------------

     Se                                                                         
     dirac relativistic calculation

     atomic number is 34.00
     dft =LDA   lsd =0 sic =0 latt =0  beta=0.20 tr2=1.0E-14
     Exchange-correlation= LDA
                           (   1   1   0   0   0   0   0)
     mesh =1211 r(mesh) =  99.34906 a.u. xmin = -7.00 dx = 0.01250
     1 Ry =  13.60569312 eV, c = 137.03599908

     n l j   nl                  e(Ry)          e(Ha)          e(eV)
     Spin orbit split results
     1 0 0.5 1S 1( 2.00)      -917.2206      -458.6103    -12479.4214
     2 0 0.5 2S 1( 2.00)      -117.8835       -58.9417     -1603.8863
     2 1 0.5 2P 1( 2.00)      -105.8582       -52.9291     -1440.2742
     2 1 1.5 2P 1( 4.00)      -102.7950       -51.3975     -1398.5975
     3 0 0.5 3S 1( 2.00)       -15.6173        -7.8087      -212.4842
     3 1 0.5 3P 1( 2.00)       -11.5043        -5.7522      -156.5243
     3 1 1.5 3P 1( 4.00)       -11.0718        -5.5359      -150.6398
     3 2 1.5 3D 1( 4.00)        -3.9545        -1.9773       -53.8040
     3 2 2.5 3D 1( 6.00)        -3.8886        -1.9443       -52.9076
     4 0 0.5 4S 1( 2.00)        -1.2805        -0.6402       -17.4218
     4 1 0.5 4P 1( 2.00)        -0.5054        -0.2527        -6.8766
     4 1 1.5 4P 1( 2.00)        -0.4771        -0.2385        -6.4910
     Averaged results
     1 0     1S 1( 2.00)      -917.2206      -458.6103    -12479.4214
     2 0     2S 1( 2.00)      -117.8835       -58.9417     -1603.8863
     2 1     2P 1( 6.00)      -103.8161       -51.9080     -1412.4897
     3 0     3S 1( 2.00)       -15.6173        -7.8087      -212.4842
     3 1     3P 1( 6.00)       -11.2160        -5.6080      -152.6013
     3 2     3D 1(10.00)        -3.9150        -1.9575       -53.2661
     4 0     4S 1( 2.00)        -1.2805        -0.6402       -17.4218
     4 1     4P 1( 4.00)        -0.4865        -0.2433        -6.6196

     final scf error:  5.9E-15 reached in  26 iterations
 
     Etot =   -4853.887787 Ry,   -2426.943893 Ha,  -66040.507680 eV

     Ekin =    4968.536272 Ry,    2484.268136 Ha,   67600.379783 eV
     Encl =  -11726.661206 Ry,   -5863.330603 Ha, -159549.353721 eV
     Eh   =    2073.586506 Ry,    1036.793253 Ha,   28212.581659 eV
     Exc  =    -169.349358 Ry,     -84.674679 Ha,   -2304.115401 eV


     normalization and overlap integrals

     s(1S/1S) =  1.000000  <r> =   0.0441  <r2> =    0.0026  r(max) =   0.0287
     s(1S/2S) =  0.000000
     s(1S/3S) = -0.000000
     s(1S/4S) =  0.000000
     s(2S/2S) =  1.000000  <r> =   0.1960  <r2> =    0.0454  r(max) =   0.1651
     s(2S/3S) =  0.000000
     s(2S/4S) =  0.000000
     s(2P/2P) =  1.000000  <r> =   0.1686  <r2> =    0.0349  r(max) =   0.1302
     s(2P/3P) =  0.000000
     s(2P/4P) =  0.000000
     s(2P/2P) =  1.000000  <r> =   0.1724  <r2> =    0.0364  r(max) =   0.1335
     s(2P/3P) =  0.000000
     s(2P/4P) =  0.000000
     s(3S/3S) =  1.000000  <r> =   0.5751  <r2> =    0.3812  r(max) =   0.5021
     s(3S/4S) =  0.000000
     s(3P/3P) =  1.000000  <r> =   0.5832  <r2> =    0.3995  r(max) =   0.4959
     s(3P/4P) =  0.000000
     s(3P/3P) =  1.000000  <r> =   0.5939  <r2> =    0.4141  r(max) =   0.5021
     s(3P/4P) = -0.000000
     s(3D/3D) =  1.000000  <r> =   0.6286  <r2> =    0.4949  r(max) =   0.4487
     s(3D/3D) =  1.000000  <r> =   0.6330  <r2> =    0.5019  r(max) =   0.4544
     s(4S/4S) =  1.000000  <r> =   1.7904  <r2> =    3.6920  r(max) =   1.5085
     s(4P/4P) =  1.000000  <r> =   2.2657  <r2> =    6.0785  r(max) =   1.7747
     s(4P/4P) =  1.000000  <r> =   2.3185  <r2> =    6.3692  r(max) =   1.8196

     ------------------------ End of All-electron run ------------------------


     --------------------- Generating US pseudopotential ---------------------


      Generating local pot.: lloc=2, j= 1.50, matching radius rcloc =   1.9000

      Generating local pot.: lloc=2, j= 2.50, matching radius rcloc =   1.9000

      Computing core charge for nlcc: 

       r > 1.42 : true rho core
      Core charge pseudized with two Bessel functions
      Integrated core pseudo-charge :   5.68

     Fully relativistic calculation: |psi|^2

     Wfc 4S LC norm =  0.99990233 SC norm =  0.00009491 missing  0.00000276

     Wfc 4P LC norm =  0.99993782 SC norm =  0.00006188 missing  0.00000030

     Wfc 4P LC norm =  0.99994045 SC norm =  0.00005355 missing  0.00000600
      Wfc-us  4S rcutus= 1.820  Estimated cut-off energy=    14.32 Ry
      Wfc-us  4S rcutus= 1.820  Estimated cut-off energy=    18.35 Ry
      Wfc-us  4P rcutus= 2.011  Estimated cut-off energy=    18.90 Ry
      Wfc-us  4P rcutus= 2.011  Estimated cut-off energy=    18.83 Ry
      Wfc-us  4P rcutus= 2.011  Estimated cut-off energy=    20.82 Ry
      Wfc-us  4P rcutus= 2.011  Estimated cut-off energy=    20.59 Ry

      The bmat matrix
     2.11425     2.10113     0.00000     0.00000     0.00000     0.00000
     1.75336     1.72589     0.00000     0.00000     0.00000     0.00000
     0.00000     0.00000     0.24166     0.00000     0.26768     0.00000
     0.00000     0.00000     0.00000     0.24757     0.00000     0.27118
     0.00000     0.00000     0.21670     0.00000     0.23621     0.00000
     0.00000     0.00000     0.00000     0.22317     0.00000     0.24170

      The bmat + epsilon qq matrix
     2.46774     2.03512     0.00000     0.00000     0.00000     0.00000
     2.03513     1.67308     0.00000     0.00000     0.00000     0.00000
     0.00000     0.00000     0.28062     0.00000     0.24868     0.00000
     0.00000     0.00000     0.00000     0.28271     0.00000     0.25264
     0.00000     0.00000     0.24869     0.00000     0.22058     0.00000
     0.00000     0.00000     0.00000     0.25265     0.00000     0.22612

      The qq matrix
    -0.27606    -0.22006     0.00000     0.00000     0.00000     0.00000
    -0.22006    -0.17602     0.00000     0.00000     0.00000     0.00000
     0.00000     0.00000    -0.07708     0.00000    -0.06330     0.00000
     0.00000     0.00000     0.00000    -0.07367     0.00000    -0.06180
     0.00000     0.00000    -0.06330     0.00000    -0.05211     0.00000
     0.00000     0.00000     0.00000    -0.06180     0.00000    -0.05195

     Q pseudized with Bessel functions
     Expected ecutrho=      94.5966 due to l1=  1   l2=  1

      The ddd matrix
     0.17705     0.08506     0.00000     0.00000     0.00000     0.00000
     0.08506     0.04743     0.00000     0.00000     0.00000     0.00000
     0.00000     0.00000    -0.15152     0.00000    -0.13457     0.00000
     0.00000     0.00000     0.00000    -0.11224     0.00000    -0.10556
     0.00000     0.00000    -0.13457     0.00000    -0.11782     0.00000
     0.00000     0.00000     0.00000    -0.10556     0.00000    -0.09715

     ------------------- End of pseudopotential generation -------------------

     --------------------------- All-electron run ----------------------------

     Se                                                                         
     dirac relativistic calculation

     atomic number is 34.00
     dft =LDA   lsd =0 sic =0 latt =0  beta=0.20 tr2=1.0E-14
     Exchange-correlation= LDA
                           (   1   1   0   0   0   0   0)
     mesh =1211 r(mesh) =  99.34906 a.u. xmin = -7.00 dx = 0.01250
     1 Ry =  13.60569312 eV, c = 137.03599908

     n l j   nl                  e(Ry)          e(Ha)          e(eV)
     Spin orbit split results
     1 0 0.5 1S 1( 2.00)      -917.2206      -458.6103    -12479.4214
     2 0 0.5 2S 1( 2.00)      -117.8835       -58.9417     -1603.8863
     2 1 0.5 2P 1( 2.00)      -105.8582       -52.9291     -1440.2742
     2 1 1.5 2P 1( 4.00)      -102.7950       -51.3975     -1398.5975
     3 0 0.5 3S 1( 2.00)       -15.6173        -7.8087      -212.4842
     3 1 0.5 3P 1( 2.00)       -11.5043        -5.7522      -156.5243
     3 1 1.5 3P 1( 4.00)       -11.0718        -5.5359      -150.6398
     3 2 1.5 3D 1( 4.00)        -3.9545        -1.9773       -53.8040
     3 2 2.5 3D 1( 6.00)        -3.8886        -1.9443       -52.9076
     4 0 0.5 4S 1( 2.00)        -1.2805        -0.6402       -17.4218
     4 1 0.5 4P 1( 2.00)        -0.5054        -0.2527        -6.8766
     4 1 1.5 4P 1( 2.00)        -0.4771        -0.2385        -6.4910
     Averaged results
     1 0     1S 1( 2.00)      -917.2206      -458.6103    -12479.4214
     2 0     2S 1( 2.00)      -117.8835       -58.9417     -1603.8863
     2 1     2P 1( 6.00)      -103.8161       -51.9080     -1412.4897
     3 0     3S 1( 2.00)       -15.6173        -7.8087      -212.4842
     3 1     3P 1( 6.00)       -11.2160        -5.6080      -152.6013
     3 2     3D 1(10.00)        -3.9150        -1.9575       -53.2661
     4 0     4S 1( 2.00)        -1.2805        -0.6402       -17.4218
     4 1     4P 1( 4.00)        -0.4865        -0.2433        -6.6196

     final scf error:  5.9E-15 reached in  26 iterations
 
     Etot =   -4853.887787 Ry,   -2426.943893 Ha,  -66040.507680 eV

     Ekin =    4968.536272 Ry,    2484.268136 Ha,   67600.379783 eV
     Encl =  -11726.661206 Ry,   -5863.330603 Ha, -159549.353721 eV
     Eh   =    2073.586506 Ry,    1036.793253 Ha,   28212.581659 eV
     Exc  =    -169.349358 Ry,     -84.674679 Ha,   -2304.115401 eV


     normalization and overlap integrals

     s(1S/1S) =  1.000000  <r> =   0.0441  <r2> =    0.0026  r(max) =   0.0287
     s(1S/2S) =  0.000000
     s(1S/3S) = -0.000000
     s(1S/4S) =  0.000000
     s(2S/2S) =  1.000000  <r> =   0.1960  <r2> =    0.0454  r(max) =   0.1651
     s(2S/3S) =  0.000000
     s(2S/4S) =  0.000000
     s(2P/2P) =  1.000000  <r> =   0.1686  <r2> =    0.0349  r(max) =   0.1302
     s(2P/3P) =  0.000000
     s(2P/4P) =  0.000000
     s(2P/2P) =  1.000000  <r> =   0.1724  <r2> =    0.0364  r(max) =   0.1335
     s(2P/3P) =  0.000000
     s(2P/4P) =  0.000000
     s(3S/3S) =  1.000000  <r> =   0.5751  <r2> =    0.3812  r(max) =   0.5021
     s(3S/4S) =  0.000000
     s(3P/3P) =  1.000000  <r> =   0.5832  <r2> =    0.3995  r(max) =   0.4959
     s(3P/4P) =  0.000000
     s(3P/3P) =  1.000000  <r> =   0.5939  <r2> =    0.4141  r(max) =   0.5021
     s(3P/4P) = -0.000000
     s(3D/3D) =  1.000000  <r> =   0.6286  <r2> =    0.4949  r(max) =   0.4487
     s(3D/3D) =  1.000000  <r> =   0.6330  <r2> =    0.5019  r(max) =   0.4544
     s(4S/4S) =  1.000000  <r> =   1.7904  <r2> =    3.6920  r(max) =   1.5085
     s(4P/4P) =  1.000000  <r> =   2.2657  <r2> =    6.0785  r(max) =   1.7747
     s(4P/4P) =  1.000000  <r> =   2.3185  <r2> =    6.3692  r(max) =   1.8196

     ------------------------ End of All-electron run ------------------------


     ---------------------- Testing the pseudopotential ----------------------

     Se                                                                         
     dirac relativistic calculation

     atomic number is 34.00   valence charge is  6.00
     dft =LDA   lsd =0 sic =0 latt =0  beta=0.20 tr2=1.0E-14
     mesh =1211 r(mesh) =  99.34906 xmin = -7.00 dx = 0.01250

     n l  j  nl             e AE (Ry)       e PS (Ry)    De AE-PS (Ry) 
     1 0 0.5 4S   1( 2.00)       -1.28048       -1.28048        0.00000
     2 1 0.5 4P   1( 2.00)       -0.50542       -0.50542       -0.00000
     2 1 1.5 4P   1( 2.00)       -0.47708       -0.47709        0.00000

     eps = 2.5E-15  iter =  3
 
     Etot =   -4853.887787 Ry,   -2426.943893 Ha,  -66040.507680 eV
     Etotps =   -27.466958 Ry,     -13.733479 Ha,    -373.706995 eV

     Ekin =       7.231338 Ry,       3.615669 Ha,      98.387362 eV
     Encl =     -36.693939 Ry,     -18.346969 Ha,    -499.246471 eV
     Ehrt =      15.366375 Ry,       7.683188 Ha,     209.070189 eV
     Ecxc =     -13.197321 Ry,      -6.598660 Ha,    -179.558693 eV
     (Ecc =      -8.451699 Ry,      -4.225849 Ha,    -114.991222 eV)
     Epseu=      -0.173411 Ry,      -0.086706 Ha,      -2.359383 eV

     ---------------------- End of pseudopotential test ----------------------

