[0] MPI startup(): I_MPI_SHM_LMT environment variable is not supported.
[0] MPI startup(): Similar variables:
	 I_MPI_SHM_HEAP
	 I_MPI_SHM
	 I_MPI_SHM_OPT
	 I_MPI_SHM_THP
[0] MPI startup(): To check the list of supported variables, use the impi_info utility or refer to https://software.intel.com/en-us/mpi-library/documentation/get-started.

     Program LD1 v.7.3.1 starts on 19Sep2024 at 21:48:16 

     This program is part of the open-source Quantum ESPRESSO suite
     for quantum simulation of materials; please cite
         "P. Giannozzi et al., J. Phys.:Condens. Matter 21 395502 (2009);
         "P. Giannozzi et al., J. Phys.:Condens. Matter 29 465901 (2017);
         "P. Giannozzi et al., J. Chem. Phys. 152 154105 (2020);
          URL http://www.quantum-espresso.org", 
     in publications or presentations arising from this work. More details at
     http://www.quantum-espresso.org/quote

     Parallel version (MPI), running on     1 processors

     MPI processes distributed on     1 nodes
     89643 MiB available memory on the printing compute node when the environment starts
 
     Waiting for input...
     Reading input from standard input
     --------------------------- All-electron run ----------------------------

     Sn                                                                         
     dirac relativistic calculation

     atomic number is 50.00
     dft =LDA   lsd =0 sic =0 latt =0  beta=0.20 tr2=1.0E-14
     Exchange-correlation= LDA
                           (   1   1   0   0   0   0   0)
     mesh =1243 r(mesh) = 100.78374 a.u. xmin = -7.00 dx = 0.01250
     1 Ry =  13.60569312 eV, c = 137.03599908

     n l j   nl                  e(Ry)          e(Ha)          e(eV)
     Spin orbit split results
     1 0 0.5 1S 1( 2.00)     -2128.5734     -1064.2867    -28960.7165
     2 0 0.5 2S 1( 2.00)      -321.2905      -160.6453     -4371.3803
     2 1 0.5 2P 1( 2.00)      -300.2748      -150.1374     -4085.4467
     2 1 1.5 2P 1( 4.00)      -283.3476      -141.6738     -3855.1407
     3 0 0.5 3S 1( 2.00)       -61.9440       -30.9720      -842.7916
     3 1 0.5 3P 1( 2.00)       -53.3947       -26.6973      -726.4713
     3 1 1.5 3P 1( 4.00)       -50.3043       -25.1521      -684.4245
     4 0 0.5 4S 1( 2.00)        -9.7901        -4.8951      -133.2017
     4 1 0.5 4P 1( 2.00)        -6.9417        -3.4708       -94.4463
     4 1 1.5 4P 1( 4.00)        -6.3791        -3.1895       -86.7918
     3 2 1.5 3D 1( 4.00)       -35.1359       -17.5679      -478.0479
     3 2 2.5 3D 1( 6.00)       -34.4972       -17.2486      -469.3588
     4 2 1.5 4D 1( 4.00)        -1.9234        -0.9617       -26.1688
     4 2 2.5 4D 1( 6.00)        -1.8463        -0.9232       -25.1205
     5 0 0.5 5S 1( 2.00)        -0.7775        -0.3887       -10.5778
     5 1 0.5 5P 1( 2.00)        -0.2954        -0.1477        -4.0189
     5 1 1.5 5P 1( 0.00)        -0.2619        -0.1310        -3.5636
     Averaged results
     1 0     1S 1( 2.00)     -2128.5734     -1064.2867    -28960.7165
     2 0     2S 1( 2.00)      -321.2905      -160.6453     -4371.3803
     2 1     2P 1( 6.00)      -288.9900      -144.4950     -3931.9093
     3 0     3S 1( 2.00)       -61.9440       -30.9720      -842.7916
     3 1     3P 1( 6.00)       -51.3344       -25.6672      -698.4401
     4 0     4S 1( 2.00)        -9.7901        -4.8951      -133.2017
     4 1     4P 1( 6.00)        -6.5666        -3.2833       -89.3433
     3 2     3D 1(10.00)       -34.7527       -17.3763      -472.8344
     4 2     4D 1(10.00)        -1.8771        -0.9386       -25.5398
     5 0     5S 1( 2.00)        -0.7775        -0.3887       -10.5778
     5 1     5P 1( 2.00)        -0.2731        -0.1365        -3.7154

     final scf error:  8.2E-15 reached in  32 iterations
 
     Etot =  -12347.369869 Ry,   -6173.684935 Ha, -167994.525315 eV

     Ekin =   12998.483571 Ry,    6499.241786 Ha,  176853.378535 eV
     Encl =  -29984.850386 Ry,  -14992.425193 Ha, -407964.672687 eV
     Eh   =    4958.651811 Ry,    2479.325906 Ha,   67465.894848 eV
     Exc  =    -319.654866 Ry,    -159.827433 Ha,   -4349.126011 eV


     normalization and overlap integrals

     s(1S/1S) =  1.000000  <r> =   0.0291  <r2> =    0.0011  r(max) =   0.0188
     s(1S/2S) = -0.000000
     s(1S/3S) = -0.000000
     s(1S/4S) =  0.000000
     s(1S/5S) =  0.000000
     s(2S/2S) =  1.000000  <r> =   0.1252  <r2> =    0.0185  r(max) =   0.1068
     s(2S/3S) =  0.000000
     s(2S/4S) =  0.000000
     s(2S/5S) =  0.000000
     s(2P/2P) =  1.000000  <r> =   0.1058  <r2> =    0.0138  r(max) =   0.0821
     s(2P/3P) =  0.000000
     s(2P/4P) =  0.000000
     s(2P/5P) =  0.000000
     s(2P/2P) =  1.000000  <r> =   0.1112  <r2> =    0.0151  r(max) =   0.0863
     s(2P/3P) =  0.000000
     s(2P/4P) =  0.000000
     s(2P/5P) =  0.000000
     s(3S/3S) =  1.000000  <r> =   0.3397  <r2> =    0.1321  r(max) =   0.3090
     s(3S/4S) =  0.000000
     s(3S/5S) =  0.000000
     s(3P/3P) =  1.000000  <r> =   0.3303  <r2> =    0.1268  r(max) =   0.2939
     s(3P/4P) =  0.000000
     s(3P/5P) =  0.000000
     s(3P/3P) =  1.000000  <r> =   0.3415  <r2> =    0.1354  r(max) =   0.3051
     s(3P/4P) =  0.000000
     s(3P/5P) =  0.000000
     s(4S/4S) =  1.000000  <r> =   0.8183  <r2> =    0.7587  r(max) =   0.7412
     s(4S/5S) =  0.000000
     s(4P/4P) =  1.000000  <r> =   0.8653  <r2> =    0.8567  r(max) =   0.7695
     s(4P/5P) =  0.000000
     s(4P/4P) =  1.000000  <r> =   0.8956  <r2> =    0.9180  r(max) =   0.7989
     s(4P/5P) = -0.000000
     s(3D/3D) =  1.000000  <r> =   0.3127  <r2> =    0.1162  r(max) =   0.2498
     s(3D/4D) =  0.000000
     s(3D/3D) =  1.000000  <r> =   0.3163  <r2> =    0.1187  r(max) =   0.2530
     s(3D/4D) = -0.000000
     s(4D/4D) =  1.000000  <r> =   1.0930  <r2> =    1.4237  r(max) =   0.8829
     s(4D/4D) =  1.000000  <r> =   1.1082  <r2> =    1.4645  r(max) =   0.8940
     s(5S/5S) =  1.000000  <r> =   2.3928  <r2> =    6.5514  r(max) =   2.0147
     s(5P/5P) =  1.000000  <r> =   3.1389  <r2> =   11.5524  r(max) =   2.4608
     s(5P/5P) =  1.000000  <r> =   3.2992  <r2> =   12.7724  r(max) =   2.5869

     ------------------------ End of All-electron run ------------------------


     --------------------- Generating PAW atomic setup --------------------


      Generating local potential from pseudized AE potential:
      Matching radius rcloc =   2.3000

      Local pseudo, rcloc= 2.312 Estimated cut-off energy=     4.64 Ry

      Computing core charge for nlcc: 

       r > 1.21 : true rho core
       r < 1.21 : rho core = a sin(br)/r    a=   8.13  b=   2.21

      Integrated core pseudo-charge :   5.78

     Fully relativistic calculation: |psi|^2

     Wfc 5S LC norm =  0.99992760 SC norm =  0.00007028 missing  0.00000212
     Speed at rcutus      0.623 a.u.,  v/c =  0.004543,  (v/c)^2 =  0.00002064

     Wfc 5P LC norm =  0.99995910 SC norm =  0.00004073 missing  0.00000017
     Speed at rcutus      0.562 a.u.,  v/c =  0.004099,  (v/c)^2 =  0.00001680

     Wfc 5P LC norm =  0.99996317 SC norm =  0.00003257 missing  0.00000426
     Speed at rcutus      0.556 a.u.,  v/c =  0.004057,  (v/c)^2 =  0.00001646

     Wfc 4D LC norm =  0.99967722 SC norm =  0.00032276 missing  0.00000002
     Speed at rcutus      0.173 a.u.,  v/c =  0.001260,  (v/c)^2 = -0.00000159

     Wfc 4D LC norm =  0.99968479 SC norm =  0.00031505 missing  0.00000016
     Speed at rcutus      0.169 a.u.,  v/c =  0.001232,  (v/c)^2 = -0.00000152
      Wfc-us  5S rcutus= 2.199  Estimated cut-off energy=     9.51 Ry
      Wfc-us  5S rcutus= 2.199  Estimated cut-off energy=    18.44 Ry
      Wfc-us  5P rcutus= 2.492  Estimated cut-off energy=    12.07 Ry
      Wfc-us  5P rcutus= 2.492  Estimated cut-off energy=    11.96 Ry
      Wfc-us  5P rcutus= 2.492  Estimated cut-off energy=    12.02 Ry
      Wfc-us  5P rcutus= 2.492  Estimated cut-off energy=    11.54 Ry
      Wfc-us  4D rcutus= 2.370  Estimated cut-off energy=    22.04 Ry
      Wfc-us  4D rcutus= 2.370  Estimated cut-off energy=    22.00 Ry
      Wfc-us  4D rcutus= 2.370  Estimated cut-off energy=    25.54 Ry
      Wfc-us  4D rcutus= 2.370  Estimated cut-off energy=    25.34 Ry

      The bmat matrix
     1.25486     1.85529     0.00000     0.00000     0.00000     0.00000
     0.00000     0.00000     0.00000     0.00000
     1.19743     1.91102     0.00000     0.00000     0.00000     0.00000
     0.00000     0.00000     0.00000     0.00000
     0.00000     0.00000     0.37488     0.00000     1.41373     0.00000
     0.00000     0.00000     0.00000     0.00000
     0.00000     0.00000     0.00000     0.33558     0.00000     1.39631
     0.00000     0.00000     0.00000     0.00000
     0.00000     0.00000     0.51787     0.00000     2.75917     0.00000
     0.00000     0.00000     0.00000     0.00000
     0.00000     0.00000     0.00000     0.53438     0.00000     3.10953
     0.00000     0.00000     0.00000     0.00000
     0.00000     0.00000     0.00000     0.00000     0.00000     0.00000
    -0.74917     0.00000    -0.56309     0.00000
     0.00000     0.00000     0.00000     0.00000     0.00000     0.00000
     0.00000    -0.76296     0.00000    -0.58083
     0.00000     0.00000     0.00000     0.00000     0.00000     0.00000
     0.75013     0.00000     0.54496     0.00000
     0.00000     0.00000     0.00000     0.00000     0.00000     0.00000
     0.00000     0.73718     0.00000     0.54264

      The bmat + epsilon qq matrix
     1.39566     1.32907     0.00000     0.00000     0.00000     0.00000
     0.00000     0.00000     0.00000     0.00000
     1.32941     1.42760     0.00000     0.00000     0.00000     0.00000
     0.00000     0.00000     0.00000     0.00000
     0.00000     0.00000     0.39385     0.00000     0.55776     0.00000
     0.00000     0.00000     0.00000     0.00000
     0.00000     0.00000     0.00000     0.34890     0.00000     0.56856
     0.00000     0.00000     0.00000     0.00000
     0.00000     0.00000     0.55800     0.00000     0.65513     0.00000
     0.00000     0.00000     0.00000     0.00000
     0.00000     0.00000     0.00000     0.56880     0.00000     0.74549
     0.00000     0.00000     0.00000     0.00000
     0.00000     0.00000     0.00000     0.00000     0.00000     0.00000
    -2.20918     0.00000     0.34375     0.00000
     0.00000     0.00000     0.00000     0.00000     0.00000     0.00000
     0.00000    -2.14125     0.00000     0.34075
     0.00000     0.00000     0.00000     0.00000     0.00000     0.00000
     0.34450     0.00000     0.48555     0.00000
     0.00000     0.00000     0.00000     0.00000     0.00000     0.00000
     0.00000     0.34148     0.00000     0.49424

      The qq matrix
    -0.18111    -0.16975     0.00000     0.00000     0.00000     0.00000
     0.00000     0.00000     0.00000     0.00000
    -0.16975    -0.15594     0.00000     0.00000     0.00000     0.00000
     0.00000     0.00000     0.00000     0.00000
     0.00000     0.00000    -0.06422     0.00000    -0.13587     0.00000
     0.00000     0.00000     0.00000     0.00000
     0.00000     0.00000     0.00000    -0.05087     0.00000    -0.13139
     0.00000     0.00000     0.00000     0.00000
     0.00000     0.00000    -0.13587     0.00000    -0.33398     0.00000
     0.00000     0.00000     0.00000     0.00000
     0.00000     0.00000     0.00000    -0.13139     0.00000    -0.37524
     0.00000     0.00000     0.00000     0.00000
     0.00000     0.00000     0.00000     0.00000     0.00000     0.00000
     0.75909     0.00000     0.21089     0.00000
     0.00000     0.00000     0.00000     0.00000     0.00000     0.00000
     0.00000     0.74650     0.00000     0.21432
     0.00000     0.00000     0.00000     0.00000     0.00000     0.00000
     0.21089     0.00000    -0.01382     0.00000
     0.00000     0.00000     0.00000     0.00000     0.00000     0.00000
     0.00000     0.21432     0.00000    -0.01126


    multipoles (all-electron charge) - (pseudo charge)
        ns l1:ns1 l2    l=0     l=1     l=2     l=3     l=4     l=5  
         1  0:  1  0 -0.1810
         2  0:  1  0 -0.1697
         2  0:  2  0 -0.1558
         3  1:  1  0  0.0000  0.1452
         3  1:  2  0  0.0000  0.1271
         3  1:  3  1 -0.0642  0.0000 -0.1524
         4  1:  1  0  0.0000  0.1347
         4  1:  2  0  0.0000  0.1192
         4  1:  3  1 -0.0575  0.0000 -0.1421
         4  1:  4  1 -0.0508  0.0000 -0.1316
         5  1:  1  0  0.0000  0.2801
         5  1:  2  0  0.0000  0.2685
         5  1:  3  1 -0.1358  0.0000 -0.2161
         5  1:  4  1 -0.1224  0.0000 -0.1994
         5  1:  5  1 -0.3339  0.0000 -0.4143
         6  1:  1  0  0.0000  0.3056
         6  1:  2  0  0.0000  0.2931
         6  1:  3  1 -0.1466  0.0000 -0.2415
         6  1:  4  1 -0.1313  0.0000 -0.2221
         6  1:  5  1 -0.3543  0.0000 -0.4486
         6  1:  6  1 -0.3751  0.0000 -0.4855
         7  2:  1  0  0.0000  0.0000  0.0189
         7  2:  2  0  0.0000  0.0000 -0.0478
         7  2:  3  1  0.0000 -0.0964  0.0000 -0.0545
         7  2:  4  1  0.0000 -0.1091  0.0000 -0.0795
         7  2:  5  1  0.0000 -0.0950  0.0000 -0.0312
         7  2:  6  1  0.0000 -0.1281  0.0000 -0.0764
         7  2:  7  2  0.7594  0.0000  0.7344  0.0000  1.0069
         8  2:  1  0  0.0000  0.0000  0.0212
         8  2:  2  0  0.0000  0.0000 -0.0460
         8  2:  3  1  0.0000 -0.0973  0.0000 -0.0577
         8  2:  4  1  0.0000 -0.1100  0.0000 -0.0825
         8  2:  5  1  0.0000 -0.0972  0.0000 -0.0357
         8  2:  6  1  0.0000 -0.1306  0.0000 -0.0815
         8  2:  7  2  0.7526  0.0000  0.7323  0.0000  1.0084
         8  2:  8  2  0.7468  0.0000  0.7305  0.0000  1.0103
         9  2:  1  0  0.0000  0.0000 -0.1783
         9  2:  2  0  0.0000  0.0000 -0.1555
         9  2:  3  1  0.0000  0.0845  0.0000  0.2069
         9  2:  4  1  0.0000  0.0762  0.0000  0.1932
         9  2:  5  1  0.0000  0.1544  0.0000  0.2765
         9  2:  6  1  0.0000  0.1682  0.0000  0.3124
         9  2:  7  2  0.2110  0.0000  0.1239  0.0000  0.0722
         9  2:  8  2  0.2096  0.0000  0.1252  0.0000  0.0763
         9  2:  9  2 -0.0137  0.0000 -0.1129  0.0000 -0.2843
        10  2:  1  0  0.0000  0.0000 -0.1778
        10  2:  2  0  0.0000  0.0000 -0.1556
        10  2:  3  1  0.0000  0.0836  0.0000  0.2065
        10  2:  4  1  0.0000  0.0751  0.0000  0.1925
        10  2:  5  1  0.0000  0.1525  0.0000  0.2747
        10  2:  6  1  0.0000  0.1659  0.0000  0.3100
        10  2:  7  2  0.2155  0.0000  0.1309  0.0000  0.0838
        10  2:  8  2  0.2144  0.0000  0.1322  0.0000  0.0878
        10  2:  9  2 -0.0126  0.0000 -0.1118  0.0000 -0.2841
        10  2: 10  2 -0.0112  0.0000 -0.1105  0.0000 -0.2835
     Required augmentation: BESSEL   radius:    2.100000
     Suggested rho cutoff for augmentation:  22.13 Ry

     Estimated PAW energy = -431.898508 Ryd

     The PAW screened D coefficients
     1.39560     1.32934     0.00000     0.00000     0.00000     0.00000
     0.00000     0.00000     0.00000     0.00000
     1.32934     1.42794     0.00000     0.00000     0.00000     0.00000
     0.00000     0.00000     0.00000     0.00000
     0.00000     0.00000     0.39383     0.00000     0.55799     0.00000
     0.00000     0.00000     0.00000     0.00000
     0.00000     0.00000     0.00000     0.34889     0.00000     0.56878
     0.00000     0.00000     0.00000     0.00000
     0.00000     0.00000     0.55799     0.00000     0.65578     0.00000
     0.00000     0.00000     0.00000     0.00000
     0.00000     0.00000     0.00000     0.56878     0.00000     0.74615
     0.00000     0.00000     0.00000     0.00000
     0.00000     0.00000     0.00000     0.00000     0.00000     0.00000
    -2.20980     0.00000     0.34427     0.00000
     0.00000     0.00000     0.00000     0.00000     0.00000     0.00000
     0.00000    -2.14183     0.00000     0.34126
     0.00000     0.00000     0.00000     0.00000     0.00000     0.00000
     0.34427     0.00000     0.48591     0.00000
     0.00000     0.00000     0.00000     0.00000     0.00000     0.00000
     0.00000     0.34126     0.00000     0.49458

     The PAW descreened D coefficients (US)
     0.37716     0.41146     0.00000     0.00000     0.00000     0.00000
     0.00000     0.00000     0.00000     0.00000
     0.41146     0.59793     0.00000     0.00000     0.00000     0.00000
     0.00000     0.00000     0.00000     0.00000
     0.00000     0.00000    -0.10557     0.00000    -0.23727     0.00000
     0.00000     0.00000     0.00000     0.00000
     0.00000     0.00000     0.00000    -0.07200     0.00000    -0.22837
     0.00000     0.00000     0.00000     0.00000
     0.00000     0.00000    -0.23727     0.00000    -0.99356     0.00000
     0.00000     0.00000     0.00000     0.00000
     0.00000     0.00000     0.00000    -0.22837     0.00000    -1.15035
     0.00000     0.00000     0.00000     0.00000
     0.00000     0.00000     0.00000     0.00000     0.00000     0.00000
     0.39662     0.00000     0.95917     0.00000
     0.00000     0.00000     0.00000     0.00000     0.00000     0.00000
     0.00000     0.43920     0.00000     0.98004
     0.00000     0.00000     0.00000     0.00000     0.00000     0.00000
     0.95917     0.00000     0.14165     0.00000
     0.00000     0.00000     0.00000     0.00000     0.00000     0.00000
     0.00000     0.98004     0.00000     0.16108

     ------------------- End of pseudopotential generation -------------------

     --------------------------- All-electron run ----------------------------

     Sn                                                                         
     dirac relativistic calculation

     atomic number is 50.00
     dft = SLA  PZ   NOGX NOGC   lsd =0 sic =0 latt =0  beta=0.20 tr2=1.0E-14
     Exchange-correlation=  SLA  PZ   NOGX NOGC
                           (   1   1   0   0   0   0   0)
     mesh =1243 r(mesh) = 100.78374 a.u. xmin = -7.00 dx = 0.01250
     1 Ry =  13.60569312 eV, c = 137.03599908

     n l j   nl                  e(Ry)          e(Ha)          e(eV)
     Spin orbit split results
     1 0 0.5 1S 1( 2.00)     -2128.5734     -1064.2867    -28960.7165
     2 0 0.5 2S 1( 2.00)      -321.2905      -160.6453     -4371.3803
     2 1 0.5 2P 1( 2.00)      -300.2748      -150.1374     -4085.4467
     2 1 1.5 2P 1( 4.00)      -283.3476      -141.6738     -3855.1407
     3 0 0.5 3S 1( 2.00)       -61.9440       -30.9720      -842.7916
     3 1 0.5 3P 1( 2.00)       -53.3947       -26.6973      -726.4713
     3 1 1.5 3P 1( 4.00)       -50.3043       -25.1521      -684.4245
     4 0 0.5 4S 1( 2.00)        -9.7901        -4.8951      -133.2017
     4 1 0.5 4P 1( 2.00)        -6.9417        -3.4708       -94.4463
     4 1 1.5 4P 1( 4.00)        -6.3791        -3.1895       -86.7918
     3 2 1.5 3D 1( 4.00)       -35.1359       -17.5679      -478.0479
     3 2 2.5 3D 1( 6.00)       -34.4972       -17.2486      -469.3588
     4 2 1.5 4D 1( 4.00)        -1.9234        -0.9617       -26.1688
     4 2 2.5 4D 1( 6.00)        -1.8463        -0.9232       -25.1205
     5 0 0.5 5S 1( 2.00)        -0.7775        -0.3887       -10.5778
     5 1 0.5 5P 1( 2.00)        -0.2954        -0.1477        -4.0189
     5 1 1.5 5P 1( 0.00)        -0.2619        -0.1310        -3.5636
     Averaged results
     1 0     1S 1( 2.00)     -2128.5734     -1064.2867    -28960.7165
     2 0     2S 1( 2.00)      -321.2905      -160.6453     -4371.3803
     2 1     2P 1( 6.00)      -288.9900      -144.4950     -3931.9093
     3 0     3S 1( 2.00)       -61.9440       -30.9720      -842.7916
     3 1     3P 1( 6.00)       -51.3344       -25.6672      -698.4401
     4 0     4S 1( 2.00)        -9.7901        -4.8951      -133.2017
     4 1     4P 1( 6.00)        -6.5666        -3.2833       -89.3433
     3 2     3D 1(10.00)       -34.7527       -17.3763      -472.8344
     4 2     4D 1(10.00)        -1.8771        -0.9386       -25.5398
     5 0     5S 1( 2.00)        -0.7775        -0.3887       -10.5778
     5 1     5P 1( 2.00)        -0.2731        -0.1365        -3.7154

     final scf error:  8.2E-15 reached in  32 iterations
 
     Etot =  -12347.369869 Ry,   -6173.684935 Ha, -167994.525315 eV

     Ekin =   12998.483571 Ry,    6499.241786 Ha,  176853.378535 eV
     Encl =  -29984.850386 Ry,  -14992.425193 Ha, -407964.672687 eV
     Eh   =    4958.651811 Ry,    2479.325906 Ha,   67465.894848 eV
     Exc  =    -319.654866 Ry,    -159.827433 Ha,   -4349.126011 eV


     normalization and overlap integrals

     s(1S/1S) =  1.000000  <r> =   0.0291  <r2> =    0.0011  r(max) =   0.0188
     s(1S/2S) = -0.000000
     s(1S/3S) = -0.000000
     s(1S/4S) =  0.000000
     s(1S/5S) =  0.000000
     s(2S/2S) =  1.000000  <r> =   0.1252  <r2> =    0.0185  r(max) =   0.1068
     s(2S/3S) =  0.000000
     s(2S/4S) =  0.000000
     s(2S/5S) =  0.000000
     s(2P/2P) =  1.000000  <r> =   0.1058  <r2> =    0.0138  r(max) =   0.0821
     s(2P/3P) =  0.000000
     s(2P/4P) =  0.000000
     s(2P/5P) =  0.000000
     s(2P/2P) =  1.000000  <r> =   0.1112  <r2> =    0.0151  r(max) =   0.0863
     s(2P/3P) =  0.000000
     s(2P/4P) =  0.000000
     s(2P/5P) =  0.000000
     s(3S/3S) =  1.000000  <r> =   0.3397  <r2> =    0.1321  r(max) =   0.3090
     s(3S/4S) =  0.000000
     s(3S/5S) =  0.000000
     s(3P/3P) =  1.000000  <r> =   0.3303  <r2> =    0.1268  r(max) =   0.2939
     s(3P/4P) =  0.000000
     s(3P/5P) =  0.000000
     s(3P/3P) =  1.000000  <r> =   0.3415  <r2> =    0.1354  r(max) =   0.3051
     s(3P/4P) =  0.000000
     s(3P/5P) =  0.000000
     s(4S/4S) =  1.000000  <r> =   0.8183  <r2> =    0.7587  r(max) =   0.7412
     s(4S/5S) =  0.000000
     s(4P/4P) =  1.000000  <r> =   0.8653  <r2> =    0.8567  r(max) =   0.7695
     s(4P/5P) =  0.000000
     s(4P/4P) =  1.000000  <r> =   0.8956  <r2> =    0.9180  r(max) =   0.7989
     s(4P/5P) = -0.000000
     s(3D/3D) =  1.000000  <r> =   0.3127  <r2> =    0.1162  r(max) =   0.2498
     s(3D/4D) =  0.000000
     s(3D/3D) =  1.000000  <r> =   0.3163  <r2> =    0.1187  r(max) =   0.2530
     s(3D/4D) = -0.000000
     s(4D/4D) =  1.000000  <r> =   1.0930  <r2> =    1.4237  r(max) =   0.8829
     s(4D/4D) =  1.000000  <r> =   1.1082  <r2> =    1.4645  r(max) =   0.8940
     s(5S/5S) =  1.000000  <r> =   2.3928  <r2> =    6.5514  r(max) =   2.0147
     s(5P/5P) =  1.000000  <r> =   3.1389  <r2> =   11.5524  r(max) =   2.4608
     s(5P/5P) =  1.000000  <r> =   3.2992  <r2> =   12.7724  r(max) =   2.5869

     ------------------------ End of All-electron run ------------------------


     ---------------------- Testing the pseudopotential ----------------------

     Sn                                                                         
     dirac relativistic calculation

     atomic number is 50.00   valence charge is 14.00
     dft = SLA  PZ   NOGX NOGC   lsd =0 sic =0 latt =0  beta=0.20 tr2=1.0E-14
     mesh =1243 r(mesh) = 100.78374 xmin = -7.00 dx = 0.01250

     n l  j  nl             e AE (Ry)       e PS (Ry)    De AE-PS (Ry) 
     1 0 0.5 5S   1( 2.00)       -0.77746       -0.77746        0.00000
     2 1 0.5 5P   1( 2.00)       -0.29538       -0.29538       -0.00000
     2 1 1.5 5P   1( 0.00)       -0.26192       -0.26192        0.00000
     3 2 1.5 4D   1( 4.00)       -1.92337       -1.92337       -0.00000
     3 2 2.5 4D   1( 6.00)       -1.84632       -1.84632        0.00000

     eps = 9.3E-15  iter =  2
 
     Etot =  -12347.369869 Ry,   -6173.684935 Ha, -167994.525315 eV
     Etotps =  -431.898508 Ry,    -215.949254 Ha,   -5876.278559 eV

     Ekin =     258.310110 Ry,     129.155055 Ha,    3514.488087 eV
     Encl =    -491.727277 Ry,    -245.863638 Ha,   -6690.290431 eV
     Ehrt =     121.173530 Ry,      60.586765 Ha,    1648.649864 eV
     Ecxc =    -319.654871 Ry,    -159.827435 Ha,   -4349.126079 eV
     (Ecc =      -7.716068 Ry,      -3.858034 Ha,    -104.982450 eV)

     ---------------------- End of pseudopotential test ----------------------

