[0] MPI startup(): I_MPI_SHM_LMT environment variable is not supported.
[0] MPI startup(): Similar variables:
	 I_MPI_SHM_HEAP
	 I_MPI_SHM
	 I_MPI_SHM_OPT
	 I_MPI_SHM_THP
[0] MPI startup(): To check the list of supported variables, use the impi_info utility or refer to https://software.intel.com/en-us/mpi-library/documentation/get-started.

     Program LD1 v.7.3.1 starts on 19Sep2024 at 21:48:19 

     This program is part of the open-source Quantum ESPRESSO suite
     for quantum simulation of materials; please cite
         "P. Giannozzi et al., J. Phys.:Condens. Matter 21 395502 (2009);
         "P. Giannozzi et al., J. Phys.:Condens. Matter 29 465901 (2017);
         "P. Giannozzi et al., J. Chem. Phys. 152 154105 (2020);
          URL http://www.quantum-espresso.org", 
     in publications or presentations arising from this work. More details at
     http://www.quantum-espresso.org/quote

     Parallel version (MPI), running on     1 processors

     MPI processes distributed on     1 nodes
     89630 MiB available memory on the printing compute node when the environment starts
 
     Waiting for input...
     Reading input from standard input
     --------------------------- All-electron run ----------------------------

     Sr                                                                         
     dirac relativistic calculation

     atomic number is 38.00
     dft =LDA   lsd =0 sic =0 latt =0  beta=0.20 tr2=1.0E-14
     Exchange-correlation= LDA
                           (   1   1   0   0   0   0   0)
     mesh =1221 r(mesh) = 100.72700 a.u. xmin = -7.00 dx = 0.01250
     1 Ry =  13.60569312 eV, c = 137.03599908

     n l j   nl                  e(Ry)          e(Ha)          e(eV)
     Spin orbit split results
     1 0 0.5 1S 1( 2.00)     -1169.1054      -584.5527    -15906.4899
     2 0 0.5 2S 1( 2.00)      -158.3120       -79.1560     -2153.9442
     2 1 0.5 2P 1( 2.00)      -144.1913       -72.0957     -1961.8231
     2 1 1.5 2P 1( 4.00)      -139.1727       -69.5863     -1893.5410
     3 0 0.5 3S 1( 2.00)       -24.4410       -12.2205      -332.5366
     3 1 0.5 3P 1( 2.00)       -19.3115        -9.6557      -262.7459
     3 1 1.5 3P 1( 4.00)       -18.5404        -9.2702      -252.2549
     4 0 0.5 4S 1( 2.00)        -3.0057        -1.5028       -40.8943
     4 1 0.5 4P 1( 2.00)        -1.7382        -0.8691       -23.6501
     4 1 1.5 4P 1( 4.00)        -1.6514        -0.8257       -22.4691
     3 2 1.5 3D 1( 4.00)        -9.4999        -4.7499      -129.2523
     3 2 2.5 3D 1( 6.00)        -9.3652        -4.6826      -127.4199
     4 2 1.5 4D 1( 0.00)        -0.1055        -0.0527        -1.4347
     4 2 2.5 4D 1( 0.00)        -0.1020        -0.0510        -1.3872
     5 0 0.5 5S 1( 2.00)        -0.2679        -0.1340        -3.6452
     5 1 0.5 5P 1( 0.00)        -0.1004        -0.0502        -1.3666
     5 1 1.5 5P 1( 0.00)        -0.0955        -0.0477        -1.2987
     Averaged results
     1 0     1S 1( 2.00)     -1169.1054      -584.5527    -15906.4899
     2 0     2S 1( 2.00)      -158.3120       -79.1560     -2153.9442
     2 1     2P 1( 6.00)      -140.8456       -70.4228     -1916.3017
     3 0     3S 1( 2.00)       -24.4410       -12.2205      -332.5366
     3 1     3P 1( 6.00)       -18.7974        -9.3987      -255.7519
     4 0     4S 1( 2.00)        -3.0057        -1.5028       -40.8943
     4 1     4P 1( 6.00)        -1.6804        -0.8402       -22.8627
     3 2     3D 1(10.00)        -9.4191        -4.7095      -128.1529
     4 2     4D 1( 0.00)        -0.1034        -0.0517        -1.4062
     5 0     5S 1( 2.00)        -0.2679        -0.1340        -3.6452
     5 1     5P 1( 0.00)        -0.0971        -0.0486        -1.3214

     final scf error:  4.3E-15 reached in  31 iterations
 
     Etot =   -6352.237179 Ry,   -3176.118589 Ha,  -86426.589696 eV

     Ekin =    6541.346140 Ry,    3270.673070 Ha,   88999.548194 eV
     Encl =  -15336.673978 Ry,   -7668.336989 Ha, -208666.079667 eV
     Eh   =    2645.770760 Ry,    1322.885380 Ha,   35997.545037 eV
     Exc  =    -202.680101 Ry,    -101.340051 Ha,   -2757.603261 eV


     normalization and overlap integrals

     s(1S/1S) =  1.000000  <r> =   0.0392  <r2> =    0.0021  r(max) =   0.0257
     s(1S/2S) =  0.000000
     s(1S/3S) = -0.000000
     s(1S/4S) =  0.000000
     s(1S/5S) =  0.000000
     s(2S/2S) =  1.000000  <r> =   0.1724  <r2> =    0.0351  r(max) =   0.1459
     s(2S/3S) =  0.000000
     s(2S/4S) =  0.000000
     s(2S/5S) =  0.000000
     s(2P/2P) =  1.000000  <r> =   0.1476  <r2> =    0.0267  r(max) =   0.1136
     s(2P/3P) =  0.000000
     s(2P/4P) =  0.000000
     s(2P/5P) =  0.000000
     s(2P/2P) =  1.000000  <r> =   0.1518  <r2> =    0.0281  r(max) =   0.1165
     s(2P/3P) =  0.000000
     s(2P/4P) =  0.000000
     s(2P/5P) =  0.000000
     s(3S/3S) =  1.000000  <r> =   0.4929  <r2> =    0.2791  r(max) =   0.4382
     s(3S/4S) =  0.000000
     s(3S/5S) =  0.000000
     s(3P/3P) =  1.000000  <r> =   0.4920  <r2> =    0.2830  r(max) =   0.4274
     s(3P/4P) =  0.000000
     s(3P/5P) =  0.000000
     s(3P/3P) =  1.000000  <r> =   0.5026  <r2> =    0.2950  r(max) =   0.4328
     s(3P/4P) =  0.000000
     s(3P/5P) =  0.000000
     s(4S/4S) =  1.000000  <r> =   1.3559  <r2> =    2.0932  r(max) =   1.1911
     s(4S/5S) =  0.000000
     s(4P/4P) =  1.000000  <r> =   1.5460  <r2> =    2.7612  r(max) =   1.3001
     s(4P/5P) =  0.000000
     s(4P/4P) =  1.000000  <r> =   1.5812  <r2> =    2.8895  r(max) =   1.3330
     s(4P/5P) = -0.000000
     s(3D/3D) =  1.000000  <r> =   0.4965  <r2> =    0.3008  r(max) =   0.3725
     s(3D/4D) =  0.000000
     s(3D/3D) =  1.000000  <r> =   0.5002  <r2> =    0.3051  r(max) =   0.3772
     s(3D/4D) = -0.000000
     s(4D/4D) =  1.000000  <r> =   3.4282  <r2> =   15.2031  r(max) =   2.1434
     s(4D/4D) =  1.000000  <r> =   3.4758  <r2> =   15.6295  r(max) =   2.1704
     s(5S/5S) =  1.000000  <r> =   4.2715  <r2> =   20.8207  r(max) =   3.6234
     s(5P/5P) =  1.000000  <r> =   5.7617  <r2> =   38.2298  r(max) =   4.7703
     s(5P/5P) =  1.000000  <r> =   5.8782  <r2> =   39.7791  r(max) =   4.8911

     ------------------------ End of All-electron run ------------------------


     --------------------- Generating US pseudopotential ---------------------


      Generating local potential from pseudized AE potential:
      Matching radius rcloc =   2.3000

      Local pseudo, rcloc= 2.310 Estimated cut-off energy=     4.63 Ry

      Computing core charge for nlcc: 

       r > 1.21 : true rho core
      Core charge pseudized with two Bessel functions
      Integrated core pseudo-charge :   4.77

     Fully relativistic calculation: |psi|^2

     Wfc 4S LC norm =  0.99981534 SC norm =  0.00018416 missing  0.00000050

     Wfc 5S LC norm =  0.99997950 SC norm =  0.00001875 missing  0.00000175

     Wfc 4P LC norm =  0.99985600 SC norm =  0.00014366 missing  0.00000035

     Wfc 4P LC norm =  0.99986160 SC norm =  0.00013661 missing  0.00000179

     Wfc 5P LC norm =  0.99998888 SC norm =  0.00000969 missing  0.00000143

     Wfc 5P LC norm =  0.99998926 SC norm =  0.00000854 missing  0.00000221
      Wfc-us  4S rcutus= 1.712  Estimated cut-off energy=    17.36 Ry
      Wfc-us  5S rcutus= 1.712  Estimated cut-off energy=    29.00 Ry
      Wfc-us  4P rcutus= 1.799  Estimated cut-off energy=    24.73 Ry
      Wfc-us  4P rcutus= 1.799  Estimated cut-off energy=    24.62 Ry
      Wfc-us  5P rcutus= 1.799  Estimated cut-off energy=    32.30 Ry
      Wfc-us  5P rcutus= 1.799  Estimated cut-off energy=    31.16 Ry
      Wfc-us  4D rcutus= 2.091  Estimated cut-off energy=    25.73 Ry
      Wfc-us  4D rcutus= 2.091  Estimated cut-off energy=    25.70 Ry
      Wfc-us  4D rcutus= 2.091  Estimated cut-off energy=    26.20 Ry
      Wfc-us  4D rcutus= 2.091  Estimated cut-off energy=    26.16 Ry

      The bmat matrix
     0.93131     0.71737     0.00000     0.00000     0.00000     0.00000
     0.00000     0.00000     0.00000     0.00000
     0.25915     0.20683     0.00000     0.00000     0.00000     0.00000
     0.00000     0.00000     0.00000     0.00000
     0.00000     0.00000    -0.47465     0.00000    -0.05837     0.00000
     0.00000     0.00000     0.00000     0.00000
     0.00000     0.00000     0.00000    -0.35830     0.00000    -0.03460
     0.00000     0.00000     0.00000     0.00000
     0.00000     0.00000    -0.10999     0.00000    -0.01389     0.00000
     0.00000     0.00000     0.00000     0.00000
     0.00000     0.00000     0.00000    -0.08453     0.00000    -0.00842
     0.00000     0.00000     0.00000     0.00000
     0.00000     0.00000     0.00000     0.00000     0.00000     0.00000
    -0.10975     0.00000    -0.11375     0.00000
     0.00000     0.00000     0.00000     0.00000     0.00000     0.00000
     0.00000    -0.10554     0.00000    -0.10932
     0.00000     0.00000     0.00000     0.00000     0.00000     0.00000
    -0.11275     0.00000    -0.11675     0.00000
     0.00000     0.00000     0.00000     0.00000     0.00000     0.00000
     0.00000    -0.10848     0.00000    -0.11226

      The bmat + epsilon qq matrix
     2.63627     0.76221     0.00000     0.00000     0.00000     0.00000
     0.00000     0.00000     0.00000     0.00000
     0.76221     0.22026     0.00000     0.00000     0.00000     0.00000
     0.00000     0.00000     0.00000     0.00000
     0.00000     0.00000    -0.24248     0.00000    -0.05520     0.00000
     0.00000     0.00000     0.00000     0.00000
     0.00000     0.00000     0.00000    -0.13201     0.00000    -0.03154
     0.00000     0.00000     0.00000     0.00000
     0.00000     0.00000    -0.05520     0.00000    -0.01313     0.00000
     0.00000     0.00000     0.00000     0.00000
     0.00000     0.00000     0.00000    -0.03154     0.00000    -0.00770
     0.00000     0.00000     0.00000     0.00000
     0.00000     0.00000     0.00000     0.00000     0.00000     0.00000
    -0.10934     0.00000    -0.11225     0.00000
     0.00000     0.00000     0.00000     0.00000     0.00000     0.00000
     0.00000    -0.10521     0.00000    -0.10806
     0.00000     0.00000     0.00000     0.00000     0.00000     0.00000
    -0.11225     0.00000    -0.11497     0.00000
     0.00000     0.00000     0.00000     0.00000     0.00000     0.00000
     0.00000    -0.10806     0.00000    -0.11072

      The qq matrix
    -0.56725    -0.16737     0.00000     0.00000     0.00000     0.00000
     0.00000     0.00000     0.00000     0.00000
    -0.16737    -0.05010     0.00000     0.00000     0.00000     0.00000
     0.00000     0.00000     0.00000     0.00000
     0.00000     0.00000    -0.13357     0.00000    -0.03152     0.00000
     0.00000     0.00000     0.00000     0.00000
     0.00000     0.00000     0.00000    -0.13702     0.00000    -0.03209
     0.00000     0.00000     0.00000     0.00000
     0.00000     0.00000    -0.03152     0.00000    -0.00754     0.00000
     0.00000     0.00000     0.00000     0.00000
     0.00000     0.00000     0.00000    -0.03209     0.00000    -0.00760
     0.00000     0.00000     0.00000     0.00000
     0.00000     0.00000     0.00000     0.00000     0.00000     0.00000
     0.00410     0.00000     0.00500     0.00000
     0.00000     0.00000     0.00000     0.00000     0.00000     0.00000
     0.00000     0.00336     0.00000     0.00422
     0.00000     0.00000     0.00000     0.00000     0.00000     0.00000
     0.00500     0.00000     0.00595     0.00000
     0.00000     0.00000     0.00000     0.00000     0.00000     0.00000
     0.00000     0.00422     0.00000     0.00513

     Q pseudized with Bessel functions
     Expected ecutrho=     395.6516 due to l1=  2   l2=  2

      The ddd matrix
    -1.07036    -0.34981     0.00000     0.00000     0.00000     0.00000
     0.00000     0.00000     0.00000     0.00000
    -0.34981    -0.11706     0.00000     0.00000     0.00000     0.00000
     0.00000     0.00000     0.00000     0.00000
     0.00000     0.00000    -1.01053     0.00000    -0.24068     0.00000
     0.00000     0.00000     0.00000     0.00000
     0.00000     0.00000     0.00000    -0.91158     0.00000    -0.21797
     0.00000     0.00000     0.00000     0.00000
     0.00000     0.00000    -0.24068     0.00000    -0.05839     0.00000
     0.00000     0.00000     0.00000     0.00000
     0.00000     0.00000     0.00000    -0.21797     0.00000    -0.05266
     0.00000     0.00000     0.00000     0.00000
     0.00000     0.00000     0.00000     0.00000     0.00000     0.00000
    -0.06029     0.00000    -0.05767     0.00000
     0.00000     0.00000     0.00000     0.00000     0.00000     0.00000
     0.00000    -0.05983     0.00000    -0.05753
     0.00000     0.00000     0.00000     0.00000     0.00000     0.00000
    -0.05767     0.00000    -0.05432     0.00000
     0.00000     0.00000     0.00000     0.00000     0.00000     0.00000
     0.00000    -0.05753     0.00000    -0.05466

     ------------------- End of pseudopotential generation -------------------

     --------------------------- All-electron run ----------------------------

     Sr                                                                         
     dirac relativistic calculation

     atomic number is 38.00
     dft =LDA   lsd =0 sic =0 latt =0  beta=0.20 tr2=1.0E-14
     Exchange-correlation= LDA
                           (   1   1   0   0   0   0   0)
     mesh =1221 r(mesh) = 100.72700 a.u. xmin = -7.00 dx = 0.01250
     1 Ry =  13.60569312 eV, c = 137.03599908

     n l j   nl                  e(Ry)          e(Ha)          e(eV)
     Spin orbit split results
     1 0 0.5 1S 1( 2.00)     -1169.1054      -584.5527    -15906.4899
     2 0 0.5 2S 1( 2.00)      -158.3120       -79.1560     -2153.9442
     2 1 0.5 2P 1( 2.00)      -144.1913       -72.0957     -1961.8231
     2 1 1.5 2P 1( 4.00)      -139.1727       -69.5863     -1893.5410
     3 0 0.5 3S 1( 2.00)       -24.4410       -12.2205      -332.5366
     3 1 0.5 3P 1( 2.00)       -19.3115        -9.6557      -262.7459
     3 1 1.5 3P 1( 4.00)       -18.5404        -9.2702      -252.2549
     4 0 0.5 4S 1( 2.00)        -3.0057        -1.5028       -40.8943
     4 1 0.5 4P 1( 2.00)        -1.7382        -0.8691       -23.6501
     4 1 1.5 4P 1( 4.00)        -1.6514        -0.8257       -22.4691
     3 2 1.5 3D 1( 4.00)        -9.4999        -4.7499      -129.2523
     3 2 2.5 3D 1( 6.00)        -9.3652        -4.6826      -127.4199
     4 2 1.5 4D 1( 0.00)        -0.1055        -0.0527        -1.4347
     4 2 2.5 4D 1( 0.00)        -0.1020        -0.0510        -1.3872
     5 0 0.5 5S 1( 2.00)        -0.2679        -0.1340        -3.6452
     5 1 0.5 5P 1( 0.00)        -0.1004        -0.0502        -1.3666
     5 1 1.5 5P 1( 0.00)        -0.0955        -0.0477        -1.2987
     Averaged results
     1 0     1S 1( 2.00)     -1169.1054      -584.5527    -15906.4899
     2 0     2S 1( 2.00)      -158.3120       -79.1560     -2153.9442
     2 1     2P 1( 6.00)      -140.8456       -70.4228     -1916.3017
     3 0     3S 1( 2.00)       -24.4410       -12.2205      -332.5366
     3 1     3P 1( 6.00)       -18.7974        -9.3987      -255.7519
     4 0     4S 1( 2.00)        -3.0057        -1.5028       -40.8943
     4 1     4P 1( 6.00)        -1.6804        -0.8402       -22.8627
     3 2     3D 1(10.00)        -9.4191        -4.7095      -128.1529
     4 2     4D 1( 0.00)        -0.1034        -0.0517        -1.4062
     5 0     5S 1( 2.00)        -0.2679        -0.1340        -3.6452
     5 1     5P 1( 0.00)        -0.0971        -0.0486        -1.3214

     final scf error:  4.3E-15 reached in  31 iterations
 
     Etot =   -6352.237179 Ry,   -3176.118589 Ha,  -86426.589696 eV

     Ekin =    6541.346140 Ry,    3270.673070 Ha,   88999.548194 eV
     Encl =  -15336.673978 Ry,   -7668.336989 Ha, -208666.079667 eV
     Eh   =    2645.770760 Ry,    1322.885380 Ha,   35997.545037 eV
     Exc  =    -202.680101 Ry,    -101.340051 Ha,   -2757.603261 eV


     normalization and overlap integrals

     s(1S/1S) =  1.000000  <r> =   0.0392  <r2> =    0.0021  r(max) =   0.0257
     s(1S/2S) =  0.000000
     s(1S/3S) = -0.000000
     s(1S/4S) =  0.000000
     s(1S/5S) =  0.000000
     s(2S/2S) =  1.000000  <r> =   0.1724  <r2> =    0.0351  r(max) =   0.1459
     s(2S/3S) =  0.000000
     s(2S/4S) =  0.000000
     s(2S/5S) =  0.000000
     s(2P/2P) =  1.000000  <r> =   0.1476  <r2> =    0.0267  r(max) =   0.1136
     s(2P/3P) =  0.000000
     s(2P/4P) =  0.000000
     s(2P/5P) =  0.000000
     s(2P/2P) =  1.000000  <r> =   0.1518  <r2> =    0.0281  r(max) =   0.1165
     s(2P/3P) =  0.000000
     s(2P/4P) =  0.000000
     s(2P/5P) =  0.000000
     s(3S/3S) =  1.000000  <r> =   0.4929  <r2> =    0.2791  r(max) =   0.4382
     s(3S/4S) =  0.000000
     s(3S/5S) =  0.000000
     s(3P/3P) =  1.000000  <r> =   0.4920  <r2> =    0.2830  r(max) =   0.4274
     s(3P/4P) =  0.000000
     s(3P/5P) =  0.000000
     s(3P/3P) =  1.000000  <r> =   0.5026  <r2> =    0.2950  r(max) =   0.4328
     s(3P/4P) =  0.000000
     s(3P/5P) =  0.000000
     s(4S/4S) =  1.000000  <r> =   1.3559  <r2> =    2.0932  r(max) =   1.1911
     s(4S/5S) =  0.000000
     s(4P/4P) =  1.000000  <r> =   1.5460  <r2> =    2.7612  r(max) =   1.3001
     s(4P/5P) =  0.000000
     s(4P/4P) =  1.000000  <r> =   1.5812  <r2> =    2.8895  r(max) =   1.3330
     s(4P/5P) = -0.000000
     s(3D/3D) =  1.000000  <r> =   0.4965  <r2> =    0.3008  r(max) =   0.3725
     s(3D/4D) =  0.000000
     s(3D/3D) =  1.000000  <r> =   0.5002  <r2> =    0.3051  r(max) =   0.3772
     s(3D/4D) = -0.000000
     s(4D/4D) =  1.000000  <r> =   3.4282  <r2> =   15.2031  r(max) =   2.1434
     s(4D/4D) =  1.000000  <r> =   3.4758  <r2> =   15.6295  r(max) =   2.1704
     s(5S/5S) =  1.000000  <r> =   4.2715  <r2> =   20.8207  r(max) =   3.6234
     s(5P/5P) =  1.000000  <r> =   5.7617  <r2> =   38.2298  r(max) =   4.7703
     s(5P/5P) =  1.000000  <r> =   5.8782  <r2> =   39.7791  r(max) =   4.8911

     ------------------------ End of All-electron run ------------------------


     ---------------------- Testing the pseudopotential ----------------------

     Sr                                                                         
     dirac relativistic calculation

     atomic number is 38.00   valence charge is 10.00
     dft =LDA   lsd =0 sic =0 latt =0  beta=0.20 tr2=1.0E-14
     mesh =1221 r(mesh) = 100.72700 xmin = -7.00 dx = 0.01250

     n l  j  nl             e AE (Ry)       e PS (Ry)    De AE-PS (Ry) 
     1 0 0.5 4S   1( 2.00)       -3.00567       -3.00567       -0.00000
     2 0 0.5 5S   1( 2.00)       -0.26792       -0.26792       -0.00000
     2 1 0.5 4P   1( 2.00)       -1.73825       -1.73825        0.00000
     2 1 1.5 4P   1( 4.00)       -1.65145       -1.65145        0.00000
     3 1 0.5 5P   1( 0.00)       -0.10045       -0.10044       -0.00000
     3 1 1.5 5P   1( 0.00)       -0.09545       -0.09545       -0.00000

     eps = 3.7E-15  iter =  3
 
     Etot =   -6352.237179 Ry,   -3176.118589 Ha,  -86426.589696 eV
     Etotps =   -70.282794 Ry,     -35.141397 Ha,    -956.246121 eV

     Ekin =      23.389669 Ry,      11.694834 Ha,     318.232658 eV
     Encl =    -115.004589 Ry,     -57.502295 Ha,   -1564.717150 eV
     Ehrt =      47.528914 Ry,      23.764457 Ha,     646.663822 eV
     Ecxc =     -18.154576 Ry,      -9.077288 Ha,    -247.005587 eV
     (Ecc =      -8.169460 Ry,      -4.084730 Ha,    -111.151167 eV)
     Epseu=      -8.042212 Ry,      -4.021106 Ha,    -109.419864 eV

     ---------------------- End of pseudopotential test ----------------------

