[0] MPI startup(): I_MPI_SHM_LMT environment variable is not supported.
[0] MPI startup(): Similar variables:
	 I_MPI_SHM_HEAP
	 I_MPI_SHM
	 I_MPI_SHM_OPT
	 I_MPI_SHM_THP
[0] MPI startup(): To check the list of supported variables, use the impi_info utility or refer to https://software.intel.com/en-us/mpi-library/documentation/get-started.

     Program LD1 v.7.3.1 starts on 19Sep2024 at 21:48:20 

     This program is part of the open-source Quantum ESPRESSO suite
     for quantum simulation of materials; please cite
         "P. Giannozzi et al., J. Phys.:Condens. Matter 21 395502 (2009);
         "P. Giannozzi et al., J. Phys.:Condens. Matter 29 465901 (2017);
         "P. Giannozzi et al., J. Chem. Phys. 152 154105 (2020);
          URL http://www.quantum-espresso.org", 
     in publications or presentations arising from this work. More details at
     http://www.quantum-espresso.org/quote

     Parallel version (MPI), running on     1 processors

     MPI processes distributed on     1 nodes
     89623 MiB available memory on the printing compute node when the environment starts
 
     Waiting for input...
     Reading input from standard input
     --------------------------- All-electron run ----------------------------

     Ta                                                                         
     dirac relativistic calculation

     atomic number is 73.00
     dft =LDA   lsd =0 sic =0 latt =0  beta=0.20 tr2=1.0E-14
     Exchange-correlation= LDA
                           (   1   1   0   0   0   0   0)
     mesh =1273 r(mesh) = 100.43799 a.u. xmin = -7.00 dx = 0.01250
     1 Ry =  13.60569312 eV, c = 137.03599908

     n l j   nl                  e(Ry)          e(Ha)          e(eV)
     Spin orbit split results
     1 0 0.5 1S 1( 2.00)     -4940.7115     -2470.3557    -67221.8038
     2 0 0.5 2S 1( 2.00)      -848.3650      -424.1825    -11542.5936
     2 1 0.5 2P 1( 2.00)      -810.9857      -405.4928    -11034.0221
     2 1 1.5 2P 1( 4.00)      -717.7226      -358.8613     -9765.1137
     3 0 0.5 3S 1( 2.00)      -194.2713       -97.1356     -2643.1957
     3 1 0.5 3P 1( 2.00)      -177.6348       -88.8174     -2416.8448
     3 1 1.5 3P 1( 4.00)      -157.5625       -78.7813     -2143.7471
     4 0 0.5 4S 1( 2.00)       -39.5321       -19.7660      -537.8615
     4 1 0.5 4P 1( 2.00)       -32.6776       -16.3388      -444.6016
     4 1 1.5 4P 1( 4.00)       -28.0384       -14.0192      -381.4821
     3 2 1.5 3D 1( 4.00)      -129.3952       -64.6976     -1760.5108
     3 2 2.5 3D 1( 6.00)      -125.0198       -62.5099     -1700.9804
     5 0 0.5 5S 1( 2.00)        -5.3377        -2.6689       -72.6236
     5 1 0.5 5P 1( 2.00)        -3.3472        -1.6736       -45.5414
     5 1 1.5 5P 1( 4.00)        -2.6993        -1.3497       -36.7259
     4 2 1.5 4D 1( 4.00)       -16.7593        -8.3796      -228.0216
     4 2 2.5 4D 1( 6.00)       -15.9071        -7.9535      -216.4264
     4 3 2.5 4F 1( 6.00)        -1.8770        -0.9385       -25.5376
     4 3 3.5 4F 1( 8.00)        -1.7311        -0.8655       -23.5523
     5 2 1.5 5D 1( 3.00)        -0.2894        -0.1447        -3.9377
     5 2 2.5 5D 1( 0.00)        -0.2470        -0.1235        -3.3599
     6 0 0.5 6S 1( 2.00)        -0.4064        -0.2032        -5.5290
     6 1 0.5 6P 1( 0.00)        -0.1306        -0.0653        -1.7772
     6 1 1.5 6P 1( 0.00)        -0.0973        -0.0487        -1.3241
     Averaged results
     1 0     1S 1( 2.00)     -4940.7115     -2470.3557    -67221.8038
     2 0     2S 1( 2.00)      -848.3650      -424.1825    -11542.5936
     2 1     2P 1( 6.00)      -748.8103      -374.4051    -10188.0831
     3 0     3S 1( 2.00)      -194.2713       -97.1356     -2643.1957
     3 1     3P 1( 6.00)      -164.2533       -82.1266     -2234.7797
     4 0     4S 1( 2.00)       -39.5321       -19.7660      -537.8615
     4 1     4P 1( 6.00)       -29.5848       -14.7924      -402.5219
     3 2     3D 1(10.00)      -126.7699       -63.3850     -1724.7926
     5 0     5S 1( 2.00)        -5.3377        -2.6689       -72.6236
     5 1     5P 1( 6.00)        -2.9153        -1.4576       -39.6644
     4 2     4D 1(10.00)       -16.2479        -8.1240      -221.0645
     4 3     4F 1(14.00)        -1.7936        -0.8968       -24.4031
     5 2     5D 1( 3.00)        -0.2639        -0.1320        -3.5910
     6 0     6S 1( 2.00)        -0.4064        -0.2032        -5.5290
     6 1     6P 1( 0.00)        -0.1084        -0.0542        -1.4751

     final scf error:  9.6E-15 reached in  24 iterations
 
     Etot =  -31233.385642 Ry,  -15616.692821 Ha, -424951.860241 eV

     Ekin =   35060.898151 Ry,   17530.449075 Ha,  477027.820856 eV
     Encl =  -77926.503301 Ry,  -38963.251651 Ha,-1060244.090064 eV
     Eh   =   12248.286986 Ry,    6124.143493 Ha,  166646.434009 eV
     Exc  =    -616.067477 Ry,    -308.033739 Ha,   -8382.025042 eV


     normalization and overlap integrals

     s(1S/1S) =  1.000000  <r> =   0.0187  <r2> =    0.0005  r(max) =   0.0116
     s(1S/2S) = -0.000000
     s(1S/3S) = -0.000000
     s(1S/4S) = -0.000000
     s(1S/5S) = -0.000000
     s(1S/6S) = -0.000000
     s(2S/2S) =  1.000000  <r> =   0.0784  <r2> =    0.0073  r(max) =   0.0670
     s(2S/3S) =  0.000000
     s(2S/4S) =  0.000000
     s(2S/5S) =  0.000000
     s(2S/6S) =  0.000000
     s(2P/2P) =  1.000000  <r> =   0.0649  <r2> =    0.0052  r(max) =   0.0503
     s(2P/3P) =  0.000000
     s(2P/4P) =  0.000000
     s(2P/5P) =  0.000000
     s(2P/6P) =  0.000000
     s(2P/2P) =  1.000000  <r> =   0.0727  <r2> =    0.0064  r(max) =   0.0570
     s(2P/3P) =  0.000000
     s(2P/4P) =  0.000000
     s(2P/5P) =  0.000000
     s(2P/6P) =  0.000000
     s(3S/3S) =  1.000000  <r> =   0.2045  <r2> =    0.0479  r(max) =   0.1891
     s(3S/4S) =  0.000000
     s(3S/5S) =  0.000000
     s(3S/6S) =  0.000000
     s(3P/3P) =  1.000000  <r> =   0.1944  <r2> =    0.0440  r(max) =   0.1776
     s(3P/4P) =  0.000000
     s(3P/5P) =  0.000000
     s(3P/6P) =  0.000000
     s(3P/3P) =  1.000000  <r> =   0.2090  <r2> =    0.0507  r(max) =   0.1915
     s(3P/4P) =  0.000000
     s(3P/5P) =  0.000000
     s(3P/6P) =  0.000000
     s(4S/4S) =  1.000000  <r> =   0.4589  <r2> =    0.2381  r(max) =   0.4315
     s(4S/5S) =  0.000000
     s(4S/6S) =  0.000000
     s(4P/4P) =  1.000000  <r> =   0.4645  <r2> =    0.2460  r(max) =   0.4315
     s(4P/5P) =  0.000000
     s(4P/6P) =  0.000000
     s(4P/4P) =  1.000000  <r> =   0.4979  <r2> =    0.2823  r(max) =   0.4593
     s(4P/5P) =  0.000000
     s(4P/6P) =  0.000000
     s(3D/3D) =  1.000000  <r> =   0.1830  <r2> =    0.0393  r(max) =   0.1491
     s(3D/4D) =  0.000000
     s(3D/5D) =  0.000000
     s(3D/3D) =  1.000000  <r> =   0.1875  <r2> =    0.0412  r(max) =   0.1529
     s(3D/4D) = -0.000000
     s(3D/5D) = -0.000000
     s(5S/5S) =  1.000000  <r> =   1.1010  <r2> =    1.3644  r(max) =   0.9847
     s(5S/6S) =  0.000000
     s(5P/5P) =  1.000000  <r> =   1.2209  <r2> =    1.6937  r(max) =   1.0613
     s(5P/6P) =  0.000000
     s(5P/5P) =  1.000000  <r> =   1.3302  <r2> =    2.0135  r(max) =   1.1584
     s(5P/6P) = -0.000000
     s(4D/4D) =  1.000000  <r> =   0.5167  <r2> =    0.3099  r(max) =   0.4536
     s(4D/5D) =  0.000000
     s(4D/4D) =  1.000000  <r> =   0.5282  <r2> =    0.3238  r(max) =   0.4651
     s(4D/5D) = -0.000000
     s(4F/4F) =  1.000000  <r> =   0.6342  <r2> =    0.5121  r(max) =   0.4369
     s(4F/4F) =  1.000000  <r> =   0.6452  <r2> =    0.5316  r(max) =   0.4424
     s(5D/5D) =  1.000000  <r> =   2.2096  <r2> =    6.0335  r(max) =   1.5637
     s(5D/5D) =  1.000000  <r> =   2.3243  <r2> =    6.7139  r(max) =   1.6234
     s(6S/6S) =  1.000000  <r> =   3.2969  <r2> =   12.4107  r(max) =   2.7443
     s(6P/6P) =  1.000000  <r> =   4.5309  <r2> =   23.9299  r(max) =   3.6130
     s(6P/6P) =  1.000000  <r> =   5.0304  <r2> =   29.5450  r(max) =   4.0432

     ------------------------ End of All-electron run ------------------------


     --------------------- Generating PAW atomic setup --------------------


      Generating local potential from pseudized AE potential:
      Matching radius rcloc =   2.3000

      Local pseudo, rcloc= 2.304 Estimated cut-off energy=     4.69 Ry

      Computing core charge for nlcc: 

       r > 1.10 : true rho core
      Core charge pseudized with two Bessel functions
      Integrated core pseudo-charge :  14.76

     Fully relativistic calculation: |psi|^2

     Wfc 5S LC norm =  0.99959965 SC norm =  0.00040027 missing  0.00000008
     Speed at rcutus      0.763 a.u.,  v/c =  0.005567,  (v/c)^2 = -0.00003099

     Wfc 6S LC norm =  0.99995584 SC norm =  0.00004130 missing  0.00000286
     Speed at rcutus      0.408 a.u.,  v/c =  0.002979,  (v/c)^2 =  0.00000888

     Wfc 5P LC norm =  0.99967527 SC norm =  0.00032462 missing  0.00000011
     Speed at rcutus      0.451 a.u.,  v/c =  0.003294,  (v/c)^2 =  0.00001085

     Wfc 5P LC norm =  0.99972406 SC norm =  0.00027530 missing  0.00000064
     Speed at rcutus      0.804 a.u.,  v/c =  0.005864,  (v/c)^2 =  0.00003439

     Wfc 6P LC norm =  0.99997796 SC norm =  0.00002122 missing  0.00000082
     Speed at rcutus      0.082 a.u.,  v/c =  0.000597,  (v/c)^2 =  0.00000036

     Wfc 6P LC norm =  0.99998219 SC norm =  0.00001474 missing  0.00000307
     Speed at rcutus      0.049 a.u.,  v/c =  0.000357,  (v/c)^2 =  0.00000013

     Wfc 5D LC norm =  0.99989387 SC norm =  0.00010605 missing  0.00000008
     Speed at rcutus      0.993 a.u.,  v/c =  0.007245,  (v/c)^2 =  0.00005248

     Wfc 5D LC norm =  0.99990339 SC norm =  0.00009029 missing  0.00000632
     Speed at rcutus      0.989 a.u.,  v/c =  0.007215,  (v/c)^2 =  0.00005206
      Wfc-us  5S rcutus= 1.583  Estimated cut-off energy=    21.36 Ry
      Wfc-us  6S rcutus= 1.583  Estimated cut-off energy=    41.29 Ry
      Wfc-us  5P rcutus= 1.583  Estimated cut-off energy=    32.87 Ry
      Wfc-us  5P rcutus= 1.583  Estimated cut-off energy=    32.27 Ry
      Wfc-us  6P rcutus= 1.583  Estimated cut-off energy=    52.71 Ry
      Wfc-us  6P rcutus= 1.583  Estimated cut-off energy=    44.36 Ry
      Wfc-us  5D rcutus= 1.886  Estimated cut-off energy=    31.73 Ry
      Wfc-us  5D rcutus= 1.886  Estimated cut-off energy=    31.60 Ry
      Wfc-us  5D rcutus= 1.886  Estimated cut-off energy=    33.33 Ry
      Wfc-us  5D rcutus= 1.886  Estimated cut-off energy=    32.98 Ry

      The bmat matrix
    -2.54861     0.64036     0.00000     0.00000     0.00000     0.00000
     0.00000     0.00000     0.00000     0.00000
    -0.76218     0.16974     0.00000     0.00000     0.00000     0.00000
     0.00000     0.00000     0.00000     0.00000
     0.00000     0.00000    -2.78782     0.00000    -0.43832     0.00000
     0.00000     0.00000     0.00000     0.00000
     0.00000     0.00000     0.00000    -1.76386     0.00000    -0.24013
     0.00000     0.00000     0.00000     0.00000
     0.00000     0.00000    -0.62704     0.00000    -0.11733     0.00000
     0.00000     0.00000     0.00000     0.00000
     0.00000     0.00000     0.00000    -0.37009     0.00000    -0.05350
     0.00000     0.00000     0.00000     0.00000
     0.00000     0.00000     0.00000     0.00000     0.00000     0.00000
    -0.53331     0.00000    -0.41438     0.00000
     0.00000     0.00000     0.00000     0.00000     0.00000     0.00000
     0.00000    -0.44316     0.00000    -0.35625
     0.00000     0.00000     0.00000     0.00000     0.00000     0.00000
    -0.41465     0.00000    -0.32186     0.00000
     0.00000     0.00000     0.00000     0.00000     0.00000     0.00000
     0.00000    -0.35935     0.00000    -0.28858

      The bmat + epsilon qq matrix
     1.72571     0.75594     0.00000     0.00000     0.00000     0.00000
     0.00000     0.00000     0.00000     0.00000
     0.75593     0.21190     0.00000     0.00000     0.00000     0.00000
     0.00000     0.00000     0.00000     0.00000
     0.00000     0.00000    -2.14241     0.00000    -0.43065     0.00000
     0.00000     0.00000     0.00000     0.00000
     0.00000     0.00000     0.00000    -1.17607     0.00000    -0.23527
     0.00000     0.00000     0.00000     0.00000
     0.00000     0.00000    -0.43065     0.00000    -0.11506     0.00000
     0.00000     0.00000     0.00000     0.00000
     0.00000     0.00000     0.00000    -0.23528     0.00000    -0.05237
     0.00000     0.00000     0.00000     0.00000
     0.00000     0.00000     0.00000     0.00000     0.00000     0.00000
    -0.53232     0.00000    -0.41452     0.00000
     0.00000     0.00000     0.00000     0.00000     0.00000     0.00000
     0.00000    -0.44090     0.00000    -0.35796
     0.00000     0.00000     0.00000     0.00000     0.00000     0.00000
    -0.41451     0.00000    -0.32146     0.00000
     0.00000     0.00000     0.00000     0.00000     0.00000     0.00000
     0.00000    -0.35795     0.00000    -0.28954

      The qq matrix
    -0.80077    -0.28441     0.00000     0.00000     0.00000     0.00000
     0.00000     0.00000     0.00000     0.00000
    -0.28441    -0.10375     0.00000     0.00000     0.00000     0.00000
     0.00000     0.00000     0.00000     0.00000
     0.00000     0.00000    -0.19282     0.00000    -0.05867     0.00000
     0.00000     0.00000     0.00000     0.00000
     0.00000     0.00000     0.00000    -0.21776     0.00000    -0.04994
     0.00000     0.00000     0.00000     0.00000
     0.00000     0.00000    -0.05867     0.00000    -0.01741     0.00000
     0.00000     0.00000     0.00000     0.00000
     0.00000     0.00000     0.00000    -0.04994     0.00000    -0.01161
     0.00000     0.00000     0.00000     0.00000
     0.00000     0.00000     0.00000     0.00000     0.00000     0.00000
    -0.00343     0.00000    -0.00048     0.00000
     0.00000     0.00000     0.00000     0.00000     0.00000     0.00000
     0.00000    -0.00914     0.00000    -0.00568
     0.00000     0.00000     0.00000     0.00000     0.00000     0.00000
    -0.00048     0.00000     0.00135     0.00000
     0.00000     0.00000     0.00000     0.00000     0.00000     0.00000
     0.00000    -0.00568     0.00000    -0.00318


    multipoles (all-electron charge) - (pseudo charge)
        ns l1:ns1 l2    l=0     l=1     l=2     l=3     l=4     l=5  
         1  0:  1  0 -0.8008
         2  0:  1  0 -0.2844
         2  0:  2  0 -0.1037
         3  1:  1  0  0.0000  0.2818
         3  1:  2  0  0.0000  0.0905
         3  1:  3  1 -0.1928  0.0000 -0.1255
         4  1:  1  0  0.0000  0.2946
         4  1:  2  0  0.0000  0.0923
         4  1:  3  1 -0.2115  0.0000 -0.1434
         4  1:  4  1 -0.2178  0.0000 -0.1554
         5  1:  1  0  0.0000  0.0790
         5  1:  2  0  0.0000  0.0260
         5  1:  3  1 -0.0587  0.0000 -0.0346
         5  1:  4  1 -0.0616  0.0000 -0.0377
         5  1:  5  1 -0.0174  0.0000 -0.0095
         6  1:  1  0  0.0000  0.0668
         6  1:  2  0  0.0000  0.0215
         6  1:  3  1 -0.0486  0.0000 -0.0307
         6  1:  4  1 -0.0499  0.0000 -0.0331
         6  1:  5  1 -0.0144  0.0000 -0.0083
         6  1:  6  1 -0.0116  0.0000 -0.0072
         7  2:  1  0  0.0000  0.0000 -0.0737
         7  2:  2  0  0.0000  0.0000 -0.0189
         7  2:  3  1  0.0000  0.0486  0.0000  0.0432
         7  2:  4  1  0.0000  0.0551  0.0000  0.0515
         7  2:  5  1  0.0000  0.0134  0.0000  0.0100
         7  2:  6  1  0.0000  0.0114  0.0000  0.0094
         7  2:  7  2 -0.0034  0.0000 -0.0189  0.0000 -0.0270
         8  2:  1  0  0.0000  0.0000 -0.0788
         8  2:  2  0  0.0000  0.0000 -0.0196
         8  2:  3  1  0.0000  0.0544  0.0000  0.0497
         8  2:  4  1  0.0000  0.0591  0.0000  0.0566
         8  2:  5  1  0.0000  0.0143  0.0000  0.0109
         8  2:  6  1  0.0000  0.0122  0.0000  0.0103
         8  2:  7  2 -0.0067  0.0000 -0.0222  0.0000 -0.0314
         8  2:  8  2 -0.0091  0.0000 -0.0247  0.0000 -0.0345
         9  2:  1  0  0.0000  0.0000 -0.0540
         9  2:  2  0  0.0000  0.0000 -0.0147
         9  2:  3  1  0.0000  0.0345  0.0000  0.0286
         9  2:  4  1  0.0000  0.0400  0.0000  0.0353
         9  2:  5  1  0.0000  0.0101  0.0000  0.0073
         9  2:  6  1  0.0000  0.0085  0.0000  0.0067
         9  2:  7  2 -0.0005  0.0000 -0.0118  0.0000 -0.0162
         9  2:  8  2 -0.0032  0.0000 -0.0145  0.0000 -0.0196
         9  2:  9  2  0.0014  0.0000 -0.0070  0.0000 -0.0089
        10  2:  1  0  0.0000  0.0000 -0.0609
        10  2:  2  0  0.0000  0.0000 -0.0159
        10  2:  3  1  0.0000  0.0412  0.0000  0.0358
        10  2:  4  1  0.0000  0.0454  0.0000  0.0417
        10  2:  5  1  0.0000  0.0113  0.0000  0.0084
        10  2:  6  1  0.0000  0.0095  0.0000  0.0078
        10  2:  7  2 -0.0035  0.0000 -0.0154  0.0000 -0.0211
        10  2:  8  2 -0.0057  0.0000 -0.0176  0.0000 -0.0238
        10  2:  9  2 -0.0011  0.0000 -0.0098  0.0000 -0.0127
        10  2: 10  2 -0.0032  0.0000 -0.0124  0.0000 -0.0160
     Required augmentation: PSQ   radius:    1.000000

     Q pseudized with Bessel functions
     Expected ecutrho=     406.9152 due to l1=  2   l2=  2

     Estimated PAW energy = -712.426797 Ryd

     The PAW screened D coefficients
     1.72571     0.75593     0.00000     0.00000     0.00000     0.00000
     0.00000     0.00000     0.00000     0.00000
     0.75593     0.21190     0.00000     0.00000     0.00000     0.00000
     0.00000     0.00000     0.00000     0.00000
     0.00000     0.00000    -2.14241     0.00000    -0.43066     0.00000
     0.00000     0.00000     0.00000     0.00000
     0.00000     0.00000     0.00000    -1.17607     0.00000    -0.23528
     0.00000     0.00000     0.00000     0.00000
     0.00000     0.00000    -0.43066     0.00000    -0.11506     0.00000
     0.00000     0.00000     0.00000     0.00000
     0.00000     0.00000     0.00000    -0.23528     0.00000    -0.05237
     0.00000     0.00000     0.00000     0.00000
     0.00000     0.00000     0.00000     0.00000     0.00000     0.00000
    -0.53232     0.00000    -0.41451     0.00000
     0.00000     0.00000     0.00000     0.00000     0.00000     0.00000
     0.00000    -0.44090     0.00000    -0.35795
     0.00000     0.00000     0.00000     0.00000     0.00000     0.00000
    -0.41451     0.00000    -0.32146     0.00000
     0.00000     0.00000     0.00000     0.00000     0.00000     0.00000
     0.00000    -0.35795     0.00000    -0.28954

     The PAW descreened D coefficients (US)
    -3.82876    -1.27639     0.00000     0.00000     0.00000     0.00000
     0.00000     0.00000     0.00000     0.00000
    -1.27639    -0.54616     0.00000     0.00000     0.00000     0.00000
     0.00000     0.00000     0.00000     0.00000
     0.00000     0.00000    -3.15562     0.00000    -0.77035     0.00000
     0.00000     0.00000     0.00000     0.00000
     0.00000     0.00000     0.00000    -2.35702     0.00000    -0.51396
     0.00000     0.00000     0.00000     0.00000
     0.00000     0.00000    -0.77035     0.00000    -0.22248     0.00000
     0.00000     0.00000     0.00000     0.00000
     0.00000     0.00000     0.00000    -0.51396     0.00000    -0.11890
     0.00000     0.00000     0.00000     0.00000
     0.00000     0.00000     0.00000     0.00000     0.00000     0.00000
    -0.41982     0.00000    -0.31060     0.00000
     0.00000     0.00000     0.00000     0.00000     0.00000     0.00000
     0.00000    -0.37233     0.00000    -0.29068
     0.00000     0.00000     0.00000     0.00000     0.00000     0.00000
    -0.31060     0.00000    -0.22561     0.00000
     0.00000     0.00000     0.00000     0.00000     0.00000     0.00000
     0.00000    -0.29068     0.00000    -0.22515

     ------------------- End of pseudopotential generation -------------------

     --------------------------- All-electron run ----------------------------

     Ta                                                                         
     dirac relativistic calculation

     atomic number is 73.00
     dft = SLA  PZ   NOGX NOGC   lsd =0 sic =0 latt =0  beta=0.20 tr2=1.0E-14
     Exchange-correlation=  SLA  PZ   NOGX NOGC
                           (   1   1   0   0   0   0   0)
     mesh =1273 r(mesh) = 100.43799 a.u. xmin = -7.00 dx = 0.01250
     1 Ry =  13.60569312 eV, c = 137.03599908

     n l j   nl                  e(Ry)          e(Ha)          e(eV)
     Spin orbit split results
     1 0 0.5 1S 1( 2.00)     -4940.7115     -2470.3557    -67221.8038
     2 0 0.5 2S 1( 2.00)      -848.3650      -424.1825    -11542.5936
     2 1 0.5 2P 1( 2.00)      -810.9857      -405.4928    -11034.0221
     2 1 1.5 2P 1( 4.00)      -717.7226      -358.8613     -9765.1137
     3 0 0.5 3S 1( 2.00)      -194.2713       -97.1356     -2643.1957
     3 1 0.5 3P 1( 2.00)      -177.6348       -88.8174     -2416.8448
     3 1 1.5 3P 1( 4.00)      -157.5625       -78.7813     -2143.7471
     4 0 0.5 4S 1( 2.00)       -39.5321       -19.7660      -537.8615
     4 1 0.5 4P 1( 2.00)       -32.6776       -16.3388      -444.6016
     4 1 1.5 4P 1( 4.00)       -28.0384       -14.0192      -381.4821
     3 2 1.5 3D 1( 4.00)      -129.3952       -64.6976     -1760.5108
     3 2 2.5 3D 1( 6.00)      -125.0198       -62.5099     -1700.9804
     5 0 0.5 5S 1( 2.00)        -5.3377        -2.6689       -72.6236
     5 1 0.5 5P 1( 2.00)        -3.3472        -1.6736       -45.5414
     5 1 1.5 5P 1( 4.00)        -2.6993        -1.3497       -36.7259
     4 2 1.5 4D 1( 4.00)       -16.7593        -8.3796      -228.0216
     4 2 2.5 4D 1( 6.00)       -15.9071        -7.9535      -216.4264
     4 3 2.5 4F 1( 6.00)        -1.8770        -0.9385       -25.5376
     4 3 3.5 4F 1( 8.00)        -1.7311        -0.8655       -23.5523
     5 2 1.5 5D 1( 3.00)        -0.2894        -0.1447        -3.9377
     5 2 2.5 5D 1( 0.00)        -0.2470        -0.1235        -3.3599
     6 0 0.5 6S 1( 2.00)        -0.4064        -0.2032        -5.5290
     6 1 0.5 6P 1( 0.00)        -0.1306        -0.0653        -1.7772
     6 1 1.5 6P 1( 0.00)        -0.0973        -0.0487        -1.3241
     Averaged results
     1 0     1S 1( 2.00)     -4940.7115     -2470.3557    -67221.8038
     2 0     2S 1( 2.00)      -848.3650      -424.1825    -11542.5936
     2 1     2P 1( 6.00)      -748.8103      -374.4051    -10188.0831
     3 0     3S 1( 2.00)      -194.2713       -97.1356     -2643.1957
     3 1     3P 1( 6.00)      -164.2533       -82.1266     -2234.7797
     4 0     4S 1( 2.00)       -39.5321       -19.7660      -537.8615
     4 1     4P 1( 6.00)       -29.5848       -14.7924      -402.5219
     3 2     3D 1(10.00)      -126.7699       -63.3850     -1724.7926
     5 0     5S 1( 2.00)        -5.3377        -2.6689       -72.6236
     5 1     5P 1( 6.00)        -2.9153        -1.4576       -39.6644
     4 2     4D 1(10.00)       -16.2479        -8.1240      -221.0645
     4 3     4F 1(14.00)        -1.7936        -0.8968       -24.4031
     5 2     5D 1( 3.00)        -0.2639        -0.1320        -3.5910
     6 0     6S 1( 2.00)        -0.4064        -0.2032        -5.5290
     6 1     6P 1( 0.00)        -0.1084        -0.0542        -1.4751

     final scf error:  9.6E-15 reached in  24 iterations
 
     Etot =  -31233.385642 Ry,  -15616.692821 Ha, -424951.860241 eV

     Ekin =   35060.898151 Ry,   17530.449075 Ha,  477027.820856 eV
     Encl =  -77926.503301 Ry,  -38963.251651 Ha,-1060244.090064 eV
     Eh   =   12248.286986 Ry,    6124.143493 Ha,  166646.434009 eV
     Exc  =    -616.067477 Ry,    -308.033739 Ha,   -8382.025042 eV


     normalization and overlap integrals

     s(1S/1S) =  1.000000  <r> =   0.0187  <r2> =    0.0005  r(max) =   0.0116
     s(1S/2S) = -0.000000
     s(1S/3S) = -0.000000
     s(1S/4S) = -0.000000
     s(1S/5S) = -0.000000
     s(1S/6S) = -0.000000
     s(2S/2S) =  1.000000  <r> =   0.0784  <r2> =    0.0073  r(max) =   0.0670
     s(2S/3S) =  0.000000
     s(2S/4S) =  0.000000
     s(2S/5S) =  0.000000
     s(2S/6S) =  0.000000
     s(2P/2P) =  1.000000  <r> =   0.0649  <r2> =    0.0052  r(max) =   0.0503
     s(2P/3P) =  0.000000
     s(2P/4P) =  0.000000
     s(2P/5P) =  0.000000
     s(2P/6P) =  0.000000
     s(2P/2P) =  1.000000  <r> =   0.0727  <r2> =    0.0064  r(max) =   0.0570
     s(2P/3P) =  0.000000
     s(2P/4P) =  0.000000
     s(2P/5P) =  0.000000
     s(2P/6P) =  0.000000
     s(3S/3S) =  1.000000  <r> =   0.2045  <r2> =    0.0479  r(max) =   0.1891
     s(3S/4S) =  0.000000
     s(3S/5S) =  0.000000
     s(3S/6S) =  0.000000
     s(3P/3P) =  1.000000  <r> =   0.1944  <r2> =    0.0440  r(max) =   0.1776
     s(3P/4P) =  0.000000
     s(3P/5P) =  0.000000
     s(3P/6P) =  0.000000
     s(3P/3P) =  1.000000  <r> =   0.2090  <r2> =    0.0507  r(max) =   0.1915
     s(3P/4P) =  0.000000
     s(3P/5P) =  0.000000
     s(3P/6P) =  0.000000
     s(4S/4S) =  1.000000  <r> =   0.4589  <r2> =    0.2381  r(max) =   0.4315
     s(4S/5S) =  0.000000
     s(4S/6S) =  0.000000
     s(4P/4P) =  1.000000  <r> =   0.4645  <r2> =    0.2460  r(max) =   0.4315
     s(4P/5P) =  0.000000
     s(4P/6P) =  0.000000
     s(4P/4P) =  1.000000  <r> =   0.4979  <r2> =    0.2823  r(max) =   0.4593
     s(4P/5P) =  0.000000
     s(4P/6P) =  0.000000
     s(3D/3D) =  1.000000  <r> =   0.1830  <r2> =    0.0393  r(max) =   0.1491
     s(3D/4D) =  0.000000
     s(3D/5D) =  0.000000
     s(3D/3D) =  1.000000  <r> =   0.1875  <r2> =    0.0412  r(max) =   0.1529
     s(3D/4D) = -0.000000
     s(3D/5D) = -0.000000
     s(5S/5S) =  1.000000  <r> =   1.1010  <r2> =    1.3644  r(max) =   0.9847
     s(5S/6S) =  0.000000
     s(5P/5P) =  1.000000  <r> =   1.2209  <r2> =    1.6937  r(max) =   1.0613
     s(5P/6P) =  0.000000
     s(5P/5P) =  1.000000  <r> =   1.3302  <r2> =    2.0135  r(max) =   1.1584
     s(5P/6P) = -0.000000
     s(4D/4D) =  1.000000  <r> =   0.5167  <r2> =    0.3099  r(max) =   0.4536
     s(4D/5D) =  0.000000
     s(4D/4D) =  1.000000  <r> =   0.5282  <r2> =    0.3238  r(max) =   0.4651
     s(4D/5D) = -0.000000
     s(4F/4F) =  1.000000  <r> =   0.6342  <r2> =    0.5121  r(max) =   0.4369
     s(4F/4F) =  1.000000  <r> =   0.6452  <r2> =    0.5316  r(max) =   0.4424
     s(5D/5D) =  1.000000  <r> =   2.2096  <r2> =    6.0335  r(max) =   1.5637
     s(5D/5D) =  1.000000  <r> =   2.3243  <r2> =    6.7139  r(max) =   1.6234
     s(6S/6S) =  1.000000  <r> =   3.2969  <r2> =   12.4107  r(max) =   2.7443
     s(6P/6P) =  1.000000  <r> =   4.5309  <r2> =   23.9299  r(max) =   3.6130
     s(6P/6P) =  1.000000  <r> =   5.0304  <r2> =   29.5450  r(max) =   4.0432

     ------------------------ End of All-electron run ------------------------


     ---------------------- Testing the pseudopotential ----------------------

     Ta                                                                         
     dirac relativistic calculation

     atomic number is 73.00   valence charge is 13.00
     dft = SLA  PZ   NOGX NOGC   lsd =0 sic =0 latt =0  beta=0.20 tr2=1.0E-14
     mesh =1273 r(mesh) = 100.43799 xmin = -7.00 dx = 0.01250

     n l  j  nl             e AE (Ry)       e PS (Ry)    De AE-PS (Ry) 
     1 0 0.5 5S   1( 2.00)       -5.33774       -5.33774       -0.00000
     2 0 0.5 6S   1( 2.00)       -0.40637       -0.40637        0.00000
     2 1 0.5 5P   1( 2.00)       -3.34723       -3.34723       -0.00000
     2 1 1.5 5P   1( 4.00)       -2.69931       -2.69930       -0.00000
     3 1 0.5 6P   1( 0.00)       -0.13062       -0.13062       -0.00000
     3 1 1.5 6P   1( 0.00)       -0.09732       -0.09732       -0.00000
     3 2 1.5 5D   1( 3.00)       -0.28942       -0.28941       -0.00000
     3 2 2.5 5D   1( 0.00)       -0.24695       -0.24695        0.00000

     eps = 1.1E-17  iter =  4
 
     Etot =  -31233.385642 Ry,  -15616.692821 Ha, -424951.860241 eV
     Etotps =  -712.426790 Ry,    -356.213395 Ha,   -9693.060281 eV

     Ekin =     236.661274 Ry,     118.330637 Ha,    3219.940669 eV
     Encl =    -423.625627 Ry,    -211.812813 Ha,   -5763.720278 eV
     Ehrt =      90.605048 Ry,      45.302524 Ha,    1232.744479 eV
     Ecxc =    -616.067485 Ry,    -308.033743 Ha,   -8382.025151 eV
     (Ecc =     -35.069455 Ry,     -17.534727 Ha,    -477.144240 eV)

     ---------------------- End of pseudopotential test ----------------------

