[0] MPI startup(): I_MPI_SHM_LMT environment variable is not supported.
[0] MPI startup(): Similar variables:
	 I_MPI_SHM_HEAP
	 I_MPI_SHM
	 I_MPI_SHM_OPT
	 I_MPI_SHM_THP
[0] MPI startup(): To check the list of supported variables, use the impi_info utility or refer to https://software.intel.com/en-us/mpi-library/documentation/get-started.

     Program LD1 v.7.3.1 starts on 19Sep2024 at 21:48:21 

     This program is part of the open-source Quantum ESPRESSO suite
     for quantum simulation of materials; please cite
         "P. Giannozzi et al., J. Phys.:Condens. Matter 21 395502 (2009);
         "P. Giannozzi et al., J. Phys.:Condens. Matter 29 465901 (2017);
         "P. Giannozzi et al., J. Chem. Phys. 152 154105 (2020);
          URL http://www.quantum-espresso.org", 
     in publications or presentations arising from this work. More details at
     http://www.quantum-espresso.org/quote

     Parallel version (MPI), running on     1 processors

     MPI processes distributed on     1 nodes
     89617 MiB available memory on the printing compute node when the environment starts
 
     Waiting for input...
     Reading input from standard input
     --------------------------- All-electron run ----------------------------

     Tc                                                                         
     dirac relativistic calculation

     atomic number is 43.00
     dft =LDA   lsd =0 sic =0 latt =0  beta=0.20 tr2=1.0E-14
     Exchange-correlation= LDA
                           (   1   1   0   0   0   0   0)
     mesh =1231 r(mesh) = 100.86670 a.u. xmin = -7.00 dx = 0.01250
     1 Ry =  13.60569312 eV, c = 137.03599908

     n l j   nl                  e(Ry)          e(Ha)          e(eV)
     Spin orbit split results
     1 0 0.5 1S 1( 2.00)     -1530.9609      -765.4804    -20829.7835
     2 0 0.5 2S 1( 2.00)      -218.4227      -109.2114     -2971.7924
     2 1 0.5 2P 1( 2.00)      -201.5484      -100.7742     -2742.2054
     2 1 1.5 2P 1( 4.00)      -192.8713       -96.4357     -2624.1483
     3 0 0.5 3S 1( 2.00)       -37.9967       -18.9983      -516.9708
     3 1 0.5 3P 1( 2.00)       -31.5072       -15.7536      -428.6777
     3 1 1.5 3P 1( 4.00)       -30.0550       -15.0275      -408.9193
     4 0 0.5 4S 1( 2.00)        -5.3822        -2.6911       -73.2289
     4 1 0.5 4P 1( 2.00)        -3.4778        -1.7389       -47.3179
     4 1 1.5 4P 1( 4.00)        -3.2578        -1.6289       -44.3242
     3 2 1.5 3D 1( 4.00)       -18.5295        -9.2648      -252.1071
     3 2 2.5 3D 1( 6.00)       -18.2501        -9.1250      -248.3051
     4 2 1.5 4D 1( 4.00)        -0.5081        -0.2541        -6.9133
     4 2 2.5 4D 1( 1.00)        -0.4871        -0.2435        -6.6267
     5 0 0.5 5S 1( 2.00)        -0.3859        -0.1929        -5.2499
     5 1 0.5 5P 1( 0.00)        -0.1191        -0.0595        -1.6199
     5 1 1.5 5P 1( 0.00)        -0.1084        -0.0542        -1.4753
     Averaged results
     1 0     1S 1( 2.00)     -1530.9609      -765.4804    -20829.7835
     2 0     2S 1( 2.00)      -218.4227      -109.2114     -2971.7924
     2 1     2P 1( 6.00)      -195.7637       -97.8818     -2663.5007
     3 0     3S 1( 2.00)       -37.9967       -18.9983      -516.9708
     3 1     3P 1( 6.00)       -30.5391       -15.2695      -415.5054
     4 0     4S 1( 2.00)        -5.3822        -2.6911       -73.2289
     4 1     4P 1( 6.00)        -3.3311        -1.6656       -45.3221
     3 2     3D 1(10.00)       -18.3619        -9.1809      -249.8259
     4 2     4D 1( 5.00)        -0.4955        -0.2477        -6.7413
     5 0     5S 1( 2.00)        -0.3859        -0.1929        -5.2499
     5 1     5P 1( 0.00)        -0.1120        -0.0560        -1.5235

     final scf error:  5.2E-15 reached in  36 iterations
 
     Etot =   -8563.912074 Ry,   -4281.956037 Ha, -116517.959611 eV

     Ekin =    8893.482598 Ry,    4446.741299 Ha,  121001.995017 eV
     Encl =  -20703.751985 Ry,  -10351.875993 Ha, -281688.896006 eV
     Eh   =    3494.490079 Ry,    1747.245039 Ha,   47544.959631 eV
     Exc  =    -248.132765 Ry,    -124.066382 Ha,   -3376.018253 eV


     normalization and overlap integrals

     s(1S/1S) =  1.000000  <r> =   0.0343  <r2> =    0.0016  r(max) =   0.0224
     s(1S/2S) =  0.000000
     s(1S/3S) = -0.000000
     s(1S/4S) =  0.000000
     s(1S/5S) =  0.000000
     s(2S/2S) =  1.000000  <r> =   0.1494  <r2> =    0.0264  r(max) =   0.1257
     s(2S/3S) =  0.000000
     s(2S/4S) =  0.000000
     s(2S/5S) =  0.000000
     s(2P/2P) =  1.000000  <r> =   0.1272  <r2> =    0.0199  r(max) =   0.0979
     s(2P/3P) =  0.000000
     s(2P/4P) =  0.000000
     s(2P/5P) =  0.000000
     s(2P/2P) =  1.000000  <r> =   0.1318  <r2> =    0.0212  r(max) =   0.1017
     s(2P/3P) =  0.000000
     s(2P/4P) =  0.000000
     s(2P/5P) =  0.000000
     s(3S/3S) =  1.000000  <r> =   0.4160  <r2> =    0.1983  r(max) =   0.3730
     s(3S/4S) =  0.000000
     s(3S/5S) =  0.000000
     s(3P/3P) =  1.000000  <r> =   0.4096  <r2> =    0.1954  r(max) =   0.3593
     s(3P/4P) =  0.000000
     s(3P/5P) =  0.000000
     s(3P/3P) =  1.000000  <r> =   0.4202  <r2> =    0.2055  r(max) =   0.3684
     s(3P/4P) =  0.000000
     s(3P/5P) =  0.000000
     s(4S/4S) =  1.000000  <r> =   1.0568  <r2> =    1.2670  r(max) =   0.9525
     s(4S/5S) =  0.000000
     s(4P/4P) =  1.000000  <r> =   1.1514  <r2> =    1.5215  r(max) =   1.0013
     s(4P/5P) = -0.000000
     s(4P/4P) =  1.000000  <r> =   1.1824  <r2> =    1.6052  r(max) =   1.0266
     s(4P/5P) = -0.000000
     s(3D/3D) =  1.000000  <r> =   0.3973  <r2> =    0.1896  r(max) =   0.3092
     s(3D/4D) =  0.000000
     s(3D/3D) =  1.000000  <r> =   0.4008  <r2> =    0.1928  r(max) =   0.3131
     s(3D/4D) = -0.000000
     s(4D/4D) =  1.000000  <r> =   1.7178  <r2> =    3.6379  r(max) =   1.2697
     s(4D/4D) =  1.000000  <r> =   1.7412  <r2> =    3.7432  r(max) =   1.2857
     s(5S/5S) =  1.000000  <r> =   3.2750  <r2> =   12.3111  r(max) =   2.7218
     s(5P/5P) =  1.000000  <r> =   4.5278  <r2> =   24.0886  r(max) =   3.5834
     s(5P/5P) =  1.000000  <r> =   4.6840  <r2> =   25.7887  r(max) =   3.6741

     ------------------------ End of All-electron run ------------------------


     --------------------- Generating PAW atomic setup --------------------


      Generating local potential from pseudized AE potential:
      Matching radius rcloc =   1.2000

      Local pseudo, rcloc= 1.208 Estimated cut-off energy=    17.03 Ry

      Computing core charge for nlcc: 

       r > 0.91 : true rho core
      Core charge pseudized with two Bessel functions
      Integrated core pseudo-charge :   6.92

     Fully relativistic calculation: |psi|^2

     Wfc 4S LC norm =  0.99967691 SC norm =  0.00032291 missing  0.00000018
     Speed at rcutus      0.708 a.u.,  v/c =  0.005166,  (v/c)^2 = -0.00002669

     Wfc 5S LC norm =  0.99996354 SC norm =  0.00003352 missing  0.00000294
     Speed at rcutus      0.461 a.u.,  v/c =  0.003365,  (v/c)^2 =  0.00001133

     Wfc 4P LC norm =  0.99972604 SC norm =  0.00027378 missing  0.00000018
     Speed at rcutus      0.427 a.u.,  v/c =  0.003114,  (v/c)^2 = -0.00000970

     Wfc 4P LC norm =  0.99973821 SC norm =  0.00026107 missing  0.00000072
     Speed at rcutus      0.357 a.u.,  v/c =  0.002604,  (v/c)^2 = -0.00000678

     Wfc 5P LC norm =  0.99998174 SC norm =  0.00001714 missing  0.00000112
     Speed at rcutus      0.286 a.u.,  v/c =  0.002085,  (v/c)^2 =  0.00000435

     Wfc 5P LC norm =  0.99998298 SC norm =  0.00001347 missing  0.00000355
     Speed at rcutus      0.316 a.u.,  v/c =  0.002306,  (v/c)^2 =  0.00000532

     Wfc 4D LC norm =  0.99986378 SC norm =  0.00013618 missing  0.00000004
     Speed at rcutus      0.748 a.u.,  v/c =  0.005455,  (v/c)^2 =  0.00002976

     Wfc 4D LC norm =  0.99986685 SC norm =  0.00012749 missing  0.00000566
     Speed at rcutus      0.757 a.u.,  v/c =  0.005525,  (v/c)^2 =  0.00003053
      Wfc-us  4S rcutus= 1.714  Estimated cut-off energy=    18.73 Ry
      Wfc-us  5S rcutus= 1.093  Estimated cut-off energy=    50.44 Ry
      Wfc-us  4P rcutus= 1.714  Estimated cut-off energy=    28.67 Ry
      Wfc-us  4P rcutus= 1.714  Estimated cut-off energy=    28.52 Ry
      Wfc-us  5P rcutus= 1.208  Estimated cut-off energy=    63.17 Ry
      Wfc-us  5P rcutus= 1.208  Estimated cut-off energy=    61.50 Ry
      Wfc-us  4D rcutus= 1.991  Estimated cut-off energy=    29.19 Ry
      Wfc-us  4D rcutus= 1.991  Estimated cut-off energy=    29.15 Ry
      Wfc-us  4D rcutus= 1.991  Estimated cut-off energy=    34.63 Ry
      Wfc-us  4D rcutus= 1.991  Estimated cut-off energy=    34.19 Ry

      The bmat matrix
    11.96948     3.56686     0.00000     0.00000     0.00000     0.00000
     0.00000     0.00000     0.00000     0.00000
     2.96310     0.90489     0.00000     0.00000     0.00000     0.00000
     0.00000     0.00000     0.00000     0.00000
     0.00000     0.00000     2.44796     0.00000     0.75208     0.00000
     0.00000     0.00000     0.00000     0.00000
     0.00000     0.00000     0.00000     2.64506     0.00000     0.75624
     0.00000     0.00000     0.00000     0.00000
     0.00000     0.00000     0.69493     0.00000     0.20177     0.00000
     0.00000     0.00000     0.00000     0.00000
     0.00000     0.00000     0.00000     0.69452     0.00000     0.19257
     0.00000     0.00000     0.00000     0.00000
     0.00000     0.00000     0.00000     0.00000     0.00000     0.00000
     0.08417     0.00000     0.02136     0.00000
     0.00000     0.00000     0.00000     0.00000     0.00000     0.00000
     0.00000     0.09783     0.00000     0.03239
     0.00000     0.00000     0.00000     0.00000     0.00000     0.00000
     0.10561     0.00000     0.04963     0.00000
     0.00000     0.00000     0.00000     0.00000     0.00000     0.00000
     0.00000     0.11087     0.00000     0.05462

      The bmat + epsilon qq matrix
    14.90640     3.61349     0.00000     0.00000     0.00000     0.00000
     0.00000     0.00000     0.00000     0.00000
     3.61344     0.91509     0.00000     0.00000     0.00000     0.00000
     0.00000     0.00000     0.00000     0.00000
     0.00000     0.00000     2.45276     0.00000     0.75411     0.00000
     0.00000     0.00000     0.00000     0.00000
     0.00000     0.00000     0.00000     2.75880     0.00000     0.75836
     0.00000     0.00000     0.00000     0.00000
     0.00000     0.00000     0.75409     0.00000     0.20272     0.00000
     0.00000     0.00000     0.00000     0.00000
     0.00000     0.00000     0.00000     0.75834     0.00000     0.19337
     0.00000     0.00000     0.00000     0.00000
     0.00000     0.00000     0.00000     0.00000     0.00000     0.00000
     0.00896     0.00000     0.05263     0.00000
     0.00000     0.00000     0.00000     0.00000     0.00000     0.00000
     0.00000     0.02951     0.00000     0.06230
     0.00000     0.00000     0.00000     0.00000     0.00000     0.00000
     0.05264     0.00000     0.07160     0.00000
     0.00000     0.00000     0.00000     0.00000     0.00000     0.00000
     0.00000     0.06231     0.00000     0.07581

      The qq matrix
    -0.54567    -0.12083     0.00000     0.00000     0.00000     0.00000
     0.00000     0.00000     0.00000     0.00000
    -0.12083    -0.02644     0.00000     0.00000     0.00000     0.00000
     0.00000     0.00000     0.00000     0.00000
     0.00000     0.00000    -0.00138     0.00000    -0.01701     0.00000
     0.00000     0.00000     0.00000     0.00000
     0.00000     0.00000     0.00000    -0.03491     0.00000    -0.01959
     0.00000     0.00000     0.00000     0.00000
     0.00000     0.00000    -0.01701     0.00000    -0.00798     0.00000
     0.00000     0.00000     0.00000     0.00000
     0.00000     0.00000     0.00000    -0.01959     0.00000    -0.00730
     0.00000     0.00000     0.00000     0.00000
     0.00000     0.00000     0.00000     0.00000     0.00000     0.00000
     0.14801     0.00000     0.10423     0.00000
     0.00000     0.00000     0.00000     0.00000     0.00000     0.00000
     0.00000     0.14028     0.00000     0.09971
     0.00000     0.00000     0.00000     0.00000     0.00000     0.00000
     0.10423     0.00000     0.07323     0.00000
     0.00000     0.00000     0.00000     0.00000     0.00000     0.00000
     0.00000     0.09971     0.00000     0.07065


    multipoles (all-electron charge) - (pseudo charge)
        ns l1:ns1 l2    l=0     l=1     l=2     l=3     l=4     l=5  
         1  0:  1  0 -0.5457
         2  0:  1  0 -0.1208
         2  0:  2  0 -0.0264
         3  1:  1  0  0.0000  0.1248
         3  1:  2  0  0.0000  0.0214
         3  1:  3  1 -0.0014  0.0000  0.0025
         4  1:  1  0  0.0000  0.1402
         4  1:  2  0  0.0000  0.0251
         4  1:  3  1 -0.0191  0.0000 -0.0104
         4  1:  4  1 -0.0349  0.0000 -0.0226
         5  1:  1  0  0.0000  0.0439
         5  1:  2  0  0.0000  0.0089
         5  1:  3  1 -0.0170  0.0000 -0.0083
         5  1:  4  1 -0.0206  0.0000 -0.0107
         5  1:  5  1 -0.0080  0.0000 -0.0038
         6  1:  1  0  0.0000  0.0424
         6  1:  2  0  0.0000  0.0086
         6  1:  3  1 -0.0164  0.0000 -0.0083
         6  1:  4  1 -0.0196  0.0000 -0.0105
         6  1:  5  1 -0.0077  0.0000 -0.0037
         6  1:  6  1 -0.0073  0.0000 -0.0036
         7  2:  1  0  0.0000  0.0000  0.0652
         7  2:  2  0  0.0000  0.0000  0.0112
         7  2:  3  1  0.0000 -0.1000  0.0000 -0.1048
         7  2:  4  1  0.0000 -0.0908  0.0000 -0.0973
         7  2:  5  1  0.0000 -0.0120  0.0000 -0.0116
         7  2:  6  1  0.0000 -0.0121  0.0000 -0.0122
         7  2:  7  2  0.1480  0.0000  0.1295  0.0000  0.1596
         8  2:  1  0  0.0000  0.0000  0.0608
         8  2:  2  0  0.0000  0.0000  0.0106
         8  2:  3  1  0.0000 -0.0953  0.0000 -0.1001
         8  2:  4  1  0.0000 -0.0865  0.0000 -0.0930
         8  2:  5  1  0.0000 -0.0113  0.0000 -0.0111
         8  2:  6  1  0.0000 -0.0114  0.0000 -0.0116
         8  2:  7  2  0.1439  0.0000  0.1257  0.0000  0.1551
         8  2:  8  2  0.1403  0.0000  0.1223  0.0000  0.1513
         9  2:  1  0  0.0000  0.0000  0.0485
         9  2:  2  0  0.0000  0.0000  0.0078
         9  2:  3  1  0.0000 -0.0723  0.0000 -0.0767
         9  2:  4  1  0.0000 -0.0659  0.0000 -0.0717
         9  2:  5  1  0.0000 -0.0086  0.0000 -0.0083
         9  2:  6  1  0.0000 -0.0087  0.0000 -0.0087
         9  2:  7  2  0.1042  0.0000  0.0906  0.0000  0.1117
         9  2:  8  2  0.1014  0.0000  0.0881  0.0000  0.1089
         9  2:  9  2  0.0732  0.0000  0.0629  0.0000  0.0770
        10  2:  1  0  0.0000  0.0000  0.0465
        10  2:  2  0  0.0000  0.0000  0.0074
        10  2:  3  1  0.0000 -0.0701  0.0000 -0.0746
        10  2:  4  1  0.0000 -0.0639  0.0000 -0.0698
        10  2:  5  1  0.0000 -0.0083  0.0000 -0.0080
        10  2:  6  1  0.0000 -0.0083  0.0000 -0.0084
        10  2:  7  2  0.1022  0.0000  0.0890  0.0000  0.1100
        10  2:  8  2  0.0997  0.0000  0.0867  0.0000  0.1075
        10  2:  9  2  0.0718  0.0000  0.0619  0.0000  0.0760
        10  2: 10  2  0.0707  0.0000  0.0609  0.0000  0.0751
     Required augmentation: PSQ   radius:    2.000000

     Q pseudized with Bessel functions
     Expected ecutrho=     857.4319 due to l1=  1   l2=  2

     Estimated PAW energy = -387.184843 Ryd

     The PAW screened D coefficients
    14.90640     3.61344     0.00000     0.00000     0.00000     0.00000
     0.00000     0.00000     0.00000     0.00000
     3.61344     0.91509     0.00000     0.00000     0.00000     0.00000
     0.00000     0.00000     0.00000     0.00000
     0.00000     0.00000     2.45276     0.00000     0.75409     0.00000
     0.00000     0.00000     0.00000     0.00000
     0.00000     0.00000     0.00000     2.75879     0.00000     0.75834
     0.00000     0.00000     0.00000     0.00000
     0.00000     0.00000     0.75409     0.00000     0.20272     0.00000
     0.00000     0.00000     0.00000     0.00000
     0.00000     0.00000     0.00000     0.75834     0.00000     0.19337
     0.00000     0.00000     0.00000     0.00000
     0.00000     0.00000     0.00000     0.00000     0.00000     0.00000
     0.00896     0.00000     0.05264     0.00000
     0.00000     0.00000     0.00000     0.00000     0.00000     0.00000
     0.00000     0.02951     0.00000     0.06230
     0.00000     0.00000     0.00000     0.00000     0.00000     0.00000
     0.05264     0.00000     0.07160     0.00000
     0.00000     0.00000     0.00000     0.00000     0.00000     0.00000
     0.00000     0.06230     0.00000     0.07581

     The PAW descreened D coefficients (US)
     2.34169     0.69922     0.00000     0.00000     0.00000     0.00000
     0.00000     0.00000     0.00000     0.00000
     0.69922     0.26726     0.00000     0.00000     0.00000     0.00000
     0.00000     0.00000     0.00000     0.00000
     0.00000     0.00000     2.99430     0.00000     0.53521     0.00000
     0.00000     0.00000     0.00000     0.00000
     0.00000     0.00000     0.00000     2.74949     0.00000     0.50447
     0.00000     0.00000     0.00000     0.00000
     0.00000     0.00000     0.53521     0.00000     0.06354     0.00000
     0.00000     0.00000     0.00000     0.00000
     0.00000     0.00000     0.00000     0.50447     0.00000     0.07163
     0.00000     0.00000     0.00000     0.00000
     0.00000     0.00000     0.00000     0.00000     0.00000     0.00000
     1.73739     0.00000     1.28679     0.00000
     0.00000     0.00000     0.00000     0.00000     0.00000     0.00000
     0.00000     1.66044     0.00000     1.23517
     0.00000     0.00000     0.00000     0.00000     0.00000     0.00000
     1.28679     0.00000     0.95181     0.00000
     0.00000     0.00000     0.00000     0.00000     0.00000     0.00000
     0.00000     1.23517     0.00000     0.91766

     ------------------- End of pseudopotential generation -------------------

     --------------------------- All-electron run ----------------------------

     Tc                                                                         
     dirac relativistic calculation

     atomic number is 43.00
     dft = SLA  PZ   NOGX NOGC   lsd =0 sic =0 latt =0  beta=0.20 tr2=1.0E-14
     Exchange-correlation=  SLA  PZ   NOGX NOGC
                           (   1   1   0   0   0   0   0)
     mesh =1231 r(mesh) = 100.86670 a.u. xmin = -7.00 dx = 0.01250
     1 Ry =  13.60569312 eV, c = 137.03599908

     n l j   nl                  e(Ry)          e(Ha)          e(eV)
     Spin orbit split results
     1 0 0.5 1S 1( 2.00)     -1530.9609      -765.4804    -20829.7835
     2 0 0.5 2S 1( 2.00)      -218.4227      -109.2114     -2971.7924
     2 1 0.5 2P 1( 2.00)      -201.5484      -100.7742     -2742.2054
     2 1 1.5 2P 1( 4.00)      -192.8713       -96.4357     -2624.1483
     3 0 0.5 3S 1( 2.00)       -37.9967       -18.9983      -516.9708
     3 1 0.5 3P 1( 2.00)       -31.5072       -15.7536      -428.6777
     3 1 1.5 3P 1( 4.00)       -30.0550       -15.0275      -408.9193
     4 0 0.5 4S 1( 2.00)        -5.3822        -2.6911       -73.2289
     4 1 0.5 4P 1( 2.00)        -3.4778        -1.7389       -47.3179
     4 1 1.5 4P 1( 4.00)        -3.2578        -1.6289       -44.3242
     3 2 1.5 3D 1( 4.00)       -18.5295        -9.2648      -252.1071
     3 2 2.5 3D 1( 6.00)       -18.2501        -9.1250      -248.3051
     4 2 1.5 4D 1( 4.00)        -0.5081        -0.2541        -6.9133
     4 2 2.5 4D 1( 1.00)        -0.4871        -0.2435        -6.6267
     5 0 0.5 5S 1( 2.00)        -0.3859        -0.1929        -5.2499
     5 1 0.5 5P 1( 0.00)        -0.1191        -0.0595        -1.6199
     5 1 1.5 5P 1( 0.00)        -0.1084        -0.0542        -1.4753
     Averaged results
     1 0     1S 1( 2.00)     -1530.9609      -765.4804    -20829.7835
     2 0     2S 1( 2.00)      -218.4227      -109.2114     -2971.7924
     2 1     2P 1( 6.00)      -195.7637       -97.8818     -2663.5007
     3 0     3S 1( 2.00)       -37.9967       -18.9983      -516.9708
     3 1     3P 1( 6.00)       -30.5391       -15.2695      -415.5054
     4 0     4S 1( 2.00)        -5.3822        -2.6911       -73.2289
     4 1     4P 1( 6.00)        -3.3311        -1.6656       -45.3221
     3 2     3D 1(10.00)       -18.3619        -9.1809      -249.8259
     4 2     4D 1( 5.00)        -0.4955        -0.2477        -6.7413
     5 0     5S 1( 2.00)        -0.3859        -0.1929        -5.2499
     5 1     5P 1( 0.00)        -0.1120        -0.0560        -1.5235

     final scf error:  5.2E-15 reached in  36 iterations
 
     Etot =   -8563.912074 Ry,   -4281.956037 Ha, -116517.959611 eV

     Ekin =    8893.482598 Ry,    4446.741299 Ha,  121001.995017 eV
     Encl =  -20703.751985 Ry,  -10351.875993 Ha, -281688.896006 eV
     Eh   =    3494.490079 Ry,    1747.245039 Ha,   47544.959631 eV
     Exc  =    -248.132765 Ry,    -124.066382 Ha,   -3376.018253 eV


     normalization and overlap integrals

     s(1S/1S) =  1.000000  <r> =   0.0343  <r2> =    0.0016  r(max) =   0.0224
     s(1S/2S) =  0.000000
     s(1S/3S) = -0.000000
     s(1S/4S) =  0.000000
     s(1S/5S) =  0.000000
     s(2S/2S) =  1.000000  <r> =   0.1494  <r2> =    0.0264  r(max) =   0.1257
     s(2S/3S) =  0.000000
     s(2S/4S) =  0.000000
     s(2S/5S) =  0.000000
     s(2P/2P) =  1.000000  <r> =   0.1272  <r2> =    0.0199  r(max) =   0.0979
     s(2P/3P) =  0.000000
     s(2P/4P) =  0.000000
     s(2P/5P) =  0.000000
     s(2P/2P) =  1.000000  <r> =   0.1318  <r2> =    0.0212  r(max) =   0.1017
     s(2P/3P) =  0.000000
     s(2P/4P) =  0.000000
     s(2P/5P) =  0.000000
     s(3S/3S) =  1.000000  <r> =   0.4160  <r2> =    0.1983  r(max) =   0.3730
     s(3S/4S) =  0.000000
     s(3S/5S) =  0.000000
     s(3P/3P) =  1.000000  <r> =   0.4096  <r2> =    0.1954  r(max) =   0.3593
     s(3P/4P) =  0.000000
     s(3P/5P) =  0.000000
     s(3P/3P) =  1.000000  <r> =   0.4202  <r2> =    0.2055  r(max) =   0.3684
     s(3P/4P) =  0.000000
     s(3P/5P) =  0.000000
     s(4S/4S) =  1.000000  <r> =   1.0568  <r2> =    1.2670  r(max) =   0.9525
     s(4S/5S) =  0.000000
     s(4P/4P) =  1.000000  <r> =   1.1514  <r2> =    1.5215  r(max) =   1.0013
     s(4P/5P) = -0.000000
     s(4P/4P) =  1.000000  <r> =   1.1824  <r2> =    1.6052  r(max) =   1.0266
     s(4P/5P) = -0.000000
     s(3D/3D) =  1.000000  <r> =   0.3973  <r2> =    0.1896  r(max) =   0.3092
     s(3D/4D) =  0.000000
     s(3D/3D) =  1.000000  <r> =   0.4008  <r2> =    0.1928  r(max) =   0.3131
     s(3D/4D) = -0.000000
     s(4D/4D) =  1.000000  <r> =   1.7178  <r2> =    3.6379  r(max) =   1.2697
     s(4D/4D) =  1.000000  <r> =   1.7412  <r2> =    3.7432  r(max) =   1.2857
     s(5S/5S) =  1.000000  <r> =   3.2750  <r2> =   12.3111  r(max) =   2.7218
     s(5P/5P) =  1.000000  <r> =   4.5278  <r2> =   24.0886  r(max) =   3.5834
     s(5P/5P) =  1.000000  <r> =   4.6840  <r2> =   25.7887  r(max) =   3.6741

     ------------------------ End of All-electron run ------------------------


     ---------------------- Testing the pseudopotential ----------------------

     Tc                                                                         
     dirac relativistic calculation

     atomic number is 43.00   valence charge is 15.00
     dft = SLA  PZ   NOGX NOGC   lsd =0 sic =0 latt =0  beta=0.20 tr2=1.0E-14
     mesh =1231 r(mesh) = 100.86670 xmin = -7.00 dx = 0.01250

     n l  j  nl             e AE (Ry)       e PS (Ry)    De AE-PS (Ry) 
     1 0 0.5 4S   1( 2.00)       -5.38223       -5.38223        0.00000
     2 0 0.5 5S   1( 2.00)       -0.38586       -0.38586       -0.00000
     2 1 0.5 4P   1( 2.00)       -3.47780       -3.47781        0.00001
     2 1 1.5 4P   1( 4.00)       -3.25777       -3.25778        0.00001
     3 1 0.5 5P   1( 0.00)       -0.11906       -0.11906       -0.00000
     3 1 1.5 5P   1( 0.00)       -0.10843       -0.10843       -0.00000
     3 2 1.5 4D   1( 4.00)       -0.50812       -0.50813        0.00000
     3 2 2.5 4D   1( 1.00)       -0.48705       -0.48706        0.00001

     eps = 2.4E-15  iter =  4
 
     Etot =   -8563.912074 Ry,   -4281.956037 Ha, -116517.959611 eV
     Etotps =  -387.184833 Ry,    -193.592417 Ha,   -5267.918021 eV

     Ekin =     229.108258 Ry,     114.554129 Ha,    3117.176655 eV
     Encl =    -501.086433 Ry,    -250.543216 Ha,   -6817.628230 eV
     Ehrt =     132.926092 Ry,      66.463046 Ha,    1808.551622 eV
     Ecxc =    -248.132751 Ry,    -124.066376 Ha,   -3376.018068 eV
     (Ecc =     -17.556983 Ry,      -8.778492 Ha,    -238.874925 eV)

     ---------------------- End of pseudopotential test ----------------------

