[0] MPI startup(): I_MPI_SHM_LMT environment variable is not supported.
[0] MPI startup(): Similar variables:
	 I_MPI_SHM_HEAP
	 I_MPI_SHM
	 I_MPI_SHM_OPT
	 I_MPI_SHM_THP
[0] MPI startup(): To check the list of supported variables, use the impi_info utility or refer to https://software.intel.com/en-us/mpi-library/documentation/get-started.

     Program LD1 v.7.3.1 starts on 19Sep2024 at 21:48:23 

     This program is part of the open-source Quantum ESPRESSO suite
     for quantum simulation of materials; please cite
         "P. Giannozzi et al., J. Phys.:Condens. Matter 21 395502 (2009);
         "P. Giannozzi et al., J. Phys.:Condens. Matter 29 465901 (2017);
         "P. Giannozzi et al., J. Chem. Phys. 152 154105 (2020);
          URL http://www.quantum-espresso.org", 
     in publications or presentations arising from this work. More details at
     http://www.quantum-espresso.org/quote

     Parallel version (MPI), running on     1 processors

     MPI processes distributed on     1 nodes
     89607 MiB available memory on the printing compute node when the environment starts
 
     Waiting for input...
     Reading input from standard input
     --------------------------- All-electron run ----------------------------

     Te                                                                         
     dirac relativistic calculation

     atomic number is 52.00
     dft =LDA   lsd =0 sic =0 latt =0  beta=0.20 tr2=1.0E-14
     Exchange-correlation= LDA
                           (   1   1   0   0   0   0   0)
     mesh =1245 r(mesh) =  99.36066 a.u. xmin = -7.00 dx = 0.01250
     1 Ry =  13.60569312 eV, c = 137.03599908

     n l j   nl                  e(Ry)          e(Ha)          e(eV)
     Spin orbit split results
     1 0 0.5 1S 1( 2.00)     -2320.4144     -1160.2072    -31570.8458
     2 0 0.5 2S 1( 2.00)      -355.7803      -177.8901     -4840.6374
     2 1 0.5 2P 1( 2.00)      -333.5092      -166.7546     -4537.6244
     2 1 1.5 2P 1( 4.00)      -313.3626      -156.6813     -4263.5153
     3 0 0.5 3S 1( 2.00)       -70.7551       -35.3776      -962.6727
     3 1 0.5 3P 1( 2.00)       -61.5834       -30.7917      -837.8845
     3 1 1.5 3P 1( 4.00)       -57.8297       -28.9149      -786.8133
     4 0 0.5 4S 1( 2.00)       -12.0279        -6.0140      -163.6484
     4 1 0.5 4P 1( 2.00)        -8.8717        -4.4359      -120.7062
     4 1 1.5 4P 1( 4.00)        -8.1513        -4.0757      -110.9044
     3 2 1.5 3D 1( 4.00)       -41.5894       -20.7947      -565.8530
     3 2 2.5 3D 1( 6.00)       -40.8036       -20.4018      -555.1614
     4 2 1.5 4D 1( 4.00)        -3.1125        -1.5563       -42.3480
     4 2 2.5 4D 1( 6.00)        -3.0040        -1.5020       -40.8720
     5 0 0.5 5S 1( 2.00)        -1.1190        -0.5595       -15.2242
     5 1 0.5 5P 1( 2.00)        -0.4844        -0.2422        -6.5901
     5 1 1.5 5P 1( 2.00)        -0.4245        -0.2123        -5.7759
     Averaged results
     1 0     1S 1( 2.00)     -2320.4144     -1160.2072    -31570.8458
     2 0     2S 1( 2.00)      -355.7803      -177.8901     -4840.6374
     2 1     2P 1( 6.00)      -320.0781      -160.0391     -4354.8850
     3 0     3S 1( 2.00)       -70.7551       -35.3776      -962.6727
     3 1     3P 1( 6.00)       -59.0809       -29.5405      -803.8370
     4 0     4S 1( 2.00)       -12.0279        -6.0140      -163.6484
     4 1     4P 1( 6.00)        -8.3915        -4.1957      -114.1716
     3 2     3D 1(10.00)       -41.1179       -20.5590      -559.4380
     4 2     4D 1(10.00)        -3.0474        -1.5237       -41.4624
     5 0     5S 1( 2.00)        -1.1190        -0.5595       -15.2242
     5 1     5P 1( 4.00)        -0.4445        -0.2222        -6.0473

     final scf error:  9.8E-15 reached in  37 iterations
 
     Etot =  -13582.372681 Ry,   -6791.186341 Ha, -184797.594581 eV

     Ekin =   14361.081142 Ry,    7180.540571 Ha,  195392.462931 eV
     Encl =  -33007.325629 Ry,  -16503.662815 Ha, -449087.543324 eV
     Eh   =    5404.588262 Ry,    2702.294131 Ha,   73533.169354 eV
     Exc  =    -340.716456 Ry,    -170.358228 Ha,   -4635.683542 eV


     normalization and overlap integrals

     s(1S/1S) =  1.000000  <r> =   0.0278  <r2> =    0.0010  r(max) =   0.0181
     s(1S/2S) = -0.000000
     s(1S/3S) = -0.000000
     s(1S/4S) =  0.000000
     s(1S/5S) =  0.000000
     s(2S/2S) =  1.000000  <r> =   0.1195  <r2> =    0.0169  r(max) =   0.1014
     s(2S/3S) =  0.000000
     s(2S/4S) =  0.000000
     s(2S/5S) =  0.000000
     s(2P/2P) =  1.000000  <r> =   0.1009  <r2> =    0.0125  r(max) =   0.0780
     s(2P/3P) =  0.000000
     s(2P/4P) =  0.000000
     s(2P/5P) =  0.000000
     s(2P/2P) =  1.000000  <r> =   0.1064  <r2> =    0.0138  r(max) =   0.0830
     s(2P/3P) =  0.000000
     s(2P/4P) =  0.000000
     s(2P/5P) =  0.000000
     s(3S/3S) =  1.000000  <r> =   0.3223  <r2> =    0.1189  r(max) =   0.2934
     s(3S/4S) =  0.000000
     s(3S/5S) =  0.000000
     s(3P/3P) =  1.000000  <r> =   0.3126  <r2> =    0.1136  r(max) =   0.2791
     s(3P/4P) =  0.000000
     s(3P/5P) =  0.000000
     s(3P/3P) =  1.000000  <r> =   0.3240  <r2> =    0.1218  r(max) =   0.2897
     s(3P/4P) =  0.000000
     s(3P/5P) =  0.000000
     s(4S/4S) =  1.000000  <r> =   0.7647  <r2> =    0.6616  r(max) =   0.7038
     s(4S/5S) =  0.000000
     s(4P/4P) =  1.000000  <r> =   0.8015  <r2> =    0.7335  r(max) =   0.7216
     s(4P/5P) =  0.000000
     s(4P/4P) =  1.000000  <r> =   0.8307  <r2> =    0.7879  r(max) =   0.7492
     s(4P/5P) = -0.000000
     s(3D/3D) =  1.000000  <r> =   0.2949  <r2> =    0.1031  r(max) =   0.2372
     s(3D/4D) =  0.000000
     s(3D/3D) =  1.000000  <r> =   0.2985  <r2> =    0.1055  r(max) =   0.2402
     s(3D/4D) = -0.000000
     s(4D/4D) =  1.000000  <r> =   0.9662  <r2> =    1.0990  r(max) =   0.8076
     s(4D/4D) =  1.000000  <r> =   0.9788  <r2> =    1.1279  r(max) =   0.8177
     s(5S/5S) =  1.000000  <r> =   2.0801  <r2> =    4.9214  r(max) =   1.7972
     s(5P/5P) =  1.000000  <r> =   2.5802  <r2> =    7.7251  r(max) =   2.0881
     s(5P/5P) =  1.000000  <r> =   2.7156  <r2> =    8.5692  r(max) =   2.1952

     ------------------------ End of All-electron run ------------------------


     --------------------- Generating PAW atomic setup --------------------


      Generating local potential from pseudized AE potential:
      Matching radius rcloc =   2.1000

      Local pseudo, rcloc= 2.114 Estimated cut-off energy=     5.59 Ry

      Computing core charge for nlcc: 

       r > 0.90 : true rho core
       r < 0.90 : rho core = a sin(br)/r    a=  19.30  b=   2.78

      Integrated core pseudo-charge :   9.22

     Fully relativistic calculation: |psi|^2

     Wfc 5S LC norm =  0.99989816 SC norm =  0.00009994 missing  0.00000191
     Speed at rcutus      0.737 a.u.,  v/c =  0.005379,  (v/c)^2 =  0.00002893

     Wfc 5P LC norm =  0.99993447 SC norm =  0.00006523 missing  0.00000030
     Speed at rcutus      0.611 a.u.,  v/c =  0.004457,  (v/c)^2 =  0.00001986

     Wfc 5P LC norm =  0.99994095 SC norm =  0.00005452 missing  0.00000453
     Speed at rcutus      0.627 a.u.,  v/c =  0.004573,  (v/c)^2 =  0.00002091

     Wfc 4D LC norm =  0.99959361 SC norm =  0.00040638 missing  0.00000001
     Speed at rcutus      0.038 a.u.,  v/c =  0.000279,  (v/c)^2 =  0.00000008

     Wfc 4D LC norm =  0.99960250 SC norm =  0.00039744 missing  0.00000006
     Speed at rcutus      0.145 a.u.,  v/c =  0.001057,  (v/c)^2 =  0.00000112
      Wfc-us  5S rcutus= 2.011  Estimated cut-off energy=    11.53 Ry
      Wfc-us  5S rcutus= 2.011  Estimated cut-off energy=    26.56 Ry
      Wfc-us  5P rcutus= 2.396  Estimated cut-off energy=    13.40 Ry
      Wfc-us  5P rcutus= 2.396  Estimated cut-off energy=    13.27 Ry
      Wfc-us  5P rcutus= 2.396  Estimated cut-off energy=    13.26 Ry
      Wfc-us  5P rcutus= 2.396  Estimated cut-off energy=    12.73 Ry
      Wfc-us  4D rcutus= 1.688  Estimated cut-off energy=    42.77 Ry
      Wfc-us  4D rcutus= 1.688  Estimated cut-off energy=    42.69 Ry
      Wfc-us  4D rcutus= 1.688  Estimated cut-off energy=    34.96 Ry
      Wfc-us  4D rcutus= 1.688  Estimated cut-off energy=    34.78 Ry

      The bmat matrix
     2.02975     1.68009     0.00000     0.00000     0.00000     0.00000
     0.00000     0.00000     0.00000     0.00000
     1.07655     1.06197     0.00000     0.00000     0.00000     0.00000
     0.00000     0.00000     0.00000     0.00000
     0.00000     0.00000     0.73904     0.00000     1.78399     0.00000
     0.00000     0.00000     0.00000     0.00000
     0.00000     0.00000     0.00000     0.67729     0.00000     1.84612
     0.00000     0.00000     0.00000     0.00000
     0.00000     0.00000     0.77632     0.00000     2.54794     0.00000
     0.00000     0.00000     0.00000     0.00000
     0.00000     0.00000     0.00000     0.81441     0.00000     2.96533
     0.00000     0.00000     0.00000     0.00000
     0.00000     0.00000     0.00000     0.00000     0.00000     0.00000
    -2.67617     0.00000    -1.23382     0.00000
     0.00000     0.00000     0.00000     0.00000     0.00000     0.00000
     0.00000    -2.68212     0.00000    -1.27362
     0.00000     0.00000     0.00000     0.00000     0.00000     0.00000
     0.11754     0.00000     0.14054     0.00000
     0.00000     0.00000     0.00000     0.00000     0.00000     0.00000
     0.00000     0.04451     0.00000     0.10823

      The bmat + epsilon qq matrix
     2.28764     1.16761     0.00000     0.00000     0.00000     0.00000
     0.00000     0.00000     0.00000     0.00000
     1.16757     1.10725     0.00000     0.00000     0.00000     0.00000
     0.00000     0.00000     0.00000     0.00000
     0.00000     0.00000     0.79470     0.00000     0.84831     0.00000
     0.00000     0.00000     0.00000     0.00000
     0.00000     0.00000     0.00000     0.71898     0.00000     0.87961
     0.00000     0.00000     0.00000     0.00000
     0.00000     0.00000     0.84825     0.00000     1.01805     0.00000
     0.00000     0.00000     0.00000     0.00000
     0.00000     0.00000     0.00000     0.87953     0.00000     1.14920
     0.00000     0.00000     0.00000     0.00000
     0.00000     0.00000     0.00000     0.00000     0.00000     0.00000
    -4.24906     0.00000    -0.83569     0.00000
     0.00000     0.00000     0.00000     0.00000     0.00000     0.00000
     0.00000    -4.15161     0.00000    -0.87548
     0.00000     0.00000     0.00000     0.00000     0.00000     0.00000
    -0.83568     0.00000     0.32235     0.00000
     0.00000     0.00000     0.00000     0.00000     0.00000     0.00000
     0.00000    -0.87550     0.00000     0.29823

      The qq matrix
    -0.23047    -0.08135     0.00000     0.00000     0.00000     0.00000
     0.00000     0.00000     0.00000     0.00000
    -0.08135     0.00719     0.00000     0.00000     0.00000     0.00000
     0.00000     0.00000     0.00000     0.00000
     0.00000     0.00000    -0.11491     0.00000    -0.14852     0.00000
     0.00000     0.00000     0.00000     0.00000
     0.00000     0.00000     0.00000    -0.09821     0.00000    -0.15341
     0.00000     0.00000     0.00000     0.00000
     0.00000     0.00000    -0.14852     0.00000    -0.24284     0.00000
     0.00000     0.00000     0.00000     0.00000
     0.00000     0.00000     0.00000    -0.15341     0.00000    -0.28827
     0.00000     0.00000     0.00000     0.00000
     0.00000     0.00000     0.00000     0.00000     0.00000     0.00000
     0.50534     0.00000     0.30626     0.00000
     0.00000     0.00000     0.00000     0.00000     0.00000     0.00000
     0.00000     0.48917     0.00000     0.30626
     0.00000     0.00000     0.00000     0.00000     0.00000     0.00000
     0.30626     0.00000     0.13986     0.00000
     0.00000     0.00000     0.00000     0.00000     0.00000     0.00000
     0.00000     0.30626     0.00000     0.14615


    multipoles (all-electron charge) - (pseudo charge)
        ns l1:ns1 l2    l=0     l=1     l=2     l=3     l=4     l=5  
         1  0:  1  0 -0.2305
         2  0:  1  0 -0.0814
         2  0:  2  0  0.0072
         3  1:  1  0  0.0000  0.1967
         3  1:  2  0  0.0000  0.0812
         3  1:  3  1 -0.1149  0.0000 -0.2229
         4  1:  1  0  0.0000  0.1877
         4  1:  2  0  0.0000  0.0819
         4  1:  3  1 -0.1068  0.0000 -0.2133
         4  1:  4  1 -0.0982  0.0000 -0.2027
         5  1:  1  0  0.0000  0.2421
         5  1:  2  0  0.0000  0.1167
         5  1:  3  1 -0.1485  0.0000 -0.1970
         5  1:  4  1 -0.1381  0.0000 -0.1872
         5  1:  5  1 -0.2428  0.0000 -0.2638
         6  1:  1  0  0.0000  0.2746
         6  1:  2  0  0.0000  0.1370
         6  1:  3  1 -0.1663  0.0000 -0.2316
         6  1:  4  1 -0.1534  0.0000 -0.2188
         6  1:  5  1 -0.2651  0.0000 -0.2950
         6  1:  6  1 -0.2883  0.0000 -0.3296
         7  2:  1  0  0.0000  0.0000  0.2453
         7  2:  2  0  0.0000  0.0000  0.0423
         7  2:  3  1  0.0000 -0.2446  0.0000 -0.2529
         7  2:  4  1  0.0000 -0.2487  0.0000 -0.2633
         7  2:  5  1  0.0000 -0.2528  0.0000 -0.2122
         7  2:  6  1  0.0000 -0.2996  0.0000 -0.2732
         7  2:  7  2  0.5053  0.0000  0.3023  0.0000  0.2456
         8  2:  1  0  0.0000  0.0000  0.2475
         8  2:  2  0  0.0000  0.0000  0.0425
         8  2:  3  1  0.0000 -0.2460  0.0000 -0.2564
         8  2:  4  1  0.0000 -0.2501  0.0000 -0.2668
         8  2:  5  1  0.0000 -0.2543  0.0000 -0.2150
         8  2:  6  1  0.0000 -0.3016  0.0000 -0.2767
         8  2:  7  2  0.4966  0.0000  0.2983  0.0000  0.2432
         8  2:  8  2  0.4892  0.0000  0.2947  0.0000  0.2411
         9  2:  1  0  0.0000  0.0000 -0.0211
         9  2:  2  0  0.0000  0.0000 -0.0028
         9  2:  3  1  0.0000  0.0095  0.0000  0.1072
         9  2:  4  1  0.0000  0.0084  0.0000  0.1078
         9  2:  5  1  0.0000 -0.0064  0.0000  0.0374
         9  2:  6  1  0.0000 -0.0012  0.0000  0.0613
         9  2:  7  2  0.3063  0.0000  0.1810  0.0000  0.1464
         9  2:  8  2  0.3025  0.0000  0.1802  0.0000  0.1468
         9  2:  9  2  0.1399  0.0000  0.0601  0.0000  0.0269
        10  2:  1  0  0.0000  0.0000 -0.0149
        10  2:  2  0  0.0000  0.0000 -0.0020
        10  2:  3  1  0.0000  0.0041  0.0000  0.1006
        10  2:  4  1  0.0000  0.0028  0.0000  0.1007
        10  2:  5  1  0.0000 -0.0122  0.0000  0.0314
        10  2:  6  1  0.0000 -0.0083  0.0000  0.0538
        10  2:  7  2  0.3094  0.0000  0.1840  0.0000  0.1494
        10  2:  8  2  0.3063  0.0000  0.1831  0.0000  0.1494
        10  2:  9  2  0.1428  0.0000  0.0627  0.0000  0.0292
        10  2: 10  2  0.1462  0.0000  0.0658  0.0000  0.0336
     Required augmentation: PSQ   radius:    1.400000

     Q pseudized with Bessel functions
     Expected ecutrho=     211.0648 due to l1=  2   l2=  2

     Estimated PAW energy = -501.654464 Ryd

     The PAW screened D coefficients
     2.28763     1.16758     0.00000     0.00000     0.00000     0.00000
     0.00000     0.00000     0.00000     0.00000
     1.16758     1.10740     0.00000     0.00000     0.00000     0.00000
     0.00000     0.00000     0.00000     0.00000
     0.00000     0.00000     0.79470     0.00000     0.84825     0.00000
     0.00000     0.00000     0.00000     0.00000
     0.00000     0.00000     0.00000     0.71898     0.00000     0.87954
     0.00000     0.00000     0.00000     0.00000
     0.00000     0.00000     0.84825     0.00000     1.01809     0.00000
     0.00000     0.00000     0.00000     0.00000
     0.00000     0.00000     0.00000     0.87954     0.00000     1.14925
     0.00000     0.00000     0.00000     0.00000
     0.00000     0.00000     0.00000     0.00000     0.00000     0.00000
    -4.24906     0.00000    -0.83568     0.00000
     0.00000     0.00000     0.00000     0.00000     0.00000     0.00000
     0.00000    -4.15162     0.00000    -0.87549
     0.00000     0.00000     0.00000     0.00000     0.00000     0.00000
    -0.83568     0.00000     0.32235     0.00000
     0.00000     0.00000     0.00000     0.00000     0.00000     0.00000
     0.00000    -0.87549     0.00000     0.29826

     The PAW descreened D coefficients (US)
     1.14625     1.44111     0.00000     0.00000     0.00000     0.00000
     0.00000     0.00000     0.00000     0.00000
     1.44111     1.03339     0.00000     0.00000     0.00000     0.00000
     0.00000     0.00000     0.00000     0.00000
     0.00000     0.00000     0.45690     0.00000     0.24714     0.00000
     0.00000     0.00000     0.00000     0.00000
     0.00000     0.00000     0.00000     0.48574     0.00000     0.30287
     0.00000     0.00000     0.00000     0.00000
     0.00000     0.00000     0.24714     0.00000    -0.19924     0.00000
     0.00000     0.00000     0.00000     0.00000
     0.00000     0.00000     0.00000     0.30287     0.00000    -0.25535
     0.00000     0.00000     0.00000     0.00000
     0.00000     0.00000     0.00000     0.00000     0.00000     0.00000
     0.65469     0.00000     2.24823     0.00000
     0.00000     0.00000     0.00000     0.00000     0.00000     0.00000
     0.00000     0.57841     0.00000     2.19154
     0.00000     0.00000     0.00000     0.00000     0.00000     0.00000
     2.24823     0.00000     2.03907     0.00000
     0.00000     0.00000     0.00000     0.00000     0.00000     0.00000
     0.00000     2.19154     0.00000     2.06613

     ------------------- End of pseudopotential generation -------------------

     --------------------------- All-electron run ----------------------------

     Te                                                                         
     dirac relativistic calculation

     atomic number is 52.00
     dft = SLA  PZ   NOGX NOGC   lsd =0 sic =0 latt =0  beta=0.20 tr2=1.0E-14
     Exchange-correlation=  SLA  PZ   NOGX NOGC
                           (   1   1   0   0   0   0   0)
     mesh =1245 r(mesh) =  99.36066 a.u. xmin = -7.00 dx = 0.01250
     1 Ry =  13.60569312 eV, c = 137.03599908

     n l j   nl                  e(Ry)          e(Ha)          e(eV)
     Spin orbit split results
     1 0 0.5 1S 1( 2.00)     -2320.4144     -1160.2072    -31570.8458
     2 0 0.5 2S 1( 2.00)      -355.7803      -177.8901     -4840.6374
     2 1 0.5 2P 1( 2.00)      -333.5092      -166.7546     -4537.6244
     2 1 1.5 2P 1( 4.00)      -313.3626      -156.6813     -4263.5153
     3 0 0.5 3S 1( 2.00)       -70.7551       -35.3776      -962.6727
     3 1 0.5 3P 1( 2.00)       -61.5834       -30.7917      -837.8845
     3 1 1.5 3P 1( 4.00)       -57.8297       -28.9149      -786.8133
     4 0 0.5 4S 1( 2.00)       -12.0279        -6.0140      -163.6484
     4 1 0.5 4P 1( 2.00)        -8.8717        -4.4359      -120.7062
     4 1 1.5 4P 1( 4.00)        -8.1513        -4.0757      -110.9044
     3 2 1.5 3D 1( 4.00)       -41.5894       -20.7947      -565.8530
     3 2 2.5 3D 1( 6.00)       -40.8036       -20.4018      -555.1614
     4 2 1.5 4D 1( 4.00)        -3.1125        -1.5563       -42.3480
     4 2 2.5 4D 1( 6.00)        -3.0040        -1.5020       -40.8720
     5 0 0.5 5S 1( 2.00)        -1.1190        -0.5595       -15.2242
     5 1 0.5 5P 1( 2.00)        -0.4844        -0.2422        -6.5901
     5 1 1.5 5P 1( 2.00)        -0.4245        -0.2123        -5.7759
     Averaged results
     1 0     1S 1( 2.00)     -2320.4144     -1160.2072    -31570.8458
     2 0     2S 1( 2.00)      -355.7803      -177.8901     -4840.6374
     2 1     2P 1( 6.00)      -320.0781      -160.0391     -4354.8850
     3 0     3S 1( 2.00)       -70.7551       -35.3776      -962.6727
     3 1     3P 1( 6.00)       -59.0809       -29.5405      -803.8370
     4 0     4S 1( 2.00)       -12.0279        -6.0140      -163.6484
     4 1     4P 1( 6.00)        -8.3915        -4.1957      -114.1716
     3 2     3D 1(10.00)       -41.1179       -20.5590      -559.4380
     4 2     4D 1(10.00)        -3.0474        -1.5237       -41.4624
     5 0     5S 1( 2.00)        -1.1190        -0.5595       -15.2242
     5 1     5P 1( 4.00)        -0.4445        -0.2222        -6.0473

     final scf error:  9.8E-15 reached in  37 iterations
 
     Etot =  -13582.372681 Ry,   -6791.186341 Ha, -184797.594581 eV

     Ekin =   14361.081142 Ry,    7180.540571 Ha,  195392.462931 eV
     Encl =  -33007.325629 Ry,  -16503.662815 Ha, -449087.543324 eV
     Eh   =    5404.588262 Ry,    2702.294131 Ha,   73533.169354 eV
     Exc  =    -340.716456 Ry,    -170.358228 Ha,   -4635.683542 eV


     normalization and overlap integrals

     s(1S/1S) =  1.000000  <r> =   0.0278  <r2> =    0.0010  r(max) =   0.0181
     s(1S/2S) = -0.000000
     s(1S/3S) = -0.000000
     s(1S/4S) =  0.000000
     s(1S/5S) =  0.000000
     s(2S/2S) =  1.000000  <r> =   0.1195  <r2> =    0.0169  r(max) =   0.1014
     s(2S/3S) =  0.000000
     s(2S/4S) =  0.000000
     s(2S/5S) =  0.000000
     s(2P/2P) =  1.000000  <r> =   0.1009  <r2> =    0.0125  r(max) =   0.0780
     s(2P/3P) =  0.000000
     s(2P/4P) =  0.000000
     s(2P/5P) =  0.000000
     s(2P/2P) =  1.000000  <r> =   0.1064  <r2> =    0.0138  r(max) =   0.0830
     s(2P/3P) =  0.000000
     s(2P/4P) =  0.000000
     s(2P/5P) =  0.000000
     s(3S/3S) =  1.000000  <r> =   0.3223  <r2> =    0.1189  r(max) =   0.2934
     s(3S/4S) =  0.000000
     s(3S/5S) =  0.000000
     s(3P/3P) =  1.000000  <r> =   0.3126  <r2> =    0.1136  r(max) =   0.2791
     s(3P/4P) =  0.000000
     s(3P/5P) =  0.000000
     s(3P/3P) =  1.000000  <r> =   0.3240  <r2> =    0.1218  r(max) =   0.2897
     s(3P/4P) =  0.000000
     s(3P/5P) =  0.000000
     s(4S/4S) =  1.000000  <r> =   0.7647  <r2> =    0.6616  r(max) =   0.7038
     s(4S/5S) =  0.000000
     s(4P/4P) =  1.000000  <r> =   0.8015  <r2> =    0.7335  r(max) =   0.7216
     s(4P/5P) =  0.000000
     s(4P/4P) =  1.000000  <r> =   0.8307  <r2> =    0.7879  r(max) =   0.7492
     s(4P/5P) = -0.000000
     s(3D/3D) =  1.000000  <r> =   0.2949  <r2> =    0.1031  r(max) =   0.2372
     s(3D/4D) =  0.000000
     s(3D/3D) =  1.000000  <r> =   0.2985  <r2> =    0.1055  r(max) =   0.2402
     s(3D/4D) = -0.000000
     s(4D/4D) =  1.000000  <r> =   0.9662  <r2> =    1.0990  r(max) =   0.8076
     s(4D/4D) =  1.000000  <r> =   0.9788  <r2> =    1.1279  r(max) =   0.8177
     s(5S/5S) =  1.000000  <r> =   2.0801  <r2> =    4.9214  r(max) =   1.7972
     s(5P/5P) =  1.000000  <r> =   2.5802  <r2> =    7.7251  r(max) =   2.0881
     s(5P/5P) =  1.000000  <r> =   2.7156  <r2> =    8.5692  r(max) =   2.1952

     ------------------------ End of All-electron run ------------------------


     ---------------------- Testing the pseudopotential ----------------------

     Te                                                                         
     dirac relativistic calculation

     atomic number is 52.00   valence charge is 16.00
     dft = SLA  PZ   NOGX NOGC   lsd =0 sic =0 latt =0  beta=0.20 tr2=1.0E-14
     mesh =1245 r(mesh) =  99.36066 xmin = -7.00 dx = 0.01250

     n l  j  nl             e AE (Ry)       e PS (Ry)    De AE-PS (Ry) 
     1 0 0.5 5S   1( 2.00)       -1.11896       -1.11896        0.00000
     2 1 0.5 5P   1( 2.00)       -0.48436       -0.48436        0.00000
     2 1 1.5 5P   1( 2.00)       -0.42452       -0.42452        0.00000
     3 2 1.5 4D   1( 4.00)       -3.11252       -3.11252        0.00000
     3 2 2.5 4D   1( 6.00)       -3.00403       -3.00403        0.00000

     eps = 1.9E-15  iter =  3
 
     Etot =  -13582.372681 Ry,   -6791.186341 Ha, -184797.594581 eV
     Etotps =  -501.654474 Ry,    -250.827237 Ha,   -6825.356830 eV

     Ekin =     338.701211 Ry,     169.350606 Ha,    4608.264739 eV
     Encl =    -662.169924 Ry,    -331.084962 Ha,   -9009.280775 eV
     Ehrt =     162.530703 Ry,      81.265351 Ha,    2211.342864 eV
     Ecxc =    -340.716465 Ry,    -170.358232 Ha,   -4635.683659 eV
     (Ecc =     -16.947025 Ry,      -8.473512 Ha,    -230.576018 eV)

     ---------------------- End of pseudopotential test ----------------------

