[0] MPI startup(): I_MPI_SHM_LMT environment variable is not supported.
[0] MPI startup(): Similar variables:
	 I_MPI_SHM_HEAP
	 I_MPI_SHM
	 I_MPI_SHM_OPT
	 I_MPI_SHM_THP
[0] MPI startup(): To check the list of supported variables, use the impi_info utility or refer to https://software.intel.com/en-us/mpi-library/documentation/get-started.

     Program LD1 v.7.3.1 starts on 19Sep2024 at 21:48:23 

     This program is part of the open-source Quantum ESPRESSO suite
     for quantum simulation of materials; please cite
         "P. Giannozzi et al., J. Phys.:Condens. Matter 21 395502 (2009);
         "P. Giannozzi et al., J. Phys.:Condens. Matter 29 465901 (2017);
         "P. Giannozzi et al., J. Chem. Phys. 152 154105 (2020);
          URL http://www.quantum-espresso.org", 
     in publications or presentations arising from this work. More details at
     http://www.quantum-espresso.org/quote

     Parallel version (MPI), running on     1 processors

     MPI processes distributed on     1 nodes
     89601 MiB available memory on the printing compute node when the environment starts
 
     Waiting for input...
     Reading input from standard input
     --------------------------- All-electron run ----------------------------

     Te                                                                         
     dirac relativistic calculation

     atomic number is 52.00
     dft =LDA   lsd =0 sic =0 latt =0  beta=0.20 tr2=1.0E-14
     Exchange-correlation= LDA
                           (   1   1   0   0   0   0   0)
     mesh =1245 r(mesh) =  99.36066 a.u. xmin = -7.00 dx = 0.01250
     1 Ry =  13.60569312 eV, c = 137.03599908

     n l j   nl                  e(Ry)          e(Ha)          e(eV)
     Spin orbit split results
     1 0 0.5 1S 1( 2.00)     -2320.4144     -1160.2072    -31570.8458
     2 0 0.5 2S 1( 2.00)      -355.7803      -177.8901     -4840.6374
     2 1 0.5 2P 1( 2.00)      -333.5092      -166.7546     -4537.6244
     2 1 1.5 2P 1( 4.00)      -313.3626      -156.6813     -4263.5153
     3 0 0.5 3S 1( 2.00)       -70.7551       -35.3776      -962.6727
     3 1 0.5 3P 1( 2.00)       -61.5834       -30.7917      -837.8845
     3 1 1.5 3P 1( 4.00)       -57.8297       -28.9149      -786.8133
     4 0 0.5 4S 1( 2.00)       -12.0279        -6.0140      -163.6484
     4 1 0.5 4P 1( 2.00)        -8.8717        -4.4359      -120.7062
     4 1 1.5 4P 1( 4.00)        -8.1513        -4.0757      -110.9044
     3 2 1.5 3D 1( 4.00)       -41.5894       -20.7947      -565.8530
     3 2 2.5 3D 1( 6.00)       -40.8036       -20.4018      -555.1614
     4 2 1.5 4D 1( 4.00)        -3.1125        -1.5563       -42.3480
     4 2 2.5 4D 1( 6.00)        -3.0040        -1.5020       -40.8720
     5 0 0.5 5S 1( 2.00)        -1.1190        -0.5595       -15.2242
     5 1 0.5 5P 1( 2.00)        -0.4844        -0.2422        -6.5901
     5 1 1.5 5P 1( 2.00)        -0.4245        -0.2123        -5.7759
     Averaged results
     1 0     1S 1( 2.00)     -2320.4144     -1160.2072    -31570.8458
     2 0     2S 1( 2.00)      -355.7803      -177.8901     -4840.6374
     2 1     2P 1( 6.00)      -320.0781      -160.0391     -4354.8850
     3 0     3S 1( 2.00)       -70.7551       -35.3776      -962.6727
     3 1     3P 1( 6.00)       -59.0809       -29.5405      -803.8370
     4 0     4S 1( 2.00)       -12.0279        -6.0140      -163.6484
     4 1     4P 1( 6.00)        -8.3915        -4.1957      -114.1716
     3 2     3D 1(10.00)       -41.1179       -20.5590      -559.4380
     4 2     4D 1(10.00)        -3.0474        -1.5237       -41.4624
     5 0     5S 1( 2.00)        -1.1190        -0.5595       -15.2242
     5 1     5P 1( 4.00)        -0.4445        -0.2222        -6.0473

     final scf error:  9.8E-15 reached in  37 iterations
 
     Etot =  -13582.372681 Ry,   -6791.186341 Ha, -184797.594581 eV

     Ekin =   14361.081142 Ry,    7180.540571 Ha,  195392.462931 eV
     Encl =  -33007.325629 Ry,  -16503.662815 Ha, -449087.543324 eV
     Eh   =    5404.588262 Ry,    2702.294131 Ha,   73533.169354 eV
     Exc  =    -340.716456 Ry,    -170.358228 Ha,   -4635.683542 eV


     normalization and overlap integrals

     s(1S/1S) =  1.000000  <r> =   0.0278  <r2> =    0.0010  r(max) =   0.0181
     s(1S/2S) = -0.000000
     s(1S/3S) = -0.000000
     s(1S/4S) =  0.000000
     s(1S/5S) =  0.000000
     s(2S/2S) =  1.000000  <r> =   0.1195  <r2> =    0.0169  r(max) =   0.1014
     s(2S/3S) =  0.000000
     s(2S/4S) =  0.000000
     s(2S/5S) =  0.000000
     s(2P/2P) =  1.000000  <r> =   0.1009  <r2> =    0.0125  r(max) =   0.0780
     s(2P/3P) =  0.000000
     s(2P/4P) =  0.000000
     s(2P/5P) =  0.000000
     s(2P/2P) =  1.000000  <r> =   0.1064  <r2> =    0.0138  r(max) =   0.0830
     s(2P/3P) =  0.000000
     s(2P/4P) =  0.000000
     s(2P/5P) =  0.000000
     s(3S/3S) =  1.000000  <r> =   0.3223  <r2> =    0.1189  r(max) =   0.2934
     s(3S/4S) =  0.000000
     s(3S/5S) =  0.000000
     s(3P/3P) =  1.000000  <r> =   0.3126  <r2> =    0.1136  r(max) =   0.2791
     s(3P/4P) =  0.000000
     s(3P/5P) =  0.000000
     s(3P/3P) =  1.000000  <r> =   0.3240  <r2> =    0.1218  r(max) =   0.2897
     s(3P/4P) =  0.000000
     s(3P/5P) =  0.000000
     s(4S/4S) =  1.000000  <r> =   0.7647  <r2> =    0.6616  r(max) =   0.7038
     s(4S/5S) =  0.000000
     s(4P/4P) =  1.000000  <r> =   0.8015  <r2> =    0.7335  r(max) =   0.7216
     s(4P/5P) =  0.000000
     s(4P/4P) =  1.000000  <r> =   0.8307  <r2> =    0.7879  r(max) =   0.7492
     s(4P/5P) = -0.000000
     s(3D/3D) =  1.000000  <r> =   0.2949  <r2> =    0.1031  r(max) =   0.2372
     s(3D/4D) =  0.000000
     s(3D/3D) =  1.000000  <r> =   0.2985  <r2> =    0.1055  r(max) =   0.2402
     s(3D/4D) = -0.000000
     s(4D/4D) =  1.000000  <r> =   0.9662  <r2> =    1.0990  r(max) =   0.8076
     s(4D/4D) =  1.000000  <r> =   0.9788  <r2> =    1.1279  r(max) =   0.8177
     s(5S/5S) =  1.000000  <r> =   2.0801  <r2> =    4.9214  r(max) =   1.7972
     s(5P/5P) =  1.000000  <r> =   2.5802  <r2> =    7.7251  r(max) =   2.0881
     s(5P/5P) =  1.000000  <r> =   2.7156  <r2> =    8.5692  r(max) =   2.1952

     ------------------------ End of All-electron run ------------------------


     --------------------- Generating US pseudopotential ---------------------


      Generating local potential from pseudized AE potential:
      Matching radius rcloc =   2.1000

      Local pseudo, rcloc= 2.114 Estimated cut-off energy=     5.59 Ry

      Computing core charge for nlcc: 

       r > 0.90 : true rho core
       r < 0.90 : rho core = a sin(br)/r    a=  19.30  b=   2.78

      Integrated core pseudo-charge :   9.22

     Fully relativistic calculation: |psi|^2

     Wfc 5S LC norm =  0.99989816 SC norm =  0.00009994 missing  0.00000191

     Wfc 5P LC norm =  0.99993447 SC norm =  0.00006523 missing  0.00000030

     Wfc 5P LC norm =  0.99994095 SC norm =  0.00005452 missing  0.00000453

     Wfc 4D LC norm =  0.99959361 SC norm =  0.00040638 missing  0.00000001

     Wfc 4D LC norm =  0.99960250 SC norm =  0.00039744 missing  0.00000006
      Wfc-us  5S rcutus= 2.011  Estimated cut-off energy=    11.53 Ry
      Wfc-us  5S rcutus= 2.011  Estimated cut-off energy=    26.56 Ry
      Wfc-us  5P rcutus= 2.396  Estimated cut-off energy=    13.40 Ry
      Wfc-us  5P rcutus= 2.396  Estimated cut-off energy=    13.27 Ry
      Wfc-us  5P rcutus= 2.396  Estimated cut-off energy=    13.26 Ry
      Wfc-us  5P rcutus= 2.396  Estimated cut-off energy=    12.73 Ry
      Wfc-us  4D rcutus= 1.688  Estimated cut-off energy=    42.77 Ry
      Wfc-us  4D rcutus= 1.688  Estimated cut-off energy=    42.69 Ry
      Wfc-us  4D rcutus= 1.688  Estimated cut-off energy=    34.96 Ry
      Wfc-us  4D rcutus= 1.688  Estimated cut-off energy=    34.78 Ry

      The bmat matrix
     2.02975     1.68009     0.00000     0.00000     0.00000     0.00000
     0.00000     0.00000     0.00000     0.00000
     1.07655     1.06197     0.00000     0.00000     0.00000     0.00000
     0.00000     0.00000     0.00000     0.00000
     0.00000     0.00000     0.73904     0.00000     1.78399     0.00000
     0.00000     0.00000     0.00000     0.00000
     0.00000     0.00000     0.00000     0.67729     0.00000     1.84612
     0.00000     0.00000     0.00000     0.00000
     0.00000     0.00000     0.77632     0.00000     2.54794     0.00000
     0.00000     0.00000     0.00000     0.00000
     0.00000     0.00000     0.00000     0.81441     0.00000     2.96533
     0.00000     0.00000     0.00000     0.00000
     0.00000     0.00000     0.00000     0.00000     0.00000     0.00000
    -2.67617     0.00000    -1.23382     0.00000
     0.00000     0.00000     0.00000     0.00000     0.00000     0.00000
     0.00000    -2.68212     0.00000    -1.27362
     0.00000     0.00000     0.00000     0.00000     0.00000     0.00000
     0.11754     0.00000     0.14054     0.00000
     0.00000     0.00000     0.00000     0.00000     0.00000     0.00000
     0.00000     0.04451     0.00000     0.10823

      The bmat + epsilon qq matrix
     2.28764     1.16761     0.00000     0.00000     0.00000     0.00000
     0.00000     0.00000     0.00000     0.00000
     1.16757     1.10725     0.00000     0.00000     0.00000     0.00000
     0.00000     0.00000     0.00000     0.00000
     0.00000     0.00000     0.79470     0.00000     0.84831     0.00000
     0.00000     0.00000     0.00000     0.00000
     0.00000     0.00000     0.00000     0.71898     0.00000     0.87961
     0.00000     0.00000     0.00000     0.00000
     0.00000     0.00000     0.84825     0.00000     1.01805     0.00000
     0.00000     0.00000     0.00000     0.00000
     0.00000     0.00000     0.00000     0.87953     0.00000     1.14920
     0.00000     0.00000     0.00000     0.00000
     0.00000     0.00000     0.00000     0.00000     0.00000     0.00000
    -4.24906     0.00000    -0.83569     0.00000
     0.00000     0.00000     0.00000     0.00000     0.00000     0.00000
     0.00000    -4.15161     0.00000    -0.87548
     0.00000     0.00000     0.00000     0.00000     0.00000     0.00000
    -0.83568     0.00000     0.32235     0.00000
     0.00000     0.00000     0.00000     0.00000     0.00000     0.00000
     0.00000    -0.87550     0.00000     0.29823

      The qq matrix
    -0.23047    -0.08135     0.00000     0.00000     0.00000     0.00000
     0.00000     0.00000     0.00000     0.00000
    -0.08135     0.00719     0.00000     0.00000     0.00000     0.00000
     0.00000     0.00000     0.00000     0.00000
     0.00000     0.00000    -0.11491     0.00000    -0.14852     0.00000
     0.00000     0.00000     0.00000     0.00000
     0.00000     0.00000     0.00000    -0.09821     0.00000    -0.15341
     0.00000     0.00000     0.00000     0.00000
     0.00000     0.00000    -0.14852     0.00000    -0.24284     0.00000
     0.00000     0.00000     0.00000     0.00000
     0.00000     0.00000     0.00000    -0.15341     0.00000    -0.28827
     0.00000     0.00000     0.00000     0.00000
     0.00000     0.00000     0.00000     0.00000     0.00000     0.00000
     0.50534     0.00000     0.30626     0.00000
     0.00000     0.00000     0.00000     0.00000     0.00000     0.00000
     0.00000     0.48917     0.00000     0.30626
     0.00000     0.00000     0.00000     0.00000     0.00000     0.00000
     0.30626     0.00000     0.13986     0.00000
     0.00000     0.00000     0.00000     0.00000     0.00000     0.00000
     0.00000     0.30626     0.00000     0.14615

     Q pseudized with Bessel functions
     Expected ecutrho=     211.0648 due to l1=  2   l2=  2

      The ddd matrix
     0.90605     0.93087     0.00000     0.00000     0.00000     0.00000
     0.00000     0.00000     0.00000     0.00000
     0.93087     1.11706     0.00000     0.00000     0.00000     0.00000
     0.00000     0.00000     0.00000     0.00000
     0.00000     0.00000     0.31601     0.00000     0.04601     0.00000
     0.00000     0.00000     0.00000     0.00000
     0.00000     0.00000     0.00000     0.34655     0.00000     0.09087
     0.00000     0.00000     0.00000     0.00000
     0.00000     0.00000     0.04601     0.00000    -0.47433     0.00000
     0.00000     0.00000     0.00000     0.00000
     0.00000     0.00000     0.00000     0.09087     0.00000    -0.57492
     0.00000     0.00000     0.00000     0.00000
     0.00000     0.00000     0.00000     0.00000     0.00000     0.00000
    -0.10519     0.00000     1.72735     0.00000
     0.00000     0.00000     0.00000     0.00000     0.00000     0.00000
     0.00000    -0.15070     0.00000     1.67813
     0.00000     0.00000     0.00000     0.00000     0.00000     0.00000
     1.72735     0.00000     1.63184     0.00000
     0.00000     0.00000     0.00000     0.00000     0.00000     0.00000
     0.00000     1.67813     0.00000     1.65378

     ------------------- End of pseudopotential generation -------------------

     --------------------------- All-electron run ----------------------------

     Te                                                                         
     dirac relativistic calculation

     atomic number is 52.00
     dft =LDA   lsd =0 sic =0 latt =0  beta=0.20 tr2=1.0E-14
     Exchange-correlation= LDA
                           (   1   1   0   0   0   0   0)
     mesh =1245 r(mesh) =  99.36066 a.u. xmin = -7.00 dx = 0.01250
     1 Ry =  13.60569312 eV, c = 137.03599908

     n l j   nl                  e(Ry)          e(Ha)          e(eV)
     Spin orbit split results
     1 0 0.5 1S 1( 2.00)     -2320.4144     -1160.2072    -31570.8458
     2 0 0.5 2S 1( 2.00)      -355.7803      -177.8901     -4840.6374
     2 1 0.5 2P 1( 2.00)      -333.5092      -166.7546     -4537.6244
     2 1 1.5 2P 1( 4.00)      -313.3626      -156.6813     -4263.5153
     3 0 0.5 3S 1( 2.00)       -70.7551       -35.3776      -962.6727
     3 1 0.5 3P 1( 2.00)       -61.5834       -30.7917      -837.8845
     3 1 1.5 3P 1( 4.00)       -57.8297       -28.9149      -786.8133
     4 0 0.5 4S 1( 2.00)       -12.0279        -6.0140      -163.6484
     4 1 0.5 4P 1( 2.00)        -8.8717        -4.4359      -120.7062
     4 1 1.5 4P 1( 4.00)        -8.1513        -4.0757      -110.9044
     3 2 1.5 3D 1( 4.00)       -41.5894       -20.7947      -565.8530
     3 2 2.5 3D 1( 6.00)       -40.8036       -20.4018      -555.1614
     4 2 1.5 4D 1( 4.00)        -3.1125        -1.5563       -42.3480
     4 2 2.5 4D 1( 6.00)        -3.0040        -1.5020       -40.8720
     5 0 0.5 5S 1( 2.00)        -1.1190        -0.5595       -15.2242
     5 1 0.5 5P 1( 2.00)        -0.4844        -0.2422        -6.5901
     5 1 1.5 5P 1( 2.00)        -0.4245        -0.2123        -5.7759
     Averaged results
     1 0     1S 1( 2.00)     -2320.4144     -1160.2072    -31570.8458
     2 0     2S 1( 2.00)      -355.7803      -177.8901     -4840.6374
     2 1     2P 1( 6.00)      -320.0781      -160.0391     -4354.8850
     3 0     3S 1( 2.00)       -70.7551       -35.3776      -962.6727
     3 1     3P 1( 6.00)       -59.0809       -29.5405      -803.8370
     4 0     4S 1( 2.00)       -12.0279        -6.0140      -163.6484
     4 1     4P 1( 6.00)        -8.3915        -4.1957      -114.1716
     3 2     3D 1(10.00)       -41.1179       -20.5590      -559.4380
     4 2     4D 1(10.00)        -3.0474        -1.5237       -41.4624
     5 0     5S 1( 2.00)        -1.1190        -0.5595       -15.2242
     5 1     5P 1( 4.00)        -0.4445        -0.2222        -6.0473

     final scf error:  9.8E-15 reached in  37 iterations
 
     Etot =  -13582.372681 Ry,   -6791.186341 Ha, -184797.594581 eV

     Ekin =   14361.081142 Ry,    7180.540571 Ha,  195392.462931 eV
     Encl =  -33007.325629 Ry,  -16503.662815 Ha, -449087.543324 eV
     Eh   =    5404.588262 Ry,    2702.294131 Ha,   73533.169354 eV
     Exc  =    -340.716456 Ry,    -170.358228 Ha,   -4635.683542 eV


     normalization and overlap integrals

     s(1S/1S) =  1.000000  <r> =   0.0278  <r2> =    0.0010  r(max) =   0.0181
     s(1S/2S) = -0.000000
     s(1S/3S) = -0.000000
     s(1S/4S) =  0.000000
     s(1S/5S) =  0.000000
     s(2S/2S) =  1.000000  <r> =   0.1195  <r2> =    0.0169  r(max) =   0.1014
     s(2S/3S) =  0.000000
     s(2S/4S) =  0.000000
     s(2S/5S) =  0.000000
     s(2P/2P) =  1.000000  <r> =   0.1009  <r2> =    0.0125  r(max) =   0.0780
     s(2P/3P) =  0.000000
     s(2P/4P) =  0.000000
     s(2P/5P) =  0.000000
     s(2P/2P) =  1.000000  <r> =   0.1064  <r2> =    0.0138  r(max) =   0.0830
     s(2P/3P) =  0.000000
     s(2P/4P) =  0.000000
     s(2P/5P) =  0.000000
     s(3S/3S) =  1.000000  <r> =   0.3223  <r2> =    0.1189  r(max) =   0.2934
     s(3S/4S) =  0.000000
     s(3S/5S) =  0.000000
     s(3P/3P) =  1.000000  <r> =   0.3126  <r2> =    0.1136  r(max) =   0.2791
     s(3P/4P) =  0.000000
     s(3P/5P) =  0.000000
     s(3P/3P) =  1.000000  <r> =   0.3240  <r2> =    0.1218  r(max) =   0.2897
     s(3P/4P) =  0.000000
     s(3P/5P) =  0.000000
     s(4S/4S) =  1.000000  <r> =   0.7647  <r2> =    0.6616  r(max) =   0.7038
     s(4S/5S) =  0.000000
     s(4P/4P) =  1.000000  <r> =   0.8015  <r2> =    0.7335  r(max) =   0.7216
     s(4P/5P) =  0.000000
     s(4P/4P) =  1.000000  <r> =   0.8307  <r2> =    0.7879  r(max) =   0.7492
     s(4P/5P) = -0.000000
     s(3D/3D) =  1.000000  <r> =   0.2949  <r2> =    0.1031  r(max) =   0.2372
     s(3D/4D) =  0.000000
     s(3D/3D) =  1.000000  <r> =   0.2985  <r2> =    0.1055  r(max) =   0.2402
     s(3D/4D) = -0.000000
     s(4D/4D) =  1.000000  <r> =   0.9662  <r2> =    1.0990  r(max) =   0.8076
     s(4D/4D) =  1.000000  <r> =   0.9788  <r2> =    1.1279  r(max) =   0.8177
     s(5S/5S) =  1.000000  <r> =   2.0801  <r2> =    4.9214  r(max) =   1.7972
     s(5P/5P) =  1.000000  <r> =   2.5802  <r2> =    7.7251  r(max) =   2.0881
     s(5P/5P) =  1.000000  <r> =   2.7156  <r2> =    8.5692  r(max) =   2.1952

     ------------------------ End of All-electron run ------------------------


     ---------------------- Testing the pseudopotential ----------------------

     Te                                                                         
     dirac relativistic calculation

     atomic number is 52.00   valence charge is 16.00
     dft =LDA   lsd =0 sic =0 latt =0  beta=0.20 tr2=1.0E-14
     mesh =1245 r(mesh) =  99.36066 xmin = -7.00 dx = 0.01250

     n l  j  nl             e AE (Ry)       e PS (Ry)    De AE-PS (Ry) 
     1 0 0.5 5S   1( 2.00)       -1.11896       -1.11896        0.00000
     2 1 0.5 5P   1( 2.00)       -0.48436       -0.48436       -0.00000
     2 1 1.5 5P   1( 2.00)       -0.42452       -0.42452        0.00000
     3 2 1.5 4D   1( 4.00)       -3.11252       -3.11252       -0.00000
     3 2 2.5 4D   1( 6.00)       -3.00403       -3.00403       -0.00000

     eps = 2.3E-15  iter =  3
 
     Etot =  -13582.372681 Ry,   -6791.186341 Ha, -184797.594581 eV
     Etotps =  -212.170210 Ry,    -106.085105 Ha,   -2886.722769 eV

     Ekin =      44.906037 Ry,      22.453018 Ha,     610.977757 eV
     Encl =    -378.641967 Ry,    -189.320983 Ha,   -5151.686400 eV
     Ehrt =     164.250848 Ry,      82.125424 Ha,    2234.746631 eV
     Ecxc =     -44.497368 Ry,     -22.248684 Ha,    -605.417536 eV
     (Ecc =     -16.947025 Ry,      -8.473512 Ha,    -230.576018 eV)
     Epseu=       1.812240 Ry,       0.906120 Ha,      24.656779 eV

     ---------------------- End of pseudopotential test ----------------------

