[0] MPI startup(): I_MPI_SHM_LMT environment variable is not supported.
[0] MPI startup(): Similar variables:
	 I_MPI_SHM_HEAP
	 I_MPI_SHM
	 I_MPI_SHM_OPT
	 I_MPI_SHM_THP
[0] MPI startup(): To check the list of supported variables, use the impi_info utility or refer to https://software.intel.com/en-us/mpi-library/documentation/get-started.

     Program LD1 v.7.3.1 starts on 19Sep2024 at 21:48:25 

     This program is part of the open-source Quantum ESPRESSO suite
     for quantum simulation of materials; please cite
         "P. Giannozzi et al., J. Phys.:Condens. Matter 21 395502 (2009);
         "P. Giannozzi et al., J. Phys.:Condens. Matter 29 465901 (2017);
         "P. Giannozzi et al., J. Chem. Phys. 152 154105 (2020);
          URL http://www.quantum-espresso.org", 
     in publications or presentations arising from this work. More details at
     http://www.quantum-espresso.org/quote

     Parallel version (MPI), running on     1 processors

     MPI processes distributed on     1 nodes
     89592 MiB available memory on the printing compute node when the environment starts
 
     Waiting for input...
     Reading input from standard input
     --------------------------- All-electron run ----------------------------

     Tl                                                                         
     dirac relativistic calculation

     atomic number is 81.00
     dft =LDA   lsd =0 sic =0 latt =0  beta=0.20 tr2=1.0E-14
     Exchange-correlation= LDA
                           (   1   1   0   0   0   0   0)
     mesh =1281 r(mesh) = 100.03807 a.u. xmin = -7.00 dx = 0.01250
     1 Ry =  13.60569312 eV, c = 137.03599908

     n l j   nl                  e(Ry)          e(Ha)          e(eV)
     Spin orbit split results
     1 0 0.5 1S 1( 2.00)     -6278.4285     -3139.2142    -85422.3711
     2 0 0.5 2S 1( 2.00)     -1116.9805      -558.4902    -15197.2938
     2 1 0.5 2P 1( 2.00)     -1072.3652      -536.1826    -14590.2724
     2 1 1.5 2P 1( 4.00)      -920.6777      -460.3389    -12526.4585
     3 0 0.5 3S 1( 2.00)      -266.5227      -133.2614     -3626.2263
     3 1 0.5 3P 1( 2.00)      -246.3906      -123.1953     -3352.3148
     3 1 1.5 3P 1( 4.00)      -212.6745      -106.3373     -2893.5841
     4 0 0.5 4S 1( 2.00)       -59.3950       -29.6975      -808.1105
     4 1 0.5 4P 1( 2.00)       -50.7293       -25.3646      -690.2070
     4 1 1.5 4P 1( 4.00)       -42.5132       -21.2566      -578.4215
     3 2 1.5 3D 1( 4.00)      -179.3970       -89.6985     -2440.8206
     3 2 2.5 3D 1( 6.00)      -172.1924       -86.0962     -2342.7972
     5 0 0.5 5S 1( 2.00)        -9.5823        -4.7912      -130.3742
     5 1 0.5 5P 1( 2.00)        -6.6626        -3.3313       -90.6487
     5 1 1.5 5P 1( 4.00)        -5.1594        -2.5797       -70.1969
     4 2 1.5 4D 1( 4.00)       -28.3580       -14.1790      -385.8304
     4 2 2.5 4D 1( 6.00)       -26.8254       -13.4127      -364.9777
     4 3 2.5 4F 1( 6.00)        -8.5300        -4.2650      -116.0568
     4 3 3.5 4F 1( 8.00)        -8.1917        -4.0958      -111.4536
     5 2 1.5 5D 1( 4.00)        -1.2055        -0.6027       -16.4011
     5 2 2.5 5D 1( 6.00)        -1.0431        -0.5216       -14.1924
     6 0 0.5 6S 1( 2.00)        -0.6912        -0.3456        -9.4037
     6 1 0.5 6P 1( 1.00)        -0.2259        -0.1130        -3.0739
     6 1 1.5 6P 1( 0.00)        -0.1492        -0.0746        -2.0301
     Averaged results
     1 0     1S 1( 2.00)     -6278.4285     -3139.2142    -85422.3711
     2 0     2S 1( 2.00)     -1116.9805      -558.4902    -15197.2938
     2 1     2P 1( 6.00)      -971.2402      -485.6201    -13214.3965
     3 0     3S 1( 2.00)      -266.5227      -133.2614     -3626.2263
     3 1     3P 1( 6.00)      -223.9132      -111.9566     -3046.4943
     4 0     4S 1( 2.00)       -59.3950       -29.6975      -808.1105
     4 1     4P 1( 6.00)       -45.2519       -22.6259      -615.6833
     3 2     3D 1(10.00)      -175.0743       -87.5371     -2382.0065
     5 0     5S 1( 2.00)        -9.5823        -4.7912      -130.3742
     5 1     5P 1( 6.00)        -5.6604        -2.8302       -77.0141
     4 2     4D 1(10.00)       -27.4384       -13.7192      -373.3188
     4 3     4F 1(14.00)        -8.3367        -4.1683      -113.4264
     5 2     5D 1(10.00)        -1.1081        -0.5540       -15.0759
     6 0     6S 1( 2.00)        -0.6912        -0.3456        -9.4037
     6 1     6P 1( 1.00)        -0.1748        -0.0874        -2.3780

     final scf error:  7.5E-15 reached in  36 iterations
 
     Etot =  -40555.716662 Ry,  -20277.858331 Ha, -551788.635291 eV

     Ekin =   47002.109979 Ry,   23501.054989 Ha,  639496.284503 eV
     Encl = -102522.194421 Ry,  -51261.097211 Ha,-1394885.515589 eV
     Eh   =   15706.022817 Ry,    7853.011408 Ha,  213691.326625 eV
     Exc  =    -741.655037 Ry,    -370.827518 Ha,  -10090.730830 eV


     normalization and overlap integrals

     s(1S/1S) =  1.000000  <r> =   0.0163  <r2> =    0.0004  r(max) =   0.0100
     s(1S/2S) = -0.000000
     s(1S/3S) = -0.000000
     s(1S/4S) = -0.000000
     s(1S/5S) = -0.000000
     s(1S/6S) = -0.000000
     s(2S/2S) =  1.000000  <r> =   0.0681  <r2> =    0.0056  r(max) =   0.0582
     s(2S/3S) =  0.000000
     s(2S/4S) =  0.000000
     s(2S/5S) =  0.000000
     s(2S/6S) =  0.000000
     s(2P/2P) =  1.000000  <r> =   0.0559  <r2> =    0.0039  r(max) =   0.0431
     s(2P/3P) =  0.000000
     s(2P/4P) =  0.000000
     s(2P/5P) =  0.000000
     s(2P/6P) =  0.000000
     s(2P/2P) =  1.000000  <r> =   0.0647  <r2> =    0.0051  r(max) =   0.0507
     s(2P/3P) =  0.000000
     s(2P/4P) =  0.000000
     s(2P/5P) =  0.000000
     s(2P/6P) =  0.000000
     s(3S/3S) =  1.000000  <r> =   0.1771  <r2> =    0.0360  r(max) =   0.1642
     s(3S/4S) =  0.000000
     s(3S/5S) =  0.000000
     s(3S/6S) =  0.000000
     s(3P/3P) =  1.000000  <r> =   0.1675  <r2> =    0.0328  r(max) =   0.1523
     s(3P/4P) =  0.000000
     s(3P/5P) =  0.000000
     s(3P/6P) =  0.000000
     s(3P/3P) =  1.000000  <r> =   0.1836  <r2> =    0.0391  r(max) =   0.1683
     s(3P/4P) =  0.000000
     s(3P/5P) =  0.000000
     s(3P/6P) =  0.000000
     s(4S/4S) =  1.000000  <r> =   0.3917  <r2> =    0.1734  r(max) =   0.3699
     s(4S/5S) =  0.000000
     s(4S/6S) =  0.000000
     s(4P/4P) =  1.000000  <r> =   0.3932  <r2> =    0.1762  r(max) =   0.3653
     s(4P/5P) =  0.000000
     s(4P/6P) =  0.000000
     s(4P/4P) =  1.000000  <r> =   0.4278  <r2> =    0.2081  r(max) =   0.3987
     s(4P/5P) =  0.000000
     s(4P/6P) =  0.000000
     s(3D/3D) =  1.000000  <r> =   0.1595  <r2> =    0.0299  r(max) =   0.1311
     s(3D/4D) =  0.000000
     s(3D/5D) =  0.000000
     s(3D/3D) =  1.000000  <r> =   0.1644  <r2> =    0.0316  r(max) =   0.1344
     s(3D/4D) = -0.000000
     s(3D/5D) = -0.000000
     s(5S/5S) =  1.000000  <r> =   0.8768  <r2> =    0.8624  r(max) =   0.8030
     s(5S/6S) =  0.000000
     s(5P/5P) =  1.000000  <r> =   0.9403  <r2> =    0.9987  r(max) =   0.8441
     s(5P/6P) =  0.000000
     s(5P/5P) =  1.000000  <r> =   1.0358  <r2> =    1.2134  r(max) =   0.9329
     s(5P/6P) = -0.000000
     s(4D/4D) =  1.000000  <r> =   0.4336  <r2> =    0.2173  r(max) =   0.3889
     s(4D/5D) =  0.000000
     s(4D/4D) =  1.000000  <r> =   0.4448  <r2> =    0.2285  r(max) =   0.3987
     s(4D/5D) = -0.000000
     s(4F/4F) =  1.000000  <r> =   0.4646  <r2> =    0.2595  r(max) =   0.3563
     s(4F/4F) =  1.000000  <r> =   0.4711  <r2> =    0.2668  r(max) =   0.3608
     s(5D/5D) =  1.000000  <r> =   1.3618  <r2> =    2.1823  r(max) =   1.0975
     s(5D/5D) =  1.000000  <r> =   1.4207  <r2> =    2.3846  r(max) =   1.1253
     s(6S/6S) =  1.000000  <r> =   2.4878  <r2> =    7.0761  r(max) =   2.0762
     s(6P/6P) =  1.000000  <r> =   3.4024  <r2> =   13.6511  r(max) =   2.6328
     s(6P/6P) =  1.000000  <r> =   4.0104  <r2> =   19.0566  r(max) =   3.0589

     ------------------------ End of All-electron run ------------------------


     --------------------- Generating US pseudopotential ---------------------


      Generating local potential from pseudized AE potential:
      Matching radius rcloc =   2.2000

      Local pseudo, rcloc= 2.183 Estimated cut-off energy=     5.29 Ry

      Computing core charge for nlcc: 

       r > 1.50 : true rho core
      Core charge pseudized with two Bessel functions
      Integrated core pseudo-charge :  11.09

     Fully relativistic calculation: |psi|^2

     Wfc 6S LC norm =  0.99991677 SC norm =  0.00008132 missing  0.00000191

     Wfc 6P LC norm =  0.99995813 SC norm =  0.00004173 missing  0.00000014

     Wfc 6P LC norm =  0.99997104 SC norm =  0.00002533 missing  0.00000363

     Wfc 5D LC norm =  0.99971131 SC norm =  0.00028866 missing  0.00000003

     Wfc 5D LC norm =  0.99973309 SC norm =  0.00026639 missing  0.00000052
      Wfc-us  6S rcutus= 2.025  Estimated cut-off energy=    10.71 Ry
      Wfc-us  6S rcutus= 2.025  Estimated cut-off energy=    21.75 Ry
      Wfc-us  6P rcutus= 2.600  Estimated cut-off energy=    11.05 Ry
      Wfc-us  6P rcutus= 2.600  Estimated cut-off energy=    10.75 Ry
      Wfc-us  6P rcutus= 2.600  Estimated cut-off energy=    11.60 Ry
      Wfc-us  6P rcutus= 2.600  Estimated cut-off energy=    10.24 Ry
      Wfc-us  5D rcutus= 2.025  Estimated cut-off energy=    29.14 Ry
      Wfc-us  5D rcutus= 2.025  Estimated cut-off energy=    28.98 Ry
      Wfc-us  5D rcutus= 2.025  Estimated cut-off energy=    36.93 Ry
      Wfc-us  5D rcutus= 2.025  Estimated cut-off energy=    33.10 Ry

      The bmat matrix
     0.90779     1.30987     0.00000     0.00000     0.00000     0.00000
     0.00000     0.00000     0.00000     0.00000
     0.94648     1.49629     0.00000     0.00000     0.00000     0.00000
     0.00000     0.00000     0.00000     0.00000
     0.00000     0.00000     0.42879     0.00000     1.82110     0.00000
     0.00000     0.00000     0.00000     0.00000
     0.00000     0.00000     0.00000     0.24810     0.00000     1.48240
     0.00000     0.00000     0.00000     0.00000
     0.00000     0.00000     0.75740     0.00000     4.22504     0.00000
     0.00000     0.00000     0.00000     0.00000
     0.00000     0.00000     0.00000     0.67484     0.00000     5.44002
     0.00000     0.00000     0.00000     0.00000
     0.00000     0.00000     0.00000     0.00000     0.00000     0.00000
    -1.39806     0.00000    -0.88887     0.00000
     0.00000     0.00000     0.00000     0.00000     0.00000     0.00000
     0.00000    -1.31318     0.00000    -0.79444
     0.00000     0.00000     0.00000     0.00000     0.00000     0.00000
    -0.78068     0.00000    -0.50923     0.00000
     0.00000     0.00000     0.00000     0.00000     0.00000     0.00000
     0.00000    -0.72406     0.00000    -0.44043

      The bmat + epsilon qq matrix
     0.94890     0.98701     0.00000     0.00000     0.00000     0.00000
     0.00000     0.00000     0.00000     0.00000
     0.98706     1.20446     0.00000     0.00000     0.00000     0.00000
     0.00000     0.00000     0.00000     0.00000
     0.00000     0.00000     0.44292     0.00000     0.79319     0.00000
     0.00000     0.00000     0.00000     0.00000
     0.00000     0.00000     0.00000     0.25165     0.00000     0.69302
     0.00000     0.00000     0.00000     0.00000
     0.00000     0.00000     0.79313     0.00000     1.27741     0.00000
     0.00000     0.00000     0.00000     0.00000
     0.00000     0.00000     0.00000     0.69296     0.00000     1.67132
     0.00000     0.00000     0.00000     0.00000
     0.00000     0.00000     0.00000     0.00000     0.00000     0.00000
    -1.78360     0.00000    -0.99607     0.00000
     0.00000     0.00000     0.00000     0.00000     0.00000     0.00000
     0.00000    -1.59965     0.00000    -0.88973
     0.00000     0.00000     0.00000     0.00000     0.00000     0.00000
    -0.99607     0.00000    -0.56899     0.00000
     0.00000     0.00000     0.00000     0.00000     0.00000     0.00000
     0.00000    -0.88973     0.00000    -0.49554

      The qq matrix
    -0.05948    -0.05870     0.00000     0.00000     0.00000     0.00000
     0.00000     0.00000     0.00000     0.00000
    -0.05870    -0.05306     0.00000     0.00000     0.00000     0.00000
     0.00000     0.00000     0.00000     0.00000
     0.00000     0.00000    -0.06253     0.00000    -0.15814     0.00000
     0.00000     0.00000     0.00000     0.00000
     0.00000     0.00000     0.00000    -0.02379     0.00000    -0.12144
     0.00000     0.00000     0.00000     0.00000
     0.00000     0.00000    -0.15814     0.00000    -0.45348     0.00000
     0.00000     0.00000     0.00000     0.00000
     0.00000     0.00000     0.00000    -0.12144     0.00000    -0.57980
     0.00000     0.00000     0.00000     0.00000
     0.00000     0.00000     0.00000     0.00000     0.00000     0.00000
     0.31983     0.00000     0.17868     0.00000
     0.00000     0.00000     0.00000     0.00000     0.00000     0.00000
     0.00000     0.27463     0.00000     0.15882
     0.00000     0.00000     0.00000     0.00000     0.00000     0.00000
     0.17868     0.00000     0.09960     0.00000
     0.00000     0.00000     0.00000     0.00000     0.00000     0.00000
     0.00000     0.15882     0.00000     0.09185

     Q pseudized with Bessel functions
     Expected ecutrho=     150.5779 due to l1=  2   l2=  2

      The ddd matrix
     0.79357     0.83645     0.00000     0.00000     0.00000     0.00000
     0.00000     0.00000     0.00000     0.00000
     0.83645     1.03492     0.00000     0.00000     0.00000     0.00000
     0.00000     0.00000     0.00000     0.00000
     0.00000     0.00000     0.27567     0.00000     0.10122     0.00000
     0.00000     0.00000     0.00000     0.00000
     0.00000     0.00000     0.00000     0.25875     0.00000     0.28040
     0.00000     0.00000     0.00000     0.00000
     0.00000     0.00000     0.10122     0.00000    -1.17321     0.00000
     0.00000     0.00000     0.00000     0.00000
     0.00000     0.00000     0.00000     0.28040     0.00000    -1.14787
     0.00000     0.00000     0.00000     0.00000
     0.00000     0.00000     0.00000     0.00000     0.00000     0.00000
     0.34658     0.00000     0.23968     0.00000
     0.00000     0.00000     0.00000     0.00000     0.00000     0.00000
     0.00000     0.18910     0.00000     0.17219
     0.00000     0.00000     0.00000     0.00000     0.00000     0.00000
     0.23968     0.00000     0.14068     0.00000
     0.00000     0.00000     0.00000     0.00000     0.00000     0.00000
     0.00000     0.17219     0.00000     0.13053

     ------------------- End of pseudopotential generation -------------------

     --------------------------- All-electron run ----------------------------

     Tl                                                                         
     dirac relativistic calculation

     atomic number is 81.00
     dft =LDA   lsd =0 sic =0 latt =0  beta=0.20 tr2=1.0E-14
     Exchange-correlation= LDA
                           (   1   1   0   0   0   0   0)
     mesh =1281 r(mesh) = 100.03807 a.u. xmin = -7.00 dx = 0.01250
     1 Ry =  13.60569312 eV, c = 137.03599908

     n l j   nl                  e(Ry)          e(Ha)          e(eV)
     Spin orbit split results
     1 0 0.5 1S 1( 2.00)     -6278.4285     -3139.2142    -85422.3711
     2 0 0.5 2S 1( 2.00)     -1116.9805      -558.4902    -15197.2938
     2 1 0.5 2P 1( 2.00)     -1072.3652      -536.1826    -14590.2724
     2 1 1.5 2P 1( 4.00)      -920.6777      -460.3389    -12526.4585
     3 0 0.5 3S 1( 2.00)      -266.5227      -133.2614     -3626.2263
     3 1 0.5 3P 1( 2.00)      -246.3906      -123.1953     -3352.3148
     3 1 1.5 3P 1( 4.00)      -212.6745      -106.3373     -2893.5841
     4 0 0.5 4S 1( 2.00)       -59.3950       -29.6975      -808.1105
     4 1 0.5 4P 1( 2.00)       -50.7293       -25.3646      -690.2070
     4 1 1.5 4P 1( 4.00)       -42.5132       -21.2566      -578.4215
     3 2 1.5 3D 1( 4.00)      -179.3970       -89.6985     -2440.8206
     3 2 2.5 3D 1( 6.00)      -172.1924       -86.0962     -2342.7972
     5 0 0.5 5S 1( 2.00)        -9.5823        -4.7912      -130.3742
     5 1 0.5 5P 1( 2.00)        -6.6626        -3.3313       -90.6487
     5 1 1.5 5P 1( 4.00)        -5.1594        -2.5797       -70.1969
     4 2 1.5 4D 1( 4.00)       -28.3580       -14.1790      -385.8304
     4 2 2.5 4D 1( 6.00)       -26.8254       -13.4127      -364.9777
     4 3 2.5 4F 1( 6.00)        -8.5300        -4.2650      -116.0568
     4 3 3.5 4F 1( 8.00)        -8.1917        -4.0958      -111.4536
     5 2 1.5 5D 1( 4.00)        -1.2055        -0.6027       -16.4011
     5 2 2.5 5D 1( 6.00)        -1.0431        -0.5216       -14.1924
     6 0 0.5 6S 1( 2.00)        -0.6912        -0.3456        -9.4037
     6 1 0.5 6P 1( 1.00)        -0.2259        -0.1130        -3.0739
     6 1 1.5 6P 1( 0.00)        -0.1492        -0.0746        -2.0301
     Averaged results
     1 0     1S 1( 2.00)     -6278.4285     -3139.2142    -85422.3711
     2 0     2S 1( 2.00)     -1116.9805      -558.4902    -15197.2938
     2 1     2P 1( 6.00)      -971.2402      -485.6201    -13214.3965
     3 0     3S 1( 2.00)      -266.5227      -133.2614     -3626.2263
     3 1     3P 1( 6.00)      -223.9132      -111.9566     -3046.4943
     4 0     4S 1( 2.00)       -59.3950       -29.6975      -808.1105
     4 1     4P 1( 6.00)       -45.2519       -22.6259      -615.6833
     3 2     3D 1(10.00)      -175.0743       -87.5371     -2382.0065
     5 0     5S 1( 2.00)        -9.5823        -4.7912      -130.3742
     5 1     5P 1( 6.00)        -5.6604        -2.8302       -77.0141
     4 2     4D 1(10.00)       -27.4384       -13.7192      -373.3188
     4 3     4F 1(14.00)        -8.3367        -4.1683      -113.4264
     5 2     5D 1(10.00)        -1.1081        -0.5540       -15.0759
     6 0     6S 1( 2.00)        -0.6912        -0.3456        -9.4037
     6 1     6P 1( 1.00)        -0.1748        -0.0874        -2.3780

     final scf error:  7.5E-15 reached in  36 iterations
 
     Etot =  -40555.716662 Ry,  -20277.858331 Ha, -551788.635291 eV

     Ekin =   47002.109979 Ry,   23501.054989 Ha,  639496.284503 eV
     Encl = -102522.194421 Ry,  -51261.097211 Ha,-1394885.515589 eV
     Eh   =   15706.022817 Ry,    7853.011408 Ha,  213691.326625 eV
     Exc  =    -741.655037 Ry,    -370.827518 Ha,  -10090.730830 eV


     normalization and overlap integrals

     s(1S/1S) =  1.000000  <r> =   0.0163  <r2> =    0.0004  r(max) =   0.0100
     s(1S/2S) = -0.000000
     s(1S/3S) = -0.000000
     s(1S/4S) = -0.000000
     s(1S/5S) = -0.000000
     s(1S/6S) = -0.000000
     s(2S/2S) =  1.000000  <r> =   0.0681  <r2> =    0.0056  r(max) =   0.0582
     s(2S/3S) =  0.000000
     s(2S/4S) =  0.000000
     s(2S/5S) =  0.000000
     s(2S/6S) =  0.000000
     s(2P/2P) =  1.000000  <r> =   0.0559  <r2> =    0.0039  r(max) =   0.0431
     s(2P/3P) =  0.000000
     s(2P/4P) =  0.000000
     s(2P/5P) =  0.000000
     s(2P/6P) =  0.000000
     s(2P/2P) =  1.000000  <r> =   0.0647  <r2> =    0.0051  r(max) =   0.0507
     s(2P/3P) =  0.000000
     s(2P/4P) =  0.000000
     s(2P/5P) =  0.000000
     s(2P/6P) =  0.000000
     s(3S/3S) =  1.000000  <r> =   0.1771  <r2> =    0.0360  r(max) =   0.1642
     s(3S/4S) =  0.000000
     s(3S/5S) =  0.000000
     s(3S/6S) =  0.000000
     s(3P/3P) =  1.000000  <r> =   0.1675  <r2> =    0.0328  r(max) =   0.1523
     s(3P/4P) =  0.000000
     s(3P/5P) =  0.000000
     s(3P/6P) =  0.000000
     s(3P/3P) =  1.000000  <r> =   0.1836  <r2> =    0.0391  r(max) =   0.1683
     s(3P/4P) =  0.000000
     s(3P/5P) =  0.000000
     s(3P/6P) =  0.000000
     s(4S/4S) =  1.000000  <r> =   0.3917  <r2> =    0.1734  r(max) =   0.3699
     s(4S/5S) =  0.000000
     s(4S/6S) =  0.000000
     s(4P/4P) =  1.000000  <r> =   0.3932  <r2> =    0.1762  r(max) =   0.3653
     s(4P/5P) =  0.000000
     s(4P/6P) =  0.000000
     s(4P/4P) =  1.000000  <r> =   0.4278  <r2> =    0.2081  r(max) =   0.3987
     s(4P/5P) =  0.000000
     s(4P/6P) =  0.000000
     s(3D/3D) =  1.000000  <r> =   0.1595  <r2> =    0.0299  r(max) =   0.1311
     s(3D/4D) =  0.000000
     s(3D/5D) =  0.000000
     s(3D/3D) =  1.000000  <r> =   0.1644  <r2> =    0.0316  r(max) =   0.1344
     s(3D/4D) = -0.000000
     s(3D/5D) = -0.000000
     s(5S/5S) =  1.000000  <r> =   0.8768  <r2> =    0.8624  r(max) =   0.8030
     s(5S/6S) =  0.000000
     s(5P/5P) =  1.000000  <r> =   0.9403  <r2> =    0.9987  r(max) =   0.8441
     s(5P/6P) =  0.000000
     s(5P/5P) =  1.000000  <r> =   1.0358  <r2> =    1.2134  r(max) =   0.9329
     s(5P/6P) = -0.000000
     s(4D/4D) =  1.000000  <r> =   0.4336  <r2> =    0.2173  r(max) =   0.3889
     s(4D/5D) =  0.000000
     s(4D/4D) =  1.000000  <r> =   0.4448  <r2> =    0.2285  r(max) =   0.3987
     s(4D/5D) = -0.000000
     s(4F/4F) =  1.000000  <r> =   0.4646  <r2> =    0.2595  r(max) =   0.3563
     s(4F/4F) =  1.000000  <r> =   0.4711  <r2> =    0.2668  r(max) =   0.3608
     s(5D/5D) =  1.000000  <r> =   1.3618  <r2> =    2.1823  r(max) =   1.0975
     s(5D/5D) =  1.000000  <r> =   1.4207  <r2> =    2.3846  r(max) =   1.1253
     s(6S/6S) =  1.000000  <r> =   2.4878  <r2> =    7.0761  r(max) =   2.0762
     s(6P/6P) =  1.000000  <r> =   3.4024  <r2> =   13.6511  r(max) =   2.6328
     s(6P/6P) =  1.000000  <r> =   4.0104  <r2> =   19.0566  r(max) =   3.0589

     ------------------------ End of All-electron run ------------------------


     ---------------------- Testing the pseudopotential ----------------------

     Tl                                                                         
     dirac relativistic calculation

     atomic number is 81.00   valence charge is 13.00
     dft =LDA   lsd =0 sic =0 latt =0  beta=0.20 tr2=1.0E-14
     mesh =1281 r(mesh) = 100.03807 xmin = -7.00 dx = 0.01250

     n l  j  nl             e AE (Ry)       e PS (Ry)    De AE-PS (Ry) 
     1 0 0.5 6S   1( 2.00)       -0.69116       -0.69116        0.00000
     2 1 0.5 6P   1( 1.00)       -0.22593       -0.22593       -0.00000
     2 1 1.5 6P   1( 0.00)       -0.14921       -0.14921        0.00000
     3 2 1.5 5D   1( 4.00)       -1.20546       -1.20546        0.00000
     3 2 2.5 5D   1( 6.00)       -1.04312       -1.04313        0.00000

     eps = 7.0E-16  iter =  4
 
     Etot =  -40555.716662 Ry,  -20277.858331 Ha, -551788.635291 eV
     Etotps =  -121.405929 Ry,     -60.702965 Ha,   -1651.811819 eV

     Ekin =      34.454707 Ry,      17.227354 Ha,     468.780175 eV
     Encl =    -214.658341 Ry,    -107.329171 Ha,   -2920.575515 eV
     Ehrt =      91.903755 Ry,      45.951878 Ha,    1250.414293 eV
     Ecxc =     -37.489766 Ry,     -18.744883 Ha,    -510.074257 eV
     (Ecc =     -19.122064 Ry,      -9.561032 Ha,    -260.168935 eV)
     Epseu=       4.383715 Ry,       2.191858 Ha,      59.643485 eV

     ---------------------- End of pseudopotential test ----------------------

