[0] MPI startup(): I_MPI_SHM_LMT environment variable is not supported.
[0] MPI startup(): Similar variables:
	 I_MPI_SHM_HEAP
	 I_MPI_SHM
	 I_MPI_SHM_OPT
	 I_MPI_SHM_THP
[0] MPI startup(): To check the list of supported variables, use the impi_info utility or refer to https://software.intel.com/en-us/mpi-library/documentation/get-started.

     Program LD1 v.7.3.1 starts on 19Sep2024 at 21:48:26 

     This program is part of the open-source Quantum ESPRESSO suite
     for quantum simulation of materials; please cite
         "P. Giannozzi et al., J. Phys.:Condens. Matter 21 395502 (2009);
         "P. Giannozzi et al., J. Phys.:Condens. Matter 29 465901 (2017);
         "P. Giannozzi et al., J. Chem. Phys. 152 154105 (2020);
          URL http://www.quantum-espresso.org", 
     in publications or presentations arising from this work. More details at
     http://www.quantum-espresso.org/quote

     Parallel version (MPI), running on     1 processors

     MPI processes distributed on     1 nodes
     89586 MiB available memory on the printing compute node when the environment starts
 
     Waiting for input...
     Reading input from standard input
     --------------------------- All-electron run ----------------------------

     Y                                                                          
     dirac relativistic calculation

     atomic number is 39.00
     dft =LDA   lsd =0 sic =0 latt =0  beta=0.20 tr2=1.0E-14
     Exchange-correlation= LDA
                           (   1   1   0   0   0   0   0)
     mesh =1223 r(mesh) = 100.62879 a.u. xmin = -7.00 dx = 0.01250
     1 Ry =  13.60569312 eV, c = 137.03599908

     n l j   nl                  e(Ry)          e(Ha)          e(eV)
     Spin orbit split results
     1 0 0.5 1S 1( 2.00)     -1237.3511      -618.6755    -16835.0192
     2 0 0.5 2S 1( 2.00)      -169.5705       -84.7852     -2307.1236
     2 1 0.5 2P 1( 2.00)      -154.9113       -77.4557     -2107.6760
     2 1 1.5 2P 1( 4.00)      -149.2804       -74.6402     -2031.0634
     3 0 0.5 3S 1( 2.00)       -27.0196       -13.5098      -367.6207
     3 1 0.5 3P 1( 2.00)       -21.6256       -10.8128      -294.2307
     3 1 1.5 3P 1( 4.00)       -20.7438       -10.3719      -282.2331
     4 0 0.5 4S 1( 2.00)        -3.5232        -1.7616       -47.9355
     4 1 0.5 4P 1( 2.00)        -2.1246        -1.0623       -28.9067
     4 1 1.5 4P 1( 4.00)        -2.0159        -1.0080       -27.4281
     3 2 1.5 3D 1( 4.00)       -11.2134        -5.6067      -152.5655
     3 2 2.5 3D 1( 6.00)       -11.0555        -5.5278      -150.4183
     4 2 1.5 4D 1( 1.00)        -0.1971        -0.0986        -2.6817
     4 2 2.5 4D 1( 0.00)        -0.1907        -0.0953        -2.5945
     5 0 0.5 5S 1( 2.00)        -0.3106        -0.1553        -4.2259
     5 1 0.5 5P 1( 0.00)        -0.1142        -0.0571        -1.5542
     5 1 1.5 5P 1( 0.00)        -0.1077        -0.0539        -1.4656
     Averaged results
     1 0     1S 1( 2.00)     -1237.3511      -618.6755    -16835.0192
     2 0     2S 1( 2.00)      -169.5705       -84.7852     -2307.1236
     2 1     2P 1( 6.00)      -151.1574       -75.5787     -2056.6009
     3 0     3S 1( 2.00)       -27.0196       -13.5098      -367.6207
     3 1     3P 1( 6.00)       -21.0377       -10.5188      -286.2323
     4 0     4S 1( 2.00)        -3.5232        -1.7616       -47.9355
     4 1     4P 1( 6.00)        -2.0522        -1.0261       -27.9209
     3 2     3D 1(10.00)       -11.1187        -5.5593      -151.2772
     4 2     4D 1( 1.00)        -0.1933        -0.0966        -2.6294
     5 0     5S 1( 2.00)        -0.3106        -0.1553        -4.2259
     5 1     5P 1( 0.00)        -0.1099        -0.0549        -1.4951

     final scf error:  8.4E-15 reached in  24 iterations
 
     Etot =   -6763.498110 Ry,   -3381.749055 Ha,  -92022.079724 eV

     Ekin =    6976.031120 Ry,    3488.015560 Ha,   94913.738640 eV
     Encl =  -16328.058279 Ry,   -8164.029140 Ha, -222154.550241 eV
     Eh   =    2799.835903 Ry,    1399.917952 Ha,   38093.708097 eV
     Exc  =    -211.306855 Ry,    -105.653427 Ha,   -2874.976220 eV


     normalization and overlap integrals

     s(1S/1S) =  1.000000  <r> =   0.0381  <r2> =    0.0020  r(max) =   0.0250
     s(1S/2S) =  0.000000
     s(1S/3S) = -0.000000
     s(1S/4S) =  0.000000
     s(1S/5S) =  0.000000
     s(2S/2S) =  1.000000  <r> =   0.1673  <r2> =    0.0331  r(max) =   0.1404
     s(2S/3S) =  0.000000
     s(2S/4S) =  0.000000
     s(2S/5S) =  0.000000
     s(2P/2P) =  1.000000  <r> =   0.1430  <r2> =    0.0251  r(max) =   0.1107
     s(2P/3P) =  0.000000
     s(2P/4P) =  0.000000
     s(2P/5P) =  0.000000
     s(2P/2P) =  1.000000  <r> =   0.1473  <r2> =    0.0265  r(max) =   0.1135
     s(2P/3P) =  0.000000
     s(2P/4P) =  0.000000
     s(2P/5P) =  0.000000
     s(3S/3S) =  1.000000  <r> =   0.4755  <r2> =    0.2596  r(max) =   0.4217
     s(3S/4S) =  0.000000
     s(3S/5S) =  0.000000
     s(3P/3P) =  1.000000  <r> =   0.4731  <r2> =    0.2614  r(max) =   0.4112
     s(3P/4P) =  0.000000
     s(3P/5P) =  0.000000
     s(3P/3P) =  1.000000  <r> =   0.4837  <r2> =    0.2730  r(max) =   0.4217
     s(3P/4P) =  0.000000
     s(3P/5P) =  0.000000
     s(4S/4S) =  1.000000  <r> =   1.2781  <r2> =    1.8571  r(max) =   1.1319
     s(4S/5S) =  0.000000
     s(4P/4P) =  1.000000  <r> =   1.4362  <r2> =    2.3759  r(max) =   1.2201
     s(4P/5P) =  0.000000
     s(4P/4P) =  1.000000  <r> =   1.4695  <r2> =    2.4878  r(max) =   1.2510
     s(4P/5P) = -0.000000
     s(3D/3D) =  1.000000  <r> =   0.4724  <r2> =    0.2711  r(max) =   0.3584
     s(3D/4D) =  0.000000
     s(3D/3D) =  1.000000  <r> =   0.4760  <r2> =    0.2751  r(max) =   0.3629
     s(3D/4D) = -0.000000
     s(4D/4D) =  1.000000  <r> =   2.6600  <r2> =    8.9624  r(max) =   1.7976
     s(4D/4D) =  1.000000  <r> =   2.6943  <r2> =    9.2019  r(max) =   1.8202
     s(5S/5S) =  1.000000  <r> =   3.9237  <r2> =   17.5707  r(max) =   3.3166
     s(5P/5P) =  1.000000  <r> =   5.2727  <r2> =   32.1232  r(max) =   4.3664
     s(5P/5P) =  1.000000  <r> =   5.3935  <r2> =   33.6061  r(max) =   4.4213

     ------------------------ End of All-electron run ------------------------


     --------------------- Generating PAW atomic setup --------------------


      Generating local potential from pseudized AE potential:
      Matching radius rcloc =   2.4000

      Local pseudo, rcloc= 2.426 Estimated cut-off energy=     4.19 Ry

      Computing core charge for nlcc: 

       r > 1.10 : true rho core
      Core charge pseudized with two Bessel functions
      Integrated core pseudo-charge :   5.80

     Fully relativistic calculation: |psi|^2

     Wfc 4S LC norm =  0.99978874 SC norm =  0.00021105 missing  0.00000021
     Speed at rcutus      0.248 a.u.,  v/c =  0.001808,  (v/c)^2 =  0.00000327

     Wfc 5S LC norm =  0.99997495 SC norm =  0.00002297 missing  0.00000208
     Speed at rcutus      0.045 a.u.,  v/c =  0.000331,  (v/c)^2 =  0.00000011

     Wfc 4P LC norm =  0.99983063 SC norm =  0.00016917 missing  0.00000020
     Speed at rcutus      0.715 a.u.,  v/c =  0.005218,  (v/c)^2 =  0.00002723

     Wfc 4P LC norm =  0.99983722 SC norm =  0.00016190 missing  0.00000088
     Speed at rcutus      0.769 a.u.,  v/c =  0.005615,  (v/c)^2 =  0.00003153

     Wfc 5P LC norm =  0.99998636 SC norm =  0.00001256 missing  0.00000107
     Speed at rcutus      0.050 a.u.,  v/c =  0.000366,  (v/c)^2 =  0.00000013

     Wfc 5P LC norm =  0.99998693 SC norm =  0.00001045 missing  0.00000262
     Speed at rcutus      0.076 a.u.,  v/c =  0.000553,  (v/c)^2 =  0.00000031

     Wfc 4D LC norm =  0.99994178 SC norm =  0.00005801 missing  0.00000021
     Speed at rcutus      0.928 a.u.,  v/c =  0.006771,  (v/c)^2 =  0.00004585

     Wfc 4D LC norm =  0.99994308 SC norm =  0.00005086 missing  0.00000607
     Speed at rcutus      0.923 a.u.,  v/c =  0.006736,  (v/c)^2 =  0.00004538
      Wfc-us  4S rcutus= 1.586  Estimated cut-off energy=    20.13 Ry
      Wfc-us  5S rcutus= 1.586  Estimated cut-off energy=    32.90 Ry
      Wfc-us  4P rcutus= 1.710  Estimated cut-off energy=    27.53 Ry
      Wfc-us  4P rcutus= 1.710  Estimated cut-off energy=    27.40 Ry
      Wfc-us  5P rcutus= 1.710  Estimated cut-off energy=    37.57 Ry
      Wfc-us  5P rcutus= 1.710  Estimated cut-off energy=    36.04 Ry
      Wfc-us  4D rcutus= 1.890  Estimated cut-off energy=    31.16 Ry
      Wfc-us  4D rcutus= 1.890  Estimated cut-off energy=    31.13 Ry
      Wfc-us  4D rcutus= 1.890  Estimated cut-off energy=    32.29 Ry
      Wfc-us  4D rcutus= 1.890  Estimated cut-off energy=    32.23 Ry

      The bmat matrix
    -0.19804     0.51681     0.00000     0.00000     0.00000     0.00000
     0.00000     0.00000     0.00000     0.00000
    -0.04214     0.15211     0.00000     0.00000     0.00000     0.00000
     0.00000     0.00000     0.00000     0.00000
     0.00000     0.00000    -1.19414     0.00000    -0.20061     0.00000
     0.00000     0.00000     0.00000     0.00000
     0.00000     0.00000     0.00000    -1.02840     0.00000    -0.16664
     0.00000     0.00000     0.00000     0.00000
     0.00000     0.00000    -0.27326     0.00000    -0.04805     0.00000
     0.00000     0.00000     0.00000     0.00000
     0.00000     0.00000     0.00000    -0.23604     0.00000    -0.03961
     0.00000     0.00000     0.00000     0.00000
     0.00000     0.00000     0.00000     0.00000     0.00000     0.00000
    -0.34087     0.00000    -0.31138     0.00000
     0.00000     0.00000     0.00000     0.00000     0.00000     0.00000
     0.00000    -0.32488     0.00000    -0.30013
     0.00000     0.00000     0.00000     0.00000     0.00000     0.00000
    -0.31046     0.00000    -0.28344     0.00000
     0.00000     0.00000     0.00000     0.00000     0.00000     0.00000
     0.00000    -0.29964     0.00000    -0.27666

      The bmat + epsilon qq matrix
     1.83450     0.57085     0.00000     0.00000     0.00000     0.00000
     0.00000     0.00000     0.00000     0.00000
     0.57085     0.16862     0.00000     0.00000     0.00000     0.00000
     0.00000     0.00000     0.00000     0.00000
     0.00000     0.00000    -0.88360     0.00000    -0.19649     0.00000
     0.00000     0.00000     0.00000     0.00000
     0.00000     0.00000     0.00000    -0.72521     0.00000    -0.16273
     0.00000     0.00000     0.00000     0.00000
     0.00000     0.00000    -0.19649     0.00000    -0.04702     0.00000
     0.00000     0.00000     0.00000     0.00000
     0.00000     0.00000     0.00000    -0.16273     0.00000    -0.03865
     0.00000     0.00000     0.00000     0.00000
     0.00000     0.00000     0.00000     0.00000     0.00000     0.00000
    -0.34089     0.00000    -0.31082     0.00000
     0.00000     0.00000     0.00000     0.00000     0.00000     0.00000
     0.00000    -0.32475     0.00000    -0.29984
     0.00000     0.00000     0.00000     0.00000     0.00000     0.00000
    -0.31082     0.00000    -0.28245     0.00000
     0.00000     0.00000     0.00000     0.00000     0.00000     0.00000
     0.00000    -0.29983     0.00000    -0.27592

      The qq matrix
    -0.57690    -0.17399     0.00000     0.00000     0.00000     0.00000
     0.00000     0.00000     0.00000     0.00000
    -0.17399    -0.05314     0.00000     0.00000     0.00000     0.00000
     0.00000     0.00000     0.00000     0.00000
     0.00000     0.00000    -0.14616     0.00000    -0.03613     0.00000
     0.00000     0.00000     0.00000     0.00000
     0.00000     0.00000     0.00000    -0.15040     0.00000    -0.03636
     0.00000     0.00000     0.00000     0.00000
     0.00000     0.00000    -0.03613     0.00000    -0.00907     0.00000
     0.00000     0.00000     0.00000     0.00000
     0.00000     0.00000     0.00000    -0.03636     0.00000    -0.00891
     0.00000     0.00000     0.00000     0.00000
     0.00000     0.00000     0.00000     0.00000     0.00000     0.00000
     0.00013     0.00000     0.00185     0.00000
     0.00000     0.00000     0.00000     0.00000     0.00000     0.00000
     0.00000    -0.00071     0.00000     0.00098
     0.00000     0.00000     0.00000     0.00000     0.00000     0.00000
     0.00185     0.00000     0.00330     0.00000
     0.00000     0.00000     0.00000     0.00000     0.00000     0.00000
     0.00000     0.00098     0.00000     0.00245


    multipoles (all-electron charge) - (pseudo charge)
        ns l1:ns1 l2    l=0     l=1     l=2     l=3     l=4     l=5  
         1  0:  1  0 -0.5769
         2  0:  1  0 -0.1740
         2  0:  2  0 -0.0531
         3  1:  1  0  0.0000  0.2311
         3  1:  2  0  0.0000  0.0638
         3  1:  3  1 -0.1462  0.0000 -0.1241
         4  1:  1  0  0.0000  0.2325
         4  1:  2  0  0.0000  0.0642
         4  1:  3  1 -0.1488  0.0000 -0.1274
         4  1:  4  1 -0.1504  0.0000 -0.1303
         5  1:  1  0  0.0000  0.0566
         5  1:  2  0  0.0000  0.0159
         5  1:  3  1 -0.0361  0.0000 -0.0283
         5  1:  4  1 -0.0368  0.0000 -0.0290
         5  1:  5  1 -0.0091  0.0000 -0.0066
         6  1:  1  0  0.0000  0.0560
         6  1:  2  0  0.0000  0.0157
         6  1:  3  1 -0.0359  0.0000 -0.0286
         6  1:  4  1 -0.0364  0.0000 -0.0293
         6  1:  5  1 -0.0090  0.0000 -0.0067
         6  1:  6  1 -0.0089  0.0000 -0.0067
         7  2:  1  0  0.0000  0.0000 -0.0627
         7  2:  2  0  0.0000  0.0000 -0.0148
         7  2:  3  1  0.0000  0.0408  0.0000  0.0447
         7  2:  4  1  0.0000  0.0426  0.0000  0.0469
         7  2:  5  1  0.0000  0.0090  0.0000  0.0088
         7  2:  6  1  0.0000  0.0092  0.0000  0.0092
         7  2:  7  2  0.0001  0.0000 -0.0163  0.0000 -0.0252
         8  2:  1  0  0.0000  0.0000 -0.0631
         8  2:  2  0  0.0000  0.0000 -0.0149
         8  2:  3  1  0.0000  0.0414  0.0000  0.0454
         8  2:  4  1  0.0000  0.0430  0.0000  0.0473
         8  2:  5  1  0.0000  0.0091  0.0000  0.0089
         8  2:  6  1  0.0000  0.0093  0.0000  0.0093
         8  2:  7  2 -0.0004  0.0000 -0.0168  0.0000 -0.0260
         8  2:  8  2 -0.0007  0.0000 -0.0170  0.0000 -0.0259
         9  2:  1  0  0.0000  0.0000 -0.0539
         9  2:  2  0  0.0000  0.0000 -0.0129
         9  2:  3  1  0.0000  0.0343  0.0000  0.0363
         9  2:  4  1  0.0000  0.0361  0.0000  0.0384
         9  2:  5  1  0.0000  0.0076  0.0000  0.0072
         9  2:  6  1  0.0000  0.0079  0.0000  0.0076
         9  2:  7  2  0.0018  0.0000 -0.0127  0.0000 -0.0194
         9  2:  8  2  0.0013  0.0000 -0.0131  0.0000 -0.0199
         9  2:  9  2  0.0033  0.0000 -0.0096  0.0000 -0.0144
        10  2:  1  0  0.0000  0.0000 -0.0550
        10  2:  2  0  0.0000  0.0000 -0.0132
        10  2:  3  1  0.0000  0.0354  0.0000  0.0376
        10  2:  4  1  0.0000  0.0370  0.0000  0.0394
        10  2:  5  1  0.0000  0.0078  0.0000  0.0074
        10  2:  6  1  0.0000  0.0081  0.0000  0.0078
        10  2:  7  2  0.0013  0.0000 -0.0133  0.0000 -0.0204
        10  2:  8  2  0.0010  0.0000 -0.0136  0.0000 -0.0204
        10  2:  9  2  0.0028  0.0000 -0.0101  0.0000 -0.0152
        10  2: 10  2  0.0025  0.0000 -0.0106  0.0000 -0.0157
     Required augmentation: PSQ   radius:    1.200000

     Q pseudized with Bessel functions
     Expected ecutrho=     250.9902 due to l1=  2   l2=  2

     Estimated PAW energy = -274.842230 Ryd

     The PAW screened D coefficients
     1.83450     0.57085     0.00000     0.00000     0.00000     0.00000
     0.00000     0.00000     0.00000     0.00000
     0.57085     0.16862     0.00000     0.00000     0.00000     0.00000
     0.00000     0.00000     0.00000     0.00000
     0.00000     0.00000    -0.88360     0.00000    -0.19649     0.00000
     0.00000     0.00000     0.00000     0.00000
     0.00000     0.00000     0.00000    -0.72522     0.00000    -0.16273
     0.00000     0.00000     0.00000     0.00000
     0.00000     0.00000    -0.19649     0.00000    -0.04702     0.00000
     0.00000     0.00000     0.00000     0.00000
     0.00000     0.00000     0.00000    -0.16273     0.00000    -0.03865
     0.00000     0.00000     0.00000     0.00000
     0.00000     0.00000     0.00000     0.00000     0.00000     0.00000
    -0.34089     0.00000    -0.31082     0.00000
     0.00000     0.00000     0.00000     0.00000     0.00000     0.00000
     0.00000    -0.32475     0.00000    -0.29983
     0.00000     0.00000     0.00000     0.00000     0.00000     0.00000
    -0.31082     0.00000    -0.28245     0.00000
     0.00000     0.00000     0.00000     0.00000     0.00000     0.00000
     0.00000    -0.29983     0.00000    -0.27592

     The PAW descreened D coefficients (US)
    -1.58605    -0.47517     0.00000     0.00000     0.00000     0.00000
     0.00000     0.00000     0.00000     0.00000
    -0.47517    -0.15484     0.00000     0.00000     0.00000     0.00000
     0.00000     0.00000     0.00000     0.00000
     0.00000     0.00000    -1.54053     0.00000    -0.36396     0.00000
     0.00000     0.00000     0.00000     0.00000
     0.00000     0.00000     0.00000    -1.40763     0.00000    -0.33156
     0.00000     0.00000     0.00000     0.00000
     0.00000     0.00000    -0.36396     0.00000    -0.09034     0.00000
     0.00000     0.00000     0.00000     0.00000
     0.00000     0.00000     0.00000    -0.33156     0.00000    -0.08097
     0.00000     0.00000     0.00000     0.00000
     0.00000     0.00000     0.00000     0.00000     0.00000     0.00000
    -0.26401     0.00000    -0.23115     0.00000
     0.00000     0.00000     0.00000     0.00000     0.00000     0.00000
     0.00000    -0.25373     0.00000    -0.22531
     0.00000     0.00000     0.00000     0.00000     0.00000     0.00000
    -0.23115     0.00000    -0.20080     0.00000
     0.00000     0.00000     0.00000     0.00000     0.00000     0.00000
     0.00000    -0.22531     0.00000    -0.19858

     ------------------- End of pseudopotential generation -------------------

     --------------------------- All-electron run ----------------------------

     Y                                                                          
     dirac relativistic calculation

     atomic number is 39.00
     dft = SLA  PZ   NOGX NOGC   lsd =0 sic =0 latt =0  beta=0.20 tr2=1.0E-14
     Exchange-correlation=  SLA  PZ   NOGX NOGC
                           (   1   1   0   0   0   0   0)
     mesh =1223 r(mesh) = 100.62879 a.u. xmin = -7.00 dx = 0.01250
     1 Ry =  13.60569312 eV, c = 137.03599908

     n l j   nl                  e(Ry)          e(Ha)          e(eV)
     Spin orbit split results
     1 0 0.5 1S 1( 2.00)     -1237.3511      -618.6755    -16835.0192
     2 0 0.5 2S 1( 2.00)      -169.5705       -84.7852     -2307.1236
     2 1 0.5 2P 1( 2.00)      -154.9113       -77.4557     -2107.6760
     2 1 1.5 2P 1( 4.00)      -149.2804       -74.6402     -2031.0634
     3 0 0.5 3S 1( 2.00)       -27.0196       -13.5098      -367.6207
     3 1 0.5 3P 1( 2.00)       -21.6256       -10.8128      -294.2307
     3 1 1.5 3P 1( 4.00)       -20.7438       -10.3719      -282.2331
     4 0 0.5 4S 1( 2.00)        -3.5232        -1.7616       -47.9355
     4 1 0.5 4P 1( 2.00)        -2.1246        -1.0623       -28.9067
     4 1 1.5 4P 1( 4.00)        -2.0159        -1.0080       -27.4281
     3 2 1.5 3D 1( 4.00)       -11.2134        -5.6067      -152.5655
     3 2 2.5 3D 1( 6.00)       -11.0555        -5.5278      -150.4183
     4 2 1.5 4D 1( 1.00)        -0.1971        -0.0986        -2.6817
     4 2 2.5 4D 1( 0.00)        -0.1907        -0.0953        -2.5945
     5 0 0.5 5S 1( 2.00)        -0.3106        -0.1553        -4.2259
     5 1 0.5 5P 1( 0.00)        -0.1142        -0.0571        -1.5542
     5 1 1.5 5P 1( 0.00)        -0.1077        -0.0539        -1.4656
     Averaged results
     1 0     1S 1( 2.00)     -1237.3511      -618.6755    -16835.0192
     2 0     2S 1( 2.00)      -169.5705       -84.7852     -2307.1236
     2 1     2P 1( 6.00)      -151.1574       -75.5787     -2056.6009
     3 0     3S 1( 2.00)       -27.0196       -13.5098      -367.6207
     3 1     3P 1( 6.00)       -21.0377       -10.5188      -286.2323
     4 0     4S 1( 2.00)        -3.5232        -1.7616       -47.9355
     4 1     4P 1( 6.00)        -2.0522        -1.0261       -27.9209
     3 2     3D 1(10.00)       -11.1187        -5.5593      -151.2772
     4 2     4D 1( 1.00)        -0.1933        -0.0966        -2.6294
     5 0     5S 1( 2.00)        -0.3106        -0.1553        -4.2259
     5 1     5P 1( 0.00)        -0.1099        -0.0549        -1.4951

     final scf error:  8.4E-15 reached in  24 iterations
 
     Etot =   -6763.498110 Ry,   -3381.749055 Ha,  -92022.079724 eV

     Ekin =    6976.031120 Ry,    3488.015560 Ha,   94913.738640 eV
     Encl =  -16328.058279 Ry,   -8164.029140 Ha, -222154.550241 eV
     Eh   =    2799.835903 Ry,    1399.917952 Ha,   38093.708097 eV
     Exc  =    -211.306855 Ry,    -105.653427 Ha,   -2874.976220 eV


     normalization and overlap integrals

     s(1S/1S) =  1.000000  <r> =   0.0381  <r2> =    0.0020  r(max) =   0.0250
     s(1S/2S) =  0.000000
     s(1S/3S) = -0.000000
     s(1S/4S) =  0.000000
     s(1S/5S) =  0.000000
     s(2S/2S) =  1.000000  <r> =   0.1673  <r2> =    0.0331  r(max) =   0.1404
     s(2S/3S) =  0.000000
     s(2S/4S) =  0.000000
     s(2S/5S) =  0.000000
     s(2P/2P) =  1.000000  <r> =   0.1430  <r2> =    0.0251  r(max) =   0.1107
     s(2P/3P) =  0.000000
     s(2P/4P) =  0.000000
     s(2P/5P) =  0.000000
     s(2P/2P) =  1.000000  <r> =   0.1473  <r2> =    0.0265  r(max) =   0.1135
     s(2P/3P) =  0.000000
     s(2P/4P) =  0.000000
     s(2P/5P) =  0.000000
     s(3S/3S) =  1.000000  <r> =   0.4755  <r2> =    0.2596  r(max) =   0.4217
     s(3S/4S) =  0.000000
     s(3S/5S) =  0.000000
     s(3P/3P) =  1.000000  <r> =   0.4731  <r2> =    0.2614  r(max) =   0.4112
     s(3P/4P) =  0.000000
     s(3P/5P) =  0.000000
     s(3P/3P) =  1.000000  <r> =   0.4837  <r2> =    0.2730  r(max) =   0.4217
     s(3P/4P) =  0.000000
     s(3P/5P) =  0.000000
     s(4S/4S) =  1.000000  <r> =   1.2781  <r2> =    1.8571  r(max) =   1.1319
     s(4S/5S) =  0.000000
     s(4P/4P) =  1.000000  <r> =   1.4362  <r2> =    2.3759  r(max) =   1.2201
     s(4P/5P) =  0.000000
     s(4P/4P) =  1.000000  <r> =   1.4695  <r2> =    2.4878  r(max) =   1.2510
     s(4P/5P) = -0.000000
     s(3D/3D) =  1.000000  <r> =   0.4724  <r2> =    0.2711  r(max) =   0.3584
     s(3D/4D) =  0.000000
     s(3D/3D) =  1.000000  <r> =   0.4760  <r2> =    0.2751  r(max) =   0.3629
     s(3D/4D) = -0.000000
     s(4D/4D) =  1.000000  <r> =   2.6600  <r2> =    8.9624  r(max) =   1.7976
     s(4D/4D) =  1.000000  <r> =   2.6943  <r2> =    9.2019  r(max) =   1.8202
     s(5S/5S) =  1.000000  <r> =   3.9237  <r2> =   17.5707  r(max) =   3.3166
     s(5P/5P) =  1.000000  <r> =   5.2727  <r2> =   32.1232  r(max) =   4.3664
     s(5P/5P) =  1.000000  <r> =   5.3935  <r2> =   33.6061  r(max) =   4.4213

     ------------------------ End of All-electron run ------------------------


     ---------------------- Testing the pseudopotential ----------------------

     Y                                                                          
     dirac relativistic calculation

     atomic number is 39.00   valence charge is 11.00
     dft = SLA  PZ   NOGX NOGC   lsd =0 sic =0 latt =0  beta=0.20 tr2=1.0E-14
     mesh =1223 r(mesh) = 100.62879 xmin = -7.00 dx = 0.01250

     n l  j  nl             e AE (Ry)       e PS (Ry)    De AE-PS (Ry) 
     1 0 0.5 4S   1( 2.00)       -3.52319       -3.52319       -0.00000
     2 0 0.5 5S   1( 2.00)       -0.31060       -0.31060       -0.00000
     2 1 0.5 4P   1( 2.00)       -2.12460       -2.12460       -0.00000
     2 1 1.5 4P   1( 4.00)       -2.01593       -2.01593       -0.00000
     3 1 0.5 5P   1( 0.00)       -0.11423       -0.11423       -0.00000
     3 1 1.5 5P   1( 0.00)       -0.10772       -0.10772       -0.00000
     3 2 1.5 4D   1( 1.00)       -0.19710       -0.19710       -0.00000
     3 2 2.5 4D   1( 0.00)       -0.19069       -0.19069        0.00000

     eps = 2.0E-15  iter =  3
 
     Etot =   -6763.498110 Ry,   -3381.749055 Ha,  -92022.079724 eV
     Etotps =  -274.842225 Ry,    -137.421113 Ha,   -3739.418973 eV

     Ekin =     116.294509 Ry,      58.147254 Ha,    1582.267396 eV
     Encl =    -239.354407 Ry,    -119.677203 Ha,   -3256.582603 eV
     Ehrt =      59.524535 Ry,      29.762267 Ha,     809.872552 eV
     Ecxc =    -211.306862 Ry,    -105.653431 Ha,   -2874.976318 eV
     (Ecc =     -11.437554 Ry,      -5.718777 Ha,    -155.615853 eV)

     ---------------------- End of pseudopotential test ----------------------

