[0] MPI startup(): I_MPI_SHM_LMT environment variable is not supported.
[0] MPI startup(): Similar variables:
	 I_MPI_SHM_HEAP
	 I_MPI_SHM
	 I_MPI_SHM_OPT
	 I_MPI_SHM_THP
[0] MPI startup(): To check the list of supported variables, use the impi_info utility or refer to https://software.intel.com/en-us/mpi-library/documentation/get-started.

     Program LD1 v.7.3.1 starts on 19Sep2024 at 21:48:28 

     This program is part of the open-source Quantum ESPRESSO suite
     for quantum simulation of materials; please cite
         "P. Giannozzi et al., J. Phys.:Condens. Matter 21 395502 (2009);
         "P. Giannozzi et al., J. Phys.:Condens. Matter 29 465901 (2017);
         "P. Giannozzi et al., J. Chem. Phys. 152 154105 (2020);
          URL http://www.quantum-espresso.org", 
     in publications or presentations arising from this work. More details at
     http://www.quantum-espresso.org/quote

     Parallel version (MPI), running on     1 processors

     MPI processes distributed on     1 nodes
     89572 MiB available memory on the printing compute node when the environment starts
 
     Waiting for input...
     Reading input from standard input
     --------------------------- All-electron run ----------------------------

     Zn                                                                         
     dirac relativistic calculation

     atomic number is 30.00
     dft =LDA   lsd =0 sic =0 latt =0  beta=0.20 tr2=1.0E-14
     Exchange-correlation= LDA
                           (   1   1   0   0   0   0   0)
     mesh =1201 r(mesh) =  99.36527 a.u. xmin = -7.00 dx = 0.01250
     1 Ry =  13.60569312 eV, c = 137.03599908

     n l j   nl                  e(Ry)          e(Ha)          e(eV)
     Spin orbit split results
     1 0 0.5 1S 1( 2.00)      -698.5801      -349.2900     -9504.6663
     2 0 0.5 2S 1( 2.00)       -84.9472       -42.4736     -1155.7655
     2 1 0.5 2P 1( 2.00)       -74.9007       -37.4504     -1019.0764
     2 1 1.5 2P 1( 4.00)       -73.1500       -36.5750      -995.2565
     3 0 0.5 3S 1( 2.00)        -9.4511        -4.7255      -128.5882
     3 1 0.5 3P 1( 2.00)        -6.2702        -3.1351       -85.3104
     3 1 1.5 3P 1( 4.00)        -6.0439        -3.0220       -82.2317
     3 2 1.5 3D 1( 4.00)        -0.7818        -0.3909       -10.6367
     3 2 2.5 3D 1( 6.00)        -0.7555        -0.3777       -10.2787
     4 0 0.5 4S 1( 2.00)        -0.4575        -0.2288        -6.2253
     4 1 0.5 4P 1( 0.00)        -0.0940        -0.0470        -1.2793
     4 1 1.5 4P 1( 0.00)        -0.0891        -0.0446        -1.2128
     Averaged results
     1 0     1S 1( 2.00)      -698.5801      -349.2900     -9504.6663
     2 0     2S 1( 2.00)       -84.9472       -42.4736     -1155.7655
     2 1     2P 1( 6.00)       -73.7336       -36.8668     -1003.1965
     3 0     3S 1( 2.00)        -9.4511        -4.7255      -128.5882
     3 1     3P 1( 6.00)        -6.1193        -3.0597       -83.2580
     3 2     3D 1(10.00)        -0.7660        -0.3830       -10.4219
     4 0     4S 1( 2.00)        -0.4575        -0.2288        -6.2253
     4 1     4P 1( 0.00)        -0.0908        -0.0454        -1.2349

     final scf error:  6.7E-16 reached in  34 iterations
 
     Etot =   -3586.762952 Ry,   -1793.381476 Ha,  -48800.396029 eV

     Ekin =    3651.949308 Ry,    1825.974654 Ha,   49687.301590 eV
     Encl =   -8658.824174 Ry,   -4329.412087 Ha, -117809.304512 eV
     Eh   =    1557.752451 Ry,     778.876225 Ha,   21194.301804 eV
     Exc  =    -137.640537 Ry,     -68.820269 Ha,   -1872.694911 eV


     normalization and overlap integrals

     s(1S/1S) =  1.000000  <r> =   0.0504  <r2> =    0.0034  r(max) =   0.0329
     s(1S/2S) =  0.000000
     s(1S/3S) = -0.000000
     s(1S/4S) =  0.000000
     s(2S/2S) =  1.000000  <r> =   0.2264  <r2> =    0.0605  r(max) =   0.1894
     s(2S/3S) =  0.000000
     s(2S/4S) =  0.000000
     s(2P/2P) =  1.000000  <r> =   0.1961  <r2> =    0.0473  r(max) =   0.1494
     s(2P/3P) =  0.000000
     s(2P/4P) =  0.000000
     s(2P/2P) =  1.000000  <r> =   0.1995  <r2> =    0.0488  r(max) =   0.1532
     s(2P/3P) =  0.000000
     s(2P/4P) =  0.000000
     s(3S/3S) =  1.000000  <r> =   0.6822  <r2> =    0.5385  r(max) =   0.5908
     s(3S/4S) =  0.000000
     s(3P/3P) =  1.000000  <r> =   0.7067  <r2> =    0.5910  r(max) =   0.5835
     s(3P/4P) =  0.000000
     s(3P/3P) =  1.000000  <r> =   0.7177  <r2> =    0.6096  r(max) =   0.5983
     s(3P/4P) = -0.000000
     s(3D/3D) =  1.000000  <r> =   0.9068  <r2> =    1.1194  r(max) =   0.5620
     s(3D/3D) =  1.000000  <r> =   0.9156  <r2> =    1.1434  r(max) =   0.5620
     s(4S/4S) =  1.000000  <r> =   2.6304  <r2> =    8.1226  r(max) =   2.0882
     s(4P/4P) =  1.000000  <r> =   4.0930  <r2> =   20.5549  r(max) =   3.0006
     s(4P/4P) =  1.000000  <r> =   4.1731  <r2> =   21.3724  r(max) =   3.0383

     ------------------------ End of All-electron run ------------------------


     --------------------- Generating US pseudopotential ---------------------


      Generating local potential from pseudized AE potential:
      Matching radius rcloc =   1.7000

      Local pseudo, rcloc= 1.688 Estimated cut-off energy=     8.66 Ry

      Computing core charge for nlcc: 

       r > 0.70 : true rho core
       r < 0.70 : rho core = a sin(br)/r    a=  23.89  b=   3.34

      Integrated core pseudo-charge :   8.66

     Fully relativistic calculation: |psi|^2

     Wfc 4S LC norm =  0.99996121 SC norm =  0.00003624 missing  0.00000255

     Wfc 4P LC norm =  0.99998435 SC norm =  0.00001538 missing  0.00000027

     Wfc 4P LC norm =  0.99998496 SC norm =  0.00001133 missing  0.00000371

     Wfc 3D LC norm =  0.99970385 SC norm =  0.00029613 missing  0.00000001

     Wfc 3D LC norm =  0.99970744 SC norm =  0.00029212 missing  0.00000044
      Wfc-us  4S rcutus= 2.223  Estimated cut-off energy=     9.15 Ry
      Wfc-us  4S rcutus= 2.223  Estimated cut-off energy=    23.77 Ry
      Wfc-us  4P rcutus= 2.279  Estimated cut-off energy=    13.94 Ry
      Wfc-us  4P rcutus= 2.279  Estimated cut-off energy=    13.90 Ry
      Wfc-us  4P rcutus= 2.279  Estimated cut-off energy=    31.43 Ry
      Wfc-us  4P rcutus= 2.279  Estimated cut-off energy=    31.24 Ry
      Wfc-us  3D rcutus= 1.820  Estimated cut-off energy=    35.79 Ry
      Wfc-us  3D rcutus= 1.820  Estimated cut-off energy=    35.76 Ry
      Wfc-us  3D rcutus= 1.820  Estimated cut-off energy=    40.57 Ry
      Wfc-us  3D rcutus= 1.820  Estimated cut-off energy=    39.42 Ry

      The bmat matrix
     0.99651     0.65631     0.00000     0.00000     0.00000     0.00000
     0.00000     0.00000     0.00000     0.00000
     0.52844     0.55193     0.00000     0.00000     0.00000     0.00000
     0.00000     0.00000     0.00000     0.00000
     0.00000     0.00000     0.13622     0.00000     0.34331     0.00000
     0.00000     0.00000     0.00000     0.00000
     0.00000     0.00000     0.00000     0.12898     0.00000     0.33112
     0.00000     0.00000     0.00000     0.00000
     0.00000     0.00000     0.22994     0.00000     0.98951     0.00000
     0.00000     0.00000     0.00000     0.00000
     0.00000     0.00000     0.00000     0.22568     0.00000     0.98774
     0.00000     0.00000     0.00000     0.00000
     0.00000     0.00000     0.00000     0.00000     0.00000     0.00000
    -0.95720     0.00000    -0.53742     0.00000
     0.00000     0.00000     0.00000     0.00000     0.00000     0.00000
     0.00000    -0.95969     0.00000    -0.53173
     0.00000     0.00000     0.00000     0.00000     0.00000     0.00000
    -0.47062     0.00000    -0.26588     0.00000
     0.00000     0.00000     0.00000     0.00000     0.00000     0.00000
     0.00000    -0.47521     0.00000    -0.26426

      The bmat + epsilon qq matrix
     1.05474     0.53741     0.00000     0.00000     0.00000     0.00000
     0.00000     0.00000     0.00000     0.00000
     0.53736     0.90963     0.00000     0.00000     0.00000     0.00000
     0.00000     0.00000     0.00000     0.00000
     0.00000     0.00000     0.13761     0.00000     0.23162     0.00000
     0.00000     0.00000     0.00000     0.00000
     0.00000     0.00000     0.00000     0.13016     0.00000     0.22719
     0.00000     0.00000     0.00000     0.00000
     0.00000     0.00000     0.23161     0.00000     0.89212     0.00000
     0.00000     0.00000     0.00000     0.00000
     0.00000     0.00000     0.00000     0.22715     0.00000     0.90772
     0.00000     0.00000     0.00000     0.00000
     0.00000     0.00000     0.00000     0.00000     0.00000     0.00000
    -1.49414     0.00000    -0.75790     0.00000
     0.00000     0.00000     0.00000     0.00000     0.00000     0.00000
     0.00000    -1.47399     0.00000    -0.74987
     0.00000     0.00000     0.00000     0.00000     0.00000     0.00000
    -0.75789     0.00000    -0.38392     0.00000
     0.00000     0.00000     0.00000     0.00000     0.00000     0.00000
     0.00000    -0.74987     0.00000    -0.38081

      The qq matrix
    -0.12726    -0.01949     0.00000     0.00000     0.00000     0.00000
     0.00000     0.00000     0.00000     0.00000
    -0.01949     0.05864     0.00000     0.00000     0.00000     0.00000
     0.00000     0.00000     0.00000     0.00000
     0.00000     0.00000    -0.01482     0.00000    -0.01773     0.00000
     0.00000     0.00000     0.00000     0.00000
     0.00000     0.00000     0.00000    -0.01327     0.00000    -0.01650
     0.00000     0.00000     0.00000     0.00000
     0.00000     0.00000    -0.01773     0.00000    -0.01546     0.00000
     0.00000     0.00000     0.00000     0.00000
     0.00000     0.00000     0.00000    -0.01650     0.00000    -0.01270
     0.00000     0.00000     0.00000     0.00000
     0.00000     0.00000     0.00000     0.00000     0.00000     0.00000
     0.68682     0.00000     0.36747     0.00000
     0.00000     0.00000     0.00000     0.00000     0.00000     0.00000
     0.00000     0.68076     0.00000     0.36357
     0.00000     0.00000     0.00000     0.00000     0.00000     0.00000
     0.36747     0.00000     0.19673     0.00000
     0.00000     0.00000     0.00000     0.00000     0.00000     0.00000
     0.00000     0.36357     0.00000     0.19425

     Q pseudized with Bessel functions
     Expected ecutrho=     232.8066 due to l1=  2   l2=  2

      The ddd matrix
     0.47577     0.87612     0.00000     0.00000     0.00000     0.00000
     0.00000     0.00000     0.00000     0.00000
     0.87612     1.19040     0.00000     0.00000     0.00000     0.00000
     0.00000     0.00000     0.00000     0.00000
     0.00000     0.00000     0.12226     0.00000     0.21431     0.00000
     0.00000     0.00000     0.00000     0.00000
     0.00000     0.00000     0.00000     0.12206     0.00000     0.22040
     0.00000     0.00000     0.00000     0.00000
     0.00000     0.00000     0.21431     0.00000     0.67531     0.00000
     0.00000     0.00000     0.00000     0.00000
     0.00000     0.00000     0.00000     0.22040     0.00000     0.70075
     0.00000     0.00000     0.00000     0.00000
     0.00000     0.00000     0.00000     0.00000     0.00000     0.00000
     3.66085     0.00000     2.01663     0.00000
     0.00000     0.00000     0.00000     0.00000     0.00000     0.00000
     0.00000     3.62960     0.00000     1.98878
     0.00000     0.00000     0.00000     0.00000     0.00000     0.00000
     2.01663     0.00000     1.10996     0.00000
     0.00000     0.00000     0.00000     0.00000     0.00000     0.00000
     0.00000     1.98878     0.00000     1.08912

     ------------------- End of pseudopotential generation -------------------

     --------------------------- All-electron run ----------------------------

     Zn                                                                         
     dirac relativistic calculation

     atomic number is 30.00
     dft =LDA   lsd =0 sic =0 latt =0  beta=0.20 tr2=1.0E-14
     Exchange-correlation= LDA
                           (   1   1   0   0   0   0   0)
     mesh =1201 r(mesh) =  99.36527 a.u. xmin = -7.00 dx = 0.01250
     1 Ry =  13.60569312 eV, c = 137.03599908

     n l j   nl                  e(Ry)          e(Ha)          e(eV)
     Spin orbit split results
     1 0 0.5 1S 1( 2.00)      -698.5801      -349.2900     -9504.6663
     2 0 0.5 2S 1( 2.00)       -84.9472       -42.4736     -1155.7655
     2 1 0.5 2P 1( 2.00)       -74.9007       -37.4504     -1019.0764
     2 1 1.5 2P 1( 4.00)       -73.1500       -36.5750      -995.2565
     3 0 0.5 3S 1( 2.00)        -9.4511        -4.7255      -128.5882
     3 1 0.5 3P 1( 2.00)        -6.2702        -3.1351       -85.3104
     3 1 1.5 3P 1( 4.00)        -6.0439        -3.0220       -82.2317
     3 2 1.5 3D 1( 4.00)        -0.7818        -0.3909       -10.6367
     3 2 2.5 3D 1( 6.00)        -0.7555        -0.3777       -10.2787
     4 0 0.5 4S 1( 2.00)        -0.4575        -0.2288        -6.2253
     4 1 0.5 4P 1( 0.00)        -0.0940        -0.0470        -1.2793
     4 1 1.5 4P 1( 0.00)        -0.0891        -0.0446        -1.2128
     Averaged results
     1 0     1S 1( 2.00)      -698.5801      -349.2900     -9504.6663
     2 0     2S 1( 2.00)       -84.9472       -42.4736     -1155.7655
     2 1     2P 1( 6.00)       -73.7336       -36.8668     -1003.1965
     3 0     3S 1( 2.00)        -9.4511        -4.7255      -128.5882
     3 1     3P 1( 6.00)        -6.1193        -3.0597       -83.2580
     3 2     3D 1(10.00)        -0.7660        -0.3830       -10.4219
     4 0     4S 1( 2.00)        -0.4575        -0.2288        -6.2253
     4 1     4P 1( 0.00)        -0.0908        -0.0454        -1.2349

     final scf error:  6.7E-16 reached in  34 iterations
 
     Etot =   -3586.762952 Ry,   -1793.381476 Ha,  -48800.396029 eV

     Ekin =    3651.949308 Ry,    1825.974654 Ha,   49687.301590 eV
     Encl =   -8658.824174 Ry,   -4329.412087 Ha, -117809.304512 eV
     Eh   =    1557.752451 Ry,     778.876225 Ha,   21194.301804 eV
     Exc  =    -137.640537 Ry,     -68.820269 Ha,   -1872.694911 eV


     normalization and overlap integrals

     s(1S/1S) =  1.000000  <r> =   0.0504  <r2> =    0.0034  r(max) =   0.0329
     s(1S/2S) =  0.000000
     s(1S/3S) = -0.000000
     s(1S/4S) =  0.000000
     s(2S/2S) =  1.000000  <r> =   0.2264  <r2> =    0.0605  r(max) =   0.1894
     s(2S/3S) =  0.000000
     s(2S/4S) =  0.000000
     s(2P/2P) =  1.000000  <r> =   0.1961  <r2> =    0.0473  r(max) =   0.1494
     s(2P/3P) =  0.000000
     s(2P/4P) =  0.000000
     s(2P/2P) =  1.000000  <r> =   0.1995  <r2> =    0.0488  r(max) =   0.1532
     s(2P/3P) =  0.000000
     s(2P/4P) =  0.000000
     s(3S/3S) =  1.000000  <r> =   0.6822  <r2> =    0.5385  r(max) =   0.5908
     s(3S/4S) =  0.000000
     s(3P/3P) =  1.000000  <r> =   0.7067  <r2> =    0.5910  r(max) =   0.5835
     s(3P/4P) =  0.000000
     s(3P/3P) =  1.000000  <r> =   0.7177  <r2> =    0.6096  r(max) =   0.5983
     s(3P/4P) = -0.000000
     s(3D/3D) =  1.000000  <r> =   0.9068  <r2> =    1.1194  r(max) =   0.5620
     s(3D/3D) =  1.000000  <r> =   0.9156  <r2> =    1.1434  r(max) =   0.5620
     s(4S/4S) =  1.000000  <r> =   2.6304  <r2> =    8.1226  r(max) =   2.0882
     s(4P/4P) =  1.000000  <r> =   4.0930  <r2> =   20.5549  r(max) =   3.0006
     s(4P/4P) =  1.000000  <r> =   4.1731  <r2> =   21.3724  r(max) =   3.0383

     ------------------------ End of All-electron run ------------------------


     ---------------------- Testing the pseudopotential ----------------------

     Zn                                                                         
     dirac relativistic calculation

     atomic number is 30.00   valence charge is 12.00
     dft =LDA   lsd =0 sic =0 latt =0  beta=0.20 tr2=1.0E-14
     mesh =1201 r(mesh) =  99.36527 xmin = -7.00 dx = 0.01250

     n l  j  nl             e AE (Ry)       e PS (Ry)    De AE-PS (Ry) 
     1 0 0.5 4S   1( 2.00)       -0.45755       -0.45755        0.00000
     2 1 0.5 4P   1( 0.00)       -0.09402       -0.09402       -0.00000
     2 1 1.5 4P   1( 0.00)       -0.08914       -0.08914        0.00000
     3 2 1.5 3D   1( 4.00)       -0.78178       -0.78178        0.00000
     3 2 2.5 3D   1( 6.00)       -0.75547       -0.75547        0.00000

     eps = 1.4E-15  iter =  4
 
     Etot =   -3586.762952 Ry,   -1793.381476 Ha,  -48800.396029 eV
     Etotps =  -144.700708 Ry,     -72.350354 Ha,   -1968.753426 eV

     Ekin =      18.312707 Ry,       9.156354 Ha,     249.157072 eV
     Encl =    -278.882024 Ry,    -139.441012 Ha,   -3794.383243 eV
     Ehrt =     121.591241 Ry,      60.795620 Ha,    1654.333111 eV
     Ecxc =     -43.095182 Ry,     -21.547591 Ha,    -586.339825 eV
     (Ecc =     -17.382754 Ry,      -8.691377 Ha,    -236.504422 eV)
     Epseu=      37.372551 Ry,      18.686275 Ha,     508.479459 eV

     ---------------------- End of pseudopotential test ----------------------

