[0] MPI startup(): I_MPI_SHM_LMT environment variable is not supported.
[0] MPI startup(): Similar variables:
	 I_MPI_SHM_HEAP
	 I_MPI_SHM
	 I_MPI_SHM_OPT
	 I_MPI_SHM_THP
[0] MPI startup(): To check the list of supported variables, use the impi_info utility or refer to https://software.intel.com/en-us/mpi-library/documentation/get-started.

     Program LD1 v.7.3.1 starts on 19Sep2024 at 21:48:29 

     This program is part of the open-source Quantum ESPRESSO suite
     for quantum simulation of materials; please cite
         "P. Giannozzi et al., J. Phys.:Condens. Matter 21 395502 (2009);
         "P. Giannozzi et al., J. Phys.:Condens. Matter 29 465901 (2017);
         "P. Giannozzi et al., J. Chem. Phys. 152 154105 (2020);
          URL http://www.quantum-espresso.org", 
     in publications or presentations arising from this work. More details at
     http://www.quantum-espresso.org/quote

     Parallel version (MPI), running on     1 processors

     MPI processes distributed on     1 nodes
     89571 MiB available memory on the printing compute node when the environment starts
 
     Waiting for input...
     Reading input from standard input
     --------------------------- All-electron run ----------------------------

     Zr                                                                         
     dirac relativistic calculation

     atomic number is 40.00
     dft =LDA   lsd =0 sic =0 latt =0  beta=0.20 tr2=1.0E-14
     Exchange-correlation= LDA
                           (   1   1   0   0   0   0   0)
     mesh =1225 r(mesh) = 100.59681 a.u. xmin = -7.00 dx = 0.01250
     1 Ry =  13.60569312 eV, c = 137.03599908

     n l j   nl                  e(Ry)          e(Ha)          e(eV)
     Spin orbit split results
     1 0 0.5 1S 1( 2.00)     -1307.6269      -653.8135    -17791.1707
     2 0 0.5 2S 1( 2.00)      -181.1879       -90.5940     -2465.1872
     2 1 0.5 2P 1( 2.00)      -165.9844       -82.9922     -2258.3329
     2 1 1.5 2P 1( 4.00)      -159.6851       -79.8426     -2172.6269
     3 0 0.5 3S 1( 2.00)       -29.6443       -14.8221      -403.3306
     3 1 0.5 3P 1( 2.00)       -23.9819       -11.9909      -326.2900
     3 1 1.5 3P 1( 4.00)       -22.9774       -11.4887      -312.6240
     4 0 0.5 4S 1( 2.00)        -3.9999        -1.9999       -54.4211
     4 1 0.5 4P 1( 2.00)        -2.4738        -1.2369       -33.6572
     4 1 1.5 4P 1( 4.00)        -2.3412        -1.1706       -31.8536
     3 2 1.5 3D 1( 4.00)       -12.9537        -6.4769      -176.2443
     3 2 2.5 3D 1( 6.00)       -12.7701        -6.3850      -173.7455
     4 2 1.5 4D 1( 2.00)        -0.2778        -0.1389        -3.7791
     4 2 2.5 4D 1( 0.00)        -0.2683        -0.1341        -3.6500
     5 0 0.5 5S 1( 2.00)        -0.3367        -0.1684        -4.5816
     5 1 0.5 5P 1( 0.00)        -0.1188        -0.0594        -1.6161
     5 1 1.5 5P 1( 0.00)        -0.1111        -0.0555        -1.5111
     Averaged results
     1 0     1S 1( 2.00)     -1307.6269      -653.8135    -17791.1707
     2 0     2S 1( 2.00)      -181.1879       -90.5940     -2465.1872
     2 1     2P 1( 6.00)      -161.7849       -80.8924     -2201.1955
     3 0     3S 1( 2.00)       -29.6443       -14.8221      -403.3306
     3 1     3P 1( 6.00)       -23.3123       -11.6561      -317.1793
     4 0     4S 1( 2.00)        -3.9999        -1.9999       -54.4211
     4 1     4P 1( 6.00)        -2.3854        -1.1927       -32.4548
     3 2     3D 1(10.00)       -12.8435        -6.4218      -174.7450
     4 2     4D 1( 2.00)        -0.2721        -0.1360        -3.7017
     5 0     5S 1( 2.00)        -0.3367        -0.1684        -4.5816
     5 1     5P 1( 0.00)        -0.1136        -0.0568        -1.5461

     final scf error:  6.3E-15 reached in  39 iterations
 
     Etot =   -7190.052813 Ry,   -3595.026406 Ha,  -97825.652111 eV

     Ekin =    7428.190389 Ry,    3714.095195 Ha,  101065.678897 eV
     Encl =  -17360.299399 Ry,   -8680.149700 Ha, -236198.906149 eV
     Eh   =    2962.236557 Ry,    1481.118278 Ha,   40303.281551 eV
     Exc  =    -220.180360 Ry,    -110.090180 Ha,   -2995.706410 eV


     normalization and overlap integrals

     s(1S/1S) =  1.000000  <r> =   0.0371  <r2> =    0.0019  r(max) =   0.0241
     s(1S/2S) =  0.000000
     s(1S/3S) = -0.000000
     s(1S/4S) =  0.000000
     s(1S/5S) =  0.000000
     s(2S/2S) =  1.000000  <r> =   0.1625  <r2> =    0.0312  r(max) =   0.1368
     s(2S/3S) =  0.000000
     s(2S/4S) =  0.000000
     s(2S/5S) =  0.000000
     s(2P/2P) =  1.000000  <r> =   0.1387  <r2> =    0.0236  r(max) =   0.1066
     s(2P/3P) =  0.000000
     s(2P/4P) =  0.000000
     s(2P/5P) =  0.000000
     s(2P/2P) =  1.000000  <r> =   0.1431  <r2> =    0.0250  r(max) =   0.1107
     s(2P/3P) =  0.000000
     s(2P/4P) =  0.000000
     s(2P/5P) =  0.000000
     s(3S/3S) =  1.000000  <r> =   0.4592  <r2> =    0.2420  r(max) =   0.4111
     s(3S/4S) =  0.000000
     s(3S/5S) =  0.000000
     s(3P/3P) =  1.000000  <r> =   0.4555  <r2> =    0.2422  r(max) =   0.3960
     s(3P/4P) =  0.000000
     s(3P/5P) =  0.000000
     s(3P/3P) =  1.000000  <r> =   0.4661  <r2> =    0.2533  r(max) =   0.4060
     s(3P/4P) =  0.000000
     s(3P/5P) =  0.000000
     s(4S/4S) =  1.000000  <r> =   1.2120  <r2> =    1.6685  r(max) =   1.0764
     s(4S/5S) =  0.000000
     s(4P/4P) =  1.000000  <r> =   1.3479  <r2> =    2.0893  r(max) =   1.1602
     s(4P/5P) =  0.000000
     s(4P/4P) =  1.000000  <r> =   1.3801  <r2> =    2.1907  r(max) =   1.1896
     s(4P/5P) = -0.000000
     s(3D/3D) =  1.000000  <r> =   0.4507  <r2> =    0.2460  r(max) =   0.3451
     s(3D/4D) =  0.000000
     s(3D/3D) =  1.000000  <r> =   0.4543  <r2> =    0.2498  r(max) =   0.3495
     s(3D/4D) = -0.000000
     s(4D/4D) =  1.000000  <r> =   2.2853  <r2> =    6.5392  r(max) =   1.6058
     s(4D/4D) =  1.000000  <r> =   2.3143  <r2> =    6.7133  r(max) =   1.6260
     s(5S/5S) =  1.000000  <r> =   3.6980  <r2> =   15.6248  r(max) =   3.1147
     s(5P/5P) =  1.000000  <r> =   4.9877  <r2> =   28.8584  r(max) =   4.0496
     s(5P/5P) =  1.000000  <r> =   5.1156  <r2> =   30.3562  r(max) =   4.1521

     ------------------------ End of All-electron run ------------------------


     --------------------- Generating PAW atomic setup --------------------


      Generating local potential from pseudized AE potential:
      Matching radius rcloc =   2.4000

      Local pseudo, rcloc= 2.426 Estimated cut-off energy=     4.20 Ry

      Computing core charge for nlcc: 

       r > 1.10 : true rho core
      Core charge pseudized with two Bessel functions
      Integrated core pseudo-charge :   4.78

     Fully relativistic calculation: |psi|^2

     Wfc 4S LC norm =  0.99976179 SC norm =  0.00023808 missing  0.00000013
     Speed at rcutus      0.421 a.u.,  v/c =  0.003072,  (v/c)^2 = -0.00000944

     Wfc 5S LC norm =  0.99997146 SC norm =  0.00002622 missing  0.00000232
     Speed at rcutus      0.158 a.u.,  v/c =  0.001155,  (v/c)^2 =  0.00000133

     Wfc 4P LC norm =  0.99980529 SC norm =  0.00019456 missing  0.00000015
     Speed at rcutus      0.537 a.u.,  v/c =  0.003917,  (v/c)^2 =  0.00001534

     Wfc 4P LC norm =  0.99981304 SC norm =  0.00018637 missing  0.00000059
     Speed at rcutus      0.609 a.u.,  v/c =  0.004445,  (v/c)^2 =  0.00001976

     Wfc 5P LC norm =  0.99998468 SC norm =  0.00001441 missing  0.00000091
     Speed at rcutus      0.029 a.u.,  v/c =  0.000208,  (v/c)^2 =  0.00000004

     Wfc 5P LC norm =  0.99998541 SC norm =  0.00001166 missing  0.00000292
     Speed at rcutus      0.002 a.u.,  v/c =  0.000016,  (v/c)^2 =  0.00000000

     Wfc 4D LC norm =  0.99992214 SC norm =  0.00007778 missing  0.00000007
     Speed at rcutus      0.968 a.u.,  v/c =  0.007064,  (v/c)^2 =  0.00004991

     Wfc 4D LC norm =  0.99992382 SC norm =  0.00007091 missing  0.00000526
     Speed at rcutus      0.967 a.u.,  v/c =  0.007055,  (v/c)^2 =  0.00004977
      Wfc-us  4S rcutus= 1.586  Estimated cut-off energy=    20.51 Ry
      Wfc-us  5S rcutus= 1.586  Estimated cut-off energy=    36.34 Ry
      Wfc-us  4P rcutus= 1.709  Estimated cut-off energy=    27.91 Ry
      Wfc-us  4P rcutus= 1.709  Estimated cut-off energy=    27.78 Ry
      Wfc-us  5P rcutus= 1.709  Estimated cut-off energy=    42.72 Ry
      Wfc-us  5P rcutus= 1.709  Estimated cut-off energy=    40.70 Ry
      Wfc-us  4D rcutus= 1.889  Estimated cut-off energy=    31.52 Ry
      Wfc-us  4D rcutus= 1.889  Estimated cut-off energy=    31.49 Ry
      Wfc-us  4D rcutus= 1.889  Estimated cut-off energy=    33.11 Ry
      Wfc-us  4D rcutus= 1.889  Estimated cut-off energy=    33.02 Ry

      The bmat matrix
    -1.04011     0.45067     0.00000     0.00000     0.00000     0.00000
     0.00000     0.00000     0.00000     0.00000
    -0.28404     0.12901     0.00000     0.00000     0.00000     0.00000
     0.00000     0.00000     0.00000     0.00000
     0.00000     0.00000    -1.74080     0.00000    -0.30588     0.00000
     0.00000     0.00000     0.00000     0.00000
     0.00000     0.00000     0.00000    -1.54770     0.00000    -0.26400
     0.00000     0.00000     0.00000     0.00000
     0.00000     0.00000    -0.39861     0.00000    -0.07825     0.00000
     0.00000     0.00000     0.00000     0.00000
     0.00000     0.00000     0.00000    -0.34996     0.00000    -0.06473
     0.00000     0.00000     0.00000     0.00000
     0.00000     0.00000     0.00000     0.00000     0.00000     0.00000
    -0.57612     0.00000    -0.46528     0.00000
     0.00000     0.00000     0.00000     0.00000     0.00000     0.00000
     0.00000    -0.55353     0.00000    -0.45101
     0.00000     0.00000     0.00000     0.00000     0.00000     0.00000
    -0.45740     0.00000    -0.36933     0.00000
     0.00000     0.00000     0.00000     0.00000     0.00000     0.00000
     0.00000    -0.44415     0.00000    -0.36181

      The bmat + epsilon qq matrix
     1.54326     0.51821     0.00000     0.00000     0.00000     0.00000
     0.00000     0.00000     0.00000     0.00000
     0.51820     0.15041     0.00000     0.00000     0.00000     0.00000
     0.00000     0.00000     0.00000     0.00000
     0.00000     0.00000    -1.40802     0.00000    -0.30121     0.00000
     0.00000     0.00000     0.00000     0.00000
     0.00000     0.00000     0.00000    -1.20802     0.00000    -0.25972
     0.00000     0.00000     0.00000     0.00000
     0.00000     0.00000    -0.30121     0.00000    -0.07689     0.00000
     0.00000     0.00000     0.00000     0.00000
     0.00000     0.00000     0.00000    -0.25972     0.00000    -0.06358
     0.00000     0.00000     0.00000     0.00000
     0.00000     0.00000     0.00000     0.00000     0.00000     0.00000
    -0.57980     0.00000    -0.46119     0.00000
     0.00000     0.00000     0.00000     0.00000     0.00000     0.00000
     0.00000    -0.55658     0.00000    -0.44739
     0.00000     0.00000     0.00000     0.00000     0.00000     0.00000
    -0.46118     0.00000    -0.36531     0.00000
     0.00000     0.00000     0.00000     0.00000     0.00000     0.00000
     0.00000    -0.44739     0.00000    -0.35817

      The qq matrix
    -0.64586    -0.20057     0.00000     0.00000     0.00000     0.00000
     0.00000     0.00000     0.00000     0.00000
    -0.20057    -0.06353     0.00000     0.00000     0.00000     0.00000
     0.00000     0.00000     0.00000     0.00000
     0.00000     0.00000    -0.13452     0.00000    -0.03938     0.00000
     0.00000     0.00000     0.00000     0.00000
     0.00000     0.00000     0.00000    -0.14509     0.00000    -0.03854
     0.00000     0.00000     0.00000     0.00000
     0.00000     0.00000    -0.03938     0.00000    -0.01145     0.00000
     0.00000     0.00000     0.00000     0.00000
     0.00000     0.00000     0.00000    -0.03854     0.00000    -0.01035
     0.00000     0.00000     0.00000     0.00000
     0.00000     0.00000     0.00000     0.00000     0.00000     0.00000
     0.01326     0.00000     0.01364     0.00000
     0.00000     0.00000     0.00000     0.00000     0.00000     0.00000
     0.00000     0.01137     0.00000     0.01206
     0.00000     0.00000     0.00000     0.00000     0.00000     0.00000
     0.01364     0.00000     0.01340     0.00000
     0.00000     0.00000     0.00000     0.00000     0.00000     0.00000
     0.00000     0.01206     0.00000     0.01212


    multipoles (all-electron charge) - (pseudo charge)
        ns l1:ns1 l2    l=0     l=1     l=2     l=3     l=4     l=5  
         1  0:  1  0 -0.6459
         2  0:  1  0 -0.2006
         2  0:  2  0 -0.0635
         3  1:  1  0  0.0000  0.2340
         3  1:  2  0  0.0000  0.0654
         3  1:  3  1 -0.1345  0.0000 -0.1084
         4  1:  1  0  0.0000  0.2385
         4  1:  2  0  0.0000  0.0666
         4  1:  3  1 -0.1404  0.0000 -0.1142
         4  1:  4  1 -0.1451  0.0000 -0.1194
         5  1:  1  0  0.0000  0.0639
         5  1:  2  0  0.0000  0.0184
         5  1:  3  1 -0.0394  0.0000 -0.0284
         5  1:  4  1 -0.0406  0.0000 -0.0296
         5  1:  5  1 -0.0115  0.0000 -0.0075
         6  1:  1  0  0.0000  0.0612
         6  1:  2  0  0.0000  0.0175
         6  1:  3  1 -0.0375  0.0000 -0.0276
         6  1:  4  1 -0.0385  0.0000 -0.0287
         6  1:  5  1 -0.0109  0.0000 -0.0073
         6  1:  6  1 -0.0104  0.0000 -0.0071
         7  2:  1  0  0.0000  0.0000 -0.0569
         7  2:  2  0  0.0000  0.0000 -0.0131
         7  2:  3  1  0.0000  0.0293  0.0000  0.0306
         7  2:  4  1  0.0000  0.0329  0.0000  0.0343
         7  2:  5  1  0.0000  0.0083  0.0000  0.0073
         7  2:  6  1  0.0000  0.0081  0.0000  0.0072
         7  2:  7  2  0.0133  0.0000 -0.0055  0.0000 -0.0119
         8  2:  1  0  0.0000  0.0000 -0.0580
         8  2:  2  0  0.0000  0.0000 -0.0133
         8  2:  3  1  0.0000  0.0306  0.0000  0.0320
         8  2:  4  1  0.0000  0.0339  0.0000  0.0354
         8  2:  5  1  0.0000  0.0085  0.0000  0.0074
         8  2:  6  1  0.0000  0.0083  0.0000  0.0074
         8  2:  7  2  0.0122  0.0000 -0.0065  0.0000 -0.0133
         8  2:  8  2  0.0114  0.0000 -0.0072  0.0000 -0.0138
         9  2:  1  0  0.0000  0.0000 -0.0410
         9  2:  2  0  0.0000  0.0000 -0.0098
         9  2:  3  1  0.0000  0.0192  0.0000  0.0184
         9  2:  4  1  0.0000  0.0222  0.0000  0.0215
         9  2:  5  1  0.0000  0.0059  0.0000  0.0048
         9  2:  6  1  0.0000  0.0057  0.0000  0.0047
         9  2:  7  2  0.0136  0.0000 -0.0009  0.0000 -0.0042
         9  2:  8  2  0.0127  0.0000 -0.0017  0.0000 -0.0050
         9  2:  9  2  0.0134  0.0000  0.0020  0.0000  0.0009
        10  2:  1  0  0.0000  0.0000 -0.0424
        10  2:  2  0  0.0000  0.0000 -0.0101
        10  2:  3  1  0.0000  0.0206  0.0000  0.0200
        10  2:  4  1  0.0000  0.0235  0.0000  0.0228
        10  2:  5  1  0.0000  0.0062  0.0000  0.0051
        10  2:  6  1  0.0000  0.0060  0.0000  0.0050
        10  2:  7  2  0.0128  0.0000 -0.0019  0.0000 -0.0054
        10  2:  8  2  0.0121  0.0000 -0.0025  0.0000 -0.0059
        10  2:  9  2  0.0127  0.0000  0.0013  0.0000 -0.0000
        10  2: 10  2  0.0121  0.0000  0.0006  0.0000 -0.0007
     Required augmentation: PSQ   radius:    1.100000

     Q pseudized with Bessel functions
     Expected ecutrho=     318.3130 due to l1=  2   l2=  2

     Estimated PAW energy = -299.035705 Ryd

     The PAW screened D coefficients
     1.54326     0.51820     0.00000     0.00000     0.00000     0.00000
     0.00000     0.00000     0.00000     0.00000
     0.51820     0.15041     0.00000     0.00000     0.00000     0.00000
     0.00000     0.00000     0.00000     0.00000
     0.00000     0.00000    -1.40802     0.00000    -0.30121     0.00000
     0.00000     0.00000     0.00000     0.00000
     0.00000     0.00000     0.00000    -1.20802     0.00000    -0.25972
     0.00000     0.00000     0.00000     0.00000
     0.00000     0.00000    -0.30121     0.00000    -0.07689     0.00000
     0.00000     0.00000     0.00000     0.00000
     0.00000     0.00000     0.00000    -0.25972     0.00000    -0.06358
     0.00000     0.00000     0.00000     0.00000
     0.00000     0.00000     0.00000     0.00000     0.00000     0.00000
    -0.57980     0.00000    -0.46118     0.00000
     0.00000     0.00000     0.00000     0.00000     0.00000     0.00000
     0.00000    -0.55658     0.00000    -0.44739
     0.00000     0.00000     0.00000     0.00000     0.00000     0.00000
    -0.46118     0.00000    -0.36531     0.00000
     0.00000     0.00000     0.00000     0.00000     0.00000     0.00000
     0.00000    -0.44739     0.00000    -0.35817

     The PAW descreened D coefficients (US)
    -2.31509    -0.70089     0.00000     0.00000     0.00000     0.00000
     0.00000     0.00000     0.00000     0.00000
    -0.70089    -0.24143     0.00000     0.00000     0.00000     0.00000
     0.00000     0.00000     0.00000     0.00000
     0.00000     0.00000    -1.97795     0.00000    -0.48459     0.00000
     0.00000     0.00000     0.00000     0.00000
     0.00000     0.00000     0.00000    -1.84116     0.00000    -0.43850
     0.00000     0.00000     0.00000     0.00000
     0.00000     0.00000    -0.48459     0.00000    -0.13397     0.00000
     0.00000     0.00000     0.00000     0.00000
     0.00000     0.00000     0.00000    -0.43850     0.00000    -0.11411
     0.00000     0.00000     0.00000     0.00000
     0.00000     0.00000     0.00000     0.00000     0.00000     0.00000
    -0.40706     0.00000    -0.30566     0.00000
     0.00000     0.00000     0.00000     0.00000     0.00000     0.00000
     0.00000    -0.39553     0.00000    -0.30112
     0.00000     0.00000     0.00000     0.00000     0.00000     0.00000
    -0.30566     0.00000    -0.22635     0.00000
     0.00000     0.00000     0.00000     0.00000     0.00000     0.00000
     0.00000    -0.30112     0.00000    -0.22616

     ------------------- End of pseudopotential generation -------------------

     --------------------------- All-electron run ----------------------------

     Zr                                                                         
     dirac relativistic calculation

     atomic number is 40.00
     dft = SLA  PZ   NOGX NOGC   lsd =0 sic =0 latt =0  beta=0.20 tr2=1.0E-14
     Exchange-correlation=  SLA  PZ   NOGX NOGC
                           (   1   1   0   0   0   0   0)
     mesh =1225 r(mesh) = 100.59681 a.u. xmin = -7.00 dx = 0.01250
     1 Ry =  13.60569312 eV, c = 137.03599908

     n l j   nl                  e(Ry)          e(Ha)          e(eV)
     Spin orbit split results
     1 0 0.5 1S 1( 2.00)     -1307.6269      -653.8135    -17791.1707
     2 0 0.5 2S 1( 2.00)      -181.1879       -90.5940     -2465.1872
     2 1 0.5 2P 1( 2.00)      -165.9844       -82.9922     -2258.3329
     2 1 1.5 2P 1( 4.00)      -159.6851       -79.8426     -2172.6269
     3 0 0.5 3S 1( 2.00)       -29.6443       -14.8221      -403.3306
     3 1 0.5 3P 1( 2.00)       -23.9819       -11.9909      -326.2900
     3 1 1.5 3P 1( 4.00)       -22.9774       -11.4887      -312.6240
     4 0 0.5 4S 1( 2.00)        -3.9999        -1.9999       -54.4211
     4 1 0.5 4P 1( 2.00)        -2.4738        -1.2369       -33.6572
     4 1 1.5 4P 1( 4.00)        -2.3412        -1.1706       -31.8536
     3 2 1.5 3D 1( 4.00)       -12.9537        -6.4769      -176.2443
     3 2 2.5 3D 1( 6.00)       -12.7701        -6.3850      -173.7455
     4 2 1.5 4D 1( 2.00)        -0.2778        -0.1389        -3.7791
     4 2 2.5 4D 1( 0.00)        -0.2683        -0.1341        -3.6500
     5 0 0.5 5S 1( 2.00)        -0.3367        -0.1684        -4.5816
     5 1 0.5 5P 1( 0.00)        -0.1188        -0.0594        -1.6161
     5 1 1.5 5P 1( 0.00)        -0.1111        -0.0555        -1.5111
     Averaged results
     1 0     1S 1( 2.00)     -1307.6269      -653.8135    -17791.1707
     2 0     2S 1( 2.00)      -181.1879       -90.5940     -2465.1872
     2 1     2P 1( 6.00)      -161.7849       -80.8924     -2201.1955
     3 0     3S 1( 2.00)       -29.6443       -14.8221      -403.3306
     3 1     3P 1( 6.00)       -23.3123       -11.6561      -317.1793
     4 0     4S 1( 2.00)        -3.9999        -1.9999       -54.4211
     4 1     4P 1( 6.00)        -2.3854        -1.1927       -32.4548
     3 2     3D 1(10.00)       -12.8435        -6.4218      -174.7450
     4 2     4D 1( 2.00)        -0.2721        -0.1360        -3.7017
     5 0     5S 1( 2.00)        -0.3367        -0.1684        -4.5816
     5 1     5P 1( 0.00)        -0.1136        -0.0568        -1.5461

     final scf error:  6.3E-15 reached in  39 iterations
 
     Etot =   -7190.052813 Ry,   -3595.026406 Ha,  -97825.652111 eV

     Ekin =    7428.190389 Ry,    3714.095195 Ha,  101065.678897 eV
     Encl =  -17360.299399 Ry,   -8680.149700 Ha, -236198.906149 eV
     Eh   =    2962.236557 Ry,    1481.118278 Ha,   40303.281551 eV
     Exc  =    -220.180360 Ry,    -110.090180 Ha,   -2995.706410 eV


     normalization and overlap integrals

     s(1S/1S) =  1.000000  <r> =   0.0371  <r2> =    0.0019  r(max) =   0.0241
     s(1S/2S) =  0.000000
     s(1S/3S) = -0.000000
     s(1S/4S) =  0.000000
     s(1S/5S) =  0.000000
     s(2S/2S) =  1.000000  <r> =   0.1625  <r2> =    0.0312  r(max) =   0.1368
     s(2S/3S) =  0.000000
     s(2S/4S) =  0.000000
     s(2S/5S) =  0.000000
     s(2P/2P) =  1.000000  <r> =   0.1387  <r2> =    0.0236  r(max) =   0.1066
     s(2P/3P) =  0.000000
     s(2P/4P) =  0.000000
     s(2P/5P) =  0.000000
     s(2P/2P) =  1.000000  <r> =   0.1431  <r2> =    0.0250  r(max) =   0.1107
     s(2P/3P) =  0.000000
     s(2P/4P) =  0.000000
     s(2P/5P) =  0.000000
     s(3S/3S) =  1.000000  <r> =   0.4592  <r2> =    0.2420  r(max) =   0.4111
     s(3S/4S) =  0.000000
     s(3S/5S) =  0.000000
     s(3P/3P) =  1.000000  <r> =   0.4555  <r2> =    0.2422  r(max) =   0.3960
     s(3P/4P) =  0.000000
     s(3P/5P) =  0.000000
     s(3P/3P) =  1.000000  <r> =   0.4661  <r2> =    0.2533  r(max) =   0.4060
     s(3P/4P) =  0.000000
     s(3P/5P) =  0.000000
     s(4S/4S) =  1.000000  <r> =   1.2120  <r2> =    1.6685  r(max) =   1.0764
     s(4S/5S) =  0.000000
     s(4P/4P) =  1.000000  <r> =   1.3479  <r2> =    2.0893  r(max) =   1.1602
     s(4P/5P) =  0.000000
     s(4P/4P) =  1.000000  <r> =   1.3801  <r2> =    2.1907  r(max) =   1.1896
     s(4P/5P) = -0.000000
     s(3D/3D) =  1.000000  <r> =   0.4507  <r2> =    0.2460  r(max) =   0.3451
     s(3D/4D) =  0.000000
     s(3D/3D) =  1.000000  <r> =   0.4543  <r2> =    0.2498  r(max) =   0.3495
     s(3D/4D) = -0.000000
     s(4D/4D) =  1.000000  <r> =   2.2853  <r2> =    6.5392  r(max) =   1.6058
     s(4D/4D) =  1.000000  <r> =   2.3143  <r2> =    6.7133  r(max) =   1.6260
     s(5S/5S) =  1.000000  <r> =   3.6980  <r2> =   15.6248  r(max) =   3.1147
     s(5P/5P) =  1.000000  <r> =   4.9877  <r2> =   28.8584  r(max) =   4.0496
     s(5P/5P) =  1.000000  <r> =   5.1156  <r2> =   30.3562  r(max) =   4.1521

     ------------------------ End of All-electron run ------------------------


     ---------------------- Testing the pseudopotential ----------------------

     Zr                                                                         
     dirac relativistic calculation

     atomic number is 40.00   valence charge is 12.00
     dft = SLA  PZ   NOGX NOGC   lsd =0 sic =0 latt =0  beta=0.20 tr2=1.0E-14
     mesh =1225 r(mesh) = 100.59681 xmin = -7.00 dx = 0.01250

     n l  j  nl             e AE (Ry)       e PS (Ry)    De AE-PS (Ry) 
     1 0 0.5 4S   1( 2.00)       -3.99987       -3.99987       -0.00000
     2 0 0.5 5S   1( 2.00)       -0.33674       -0.33674       -0.00000
     2 1 0.5 4P   1( 2.00)       -2.47376       -2.47376       -0.00000
     2 1 1.5 4P   1( 4.00)       -2.34119       -2.34119       -0.00000
     3 1 0.5 5P   1( 0.00)       -0.11878       -0.11878       -0.00000
     3 1 1.5 5P   1( 0.00)       -0.11106       -0.11106       -0.00000
     3 2 1.5 4D   1( 2.00)       -0.27776       -0.27776       -0.00000
     3 2 2.5 4D   1( 0.00)       -0.26827       -0.26827        0.00000

     eps = 2.2E-17  iter =  4
 
     Etot =   -7190.052813 Ry,   -3595.026406 Ha,  -97825.652111 eV
     Etotps =  -299.035701 Ry,    -149.517850 Ha,   -4068.587979 eV

     Ekin =     139.731266 Ry,      69.865633 Ha,    1901.140725 eV
     Encl =    -292.600398 Ry,    -146.300199 Ha,   -3981.031222 eV
     Ehrt =      74.013797 Ry,      37.006899 Ha,    1007.009014 eV
     Ecxc =    -220.180366 Ry,    -110.090183 Ha,   -2995.706496 eV
     (Ecc =      -9.010191 Ry,      -4.505095 Ha,    -122.589893 eV)

     ---------------------- End of pseudopotential test ----------------------

