[0] MPI startup(): I_MPI_SHM_LMT environment variable is not supported.
[0] MPI startup(): Similar variables:
	 I_MPI_SHM_HEAP
	 I_MPI_SHM
	 I_MPI_SHM_OPT
	 I_MPI_SHM_THP
[0] MPI startup(): To check the list of supported variables, use the impi_info utility or refer to https://software.intel.com/en-us/mpi-library/documentation/get-started.

     Program LD1 v.7.3.1 starts on 19Sep2024 at 21:45:29 

     This program is part of the open-source Quantum ESPRESSO suite
     for quantum simulation of materials; please cite
         "P. Giannozzi et al., J. Phys.:Condens. Matter 21 395502 (2009);
         "P. Giannozzi et al., J. Phys.:Condens. Matter 29 465901 (2017);
         "P. Giannozzi et al., J. Chem. Phys. 152 154105 (2020);
          URL http://www.quantum-espresso.org", 
     in publications or presentations arising from this work. More details at
     http://www.quantum-espresso.org/quote

     Parallel version (MPI), running on     1 processors

     MPI processes distributed on     1 nodes
     90075 MiB available memory on the printing compute node when the environment starts
 
     Waiting for input...
     Reading input from standard input
     --------------------------- All-electron run ----------------------------

     Ag                                                                         
     scalar relativistic calculation

     atomic number is 47.00
     dft =LDA   lsd =0 sic =0 latt =0  beta=0.20 tr2=1.0E-14
     Exchange-correlation= LDA
                           (   1   1   0   0   0   0   0)
     mesh =1237 r(mesh) =  99.46963 a.u. xmin = -7.00 dx = 0.01250
     1 Ry =  13.60569312 eV, c = 137.03599908

     n l     nl                  e(Ry)          e(Ha)          e(eV)
     1 0     1S 1( 2.00)     -1859.5938      -929.7969    -25301.0628
     2 0     2S 1( 2.00)      -274.0041      -137.0021     -3728.0157
     2 1     2P 1( 6.00)      -245.9525      -122.9762     -3346.3538
     3 0     3S 1( 2.00)       -50.3252       -25.1626      -684.7089
     3 1     3P 1( 6.00)       -41.1116       -20.5558      -559.3512
     4 0     4S 1( 2.00)        -7.1339        -3.5669       -97.0614
     4 1     4P 1( 6.00)        -4.4525        -2.2262       -60.5792
     3 2     3D 1(10.00)       -26.5362       -13.2681      -361.0436
     4 2     4D 1( 9.50)        -0.6783        -0.3392        -9.2293
     5 0     5S 1( 1.50)        -0.3882        -0.1941        -5.2821
     5 1     5P 1( 0.00)        -0.0818        -0.0409        -1.1132

     final scf error:  8.6E-15 reached in  30 iterations
 
     Etot =  -10622.138425 Ry,   -5311.069213 Ha, -144521.555723 eV

     Ekin =   11032.425525 Ry,    5516.212763 Ha,  150103.796101 eV
     Encl =  -25678.952751 Ry,  -12839.476375 Ha, -349379.950845 eV
     Eh   =    4312.421564 Ry,    2156.210782 Ha,   58673.484415 eV
     Exc  =    -288.032764 Ry,    -144.016382 Ha,   -3918.885394 eV


     normalization and overlap integrals

     s(1S/1S) =  1.000000  <r> =   0.0311  <r2> =    0.0013  r(max) =   0.0202
     s(1S/2S) = -0.011520
     s(1S/3S) = -0.004761
     s(1S/4S) = -0.002070
     s(1S/5S) = -0.000557
     s(2S/2S) =  1.000000  <r> =   0.1351  <r2> =    0.0215  r(max) =   0.1136
     s(2S/3S) = -0.002904
     s(2S/4S) = -0.001218
     s(2S/5S) = -0.000326
     s(2P/2P) =  1.000000  <r> =   0.1177  <r2> =    0.0169  r(max) =   0.0907
     s(2P/3P) = -0.002376
     s(2P/4P) = -0.000916
     s(2P/5P) = -0.000158
     s(3S/3S) =  1.000000  <r> =   0.3692  <r2> =    0.1559  r(max) =   0.3328
     s(3S/4S) = -0.000802
     s(3S/5S) = -0.000210
     s(3P/3P) =  1.000000  <r> =   0.3681  <r2> =    0.1574  r(max) =   0.3246
     s(3P/4P) = -0.000665
     s(3P/5P) = -0.000113
     s(4S/4S) =  1.000000  <r> =   0.9100  <r2> =    0.9393  r(max) =   0.8186
     s(4S/5S) = -0.000127
     s(4P/4P) =  1.000000  <r> =   0.9977  <r2> =    1.1428  r(max) =   0.8714
     s(4P/5P) = -0.000067
     s(3D/3D) =  1.000000  <r> =   0.3460  <r2> =    0.1427  r(max) =   0.2725
     s(3D/4D) = -0.000390
     s(4D/4D) =  1.000000  <r> =   1.3876  <r2> =    2.3788  r(max) =   1.0252
     s(5S/5S) =  1.000000  <r> =   3.0171  <r2> =   10.5506  r(max) =   2.4287
     s(5P/5P) =  1.000000  <r> =   4.6487  <r2> =   26.0426  r(max) =   3.4898

     ------------------------ End of All-electron run ------------------------


     --------------------- Generating PAW atomic setup --------------------


      Generating local potential from pseudized AE potential:
      Matching radius rcloc =   2.4000

      Local pseudo, rcloc= 2.399 Estimated cut-off energy=     4.33 Ry

      Computing core charge for nlcc: 

       r > 0.80 : true rho core
       r < 0.80 : rho core = a sin(br)/r    a=  17.98  b=   2.67

      Integrated core pseudo-charge :  10.71
      Wfc-us  5S rcutus= 2.282  Estimated cut-off energy=     8.34 Ry
      Wfc-us  5S rcutus= 2.282  Estimated cut-off energy=    20.77 Ry
      Wfc-us  5P rcutus= 2.282  Estimated cut-off energy=    13.38 Ry
      Wfc-us  5P rcutus= 2.282  Estimated cut-off energy=    26.28 Ry
      Wfc-us  4D rcutus= 1.915  Estimated cut-off energy=    32.03 Ry
      Wfc-us  4D rcutus= 1.915  Estimated cut-off energy=    28.85 Ry

      The bmat matrix
     0.49599     0.39798     0.00000     0.00000     0.00000     0.00000
     0.33431     0.34980     0.00000     0.00000     0.00000     0.00000
     0.00000     0.00000     0.07801     0.25610     0.00000     0.00000
     0.00000     0.00000     0.23027     1.07788     0.00000     0.00000
     0.00000     0.00000     0.00000     0.00000    -1.75365    -1.09642
     0.00000     0.00000     0.00000     0.00000     0.10179     0.12558

      The bmat + epsilon qq matrix
     0.51570     0.33756     0.00000     0.00000     0.00000     0.00000
     0.33792     0.53623     0.00000     0.00000     0.00000     0.00000
     0.00000     0.00000     0.07769     0.23042     0.00000     0.00000
     0.00000     0.00000     0.23062     0.90670     0.00000     0.00000
     0.00000     0.00000     0.00000     0.00000    -1.96185    -0.06199
     0.00000     0.00000     0.00000     0.00000    -0.06140     0.66555

      The qq matrix
    -0.05079    -0.00929     0.00000     0.00000     0.00000     0.00000
    -0.00929     0.02868     0.00000     0.00000     0.00000     0.00000
     0.00000     0.00000     0.00393    -0.00428     0.00000     0.00000
     0.00000     0.00000    -0.00428    -0.02853     0.00000     0.00000
     0.00000     0.00000     0.00000     0.00000     0.30692     0.24057
     0.00000     0.00000     0.00000     0.00000     0.24057     0.12557


    multipoles (all-electron charge) - (pseudo charge)
        ns l1:ns1 l2    l=0     l=1     l=2     l=3     l=4     l=5  
         1  0:  1  0 -0.0508
         2  0:  1  0 -0.0093
         2  0:  2  0  0.0287
         3  1:  1  0  0.0000  0.0238
         3  1:  2  0  0.0000  0.0168
         3  1:  3  1  0.0039  0.0000 -0.0133
         4  1:  1  0  0.0000  0.0796
         4  1:  2  0  0.0000  0.0235
         4  1:  3  1 -0.0043  0.0000 -0.0436
         4  1:  4  1 -0.0285  0.0000 -0.1090
         5  2:  1  0  0.0000  0.0000  0.2129
         5  2:  2  0  0.0000  0.0000  0.0351
         5  2:  3  1  0.0000 -0.1110  0.0000 -0.1366
         5  2:  4  1  0.0000 -0.2006  0.0000 -0.1935
         5  2:  5  2  0.3069  0.0000  0.2489  0.0000  0.2733
         6  2:  1  0  0.0000  0.0000 -0.0103
         6  2:  2  0  0.0000  0.0000  0.0011
         6  2:  3  1  0.0000 -0.0190  0.0000  0.0114
         6  2:  4  1  0.0000 -0.0307  0.0000  0.0249
         6  2:  5  2  0.2406  0.0000  0.1939  0.0000  0.2133
         6  2:  6  2  0.1256  0.0000  0.0664  0.0000  0.0317
     Required augmentation: PSQ   radius:    1.600000

     Q pseudized with Bessel functions
     Expected ecutrho=     164.8020 due to l1=  2   l2=  2

     Estimated PAW energy = -345.072510 Ryd

     The PAW screened D coefficients
     0.51570     0.33792     0.00000     0.00000     0.00000     0.00000
     0.33792     0.53623     0.00000     0.00000     0.00000     0.00000
     0.00000     0.00000     0.07769     0.23062     0.00000     0.00000
     0.00000     0.00000     0.23062     0.90670     0.00000     0.00000
     0.00000     0.00000     0.00000     0.00000    -1.96185    -0.06140
     0.00000     0.00000     0.00000     0.00000    -0.06140     0.66555

     The PAW descreened D coefficients (US)
     0.46507     0.59643     0.00000     0.00000     0.00000     0.00000
     0.59643     0.70065     0.00000     0.00000     0.00000     0.00000
     0.00000     0.00000     0.14841     0.36268     0.00000     0.00000
     0.00000     0.00000     0.36268     1.15909     0.00000     0.00000
     0.00000     0.00000     0.00000     0.00000    -0.28454     1.31718
     0.00000     0.00000     0.00000     0.00000     1.31718     1.57951

     ------------------- End of pseudopotential generation -------------------

     --------------------------- All-electron run ----------------------------

     Ag                                                                         
     scalar relativistic calculation

     atomic number is 47.00
     dft = SLA  PZ   NOGX NOGC   lsd =0 sic =0 latt =0  beta=0.20 tr2=1.0E-14
     Exchange-correlation=  SLA  PZ   NOGX NOGC
                           (   1   1   0   0   0   0   0)
     mesh =1237 r(mesh) =  99.46963 a.u. xmin = -7.00 dx = 0.01250
     1 Ry =  13.60569312 eV, c = 137.03599908

     n l     nl                  e(Ry)          e(Ha)          e(eV)
     1 0     1S 1( 2.00)     -1859.5938      -929.7969    -25301.0628
     2 0     2S 1( 2.00)      -274.0041      -137.0021     -3728.0157
     2 1     2P 1( 6.00)      -245.9525      -122.9762     -3346.3538
     3 0     3S 1( 2.00)       -50.3252       -25.1626      -684.7089
     3 1     3P 1( 6.00)       -41.1116       -20.5558      -559.3512
     4 0     4S 1( 2.00)        -7.1339        -3.5669       -97.0614
     4 1     4P 1( 6.00)        -4.4525        -2.2262       -60.5792
     3 2     3D 1(10.00)       -26.5362       -13.2681      -361.0436
     4 2     4D 1( 9.50)        -0.6783        -0.3392        -9.2293
     5 0     5S 1( 1.50)        -0.3882        -0.1941        -5.2821
     5 1     5P 1( 0.00)        -0.0818        -0.0409        -1.1132

     final scf error:  8.6E-15 reached in  30 iterations
 
     Etot =  -10622.138425 Ry,   -5311.069213 Ha, -144521.555723 eV

     Ekin =   11032.425525 Ry,    5516.212763 Ha,  150103.796101 eV
     Encl =  -25678.952751 Ry,  -12839.476375 Ha, -349379.950845 eV
     Eh   =    4312.421564 Ry,    2156.210782 Ha,   58673.484415 eV
     Exc  =    -288.032764 Ry,    -144.016382 Ha,   -3918.885394 eV


     normalization and overlap integrals

     s(1S/1S) =  1.000000  <r> =   0.0311  <r2> =    0.0013  r(max) =   0.0202
     s(1S/2S) = -0.011520
     s(1S/3S) = -0.004761
     s(1S/4S) = -0.002070
     s(1S/5S) = -0.000557
     s(2S/2S) =  1.000000  <r> =   0.1351  <r2> =    0.0215  r(max) =   0.1136
     s(2S/3S) = -0.002904
     s(2S/4S) = -0.001218
     s(2S/5S) = -0.000326
     s(2P/2P) =  1.000000  <r> =   0.1177  <r2> =    0.0169  r(max) =   0.0907
     s(2P/3P) = -0.002376
     s(2P/4P) = -0.000916
     s(2P/5P) = -0.000158
     s(3S/3S) =  1.000000  <r> =   0.3692  <r2> =    0.1559  r(max) =   0.3328
     s(3S/4S) = -0.000802
     s(3S/5S) = -0.000210
     s(3P/3P) =  1.000000  <r> =   0.3681  <r2> =    0.1574  r(max) =   0.3246
     s(3P/4P) = -0.000665
     s(3P/5P) = -0.000113
     s(4S/4S) =  1.000000  <r> =   0.9100  <r2> =    0.9393  r(max) =   0.8186
     s(4S/5S) = -0.000127
     s(4P/4P) =  1.000000  <r> =   0.9977  <r2> =    1.1428  r(max) =   0.8714
     s(4P/5P) = -0.000067
     s(3D/3D) =  1.000000  <r> =   0.3460  <r2> =    0.1427  r(max) =   0.2725
     s(3D/4D) = -0.000390
     s(4D/4D) =  1.000000  <r> =   1.3876  <r2> =    2.3788  r(max) =   1.0252
     s(5S/5S) =  1.000000  <r> =   3.0171  <r2> =   10.5506  r(max) =   2.4287
     s(5P/5P) =  1.000000  <r> =   4.6487  <r2> =   26.0426  r(max) =   3.4898

     ------------------------ End of All-electron run ------------------------


     ---------------------- Testing the pseudopotential ----------------------

     Ag                                                                         
     scalar relativistic calculation

     atomic number is 47.00   valence charge is 11.00
     dft = SLA  PZ   NOGX NOGC   lsd =0 sic =0 latt =0  beta=0.20 tr2=1.0E-14
     mesh =1237 r(mesh) =  99.46963 xmin = -7.00 dx = 0.01250

     n l     nl             e AE (Ry)        e PS (Ry)    De AE-PS (Ry) 
     1 0     5S   1( 1.50)       -0.38822       -0.38823        0.00000
     2 1     5P   1( 0.00)       -0.08182       -0.08182       -0.00000
     3 2     4D   1( 9.50)       -0.67834       -0.67835        0.00000

     eps = 1.5E-16  iter =  4
 
     Etot =  -10622.138425 Ry,   -5311.069213 Ha, -144521.555723 eV
     Etotps =  -345.072516 Ry,    -172.536258 Ha,   -4694.950758 eV

     Ekin =     156.128798 Ry,      78.064399 Ha,    2124.240517 eV
     Encl =    -284.072285 Ry,    -142.036142 Ha,   -3865.000329 eV
     Ehrt =      70.903731 Ry,      35.451865 Ha,     964.694401 eV
     Ecxc =    -288.032760 Ry,    -144.016380 Ha,   -3918.885347 eV
     (Ecc =     -18.169130 Ry,      -9.084565 Ha,    -247.203610 eV)

     ---------------------- End of pseudopotential test ----------------------

