[0] MPI startup(): I_MPI_SHM_LMT environment variable is not supported.
[0] MPI startup(): Similar variables:
	 I_MPI_SHM_HEAP
	 I_MPI_SHM
	 I_MPI_SHM_OPT
	 I_MPI_SHM_THP
[0] MPI startup(): To check the list of supported variables, use the impi_info utility or refer to https://software.intel.com/en-us/mpi-library/documentation/get-started.

     Program LD1 v.7.3.1 starts on 19Sep2024 at 21:45:30 

     This program is part of the open-source Quantum ESPRESSO suite
     for quantum simulation of materials; please cite
         "P. Giannozzi et al., J. Phys.:Condens. Matter 21 395502 (2009);
         "P. Giannozzi et al., J. Phys.:Condens. Matter 29 465901 (2017);
         "P. Giannozzi et al., J. Chem. Phys. 152 154105 (2020);
          URL http://www.quantum-espresso.org", 
     in publications or presentations arising from this work. More details at
     http://www.quantum-espresso.org/quote

     Parallel version (MPI), running on     1 processors

     MPI processes distributed on     1 nodes
     90066 MiB available memory on the printing compute node when the environment starts
 
     Waiting for input...
     Reading input from standard input
     --------------------------- All-electron run ----------------------------

     Al                                                                         
     scalar relativistic calculation

     atomic number is 13.00
     dft =LDA   lsd =0 sic =0 latt =0  beta=0.20 tr2=1.0E-14
     Exchange-correlation= LDA
                           (   1   1   0   0   0   0   0)
     mesh =1135 r(mesh) = 100.48924 a.u. xmin = -7.00 dx = 0.01250
     1 Ry =  13.60569312 eV, c = 137.03599908

     n l     nl                  e(Ry)          e(Ha)          e(eV)
     1 0     1S 1( 2.00)      -110.5641       -55.2820     -1504.3012
     2 0     2S 1( 2.00)        -7.9008        -3.9504      -107.4954
     2 1     2P 1( 6.00)        -5.1237        -2.5619       -69.7115
     3 0     3S 1( 2.00)        -0.5759        -0.2880        -7.8357
     3 1     3P 1( 1.00)        -0.2050        -0.1025        -2.7889

     final scf error:  4.3E-15 reached in  21 iterations
 
     Etot =    -483.527466 Ry,    -241.763733 Ha,   -6578.726321 eV

     Ekin =     483.888145 Ry,     241.944073 Ha,    6583.633613 eV
     Encl =   -1158.185239 Ry,    -579.092619 Ha,  -15757.912938 eV
     Eh   =     225.717896 Ry,     112.858948 Ha,    3071.048423 eV
     Exc  =     -34.948269 Ry,     -17.474134 Ha,    -475.495419 eV


     normalization and overlap integrals

     s(1S/1S) =  1.000000  <r> =   0.1206  <r2> =    0.0196  r(max) =   0.0789
     s(1S/2S) = -0.000654
     s(1S/3S) = -0.000169
     s(2S/2S) =  1.000000  <r> =   0.6291  <r2> =    0.4751  r(max) =   0.4954
     s(2S/3S) = -0.000083
     s(2P/2P) =  1.000000  <r> =   0.6047  <r2> =    0.4656  r(max) =   0.4264
     s(2P/3P) = -0.000051
     s(3S/3S) =  1.000000  <r> =   2.5337  <r2> =    7.5170  r(max) =   2.0597
     s(3P/3P) =  1.000000  <r> =   3.4387  <r2> =   14.2581  r(max) =   2.6447

     ------------------------ End of All-electron run ------------------------


     --------------------- Generating PAW atomic setup --------------------


      Generating local pot.: lloc=2, matching radius rcloc =   1.9000

      Computing core charge for nlcc: 

       r > 1.31 : true rho core
       r < 1.31 : rho core = a sin(br)/r    a=   1.85  b=   2.07

      Integrated core pseudo-charge :   1.49
      Wfc-us  3S rcutus= 2.086  Estimated cut-off energy=    10.24 Ry
      Wfc-us  3S rcutus= 2.086  Estimated cut-off energy=    25.84 Ry
      Wfc-us  3P rcutus= 2.086  Estimated cut-off energy=    16.64 Ry
      Wfc-us  3P rcutus= 2.086  Estimated cut-off energy=    36.23 Ry

      The bmat matrix
     0.91490     0.82555     0.00000     0.00000
     0.68160     0.84274     0.00000     0.00000
     0.00000     0.00000     0.17763     0.44609
     0.00000     0.00000     0.33721     1.21040

      The bmat + epsilon qq matrix
     0.96323     0.69403     0.00000     0.00000
     0.69422     1.14123     0.00000     0.00000
     0.00000     0.00000     0.17928     0.34070
     0.00000     0.00000     0.34081     1.00778

      The qq matrix
    -0.08393    -0.02192     0.00000     0.00000
    -0.02192     0.04975     0.00000     0.00000
     0.00000     0.00000    -0.00807    -0.01757
     0.00000     0.00000    -0.01757    -0.03377


    multipoles (all-electron charge) - (pseudo charge)
        ns l1:ns1 l2    l=0     l=1     l=2     l=3     l=4     l=5  
         1  0:  1  0 -0.0839
         2  0:  1  0 -0.0219
         2  0:  2  0  0.0497
         3  1:  1  0  0.0000  0.0467
         3  1:  2  0  0.0000  0.0078
         3  1:  3  1 -0.0081  0.0000 -0.0303
         4  1:  1  0  0.0000  0.0811
         4  1:  2  0  0.0000  0.0031
         4  1:  3  1 -0.0176  0.0000 -0.0367
         4  1:  4  1 -0.0338  0.0000 -0.0481
     Required augmentation: PSQ   radius:    1.800000

     Q pseudized with Bessel functions
     Expected ecutrho=      84.1495 due to l1=  1   l2=  1

     Estimated PAW energy =  -37.300554 Ryd

     The PAW screened D coefficients
     0.96323     0.69422     0.00000     0.00000
     0.69422     1.14123     0.00000     0.00000
     0.00000     0.00000     0.17928     0.34081
     0.00000     0.00000     0.34081     1.00778

     The PAW descreened D coefficients (US)
     0.59984     0.52648     0.00000     0.00000
     0.52648     1.67665     0.00000     0.00000
     0.00000     0.00000     0.24180     0.28224
     0.00000     0.00000     0.28224     0.92120

     ------------------- End of pseudopotential generation -------------------

     --------------------------- All-electron run ----------------------------

     Al                                                                         
     scalar relativistic calculation

     atomic number is 13.00
     dft = SLA  PZ   NOGX NOGC   lsd =0 sic =0 latt =0  beta=0.20 tr2=1.0E-14
     Exchange-correlation=  SLA  PZ   NOGX NOGC
                           (   1   1   0   0   0   0   0)
     mesh =1135 r(mesh) = 100.48924 a.u. xmin = -7.00 dx = 0.01250
     1 Ry =  13.60569312 eV, c = 137.03599908

     n l     nl                  e(Ry)          e(Ha)          e(eV)
     1 0     1S 1( 2.00)      -110.5641       -55.2820     -1504.3012
     2 0     2S 1( 2.00)        -7.9008        -3.9504      -107.4954
     2 1     2P 1( 6.00)        -5.1237        -2.5619       -69.7115
     3 0     3S 1( 2.00)        -0.5759        -0.2880        -7.8357
     3 1     3P 1( 1.00)        -0.2050        -0.1025        -2.7889

     final scf error:  4.3E-15 reached in  21 iterations
 
     Etot =    -483.527466 Ry,    -241.763733 Ha,   -6578.726321 eV

     Ekin =     483.888145 Ry,     241.944073 Ha,    6583.633613 eV
     Encl =   -1158.185239 Ry,    -579.092619 Ha,  -15757.912938 eV
     Eh   =     225.717896 Ry,     112.858948 Ha,    3071.048423 eV
     Exc  =     -34.948269 Ry,     -17.474134 Ha,    -475.495419 eV


     normalization and overlap integrals

     s(1S/1S) =  1.000000  <r> =   0.1206  <r2> =    0.0196  r(max) =   0.0789
     s(1S/2S) = -0.000654
     s(1S/3S) = -0.000169
     s(2S/2S) =  1.000000  <r> =   0.6291  <r2> =    0.4751  r(max) =   0.4954
     s(2S/3S) = -0.000083
     s(2P/2P) =  1.000000  <r> =   0.6047  <r2> =    0.4656  r(max) =   0.4264
     s(2P/3P) = -0.000051
     s(3S/3S) =  1.000000  <r> =   2.5337  <r2> =    7.5170  r(max) =   2.0597
     s(3P/3P) =  1.000000  <r> =   3.4387  <r2> =   14.2581  r(max) =   2.6447

     ------------------------ End of All-electron run ------------------------


     ---------------------- Testing the pseudopotential ----------------------

     Al                                                                         
     scalar relativistic calculation

     atomic number is 13.00   valence charge is  3.00
     dft = SLA  PZ   NOGX NOGC   lsd =0 sic =0 latt =0  beta=0.20 tr2=1.0E-14
     mesh =1135 r(mesh) = 100.48924 xmin = -7.00 dx = 0.01250

     n l     nl             e AE (Ry)        e PS (Ry)    De AE-PS (Ry) 
     1 0     3S   1( 2.00)       -0.57591       -0.57592        0.00000
     2 1     3P   1( 1.00)       -0.20498       -0.20498        0.00000

     eps = 1.2E-16  iter =  3
 
     Etot =    -483.527466 Ry,    -241.763733 Ha,   -6578.726321 eV
     Etotps =   -37.300557 Ry,     -18.650279 Ha,    -507.499937 eV

     Ekin =       5.826022 Ry,       2.913011 Ha,      79.267073 eV
     Encl =     -11.076424 Ry,      -5.538212 Ha,    -150.702429 eV
     Ehrt =       2.898112 Ry,       1.449056 Ha,      39.430829 eV
     Ecxc =     -34.948268 Ry,     -17.474134 Ha,    -475.495409 eV
     (Ecc =      -1.233015 Ry,      -0.616508 Ha,     -16.776024 eV)

     ---------------------- End of pseudopotential test ----------------------

