[0] MPI startup(): I_MPI_SHM_LMT environment variable is not supported.
[0] MPI startup(): Similar variables:
	 I_MPI_SHM_HEAP
	 I_MPI_SHM
	 I_MPI_SHM_OPT
	 I_MPI_SHM_THP
[0] MPI startup(): To check the list of supported variables, use the impi_info utility or refer to https://software.intel.com/en-us/mpi-library/documentation/get-started.

     Program LD1 v.7.3.1 starts on 19Sep2024 at 21:45:32 

     This program is part of the open-source Quantum ESPRESSO suite
     for quantum simulation of materials; please cite
         "P. Giannozzi et al., J. Phys.:Condens. Matter 21 395502 (2009);
         "P. Giannozzi et al., J. Phys.:Condens. Matter 29 465901 (2017);
         "P. Giannozzi et al., J. Chem. Phys. 152 154105 (2020);
          URL http://www.quantum-espresso.org", 
     in publications or presentations arising from this work. More details at
     http://www.quantum-espresso.org/quote

     Parallel version (MPI), running on     1 processors

     MPI processes distributed on     1 nodes
     90066 MiB available memory on the printing compute node when the environment starts
 
     Waiting for input...
     Reading input from standard input
     --------------------------- All-electron run ----------------------------

     Ar                                                                         
     scalar relativistic calculation

     atomic number is 18.00
     dft =LDA   lsd =0 sic =0 latt =0  beta=0.20 tr2=1.0E-14
     Exchange-correlation= LDA
                           (   1   1   0   0   0   0   0)
     mesh =1161 r(mesh) = 100.44680 a.u. xmin = -7.00 dx = 0.01250
     1 Ry =  13.60569312 eV, c = 137.03599908

     n l     nl                  e(Ry)          e(Ha)          e(eV)
     1 0     1S 1( 2.00)      -228.6083      -114.3042     -3110.3748
     2 0     2S 1( 2.00)       -21.7542       -10.8771      -295.9804
     2 1     2P 1( 6.00)       -16.8967        -8.4483      -229.8908
     3 0     3S 1( 2.00)        -1.7833        -0.8917       -24.2632
     3 1     3P 1( 6.00)        -0.7634        -0.3817       -10.3867

     final scf error:  7.3E-15 reached in  37 iterations
 
     Etot =   -1055.614150 Ry,    -527.807075 Ha,  -14362.362180 eV

     Ekin =    1060.354773 Ry,     530.177386 Ha,   14426.861636 eV
     Encl =   -2521.552566 Ry,   -1260.776283 Ha,  -34307.470402 eV
     Eh   =     464.278974 Ry,     232.139487 Ha,    6316.837241 eV
     Exc  =     -58.695331 Ry,     -29.347665 Ha,    -798.590655 eV


     normalization and overlap integrals

     s(1S/1S) =  1.000000  <r> =   0.0859  <r2> =    0.0099  r(max) =   0.0563
     s(1S/2S) = -0.001387
     s(1S/3S) = -0.000453
     s(2S/2S) =  1.000000  <r> =   0.4156  <r2> =    0.2051  r(max) =   0.3403
     s(2S/3S) = -0.000241
     s(2P/2P) =  1.000000  <r> =   0.3774  <r2> =    0.1772  r(max) =   0.2821
     s(2P/3P) = -0.000174
     s(3S/3S) =  1.000000  <r> =   1.4077  <r2> =    2.3122  r(max) =   1.1731
     s(3P/3P) =  1.000000  <r> =   1.6657  <r2> =    3.3552  r(max) =   1.2803

     ------------------------ End of All-electron run ------------------------


     --------------------- Generating US pseudopotential ---------------------


      Generating local pot.: lloc=2, matching radius rcloc =   1.8000

      Computing core charge for nlcc: 

       r > 0.90 : true rho core
      Core charge pseudized with two Bessel functions
      Integrated core pseudo-charge :   2.94
      Wfc-us  3S rcutus= 1.794  Estimated cut-off energy=    15.61 Ry
      Wfc-us  3S rcutus= 1.794  Estimated cut-off energy=    26.08 Ry
      Wfc-us  3P rcutus= 2.085  Estimated cut-off energy=    18.45 Ry
      Wfc-us  3P rcutus= 2.085  Estimated cut-off energy=    25.85 Ry

      The bmat matrix
     5.72783     4.96729     0.00000     0.00000
     4.38974     3.82176     0.00000     0.00000
     0.00000     0.00000     0.81680     0.63089
     0.00000     0.00000     0.65969     0.50128

      The bmat + epsilon qq matrix
     6.39720     4.90903     0.00000     0.00000
     4.90921     3.77598     0.00000     0.00000
     0.00000     0.00000     0.77546     0.63686
     0.00000     0.00000     0.63692     0.50427

      The qq matrix
    -0.37535    -0.29129     0.00000     0.00000
    -0.29129    -0.22892     0.00000     0.00000
     0.00000     0.00000     0.05415     0.02983
     0.00000     0.00000     0.02983     0.01496

     Q pseudized with Bessel functions
     Expected ecutrho=     226.6131 due to l1=  1   l2=  1

      The ddd matrix
     1.46839     0.95082     0.00000     0.00000
     0.95082     0.58160     0.00000     0.00000
     0.00000     0.00000     1.27013     0.90458
     0.00000     0.00000     0.90458     0.63077

     ------------------- End of pseudopotential generation -------------------

     --------------------------- All-electron run ----------------------------

     Ar                                                                         
     scalar relativistic calculation

     atomic number is 18.00
     dft =LDA   lsd =0 sic =0 latt =0  beta=0.20 tr2=1.0E-14
     Exchange-correlation= LDA
                           (   1   1   0   0   0   0   0)
     mesh =1161 r(mesh) = 100.44680 a.u. xmin = -7.00 dx = 0.01250
     1 Ry =  13.60569312 eV, c = 137.03599908

     n l     nl                  e(Ry)          e(Ha)          e(eV)
     1 0     1S 1( 2.00)      -228.6083      -114.3042     -3110.3748
     2 0     2S 1( 2.00)       -21.7542       -10.8771      -295.9804
     2 1     2P 1( 6.00)       -16.8967        -8.4483      -229.8908
     3 0     3S 1( 2.00)        -1.7833        -0.8917       -24.2632
     3 1     3P 1( 6.00)        -0.7634        -0.3817       -10.3867

     final scf error:  7.3E-15 reached in  37 iterations
 
     Etot =   -1055.614150 Ry,    -527.807075 Ha,  -14362.362180 eV

     Ekin =    1060.354773 Ry,     530.177386 Ha,   14426.861636 eV
     Encl =   -2521.552566 Ry,   -1260.776283 Ha,  -34307.470402 eV
     Eh   =     464.278974 Ry,     232.139487 Ha,    6316.837241 eV
     Exc  =     -58.695331 Ry,     -29.347665 Ha,    -798.590655 eV


     normalization and overlap integrals

     s(1S/1S) =  1.000000  <r> =   0.0859  <r2> =    0.0099  r(max) =   0.0563
     s(1S/2S) = -0.001387
     s(1S/3S) = -0.000453
     s(2S/2S) =  1.000000  <r> =   0.4156  <r2> =    0.2051  r(max) =   0.3403
     s(2S/3S) = -0.000241
     s(2P/2P) =  1.000000  <r> =   0.3774  <r2> =    0.1772  r(max) =   0.2821
     s(2P/3P) = -0.000174
     s(3S/3S) =  1.000000  <r> =   1.4077  <r2> =    2.3122  r(max) =   1.1731
     s(3P/3P) =  1.000000  <r> =   1.6657  <r2> =    3.3552  r(max) =   1.2803

     ------------------------ End of All-electron run ------------------------


     ---------------------- Testing the pseudopotential ----------------------

     Ar                                                                         
     scalar relativistic calculation

     atomic number is 18.00   valence charge is  8.00
     dft =LDA   lsd =0 sic =0 latt =0  beta=0.20 tr2=1.0E-14
     mesh =1161 r(mesh) = 100.44680 xmin = -7.00 dx = 0.01250

     n l     nl             e AE (Ry)        e PS (Ry)    De AE-PS (Ry) 
     1 0     3S   1( 2.00)       -1.78331       -1.78331        0.00000
     2 1     3P   1( 6.00)       -0.76340       -0.76341        0.00000

     eps = 1.7E-15  iter =  3
 
     Etot =   -1055.614150 Ry,    -527.807075 Ha,  -14362.362180 eV
     Etotps =   -47.988140 Ry,     -23.994070 Ha,    -652.911900 eV

     Ekin =      14.981233 Ry,       7.490617 Ha,     203.830063 eV
     Encl =     -96.222973 Ry,     -48.111486 Ha,   -1309.180237 eV
     Ehrt =      36.220479 Ry,      18.110240 Ha,     492.804724 eV
     Ecxc =     -13.524435 Ry,      -6.762218 Ha,    -184.009314 eV
     (Ecc =      -5.554557 Ry,      -2.777278 Ha,     -75.573597 eV)
     Epseu=      10.557556 Ry,       5.278778 Ha,     143.642864 eV

     ---------------------- End of pseudopotential test ----------------------

