[0] MPI startup(): I_MPI_SHM_LMT environment variable is not supported.
[0] MPI startup(): Similar variables:
	 I_MPI_SHM_HEAP
	 I_MPI_SHM
	 I_MPI_SHM_OPT
	 I_MPI_SHM_THP
[0] MPI startup(): To check the list of supported variables, use the impi_info utility or refer to https://software.intel.com/en-us/mpi-library/documentation/get-started.

     Program LD1 v.7.3.1 starts on 19Sep2024 at 21:45:36 

     This program is part of the open-source Quantum ESPRESSO suite
     for quantum simulation of materials; please cite
         "P. Giannozzi et al., J. Phys.:Condens. Matter 21 395502 (2009);
         "P. Giannozzi et al., J. Phys.:Condens. Matter 29 465901 (2017);
         "P. Giannozzi et al., J. Chem. Phys. 152 154105 (2020);
          URL http://www.quantum-espresso.org", 
     in publications or presentations arising from this work. More details at
     http://www.quantum-espresso.org/quote

     Parallel version (MPI), running on     1 processors

     MPI processes distributed on     1 nodes
     90070 MiB available memory on the printing compute node when the environment starts
 
     Waiting for input...
     Reading input from standard input
     --------------------------- All-electron run ----------------------------

     Bi                                                                         
     scalar relativistic calculation

     atomic number is 83.00
     dft =LDA   lsd =0 sic =0 latt =0  beta=0.20 tr2=1.0E-14
     Exchange-correlation= LDA
                           (   1   1   0   0   0   0   0)
     mesh =1283 r(mesh) = 100.09897 a.u. xmin = -7.00 dx = 0.01250
     1 Ry =  13.60569312 eV, c = 137.03599908

     n l     nl                  e(Ry)          e(Ha)          e(eV)
     1 0     1S 1( 2.00)     -6660.3049     -3330.1524    -90618.0646
     2 0     2S 1( 2.00)     -1196.7640      -598.3820    -16282.8042
     2 1     2P 1( 6.00)     -1023.9131      -511.9565    -13931.0471
     3 0     3S 1( 2.00)      -288.8585      -144.4292     -3930.1197
     3 1     3P 1( 6.00)      -239.4950      -119.7475     -3258.4952
     4 0     4S 1( 2.00)       -66.2436       -33.1218      -901.2901
     4 1     4P 1( 6.00)       -50.0695       -25.0347      -681.2301
     3 2     3D 1(10.00)      -189.8974       -94.9487     -2583.6851
     5 0     5S 1( 2.00)       -11.6146        -5.8073      -158.0248
     5 1     5P 1( 6.00)        -7.0526        -3.5263       -95.9551
     4 2     4D 1(10.00)       -31.5972       -15.7986      -429.9012
     4 3     4F 1(14.00)       -11.2417        -5.6209      -152.9513
     5 2     5D 1(10.00)        -1.9979        -0.9989       -27.1825
     6 0     6S 1( 2.00)        -1.0849        -0.5424       -14.7601
     6 1     6P 1( 3.00)        -0.3509        -0.1755        -4.7745

     final scf error:  7.0E-15 reached in  32 iterations
 
     Etot =  -43038.636449 Ry,  -21519.318225 Ha, -585570.479960 eV

     Ekin =   48824.772903 Ry,   24412.386452 Ha,  664294.876918 eV
     Encl = -107620.615719 Ry,  -53810.307859 Ha,-1464253.071174 eV
     Eh   =   16523.507501 Ry,    8261.753751 Ha,  224813.772380 eV
     Exc  =    -766.301135 Ry,    -383.150568 Ha,  -10426.058085 eV


     normalization and overlap integrals

     s(1S/1S) =  1.000000  <r> =   0.0158  <r2> =    0.0003  r(max) =   0.0096
     s(1S/2S) = -0.042021
     s(1S/3S) = -0.018429
     s(1S/4S) = -0.009198
     s(1S/5S) = -0.004290
     s(1S/6S) = -0.001536
     s(2S/2S) =  1.000000  <r> =   0.0665  <r2> =    0.0052  r(max) =   0.0561
     s(2S/3S) = -0.011937
     s(2S/4S) = -0.005673
     s(2S/5S) = -0.002618
     s(2S/6S) = -0.000936
     s(2P/2P) =  1.000000  <r> =   0.0606  <r2> =    0.0045  r(max) =   0.0471
     s(2P/3P) = -0.009243
     s(2P/4P) = -0.004168
     s(2P/5P) = -0.001793
     s(2P/6P) = -0.000494
     s(3S/3S) =  1.000000  <r> =   0.1717  <r2> =    0.0337  r(max) =   0.1582
     s(3S/4S) = -0.004162
     s(3S/5S) = -0.001852
     s(3S/6S) = -0.000658
     s(3P/3P) =  1.000000  <r> =   0.1738  <r2> =    0.0350  r(max) =   0.1582
     s(3P/4P) = -0.003472
     s(3P/5P) = -0.001442
     s(3P/6P) = -0.000395
     s(4S/4S) =  1.000000  <r> =   0.3773  <r2> =    0.1606  r(max) =   0.3565
     s(4S/5S) = -0.001319
     s(4S/6S) = -0.000459
     s(4P/4P) =  1.000000  <r> =   0.4029  <r2> =    0.1844  r(max) =   0.3748
     s(4P/5P) = -0.001045
     s(4P/6P) = -0.000282
     s(3D/3D) =  1.000000  <r> =   0.1575  <r2> =    0.0290  r(max) =   0.1295
     s(3D/4D) = -0.002545
     s(3D/5D) = -0.000844
     s(5S/5S) =  1.000000  <r> =   0.8299  <r2> =    0.7716  r(max) =   0.7739
     s(5S/6S) = -0.000280
     s(5P/5P) =  1.000000  <r> =   0.9475  <r2> =    1.0123  r(max) =   0.8553
     s(5P/6P) = -0.000164
     s(4D/4D) =  1.000000  <r> =   0.4227  <r2> =    0.2062  r(max) =   0.3795
     s(4D/5D) = -0.000675
     s(4F/4F) =  1.000000  <r> =   0.4411  <r2> =    0.2322  r(max) =   0.3434
     s(5D/5D) =  1.000000  <r> =   1.2360  <r2> =    1.7707  r(max) =   1.0316
     s(6S/6S) =  1.000000  <r> =   2.1663  <r2> =    5.3160  r(max) =   1.8564
     s(6P/6P) =  1.000000  <r> =   3.0419  <r2> =   10.7260  r(max) =   2.4441

     ------------------------ End of All-electron run ------------------------


     --------------------- Generating PAW atomic setup --------------------


      Generating local potential from pseudized AE potential:
      Matching radius rcloc =   2.2000

      Local pseudo, rcloc= 2.184 Estimated cut-off energy=     5.26 Ry

      Computing core charge for nlcc: 

       r > 1.41 : true rho core
      Core charge pseudized with two Bessel functions
      Integrated core pseudo-charge :  11.59
      Wfc-us  6S rcutus= 2.184  Estimated cut-off energy=     9.95 Ry
      Wfc-us  6S rcutus= 2.184  Estimated cut-off energy=    22.97 Ry
      Wfc-us  6P rcutus= 2.602  Estimated cut-off energy=    11.20 Ry
      Wfc-us  6P rcutus= 2.602  Estimated cut-off energy=    11.93 Ry
      Wfc-us  5D rcutus= 1.976  Estimated cut-off energy=    31.03 Ry
      Wfc-us  5D rcutus= 1.976  Estimated cut-off energy=    43.16 Ry

      The bmat matrix
     2.49336     1.75364     0.00000     0.00000     0.00000     0.00000
     1.13681     0.97942     0.00000     0.00000     0.00000     0.00000
     0.00000     0.00000     0.64534     2.30004     0.00000     0.00000
     0.00000     0.00000     0.97790     4.56079     0.00000     0.00000
     0.00000     0.00000     0.00000     0.00000    -1.68814    -1.11958
     0.00000     0.00000     0.00000     0.00000    -0.98630    -0.70415

      The bmat + epsilon qq matrix
     2.83429     1.23938     0.00000     0.00000     0.00000     0.00000
     1.24013     1.02681     0.00000     0.00000     0.00000     0.00000
     0.00000     0.00000     0.67830     1.04530     0.00000     0.00000
     0.00000     0.00000     1.04564     1.55456     0.00000     0.00000
     0.00000     0.00000     0.00000     0.00000    -2.45376    -1.36759
     0.00000     0.00000     0.00000     0.00000    -1.36744    -0.82264

      The qq matrix
    -0.31426    -0.09523     0.00000     0.00000     0.00000     0.00000
    -0.09523     0.00878     0.00000     0.00000     0.00000     0.00000
     0.00000     0.00000    -0.09393    -0.19304     0.00000     0.00000
     0.00000     0.00000    -0.19304    -0.46250     0.00000     0.00000
     0.00000     0.00000     0.00000     0.00000     0.38322     0.19077
     0.00000     0.00000     0.00000     0.00000     0.19077     0.09115


    multipoles (all-electron charge) - (pseudo charge)
        ns l1:ns1 l2    l=0     l=1     l=2     l=3     l=4     l=5  
         1  0:  1  0 -0.3143
         2  0:  1  0 -0.0952
         2  0:  2  0  0.0088
         3  1:  1  0  0.0000  0.2296
         3  1:  2  0  0.0000  0.0901
         3  1:  3  1 -0.0939  0.0000 -0.2330
         4  1:  1  0  0.0000  0.4441
         4  1:  2  0  0.0000  0.2030
         4  1:  3  1 -0.1930  0.0000 -0.3223
         4  1:  4  1 -0.4625  0.0000 -0.6060
         5  2:  1  0  0.0000  0.0000  0.2879
         5  2:  2  0  0.0000  0.0000 -0.0010
         5  2:  3  1  0.0000 -0.2733  0.0000 -0.3839
         5  2:  4  1  0.0000 -0.4092  0.0000 -0.5171
         5  2:  5  2  0.3832  0.0000  0.3479  0.0000  0.4158
         6  2:  1  0  0.0000  0.0000  0.1875
         6  2:  2  0  0.0000  0.0000  0.0289
         6  2:  3  1  0.0000 -0.1540  0.0000 -0.1856
         6  2:  4  1  0.0000 -0.2546  0.0000 -0.2945
         6  2:  5  2  0.1908  0.0000  0.1620  0.0000  0.1829
         6  2:  6  2  0.0911  0.0000  0.0718  0.0000  0.0763
     Required augmentation: PSQ   radius:    1.900000

     Q pseudized with Bessel functions
     Expected ecutrho=     123.2010 due to l1=  2   l2=  2

     Estimated PAW energy = -883.268254 Ryd

     The PAW screened D coefficients
     2.83429     1.24013     0.00000     0.00000     0.00000     0.00000
     1.24013     1.02681     0.00000     0.00000     0.00000     0.00000
     0.00000     0.00000     0.67830     1.04564     0.00000     0.00000
     0.00000     0.00000     1.04564     1.55456     0.00000     0.00000
     0.00000     0.00000     0.00000     0.00000    -2.45376    -1.36744
     0.00000     0.00000     0.00000     0.00000    -1.36744    -0.82264

     The PAW descreened D coefficients (US)
     0.91497     0.13722     0.00000     0.00000     0.00000     0.00000
     0.13722     1.19000     0.00000     0.00000     0.00000     0.00000
     0.00000     0.00000     0.46331     0.30868     0.00000     0.00000
     0.00000     0.00000     0.30868    -0.83258     0.00000     0.00000
     0.00000     0.00000     0.00000     0.00000     1.94921     0.86797
     0.00000     0.00000     0.00000     0.00000     0.86797     0.27596

     ------------------- End of pseudopotential generation -------------------

     --------------------------- All-electron run ----------------------------

     Bi                                                                         
     scalar relativistic calculation

     atomic number is 83.00
     dft = SLA  PZ   NOGX NOGC   lsd =0 sic =0 latt =0  beta=0.20 tr2=1.0E-14
     Exchange-correlation=  SLA  PZ   NOGX NOGC
                           (   1   1   0   0   0   0   0)
     mesh =1283 r(mesh) = 100.09897 a.u. xmin = -7.00 dx = 0.01250
     1 Ry =  13.60569312 eV, c = 137.03599908

     n l     nl                  e(Ry)          e(Ha)          e(eV)
     1 0     1S 1( 2.00)     -6660.3049     -3330.1524    -90618.0646
     2 0     2S 1( 2.00)     -1196.7640      -598.3820    -16282.8042
     2 1     2P 1( 6.00)     -1023.9131      -511.9565    -13931.0471
     3 0     3S 1( 2.00)      -288.8585      -144.4292     -3930.1197
     3 1     3P 1( 6.00)      -239.4950      -119.7475     -3258.4952
     4 0     4S 1( 2.00)       -66.2436       -33.1218      -901.2901
     4 1     4P 1( 6.00)       -50.0695       -25.0347      -681.2301
     3 2     3D 1(10.00)      -189.8974       -94.9487     -2583.6851
     5 0     5S 1( 2.00)       -11.6146        -5.8073      -158.0248
     5 1     5P 1( 6.00)        -7.0526        -3.5263       -95.9551
     4 2     4D 1(10.00)       -31.5972       -15.7986      -429.9012
     4 3     4F 1(14.00)       -11.2417        -5.6209      -152.9513
     5 2     5D 1(10.00)        -1.9979        -0.9989       -27.1825
     6 0     6S 1( 2.00)        -1.0849        -0.5424       -14.7601
     6 1     6P 1( 3.00)        -0.3509        -0.1755        -4.7745

     final scf error:  7.0E-15 reached in  32 iterations
 
     Etot =  -43038.636449 Ry,  -21519.318225 Ha, -585570.479960 eV

     Ekin =   48824.772903 Ry,   24412.386452 Ha,  664294.876918 eV
     Encl = -107620.615719 Ry,  -53810.307859 Ha,-1464253.071174 eV
     Eh   =   16523.507501 Ry,    8261.753751 Ha,  224813.772380 eV
     Exc  =    -766.301135 Ry,    -383.150568 Ha,  -10426.058085 eV


     normalization and overlap integrals

     s(1S/1S) =  1.000000  <r> =   0.0158  <r2> =    0.0003  r(max) =   0.0096
     s(1S/2S) = -0.042021
     s(1S/3S) = -0.018429
     s(1S/4S) = -0.009198
     s(1S/5S) = -0.004290
     s(1S/6S) = -0.001536
     s(2S/2S) =  1.000000  <r> =   0.0665  <r2> =    0.0052  r(max) =   0.0561
     s(2S/3S) = -0.011937
     s(2S/4S) = -0.005673
     s(2S/5S) = -0.002618
     s(2S/6S) = -0.000936
     s(2P/2P) =  1.000000  <r> =   0.0606  <r2> =    0.0045  r(max) =   0.0471
     s(2P/3P) = -0.009243
     s(2P/4P) = -0.004168
     s(2P/5P) = -0.001793
     s(2P/6P) = -0.000494
     s(3S/3S) =  1.000000  <r> =   0.1717  <r2> =    0.0337  r(max) =   0.1582
     s(3S/4S) = -0.004162
     s(3S/5S) = -0.001852
     s(3S/6S) = -0.000658
     s(3P/3P) =  1.000000  <r> =   0.1738  <r2> =    0.0350  r(max) =   0.1582
     s(3P/4P) = -0.003472
     s(3P/5P) = -0.001442
     s(3P/6P) = -0.000395
     s(4S/4S) =  1.000000  <r> =   0.3773  <r2> =    0.1606  r(max) =   0.3565
     s(4S/5S) = -0.001319
     s(4S/6S) = -0.000459
     s(4P/4P) =  1.000000  <r> =   0.4029  <r2> =    0.1844  r(max) =   0.3748
     s(4P/5P) = -0.001045
     s(4P/6P) = -0.000282
     s(3D/3D) =  1.000000  <r> =   0.1575  <r2> =    0.0290  r(max) =   0.1295
     s(3D/4D) = -0.002545
     s(3D/5D) = -0.000844
     s(5S/5S) =  1.000000  <r> =   0.8299  <r2> =    0.7716  r(max) =   0.7739
     s(5S/6S) = -0.000280
     s(5P/5P) =  1.000000  <r> =   0.9475  <r2> =    1.0123  r(max) =   0.8553
     s(5P/6P) = -0.000164
     s(4D/4D) =  1.000000  <r> =   0.4227  <r2> =    0.2062  r(max) =   0.3795
     s(4D/5D) = -0.000675
     s(4F/4F) =  1.000000  <r> =   0.4411  <r2> =    0.2322  r(max) =   0.3434
     s(5D/5D) =  1.000000  <r> =   1.2360  <r2> =    1.7707  r(max) =   1.0316
     s(6S/6S) =  1.000000  <r> =   2.1663  <r2> =    5.3160  r(max) =   1.8564
     s(6P/6P) =  1.000000  <r> =   3.0419  <r2> =   10.7260  r(max) =   2.4441

     ------------------------ End of All-electron run ------------------------


     ---------------------- Testing the pseudopotential ----------------------

     Bi                                                                         
     scalar relativistic calculation

     atomic number is 83.00   valence charge is 15.00
     dft = SLA  PZ   NOGX NOGC   lsd =0 sic =0 latt =0  beta=0.20 tr2=1.0E-14
     mesh =1283 r(mesh) = 100.09897 xmin = -7.00 dx = 0.01250

     n l     nl             e AE (Ry)        e PS (Ry)    De AE-PS (Ry) 
     1 0     6S   1( 2.00)       -1.08485       -1.08485        0.00000
     2 1     6P   1( 3.00)       -0.35092       -0.35092        0.00000
     3 2     5D   1(10.00)       -1.99788       -1.99788        0.00000

     eps = 1.2E-15  iter =  3
 
     Etot =  -43038.636449 Ry,  -21519.318225 Ha, -585570.479960 eV
     Etotps =  -883.268266 Ry,    -441.634133 Ha,  -12017.476967 eV

     Ekin =     298.420054 Ry,     149.210027 Ha,    4060.211676 eV
     Encl =    -539.361731 Ry,    -269.680865 Ha,   -7338.390192 eV
     Ehrt =     123.974543 Ry,      61.987271 Ha,    1686.759583 eV
     Ecxc =    -766.301132 Ry,    -383.150566 Ha,  -10426.058035 eV
     (Ecc =     -21.609865 Ry,     -10.804932 Ha,    -294.017188 eV)

     ---------------------- End of pseudopotential test ----------------------

