[0] MPI startup(): I_MPI_SHM_LMT environment variable is not supported.
[0] MPI startup(): Similar variables:
	 I_MPI_SHM_HEAP
	 I_MPI_SHM
	 I_MPI_SHM_OPT
	 I_MPI_SHM_THP
[0] MPI startup(): To check the list of supported variables, use the impi_info utility or refer to https://software.intel.com/en-us/mpi-library/documentation/get-started.

     Program LD1 v.7.3.1 starts on 19Sep2024 at 21:45:37 

     This program is part of the open-source Quantum ESPRESSO suite
     for quantum simulation of materials; please cite
         "P. Giannozzi et al., J. Phys.:Condens. Matter 21 395502 (2009);
         "P. Giannozzi et al., J. Phys.:Condens. Matter 29 465901 (2017);
         "P. Giannozzi et al., J. Chem. Phys. 152 154105 (2020);
          URL http://www.quantum-espresso.org", 
     in publications or presentations arising from this work. More details at
     http://www.quantum-espresso.org/quote

     Parallel version (MPI), running on     1 processors

     MPI processes distributed on     1 nodes
     90067 MiB available memory on the printing compute node when the environment starts
 
     Waiting for input...
     Reading input from standard input
     --------------------------- All-electron run ----------------------------

     Bi                                                                         
     scalar relativistic calculation

     atomic number is 83.00
     dft =LDA   lsd =0 sic =0 latt =0  beta=0.20 tr2=1.0E-14
     Exchange-correlation= LDA
                           (   1   1   0   0   0   0   0)
     mesh =1283 r(mesh) = 100.09897 a.u. xmin = -7.00 dx = 0.01250
     1 Ry =  13.60569312 eV, c = 137.03599908

     n l     nl                  e(Ry)          e(Ha)          e(eV)
     1 0     1S 1( 2.00)     -6660.3049     -3330.1524    -90618.0646
     2 0     2S 1( 2.00)     -1196.7640      -598.3820    -16282.8042
     2 1     2P 1( 6.00)     -1023.9131      -511.9565    -13931.0471
     3 0     3S 1( 2.00)      -288.8585      -144.4292     -3930.1197
     3 1     3P 1( 6.00)      -239.4950      -119.7475     -3258.4952
     4 0     4S 1( 2.00)       -66.2436       -33.1218      -901.2901
     4 1     4P 1( 6.00)       -50.0695       -25.0347      -681.2301
     3 2     3D 1(10.00)      -189.8974       -94.9487     -2583.6851
     5 0     5S 1( 2.00)       -11.6146        -5.8073      -158.0248
     5 1     5P 1( 6.00)        -7.0526        -3.5263       -95.9551
     4 2     4D 1(10.00)       -31.5972       -15.7986      -429.9012
     4 3     4F 1(14.00)       -11.2417        -5.6209      -152.9513
     5 2     5D 1(10.00)        -1.9979        -0.9989       -27.1825
     6 0     6S 1( 2.00)        -1.0849        -0.5424       -14.7601
     6 1     6P 1( 3.00)        -0.3509        -0.1755        -4.7745

     final scf error:  7.0E-15 reached in  32 iterations
 
     Etot =  -43038.636449 Ry,  -21519.318225 Ha, -585570.479960 eV

     Ekin =   48824.772903 Ry,   24412.386452 Ha,  664294.876918 eV
     Encl = -107620.615719 Ry,  -53810.307859 Ha,-1464253.071174 eV
     Eh   =   16523.507501 Ry,    8261.753751 Ha,  224813.772380 eV
     Exc  =    -766.301135 Ry,    -383.150568 Ha,  -10426.058085 eV


     normalization and overlap integrals

     s(1S/1S) =  1.000000  <r> =   0.0158  <r2> =    0.0003  r(max) =   0.0096
     s(1S/2S) = -0.042021
     s(1S/3S) = -0.018429
     s(1S/4S) = -0.009198
     s(1S/5S) = -0.004290
     s(1S/6S) = -0.001536
     s(2S/2S) =  1.000000  <r> =   0.0665  <r2> =    0.0052  r(max) =   0.0561
     s(2S/3S) = -0.011937
     s(2S/4S) = -0.005673
     s(2S/5S) = -0.002618
     s(2S/6S) = -0.000936
     s(2P/2P) =  1.000000  <r> =   0.0606  <r2> =    0.0045  r(max) =   0.0471
     s(2P/3P) = -0.009243
     s(2P/4P) = -0.004168
     s(2P/5P) = -0.001793
     s(2P/6P) = -0.000494
     s(3S/3S) =  1.000000  <r> =   0.1717  <r2> =    0.0337  r(max) =   0.1582
     s(3S/4S) = -0.004162
     s(3S/5S) = -0.001852
     s(3S/6S) = -0.000658
     s(3P/3P) =  1.000000  <r> =   0.1738  <r2> =    0.0350  r(max) =   0.1582
     s(3P/4P) = -0.003472
     s(3P/5P) = -0.001442
     s(3P/6P) = -0.000395
     s(4S/4S) =  1.000000  <r> =   0.3773  <r2> =    0.1606  r(max) =   0.3565
     s(4S/5S) = -0.001319
     s(4S/6S) = -0.000459
     s(4P/4P) =  1.000000  <r> =   0.4029  <r2> =    0.1844  r(max) =   0.3748
     s(4P/5P) = -0.001045
     s(4P/6P) = -0.000282
     s(3D/3D) =  1.000000  <r> =   0.1575  <r2> =    0.0290  r(max) =   0.1295
     s(3D/4D) = -0.002545
     s(3D/5D) = -0.000844
     s(5S/5S) =  1.000000  <r> =   0.8299  <r2> =    0.7716  r(max) =   0.7739
     s(5S/6S) = -0.000280
     s(5P/5P) =  1.000000  <r> =   0.9475  <r2> =    1.0123  r(max) =   0.8553
     s(5P/6P) = -0.000164
     s(4D/4D) =  1.000000  <r> =   0.4227  <r2> =    0.2062  r(max) =   0.3795
     s(4D/5D) = -0.000675
     s(4F/4F) =  1.000000  <r> =   0.4411  <r2> =    0.2322  r(max) =   0.3434
     s(5D/5D) =  1.000000  <r> =   1.2360  <r2> =    1.7707  r(max) =   1.0316
     s(6S/6S) =  1.000000  <r> =   2.1663  <r2> =    5.3160  r(max) =   1.8564
     s(6P/6P) =  1.000000  <r> =   3.0419  <r2> =   10.7260  r(max) =   2.4441

     ------------------------ End of All-electron run ------------------------


     --------------------- Generating US pseudopotential ---------------------


      Generating local potential from pseudized AE potential:
      Matching radius rcloc =   2.2000
      Enforcing V''(0)=0 (lloc=-2)

      Local pseudo, rcloc= 2.184 Estimated cut-off energy=     6.78 Ry

      Computing core charge for nlcc: 

       r > 1.41 : true rho core
      Core charge pseudized with two Bessel functions
      Integrated core pseudo-charge :  11.59
      Wfc-us  6S rcutus= 2.184  Estimated cut-off energy=     9.95 Ry
      Wfc-us  6S rcutus= 2.184  Estimated cut-off energy=    12.74 Ry
      Wfc-us  6P rcutus= 2.296  Estimated cut-off energy=    13.99 Ry
      Wfc-us  6P rcutus= 2.296  Estimated cut-off energy=    14.78 Ry
      Wfc-us  5D rcutus= 1.976  Estimated cut-off energy=    31.03 Ry
      Wfc-us  5D rcutus= 1.976  Estimated cut-off energy=    26.37 Ry

      The bmat matrix
     1.41433     1.41428     0.00000     0.00000     0.00000     0.00000
     1.09180     1.10946     0.00000     0.00000     0.00000     0.00000
     0.00000     0.00000     0.36150     0.38697     0.00000     0.00000
     0.00000     0.00000     0.36198     0.38898     0.00000     0.00000
     0.00000     0.00000     0.00000     0.00000    -2.43779    -1.13811
     0.00000     0.00000     0.00000     0.00000     0.06399     0.12338

      The bmat + epsilon qq matrix
     1.75525     1.36406     0.00000     0.00000     0.00000     0.00000
     1.36419     1.06926     0.00000     0.00000     0.00000     0.00000
     0.00000     0.00000     0.37658     0.37789     0.00000     0.00000
     0.00000     0.00000     0.37792     0.37940     0.00000     0.00000
     0.00000     0.00000     0.00000     0.00000    -3.20341    -0.47045
     0.00000     0.00000     0.00000     0.00000    -0.46957     0.42592

      The qq matrix
    -0.31426    -0.25108     0.00000     0.00000     0.00000     0.00000
    -0.25108    -0.20100     0.00000     0.00000     0.00000     0.00000
     0.00000     0.00000    -0.04297    -0.04544     0.00000     0.00000
     0.00000     0.00000    -0.04544    -0.04791     0.00000     0.00000
     0.00000     0.00000     0.00000     0.00000     0.38322     0.26706
     0.00000     0.00000     0.00000     0.00000     0.26706     0.12102

     Q pseudized with Bessel functions
     Expected ecutrho=     442.7165 due to l1=  2   l2=  2

      The ddd matrix
     0.41529     0.28371     0.00000     0.00000     0.00000     0.00000
     0.28371     0.19685     0.00000     0.00000     0.00000     0.00000
     0.00000     0.00000     0.24346     0.23263     0.00000     0.00000
     0.00000     0.00000     0.23263     0.22192     0.00000     0.00000
     0.00000     0.00000     0.00000     0.00000    -1.46196     0.74414
     0.00000     0.00000     0.00000     0.00000     0.74414     0.99921

     ------------------- End of pseudopotential generation -------------------

     --------------------------- All-electron run ----------------------------

     Bi                                                                         
     scalar relativistic calculation

     atomic number is 83.00
     dft =LDA   lsd =0 sic =0 latt =0  beta=0.20 tr2=1.0E-14
     Exchange-correlation= LDA
                           (   1   1   0   0   0   0   0)
     mesh =1283 r(mesh) = 100.09897 a.u. xmin = -7.00 dx = 0.01250
     1 Ry =  13.60569312 eV, c = 137.03599908

     n l     nl                  e(Ry)          e(Ha)          e(eV)
     1 0     1S 1( 2.00)     -6660.3049     -3330.1524    -90618.0646
     2 0     2S 1( 2.00)     -1196.7640      -598.3820    -16282.8042
     2 1     2P 1( 6.00)     -1023.9131      -511.9565    -13931.0471
     3 0     3S 1( 2.00)      -288.8585      -144.4292     -3930.1197
     3 1     3P 1( 6.00)      -239.4950      -119.7475     -3258.4952
     4 0     4S 1( 2.00)       -66.2436       -33.1218      -901.2901
     4 1     4P 1( 6.00)       -50.0695       -25.0347      -681.2301
     3 2     3D 1(10.00)      -189.8974       -94.9487     -2583.6851
     5 0     5S 1( 2.00)       -11.6146        -5.8073      -158.0248
     5 1     5P 1( 6.00)        -7.0526        -3.5263       -95.9551
     4 2     4D 1(10.00)       -31.5972       -15.7986      -429.9012
     4 3     4F 1(14.00)       -11.2417        -5.6209      -152.9513
     5 2     5D 1(10.00)        -1.9979        -0.9989       -27.1825
     6 0     6S 1( 2.00)        -1.0849        -0.5424       -14.7601
     6 1     6P 1( 3.00)        -0.3509        -0.1755        -4.7745

     final scf error:  7.0E-15 reached in  32 iterations
 
     Etot =  -43038.636449 Ry,  -21519.318225 Ha, -585570.479960 eV

     Ekin =   48824.772903 Ry,   24412.386452 Ha,  664294.876918 eV
     Encl = -107620.615719 Ry,  -53810.307859 Ha,-1464253.071174 eV
     Eh   =   16523.507501 Ry,    8261.753751 Ha,  224813.772380 eV
     Exc  =    -766.301135 Ry,    -383.150568 Ha,  -10426.058085 eV


     normalization and overlap integrals

     s(1S/1S) =  1.000000  <r> =   0.0158  <r2> =    0.0003  r(max) =   0.0096
     s(1S/2S) = -0.042021
     s(1S/3S) = -0.018429
     s(1S/4S) = -0.009198
     s(1S/5S) = -0.004290
     s(1S/6S) = -0.001536
     s(2S/2S) =  1.000000  <r> =   0.0665  <r2> =    0.0052  r(max) =   0.0561
     s(2S/3S) = -0.011937
     s(2S/4S) = -0.005673
     s(2S/5S) = -0.002618
     s(2S/6S) = -0.000936
     s(2P/2P) =  1.000000  <r> =   0.0606  <r2> =    0.0045  r(max) =   0.0471
     s(2P/3P) = -0.009243
     s(2P/4P) = -0.004168
     s(2P/5P) = -0.001793
     s(2P/6P) = -0.000494
     s(3S/3S) =  1.000000  <r> =   0.1717  <r2> =    0.0337  r(max) =   0.1582
     s(3S/4S) = -0.004162
     s(3S/5S) = -0.001852
     s(3S/6S) = -0.000658
     s(3P/3P) =  1.000000  <r> =   0.1738  <r2> =    0.0350  r(max) =   0.1582
     s(3P/4P) = -0.003472
     s(3P/5P) = -0.001442
     s(3P/6P) = -0.000395
     s(4S/4S) =  1.000000  <r> =   0.3773  <r2> =    0.1606  r(max) =   0.3565
     s(4S/5S) = -0.001319
     s(4S/6S) = -0.000459
     s(4P/4P) =  1.000000  <r> =   0.4029  <r2> =    0.1844  r(max) =   0.3748
     s(4P/5P) = -0.001045
     s(4P/6P) = -0.000282
     s(3D/3D) =  1.000000  <r> =   0.1575  <r2> =    0.0290  r(max) =   0.1295
     s(3D/4D) = -0.002545
     s(3D/5D) = -0.000844
     s(5S/5S) =  1.000000  <r> =   0.8299  <r2> =    0.7716  r(max) =   0.7739
     s(5S/6S) = -0.000280
     s(5P/5P) =  1.000000  <r> =   0.9475  <r2> =    1.0123  r(max) =   0.8553
     s(5P/6P) = -0.000164
     s(4D/4D) =  1.000000  <r> =   0.4227  <r2> =    0.2062  r(max) =   0.3795
     s(4D/5D) = -0.000675
     s(4F/4F) =  1.000000  <r> =   0.4411  <r2> =    0.2322  r(max) =   0.3434
     s(5D/5D) =  1.000000  <r> =   1.2360  <r2> =    1.7707  r(max) =   1.0316
     s(6S/6S) =  1.000000  <r> =   2.1663  <r2> =    5.3160  r(max) =   1.8564
     s(6P/6P) =  1.000000  <r> =   3.0419  <r2> =   10.7260  r(max) =   2.4441

     ------------------------ End of All-electron run ------------------------


     ---------------------- Testing the pseudopotential ----------------------

     Bi                                                                         
     scalar relativistic calculation

     atomic number is 83.00   valence charge is 15.00
     dft =LDA   lsd =0 sic =0 latt =0  beta=0.20 tr2=1.0E-14
     mesh =1283 r(mesh) = 100.09897 xmin = -7.00 dx = 0.01250

     n l     nl             e AE (Ry)        e PS (Ry)    De AE-PS (Ry) 
     1 0     6S   1( 2.00)       -1.08485       -1.08485        0.00000
     2 1     6P   1( 3.00)       -0.35092       -0.35092        0.00000
     3 2     5D   1(10.00)       -1.99788       -1.99788        0.00000

     eps = 1.9E-15  iter =  3
 
     Etot =  -43038.636449 Ry,  -21519.318225 Ha, -585570.479960 eV
     Etotps =  -165.650512 Ry,     -82.825256 Ha,   -2253.790036 eV

     Ekin =      37.603925 Ry,      18.801963 Ha,     511.627465 eV
     Encl =    -270.141146 Ry,    -135.070573 Ha,   -3675.457529 eV
     Ehrt =     123.731788 Ry,      61.865894 Ha,    1683.456732 eV
     Ecxc =     -43.786451 Ry,     -21.893226 Ha,    -595.745016 eV
     (Ecc =     -21.609865 Ry,     -10.804932 Ha,    -294.017188 eV)
     Epseu=     -13.058628 Ry,      -6.529314 Ha,    -177.671688 eV

     ---------------------- End of pseudopotential test ----------------------

