[0] MPI startup(): I_MPI_SHM_LMT environment variable is not supported.
[0] MPI startup(): Similar variables:
	 I_MPI_SHM_HEAP
	 I_MPI_SHM
	 I_MPI_SHM_OPT
	 I_MPI_SHM_THP
[0] MPI startup(): To check the list of supported variables, use the impi_info utility or refer to https://software.intel.com/en-us/mpi-library/documentation/get-started.

     Program LD1 v.7.3.1 starts on 19Sep2024 at 21:45:40 

     This program is part of the open-source Quantum ESPRESSO suite
     for quantum simulation of materials; please cite
         "P. Giannozzi et al., J. Phys.:Condens. Matter 21 395502 (2009);
         "P. Giannozzi et al., J. Phys.:Condens. Matter 29 465901 (2017);
         "P. Giannozzi et al., J. Chem. Phys. 152 154105 (2020);
          URL http://www.quantum-espresso.org", 
     in publications or presentations arising from this work. More details at
     http://www.quantum-espresso.org/quote

     Parallel version (MPI), running on     1 processors

     MPI processes distributed on     1 nodes
     90061 MiB available memory on the printing compute node when the environment starts
 
     Waiting for input...
     Reading input from standard input
     --------------------------- All-electron run ----------------------------

     Br                                                                         
     scalar relativistic calculation

     atomic number is 35.00
     dft =LDA   lsd =0 sic =0 latt =0  beta=0.20 tr2=1.0E-14
     Exchange-correlation= LDA
                           (   1   1   0   0   0   0   0)
     mesh =1213 r(mesh) =  98.95369 a.u. xmin = -7.00 dx = 0.01250
     1 Ry =  13.60569312 eV, c = 137.03599908

     n l     nl                  e(Ry)          e(Ha)          e(eV)
     1 0     1S 1( 2.00)      -977.2341      -488.6170    -13295.9467
     2 0     2S 1( 2.00)      -127.1934       -63.5967     -1730.5538
     2 1     2P 1( 6.00)      -112.2959       -56.1479     -1527.8629
     3 0     3S 1( 2.00)       -17.4337        -8.7168      -237.1972
     3 1     3P 1( 6.00)       -12.7307        -6.3654      -173.2106
     3 2     3D 1(10.00)        -4.9245        -2.4622       -67.0010
     4 0     4S 1( 2.00)        -1.4936        -0.7468       -20.3216
     4 1     4P 1( 5.00)        -0.5885        -0.2943        -8.0071

     final scf error:  6.0E-15 reached in  28 iterations
 
     Etot =   -5206.226989 Ry,   -2603.113494 Ha,  -70834.326738 eV

     Ekin =    5317.054446 Ry,    2658.527223 Ha,   72342.211109 eV
     Encl =  -12560.638682 Ry,   -6280.319341 Ha, -170896.195341 eV
     Eh   =    2214.838554 Ry,    1107.419277 Ha,   30134.413688 eV
     Exc  =    -177.481307 Ry,     -88.740653 Ha,   -2414.756194 eV


     normalization and overlap integrals

     s(1S/1S) =  1.000000  <r> =   0.0428  <r2> =    0.0025  r(max) =   0.0279
     s(1S/2S) = -0.006051
     s(1S/3S) = -0.002334
     s(1S/4S) = -0.000777
     s(2S/2S) =  1.000000  <r> =   0.1898  <r2> =    0.0425  r(max) =   0.1604
     s(2S/3S) = -0.001382
     s(2S/4S) = -0.000448
     s(2P/2P) =  1.000000  <r> =   0.1656  <r2> =    0.0336  r(max) =   0.1280
     s(2P/3P) = -0.001120
     s(2P/4P) = -0.000294
     s(3S/3S) =  1.000000  <r> =   0.5526  <r2> =    0.3514  r(max) =   0.4817
     s(3S/4S) = -0.000272
     s(3P/3P) =  1.000000  <r> =   0.5649  <r2> =    0.3741  r(max) =   0.4817
     s(3P/4P) = -0.000192
     s(3D/3D) =  1.000000  <r> =   0.5909  <r2> =    0.4336  r(max) =   0.4305
     s(4S/4S) =  1.000000  <r> =   1.6700  <r2> =    3.2062  r(max) =   1.4115
     s(4P/4P) =  1.000000  <r> =   2.1030  <r2> =    5.2253  r(max) =   1.6606

     ------------------------ End of All-electron run ------------------------


     --------------------- Generating US pseudopotential ---------------------


      Generating local pot.: lloc=2, matching radius rcloc =   1.9000

      Computing core charge for nlcc: 

       r > 1.41 : true rho core
      Core charge pseudized with two Bessel functions
      Integrated core pseudo-charge :   4.63
      Wfc-us  4S rcutus= 1.905  Estimated cut-off energy=    13.53 Ry
      Wfc-us  4S rcutus= 1.905  Estimated cut-off energy=    14.92 Ry
      Wfc-us  4P rcutus= 1.812  Estimated cut-off energy=    23.15 Ry
      Wfc-us  4P rcutus= 1.812  Estimated cut-off energy=    24.78 Ry

      The bmat matrix
     2.82481     1.95950     0.00000     0.00000
     1.83082     1.26961     0.00000     0.00000
     0.00000     0.00000     0.35089     0.35688
     0.00000     0.00000     0.30645     0.30903

      The bmat + epsilon qq matrix
     3.43043     2.22026     0.00000     0.00000
     2.22030     1.43741     0.00000     0.00000
     0.00000     0.00000     0.39606     0.34407
     0.00000     0.00000     0.34413     0.29834

      The qq matrix
    -0.40548    -0.26077     0.00000     0.00000
    -0.26077    -0.16780     0.00000     0.00000
     0.00000     0.00000    -0.07675    -0.06403
     0.00000     0.00000    -0.06403    -0.05347

     Q pseudized with Bessel functions
     Expected ecutrho=     108.0562 due to l1=  1   l2=  1

      The ddd matrix
     0.04322     0.01518     0.00000     0.00000
     0.01518     0.00180     0.00000     0.00000
     0.00000     0.00000    -0.07107    -0.07064
     0.00000     0.00000    -0.07064    -0.06749

     ------------------- End of pseudopotential generation -------------------

     --------------------------- All-electron run ----------------------------

     Br                                                                         
     scalar relativistic calculation

     atomic number is 35.00
     dft =LDA   lsd =0 sic =0 latt =0  beta=0.20 tr2=1.0E-14
     Exchange-correlation= LDA
                           (   1   1   0   0   0   0   0)
     mesh =1213 r(mesh) =  98.95369 a.u. xmin = -7.00 dx = 0.01250
     1 Ry =  13.60569312 eV, c = 137.03599908

     n l     nl                  e(Ry)          e(Ha)          e(eV)
     1 0     1S 1( 2.00)      -977.2341      -488.6170    -13295.9467
     2 0     2S 1( 2.00)      -127.1934       -63.5967     -1730.5538
     2 1     2P 1( 6.00)      -112.2959       -56.1479     -1527.8629
     3 0     3S 1( 2.00)       -17.4337        -8.7168      -237.1972
     3 1     3P 1( 6.00)       -12.7307        -6.3654      -173.2106
     3 2     3D 1(10.00)        -4.9245        -2.4622       -67.0010
     4 0     4S 1( 2.00)        -1.4936        -0.7468       -20.3216
     4 1     4P 1( 5.00)        -0.5885        -0.2943        -8.0071

     final scf error:  6.0E-15 reached in  28 iterations
 
     Etot =   -5206.226989 Ry,   -2603.113494 Ha,  -70834.326738 eV

     Ekin =    5317.054446 Ry,    2658.527223 Ha,   72342.211109 eV
     Encl =  -12560.638682 Ry,   -6280.319341 Ha, -170896.195341 eV
     Eh   =    2214.838554 Ry,    1107.419277 Ha,   30134.413688 eV
     Exc  =    -177.481307 Ry,     -88.740653 Ha,   -2414.756194 eV


     normalization and overlap integrals

     s(1S/1S) =  1.000000  <r> =   0.0428  <r2> =    0.0025  r(max) =   0.0279
     s(1S/2S) = -0.006051
     s(1S/3S) = -0.002334
     s(1S/4S) = -0.000777
     s(2S/2S) =  1.000000  <r> =   0.1898  <r2> =    0.0425  r(max) =   0.1604
     s(2S/3S) = -0.001382
     s(2S/4S) = -0.000448
     s(2P/2P) =  1.000000  <r> =   0.1656  <r2> =    0.0336  r(max) =   0.1280
     s(2P/3P) = -0.001120
     s(2P/4P) = -0.000294
     s(3S/3S) =  1.000000  <r> =   0.5526  <r2> =    0.3514  r(max) =   0.4817
     s(3S/4S) = -0.000272
     s(3P/3P) =  1.000000  <r> =   0.5649  <r2> =    0.3741  r(max) =   0.4817
     s(3P/4P) = -0.000192
     s(3D/3D) =  1.000000  <r> =   0.5909  <r2> =    0.4336  r(max) =   0.4305
     s(4S/4S) =  1.000000  <r> =   1.6700  <r2> =    3.2062  r(max) =   1.4115
     s(4P/4P) =  1.000000  <r> =   2.1030  <r2> =    5.2253  r(max) =   1.6606

     ------------------------ End of All-electron run ------------------------


     ---------------------- Testing the pseudopotential ----------------------

     Br                                                                         
     scalar relativistic calculation

     atomic number is 35.00   valence charge is  7.00
     dft =LDA   lsd =0 sic =0 latt =0  beta=0.20 tr2=1.0E-14
     mesh =1213 r(mesh) =  98.95369 xmin = -7.00 dx = 0.01250

     n l     nl             e AE (Ry)        e PS (Ry)    De AE-PS (Ry) 
     1 0     4S   1( 2.00)       -1.49361       -1.49361        0.00000
     2 1     4P   1( 5.00)       -0.58851       -0.58851        0.00000

     eps = 6.0E-15  iter =  3
 
     Etot =   -5206.226989 Ry,   -2603.113494 Ha,  -70834.326738 eV
     Etotps =   -33.801522 Ry,     -16.900761 Ha,    -459.893132 eV

     Ekin =      10.461627 Ry,       5.230814 Ha,     142.337689 eV
     Encl =     -53.790118 Ry,     -26.895059 Ha,    -731.851842 eV
     Ehrt =      22.421365 Ry,      11.210682 Ha,     305.058211 eV
     Ecxc =     -12.625497 Ry,      -6.312749 Ha,    -171.778641 eV
     (Ecc =      -6.634222 Ry,      -3.317111 Ha,     -90.263186 eV)
     Epseu=      -0.268898 Ry,      -0.134449 Ha,      -3.658550 eV

     ---------------------- End of pseudopotential test ----------------------

