[0] MPI startup(): I_MPI_SHM_LMT environment variable is not supported.
[0] MPI startup(): Similar variables:
	 I_MPI_SHM_HEAP
	 I_MPI_SHM
	 I_MPI_SHM_OPT
	 I_MPI_SHM_THP
[0] MPI startup(): To check the list of supported variables, use the impi_info utility or refer to https://software.intel.com/en-us/mpi-library/documentation/get-started.

     Program LD1 v.7.3.1 starts on 19Sep2024 at 21:45:44 

     This program is part of the open-source Quantum ESPRESSO suite
     for quantum simulation of materials; please cite
         "P. Giannozzi et al., J. Phys.:Condens. Matter 21 395502 (2009);
         "P. Giannozzi et al., J. Phys.:Condens. Matter 29 465901 (2017);
         "P. Giannozzi et al., J. Chem. Phys. 152 154105 (2020);
          URL http://www.quantum-espresso.org", 
     in publications or presentations arising from this work. More details at
     http://www.quantum-espresso.org/quote

     Parallel version (MPI), running on     1 processors

     MPI processes distributed on     1 nodes
     90045 MiB available memory on the printing compute node when the environment starts
 
     Waiting for input...
     Reading input from standard input
     --------------------------- All-electron run ----------------------------

     Cu                                                                         
     scalar relativistic calculation

     atomic number is 29.00
     dft =LDA   lsd =0 sic =0 latt =0  beta=0.20 tr2=1.0E-14
     Exchange-correlation= LDA
                           (   1   1   0   0   0   0   0)
     mesh =1199 r(mesh) = 100.25372 a.u. xmin = -7.00 dx = 0.01250
     1 Ry =  13.60569312 eV, c = 137.03599908

     n l     nl                  e(Ry)          e(Ha)          e(eV)
     1 0     1S 1( 2.00)      -649.4170      -324.7085     -8835.7683
     2 0     2S 1( 2.00)       -78.1330       -39.0665     -1063.0543
     2 1     2P 1( 6.00)       -67.5497       -33.7749      -919.0609
     3 0     3S 1( 2.00)        -8.5694        -4.2847      -116.5922
     3 1     3P 1( 6.00)        -5.4696        -2.7348       -74.4181
     3 2     3D 1( 9.50)        -0.5428        -0.2714        -7.3851
     4 0     4S 1( 1.50)        -0.3992        -0.1996        -5.4315
     4 1     4P 1( 0.00)        -0.0754        -0.0377        -1.0258

     final scf error:  4.1E-15 reached in  27 iterations
 
     Etot =   -3304.474737 Ry,   -1652.237368 Ha,  -44959.669202 eV

     Ekin =    3352.273225 Ry,    1676.136612 Ha,   45610.000759 eV
     Encl =   -7957.544007 Ry,   -3978.772003 Ha, -108267.901767 eV
     Eh   =    1430.368050 Ry,     715.184025 Ha,   19461.148738 eV
     Exc  =    -129.572005 Ry,     -64.786002 Ha,   -1762.916933 eV


     normalization and overlap integrals

     s(1S/1S) =  1.000000  <r> =   0.0522  <r2> =    0.0037  r(max) =   0.0341
     s(1S/2S) = -0.004014
     s(1S/3S) = -0.001491
     s(1S/4S) = -0.000346
     s(2S/2S) =  1.000000  <r> =   0.2357  <r2> =    0.0655  r(max) =   0.1960
     s(2S/3S) = -0.000863
     s(2S/4S) = -0.000196
     s(2P/2P) =  1.000000  <r> =   0.2066  <r2> =    0.0524  r(max) =   0.1585
     s(2P/3P) = -0.000687
     s(2P/4P) = -0.000093
     s(3S/3S) =  1.000000  <r> =   0.7121  <r2> =    0.5868  r(max) =   0.6112
     s(3S/4S) = -0.000114
     s(3P/3P) =  1.000000  <r> =   0.7480  <r2> =    0.6625  r(max) =   0.6189
     s(3P/4P) = -0.000057
     s(3D/3D) =  1.000000  <r> =   0.9995  <r2> =    1.3911  r(max) =   0.5961
     s(4S/4S) =  1.000000  <r> =   2.7984  <r2> =    9.2074  r(max) =   2.2149
     s(4P/4P) =  1.000000  <r> =   4.4918  <r2> =   24.8049  r(max) =   3.2632

     ------------------------ End of All-electron run ------------------------


     --------------------- Generating US pseudopotential ---------------------


      Generating local potential from pseudized AE potential:
      Matching radius rcloc =   1.9000

      Local pseudo, rcloc= 1.883 Estimated cut-off energy=     6.95 Ry

      Computing core charge for nlcc: 

       r > 0.70 : true rho core
       r < 0.70 : rho core = a sin(br)/r    a=  22.91  b=   3.27

      Integrated core pseudo-charge :   8.86
      Wfc-us  4S rcutus= 2.300  Estimated cut-off energy=     8.50 Ry
      Wfc-us  4S rcutus= 2.300  Estimated cut-off energy=    22.58 Ry
      Wfc-us  4P rcutus= 2.300  Estimated cut-off energy=    13.56 Ry
      Wfc-us  4P rcutus= 2.300  Estimated cut-off energy=    30.44 Ry
      Wfc-us  3D rcutus= 1.883  Estimated cut-off energy=    33.23 Ry
      Wfc-us  3D rcutus= 1.883  Estimated cut-off energy=    29.44 Ry

      The bmat matrix
     0.75634     0.43293     0.00000     0.00000     0.00000     0.00000
     0.37450     0.39031     0.00000     0.00000     0.00000     0.00000
     0.00000     0.00000     0.09431     0.25312     0.00000     0.00000
     0.00000     0.00000     0.17330     0.86155     0.00000     0.00000
     0.00000     0.00000     0.00000     0.00000    -0.96213    -0.49098
     0.00000     0.00000     0.00000     0.00000     0.33585     0.20079

      The bmat + epsilon qq matrix
     0.80129     0.37789     0.00000     0.00000     0.00000     0.00000
     0.37810     0.79705     0.00000     0.00000     0.00000     0.00000
     0.00000     0.00000     0.09501     0.17414     0.00000     0.00000
     0.00000     0.00000     0.17425     0.83545     0.00000     0.00000
     0.00000     0.00000     0.00000     0.00000    -1.31433     0.17770
     0.00000     0.00000     0.00000     0.00000     0.17804     0.44830

      The qq matrix
    -0.11260    -0.00902     0.00000     0.00000     0.00000     0.00000
    -0.00902     0.06668     0.00000     0.00000     0.00000     0.00000
     0.00000     0.00000    -0.00923    -0.01254     0.00000     0.00000
     0.00000     0.00000    -0.01254    -0.00414     0.00000     0.00000
     0.00000     0.00000     0.00000     0.00000     0.64886     0.29073
     0.00000     0.00000     0.00000     0.00000     0.29073     0.10761

     Q pseudized with Bessel functions
     Expected ecutrho=     150.3573 due to l1=  2   l2=  2

      The ddd matrix
     0.35273     0.26589     0.00000     0.00000     0.00000     0.00000
     0.26589     0.76984     0.00000     0.00000     0.00000     0.00000
     0.00000     0.00000     0.08689     0.07157     0.00000     0.00000
     0.00000     0.00000     0.07157     0.68096     0.00000     0.00000
     0.00000     0.00000     0.00000     0.00000     2.45405     1.89698
     0.00000     0.00000     0.00000     0.00000     1.89698     1.18058

     ------------------- End of pseudopotential generation -------------------

     --------------------------- All-electron run ----------------------------

     Cu                                                                         
     scalar relativistic calculation

     atomic number is 29.00
     dft =LDA   lsd =0 sic =0 latt =0  beta=0.20 tr2=1.0E-14
     Exchange-correlation= LDA
                           (   1   1   0   0   0   0   0)
     mesh =1199 r(mesh) = 100.25372 a.u. xmin = -7.00 dx = 0.01250
     1 Ry =  13.60569312 eV, c = 137.03599908

     n l     nl                  e(Ry)          e(Ha)          e(eV)
     1 0     1S 1( 2.00)      -649.4170      -324.7085     -8835.7683
     2 0     2S 1( 2.00)       -78.1330       -39.0665     -1063.0543
     2 1     2P 1( 6.00)       -67.5497       -33.7749      -919.0609
     3 0     3S 1( 2.00)        -8.5694        -4.2847      -116.5922
     3 1     3P 1( 6.00)        -5.4696        -2.7348       -74.4181
     3 2     3D 1( 9.50)        -0.5428        -0.2714        -7.3851
     4 0     4S 1( 1.50)        -0.3992        -0.1996        -5.4315
     4 1     4P 1( 0.00)        -0.0754        -0.0377        -1.0258

     final scf error:  4.1E-15 reached in  27 iterations
 
     Etot =   -3304.474737 Ry,   -1652.237368 Ha,  -44959.669202 eV

     Ekin =    3352.273225 Ry,    1676.136612 Ha,   45610.000759 eV
     Encl =   -7957.544007 Ry,   -3978.772003 Ha, -108267.901767 eV
     Eh   =    1430.368050 Ry,     715.184025 Ha,   19461.148738 eV
     Exc  =    -129.572005 Ry,     -64.786002 Ha,   -1762.916933 eV


     normalization and overlap integrals

     s(1S/1S) =  1.000000  <r> =   0.0522  <r2> =    0.0037  r(max) =   0.0341
     s(1S/2S) = -0.004014
     s(1S/3S) = -0.001491
     s(1S/4S) = -0.000346
     s(2S/2S) =  1.000000  <r> =   0.2357  <r2> =    0.0655  r(max) =   0.1960
     s(2S/3S) = -0.000863
     s(2S/4S) = -0.000196
     s(2P/2P) =  1.000000  <r> =   0.2066  <r2> =    0.0524  r(max) =   0.1585
     s(2P/3P) = -0.000687
     s(2P/4P) = -0.000093
     s(3S/3S) =  1.000000  <r> =   0.7121  <r2> =    0.5868  r(max) =   0.6112
     s(3S/4S) = -0.000114
     s(3P/3P) =  1.000000  <r> =   0.7480  <r2> =    0.6625  r(max) =   0.6189
     s(3P/4P) = -0.000057
     s(3D/3D) =  1.000000  <r> =   0.9995  <r2> =    1.3911  r(max) =   0.5961
     s(4S/4S) =  1.000000  <r> =   2.7984  <r2> =    9.2074  r(max) =   2.2149
     s(4P/4P) =  1.000000  <r> =   4.4918  <r2> =   24.8049  r(max) =   3.2632

     ------------------------ End of All-electron run ------------------------


     ---------------------- Testing the pseudopotential ----------------------

     Cu                                                                         
     scalar relativistic calculation

     atomic number is 29.00   valence charge is 11.00
     dft =LDA   lsd =0 sic =0 latt =0  beta=0.20 tr2=1.0E-14
     mesh =1199 r(mesh) = 100.25372 xmin = -7.00 dx = 0.01250

     n l     nl             e AE (Ry)        e PS (Ry)    De AE-PS (Ry) 
     1 0     4S   1( 1.50)       -0.39921       -0.39921        0.00000
     2 1     4P   1( 0.00)       -0.07540       -0.07540       -0.00000
     3 2     3D   1( 9.50)       -0.54280       -0.54280        0.00000

     eps = 2.6E-17  iter =  6
 
     Etot =   -3304.474737 Ry,   -1652.237368 Ha,  -44959.669202 eV
     Etotps =  -116.681978 Ry,     -58.340989 Ha,   -1587.539181 eV

     Ekin =      16.827450 Ry,       8.413725 Ha,     228.949120 eV
     Encl =    -213.956047 Ry,    -106.978023 Ha,   -2911.020312 eV
     Ehrt =      95.914917 Ry,      47.957459 Ha,    1304.988931 eV
     Ecxc =     -39.310851 Ry,     -19.655426 Ha,    -534.851379 eV
     (Ecc =     -17.313158 Ry,      -8.656579 Ha,    -235.557515 eV)
     Epseu=      23.842553 Ry,      11.921276 Ha,     324.394458 eV

     ---------------------- End of pseudopotential test ----------------------

