[0] MPI startup(): I_MPI_SHM_LMT environment variable is not supported.
[0] MPI startup(): Similar variables:
	 I_MPI_SHM_HEAP
	 I_MPI_SHM
	 I_MPI_SHM_OPT
	 I_MPI_SHM_THP
[0] MPI startup(): To check the list of supported variables, use the impi_info utility or refer to https://software.intel.com/en-us/mpi-library/documentation/get-started.

     Program LD1 v.7.3.1 starts on 19Sep2024 at 21:45:45 

     This program is part of the open-source Quantum ESPRESSO suite
     for quantum simulation of materials; please cite
         "P. Giannozzi et al., J. Phys.:Condens. Matter 21 395502 (2009);
         "P. Giannozzi et al., J. Phys.:Condens. Matter 29 465901 (2017);
         "P. Giannozzi et al., J. Chem. Phys. 152 154105 (2020);
          URL http://www.quantum-espresso.org", 
     in publications or presentations arising from this work. More details at
     http://www.quantum-espresso.org/quote

     Parallel version (MPI), running on     1 processors

     MPI processes distributed on     1 nodes
     90044 MiB available memory on the printing compute node when the environment starts
 
     Waiting for input...
     Reading input from standard input
     --------------------------- All-electron run ----------------------------

     Fe                                                                         
     scalar relativistic calculation

     atomic number is 26.00
     dft =LDA   lsd =0 sic =0 latt =0  beta=0.20 tr2=1.0E-14
     Exchange-correlation= LDA
                           (   1   1   0   0   0   0   0)
     mesh =1191 r(mesh) = 101.18024 a.u. xmin = -7.00 dx = 0.01250
     1 Ry =  13.60569312 eV, c = 137.03599908

     n l     nl                  e(Ry)          e(Ha)          e(eV)
     1 0     1S 1( 2.00)      -513.2623      -256.6312     -6983.2895
     2 0     2S 1( 2.00)       -60.1147       -30.0574      -817.9028
     2 1     2P 1( 6.00)       -51.3023       -25.6511      -698.0030
     3 0     3S 1( 2.00)        -6.8730        -3.4365       -93.5114
     3 1     3P 1( 6.00)        -4.4045        -2.2023       -59.9266
     4 0     4S 1( 2.00)        -0.4034        -0.2017        -5.4888
     3 2     3D 1( 6.00)        -0.5696        -0.2848        -7.7505
     4 1     4P 1( 0.00)        -0.1055        -0.0528        -1.4354

     final scf error:  3.0E-15 reached in  27 iterations
 
     Etot =   -2540.370445 Ry,   -1270.185223 Ha,  -34563.500699 eV

     Ekin =    2569.564854 Ry,    1284.782427 Ha,   34960.710862 eV
     Encl =   -6079.342635 Ry,   -3039.671318 Ha,  -82713.670284 eV
     Eh   =    1075.877443 Ry,     537.938722 Ha,   14638.058333 eV
     Exc  =    -106.470108 Ry,     -53.235054 Ha,   -1448.599610 eV


     normalization and overlap integrals

     s(1S/1S) =  1.000000  <r> =   0.0586  <r2> =    0.0046  r(max) =   0.0385
     s(1S/2S) = -0.003157
     s(1S/3S) = -0.001167
     s(1S/4S) = -0.000299
     s(2S/2S) =  1.000000  <r> =   0.2676  <r2> =    0.0845  r(max) =   0.2241
     s(2S/3S) = -0.000665
     s(2S/4S) = -0.000167
     s(2P/2P) =  1.000000  <r> =   0.2358  <r2> =    0.0684  r(max) =   0.1790
     s(2P/3P) = -0.000527
     s(2P/4P) = -0.000090
     s(3S/3S) =  1.000000  <r> =   0.8122  <r2> =    0.7625  r(max) =   0.6990
     s(3S/4S) = -0.000096
     s(3P/3P) =  1.000000  <r> =   0.8587  <r2> =    0.8715  r(max) =   0.7167
     s(3P/4P) = -0.000055
     s(4S/4S) =  1.000000  <r> =   2.9632  <r2> =   10.2249  r(max) =   2.3795
     s(3D/3D) =  1.000000  <r> =   1.1407  <r2> =    1.7632  r(max) =   0.7078
     s(4P/4P) =  1.000000  <r> =   4.3255  <r2> =   22.4724  r(max) =   3.2933

     ------------------------ End of All-electron run ------------------------


     --------------------- Generating PAW atomic setup --------------------


      Generating local potential from pseudized AE potential:
      Matching radius rcloc =   1.8000
      Enforcing V''(0)=0 (lloc=-2)

      Local pseudo, rcloc= 1.807 Estimated cut-off energy=     9.80 Ry

      Computing core charge for nlcc: 

       r > 0.60 : true rho core
      Core charge pseudized with two Bessel functions
      Integrated core pseudo-charge :   2.34
      Wfc-us  3S rcutus= 1.306  Estimated cut-off energy=    31.49 Ry
      Wfc-us  4S rcutus= 1.408  Estimated cut-off energy=    56.72 Ry
      Wfc-us  3P rcutus= 1.306  Estimated cut-off energy=    48.75 Ry
      Wfc-us  4P rcutus= 1.595  Estimated cut-off energy=    63.94 Ry
      Wfc-us  3D rcutus= 1.998  Estimated cut-off energy=    29.48 Ry
      Wfc-us  3D rcutus= 1.998  Estimated cut-off energy=    32.30 Ry

      The bmat matrix
    -8.21576    -1.47596     0.00000     0.00000     0.00000     0.00000
    -3.17458    -1.00269     0.00000     0.00000     0.00000     0.00000
     0.00000     0.00000    -6.08428    -1.92295     0.00000     0.00000
     0.00000     0.00000    -2.59367    -1.21718     0.00000     0.00000
     0.00000     0.00000     0.00000     0.00000    -0.99244    -0.56122
     0.00000     0.00000     0.00000     0.00000    -0.50641    -0.28706

      The bmat + epsilon qq matrix
    -5.97813    -1.37000     0.00000     0.00000     0.00000     0.00000
    -1.36939    -0.94512     0.00000     0.00000     0.00000     0.00000
     0.00000     0.00000    -6.74975    -1.90649     0.00000     0.00000
     0.00000     0.00000    -1.90626    -1.20716     0.00000     0.00000
     0.00000     0.00000     0.00000     0.00000    -1.32644    -0.69040
     0.00000     0.00000     0.00000     0.00000    -0.69038    -0.35823

      The qq matrix
    -0.32557    -0.26265     0.00000     0.00000     0.00000     0.00000
    -0.26265    -0.14269     0.00000     0.00000     0.00000     0.00000
     0.00000     0.00000     0.15109    -0.15607     0.00000     0.00000
     0.00000     0.00000    -0.15607    -0.09501     0.00000     0.00000
     0.00000     0.00000     0.00000     0.00000     0.58633     0.32295
     0.00000     0.00000     0.00000     0.00000     0.32295     0.17794


    multipoles (all-electron charge) - (pseudo charge)
        ns l1:ns1 l2    l=0     l=1     l=2     l=3     l=4     l=5  
         1  0:  1  0 -0.3256
         2  0:  1  0 -0.2627
         2  0:  2  0 -0.1427
         3  1:  1  0  0.0000  0.0049
         3  1:  2  0  0.0000  0.0627
         3  1:  3  1  0.1511  0.0000  0.0528
         4  1:  1  0  0.0000  0.1640
         4  1:  2  0  0.0000  0.0536
         4  1:  3  1 -0.1561  0.0000 -0.0922
         4  1:  4  1 -0.0950  0.0000 -0.0420
         5  2:  1  0  0.0000  0.0000  0.2806
         5  2:  2  0  0.0000  0.0000 -0.0006
         5  2:  3  1  0.0000 -0.3546  0.0000 -0.2579
         5  2:  4  1  0.0000  0.0071  0.0000  0.0247
         5  2:  5  2  0.5863  0.0000  0.3758  0.0000  0.3654
         6  2:  1  0  0.0000  0.0000  0.1544
         6  2:  2  0  0.0000  0.0000  0.0001
         6  2:  3  1  0.0000 -0.1957  0.0000 -0.1413
         6  2:  4  1  0.0000  0.0033  0.0000  0.0129
         6  2:  5  2  0.3229  0.0000  0.2039  0.0000  0.1953
         6  2:  6  2  0.1779  0.0000  0.1106  0.0000  0.1044
     Required augmentation: PSQ   radius:    0.680000

     Q pseudized with Bessel functions
     Expected ecutrho=     782.0730 due to l1=  2   l2=  2

     Estimated PAW energy = -324.007915 Ryd

     The PAW screened D coefficients
    -5.97813    -1.36939     0.00000     0.00000     0.00000     0.00000
    -1.36939    -0.94512     0.00000     0.00000     0.00000     0.00000
     0.00000     0.00000    -6.74975    -1.90626     0.00000     0.00000
     0.00000     0.00000    -1.90626    -1.20716     0.00000     0.00000
     0.00000     0.00000     0.00000     0.00000    -1.32644    -0.69038
     0.00000     0.00000     0.00000     0.00000    -0.69038    -0.35823

     The PAW descreened D coefficients (US)
    -7.29610    -2.53164     0.00000     0.00000     0.00000     0.00000
    -2.53164    -1.59249     0.00000     0.00000     0.00000     0.00000
     0.00000     0.00000    -5.91820    -2.56729     0.00000     0.00000
     0.00000     0.00000    -2.56729    -1.63111     0.00000     0.00000
     0.00000     0.00000     0.00000     0.00000     1.24126     0.72706
     0.00000     0.00000     0.00000     0.00000     0.72706     0.42446

     ------------------- End of pseudopotential generation -------------------

     --------------------------- All-electron run ----------------------------

     Fe                                                                         
     scalar relativistic calculation

     atomic number is 26.00
     dft = SLA  PZ   NOGX NOGC   lsd =0 sic =0 latt =0  beta=0.20 tr2=1.0E-14
     Exchange-correlation=  SLA  PZ   NOGX NOGC
                           (   1   1   0   0   0   0   0)
     mesh =1191 r(mesh) = 101.18024 a.u. xmin = -7.00 dx = 0.01250
     1 Ry =  13.60569312 eV, c = 137.03599908

     n l     nl                  e(Ry)          e(Ha)          e(eV)
     1 0     1S 1( 2.00)      -513.2623      -256.6312     -6983.2895
     2 0     2S 1( 2.00)       -60.1147       -30.0574      -817.9028
     2 1     2P 1( 6.00)       -51.3023       -25.6511      -698.0030
     3 0     3S 1( 2.00)        -6.8730        -3.4365       -93.5114
     3 1     3P 1( 6.00)        -4.4045        -2.2023       -59.9266
     4 0     4S 1( 2.00)        -0.4034        -0.2017        -5.4888
     3 2     3D 1( 6.00)        -0.5696        -0.2848        -7.7505
     4 1     4P 1( 0.00)        -0.1055        -0.0528        -1.4354

     final scf error:  3.0E-15 reached in  27 iterations
 
     Etot =   -2540.370445 Ry,   -1270.185223 Ha,  -34563.500699 eV

     Ekin =    2569.564854 Ry,    1284.782427 Ha,   34960.710862 eV
     Encl =   -6079.342635 Ry,   -3039.671318 Ha,  -82713.670284 eV
     Eh   =    1075.877443 Ry,     537.938722 Ha,   14638.058333 eV
     Exc  =    -106.470108 Ry,     -53.235054 Ha,   -1448.599610 eV


     normalization and overlap integrals

     s(1S/1S) =  1.000000  <r> =   0.0586  <r2> =    0.0046  r(max) =   0.0385
     s(1S/2S) = -0.003157
     s(1S/3S) = -0.001167
     s(1S/4S) = -0.000299
     s(2S/2S) =  1.000000  <r> =   0.2676  <r2> =    0.0845  r(max) =   0.2241
     s(2S/3S) = -0.000665
     s(2S/4S) = -0.000167
     s(2P/2P) =  1.000000  <r> =   0.2358  <r2> =    0.0684  r(max) =   0.1790
     s(2P/3P) = -0.000527
     s(2P/4P) = -0.000090
     s(3S/3S) =  1.000000  <r> =   0.8122  <r2> =    0.7625  r(max) =   0.6990
     s(3S/4S) = -0.000096
     s(3P/3P) =  1.000000  <r> =   0.8587  <r2> =    0.8715  r(max) =   0.7167
     s(3P/4P) = -0.000055
     s(4S/4S) =  1.000000  <r> =   2.9632  <r2> =   10.2249  r(max) =   2.3795
     s(3D/3D) =  1.000000  <r> =   1.1407  <r2> =    1.7632  r(max) =   0.7078
     s(4P/4P) =  1.000000  <r> =   4.3255  <r2> =   22.4724  r(max) =   3.2933

     ------------------------ End of All-electron run ------------------------


     ---------------------- Testing the pseudopotential ----------------------

     Fe                                                                         
     scalar relativistic calculation

     atomic number is 26.00   valence charge is 16.00
     dft = SLA  PZ   NOGX NOGC   lsd =0 sic =0 latt =0  beta=0.20 tr2=1.0E-14
     mesh =1191 r(mesh) = 101.18024 xmin = -7.00 dx = 0.01250

     n l     nl             e AE (Ry)        e PS (Ry)    De AE-PS (Ry) 
     1 0     3S   1( 2.00)       -6.87296       -6.87292       -0.00004
     2 0     4S   1( 2.00)       -0.40342       -0.40342       -0.00000
     2 1     3P   1( 6.00)       -4.40452       -4.40448       -0.00004
     3 1     4P   1( 0.00)       -0.10550       -0.10550       -0.00000
     3 2     3D   1( 6.00)       -0.56965       -0.56962       -0.00003

     eps = 2.0E-16  iter =  6
 
     Etot =   -2540.370445 Ry,   -1270.185223 Ha,  -34563.500699 eV
     Etotps =  -324.007910 Ry,    -162.003955 Ha,   -4408.352190 eV

     Ekin =     281.272680 Ry,     140.636340 Ha,    3826.909770 eV
     Encl =    -709.667931 Ry,    -354.833965 Ha,   -9655.524084 eV
     Ehrt =     210.857564 Ry,     105.428782 Ha,    2868.863315 eV
     Ecxc =    -106.470224 Ry,     -53.235112 Ha,   -1448.601191 eV
     (Ecc =      -6.235093 Ry,      -3.117547 Ha,     -84.832766 eV)

     ---------------------- End of pseudopotential test ----------------------

