[0] MPI startup(): I_MPI_SHM_LMT environment variable is not supported.
[0] MPI startup(): Similar variables:
	 I_MPI_SHM_HEAP
	 I_MPI_SHM
	 I_MPI_SHM_OPT
	 I_MPI_SHM_THP
[0] MPI startup(): To check the list of supported variables, use the impi_info utility or refer to https://software.intel.com/en-us/mpi-library/documentation/get-started.

     Program LD1 v.7.3.1 starts on 19Sep2024 at 21:45:51 

     This program is part of the open-source Quantum ESPRESSO suite
     for quantum simulation of materials; please cite
         "P. Giannozzi et al., J. Phys.:Condens. Matter 21 395502 (2009);
         "P. Giannozzi et al., J. Phys.:Condens. Matter 29 465901 (2017);
         "P. Giannozzi et al., J. Chem. Phys. 152 154105 (2020);
          URL http://www.quantum-espresso.org", 
     in publications or presentations arising from this work. More details at
     http://www.quantum-espresso.org/quote

     Parallel version (MPI), running on     1 processors

     MPI processes distributed on     1 nodes
     90030 MiB available memory on the printing compute node when the environment starts
 
     Waiting for input...
     Reading input from standard input
     --------------------------- All-electron run ----------------------------

     H                                                                          
     scalar relativistic calculation

     atomic number is  1.00
     dft =LDA   lsd =0 sic =0 latt =0  beta=0.20 tr2=1.0E-14
     Exchange-correlation= LDA
                           (   1   1   0   0   0   0   0)
     mesh = 929 r(mesh) =  99.48432 a.u. xmin = -7.00 dx = 0.01250
     1 Ry =  13.60569312 eV, c = 137.03599908

     n l     nl                  e(Ry)          e(Ha)          e(eV)
     1 0     1S 1( 1.00)        -0.4673        -0.2337        -6.3583

     final scf error:  5.8E-15 reached in  16 iterations
 
     Etot =      -0.891795 Ry,      -0.445897 Ha,     -12.133489 eV

     Ekin =       0.849687 Ry,       0.424844 Ha,      11.560585 eV
     Encl =      -1.841622 Ry,      -0.920811 Ha,     -25.056546 eV
     Eh   =       0.565570 Ry,       0.282785 Ha,       7.694965 eV
     Exc  =      -0.465430 Ry,      -0.232715 Ha,      -6.332492 eV


     normalization and overlap integrals

     s(1S/1S) =  1.000000  <r> =   1.6733  <r2> =    3.8158  r(max) =   1.0513

     ------------------------ End of All-electron run ------------------------


     --------------------- Generating US pseudopotential ---------------------


      Generating local pot.: lloc=1, matching radius rcloc =   0.7500
      Wfc-us  1S rcutus= 1.000  Estimated cut-off energy=    44.21 Ry
      Wfc-us  1S rcutus= 1.000  Estimated cut-off energy=    45.51 Ry

      The bmat matrix
    -0.05153    -0.05339
    -0.04895    -0.05066

      The bmat + epsilon qq matrix
    -0.05547    -0.05296
    -0.05296    -0.05022

      The qq matrix
     0.00843     0.00858
     0.00858     0.00871

     Q pseudized with Bessel functions
     Expected ecutrho=     221.2544 due to l1=  0   l2=  0

      The ddd matrix
    -0.01013    -0.00714
    -0.00714    -0.00398

     ------------------- End of pseudopotential generation -------------------

     --------------------------- All-electron run ----------------------------

     H                                                                          
     scalar relativistic calculation

     atomic number is  1.00
     dft =LDA   lsd =0 sic =0 latt =0  beta=0.20 tr2=1.0E-14
     Exchange-correlation= LDA
                           (   1   1   0   0   0   0   0)
     mesh = 929 r(mesh) =  99.48432 a.u. xmin = -7.00 dx = 0.01250
     1 Ry =  13.60569312 eV, c = 137.03599908

     n l     nl                  e(Ry)          e(Ha)          e(eV)
     1 0     1S 1( 1.00)        -0.4673        -0.2337        -6.3583

     final scf error:  5.8E-15 reached in  16 iterations
 
     Etot =      -0.891795 Ry,      -0.445897 Ha,     -12.133489 eV

     Ekin =       0.849687 Ry,       0.424844 Ha,      11.560585 eV
     Encl =      -1.841622 Ry,      -0.920811 Ha,     -25.056546 eV
     Eh   =       0.565570 Ry,       0.282785 Ha,       7.694965 eV
     Exc  =      -0.465430 Ry,      -0.232715 Ha,      -6.332492 eV


     normalization and overlap integrals

     s(1S/1S) =  1.000000  <r> =   1.6733  <r2> =    3.8158  r(max) =   1.0513

     ------------------------ End of All-electron run ------------------------


     ---------------------- Testing the pseudopotential ----------------------

     H                                                                          
     scalar relativistic calculation

     atomic number is  1.00   valence charge is  1.00
     dft =LDA   lsd =0 sic =0 latt =0  beta=0.20 tr2=1.0E-14
     mesh = 929 r(mesh) =  99.48432 xmin = -7.00 dx = 0.01250

     n l     nl             e AE (Ry)        e PS (Ry)    De AE-PS (Ry) 
     1 0     1S   1( 1.00)       -0.46733       -0.46733        0.00000

     eps = 9.5E-17  iter =  3
 
     Etot =      -0.891795 Ry,      -0.445897 Ha,     -12.133489 eV
     Etotps =    -0.891765 Ry,      -0.445883 Ha,     -12.133083 eV

     Ekin =       0.796675 Ry,       0.398338 Ha,      10.839320 eV
     Encl =      -1.778502 Ry,      -0.889251 Ha,     -24.197746 eV
     Ehrt =       0.565499 Ry,       0.282749 Ha,       7.694001 eV
     Ecxc =      -0.465312 Ry,      -0.232656 Ha,      -6.330889 eV
     Epseu=      -0.010126 Ry,      -0.005063 Ha,      -0.137769 eV

     ---------------------- End of pseudopotential test ----------------------

