[0] MPI startup(): I_MPI_SHM_LMT environment variable is not supported.
[0] MPI startup(): Similar variables:
	 I_MPI_SHM_HEAP
	 I_MPI_SHM
	 I_MPI_SHM_OPT
	 I_MPI_SHM_THP
[0] MPI startup(): To check the list of supported variables, use the impi_info utility or refer to https://software.intel.com/en-us/mpi-library/documentation/get-started.

     Program LD1 v.7.3.1 starts on 19Sep2024 at 21:45:51 

     This program is part of the open-source Quantum ESPRESSO suite
     for quantum simulation of materials; please cite
         "P. Giannozzi et al., J. Phys.:Condens. Matter 21 395502 (2009);
         "P. Giannozzi et al., J. Phys.:Condens. Matter 29 465901 (2017);
         "P. Giannozzi et al., J. Chem. Phys. 152 154105 (2020);
          URL http://www.quantum-espresso.org", 
     in publications or presentations arising from this work. More details at
     http://www.quantum-espresso.org/quote

     Parallel version (MPI), running on     1 processors

     MPI processes distributed on     1 nodes
     90036 MiB available memory on the printing compute node when the environment starts
 
     Waiting for input...
     Reading input from standard input
     --------------------------- All-electron run ----------------------------

     H                                                                          
     scalar relativistic calculation

     atomic number is  1.00
     dft =LDA   lsd =0 sic =0 latt =0  beta=0.20 tr2=1.0E-14
     Exchange-correlation= LDA
                           (   1   1   0   0   0   0   0)
     mesh = 929 r(mesh) =  99.48432 a.u. xmin = -7.00 dx = 0.01250
     1 Ry =  13.60569312 eV, c = 137.03599908

     n l     nl                  e(Ry)          e(Ha)          e(eV)
     1 0     1S 1( 1.00)        -0.4673        -0.2337        -6.3583

     final scf error:  5.8E-15 reached in  16 iterations
 
     Etot =      -0.891795 Ry,      -0.445897 Ha,     -12.133489 eV

     Ekin =       0.849687 Ry,       0.424844 Ha,      11.560585 eV
     Encl =      -1.841622 Ry,      -0.920811 Ha,     -25.056546 eV
     Eh   =       0.565570 Ry,       0.282785 Ha,       7.694965 eV
     Exc  =      -0.465430 Ry,      -0.232715 Ha,      -6.332492 eV


     normalization and overlap integrals

     s(1S/1S) =  1.000000  <r> =   1.6733  <r2> =    3.8158  r(max) =   1.0513

     ------------------------ End of All-electron run ------------------------


     --------------------- Generating PAW atomic setup --------------------


      Generating local pot.: lloc=1, matching radius rcloc =   0.7500

      Computing core charge for PAW: 
      Integrated core pseudo-charge :   0.00
      Wfc-us  1S rcutus= 1.000  Estimated cut-off energy=    44.21 Ry
      Wfc-us  1S rcutus= 1.000  Estimated cut-off energy=    45.51 Ry

      The bmat matrix
    -0.05153    -0.05339
    -0.04895    -0.05066

      The bmat + epsilon qq matrix
    -0.05547    -0.05296
    -0.05296    -0.05022

      The qq matrix
     0.00843     0.00858
     0.00858     0.00871


    multipoles (all-electron charge) - (pseudo charge)
        ns l1:ns1 l2    l=0     l=1     l=2     l=3     l=4     l=5  
         1  0:  1  0  0.0084
         2  0:  1  0  0.0086
         2  0:  2  0  0.0087
     Required augmentation: PSQ   radius:    0.800000

     Q pseudized with Bessel functions
     Expected ecutrho=     221.2544 due to l1=  0   l2=  0

     Estimated PAW energy =   -0.891795 Ryd

     The PAW screened D coefficients
    -0.05547    -0.05296
    -0.05296    -0.05022

     The PAW descreened D coefficients (US)
    -0.01011    -0.00712
    -0.00712    -0.00396

     ------------------- End of pseudopotential generation -------------------

     --------------------------- All-electron run ----------------------------

     H                                                                          
     scalar relativistic calculation

     atomic number is  1.00
     dft = SLA  PZ   NOGX NOGC   lsd =0 sic =0 latt =0  beta=0.20 tr2=1.0E-14
     Exchange-correlation=  SLA  PZ   NOGX NOGC
                           (   1   1   0   0   0   0   0)
     mesh = 929 r(mesh) =  99.48432 a.u. xmin = -7.00 dx = 0.01250
     1 Ry =  13.60569312 eV, c = 137.03599908

     n l     nl                  e(Ry)          e(Ha)          e(eV)
     1 0     1S 1( 1.00)        -0.4673        -0.2337        -6.3583

     final scf error:  5.8E-15 reached in  16 iterations
 
     Etot =      -0.891795 Ry,      -0.445897 Ha,     -12.133489 eV

     Ekin =       0.849687 Ry,       0.424844 Ha,      11.560585 eV
     Encl =      -1.841622 Ry,      -0.920811 Ha,     -25.056546 eV
     Eh   =       0.565570 Ry,       0.282785 Ha,       7.694965 eV
     Exc  =      -0.465430 Ry,      -0.232715 Ha,      -6.332492 eV


     normalization and overlap integrals

     s(1S/1S) =  1.000000  <r> =   1.6733  <r2> =    3.8158  r(max) =   1.0513

     ------------------------ End of All-electron run ------------------------


     ---------------------- Testing the pseudopotential ----------------------

     H                                                                          
     scalar relativistic calculation

     atomic number is  1.00   valence charge is  1.00
     dft = SLA  PZ   NOGX NOGC   lsd =0 sic =0 latt =0  beta=0.20 tr2=1.0E-14
     mesh = 929 r(mesh) =  99.48432 xmin = -7.00 dx = 0.01250

     n l     nl             e AE (Ry)        e PS (Ry)    De AE-PS (Ry) 
     1 0     1S   1( 1.00)       -0.46733       -0.46733        0.00000

     eps = 8.9E-17  iter =  3
 
     Etot =      -0.891795 Ry,      -0.445897 Ha,     -12.133489 eV
     Etotps =    -0.891798 Ry,      -0.445899 Ha,     -12.133533 eV

     Ekin =       0.849685 Ry,       0.424842 Ha,      11.560553 eV
     Encl =      -1.841623 Ry,      -0.920812 Ha,     -25.056562 eV
     Ehrt =       0.565570 Ry,       0.282785 Ha,       7.694971 eV
     Ecxc =      -0.465430 Ry,      -0.232715 Ha,      -6.332496 eV

     ---------------------- End of pseudopotential test ----------------------

