[0] MPI startup(): I_MPI_SHM_LMT environment variable is not supported.
[0] MPI startup(): Similar variables:
	 I_MPI_SHM_HEAP
	 I_MPI_SHM
	 I_MPI_SHM_OPT
	 I_MPI_SHM_THP
[0] MPI startup(): To check the list of supported variables, use the impi_info utility or refer to https://software.intel.com/en-us/mpi-library/documentation/get-started.

     Program LD1 v.7.3.1 starts on 19Sep2024 at 21:45:50 

     This program is part of the open-source Quantum ESPRESSO suite
     for quantum simulation of materials; please cite
         "P. Giannozzi et al., J. Phys.:Condens. Matter 21 395502 (2009);
         "P. Giannozzi et al., J. Phys.:Condens. Matter 29 465901 (2017);
         "P. Giannozzi et al., J. Chem. Phys. 152 154105 (2020);
          URL http://www.quantum-espresso.org", 
     in publications or presentations arising from this work. More details at
     http://www.quantum-espresso.org/quote

     Parallel version (MPI), running on     1 processors

     MPI processes distributed on     1 nodes
     90034 MiB available memory on the printing compute node when the environment starts
 
     Waiting for input...
     Reading input from standard input
     --------------------------- All-electron run ----------------------------

     Hg                                                                         
     scalar relativistic calculation

     atomic number is 80.00
     dft =LDA   lsd =0 sic =0 latt =0  beta=0.20 tr2=1.0E-14
     Exchange-correlation= LDA
                           (   1   1   0   0   0   0   0)
     mesh =1279 r(mesh) =  98.78773 a.u. xmin = -7.00 dx = 0.01250
     1 Ry =  13.60569312 eV, c = 137.03599908

     n l     nl                  e(Ry)          e(Ha)          e(eV)
     1 0     1S 1( 2.00)     -6109.3438     -3054.6719    -83121.8573
     2 0     2S 1( 2.00)     -1082.8652      -541.4326    -14733.1314
     2 1     2P 1( 6.00)      -934.0141      -467.0071    -12707.9094
     3 0     3S 1( 2.00)      -256.9428      -128.4714     -3495.8843
     3 1     3P 1( 6.00)      -213.9500      -106.9750     -2910.9376
     4 0     4S 1( 2.00)       -56.4439       -28.2220      -767.9587
     4 1     4P 1( 6.00)       -42.3466       -21.1733      -576.1554
     3 2     3D 1(10.00)      -168.6784       -84.3392     -2294.9862
     5 0     5S 1( 2.00)        -8.7140        -4.3570      -118.5599
     5 1     5P 1( 6.00)        -4.9068        -2.4534       -66.7598
     4 2     4D 1(10.00)       -25.6285       -12.8142      -348.6934
     4 3     4F 1(14.00)        -7.0805        -3.5402       -96.3346
     5 2     5D 1(10.00)        -0.7400        -0.3700       -10.0683
     6 0     6S 1( 2.00)        -0.5244        -0.2622        -7.1347
     6 1     6P 1( 0.00)        -0.0874        -0.0437        -1.1886

     final scf error:  7.7E-16 reached in  36 iterations
 
     Etot =  -39223.963748 Ry,  -19611.981874 Ha, -533669.213821 eV

     Ekin =   44033.292730 Ry,   22016.646365 Ha,  599103.468077 eV
     Encl =  -97747.049820 Ry,  -48873.524910 Ha,-1329916.363535 eV
     Eh   =   15209.031569 Ry,    7604.515785 Ha,  206929.416232 eV
     Exc  =    -719.238227 Ry,    -359.619113 Ha,   -9785.734594 eV


     normalization and overlap integrals

     s(1S/1S) =  1.000000  <r> =   0.0166  <r2> =    0.0004  r(max) =   0.0102
     s(1S/2S) = -0.038463
     s(1S/3S) = -0.016868
     s(1S/4S) = -0.008362
     s(1S/5S) = -0.003776
     s(1S/6S) = -0.001134
     s(2S/2S) =  1.000000  <r> =   0.0700  <r2> =    0.0058  r(max) =   0.0589
     s(2S/3S) = -0.010870
     s(2S/4S) = -0.005134
     s(2S/5S) = -0.002294
     s(2S/6S) = -0.000688
     s(2P/2P) =  1.000000  <r> =   0.0633  <r2> =    0.0049  r(max) =   0.0488
     s(2P/3P) = -0.008483
     s(2P/4P) = -0.003796
     s(2P/5P) = -0.001560
     s(2P/6P) = -0.000300
     s(3S/3S) =  1.000000  <r> =   0.1808  <r2> =    0.0374  r(max) =   0.1662
     s(3S/4S) = -0.003749
     s(3S/5S) = -0.001617
     s(3S/6S) = -0.000482
     s(3P/3P) =  1.000000  <r> =   0.1822  <r2> =    0.0385  r(max) =   0.1662
     s(3P/4P) = -0.003141
     s(3P/5P) = -0.001247
     s(3P/6P) = -0.000239
     s(4S/4S) =  1.000000  <r> =   0.3994  <r2> =    0.1801  r(max) =   0.3746
     s(4S/5S) = -0.001142
     s(4S/6S) = -0.000335
     s(4P/4P) =  1.000000  <r> =   0.4258  <r2> =    0.2060  r(max) =   0.3938
     s(4P/5P) = -0.000894
     s(4P/6P) = -0.000169
     s(3D/3D) =  1.000000  <r> =   0.1651  <r2> =    0.0319  r(max) =   0.1361
     s(3D/4D) = -0.002295
     s(3D/5D) = -0.000664
     s(5S/5S) =  1.000000  <r> =   0.9003  <r2> =    0.9094  r(max) =   0.8232
     s(5S/6S) = -0.000197
     s(5P/5P) =  1.000000  <r> =   1.0386  <r2> =    1.2205  r(max) =   0.9212
     s(5P/6P) = -0.000094
     s(4D/4D) =  1.000000  <r> =   0.4492  <r2> =    0.2331  r(max) =   0.4037
     s(4D/5D) = -0.000522
     s(4F/4F) =  1.000000  <r> =   0.4826  <r2> =    0.2811  r(max) =   0.3653
     s(5D/5D) =  1.000000  <r> =   1.5015  <r2> =    2.6971  r(max) =   1.1682
     s(6S/6S) =  1.000000  <r> =   2.6781  <r2> =    8.2407  r(max) =   2.2100
     s(6P/6P) =  1.000000  <r> =   4.3563  <r2> =   22.8163  r(max) =   3.2559

     ------------------------ End of All-electron run ------------------------


     --------------------- Generating US pseudopotential ---------------------


      Generating local potential from pseudized AE potential:
      Matching radius rcloc =   1.9000

      Local pseudo, rcloc= 1.902 Estimated cut-off energy=     7.03 Ry

      Computing core charge for nlcc: 

       r > 1.50 : true rho core
      Core charge pseudized with two Bessel functions
      Integrated core pseudo-charge :  11.95
      Wfc-us  6S rcutus= 2.102  Estimated cut-off energy=     9.87 Ry
      Wfc-us  6S rcutus= 2.102  Estimated cut-off energy=    14.62 Ry
      Wfc-us  6P rcutus= 2.323  Estimated cut-off energy=    13.02 Ry
      Wfc-us  6P rcutus= 2.323  Estimated cut-off energy=    28.96 Ry
      Wfc-us  5D rcutus= 2.210  Estimated cut-off energy=    24.33 Ry
      Wfc-us  5D rcutus= 2.210  Estimated cut-off energy=    23.24 Ry

      The bmat matrix
     0.92009     1.30491     0.00000     0.00000     0.00000     0.00000
     1.11033     1.61837     0.00000     0.00000     0.00000     0.00000
     0.00000     0.00000     0.14132     0.24143     0.00000     0.00000
     0.00000     0.00000     0.26107     0.77767     0.00000     0.00000
     0.00000     0.00000     0.00000     0.00000    -0.62502    -0.98000
     0.00000     0.00000     0.00000     0.00000     0.21482     0.27207

      The bmat + epsilon qq matrix
     0.94729     1.14626     0.00000     0.00000     0.00000     0.00000
     1.14651     1.41281     0.00000     0.00000     0.00000     0.00000
     0.00000     0.00000     0.14119     0.26055     0.00000     0.00000
     0.00000     0.00000     0.26087     1.16400     0.00000     0.00000
     0.00000     0.00000     0.00000     0.00000    -0.87882     0.03884
     0.00000     0.00000     0.00000     0.00000     0.03949     0.65287

      The qq matrix
    -0.05186    -0.06898     0.00000     0.00000     0.00000     0.00000
    -0.06898    -0.08937     0.00000     0.00000     0.00000     0.00000
     0.00000     0.00000     0.00151     0.00239     0.00000     0.00000
     0.00000     0.00000     0.00239     0.04829     0.00000     0.00000
     0.00000     0.00000     0.00000     0.00000     0.34298     0.23694
     0.00000     0.00000     0.00000     0.00000     0.23694     0.08856

     Q pseudized with Bessel functions
     Expected ecutrho=     118.8802 due to l1=  2   l2=  2

      The ddd matrix
     0.85307     0.82524     0.00000     0.00000     0.00000     0.00000
     0.82524     0.82318     0.00000     0.00000     0.00000     0.00000
     0.00000     0.00000     0.29477     0.31545     0.00000     0.00000
     0.00000     0.00000     0.31545     0.99804     0.00000     0.00000
     0.00000     0.00000     0.00000     0.00000     1.90394     2.15632
     0.00000     0.00000     0.00000     0.00000     2.15632     1.93965

     ------------------- End of pseudopotential generation -------------------

     --------------------------- All-electron run ----------------------------

     Hg                                                                         
     scalar relativistic calculation

     atomic number is 80.00
     dft =LDA   lsd =0 sic =0 latt =0  beta=0.20 tr2=1.0E-14
     Exchange-correlation= LDA
                           (   1   1   0   0   0   0   0)
     mesh =1279 r(mesh) =  98.78773 a.u. xmin = -7.00 dx = 0.01250
     1 Ry =  13.60569312 eV, c = 137.03599908

     n l     nl                  e(Ry)          e(Ha)          e(eV)
     1 0     1S 1( 2.00)     -6109.3438     -3054.6719    -83121.8573
     2 0     2S 1( 2.00)     -1082.8652      -541.4326    -14733.1314
     2 1     2P 1( 6.00)      -934.0141      -467.0071    -12707.9094
     3 0     3S 1( 2.00)      -256.9428      -128.4714     -3495.8843
     3 1     3P 1( 6.00)      -213.9500      -106.9750     -2910.9376
     4 0     4S 1( 2.00)       -56.4439       -28.2220      -767.9587
     4 1     4P 1( 6.00)       -42.3466       -21.1733      -576.1554
     3 2     3D 1(10.00)      -168.6784       -84.3392     -2294.9862
     5 0     5S 1( 2.00)        -8.7140        -4.3570      -118.5599
     5 1     5P 1( 6.00)        -4.9068        -2.4534       -66.7598
     4 2     4D 1(10.00)       -25.6285       -12.8142      -348.6934
     4 3     4F 1(14.00)        -7.0805        -3.5402       -96.3346
     5 2     5D 1(10.00)        -0.7400        -0.3700       -10.0683
     6 0     6S 1( 2.00)        -0.5244        -0.2622        -7.1347
     6 1     6P 1( 0.00)        -0.0874        -0.0437        -1.1886

     final scf error:  7.7E-16 reached in  36 iterations
 
     Etot =  -39223.963748 Ry,  -19611.981874 Ha, -533669.213821 eV

     Ekin =   44033.292730 Ry,   22016.646365 Ha,  599103.468077 eV
     Encl =  -97747.049820 Ry,  -48873.524910 Ha,-1329916.363535 eV
     Eh   =   15209.031569 Ry,    7604.515785 Ha,  206929.416232 eV
     Exc  =    -719.238227 Ry,    -359.619113 Ha,   -9785.734594 eV


     normalization and overlap integrals

     s(1S/1S) =  1.000000  <r> =   0.0166  <r2> =    0.0004  r(max) =   0.0102
     s(1S/2S) = -0.038463
     s(1S/3S) = -0.016868
     s(1S/4S) = -0.008362
     s(1S/5S) = -0.003776
     s(1S/6S) = -0.001134
     s(2S/2S) =  1.000000  <r> =   0.0700  <r2> =    0.0058  r(max) =   0.0589
     s(2S/3S) = -0.010870
     s(2S/4S) = -0.005134
     s(2S/5S) = -0.002294
     s(2S/6S) = -0.000688
     s(2P/2P) =  1.000000  <r> =   0.0633  <r2> =    0.0049  r(max) =   0.0488
     s(2P/3P) = -0.008483
     s(2P/4P) = -0.003796
     s(2P/5P) = -0.001560
     s(2P/6P) = -0.000300
     s(3S/3S) =  1.000000  <r> =   0.1808  <r2> =    0.0374  r(max) =   0.1662
     s(3S/4S) = -0.003749
     s(3S/5S) = -0.001617
     s(3S/6S) = -0.000482
     s(3P/3P) =  1.000000  <r> =   0.1822  <r2> =    0.0385  r(max) =   0.1662
     s(3P/4P) = -0.003141
     s(3P/5P) = -0.001247
     s(3P/6P) = -0.000239
     s(4S/4S) =  1.000000  <r> =   0.3994  <r2> =    0.1801  r(max) =   0.3746
     s(4S/5S) = -0.001142
     s(4S/6S) = -0.000335
     s(4P/4P) =  1.000000  <r> =   0.4258  <r2> =    0.2060  r(max) =   0.3938
     s(4P/5P) = -0.000894
     s(4P/6P) = -0.000169
     s(3D/3D) =  1.000000  <r> =   0.1651  <r2> =    0.0319  r(max) =   0.1361
     s(3D/4D) = -0.002295
     s(3D/5D) = -0.000664
     s(5S/5S) =  1.000000  <r> =   0.9003  <r2> =    0.9094  r(max) =   0.8232
     s(5S/6S) = -0.000197
     s(5P/5P) =  1.000000  <r> =   1.0386  <r2> =    1.2205  r(max) =   0.9212
     s(5P/6P) = -0.000094
     s(4D/4D) =  1.000000  <r> =   0.4492  <r2> =    0.2331  r(max) =   0.4037
     s(4D/5D) = -0.000522
     s(4F/4F) =  1.000000  <r> =   0.4826  <r2> =    0.2811  r(max) =   0.3653
     s(5D/5D) =  1.000000  <r> =   1.5015  <r2> =    2.6971  r(max) =   1.1682
     s(6S/6S) =  1.000000  <r> =   2.6781  <r2> =    8.2407  r(max) =   2.2100
     s(6P/6P) =  1.000000  <r> =   4.3563  <r2> =   22.8163  r(max) =   3.2559

     ------------------------ End of All-electron run ------------------------


     ---------------------- Testing the pseudopotential ----------------------

     Hg                                                                         
     scalar relativistic calculation

     atomic number is 80.00   valence charge is 12.00
     dft =LDA   lsd =0 sic =0 latt =0  beta=0.20 tr2=1.0E-14
     mesh =1279 r(mesh) =  98.78773 xmin = -7.00 dx = 0.01250

     n l     nl             e AE (Ry)        e PS (Ry)    De AE-PS (Ry) 
     1 0     6S   1( 2.00)       -0.52439       -0.52439        0.00000
     2 1     6P   1( 0.00)       -0.08736       -0.08736       -0.00000
     3 2     5D   1(10.00)       -0.74000       -0.74001        0.00000

     eps = 3.4E-16  iter =  4
 
     Etot =  -39223.963748 Ry,  -19611.981874 Ha, -533669.213821 eV
     Etotps =  -105.895306 Ry,     -52.947653 Ha,   -1440.779040 eV

     Ekin =      26.018508 Ry,      13.009254 Ha,     353.999841 eV
     Encl =    -193.414362 Ry,     -96.707181 Ha,   -2631.536450 eV
     Ehrt =      78.626240 Ry,      39.313120 Ha,    1069.764499 eV
     Ecxc =     -37.871156 Ry,     -18.935578 Ha,    -515.263330 eV
     (Ecc =     -20.800143 Ry,     -10.400071 Ha,    -283.000357 eV)
     Epseu=      20.745463 Ry,      10.372731 Ha,     282.256401 eV

     ---------------------- End of pseudopotential test ----------------------

