[0] MPI startup(): I_MPI_SHM_LMT environment variable is not supported.
[0] MPI startup(): Similar variables:
	 I_MPI_SHM_HEAP
	 I_MPI_SHM
	 I_MPI_SHM_OPT
	 I_MPI_SHM_THP
[0] MPI startup(): To check the list of supported variables, use the impi_info utility or refer to https://software.intel.com/en-us/mpi-library/documentation/get-started.

     Program LD1 v.7.3.1 starts on 19Sep2024 at 21:45:55 

     This program is part of the open-source Quantum ESPRESSO suite
     for quantum simulation of materials; please cite
         "P. Giannozzi et al., J. Phys.:Condens. Matter 21 395502 (2009);
         "P. Giannozzi et al., J. Phys.:Condens. Matter 29 465901 (2017);
         "P. Giannozzi et al., J. Chem. Phys. 152 154105 (2020);
          URL http://www.quantum-espresso.org", 
     in publications or presentations arising from this work. More details at
     http://www.quantum-espresso.org/quote

     Parallel version (MPI), running on     1 processors

     MPI processes distributed on     1 nodes
     90034 MiB available memory on the printing compute node when the environment starts
 
     Waiting for input...
     Reading input from standard input
     --------------------------- All-electron run ----------------------------

     Ir                                                                         
     scalar relativistic calculation

     atomic number is 77.00
     dft =LDA   lsd =0 sic =0 latt =0  beta=0.20 tr2=1.0E-14
     Exchange-correlation= LDA
                           (   1   1   0   0   0   0   0)
     mesh =1277 r(mesh) = 100.10249 a.u. xmin = -7.00 dx = 0.01250
     1 Ry =  13.60569312 eV, c = 137.03599908

     n l     nl                  e(Ry)          e(Ha)          e(eV)
     1 0     1S 1( 2.00)     -5591.5143     -2795.7572    -76076.4280
     2 0     2S 1( 2.00)      -978.2370      -489.1185    -13309.5924
     2 1     2P 1( 6.00)      -850.1032      -425.0516    -11566.2427
     3 0     3S 1( 2.00)      -228.7729      -114.3865     -3112.6142
     3 1     3P 1( 6.00)      -191.3152       -95.6576     -2602.9756
     4 0     4S 1( 2.00)       -48.7551       -24.3775      -663.3464
     4 1     4P 1( 6.00)       -36.4667       -18.2333      -496.1544
     3 2     3D 1(10.00)      -150.0340       -75.0170     -2041.3163
     5 0     5S 1( 2.00)        -7.2248        -3.6124       -98.2978
     5 1     5P 1( 6.00)        -4.0368        -2.0184       -54.9232
     4 2     4D 1(10.00)       -21.3790       -10.6895      -290.8762
     4 3     4F 1(14.00)        -4.5971        -2.2986       -62.5469
     5 2     5D 1( 7.00)        -0.5407        -0.2703        -7.3563
     6 0     6S 1( 2.00)        -0.4845        -0.2422        -6.5917
     6 1     6P 1( 0.00)        -0.0993        -0.0497        -1.3515

     final scf error:  1.1E-15 reached in  27 iterations
 
     Etot =  -35635.003758 Ry,  -17817.501879 Ha, -484838.925569 eV

     Ekin =   39618.148404 Ry,   19809.074202 Ha,  539032.369280 eV
     Encl =  -88452.436382 Ry,  -44226.218191 Ha,-1203456.705393 eV
     Eh   =   13871.316066 Ry,    6935.658033 Ha,  188728.869609 eV
     Exc  =    -672.031846 Ry,    -336.015923 Ha,   -9143.459065 eV


     normalization and overlap integrals

     s(1S/1S) =  1.000000  <r> =   0.0174  <r2> =    0.0004  r(max) =   0.0108
     s(1S/2S) = -0.035126
     s(1S/3S) = -0.015394
     s(1S/4S) = -0.007579
     s(1S/5S) = -0.003313
     s(1S/6S) = -0.001012
     s(2S/2S) =  1.000000  <r> =   0.0736  <r2> =    0.0064  r(max) =   0.0620
     s(2S/3S) = -0.009872
     s(2S/4S) = -0.004634
     s(2S/5S) = -0.002005
     s(2S/6S) = -0.000611
     s(2P/2P) =  1.000000  <r> =   0.0663  <r2> =    0.0054  r(max) =   0.0514
     s(2P/3P) = -0.007759
     s(2P/4P) = -0.003445
     s(2P/5P) = -0.001359
     s(2P/6P) = -0.000285
     s(3S/3S) =  1.000000  <r> =   0.1906  <r2> =    0.0415  r(max) =   0.1749
     s(3S/4S) = -0.003366
     s(3S/5S) = -0.001408
     s(3S/6S) = -0.000427
     s(3P/3P) =  1.000000  <r> =   0.1914  <r2> =    0.0425  r(max) =   0.1749
     s(3P/4P) = -0.002830
     s(3P/5P) = -0.001080
     s(3P/6P) = -0.000226
     s(4S/4S) =  1.000000  <r> =   0.4236  <r2> =    0.2025  r(max) =   0.3990
     s(4S/5S) = -0.000985
     s(4S/6S) = -0.000294
     s(4P/4P) =  1.000000  <r> =   0.4508  <r2> =    0.2311  r(max) =   0.4195
     s(4P/5P) = -0.000766
     s(4P/6P) = -0.000158
     s(3D/3D) =  1.000000  <r> =   0.1733  <r2> =    0.0352  r(max) =   0.1414
     s(3D/4D) = -0.002061
     s(3D/5D) = -0.000545
     s(5S/5S) =  1.000000  <r> =   0.9766  <r2> =    1.0709  r(max) =   0.8880
     s(5S/6S) = -0.000167
     s(5P/5P) =  1.000000  <r> =   1.1329  <r2> =    1.4540  r(max) =   1.0062
     s(5P/6P) = -0.000084
     s(4D/4D) =  1.000000  <r> =   0.4787  <r2> =    0.2651  r(max) =   0.4247
     s(4D/5D) = -0.000422
     s(4F/4F) =  1.000000  <r> =   0.5352  <r2> =    0.3510  r(max) =   0.3940
     s(5D/5D) =  1.000000  <r> =   1.7212  <r2> =    3.5727  r(max) =   1.3083
     s(6S/6S) =  1.000000  <r> =   2.8819  <r2> =    9.5116  r(max) =   2.3838
     s(6P/6P) =  1.000000  <r> =   4.4658  <r2> =   23.6393  r(max) =   3.4253

     ------------------------ End of All-electron run ------------------------


     --------------------- Generating US pseudopotential ---------------------


      Generating local potential from pseudized AE potential:
      Matching radius rcloc =   2.5000

      Local pseudo, rcloc= 2.475 Estimated cut-off energy=     4.09 Ry

      Computing core charge for nlcc: 

       r > 1.62 : true rho core
      Core charge pseudized with two Bessel functions
      Integrated core pseudo-charge :  12.26
      Wfc-us  6S rcutus= 2.296  Estimated cut-off energy=     8.29 Ry
      Wfc-us  6S rcutus= 2.296  Estimated cut-off energy=     9.55 Ry
      Wfc-us  6P rcutus= 2.475  Estimated cut-off energy=    11.42 Ry
      Wfc-us  6P rcutus= 2.475  Estimated cut-off energy=    24.30 Ry
      Wfc-us  5D rcutus= 2.078  Estimated cut-off energy=    27.00 Ry
      Wfc-us  5D rcutus= 2.078  Estimated cut-off energy=    24.01 Ry

      The bmat matrix
     0.61043     0.66341     0.00000     0.00000     0.00000     0.00000
     0.61312     0.67033     0.00000     0.00000     0.00000     0.00000
     0.00000     0.00000     0.10672     0.21236     0.00000     0.00000
     0.00000     0.00000     0.22564     0.73351     0.00000     0.00000
     0.00000     0.00000     0.00000     0.00000    -1.19080    -1.03045
     0.00000     0.00000     0.00000     0.00000    -0.14839    -0.02703

      The bmat + epsilon qq matrix
     0.63620     0.64064     0.00000     0.00000     0.00000     0.00000
     0.64070     0.64615     0.00000     0.00000     0.00000     0.00000
     0.00000     0.00000     0.10614     0.22519     0.00000     0.00000
     0.00000     0.00000     0.22545     0.89812     0.00000     0.00000
     0.00000     0.00000     0.00000     0.00000    -1.26829    -0.24743
     0.00000     0.00000     0.00000     0.00000    -0.24684     0.53964

      The qq matrix
    -0.05319    -0.05692     0.00000     0.00000     0.00000     0.00000
    -0.05692    -0.06046     0.00000     0.00000     0.00000     0.00000
     0.00000     0.00000     0.00591     0.00200     0.00000     0.00000
     0.00000     0.00000     0.00200     0.02572     0.00000     0.00000
     0.00000     0.00000     0.00000     0.00000     0.14333     0.18210
     0.00000     0.00000     0.00000     0.00000     0.18210     0.13178

     Q pseudized with Bessel functions
     Expected ecutrho=     360.9489 due to l1=  2   l2=  2

      The ddd matrix
     0.48859     0.46711     0.00000     0.00000     0.00000     0.00000
     0.46711     0.44787     0.00000     0.00000     0.00000     0.00000
     0.00000     0.00000     0.16980     0.29703     0.00000     0.00000
     0.00000     0.00000     0.29703     1.04551     0.00000     0.00000
     0.00000     0.00000     0.00000     0.00000    -0.54932     0.64365
     0.00000     0.00000     0.00000     0.00000     0.64365     1.23233

     ------------------- End of pseudopotential generation -------------------

     --------------------------- All-electron run ----------------------------

     Ir                                                                         
     scalar relativistic calculation

     atomic number is 77.00
     dft =LDA   lsd =0 sic =0 latt =0  beta=0.20 tr2=1.0E-14
     Exchange-correlation= LDA
                           (   1   1   0   0   0   0   0)
     mesh =1277 r(mesh) = 100.10249 a.u. xmin = -7.00 dx = 0.01250
     1 Ry =  13.60569312 eV, c = 137.03599908

     n l     nl                  e(Ry)          e(Ha)          e(eV)
     1 0     1S 1( 2.00)     -5591.5143     -2795.7572    -76076.4280
     2 0     2S 1( 2.00)      -978.2370      -489.1185    -13309.5924
     2 1     2P 1( 6.00)      -850.1032      -425.0516    -11566.2427
     3 0     3S 1( 2.00)      -228.7729      -114.3865     -3112.6142
     3 1     3P 1( 6.00)      -191.3152       -95.6576     -2602.9756
     4 0     4S 1( 2.00)       -48.7551       -24.3775      -663.3464
     4 1     4P 1( 6.00)       -36.4667       -18.2333      -496.1544
     3 2     3D 1(10.00)      -150.0340       -75.0170     -2041.3163
     5 0     5S 1( 2.00)        -7.2248        -3.6124       -98.2978
     5 1     5P 1( 6.00)        -4.0368        -2.0184       -54.9232
     4 2     4D 1(10.00)       -21.3790       -10.6895      -290.8762
     4 3     4F 1(14.00)        -4.5971        -2.2986       -62.5469
     5 2     5D 1( 7.00)        -0.5407        -0.2703        -7.3563
     6 0     6S 1( 2.00)        -0.4845        -0.2422        -6.5917
     6 1     6P 1( 0.00)        -0.0993        -0.0497        -1.3515

     final scf error:  1.1E-15 reached in  27 iterations
 
     Etot =  -35635.003758 Ry,  -17817.501879 Ha, -484838.925569 eV

     Ekin =   39618.148404 Ry,   19809.074202 Ha,  539032.369280 eV
     Encl =  -88452.436382 Ry,  -44226.218191 Ha,-1203456.705393 eV
     Eh   =   13871.316066 Ry,    6935.658033 Ha,  188728.869609 eV
     Exc  =    -672.031846 Ry,    -336.015923 Ha,   -9143.459065 eV


     normalization and overlap integrals

     s(1S/1S) =  1.000000  <r> =   0.0174  <r2> =    0.0004  r(max) =   0.0108
     s(1S/2S) = -0.035126
     s(1S/3S) = -0.015394
     s(1S/4S) = -0.007579
     s(1S/5S) = -0.003313
     s(1S/6S) = -0.001012
     s(2S/2S) =  1.000000  <r> =   0.0736  <r2> =    0.0064  r(max) =   0.0620
     s(2S/3S) = -0.009872
     s(2S/4S) = -0.004634
     s(2S/5S) = -0.002005
     s(2S/6S) = -0.000611
     s(2P/2P) =  1.000000  <r> =   0.0663  <r2> =    0.0054  r(max) =   0.0514
     s(2P/3P) = -0.007759
     s(2P/4P) = -0.003445
     s(2P/5P) = -0.001359
     s(2P/6P) = -0.000285
     s(3S/3S) =  1.000000  <r> =   0.1906  <r2> =    0.0415  r(max) =   0.1749
     s(3S/4S) = -0.003366
     s(3S/5S) = -0.001408
     s(3S/6S) = -0.000427
     s(3P/3P) =  1.000000  <r> =   0.1914  <r2> =    0.0425  r(max) =   0.1749
     s(3P/4P) = -0.002830
     s(3P/5P) = -0.001080
     s(3P/6P) = -0.000226
     s(4S/4S) =  1.000000  <r> =   0.4236  <r2> =    0.2025  r(max) =   0.3990
     s(4S/5S) = -0.000985
     s(4S/6S) = -0.000294
     s(4P/4P) =  1.000000  <r> =   0.4508  <r2> =    0.2311  r(max) =   0.4195
     s(4P/5P) = -0.000766
     s(4P/6P) = -0.000158
     s(3D/3D) =  1.000000  <r> =   0.1733  <r2> =    0.0352  r(max) =   0.1414
     s(3D/4D) = -0.002061
     s(3D/5D) = -0.000545
     s(5S/5S) =  1.000000  <r> =   0.9766  <r2> =    1.0709  r(max) =   0.8880
     s(5S/6S) = -0.000167
     s(5P/5P) =  1.000000  <r> =   1.1329  <r2> =    1.4540  r(max) =   1.0062
     s(5P/6P) = -0.000084
     s(4D/4D) =  1.000000  <r> =   0.4787  <r2> =    0.2651  r(max) =   0.4247
     s(4D/5D) = -0.000422
     s(4F/4F) =  1.000000  <r> =   0.5352  <r2> =    0.3510  r(max) =   0.3940
     s(5D/5D) =  1.000000  <r> =   1.7212  <r2> =    3.5727  r(max) =   1.3083
     s(6S/6S) =  1.000000  <r> =   2.8819  <r2> =    9.5116  r(max) =   2.3838
     s(6P/6P) =  1.000000  <r> =   4.4658  <r2> =   23.6393  r(max) =   3.4253

     ------------------------ End of All-electron run ------------------------


     ---------------------- Testing the pseudopotential ----------------------

     Ir                                                                         
     scalar relativistic calculation

     atomic number is 77.00   valence charge is  9.00
     dft =LDA   lsd =0 sic =0 latt =0  beta=0.20 tr2=1.0E-14
     mesh =1277 r(mesh) = 100.10249 xmin = -7.00 dx = 0.01250

     n l     nl             e AE (Ry)        e PS (Ry)    De AE-PS (Ry) 
     1 0     6S   1( 2.00)       -0.48448       -0.48448        0.00000
     2 1     6P   1( 0.00)       -0.09933       -0.09933       -0.00000
     3 2     5D   1( 7.00)       -0.54068       -0.54068        0.00000

     eps = 2.8E-15  iter =  3
 
     Etot =  -35635.003758 Ry,  -17817.501879 Ha, -484838.925569 eV
     Etotps =   -61.030828 Ry,     -30.515414 Ha,    -830.366713 eV

     Ekin =      22.289773 Ry,      11.144886 Ha,     303.267805 eV
     Encl =     -87.726043 Ry,     -43.863022 Ha,   -1193.573621 eV
     Ehrt =      37.574335 Ry,      18.787167 Ha,     511.224871 eV
     Ecxc =     -30.300861 Ry,     -15.150431 Ha,    -412.264217 eV
     (Ecc =     -19.848419 Ry,      -9.924209 Ha,    -270.051493 eV)
     Epseu=      -2.868031 Ry,      -1.434016 Ha,     -39.021550 eV

     ---------------------- End of pseudopotential test ----------------------

