[0] MPI startup(): I_MPI_SHM_LMT environment variable is not supported.
[0] MPI startup(): Similar variables:
	 I_MPI_SHM_HEAP
	 I_MPI_SHM
	 I_MPI_SHM_OPT
	 I_MPI_SHM_THP
[0] MPI startup(): To check the list of supported variables, use the impi_info utility or refer to https://software.intel.com/en-us/mpi-library/documentation/get-started.

     Program LD1 v.7.3.1 starts on 19Sep2024 at 21:45:56 

     This program is part of the open-source Quantum ESPRESSO suite
     for quantum simulation of materials; please cite
         "P. Giannozzi et al., J. Phys.:Condens. Matter 21 395502 (2009);
         "P. Giannozzi et al., J. Phys.:Condens. Matter 29 465901 (2017);
         "P. Giannozzi et al., J. Chem. Phys. 152 154105 (2020);
          URL http://www.quantum-espresso.org", 
     in publications or presentations arising from this work. More details at
     http://www.quantum-espresso.org/quote

     Parallel version (MPI), running on     1 processors

     MPI processes distributed on     1 nodes
     90031 MiB available memory on the printing compute node when the environment starts
 
     Waiting for input...
     Reading input from standard input
     --------------------------- All-electron run ----------------------------

     Li                                                                         
     scalar relativistic calculation

     atomic number is  3.00
     dft =LDA   lsd =0 sic =0 latt =0  beta=0.20 tr2=1.0E-14
     Exchange-correlation= LDA
                           (   1   1   0   0   0   0   0)
     mesh =1017 r(mesh) =  99.62247 a.u. xmin = -7.00 dx = 0.01250
     1 Ry =  13.60569312 eV, c = 137.03599908

     n l     nl                  e(Ry)          e(Ha)          e(eV)
     1 0     1S 1( 2.00)        -3.7559        -1.8779       -51.1013
     2 0     2S 1( 1.00)        -0.2114        -0.1057        -2.8768
     2 1     2P 1( 0.00)        -0.0829        -0.0415        -1.1282

     final scf error:  4.7E-15 reached in  14 iterations
 
     Etot =     -14.669720 Ry,      -7.334860 Ha,    -199.591708 eV

     Ekin =      14.477654 Ry,       7.238827 Ha,     196.978513 eV
     Encl =     -33.827029 Ry,     -16.913514 Ha,    -460.240172 eV
     Eh   =       7.982512 Ry,       3.991256 Ha,     108.607605 eV
     Exc  =      -3.302857 Ry,      -1.651428 Ha,     -44.937653 eV


     normalization and overlap integrals

     s(1S/1S) =  1.000000  <r> =   0.5887  <r2> =    0.4765  r(max) =   0.3638
     s(1S/2S) = -0.000020
     s(2S/2S) =  1.000000  <r> =   3.9312  <r2> =   18.4427  r(max) =   3.1233
     s(2P/2P) =  1.000000  <r> =   5.0086  <r2> =   30.9523  r(max) =   3.9114

     ------------------------ End of All-electron run ------------------------


     --------------------- Generating US pseudopotential ---------------------


      Generating local potential from pseudized AE potential:
      Matching radius rcloc =   1.3000

      Local pseudo, rcloc= 1.286 Estimated cut-off energy=    14.22 Ry
      Wfc-us  1S rcutus= 1.193  Estimated cut-off energy=    36.05 Ry
      Wfc-us  2S rcutus= 1.193  Estimated cut-off energy=    78.11 Ry
      Wfc-us  2P rcutus= 2.174  Estimated cut-off energy=    15.84 Ry
      Wfc-us  2P rcutus= 2.174  Estimated cut-off energy=    21.33 Ry

      The bmat matrix
    -2.23866    -0.59349     0.00000     0.00000
    -0.62528    -0.36168     0.00000     0.00000
     0.00000     0.00000    -0.01492    -0.03959
     0.00000     0.00000    -0.01275    -0.03871

      The bmat + epsilon qq matrix
    -3.72614    -0.59159     0.00000     0.00000
    -0.59153    -0.35666     0.00000     0.00000
     0.00000     0.00000    -0.01168    -0.00702
     0.00000     0.00000    -0.00700     0.01634

      The qq matrix
     0.39604    -0.00899     0.00000     0.00000
    -0.00899    -0.02376     0.00000     0.00000
     0.00000     0.00000     0.01083     0.01916
     0.00000     0.00000     0.01916     0.03238

     Q pseudized with Bessel functions
     Expected ecutrho=     355.3969 due to l1=  1   l2=  1

      The ddd matrix
    -1.78361    -0.60873     0.00000     0.00000
    -0.60873    -0.46812     0.00000     0.00000
     0.00000     0.00000     0.02081     0.04971
     0.00000     0.00000     0.04971     0.11300

     ------------------- End of pseudopotential generation -------------------

     --------------------------- All-electron run ----------------------------

     Li                                                                         
     scalar relativistic calculation

     atomic number is  3.00
     dft =LDA   lsd =0 sic =0 latt =0  beta=0.20 tr2=1.0E-14
     Exchange-correlation= LDA
                           (   1   1   0   0   0   0   0)
     mesh =1017 r(mesh) =  99.62247 a.u. xmin = -7.00 dx = 0.01250
     1 Ry =  13.60569312 eV, c = 137.03599908

     n l     nl                  e(Ry)          e(Ha)          e(eV)
     1 0     1S 1( 2.00)        -3.7559        -1.8779       -51.1013
     2 0     2S 1( 1.00)        -0.2114        -0.1057        -2.8768
     2 1     2P 1( 0.00)        -0.0829        -0.0415        -1.1282

     final scf error:  4.7E-15 reached in  14 iterations
 
     Etot =     -14.669720 Ry,      -7.334860 Ha,    -199.591708 eV

     Ekin =      14.477654 Ry,       7.238827 Ha,     196.978513 eV
     Encl =     -33.827029 Ry,     -16.913514 Ha,    -460.240172 eV
     Eh   =       7.982512 Ry,       3.991256 Ha,     108.607605 eV
     Exc  =      -3.302857 Ry,      -1.651428 Ha,     -44.937653 eV


     normalization and overlap integrals

     s(1S/1S) =  1.000000  <r> =   0.5887  <r2> =    0.4765  r(max) =   0.3638
     s(1S/2S) = -0.000020
     s(2S/2S) =  1.000000  <r> =   3.9312  <r2> =   18.4427  r(max) =   3.1233
     s(2P/2P) =  1.000000  <r> =   5.0086  <r2> =   30.9523  r(max) =   3.9114

     ------------------------ End of All-electron run ------------------------


     ---------------------- Testing the pseudopotential ----------------------

     Li                                                                         
     scalar relativistic calculation

     atomic number is  3.00   valence charge is  3.00
     dft =LDA   lsd =0 sic =0 latt =0  beta=0.20 tr2=1.0E-14
     mesh =1017 r(mesh) =  99.62247 xmin = -7.00 dx = 0.01250

     n l     nl             e AE (Ry)        e PS (Ry)    De AE-PS (Ry) 
     1 0     1S   1( 2.00)       -3.75588       -3.75586       -0.00001
     2 0     2S   1( 1.00)       -0.21144       -0.21144       -0.00000

     eps = 1.1E-17  iter =  4
 
     Etot =     -14.669720 Ry,      -7.334860 Ha,    -199.591708 eV
     Etotps =   -14.494560 Ry,      -7.247280 Ha,    -197.208533 eV

     Ekin =       4.958768 Ry,       2.479384 Ha,      67.467482 eV
     Encl =     -19.995986 Ry,      -9.997993 Ha,    -272.059250 eV
     Ehrt =       7.771573 Ry,       3.885787 Ha,     105.737637 eV
     Ecxc =      -3.193441 Ry,      -1.596720 Ha,     -43.448973 eV
     Epseu=      -4.035475 Ry,      -2.017737 Ha,     -54.905429 eV

     ---------------------- End of pseudopotential test ----------------------

