[0] MPI startup(): I_MPI_SHM_LMT environment variable is not supported.
[0] MPI startup(): Similar variables:
	 I_MPI_SHM_HEAP
	 I_MPI_SHM
	 I_MPI_SHM_OPT
	 I_MPI_SHM_THP
[0] MPI startup(): To check the list of supported variables, use the impi_info utility or refer to https://software.intel.com/en-us/mpi-library/documentation/get-started.

     Program LD1 v.7.3.1 starts on 19Sep2024 at 21:46: 2 

     This program is part of the open-source Quantum ESPRESSO suite
     for quantum simulation of materials; please cite
         "P. Giannozzi et al., J. Phys.:Condens. Matter 21 395502 (2009);
         "P. Giannozzi et al., J. Phys.:Condens. Matter 29 465901 (2017);
         "P. Giannozzi et al., J. Chem. Phys. 152 154105 (2020);
          URL http://www.quantum-espresso.org", 
     in publications or presentations arising from this work. More details at
     http://www.quantum-espresso.org/quote

     Parallel version (MPI), running on     1 processors

     MPI processes distributed on     1 nodes
     90016 MiB available memory on the printing compute node when the environment starts
 
     Waiting for input...
     Reading input from standard input
     --------------------------- All-electron run ----------------------------

     N                                                                          
     scalar relativistic calculation

     atomic number is  7.00
     dft =LDA   lsd =0 sic =0 latt =0  beta=0.20 tr2=1.0E-14
     Exchange-correlation= LDA
                           (   1   1   0   0   0   0   0)
     mesh =1085 r(mesh) =  99.89202 a.u. xmin = -7.00 dx = 0.01250
     1 Ry =  13.60569312 eV, c = 137.03599908

     n l     nl                  e(Ry)          e(Ha)          e(eV)
     1 0     1S 1( 2.00)       -28.0417       -14.0208      -381.5264
     2 0     2S 1( 2.00)        -1.3541        -0.6770       -18.4230
     2 1     2P 1( 3.00)        -0.5323        -0.2661        -7.2419

     final scf error:  6.0E-15 reached in  17 iterations
 
     Etot =    -108.107674 Ry,     -54.053837 Ha,   -1470.879842 eV

     Ekin =     107.634480 Ry,      53.817240 Ha,    1464.441710 eV
     Encl =    -255.076837 Ry,    -127.538419 Ha,   -3470.497169 eV
     Eh   =      51.617138 Ry,      25.808569 Ha,     702.286933 eV
     Exc  =     -12.282455 Ry,      -6.141228 Ha,    -167.111315 eV


     normalization and overlap integrals

     s(1S/1S) =  1.000000  <r> =   0.2312  <r2> =    0.0723  r(max) =   0.1483
     s(1S/2S) = -0.000162
     s(2S/2S) =  1.000000  <r> =   1.3292  <r2> =    2.1490  r(max) =   1.0167
     s(2P/2P) =  1.000000  <r> =   1.4815  <r2> =    2.9062  r(max) =   0.9671

     ------------------------ End of All-electron run ------------------------


     --------------------- Generating PAW atomic setup --------------------


      Generating local pot.: lloc=2, matching radius rcloc =   1.1000

      Computing core charge for nlcc: 

       r > 0.80 : true rho core
      Core charge pseudized with two Bessel functions
      Integrated core pseudo-charge :   0.21
      Wfc-us  2S rcutus= 1.289  Estimated cut-off energy=    28.10 Ry
      Wfc-us  2S rcutus= 1.289  Estimated cut-off energy=    32.14 Ry
      Wfc-us  2P rcutus= 1.461  Estimated cut-off energy=    36.24 Ry
      Wfc-us  2P rcutus= 1.461  Estimated cut-off energy=    38.70 Ry

      The bmat matrix
     2.23134     1.82932     0.00000     0.00000
     1.68323     1.38426     0.00000     0.00000
     0.00000     0.00000    -0.23238    -0.19143
     0.00000     0.00000    -0.14469    -0.12020

      The bmat + epsilon qq matrix
     2.41712     1.82412     0.00000     0.00000
     1.82420     1.38031     0.00000     0.00000
     0.00000     0.00000    -0.29060    -0.18742
     0.00000     0.00000    -0.18739    -0.11726

      The qq matrix
    -0.13721    -0.10411     0.00000     0.00000
    -0.10411    -0.07915     0.00000     0.00000
     0.00000     0.00000     0.10937     0.08022
     0.00000     0.00000     0.08022     0.05872


    multipoles (all-electron charge) - (pseudo charge)
        ns l1:ns1 l2    l=0     l=1     l=2     l=3     l=4     l=5  
         1  0:  1  0 -0.1372
         2  0:  1  0 -0.1041
         2  0:  2  0 -0.0792
         3  1:  1  0  0.0000  0.0019
         3  1:  2  0  0.0000  0.0007
         3  1:  3  1  0.1094  0.0000  0.0401
         4  1:  1  0  0.0000 -0.0007
         4  1:  2  0  0.0000 -0.0009
         4  1:  3  1  0.0802  0.0000  0.0295
         4  1:  4  1  0.0587  0.0000  0.0215
     Required augmentation: PSQ   radius:    1.000000

     Q pseudized with Bessel functions
     Expected ecutrho=     263.1745 due to l1=  1   l2=  1

     Estimated PAW energy =  -26.768578 Ryd

     The PAW screened D coefficients
     2.41712     1.82420     0.00000     0.00000
     1.82420     1.38031     0.00000     0.00000
     0.00000     0.00000    -0.29060    -0.18739
     0.00000     0.00000    -0.18739    -0.11726

     The PAW descreened D coefficients (US)
     0.94225     0.68647     0.00000     0.00000
     0.68647     0.50171     0.00000     0.00000
     0.00000     0.00000     0.90371     0.69160
     0.00000     0.00000     0.69160     0.52845

     ------------------- End of pseudopotential generation -------------------

     --------------------------- All-electron run ----------------------------

     N                                                                          
     scalar relativistic calculation

     atomic number is  7.00
     dft = SLA  PZ   NOGX NOGC   lsd =0 sic =0 latt =0  beta=0.20 tr2=1.0E-14
     Exchange-correlation=  SLA  PZ   NOGX NOGC
                           (   1   1   0   0   0   0   0)
     mesh =1085 r(mesh) =  99.89202 a.u. xmin = -7.00 dx = 0.01250
     1 Ry =  13.60569312 eV, c = 137.03599908

     n l     nl                  e(Ry)          e(Ha)          e(eV)
     1 0     1S 1( 2.00)       -28.0417       -14.0208      -381.5264
     2 0     2S 1( 2.00)        -1.3541        -0.6770       -18.4230
     2 1     2P 1( 3.00)        -0.5323        -0.2661        -7.2419

     final scf error:  6.0E-15 reached in  17 iterations
 
     Etot =    -108.107674 Ry,     -54.053837 Ha,   -1470.879842 eV

     Ekin =     107.634480 Ry,      53.817240 Ha,    1464.441710 eV
     Encl =    -255.076837 Ry,    -127.538419 Ha,   -3470.497169 eV
     Eh   =      51.617138 Ry,      25.808569 Ha,     702.286933 eV
     Exc  =     -12.282455 Ry,      -6.141228 Ha,    -167.111315 eV


     normalization and overlap integrals

     s(1S/1S) =  1.000000  <r> =   0.2312  <r2> =    0.0723  r(max) =   0.1483
     s(1S/2S) = -0.000162
     s(2S/2S) =  1.000000  <r> =   1.3292  <r2> =    2.1490  r(max) =   1.0167
     s(2P/2P) =  1.000000  <r> =   1.4815  <r2> =    2.9062  r(max) =   0.9671

     ------------------------ End of All-electron run ------------------------


     ---------------------- Testing the pseudopotential ----------------------

     N                                                                          
     scalar relativistic calculation

     atomic number is  7.00   valence charge is  5.00
     dft = SLA  PZ   NOGX NOGC   lsd =0 sic =0 latt =0  beta=0.20 tr2=1.0E-14
     mesh =1085 r(mesh) =  99.89202 xmin = -7.00 dx = 0.01250

     n l     nl             e AE (Ry)        e PS (Ry)    De AE-PS (Ry) 
     1 0     2S   1( 2.00)       -1.35406       -1.35407        0.00001
     2 1     2P   1( 3.00)       -0.53227       -0.53228        0.00000

     eps = 1.6E-17  iter =  4
 
     Etot =    -108.107674 Ry,     -54.053837 Ha,   -1470.879842 eV
     Etotps =   -26.768599 Ry,     -13.384300 Ha,    -364.205347 eV

     Ekin =      20.494434 Ry,      10.247217 Ha,     278.840982 eV
     Encl =     -51.285687 Ry,     -25.642844 Ha,    -697.777319 eV
     Ehrt =      16.305106 Ry,       8.152553 Ha,     221.842269 eV
     Ecxc =     -12.282452 Ry,      -6.141226 Ha,    -167.111279 eV
     (Ecc =      -0.202084 Ry,      -0.101042 Ha,      -2.749496 eV)

     ---------------------- End of pseudopotential test ----------------------

