[0] MPI startup(): I_MPI_SHM_LMT environment variable is not supported.
[0] MPI startup(): Similar variables:
	 I_MPI_SHM_HEAP
	 I_MPI_SHM
	 I_MPI_SHM_OPT
	 I_MPI_SHM_THP
[0] MPI startup(): To check the list of supported variables, use the impi_info utility or refer to https://software.intel.com/en-us/mpi-library/documentation/get-started.

     Program LD1 v.7.3.1 starts on 19Sep2024 at 21:46: 0 

     This program is part of the open-source Quantum ESPRESSO suite
     for quantum simulation of materials; please cite
         "P. Giannozzi et al., J. Phys.:Condens. Matter 21 395502 (2009);
         "P. Giannozzi et al., J. Phys.:Condens. Matter 29 465901 (2017);
         "P. Giannozzi et al., J. Chem. Phys. 152 154105 (2020);
          URL http://www.quantum-espresso.org", 
     in publications or presentations arising from this work. More details at
     http://www.quantum-espresso.org/quote

     Parallel version (MPI), running on     1 processors

     MPI processes distributed on     1 nodes
     90020 MiB available memory on the printing compute node when the environment starts
 
     Waiting for input...
     Reading input from standard input
     --------------------------- All-electron run ----------------------------

     Ni                                                                         
     scalar relativistic calculation

     atomic number is 28.00
     dft =LDA   lsd =0 sic =0 latt =0  beta=0.20 tr2=1.0E-14
     Exchange-correlation= LDA
                           (   1   1   0   0   0   0   0)
     mesh =1195 r(mesh) =  98.77016 a.u. xmin = -7.00 dx = 0.01250
     1 Ry =  13.60569312 eV, c = 137.03599908

     n l     nl                  e(Ry)          e(Ha)          e(eV)
     1 0     1S 1( 2.00)      -602.3315      -301.1658     -8195.1378
     2 0     2S 1( 2.00)       -72.0170       -36.0085      -979.8406
     2 1     2P 1( 6.00)       -62.0451       -31.0226      -844.1671
     3 0     3S 1( 2.00)        -8.1215        -4.0607      -110.4982
     3 1     3P 1( 6.00)        -5.2373        -2.6186       -71.2568
     4 0     4S 1( 2.00)        -0.4311        -0.2156        -5.8660
     3 2     3D 1( 8.00)        -0.6716        -0.3358        -9.1379
     4 1     4P 1( 0.00)        -0.0986        -0.0493        -1.3419

     final scf error:  8.2E-15 reached in  33 iterations
 
     Etot =   -3036.111944 Ry,   -1518.055972 Ha,  -41308.407400 eV

     Ekin =    3076.963985 Ry,    1538.481993 Ha,   41864.227733 eV
     Encl =   -7292.256356 Ry,   -3646.128178 Ha,  -99216.202148 eV
     Eh   =    1300.582333 Ry,     650.291167 Ha,   17695.324110 eV
     Exc  =    -121.401907 Ry,     -60.700954 Ha,   -1651.757096 eV


     normalization and overlap integrals

     s(1S/1S) =  1.000000  <r> =   0.0542  <r2> =    0.0039  r(max) =   0.0353
     s(1S/2S) = -0.003717
     s(1S/3S) = -0.001381
     s(1S/4S) = -0.000341
     s(2S/2S) =  1.000000  <r> =   0.2454  <r2> =    0.0711  r(max) =   0.2055
     s(2S/3S) = -0.000795
     s(2S/4S) = -0.000192
     s(2P/2P) =  1.000000  <r> =   0.2155  <r2> =    0.0570  r(max) =   0.1641
     s(2P/3P) = -0.000633
     s(2P/4P) = -0.000099
     s(3S/3S) =  1.000000  <r> =   0.7415  <r2> =    0.6357  r(max) =   0.6410
     s(3S/4S) = -0.000112
     s(3P/3P) =  1.000000  <r> =   0.7794  <r2> =    0.7184  r(max) =   0.6491
     s(3P/4P) = -0.000061
     s(4S/4S) =  1.000000  <r> =   2.7825  <r2> =    9.0536  r(max) =   2.2096
     s(3D/3D) =  1.000000  <r> =   1.0112  <r2> =    1.3888  r(max) =   0.6252
     s(4P/4P) =  1.000000  <r> =   4.2142  <r2> =   21.5588  r(max) =   3.1355

     ------------------------ End of All-electron run ------------------------


     --------------------- Generating PAW atomic setup --------------------


      Generating local potential from pseudized AE potential:
      Matching radius rcloc =   2.1000

      Local pseudo, rcloc= 2.102 Estimated cut-off energy=     5.54 Ry

      Computing core charge for nlcc: 

       r > 1.01 : true rho core
      Core charge pseudized with two Bessel functions
      Integrated core pseudo-charge :  10.10
      Wfc-us  4S rcutus= 2.210  Estimated cut-off energy=     9.08 Ry
      Wfc-us  4S rcutus= 2.210  Estimated cut-off energy=    23.26 Ry
      Wfc-us  4P rcutus= 2.210  Estimated cut-off energy=    14.61 Ry
      Wfc-us  4P rcutus= 2.210  Estimated cut-off energy=    31.70 Ry
      Wfc-us  3D rcutus= 1.809  Estimated cut-off energy=    35.99 Ry
      Wfc-us  3D rcutus= 1.809  Estimated cut-off energy=    41.66 Ry

      The bmat matrix
     0.61859     0.46951     0.00000     0.00000     0.00000     0.00000
     0.36992     0.40803     0.00000     0.00000     0.00000     0.00000
     0.00000     0.00000     0.09835     0.26742     0.00000     0.00000
     0.00000     0.00000     0.18608     0.90160     0.00000     0.00000
     0.00000     0.00000     0.00000     0.00000    -1.28588    -0.73801
     0.00000     0.00000     0.00000     0.00000    -0.64720    -0.37427

      The bmat + epsilon qq matrix
     0.65605     0.37605     0.00000     0.00000     0.00000     0.00000
     0.37631     0.76481     0.00000     0.00000     0.00000     0.00000
     0.00000     0.00000     0.09896     0.18715     0.00000     0.00000
     0.00000     0.00000     0.18730     0.84197     0.00000     0.00000
     0.00000     0.00000     0.00000     0.00000    -1.69166    -0.87168
     0.00000     0.00000     0.00000     0.00000    -0.87164    -0.44827

      The qq matrix
    -0.08687    -0.01483     0.00000     0.00000     0.00000     0.00000
    -0.01483     0.05663     0.00000     0.00000     0.00000     0.00000
     0.00000     0.00000    -0.00613    -0.01235     0.00000     0.00000
     0.00000     0.00000    -0.01235    -0.00917     0.00000     0.00000
     0.00000     0.00000     0.00000     0.00000     0.60418     0.33418
     0.00000     0.00000     0.00000     0.00000     0.33418     0.18502


    multipoles (all-electron charge) - (pseudo charge)
        ns l1:ns1 l2    l=0     l=1     l=2     l=3     l=4     l=5  
         1  0:  1  0 -0.0869
         2  0:  1  0 -0.0148
         2  0:  2  0  0.0566
         3  1:  1  0  0.0000  0.0415
         3  1:  2  0  0.0000  0.0103
         3  1:  3  1 -0.0061  0.0000 -0.0248
         4  1:  1  0  0.0000  0.0735
         4  1:  2  0  0.0000 -0.0127
         4  1:  3  1 -0.0123  0.0000 -0.0348
         4  1:  4  1 -0.0092  0.0000 -0.0342
         5  2:  1  0  0.0000  0.0000  0.1309
         5  2:  2  0  0.0000  0.0000 -0.0312
         5  2:  3  1  0.0000 -0.0846  0.0000 -0.0733
         5  2:  4  1  0.0000 -0.0845  0.0000 -0.0103
         5  2:  5  2  0.6042  0.0000  0.3135  0.0000  0.2480
         6  2:  1  0  0.0000  0.0000  0.0658
         6  2:  2  0  0.0000  0.0000 -0.0102
         6  2:  3  1  0.0000 -0.0444  0.0000 -0.0353
         6  2:  4  1  0.0000 -0.0489  0.0000 -0.0096
         6  2:  5  2  0.3342  0.0000  0.1693  0.0000  0.1308
         6  2:  6  2  0.1850  0.0000  0.0916  0.0000  0.0691
     Required augmentation: PSQ   radius:    1.300000

     Q pseudized with Bessel functions
     Expected ecutrho=     235.6711 due to l1=  2   l2=  2

     Estimated PAW energy = -180.202250 Ryd

     The PAW screened D coefficients
     0.65605     0.37631     0.00000     0.00000     0.00000     0.00000
     0.37631     0.76481     0.00000     0.00000     0.00000     0.00000
     0.00000     0.00000     0.09896     0.18730     0.00000     0.00000
     0.00000     0.00000     0.18730     0.84197     0.00000     0.00000
     0.00000     0.00000     0.00000     0.00000    -1.69166    -0.87164
     0.00000     0.00000     0.00000     0.00000    -0.87164    -0.44827

     The PAW descreened D coefficients (US)
     0.42281     0.49966     0.00000     0.00000     0.00000     0.00000
     0.49966     1.00960     0.00000     0.00000     0.00000     0.00000
     0.00000     0.00000     0.12256     0.23747     0.00000     0.00000
     0.00000     0.00000     0.23747     1.58181     0.00000     0.00000
     0.00000     0.00000     0.00000     0.00000     1.39422     0.84940
     0.00000     0.00000     0.00000     0.00000     0.84940     0.51217

     ------------------- End of pseudopotential generation -------------------

     --------------------------- All-electron run ----------------------------

     Ni                                                                         
     scalar relativistic calculation

     atomic number is 28.00
     dft = SLA  PZ   NOGX NOGC   lsd =0 sic =0 latt =0  beta=0.20 tr2=1.0E-14
     Exchange-correlation=  SLA  PZ   NOGX NOGC
                           (   1   1   0   0   0   0   0)
     mesh =1195 r(mesh) =  98.77016 a.u. xmin = -7.00 dx = 0.01250
     1 Ry =  13.60569312 eV, c = 137.03599908

     n l     nl                  e(Ry)          e(Ha)          e(eV)
     1 0     1S 1( 2.00)      -602.3315      -301.1658     -8195.1378
     2 0     2S 1( 2.00)       -72.0170       -36.0085      -979.8406
     2 1     2P 1( 6.00)       -62.0451       -31.0226      -844.1671
     3 0     3S 1( 2.00)        -8.1215        -4.0607      -110.4982
     3 1     3P 1( 6.00)        -5.2373        -2.6186       -71.2568
     4 0     4S 1( 2.00)        -0.4311        -0.2156        -5.8660
     3 2     3D 1( 8.00)        -0.6716        -0.3358        -9.1379
     4 1     4P 1( 0.00)        -0.0986        -0.0493        -1.3419

     final scf error:  8.2E-15 reached in  33 iterations
 
     Etot =   -3036.111944 Ry,   -1518.055972 Ha,  -41308.407400 eV

     Ekin =    3076.963985 Ry,    1538.481993 Ha,   41864.227733 eV
     Encl =   -7292.256356 Ry,   -3646.128178 Ha,  -99216.202148 eV
     Eh   =    1300.582333 Ry,     650.291167 Ha,   17695.324110 eV
     Exc  =    -121.401907 Ry,     -60.700954 Ha,   -1651.757096 eV


     normalization and overlap integrals

     s(1S/1S) =  1.000000  <r> =   0.0542  <r2> =    0.0039  r(max) =   0.0353
     s(1S/2S) = -0.003717
     s(1S/3S) = -0.001381
     s(1S/4S) = -0.000341
     s(2S/2S) =  1.000000  <r> =   0.2454  <r2> =    0.0711  r(max) =   0.2055
     s(2S/3S) = -0.000795
     s(2S/4S) = -0.000192
     s(2P/2P) =  1.000000  <r> =   0.2155  <r2> =    0.0570  r(max) =   0.1641
     s(2P/3P) = -0.000633
     s(2P/4P) = -0.000099
     s(3S/3S) =  1.000000  <r> =   0.7415  <r2> =    0.6357  r(max) =   0.6410
     s(3S/4S) = -0.000112
     s(3P/3P) =  1.000000  <r> =   0.7794  <r2> =    0.7184  r(max) =   0.6491
     s(3P/4P) = -0.000061
     s(4S/4S) =  1.000000  <r> =   2.7825  <r2> =    9.0536  r(max) =   2.2096
     s(3D/3D) =  1.000000  <r> =   1.0112  <r2> =    1.3888  r(max) =   0.6252
     s(4P/4P) =  1.000000  <r> =   4.2142  <r2> =   21.5588  r(max) =   3.1355

     ------------------------ End of All-electron run ------------------------


     ---------------------- Testing the pseudopotential ----------------------

     Ni                                                                         
     scalar relativistic calculation

     atomic number is 28.00   valence charge is 10.00
     dft = SLA  PZ   NOGX NOGC   lsd =0 sic =0 latt =0  beta=0.20 tr2=1.0E-14
     mesh =1195 r(mesh) =  98.77016 xmin = -7.00 dx = 0.01250

     n l     nl             e AE (Ry)        e PS (Ry)    De AE-PS (Ry) 
     1 0     4S   1( 2.00)       -0.43115       -0.43115        0.00000
     2 1     4P   1( 0.00)       -0.09863       -0.09863        0.00000
     3 2     3D   1( 8.00)       -0.67162       -0.67163        0.00000

     eps = 9.6E-16  iter =  4
 
     Etot =   -3036.111944 Ry,   -1518.055972 Ha,  -41308.407400 eV
     Etotps =  -180.202256 Ry,     -90.101128 Ha,   -2451.776594 eV

     Ekin =     149.163936 Ry,      74.581968 Ha,    2029.478739 eV
     Encl =    -282.514201 Ry,    -141.257101 Ha,   -3843.801528 eV
     Ehrt =      74.549912 Ry,      37.274956 Ha,    1014.303224 eV
     Ecxc =    -121.401902 Ry,     -60.700951 Ha,   -1651.757029 eV
     (Ecc =     -20.846286 Ry,     -10.423143 Ha,    -283.628166 eV)

     ---------------------- End of pseudopotential test ----------------------

