[0] MPI startup(): I_MPI_SHM_LMT environment variable is not supported.
[0] MPI startup(): Similar variables:
	 I_MPI_SHM_HEAP
	 I_MPI_SHM
	 I_MPI_SHM_OPT
	 I_MPI_SHM_THP
[0] MPI startup(): To check the list of supported variables, use the impi_info utility or refer to https://software.intel.com/en-us/mpi-library/documentation/get-started.

     Program LD1 v.7.3.1 starts on 19Sep2024 at 21:46: 1 

     This program is part of the open-source Quantum ESPRESSO suite
     for quantum simulation of materials; please cite
         "P. Giannozzi et al., J. Phys.:Condens. Matter 21 395502 (2009);
         "P. Giannozzi et al., J. Phys.:Condens. Matter 29 465901 (2017);
         "P. Giannozzi et al., J. Chem. Phys. 152 154105 (2020);
          URL http://www.quantum-espresso.org", 
     in publications or presentations arising from this work. More details at
     http://www.quantum-espresso.org/quote

     Parallel version (MPI), running on     1 processors

     MPI processes distributed on     1 nodes
     90023 MiB available memory on the printing compute node when the environment starts
 
     Waiting for input...
     Reading input from standard input
     --------------------------- All-electron run ----------------------------

     Ni                                                                         
     scalar relativistic calculation

     atomic number is 28.00
     dft =LDA   lsd =0 sic =0 latt =0  beta=0.20 tr2=1.0E-14
     Exchange-correlation= LDA
                           (   1   1   0   0   0   0   0)
     mesh =1195 r(mesh) =  98.77016 a.u. xmin = -7.00 dx = 0.01250
     1 Ry =  13.60569312 eV, c = 137.03599908

     n l     nl                  e(Ry)          e(Ha)          e(eV)
     1 0     1S 1( 2.00)      -602.3315      -301.1658     -8195.1378
     2 0     2S 1( 2.00)       -72.0170       -36.0085      -979.8406
     2 1     2P 1( 6.00)       -62.0451       -31.0226      -844.1671
     3 0     3S 1( 2.00)        -8.1215        -4.0607      -110.4982
     3 1     3P 1( 6.00)        -5.2373        -2.6186       -71.2568
     4 0     4S 1( 2.00)        -0.4311        -0.2156        -5.8660
     3 2     3D 1( 8.00)        -0.6716        -0.3358        -9.1379
     4 1     4P 1( 0.00)        -0.0986        -0.0493        -1.3419

     final scf error:  8.2E-15 reached in  33 iterations
 
     Etot =   -3036.111944 Ry,   -1518.055972 Ha,  -41308.407400 eV

     Ekin =    3076.963985 Ry,    1538.481993 Ha,   41864.227733 eV
     Encl =   -7292.256356 Ry,   -3646.128178 Ha,  -99216.202148 eV
     Eh   =    1300.582333 Ry,     650.291167 Ha,   17695.324110 eV
     Exc  =    -121.401907 Ry,     -60.700954 Ha,   -1651.757096 eV


     normalization and overlap integrals

     s(1S/1S) =  1.000000  <r> =   0.0542  <r2> =    0.0039  r(max) =   0.0353
     s(1S/2S) = -0.003717
     s(1S/3S) = -0.001381
     s(1S/4S) = -0.000341
     s(2S/2S) =  1.000000  <r> =   0.2454  <r2> =    0.0711  r(max) =   0.2055
     s(2S/3S) = -0.000795
     s(2S/4S) = -0.000192
     s(2P/2P) =  1.000000  <r> =   0.2155  <r2> =    0.0570  r(max) =   0.1641
     s(2P/3P) = -0.000633
     s(2P/4P) = -0.000099
     s(3S/3S) =  1.000000  <r> =   0.7415  <r2> =    0.6357  r(max) =   0.6410
     s(3S/4S) = -0.000112
     s(3P/3P) =  1.000000  <r> =   0.7794  <r2> =    0.7184  r(max) =   0.6491
     s(3P/4P) = -0.000061
     s(4S/4S) =  1.000000  <r> =   2.7825  <r2> =    9.0536  r(max) =   2.2096
     s(3D/3D) =  1.000000  <r> =   1.0112  <r2> =    1.3888  r(max) =   0.6252
     s(4P/4P) =  1.000000  <r> =   4.2142  <r2> =   21.5588  r(max) =   3.1355

     ------------------------ End of All-electron run ------------------------


     --------------------- Generating US pseudopotential ---------------------


      Generating local potential from pseudized AE potential:
      Matching radius rcloc =   2.1000

      Local pseudo, rcloc= 2.102 Estimated cut-off energy=     5.54 Ry

      Computing core charge for nlcc: 

       r > 1.01 : true rho core
      Core charge pseudized with two Bessel functions
      Integrated core pseudo-charge :  10.10
      Wfc-us  4S rcutus= 2.210  Estimated cut-off energy=     9.08 Ry
      Wfc-us  4S rcutus= 2.210  Estimated cut-off energy=    23.26 Ry
      Wfc-us  4P rcutus= 2.210  Estimated cut-off energy=    14.61 Ry
      Wfc-us  4P rcutus= 2.210  Estimated cut-off energy=    31.70 Ry
      Wfc-us  3D rcutus= 1.809  Estimated cut-off energy=    35.99 Ry
      Wfc-us  3D rcutus= 1.809  Estimated cut-off energy=    41.66 Ry

      The bmat matrix
     0.61859     0.46951     0.00000     0.00000     0.00000     0.00000
     0.36992     0.40803     0.00000     0.00000     0.00000     0.00000
     0.00000     0.00000     0.09835     0.26742     0.00000     0.00000
     0.00000     0.00000     0.18608     0.90160     0.00000     0.00000
     0.00000     0.00000     0.00000     0.00000    -1.28588    -0.73801
     0.00000     0.00000     0.00000     0.00000    -0.64720    -0.37427

      The bmat + epsilon qq matrix
     0.65605     0.37605     0.00000     0.00000     0.00000     0.00000
     0.37631     0.76481     0.00000     0.00000     0.00000     0.00000
     0.00000     0.00000     0.09896     0.18715     0.00000     0.00000
     0.00000     0.00000     0.18730     0.84197     0.00000     0.00000
     0.00000     0.00000     0.00000     0.00000    -1.69166    -0.87168
     0.00000     0.00000     0.00000     0.00000    -0.87164    -0.44827

      The qq matrix
    -0.08687    -0.01483     0.00000     0.00000     0.00000     0.00000
    -0.01483     0.05663     0.00000     0.00000     0.00000     0.00000
     0.00000     0.00000    -0.00613    -0.01235     0.00000     0.00000
     0.00000     0.00000    -0.01235    -0.00917     0.00000     0.00000
     0.00000     0.00000     0.00000     0.00000     0.60418     0.33418
     0.00000     0.00000     0.00000     0.00000     0.33418     0.18502

     Q pseudized with Bessel functions
     Expected ecutrho=     235.6711 due to l1=  2   l2=  2

      The ddd matrix
     0.37409     0.39108     0.00000     0.00000     0.00000     0.00000
     0.39108     1.01085     0.00000     0.00000     0.00000     0.00000
     0.00000     0.00000     0.10705     0.18993     0.00000     0.00000
     0.00000     0.00000     0.18993     1.04788     0.00000     0.00000
     0.00000     0.00000     0.00000     0.00000     1.38064     0.83705
     0.00000     0.00000     0.00000     0.00000     0.83705     0.50273

     ------------------- End of pseudopotential generation -------------------

     --------------------------- All-electron run ----------------------------

     Ni                                                                         
     scalar relativistic calculation

     atomic number is 28.00
     dft =LDA   lsd =0 sic =0 latt =0  beta=0.20 tr2=1.0E-14
     Exchange-correlation= LDA
                           (   1   1   0   0   0   0   0)
     mesh =1195 r(mesh) =  98.77016 a.u. xmin = -7.00 dx = 0.01250
     1 Ry =  13.60569312 eV, c = 137.03599908

     n l     nl                  e(Ry)          e(Ha)          e(eV)
     1 0     1S 1( 2.00)      -602.3315      -301.1658     -8195.1378
     2 0     2S 1( 2.00)       -72.0170       -36.0085      -979.8406
     2 1     2P 1( 6.00)       -62.0451       -31.0226      -844.1671
     3 0     3S 1( 2.00)        -8.1215        -4.0607      -110.4982
     3 1     3P 1( 6.00)        -5.2373        -2.6186       -71.2568
     4 0     4S 1( 2.00)        -0.4311        -0.2156        -5.8660
     3 2     3D 1( 8.00)        -0.6716        -0.3358        -9.1379
     4 1     4P 1( 0.00)        -0.0986        -0.0493        -1.3419

     final scf error:  8.2E-15 reached in  33 iterations
 
     Etot =   -3036.111944 Ry,   -1518.055972 Ha,  -41308.407400 eV

     Ekin =    3076.963985 Ry,    1538.481993 Ha,   41864.227733 eV
     Encl =   -7292.256356 Ry,   -3646.128178 Ha,  -99216.202148 eV
     Eh   =    1300.582333 Ry,     650.291167 Ha,   17695.324110 eV
     Exc  =    -121.401907 Ry,     -60.700954 Ha,   -1651.757096 eV


     normalization and overlap integrals

     s(1S/1S) =  1.000000  <r> =   0.0542  <r2> =    0.0039  r(max) =   0.0353
     s(1S/2S) = -0.003717
     s(1S/3S) = -0.001381
     s(1S/4S) = -0.000341
     s(2S/2S) =  1.000000  <r> =   0.2454  <r2> =    0.0711  r(max) =   0.2055
     s(2S/3S) = -0.000795
     s(2S/4S) = -0.000192
     s(2P/2P) =  1.000000  <r> =   0.2155  <r2> =    0.0570  r(max) =   0.1641
     s(2P/3P) = -0.000633
     s(2P/4P) = -0.000099
     s(3S/3S) =  1.000000  <r> =   0.7415  <r2> =    0.6357  r(max) =   0.6410
     s(3S/4S) = -0.000112
     s(3P/3P) =  1.000000  <r> =   0.7794  <r2> =    0.7184  r(max) =   0.6491
     s(3P/4P) = -0.000061
     s(4S/4S) =  1.000000  <r> =   2.7825  <r2> =    9.0536  r(max) =   2.2096
     s(3D/3D) =  1.000000  <r> =   1.0112  <r2> =    1.3888  r(max) =   0.6252
     s(4P/4P) =  1.000000  <r> =   4.2142  <r2> =   21.5588  r(max) =   3.1355

     ------------------------ End of All-electron run ------------------------


     ---------------------- Testing the pseudopotential ----------------------

     Ni                                                                         
     scalar relativistic calculation

     atomic number is 28.00   valence charge is 10.00
     dft =LDA   lsd =0 sic =0 latt =0  beta=0.20 tr2=1.0E-14
     mesh =1195 r(mesh) =  98.77016 xmin = -7.00 dx = 0.01250

     n l     nl             e AE (Ry)        e PS (Ry)    De AE-PS (Ry) 
     1 0     4S   1( 2.00)       -0.43115       -0.43115        0.00000
     2 1     4P   1( 0.00)       -0.09863       -0.09863       -0.00000
     3 2     3D   1( 8.00)       -0.67162       -0.67162        0.00000

     eps = 1.7E-15  iter =  4
 
     Etot =   -3036.111944 Ry,   -1518.055972 Ha,  -41308.407400 eV
     Etotps =   -99.565137 Ry,     -49.782568 Ha,   -1354.652694 eV

     Ekin =      17.446115 Ry,       8.723058 Ha,     237.366490 eV
     Encl =    -162.795645 Ry,     -81.397823 Ha,   -2214.947590 eV
     Ehrt =      74.247285 Ry,      37.123643 Ha,    1010.185780 eV
     Ecxc =     -40.256135 Ry,     -20.128068 Ha,    -547.712621 eV
     (Ecc =     -20.846286 Ry,     -10.423143 Ha,    -283.628166 eV)
     Epseu=      11.793243 Ry,       5.896622 Ha,     160.455247 eV

     ---------------------- End of pseudopotential test ----------------------

