[0] MPI startup(): I_MPI_SHM_LMT environment variable is not supported.
[0] MPI startup(): Similar variables:
	 I_MPI_SHM_HEAP
	 I_MPI_SHM
	 I_MPI_SHM_OPT
	 I_MPI_SHM_THP
[0] MPI startup(): To check the list of supported variables, use the impi_info utility or refer to https://software.intel.com/en-us/mpi-library/documentation/get-started.

     Program LD1 v.7.3.1 starts on 19Sep2024 at 21:46: 3 

     This program is part of the open-source Quantum ESPRESSO suite
     for quantum simulation of materials; please cite
         "P. Giannozzi et al., J. Phys.:Condens. Matter 21 395502 (2009);
         "P. Giannozzi et al., J. Phys.:Condens. Matter 29 465901 (2017);
         "P. Giannozzi et al., J. Chem. Phys. 152 154105 (2020);
          URL http://www.quantum-espresso.org", 
     in publications or presentations arising from this work. More details at
     http://www.quantum-espresso.org/quote

     Parallel version (MPI), running on     1 processors

     MPI processes distributed on     1 nodes
     90020 MiB available memory on the printing compute node when the environment starts
 
     Waiting for input...
     Reading input from standard input
     --------------------------- All-electron run ----------------------------

     O                                                                          
     scalar relativistic calculation

     atomic number is  8.00
     dft =LDA   lsd =0 sic =0 latt =0  beta=0.20 tr2=1.0E-14
     Exchange-correlation= LDA
                           (   1   1   0   0   0   0   0)
     mesh =1095 r(mesh) =  99.04343 a.u. xmin = -7.00 dx = 0.01250
     1 Ry =  13.60569312 eV, c = 137.03599908

     n l     nl                  e(Ry)          e(Ha)          e(eV)
     1 0     1S 1( 2.00)       -37.5495       -18.7748      -510.8874
     2 0     2S 1( 2.00)        -1.7458        -0.8729       -23.7531
     2 1     2P 1( 4.00)        -0.6761        -0.3380        -9.1985

     final scf error:  3.1E-15 reached in  28 iterations
 
     Etot =    -149.049789 Ry,     -74.524894 Ha,   -2027.925687 eV

     Ekin =     148.542013 Ry,      74.271007 Ha,    2021.017051 eV
     Encl =    -354.748318 Ry,    -177.374159 Ha,   -4826.596752 eV
     Eh   =      72.697341 Ry,      36.348671 Ha,     989.097716 eV
     Exc  =     -15.540825 Ry,      -7.770413 Ha,    -211.443701 eV


     normalization and overlap integrals

     s(1S/1S) =  1.000000  <r> =   0.2007  <r2> =    0.0544  r(max) =   0.1298
     s(1S/2S) = -0.000217
     s(2S/2S) =  1.000000  <r> =   1.1473  <r2> =    1.6045  r(max) =   0.8786
     s(2P/2P) =  1.000000  <r> =   1.2645  <r2> =    2.1318  r(max) =   0.8151

     ------------------------ End of All-electron run ------------------------


     --------------------- Generating US pseudopotential ---------------------


      Generating local pot.: lloc=2, matching radius rcloc =   1.3000

      Computing core charge for nlcc: 

       r > 0.50 : true rho core
      Core charge pseudized with two Bessel functions
      Integrated core pseudo-charge :   0.69
      Wfc-us  2S rcutus= 1.344  Estimated cut-off energy=    26.86 Ry
      Wfc-us  2S rcutus= 1.344  Estimated cut-off energy=    35.58 Ry
      Wfc-us  2P rcutus= 1.344  Estimated cut-off energy=    43.12 Ry
      Wfc-us  2P rcutus= 1.344  Estimated cut-off energy=    46.73 Ry

      The bmat matrix
     2.20338     1.74528     0.00000     0.00000
     1.54684     1.23256     0.00000     0.00000
     0.00000     0.00000    -0.47652    -0.36803
     0.00000     0.00000    -0.29432    -0.22825

      The bmat + epsilon qq matrix
     2.47313     1.73976     0.00000     0.00000
     1.73988     1.22858     0.00000     0.00000
     0.00000     0.00000    -0.57421    -0.36296
     0.00000     0.00000    -0.36292    -0.22469

      The qq matrix
    -0.15451    -0.11057     0.00000     0.00000
    -0.11057    -0.07963     0.00000     0.00000
     0.00000     0.00000     0.14449     0.10147
     0.00000     0.00000     0.10147     0.07114

     Q pseudized with Bessel functions
     Expected ecutrho=     322.8000 due to l1=  1   l2=  1

      The ddd matrix
     0.77875     0.50600     0.00000     0.00000
     0.50600     0.32690     0.00000     0.00000
     0.00000     0.00000     0.94212     0.70437
     0.00000     0.00000     0.70437     0.52564

     ------------------- End of pseudopotential generation -------------------

     --------------------------- All-electron run ----------------------------

     O                                                                          
     scalar relativistic calculation

     atomic number is  8.00
     dft =LDA   lsd =0 sic =0 latt =0  beta=0.20 tr2=1.0E-14
     Exchange-correlation= LDA
                           (   1   1   0   0   0   0   0)
     mesh =1095 r(mesh) =  99.04343 a.u. xmin = -7.00 dx = 0.01250
     1 Ry =  13.60569312 eV, c = 137.03599908

     n l     nl                  e(Ry)          e(Ha)          e(eV)
     1 0     1S 1( 2.00)       -37.5495       -18.7748      -510.8874
     2 0     2S 1( 2.00)        -1.7458        -0.8729       -23.7531
     2 1     2P 1( 4.00)        -0.6761        -0.3380        -9.1985

     final scf error:  3.1E-15 reached in  28 iterations
 
     Etot =    -149.049789 Ry,     -74.524894 Ha,   -2027.925687 eV

     Ekin =     148.542013 Ry,      74.271007 Ha,    2021.017051 eV
     Encl =    -354.748318 Ry,    -177.374159 Ha,   -4826.596752 eV
     Eh   =      72.697341 Ry,      36.348671 Ha,     989.097716 eV
     Exc  =     -15.540825 Ry,      -7.770413 Ha,    -211.443701 eV


     normalization and overlap integrals

     s(1S/1S) =  1.000000  <r> =   0.2007  <r2> =    0.0544  r(max) =   0.1298
     s(1S/2S) = -0.000217
     s(2S/2S) =  1.000000  <r> =   1.1473  <r2> =    1.6045  r(max) =   0.8786
     s(2P/2P) =  1.000000  <r> =   1.2645  <r2> =    2.1318  r(max) =   0.8151

     ------------------------ End of All-electron run ------------------------


     ---------------------- Testing the pseudopotential ----------------------

     O                                                                          
     scalar relativistic calculation

     atomic number is  8.00   valence charge is  6.00
     dft =LDA   lsd =0 sic =0 latt =0  beta=0.20 tr2=1.0E-14
     mesh =1095 r(mesh) =  99.04343 xmin = -7.00 dx = 0.01250

     n l     nl             e AE (Ry)        e PS (Ry)    De AE-PS (Ry) 
     1 0     2S   1( 2.00)       -1.74582       -1.74582        0.00000
     2 1     2P   1( 4.00)       -0.67608       -0.67608        0.00000

     eps = 6.6E-17  iter =  4
 
     Etot =    -149.049789 Ry,     -74.524894 Ha,   -2027.925687 eV
     Etotps =   -32.998792 Ry,     -16.499396 Ha,    -448.971433 eV

     Ekin =      15.794653 Ry,       7.897326 Ha,     214.897196 eV
     Encl =     -73.297313 Ry,     -36.648657 Ha,    -997.260750 eV
     Ehrt =      27.261563 Ry,      13.630782 Ha,     370.912465 eV
     Ecxc =      -8.083678 Ry,      -4.041839 Ha,    -109.984047 eV
     (Ecc =      -1.351180 Ry,      -0.675590 Ha,     -18.383740 eV)
     Epseu=       5.325984 Ry,       2.662992 Ha,      72.463703 eV

     ---------------------- End of pseudopotential test ----------------------

