[0] MPI startup(): I_MPI_SHM_LMT environment variable is not supported.
[0] MPI startup(): Similar variables:
	 I_MPI_SHM_HEAP
	 I_MPI_SHM
	 I_MPI_SHM_OPT
	 I_MPI_SHM_THP
[0] MPI startup(): To check the list of supported variables, use the impi_info utility or refer to https://software.intel.com/en-us/mpi-library/documentation/get-started.

     Program LD1 v.7.3.1 starts on 19Sep2024 at 21:46: 7 

     This program is part of the open-source Quantum ESPRESSO suite
     for quantum simulation of materials; please cite
         "P. Giannozzi et al., J. Phys.:Condens. Matter 21 395502 (2009);
         "P. Giannozzi et al., J. Phys.:Condens. Matter 29 465901 (2017);
         "P. Giannozzi et al., J. Chem. Phys. 152 154105 (2020);
          URL http://www.quantum-espresso.org", 
     in publications or presentations arising from this work. More details at
     http://www.quantum-espresso.org/quote

     Parallel version (MPI), running on     1 processors

     MPI processes distributed on     1 nodes
     90005 MiB available memory on the printing compute node when the environment starts
 
     Waiting for input...
     Reading input from standard input
     --------------------------- All-electron run ----------------------------

     P                                                                          
     scalar relativistic calculation

     atomic number is 15.00
     dft =LDA   lsd =0 sic =0 latt =0  beta=0.20 tr2=1.0E-14
     Exchange-correlation= LDA
                           (   1   1   0   0   0   0   0)
     mesh =1147 r(mesh) = 101.18493 a.u. xmin = -7.00 dx = 0.01250
     1 Ry =  13.60569312 eV, c = 137.03599908

     n l     nl                  e(Ry)          e(Ha)          e(eV)
     1 0     1S 1( 2.00)      -152.5886       -76.2943     -2076.0737
     2 0     2S 1( 2.00)       -12.7258        -6.3629      -173.1430
     2 1     2P 1( 6.00)        -9.1517        -4.5758      -124.5148
     3 0     3S 1( 2.00)        -1.0305        -0.5153       -14.0211
     3 1     3P 1( 3.00)        -0.4118        -0.2059        -5.6027

     final scf error:  8.3E-15 reached in  24 iterations
 
     Etot =    -681.573995 Ry,    -340.786998 Ha,   -9273.286620 eV

     Ekin =     683.095653 Ry,     341.547827 Ha,    9293.989829 eV
     Encl =   -1627.779203 Ry,    -813.889602 Ha,  -22147.064314 eV
     Eh   =     306.786442 Ry,     153.393221 Ha,    4174.042178 eV
     Exc  =     -43.676886 Ry,     -21.838443 Ha,    -594.254312 eV


     normalization and overlap integrals

     s(1S/1S) =  1.000000  <r> =   0.1039  <r2> =    0.0145  r(max) =   0.0675
     s(1S/2S) = -0.000914
     s(1S/3S) = -0.000273
     s(2S/2S) =  1.000000  <r> =   0.5220  <r2> =    0.3251  r(max) =   0.4187
     s(2S/3S) = -0.000139
     s(2P/2P) =  1.000000  <r> =   0.4863  <r2> =    0.2972  r(max) =   0.3515
     s(2P/3P) = -0.000094
     s(3S/3S) =  1.000000  <r> =   1.8935  <r2> =    4.1843  r(max) =   1.5557
     s(3P/3P) =  1.000000  <r> =   2.3728  <r2> =    6.7910  r(max) =   1.8302

     ------------------------ End of All-electron run ------------------------


     --------------------- Generating PAW atomic setup --------------------


      Generating local pot.: lloc=2, matching radius rcloc =   1.9000

      Computing core charge for nlcc: 

       r > 1.31 : true rho core
      Core charge pseudized with two Bessel functions
      Integrated core pseudo-charge :   1.84
      Wfc-us  3S rcutus= 2.100  Estimated cut-off energy=    10.97 Ry
      Wfc-us  3S rcutus= 2.100  Estimated cut-off energy=    10.72 Ry
      Wfc-us  3P rcutus= 2.100  Estimated cut-off energy=    17.32 Ry
      Wfc-us  3P rcutus= 2.100  Estimated cut-off energy=    16.52 Ry

      The bmat matrix
     2.86042     5.97070     0.00000     0.00000
     3.31861     7.57938     0.00000     0.00000
     0.00000     0.00000     0.55044     0.53669
     0.00000     0.00000     0.50883     0.82103

      The bmat + epsilon qq matrix
     3.16285     3.70712     0.00000     0.00000
     3.70739     4.32842     0.00000     0.00000
     0.00000     0.00000     0.56858     0.51046
     0.00000     0.00000     0.51063     0.90632

      The qq matrix
    -0.29347    -0.37726     0.00000     0.00000
    -0.37726    -0.54183     0.00000     0.00000
     0.00000     0.00000    -0.04404    -0.00437
     0.00000     0.00000    -0.00437     0.01422


    multipoles (all-electron charge) - (pseudo charge)
        ns l1:ns1 l2    l=0     l=1     l=2     l=3     l=4     l=5  
         1  0:  1  0 -0.2935
         2  0:  1  0 -0.3773
         2  0:  2  0 -0.5418
         3  1:  1  0  0.0000  0.1325
         3  1:  2  0  0.0000  0.1342
         3  1:  3  1 -0.0440  0.0000 -0.0716
         4  1:  1  0  0.0000  0.0657
         4  1:  2  0  0.0000  0.1176
         4  1:  3  1 -0.0044  0.0000  0.0003
         4  1:  4  1  0.0142  0.0000  0.0107
     Required augmentation: PSQ   radius:    1.900000

     Q pseudized with Bessel functions
     Expected ecutrho=      78.7404 due to l1=  1   l2=  1

     Estimated PAW energy =  -52.821453 Ryd

     The PAW screened D coefficients
     3.16285     3.70739     0.00000     0.00000
     3.70739     4.32842     0.00000     0.00000
     0.00000     0.00000     0.56858     0.51063
     0.00000     0.00000     0.51063     0.90632

     The PAW descreened D coefficients (US)
     0.89538     0.22621     0.00000     0.00000
     0.22621    -0.58726     0.00000     0.00000
     0.00000     0.00000     0.41852     0.40065
     0.00000     0.00000     0.40065     1.26375

     ------------------- End of pseudopotential generation -------------------

     --------------------------- All-electron run ----------------------------

     P                                                                          
     scalar relativistic calculation

     atomic number is 15.00
     dft = SLA  PZ   NOGX NOGC   lsd =0 sic =0 latt =0  beta=0.20 tr2=1.0E-14
     Exchange-correlation=  SLA  PZ   NOGX NOGC
                           (   1   1   0   0   0   0   0)
     mesh =1147 r(mesh) = 101.18493 a.u. xmin = -7.00 dx = 0.01250
     1 Ry =  13.60569312 eV, c = 137.03599908

     n l     nl                  e(Ry)          e(Ha)          e(eV)
     1 0     1S 1( 2.00)      -152.5886       -76.2943     -2076.0737
     2 0     2S 1( 2.00)       -12.7258        -6.3629      -173.1430
     2 1     2P 1( 6.00)        -9.1517        -4.5758      -124.5148
     3 0     3S 1( 2.00)        -1.0305        -0.5153       -14.0211
     3 1     3P 1( 3.00)        -0.4118        -0.2059        -5.6027

     final scf error:  8.3E-15 reached in  24 iterations
 
     Etot =    -681.573995 Ry,    -340.786998 Ha,   -9273.286620 eV

     Ekin =     683.095653 Ry,     341.547827 Ha,    9293.989829 eV
     Encl =   -1627.779203 Ry,    -813.889602 Ha,  -22147.064314 eV
     Eh   =     306.786442 Ry,     153.393221 Ha,    4174.042178 eV
     Exc  =     -43.676886 Ry,     -21.838443 Ha,    -594.254312 eV


     normalization and overlap integrals

     s(1S/1S) =  1.000000  <r> =   0.1039  <r2> =    0.0145  r(max) =   0.0675
     s(1S/2S) = -0.000914
     s(1S/3S) = -0.000273
     s(2S/2S) =  1.000000  <r> =   0.5220  <r2> =    0.3251  r(max) =   0.4187
     s(2S/3S) = -0.000139
     s(2P/2P) =  1.000000  <r> =   0.4863  <r2> =    0.2972  r(max) =   0.3515
     s(2P/3P) = -0.000094
     s(3S/3S) =  1.000000  <r> =   1.8935  <r2> =    4.1843  r(max) =   1.5557
     s(3P/3P) =  1.000000  <r> =   2.3728  <r2> =    6.7910  r(max) =   1.8302

     ------------------------ End of All-electron run ------------------------


     ---------------------- Testing the pseudopotential ----------------------

     P                                                                          
     scalar relativistic calculation

     atomic number is 15.00   valence charge is  5.00
     dft = SLA  PZ   NOGX NOGC   lsd =0 sic =0 latt =0  beta=0.20 tr2=1.0E-14
     mesh =1147 r(mesh) = 101.18493 xmin = -7.00 dx = 0.01250

     n l     nl             e AE (Ry)        e PS (Ry)    De AE-PS (Ry) 
     1 0     3S   1( 2.00)       -1.03053       -1.03053        0.00000
     2 1     3P   1( 3.00)       -0.41179       -0.41179        0.00000

     eps = 1.4E-15  iter =  3
 
     Etot =    -681.573995 Ry,    -340.786998 Ha,   -9273.286620 eV
     Etotps =   -52.821460 Ry,     -26.410730 Ha,    -718.672579 eV

     Ekin =      17.496377 Ry,       8.748188 Ha,     238.050335 eV
     Encl =     -37.084712 Ry,     -18.542356 Ha,    -504.563216 eV
     Ehrt =      10.443760 Ry,       5.221880 Ha,     142.094595 eV
     Ecxc =     -43.676885 Ry,     -21.838442 Ha,    -594.254293 eV
     (Ecc =      -2.169670 Ry,      -1.084835 Ha,     -29.519864 eV)

     ---------------------- End of pseudopotential test ----------------------

