[0] MPI startup(): I_MPI_SHM_LMT environment variable is not supported.
[0] MPI startup(): Similar variables:
	 I_MPI_SHM_HEAP
	 I_MPI_SHM
	 I_MPI_SHM_OPT
	 I_MPI_SHM_THP
[0] MPI startup(): To check the list of supported variables, use the impi_info utility or refer to https://software.intel.com/en-us/mpi-library/documentation/get-started.

     Program LD1 v.7.3.1 starts on 19Sep2024 at 21:46: 4 

     This program is part of the open-source Quantum ESPRESSO suite
     for quantum simulation of materials; please cite
         "P. Giannozzi et al., J. Phys.:Condens. Matter 21 395502 (2009);
         "P. Giannozzi et al., J. Phys.:Condens. Matter 29 465901 (2017);
         "P. Giannozzi et al., J. Chem. Phys. 152 154105 (2020);
          URL http://www.quantum-espresso.org", 
     in publications or presentations arising from this work. More details at
     http://www.quantum-espresso.org/quote

     Parallel version (MPI), running on     1 processors

     MPI processes distributed on     1 nodes
     90017 MiB available memory on the printing compute node when the environment starts
 
     Waiting for input...
     Reading input from standard input
     --------------------------- All-electron run ----------------------------

     Pb                                                                         
     scalar relativistic calculation

     atomic number is 82.00
     dft =LDA   lsd =0 sic =0 latt =0  beta=0.20 tr2=1.0E-14
     Exchange-correlation= LDA
                           (   1   1   0   0   0   0   0)
     mesh =1281 r(mesh) =  98.81810 a.u. xmin = -7.00 dx = 0.01250
     1 Ry =  13.60569312 eV, c = 137.03599908

     n l     nl                  e(Ry)          e(Ha)          e(eV)
     1 0     1S 1( 2.00)     -6472.9756     -3236.4878    -88069.3200
     2 0     2S 1( 2.00)     -1157.8566      -578.9283    -15753.4421
     2 1     2P 1( 6.00)      -993.4006      -496.7003    -13515.9043
     3 0     3S 1( 2.00)      -277.9193      -138.9597     -3781.2852
     3 1     3P 1( 6.00)      -230.7801      -115.3901     -3139.9233
     4 0     4S 1( 2.00)       -62.8655       -31.4328      -855.3293
     4 1     4P 1( 6.00)       -47.4160       -23.7080      -645.1274
     3 2     3D 1(10.00)      -182.6636       -91.3318     -2485.2643
     5 0     5S 1( 2.00)       -10.6149        -5.3074      -144.4228
     5 1     5P 1( 6.00)        -6.3177        -3.1589       -85.9569
     4 2     4D 1(10.00)       -29.5427       -14.7713      -401.9482
     4 3     4F 1(14.00)        -9.7944        -4.8972      -133.2591
     5 2     5D 1(10.00)        -1.5646        -0.7823       -21.2870
     6 0     6S 1( 2.00)        -0.9058        -0.4529       -12.3238
     6 1     6P 1( 2.00)        -0.2727        -0.1363        -3.7103

     final scf error:  6.9E-15 reached in  29 iterations
 
     Etot =  -41741.400205 Ry,  -20870.700103 Ha, -567920.681719 eV

     Ekin =   47183.676117 Ry,   23591.838058 Ha,  641966.617657 eV
     Encl = -104252.812133 Ry,  -52126.406066 Ha,-1418431.769088 eV
     Eh   =   16078.193904 Ry,    8039.096952 Ha,  218754.972225 eV
     Exc  =    -750.458093 Ry,    -375.229046 Ha,  -10210.502514 eV


     normalization and overlap integrals

     s(1S/1S) =  1.000000  <r> =   0.0161  <r2> =    0.0004  r(max) =   0.0099
     s(1S/2S) = -0.040809
     s(1S/3S) = -0.017899
     s(1S/4S) = -0.008913
     s(1S/5S) = -0.004114
     s(1S/6S) = -0.001405
     s(2S/2S) =  1.000000  <r> =   0.0676  <r2> =    0.0054  r(max) =   0.0575
     s(2S/3S) = -0.011574
     s(2S/4S) = -0.005489
     s(2S/5S) = -0.002507
     s(2S/6S) = -0.000854
     s(2P/2P) =  1.000000  <r> =   0.0615  <r2> =    0.0046  r(max) =   0.0476
     s(2P/3P) = -0.008985
     s(2P/4P) = -0.004041
     s(2P/5P) = -0.001714
     s(2P/6P) = -0.000432
     s(3S/3S) =  1.000000  <r> =   0.1746  <r2> =    0.0349  r(max) =   0.1622
     s(3S/4S) = -0.004021
     s(3S/5S) = -0.001771
     s(3S/6S) = -0.000600
     s(3P/3P) =  1.000000  <r> =   0.1766  <r2> =    0.0362  r(max) =   0.1622
     s(3P/4P) = -0.003359
     s(3P/5P) = -0.001375
     s(3P/6P) = -0.000345
     s(4S/4S) =  1.000000  <r> =   0.3845  <r2> =    0.1668  r(max) =   0.3609
     s(4S/5S) = -0.001258
     s(4S/6S) = -0.000418
     s(4P/4P) =  1.000000  <r> =   0.4103  <r2> =    0.1912  r(max) =   0.3842
     s(4P/5P) = -0.000993
     s(4P/6P) = -0.000246
     s(3D/3D) =  1.000000  <r> =   0.1600  <r2> =    0.0299  r(max) =   0.1311
     s(3D/4D) = -0.002460
     s(3D/5D) = -0.000785
     s(5S/5S) =  1.000000  <r> =   0.8524  <r2> =    0.8144  r(max) =   0.7833
     s(5S/6S) = -0.000252
     s(5P/5P) =  1.000000  <r> =   0.9763  <r2> =    1.0758  r(max) =   0.8766
     s(5P/6P) = -0.000141
     s(4D/4D) =  1.000000  <r> =   0.4312  <r2> =    0.2146  r(max) =   0.3890
     s(4D/5D) = -0.000624
     s(4F/4F) =  1.000000  <r> =   0.4539  <r2> =    0.2468  r(max) =   0.3476
     s(5D/5D) =  1.000000  <r> =   1.3067  <r2> =    1.9925  r(max) =   1.0707
     s(6S/6S) =  1.000000  <r> =   2.3044  <r2> =    6.0362  r(max) =   1.9509
     s(6P/6P) =  1.000000  <r> =   3.3422  <r2> =   13.0358  r(max) =   2.6334

     ------------------------ End of All-electron run ------------------------


     --------------------- Generating PAW atomic setup --------------------


      Generating local potential from pseudized AE potential:
      Matching radius rcloc =   2.2000

      Local pseudo, rcloc= 2.211 Estimated cut-off energy=     5.13 Ry

      Computing core charge for nlcc: 

       r > 1.41 : true rho core
      Core charge pseudized with two Bessel functions
      Integrated core pseudo-charge :  12.29
      Wfc-us  6S rcutus= 2.211  Estimated cut-off energy=     9.55 Ry
      Wfc-us  6S rcutus= 2.211  Estimated cut-off energy=    21.49 Ry
      Wfc-us  6P rcutus= 2.568  Estimated cut-off energy=    11.28 Ry
      Wfc-us  6P rcutus= 2.568  Estimated cut-off energy=    11.23 Ry
      Wfc-us  5D rcutus= 2.103  Estimated cut-off energy=    27.33 Ry
      Wfc-us  5D rcutus= 2.103  Estimated cut-off energy=    47.14 Ry

      The bmat matrix
     1.92478     1.73432     0.00000     0.00000     0.00000     0.00000
     1.12150     1.17116     0.00000     0.00000     0.00000     0.00000
     0.00000     0.00000     0.45135     1.96204     0.00000     0.00000
     0.00000     0.00000     0.84119     4.85078     0.00000     0.00000
     0.00000     0.00000     0.00000     0.00000    -1.33111    -1.37759
     0.00000     0.00000     0.00000     0.00000    -1.43253    -3.41339

      The bmat + epsilon qq matrix
     2.14252     1.21494     0.00000     0.00000     0.00000     0.00000
     1.21558     1.08618     0.00000     0.00000     0.00000     0.00000
     0.00000     0.00000     0.46731     0.88603     0.00000     0.00000
     0.00000     0.00000     0.88634     1.53964     0.00000     0.00000
     0.00000     0.00000     0.00000     0.00000    -1.97277    -1.38091
     0.00000     0.00000     0.00000     0.00000    -1.38057    -3.45529

      The qq matrix
    -0.24038    -0.10387     0.00000     0.00000     0.00000     0.00000
    -0.10387    -0.01700     0.00000     0.00000     0.00000     0.00000
     0.00000     0.00000    -0.05853    -0.16554     0.00000     0.00000
     0.00000     0.00000    -0.16554    -0.50941     0.00000     0.00000
     0.00000     0.00000     0.00000     0.00000     0.41012    -0.03321
     0.00000     0.00000     0.00000     0.00000    -0.03321    -0.41893


    multipoles (all-electron charge) - (pseudo charge)
        ns l1:ns1 l2    l=0     l=1     l=2     l=3     l=4     l=5  
         1  0:  1  0 -0.2404
         2  0:  1  0 -0.1039
         2  0:  2  0 -0.0170
         3  1:  1  0  0.0000  0.1713
         3  1:  2  0  0.0000  0.0928
         3  1:  3  1 -0.0585  0.0000 -0.1611
         4  1:  1  0  0.0000  0.4277
         4  1:  2  0  0.0000  0.2541
         4  1:  3  1 -0.1655  0.0000 -0.2971
         4  1:  4  1 -0.5094  0.0000 -0.6994
         5  2:  1  0  0.0000  0.0000  0.2333
         5  2:  2  0  0.0000  0.0000  0.0082
         5  2:  3  1  0.0000 -0.2245  0.0000 -0.3216
         5  2:  4  1  0.0000 -0.4010  0.0000 -0.5334
         5  2:  5  2  0.4101  0.0000  0.4150  0.0000  0.5515
         6  2:  1  0  0.0000  0.0000  0.4760
         6  2:  2  0  0.0000  0.0000  0.2911
         6  2:  3  1  0.0000 -0.2416  0.0000 -0.3038
         6  2:  4  1  0.0000 -0.6055  0.0000 -0.7274
         6  2:  5  2 -0.0332  0.0000 -0.1247  0.0000 -0.2657
         6  2:  6  2 -0.4189  0.0000 -0.4693  0.0000 -0.6160
     Required augmentation: PSQ   radius:    1.600000

     Q pseudized with Bessel functions
     Expected ecutrho=     161.4127 due to l1=  2   l2=  2

     Estimated PAW energy = -847.947303 Ryd

     The PAW screened D coefficients
     2.14252     1.21558     0.00000     0.00000     0.00000     0.00000
     1.21558     1.08618     0.00000     0.00000     0.00000     0.00000
     0.00000     0.00000     0.46731     0.88634     0.00000     0.00000
     0.00000     0.00000     0.88634     1.53964     0.00000     0.00000
     0.00000     0.00000     0.00000     0.00000    -1.97277    -1.38057
     0.00000     0.00000     0.00000     0.00000    -1.38057    -3.45529

     The PAW descreened D coefficients (US)
     0.94742     1.13823     0.00000     0.00000     0.00000     0.00000
     1.13823     0.94847     0.00000     0.00000     0.00000     0.00000
     0.00000     0.00000     0.39467     0.28395     0.00000     0.00000
     0.00000     0.00000     0.28395    -1.00212     0.00000     0.00000
     0.00000     0.00000     0.00000     0.00000     1.11299    -0.79605
     0.00000     0.00000     0.00000     0.00000    -0.79605    -5.48112

     ------------------- End of pseudopotential generation -------------------

     --------------------------- All-electron run ----------------------------

     Pb                                                                         
     scalar relativistic calculation

     atomic number is 82.00
     dft = SLA  PZ   NOGX NOGC   lsd =0 sic =0 latt =0  beta=0.20 tr2=1.0E-14
     Exchange-correlation=  SLA  PZ   NOGX NOGC
                           (   1   1   0   0   0   0   0)
     mesh =1281 r(mesh) =  98.81810 a.u. xmin = -7.00 dx = 0.01250
     1 Ry =  13.60569312 eV, c = 137.03599908

     n l     nl                  e(Ry)          e(Ha)          e(eV)
     1 0     1S 1( 2.00)     -6472.9756     -3236.4878    -88069.3200
     2 0     2S 1( 2.00)     -1157.8566      -578.9283    -15753.4421
     2 1     2P 1( 6.00)      -993.4006      -496.7003    -13515.9043
     3 0     3S 1( 2.00)      -277.9193      -138.9597     -3781.2852
     3 1     3P 1( 6.00)      -230.7801      -115.3901     -3139.9233
     4 0     4S 1( 2.00)       -62.8655       -31.4328      -855.3293
     4 1     4P 1( 6.00)       -47.4160       -23.7080      -645.1274
     3 2     3D 1(10.00)      -182.6636       -91.3318     -2485.2643
     5 0     5S 1( 2.00)       -10.6149        -5.3074      -144.4228
     5 1     5P 1( 6.00)        -6.3177        -3.1589       -85.9569
     4 2     4D 1(10.00)       -29.5427       -14.7713      -401.9482
     4 3     4F 1(14.00)        -9.7944        -4.8972      -133.2591
     5 2     5D 1(10.00)        -1.5646        -0.7823       -21.2870
     6 0     6S 1( 2.00)        -0.9058        -0.4529       -12.3238
     6 1     6P 1( 2.00)        -0.2727        -0.1363        -3.7103

     final scf error:  6.9E-15 reached in  29 iterations
 
     Etot =  -41741.400205 Ry,  -20870.700103 Ha, -567920.681719 eV

     Ekin =   47183.676117 Ry,   23591.838058 Ha,  641966.617657 eV
     Encl = -104252.812133 Ry,  -52126.406066 Ha,-1418431.769088 eV
     Eh   =   16078.193904 Ry,    8039.096952 Ha,  218754.972225 eV
     Exc  =    -750.458093 Ry,    -375.229046 Ha,  -10210.502514 eV


     normalization and overlap integrals

     s(1S/1S) =  1.000000  <r> =   0.0161  <r2> =    0.0004  r(max) =   0.0099
     s(1S/2S) = -0.040809
     s(1S/3S) = -0.017899
     s(1S/4S) = -0.008913
     s(1S/5S) = -0.004114
     s(1S/6S) = -0.001405
     s(2S/2S) =  1.000000  <r> =   0.0676  <r2> =    0.0054  r(max) =   0.0575
     s(2S/3S) = -0.011574
     s(2S/4S) = -0.005489
     s(2S/5S) = -0.002507
     s(2S/6S) = -0.000854
     s(2P/2P) =  1.000000  <r> =   0.0615  <r2> =    0.0046  r(max) =   0.0476
     s(2P/3P) = -0.008985
     s(2P/4P) = -0.004041
     s(2P/5P) = -0.001714
     s(2P/6P) = -0.000432
     s(3S/3S) =  1.000000  <r> =   0.1746  <r2> =    0.0349  r(max) =   0.1622
     s(3S/4S) = -0.004021
     s(3S/5S) = -0.001771
     s(3S/6S) = -0.000600
     s(3P/3P) =  1.000000  <r> =   0.1766  <r2> =    0.0362  r(max) =   0.1622
     s(3P/4P) = -0.003359
     s(3P/5P) = -0.001375
     s(3P/6P) = -0.000345
     s(4S/4S) =  1.000000  <r> =   0.3845  <r2> =    0.1668  r(max) =   0.3609
     s(4S/5S) = -0.001258
     s(4S/6S) = -0.000418
     s(4P/4P) =  1.000000  <r> =   0.4103  <r2> =    0.1912  r(max) =   0.3842
     s(4P/5P) = -0.000993
     s(4P/6P) = -0.000246
     s(3D/3D) =  1.000000  <r> =   0.1600  <r2> =    0.0299  r(max) =   0.1311
     s(3D/4D) = -0.002460
     s(3D/5D) = -0.000785
     s(5S/5S) =  1.000000  <r> =   0.8524  <r2> =    0.8144  r(max) =   0.7833
     s(5S/6S) = -0.000252
     s(5P/5P) =  1.000000  <r> =   0.9763  <r2> =    1.0758  r(max) =   0.8766
     s(5P/6P) = -0.000141
     s(4D/4D) =  1.000000  <r> =   0.4312  <r2> =    0.2146  r(max) =   0.3890
     s(4D/5D) = -0.000624
     s(4F/4F) =  1.000000  <r> =   0.4539  <r2> =    0.2468  r(max) =   0.3476
     s(5D/5D) =  1.000000  <r> =   1.3067  <r2> =    1.9925  r(max) =   1.0707
     s(6S/6S) =  1.000000  <r> =   2.3044  <r2> =    6.0362  r(max) =   1.9509
     s(6P/6P) =  1.000000  <r> =   3.3422  <r2> =   13.0358  r(max) =   2.6334

     ------------------------ End of All-electron run ------------------------


     ---------------------- Testing the pseudopotential ----------------------

     Pb                                                                         
     scalar relativistic calculation

     atomic number is 82.00   valence charge is 14.00
     dft = SLA  PZ   NOGX NOGC   lsd =0 sic =0 latt =0  beta=0.20 tr2=1.0E-14
     mesh =1281 r(mesh) =  98.81810 xmin = -7.00 dx = 0.01250

     n l     nl             e AE (Ry)        e PS (Ry)    De AE-PS (Ry) 
     1 0     6S   1( 2.00)       -0.90579       -0.90579        0.00000
     2 1     6P   1( 2.00)       -0.27270       -0.27270        0.00000
     3 2     5D   1(10.00)       -1.56456       -1.56457        0.00000

     eps = 1.2E-15  iter =  4
 
     Etot =  -41741.400205 Ry,  -20870.700103 Ha, -567920.681719 eV
     Etotps =  -847.947313 Ry,    -423.973657 Ha,  -11536.910925 eV

     Ekin =     261.011728 Ry,     130.505864 Ha,    3551.245467 eV
     Encl =    -465.458491 Ry,    -232.729246 Ha,   -6332.885395 eV
     Ehrt =     106.957540 Ry,      53.478770 Ha,    1455.231469 eV
     Ecxc =    -750.458089 Ry,    -375.229045 Ha,  -10210.502467 eV
     (Ecc =     -23.022212 Ry,     -11.511106 Ha,    -313.233148 eV)

     ---------------------- End of pseudopotential test ----------------------

