[0] MPI startup(): I_MPI_SHM_LMT environment variable is not supported.
[0] MPI startup(): Similar variables:
	 I_MPI_SHM_HEAP
	 I_MPI_SHM
	 I_MPI_SHM_OPT
	 I_MPI_SHM_THP
[0] MPI startup(): To check the list of supported variables, use the impi_info utility or refer to https://software.intel.com/en-us/mpi-library/documentation/get-started.

     Program LD1 v.7.3.1 starts on 19Sep2024 at 21:46: 5 

     This program is part of the open-source Quantum ESPRESSO suite
     for quantum simulation of materials; please cite
         "P. Giannozzi et al., J. Phys.:Condens. Matter 21 395502 (2009);
         "P. Giannozzi et al., J. Phys.:Condens. Matter 29 465901 (2017);
         "P. Giannozzi et al., J. Chem. Phys. 152 154105 (2020);
          URL http://www.quantum-espresso.org", 
     in publications or presentations arising from this work. More details at
     http://www.quantum-espresso.org/quote

     Parallel version (MPI), running on     1 processors

     MPI processes distributed on     1 nodes
     90012 MiB available memory on the printing compute node when the environment starts
 
     Waiting for input...
     Reading input from standard input
     --------------------------- All-electron run ----------------------------

     Pb                                                                         
     scalar relativistic calculation

     atomic number is 82.00
     dft =LDA   lsd =0 sic =0 latt =0  beta=0.20 tr2=1.0E-14
     Exchange-correlation= LDA
                           (   1   1   0   0   0   0   0)
     mesh =1281 r(mesh) =  98.81810 a.u. xmin = -7.00 dx = 0.01250
     1 Ry =  13.60569312 eV, c = 137.03599908

     n l     nl                  e(Ry)          e(Ha)          e(eV)
     1 0     1S 1( 2.00)     -6472.9756     -3236.4878    -88069.3200
     2 0     2S 1( 2.00)     -1157.8566      -578.9283    -15753.4421
     2 1     2P 1( 6.00)      -993.4006      -496.7003    -13515.9043
     3 0     3S 1( 2.00)      -277.9193      -138.9597     -3781.2852
     3 1     3P 1( 6.00)      -230.7801      -115.3901     -3139.9233
     4 0     4S 1( 2.00)       -62.8655       -31.4328      -855.3293
     4 1     4P 1( 6.00)       -47.4160       -23.7080      -645.1274
     3 2     3D 1(10.00)      -182.6636       -91.3318     -2485.2643
     5 0     5S 1( 2.00)       -10.6149        -5.3074      -144.4228
     5 1     5P 1( 6.00)        -6.3177        -3.1589       -85.9569
     4 2     4D 1(10.00)       -29.5427       -14.7713      -401.9482
     4 3     4F 1(14.00)        -9.7944        -4.8972      -133.2591
     5 2     5D 1(10.00)        -1.5646        -0.7823       -21.2870
     6 0     6S 1( 2.00)        -0.9058        -0.4529       -12.3238
     6 1     6P 1( 2.00)        -0.2727        -0.1363        -3.7103

     final scf error:  6.9E-15 reached in  29 iterations
 
     Etot =  -41741.400205 Ry,  -20870.700103 Ha, -567920.681719 eV

     Ekin =   47183.676117 Ry,   23591.838058 Ha,  641966.617657 eV
     Encl = -104252.812133 Ry,  -52126.406066 Ha,-1418431.769088 eV
     Eh   =   16078.193904 Ry,    8039.096952 Ha,  218754.972225 eV
     Exc  =    -750.458093 Ry,    -375.229046 Ha,  -10210.502514 eV


     normalization and overlap integrals

     s(1S/1S) =  1.000000  <r> =   0.0161  <r2> =    0.0004  r(max) =   0.0099
     s(1S/2S) = -0.040809
     s(1S/3S) = -0.017899
     s(1S/4S) = -0.008913
     s(1S/5S) = -0.004114
     s(1S/6S) = -0.001405
     s(2S/2S) =  1.000000  <r> =   0.0676  <r2> =    0.0054  r(max) =   0.0575
     s(2S/3S) = -0.011574
     s(2S/4S) = -0.005489
     s(2S/5S) = -0.002507
     s(2S/6S) = -0.000854
     s(2P/2P) =  1.000000  <r> =   0.0615  <r2> =    0.0046  r(max) =   0.0476
     s(2P/3P) = -0.008985
     s(2P/4P) = -0.004041
     s(2P/5P) = -0.001714
     s(2P/6P) = -0.000432
     s(3S/3S) =  1.000000  <r> =   0.1746  <r2> =    0.0349  r(max) =   0.1622
     s(3S/4S) = -0.004021
     s(3S/5S) = -0.001771
     s(3S/6S) = -0.000600
     s(3P/3P) =  1.000000  <r> =   0.1766  <r2> =    0.0362  r(max) =   0.1622
     s(3P/4P) = -0.003359
     s(3P/5P) = -0.001375
     s(3P/6P) = -0.000345
     s(4S/4S) =  1.000000  <r> =   0.3845  <r2> =    0.1668  r(max) =   0.3609
     s(4S/5S) = -0.001258
     s(4S/6S) = -0.000418
     s(4P/4P) =  1.000000  <r> =   0.4103  <r2> =    0.1912  r(max) =   0.3842
     s(4P/5P) = -0.000993
     s(4P/6P) = -0.000246
     s(3D/3D) =  1.000000  <r> =   0.1600  <r2> =    0.0299  r(max) =   0.1311
     s(3D/4D) = -0.002460
     s(3D/5D) = -0.000785
     s(5S/5S) =  1.000000  <r> =   0.8524  <r2> =    0.8144  r(max) =   0.7833
     s(5S/6S) = -0.000252
     s(5P/5P) =  1.000000  <r> =   0.9763  <r2> =    1.0758  r(max) =   0.8766
     s(5P/6P) = -0.000141
     s(4D/4D) =  1.000000  <r> =   0.4312  <r2> =    0.2146  r(max) =   0.3890
     s(4D/5D) = -0.000624
     s(4F/4F) =  1.000000  <r> =   0.4539  <r2> =    0.2468  r(max) =   0.3476
     s(5D/5D) =  1.000000  <r> =   1.3067  <r2> =    1.9925  r(max) =   1.0707
     s(6S/6S) =  1.000000  <r> =   2.3044  <r2> =    6.0362  r(max) =   1.9509
     s(6P/6P) =  1.000000  <r> =   3.3422  <r2> =   13.0358  r(max) =   2.6334

     ------------------------ End of All-electron run ------------------------


     --------------------- Generating US pseudopotential ---------------------


      Generating local potential from pseudized AE potential:
      Matching radius rcloc =   2.2000

      Local pseudo, rcloc= 2.211 Estimated cut-off energy=     5.13 Ry

      Computing core charge for nlcc: 

       r > 1.41 : true rho core
      Core charge pseudized with two Bessel functions
      Integrated core pseudo-charge :  12.29
      Wfc-us  6S rcutus= 2.211  Estimated cut-off energy=     9.55 Ry
      Wfc-us  6S rcutus= 2.211  Estimated cut-off energy=    21.49 Ry
      Wfc-us  6P rcutus= 2.568  Estimated cut-off energy=    11.28 Ry
      Wfc-us  6P rcutus= 2.568  Estimated cut-off energy=    11.23 Ry
      Wfc-us  5D rcutus= 2.103  Estimated cut-off energy=    27.33 Ry
      Wfc-us  5D rcutus= 2.103  Estimated cut-off energy=    39.68 Ry

      The bmat matrix
     1.92478     1.73432     0.00000     0.00000     0.00000     0.00000
     1.12150     1.17116     0.00000     0.00000     0.00000     0.00000
     0.00000     0.00000     0.45135     1.96204     0.00000     0.00000
     0.00000     0.00000     0.84119     4.85078     0.00000     0.00000
     0.00000     0.00000     0.00000     0.00000    -1.33111    -0.93300
     0.00000     0.00000     0.00000     0.00000    -0.80146    -0.63270

      The bmat + epsilon qq matrix
     2.14252     1.21494     0.00000     0.00000     0.00000     0.00000
     1.21558     1.08618     0.00000     0.00000     0.00000     0.00000
     0.00000     0.00000     0.46731     0.88603     0.00000     0.00000
     0.00000     0.00000     0.88634     1.53964     0.00000     0.00000
     0.00000     0.00000     0.00000     0.00000    -1.97277    -1.11097
     0.00000     0.00000     0.00000     0.00000    -1.11084    -0.71207

      The qq matrix
    -0.24038    -0.10387     0.00000     0.00000     0.00000     0.00000
    -0.10387    -0.01700     0.00000     0.00000     0.00000     0.00000
     0.00000     0.00000    -0.05853    -0.16554     0.00000     0.00000
     0.00000     0.00000    -0.16554    -0.50941     0.00000     0.00000
     0.00000     0.00000     0.00000     0.00000     0.41012     0.19774
     0.00000     0.00000     0.00000     0.00000     0.19774     0.08819

     Q pseudized with Bessel functions
     Expected ecutrho=     141.0407 due to l1=  2   l2=  2

      The ddd matrix
     0.78170     0.24393     0.00000     0.00000     0.00000     0.00000
     0.24393     0.76292     0.00000     0.00000     0.00000     0.00000
     0.00000     0.00000     0.33042     0.16884     0.00000     0.00000
     0.00000     0.00000     0.16884    -1.27219     0.00000     0.00000
     0.00000     0.00000     0.00000     0.00000     0.86514     0.29035
     0.00000     0.00000     0.00000     0.00000     0.29035    -0.00350

     ------------------- End of pseudopotential generation -------------------

     --------------------------- All-electron run ----------------------------

     Pb                                                                         
     scalar relativistic calculation

     atomic number is 82.00
     dft =LDA   lsd =0 sic =0 latt =0  beta=0.20 tr2=1.0E-14
     Exchange-correlation= LDA
                           (   1   1   0   0   0   0   0)
     mesh =1281 r(mesh) =  98.81810 a.u. xmin = -7.00 dx = 0.01250
     1 Ry =  13.60569312 eV, c = 137.03599908

     n l     nl                  e(Ry)          e(Ha)          e(eV)
     1 0     1S 1( 2.00)     -6472.9756     -3236.4878    -88069.3200
     2 0     2S 1( 2.00)     -1157.8566      -578.9283    -15753.4421
     2 1     2P 1( 6.00)      -993.4006      -496.7003    -13515.9043
     3 0     3S 1( 2.00)      -277.9193      -138.9597     -3781.2852
     3 1     3P 1( 6.00)      -230.7801      -115.3901     -3139.9233
     4 0     4S 1( 2.00)       -62.8655       -31.4328      -855.3293
     4 1     4P 1( 6.00)       -47.4160       -23.7080      -645.1274
     3 2     3D 1(10.00)      -182.6636       -91.3318     -2485.2643
     5 0     5S 1( 2.00)       -10.6149        -5.3074      -144.4228
     5 1     5P 1( 6.00)        -6.3177        -3.1589       -85.9569
     4 2     4D 1(10.00)       -29.5427       -14.7713      -401.9482
     4 3     4F 1(14.00)        -9.7944        -4.8972      -133.2591
     5 2     5D 1(10.00)        -1.5646        -0.7823       -21.2870
     6 0     6S 1( 2.00)        -0.9058        -0.4529       -12.3238
     6 1     6P 1( 2.00)        -0.2727        -0.1363        -3.7103

     final scf error:  6.9E-15 reached in  29 iterations
 
     Etot =  -41741.400205 Ry,  -20870.700103 Ha, -567920.681719 eV

     Ekin =   47183.676117 Ry,   23591.838058 Ha,  641966.617657 eV
     Encl = -104252.812133 Ry,  -52126.406066 Ha,-1418431.769088 eV
     Eh   =   16078.193904 Ry,    8039.096952 Ha,  218754.972225 eV
     Exc  =    -750.458093 Ry,    -375.229046 Ha,  -10210.502514 eV


     normalization and overlap integrals

     s(1S/1S) =  1.000000  <r> =   0.0161  <r2> =    0.0004  r(max) =   0.0099
     s(1S/2S) = -0.040809
     s(1S/3S) = -0.017899
     s(1S/4S) = -0.008913
     s(1S/5S) = -0.004114
     s(1S/6S) = -0.001405
     s(2S/2S) =  1.000000  <r> =   0.0676  <r2> =    0.0054  r(max) =   0.0575
     s(2S/3S) = -0.011574
     s(2S/4S) = -0.005489
     s(2S/5S) = -0.002507
     s(2S/6S) = -0.000854
     s(2P/2P) =  1.000000  <r> =   0.0615  <r2> =    0.0046  r(max) =   0.0476
     s(2P/3P) = -0.008985
     s(2P/4P) = -0.004041
     s(2P/5P) = -0.001714
     s(2P/6P) = -0.000432
     s(3S/3S) =  1.000000  <r> =   0.1746  <r2> =    0.0349  r(max) =   0.1622
     s(3S/4S) = -0.004021
     s(3S/5S) = -0.001771
     s(3S/6S) = -0.000600
     s(3P/3P) =  1.000000  <r> =   0.1766  <r2> =    0.0362  r(max) =   0.1622
     s(3P/4P) = -0.003359
     s(3P/5P) = -0.001375
     s(3P/6P) = -0.000345
     s(4S/4S) =  1.000000  <r> =   0.3845  <r2> =    0.1668  r(max) =   0.3609
     s(4S/5S) = -0.001258
     s(4S/6S) = -0.000418
     s(4P/4P) =  1.000000  <r> =   0.4103  <r2> =    0.1912  r(max) =   0.3842
     s(4P/5P) = -0.000993
     s(4P/6P) = -0.000246
     s(3D/3D) =  1.000000  <r> =   0.1600  <r2> =    0.0299  r(max) =   0.1311
     s(3D/4D) = -0.002460
     s(3D/5D) = -0.000785
     s(5S/5S) =  1.000000  <r> =   0.8524  <r2> =    0.8144  r(max) =   0.7833
     s(5S/6S) = -0.000252
     s(5P/5P) =  1.000000  <r> =   0.9763  <r2> =    1.0758  r(max) =   0.8766
     s(5P/6P) = -0.000141
     s(4D/4D) =  1.000000  <r> =   0.4312  <r2> =    0.2146  r(max) =   0.3890
     s(4D/5D) = -0.000624
     s(4F/4F) =  1.000000  <r> =   0.4539  <r2> =    0.2468  r(max) =   0.3476
     s(5D/5D) =  1.000000  <r> =   1.3067  <r2> =    1.9925  r(max) =   1.0707
     s(6S/6S) =  1.000000  <r> =   2.3044  <r2> =    6.0362  r(max) =   1.9509
     s(6P/6P) =  1.000000  <r> =   3.3422  <r2> =   13.0358  r(max) =   2.6334

     ------------------------ End of All-electron run ------------------------


     ---------------------- Testing the pseudopotential ----------------------

     Pb                                                                         
     scalar relativistic calculation

     atomic number is 82.00   valence charge is 14.00
     dft =LDA   lsd =0 sic =0 latt =0  beta=0.20 tr2=1.0E-14
     mesh =1281 r(mesh) =  98.81810 xmin = -7.00 dx = 0.01250

     n l     nl             e AE (Ry)        e PS (Ry)    De AE-PS (Ry) 
     1 0     6S   1( 2.00)       -0.90579       -0.90579        0.00000
     2 1     6P   1( 2.00)       -0.27270       -0.27270        0.00000
     3 2     5D   1(10.00)       -1.56456       -1.56456        0.00000

     eps = 4.7E-15  iter =  3
 
     Etot =  -41741.400205 Ry,  -20870.700103 Ha, -567920.681719 eV
     Etotps =  -146.162825 Ry,     -73.081412 Ha,   -1988.646541 eV

     Ekin =      30.689647 Ry,      15.344824 Ha,     417.553922 eV
     Encl =    -251.526025 Ry,    -125.763013 Ha,   -3422.185915 eV
     Ehrt =     107.631929 Ry,      53.815964 Ha,    1464.406995 eV
     Ecxc =     -43.833959 Ry,     -21.916980 Ha,    -596.391397 eV
     (Ecc =     -23.022212 Ry,     -11.511106 Ha,    -313.233148 eV)
     Epseu=      10.875584 Ry,       5.437792 Ha,     147.969855 eV

     ---------------------- End of pseudopotential test ----------------------

