[0] MPI startup(): I_MPI_SHM_LMT environment variable is not supported.
[0] MPI startup(): Similar variables:
	 I_MPI_SHM_HEAP
	 I_MPI_SHM
	 I_MPI_SHM_OPT
	 I_MPI_SHM_THP
[0] MPI startup(): To check the list of supported variables, use the impi_info utility or refer to https://software.intel.com/en-us/mpi-library/documentation/get-started.

     Program LD1 v.7.3.1 starts on 19Sep2024 at 21:46: 6 

     This program is part of the open-source Quantum ESPRESSO suite
     for quantum simulation of materials; please cite
         "P. Giannozzi et al., J. Phys.:Condens. Matter 21 395502 (2009);
         "P. Giannozzi et al., J. Phys.:Condens. Matter 29 465901 (2017);
         "P. Giannozzi et al., J. Chem. Phys. 152 154105 (2020);
          URL http://www.quantum-espresso.org", 
     in publications or presentations arising from this work. More details at
     http://www.quantum-espresso.org/quote

     Parallel version (MPI), running on     1 processors

     MPI processes distributed on     1 nodes
     90003 MiB available memory on the printing compute node when the environment starts
 
     Waiting for input...
     Reading input from standard input
     --------------------------- All-electron run ----------------------------

     Pd                                                                         
     scalar relativistic calculation

     atomic number is 46.00
     dft =LDA   lsd =0 sic =0 latt =0  beta=0.20 tr2=1.0E-14
     Exchange-correlation= LDA
                           (   1   1   0   0   0   0   0)
     mesh =1235 r(mesh) =  99.12271 a.u. xmin = -7.00 dx = 0.01250
     1 Ry =  13.60569312 eV, c = 137.03599908

     n l     nl                  e(Ry)          e(Ha)          e(eV)
     1 0     1S 1( 2.00)     -1774.0655      -887.0328    -24137.3911
     2 0     2S 1( 2.00)      -259.1874      -129.5937     -3526.4239
     2 1     2P 1( 6.00)      -232.5451      -116.2726     -3163.9375
     3 0     3S 1( 2.00)       -46.7923       -23.3962      -636.6417
     3 1     3P 1( 6.00)       -38.0350       -19.0175      -517.4927
     4 0     4S 1( 2.00)        -6.3968        -3.1984       -87.0323
     4 1     4P 1( 6.00)        -3.8886        -1.9443       -52.9065
     3 2     3D 1(10.00)       -24.0806       -12.0403      -327.6338
     4 2     4D 1( 9.50)        -0.4083        -0.2041        -5.5549
     5 0     5S 1( 0.50)        -0.3040        -0.1520        -4.1365
     5 1     5P 1( 0.00)        -0.0473        -0.0237        -0.6440

     final scf error:  6.2E-16 reached in  31 iterations
 
     Etot =  -10082.223107 Ry,   -5041.111553 Ha, -137175.633591 eV

     Ekin =   10455.013065 Ry,    5227.506533 Ha,  142247.699365 eV
     Encl =  -24367.504418 Ry,  -12183.752209 Ha, -331536.787291 eV
     Eh   =    4108.290723 Ry,    2054.145361 Ha,   55896.142832 eV
     Exc  =    -278.022477 Ry,    -139.011238 Ha,   -3782.688497 eV


     normalization and overlap integrals

     s(1S/1S) =  1.000000  <r> =   0.0319  <r2> =    0.0014  r(max) =   0.0207
     s(1S/2S) = -0.010989
     s(1S/3S) = -0.004523
     s(1S/4S) = -0.001945
     s(1S/5S) = -0.000494
     s(2S/2S) =  1.000000  <r> =   0.1385  <r2> =    0.0226  r(max) =   0.1175
     s(2S/3S) = -0.002753
     s(2S/4S) = -0.001143
     s(2S/5S) = -0.000289
     s(2P/2P) =  1.000000  <r> =   0.1207  <r2> =    0.0178  r(max) =   0.0938
     s(2P/3P) = -0.002253
     s(2P/4P) = -0.000856
     s(2P/5P) = -0.000130
     s(3S/3S) =  1.000000  <r> =   0.3800  <r2> =    0.1652  r(max) =   0.3443
     s(3S/4S) = -0.000749
     s(3S/5S) = -0.000186
     s(3P/3P) =  1.000000  <r> =   0.3792  <r2> =    0.1671  r(max) =   0.3358
     s(3P/4P) = -0.000617
     s(3P/5P) = -0.000092
     s(4S/4S) =  1.000000  <r> =   0.9449  <r2> =    1.0134  r(max) =   0.8469
     s(4S/5S) = -0.000110
     s(4P/4P) =  1.000000  <r> =   1.0413  <r2> =    1.2466  r(max) =   0.9129
     s(4P/5P) = -0.000054
     s(3D/3D) =  1.000000  <r> =   0.3579  <r2> =    0.1529  r(max) =   0.2819
     s(3D/4D) = -0.000345
     s(4D/4D) =  1.000000  <r> =   1.5448  <r2> =    3.0202  r(max) =   1.1012
     s(5S/5S) =  1.000000  <r> =   3.2672  <r2> =   12.4317  r(max) =   2.6087
     s(5P/5P) =  1.000000  <r> =   5.3895  <r2> =   35.6855  r(max) =   3.8917

     ------------------------ End of All-electron run ------------------------


     --------------------- Generating US pseudopotential ---------------------


      Generating local potential from pseudized AE potential:
      Matching radius rcloc =   2.2000

      Local pseudo, rcloc= 2.217 Estimated cut-off energy=     5.10 Ry

      Computing core charge for nlcc: 

       r > 0.87 : true rho core
       r < 0.87 : rho core = a sin(br)/r    a=  15.97  b=   2.51

      Integrated core pseudo-charge :  10.51
      Wfc-us  5S rcutus= 2.274  Estimated cut-off energy=     8.20 Ry
      Wfc-us  5S rcutus= 2.274  Estimated cut-off energy=    11.91 Ry
      Wfc-us  5P rcutus= 2.576  Estimated cut-off energy=    10.61 Ry
      Wfc-us  5P rcutus= 2.576  Estimated cut-off energy=    24.24 Ry
      Wfc-us  4D rcutus= 1.909  Estimated cut-off energy=    31.93 Ry
      Wfc-us  4D rcutus= 1.909  Estimated cut-off energy=    28.25 Ry

      The bmat matrix
     0.36650     0.61166     0.00000     0.00000     0.00000     0.00000
     0.52620     0.91139     0.00000     0.00000     0.00000     0.00000
     0.00000     0.00000     0.07400     0.13957     0.00000     0.00000
     0.00000     0.00000     0.14223     0.56407     0.00000     0.00000
     0.00000     0.00000     0.00000     0.00000    -1.36645    -1.10726
     0.00000     0.00000     0.00000     0.00000    -0.06935     0.02954

      The bmat + epsilon qq matrix
     0.37269     0.53738     0.00000     0.00000     0.00000     0.00000
     0.53749     0.78614     0.00000     0.00000     0.00000     0.00000
     0.00000     0.00000     0.07408     0.14209     0.00000     0.00000
     0.00000     0.00000     0.14221     0.87770     0.00000     0.00000
     0.00000     0.00000     0.00000     0.00000    -1.46174    -0.15984
     0.00000     0.00000     0.00000     0.00000    -0.15931     0.64670

      The qq matrix
    -0.02038    -0.03714     0.00000     0.00000     0.00000     0.00000
    -0.03714    -0.06263     0.00000     0.00000     0.00000     0.00000
     0.00000     0.00000    -0.00177     0.00040     0.00000     0.00000
     0.00000     0.00000     0.00040     0.04978     0.00000     0.00000
     0.00000     0.00000     0.00000     0.00000     0.23338     0.22033
     0.00000     0.00000     0.00000     0.00000     0.22033     0.14353

     Q pseudized with Bessel functions
     Expected ecutrho=     137.5692 due to l1=  2   l2=  2

      The ddd matrix
     0.39102     0.50347     0.00000     0.00000     0.00000     0.00000
     0.50347     0.65835     0.00000     0.00000     0.00000     0.00000
     0.00000     0.00000     0.10938     0.28470     0.00000     0.00000
     0.00000     0.00000     0.28470     1.08077     0.00000     0.00000
     0.00000     0.00000     0.00000     0.00000    -0.05924     1.09551
     0.00000     0.00000     0.00000     0.00000     1.09551     1.63902

     ------------------- End of pseudopotential generation -------------------

     --------------------------- All-electron run ----------------------------

     Pd                                                                         
     scalar relativistic calculation

     atomic number is 46.00
     dft =LDA   lsd =0 sic =0 latt =0  beta=0.20 tr2=1.0E-14
     Exchange-correlation= LDA
                           (   1   1   0   0   0   0   0)
     mesh =1235 r(mesh) =  99.12271 a.u. xmin = -7.00 dx = 0.01250
     1 Ry =  13.60569312 eV, c = 137.03599908

     n l     nl                  e(Ry)          e(Ha)          e(eV)
     1 0     1S 1( 2.00)     -1774.0655      -887.0328    -24137.3911
     2 0     2S 1( 2.00)      -259.1874      -129.5937     -3526.4239
     2 1     2P 1( 6.00)      -232.5451      -116.2726     -3163.9375
     3 0     3S 1( 2.00)       -46.7923       -23.3962      -636.6417
     3 1     3P 1( 6.00)       -38.0350       -19.0175      -517.4927
     4 0     4S 1( 2.00)        -6.3968        -3.1984       -87.0323
     4 1     4P 1( 6.00)        -3.8886        -1.9443       -52.9065
     3 2     3D 1(10.00)       -24.0806       -12.0403      -327.6338
     4 2     4D 1( 9.50)        -0.4083        -0.2041        -5.5549
     5 0     5S 1( 0.50)        -0.3040        -0.1520        -4.1365
     5 1     5P 1( 0.00)        -0.0473        -0.0237        -0.6440

     final scf error:  6.2E-16 reached in  31 iterations
 
     Etot =  -10082.223107 Ry,   -5041.111553 Ha, -137175.633591 eV

     Ekin =   10455.013065 Ry,    5227.506533 Ha,  142247.699365 eV
     Encl =  -24367.504418 Ry,  -12183.752209 Ha, -331536.787291 eV
     Eh   =    4108.290723 Ry,    2054.145361 Ha,   55896.142832 eV
     Exc  =    -278.022477 Ry,    -139.011238 Ha,   -3782.688497 eV


     normalization and overlap integrals

     s(1S/1S) =  1.000000  <r> =   0.0319  <r2> =    0.0014  r(max) =   0.0207
     s(1S/2S) = -0.010989
     s(1S/3S) = -0.004523
     s(1S/4S) = -0.001945
     s(1S/5S) = -0.000494
     s(2S/2S) =  1.000000  <r> =   0.1385  <r2> =    0.0226  r(max) =   0.1175
     s(2S/3S) = -0.002753
     s(2S/4S) = -0.001143
     s(2S/5S) = -0.000289
     s(2P/2P) =  1.000000  <r> =   0.1207  <r2> =    0.0178  r(max) =   0.0938
     s(2P/3P) = -0.002253
     s(2P/4P) = -0.000856
     s(2P/5P) = -0.000130
     s(3S/3S) =  1.000000  <r> =   0.3800  <r2> =    0.1652  r(max) =   0.3443
     s(3S/4S) = -0.000749
     s(3S/5S) = -0.000186
     s(3P/3P) =  1.000000  <r> =   0.3792  <r2> =    0.1671  r(max) =   0.3358
     s(3P/4P) = -0.000617
     s(3P/5P) = -0.000092
     s(4S/4S) =  1.000000  <r> =   0.9449  <r2> =    1.0134  r(max) =   0.8469
     s(4S/5S) = -0.000110
     s(4P/4P) =  1.000000  <r> =   1.0413  <r2> =    1.2466  r(max) =   0.9129
     s(4P/5P) = -0.000054
     s(3D/3D) =  1.000000  <r> =   0.3579  <r2> =    0.1529  r(max) =   0.2819
     s(3D/4D) = -0.000345
     s(4D/4D) =  1.000000  <r> =   1.5448  <r2> =    3.0202  r(max) =   1.1012
     s(5S/5S) =  1.000000  <r> =   3.2672  <r2> =   12.4317  r(max) =   2.6087
     s(5P/5P) =  1.000000  <r> =   5.3895  <r2> =   35.6855  r(max) =   3.8917

     ------------------------ End of All-electron run ------------------------


     ---------------------- Testing the pseudopotential ----------------------

     Pd                                                                         
     scalar relativistic calculation

     atomic number is 46.00   valence charge is 10.00
     dft =LDA   lsd =0 sic =0 latt =0  beta=0.20 tr2=1.0E-14
     mesh =1235 r(mesh) =  99.12271 xmin = -7.00 dx = 0.01250

     n l     nl             e AE (Ry)        e PS (Ry)    De AE-PS (Ry) 
     1 0     5S   1( 0.50)       -0.30403       -0.30403        0.00000
     2 1     5P   1( 0.00)       -0.04733       -0.04733       -0.00000
     3 2     4D   1( 9.50)       -0.40828       -0.40828        0.00000

     eps = 1.1E-16  iter =  4
 
     Etot =  -10082.223107 Ry,   -5041.111553 Ha, -137175.633591 eV
     Etotps =   -77.954239 Ry,     -38.977120 Ha,   -1060.621459 eV

     Ekin =      30.387275 Ry,      15.193637 Ha,     413.439938 eV
     Encl =    -134.584068 Ry,     -67.292034 Ha,   -1831.109522 eV
     Ehrt =      58.462908 Ry,      29.231454 Ha,     795.428391 eV
     Ecxc =     -31.853101 Ry,     -15.926551 Ha,    -433.383520 eV
     (Ecc =     -16.925215 Ry,      -8.462608 Ha,    -230.279287 eV)
     Epseu=      -0.367254 Ry,      -0.183627 Ha,      -4.996746 eV

     ---------------------- End of pseudopotential test ----------------------

