[0] MPI startup(): I_MPI_SHM_LMT environment variable is not supported.
[0] MPI startup(): Similar variables:
	 I_MPI_SHM_HEAP
	 I_MPI_SHM
	 I_MPI_SHM_OPT
	 I_MPI_SHM_THP
[0] MPI startup(): To check the list of supported variables, use the impi_info utility or refer to https://software.intel.com/en-us/mpi-library/documentation/get-started.

     Program LD1 v.7.3.1 starts on 19Sep2024 at 21:46: 8 

     This program is part of the open-source Quantum ESPRESSO suite
     for quantum simulation of materials; please cite
         "P. Giannozzi et al., J. Phys.:Condens. Matter 21 395502 (2009);
         "P. Giannozzi et al., J. Phys.:Condens. Matter 29 465901 (2017);
         "P. Giannozzi et al., J. Chem. Phys. 152 154105 (2020);
          URL http://www.quantum-espresso.org", 
     in publications or presentations arising from this work. More details at
     http://www.quantum-espresso.org/quote

     Parallel version (MPI), running on     1 processors

     MPI processes distributed on     1 nodes
     90010 MiB available memory on the printing compute node when the environment starts
 
     Waiting for input...
     Reading input from standard input
     --------------------------- All-electron run ----------------------------

     Pt                                                                         
     scalar relativistic calculation

     atomic number is 78.00
     dft =LDA   lsd =0 sic =0 latt =0  beta=0.20 tr2=1.0E-14
     Exchange-correlation= LDA
                           (   1   1   0   0   0   0   0)
     mesh =1277 r(mesh) =  98.81913 a.u. xmin = -7.00 dx = 0.01250
     1 Ry =  13.60569312 eV, c = 137.03599908

     n l     nl                  e(Ry)          e(Ha)          e(eV)
     1 0     1S 1( 2.00)     -5760.5051     -2880.2525    -78375.6646
     2 0     2S 1( 2.00)     -1012.0616      -506.0308    -13769.7999
     2 1     2P 1( 6.00)      -877.3582      -438.6791    -11937.0658
     3 0     3S 1( 2.00)      -237.7007      -118.8504     -3234.0832
     3 1     3P 1( 6.00)      -198.4834       -99.2417     -2700.5041
     4 0     4S 1( 2.00)       -51.0307       -25.5154      -694.3087
     4 1     4P 1( 6.00)       -38.1667       -19.0834      -519.2850
     3 2     3D 1(10.00)      -155.9073       -77.9536     -2121.2264
     5 0     5S 1( 2.00)        -7.5119        -3.7559      -102.2043
     5 1     5P 1( 6.00)        -4.1370        -2.0685       -56.2869
     4 2     4D 1(10.00)       -22.5487       -11.2743      -306.7904
     4 3     4F 1(14.00)        -5.1827        -2.5913       -70.5139
     5 2     5D 1( 9.00)        -0.4687        -0.2344        -6.3772
     6 0     6S 1( 1.00)        -0.4387        -0.2194        -5.9695
     6 1     6P 1( 0.00)        -0.0707        -0.0353        -0.9616

     final scf error:  4.2E-15 reached in  42 iterations
 
     Etot =  -36806.486437 Ry,  -18403.243218 Ha, -500777.759396 eV

     Ekin =   41049.553256 Ry,   20524.776628 Ha,  558507.624442 eV
     Encl =  -91491.701235 Ry,  -45745.850617 Ha,-1244808.010302 eV
     Eh   =   14323.522911 Ry,    7161.761455 Ha,  194881.457167 eV
     Exc  =    -687.861369 Ry,    -343.930685 Ha,   -9358.830704 eV


     normalization and overlap integrals

     s(1S/1S) =  1.000000  <r> =   0.0172  <r2> =    0.0004  r(max) =   0.0106
     s(1S/2S) = -0.036214
     s(1S/3S) = -0.015876
     s(1S/4S) = -0.007834
     s(1S/5S) = -0.003459
     s(1S/6S) = -0.001005
     s(2S/2S) =  1.000000  <r> =   0.0724  <r2> =    0.0062  r(max) =   0.0612
     s(2S/3S) = -0.010197
     s(2S/4S) = -0.004797
     s(2S/5S) = -0.002097
     s(2S/6S) = -0.000608
     s(2P/2P) =  1.000000  <r> =   0.0652  <r2> =    0.0052  r(max) =   0.0507
     s(2P/3P) = -0.007996
     s(2P/4P) = -0.003560
     s(2P/5P) = -0.001420
     s(2P/6P) = -0.000263
     s(3S/3S) =  1.000000  <r> =   0.1872  <r2> =    0.0401  r(max) =   0.1726
     s(3S/4S) = -0.003490
     s(3S/5S) = -0.001474
     s(3S/6S) = -0.000425
     s(3P/3P) =  1.000000  <r> =   0.1883  <r2> =    0.0411  r(max) =   0.1726
     s(3P/4P) = -0.002931
     s(3P/5P) = -0.001131
     s(3P/6P) = -0.000209
     s(4S/4S) =  1.000000  <r> =   0.4153  <r2> =    0.1947  r(max) =   0.3890
     s(4S/5S) = -0.001034
     s(4S/6S) = -0.000294
     s(4P/4P) =  1.000000  <r> =   0.4422  <r2> =    0.2223  r(max) =   0.4089
     s(4P/5P) = -0.000804
     s(4P/6P) = -0.000147
     s(3D/3D) =  1.000000  <r> =   0.1705  <r2> =    0.0340  r(max) =   0.1396
     s(3D/4D) = -0.002137
     s(3D/5D) = -0.000567
     s(5S/5S) =  1.000000  <r> =   0.9512  <r2> =    1.0161  r(max) =   0.8657
     s(5S/6S) = -0.000168
     s(5P/5P) =  1.000000  <r> =   1.1036  <r2> =    1.3802  r(max) =   0.9810
     s(5P/6P) = -0.000079
     s(4D/4D) =  1.000000  <r> =   0.4685  <r2> =    0.2538  r(max) =   0.4193
     s(4D/5D) = -0.000441
     s(4F/4F) =  1.000000  <r> =   0.5162  <r2> =    0.3247  r(max) =   0.3842
     s(5D/5D) =  1.000000  <r> =   1.7009  <r2> =    3.5241  r(max) =   1.2596
     s(6S/6S) =  1.000000  <r> =   2.9039  <r2> =    9.7028  r(max) =   2.3828
     s(6P/6P) =  1.000000  <r> =   4.7711  <r2> =   27.4188  r(max) =   3.5548

     ------------------------ End of All-electron run ------------------------


     --------------------- Generating US pseudopotential ---------------------


      Generating local potential from pseudized AE potential:
      Matching radius rcloc =   2.4000
      Enforcing V''(0)=0 (lloc=-2)

      Local pseudo, rcloc= 2.383 Estimated cut-off energy=     5.77 Ry

      Computing core charge for nlcc: 

       r > 1.62 : true rho core
      Core charge pseudized with two Bessel functions
      Integrated core pseudo-charge :  11.41
      Wfc-us  6S rcutus= 2.383  Estimated cut-off energy=     7.83 Ry
      Wfc-us  6S rcutus= 2.383  Estimated cut-off energy=    13.70 Ry
      Wfc-us  6P rcutus= 2.505  Estimated cut-off energy=    11.19 Ry
      Wfc-us  6P rcutus= 2.505  Estimated cut-off energy=    18.05 Ry
      Wfc-us  5D rcutus= 2.211  Estimated cut-off energy=    23.98 Ry
      Wfc-us  5D rcutus= 2.211  Estimated cut-off energy=    39.22 Ry

      The bmat matrix
     0.53331     0.93287     0.00000     0.00000     0.00000     0.00000
     0.59813     1.12698     0.00000     0.00000     0.00000     0.00000
     0.00000     0.00000     0.08421     0.25922     0.00000     0.00000
     0.00000     0.00000     0.21439     0.78339     0.00000     0.00000
     0.00000     0.00000     0.00000     0.00000    -1.40695    -1.23961
     0.00000     0.00000     0.00000     0.00000    -1.13162    -1.29359

      The bmat + epsilon qq matrix
     0.57500     0.64792     0.00000     0.00000     0.00000     0.00000
     0.64814     0.78867     0.00000     0.00000     0.00000     0.00000
     0.00000     0.00000     0.08411     0.21513     0.00000     0.00000
     0.00000     0.00000     0.21528     0.56408     0.00000     0.00000
     0.00000     0.00000     0.00000     0.00000    -1.51715    -1.17163
     0.00000     0.00000     0.00000     0.00000    -1.17145    -1.30217

      The qq matrix
    -0.09501    -0.11398     0.00000     0.00000     0.00000     0.00000
    -0.11398    -0.13532     0.00000     0.00000     0.00000     0.00000
     0.00000     0.00000     0.00130    -0.01259     0.00000     0.00000
     0.00000     0.00000    -0.01259    -0.06266     0.00000     0.00000
     0.00000     0.00000     0.00000     0.00000     0.23512     0.08498
     0.00000     0.00000     0.00000     0.00000     0.08498    -0.01073

     Q pseudized with Bessel functions
     Expected ecutrho=     423.8647 due to l1=  2   l2=  2

      The ddd matrix
     0.32002     0.33317     0.00000     0.00000     0.00000     0.00000
     0.33317     0.40638     0.00000     0.00000     0.00000     0.00000
     0.00000     0.00000     0.09862     0.19949     0.00000     0.00000
     0.00000     0.00000     0.19949     0.42295     0.00000     0.00000
     0.00000     0.00000     0.00000     0.00000    -0.80714    -0.90410
     0.00000     0.00000     0.00000     0.00000    -0.90410    -1.32577

     ------------------- End of pseudopotential generation -------------------

     --------------------------- All-electron run ----------------------------

     Pt                                                                         
     scalar relativistic calculation

     atomic number is 78.00
     dft =LDA   lsd =0 sic =0 latt =0  beta=0.20 tr2=1.0E-14
     Exchange-correlation= LDA
                           (   1   1   0   0   0   0   0)
     mesh =1277 r(mesh) =  98.81913 a.u. xmin = -7.00 dx = 0.01250
     1 Ry =  13.60569312 eV, c = 137.03599908

     n l     nl                  e(Ry)          e(Ha)          e(eV)
     1 0     1S 1( 2.00)     -5760.5051     -2880.2525    -78375.6646
     2 0     2S 1( 2.00)     -1012.0616      -506.0308    -13769.7999
     2 1     2P 1( 6.00)      -877.3582      -438.6791    -11937.0658
     3 0     3S 1( 2.00)      -237.7007      -118.8504     -3234.0832
     3 1     3P 1( 6.00)      -198.4834       -99.2417     -2700.5041
     4 0     4S 1( 2.00)       -51.0307       -25.5154      -694.3087
     4 1     4P 1( 6.00)       -38.1667       -19.0834      -519.2850
     3 2     3D 1(10.00)      -155.9073       -77.9536     -2121.2264
     5 0     5S 1( 2.00)        -7.5119        -3.7559      -102.2043
     5 1     5P 1( 6.00)        -4.1370        -2.0685       -56.2869
     4 2     4D 1(10.00)       -22.5487       -11.2743      -306.7904
     4 3     4F 1(14.00)        -5.1827        -2.5913       -70.5139
     5 2     5D 1( 9.00)        -0.4687        -0.2344        -6.3772
     6 0     6S 1( 1.00)        -0.4387        -0.2194        -5.9695
     6 1     6P 1( 0.00)        -0.0707        -0.0353        -0.9616

     final scf error:  4.2E-15 reached in  42 iterations
 
     Etot =  -36806.486437 Ry,  -18403.243218 Ha, -500777.759396 eV

     Ekin =   41049.553256 Ry,   20524.776628 Ha,  558507.624442 eV
     Encl =  -91491.701235 Ry,  -45745.850617 Ha,-1244808.010302 eV
     Eh   =   14323.522911 Ry,    7161.761455 Ha,  194881.457167 eV
     Exc  =    -687.861369 Ry,    -343.930685 Ha,   -9358.830704 eV


     normalization and overlap integrals

     s(1S/1S) =  1.000000  <r> =   0.0172  <r2> =    0.0004  r(max) =   0.0106
     s(1S/2S) = -0.036214
     s(1S/3S) = -0.015876
     s(1S/4S) = -0.007834
     s(1S/5S) = -0.003459
     s(1S/6S) = -0.001005
     s(2S/2S) =  1.000000  <r> =   0.0724  <r2> =    0.0062  r(max) =   0.0612
     s(2S/3S) = -0.010197
     s(2S/4S) = -0.004797
     s(2S/5S) = -0.002097
     s(2S/6S) = -0.000608
     s(2P/2P) =  1.000000  <r> =   0.0652  <r2> =    0.0052  r(max) =   0.0507
     s(2P/3P) = -0.007996
     s(2P/4P) = -0.003560
     s(2P/5P) = -0.001420
     s(2P/6P) = -0.000263
     s(3S/3S) =  1.000000  <r> =   0.1872  <r2> =    0.0401  r(max) =   0.1726
     s(3S/4S) = -0.003490
     s(3S/5S) = -0.001474
     s(3S/6S) = -0.000425
     s(3P/3P) =  1.000000  <r> =   0.1883  <r2> =    0.0411  r(max) =   0.1726
     s(3P/4P) = -0.002931
     s(3P/5P) = -0.001131
     s(3P/6P) = -0.000209
     s(4S/4S) =  1.000000  <r> =   0.4153  <r2> =    0.1947  r(max) =   0.3890
     s(4S/5S) = -0.001034
     s(4S/6S) = -0.000294
     s(4P/4P) =  1.000000  <r> =   0.4422  <r2> =    0.2223  r(max) =   0.4089
     s(4P/5P) = -0.000804
     s(4P/6P) = -0.000147
     s(3D/3D) =  1.000000  <r> =   0.1705  <r2> =    0.0340  r(max) =   0.1396
     s(3D/4D) = -0.002137
     s(3D/5D) = -0.000567
     s(5S/5S) =  1.000000  <r> =   0.9512  <r2> =    1.0161  r(max) =   0.8657
     s(5S/6S) = -0.000168
     s(5P/5P) =  1.000000  <r> =   1.1036  <r2> =    1.3802  r(max) =   0.9810
     s(5P/6P) = -0.000079
     s(4D/4D) =  1.000000  <r> =   0.4685  <r2> =    0.2538  r(max) =   0.4193
     s(4D/5D) = -0.000441
     s(4F/4F) =  1.000000  <r> =   0.5162  <r2> =    0.3247  r(max) =   0.3842
     s(5D/5D) =  1.000000  <r> =   1.7009  <r2> =    3.5241  r(max) =   1.2596
     s(6S/6S) =  1.000000  <r> =   2.9039  <r2> =    9.7028  r(max) =   2.3828
     s(6P/6P) =  1.000000  <r> =   4.7711  <r2> =   27.4188  r(max) =   3.5548

     ------------------------ End of All-electron run ------------------------


     ---------------------- Testing the pseudopotential ----------------------

     Pt                                                                         
     scalar relativistic calculation

     atomic number is 78.00   valence charge is 10.00
     dft =LDA   lsd =0 sic =0 latt =0  beta=0.20 tr2=1.0E-14
     mesh =1277 r(mesh) =  98.81913 xmin = -7.00 dx = 0.01250

     n l     nl             e AE (Ry)        e PS (Ry)    De AE-PS (Ry) 
     1 0     6S   1( 1.00)       -0.43875       -0.43875        0.00000
     2 1     6P   1( 0.00)       -0.07068       -0.07068       -0.00000
     3 2     5D   1( 9.00)       -0.46871       -0.46871        0.00000

     eps = 3.1E-15  iter =  3
 
     Etot =  -36806.486437 Ry,  -18403.243218 Ha, -500777.759396 eV
     Etotps =   -71.909654 Ry,     -35.954827 Ha,    -978.380683 eV

     Ekin =      23.555848 Ry,      11.777924 Ha,     320.493632 eV
     Encl =    -108.049892 Ry,     -54.024946 Ha,   -1470.093672 eV
     Ehrt =      50.436584 Ry,      25.218292 Ha,     686.224679 eV
     Ecxc =     -30.908008 Ry,     -15.454004 Ha,    -420.524870 eV
     (Ecc =     -18.261902 Ry,      -9.130951 Ha,    -248.465830 eV)
     Epseu=      -6.944185 Ry,      -3.472093 Ha,     -94.480453 eV

     ---------------------- End of pseudopotential test ----------------------

