[0] MPI startup(): I_MPI_SHM_LMT environment variable is not supported.
[0] MPI startup(): Similar variables:
	 I_MPI_SHM_HEAP
	 I_MPI_SHM
	 I_MPI_SHM_OPT
	 I_MPI_SHM_THP
[0] MPI startup(): To check the list of supported variables, use the impi_info utility or refer to https://software.intel.com/en-us/mpi-library/documentation/get-started.

     Program LD1 v.7.3.1 starts on 19Sep2024 at 21:46:10 

     This program is part of the open-source Quantum ESPRESSO suite
     for quantum simulation of materials; please cite
         "P. Giannozzi et al., J. Phys.:Condens. Matter 21 395502 (2009);
         "P. Giannozzi et al., J. Phys.:Condens. Matter 29 465901 (2017);
         "P. Giannozzi et al., J. Chem. Phys. 152 154105 (2020);
          URL http://www.quantum-espresso.org", 
     in publications or presentations arising from this work. More details at
     http://www.quantum-espresso.org/quote

     Parallel version (MPI), running on     1 processors

     MPI processes distributed on     1 nodes
     90004 MiB available memory on the printing compute node when the environment starts
 
     Waiting for input...
     Reading input from standard input
     --------------------------- All-electron run ----------------------------

     Rh                                                                         
     scalar relativistic calculation

     atomic number is 45.00
     dft =LDA   lsd =0 sic =0 latt =0  beta=0.20 tr2=1.0E-14
     Exchange-correlation= LDA
                           (   1   1   0   0   0   0   0)
     mesh =1233 r(mesh) =  98.82371 a.u. xmin = -7.00 dx = 0.01250
     1 Ry =  13.60569312 eV, c = 137.03599908

     n l     nl                  e(Ry)          e(Ha)          e(eV)
     1 0     1S 1( 2.00)     -1691.1368      -845.5684    -23009.0885
     2 0     2S 1( 2.00)      -245.2372      -122.6186     -3336.6214
     2 1     2P 1( 6.00)      -219.9349      -109.9675     -2992.3674
     3 0     3S 1( 2.00)       -43.7854       -21.8927      -595.7304
     3 1     3P 1( 6.00)       -35.4673       -17.7337      -482.5575
     4 0     4S 1( 2.00)        -6.0676        -3.0338       -82.5534
     4 1     4P 1( 6.00)        -3.7140        -1.8570       -50.5318
     3 2     3D 1(10.00)       -22.1235       -11.0617      -301.0050
     4 2     4D 1( 8.00)        -0.4518        -0.2259        -6.1470
     5 0     5S 1( 1.00)        -0.3376        -0.1688        -4.5928
     5 1     5P 1( 0.00)        -0.0714        -0.0357        -0.9713

     final scf error:  5.5E-15 reached in  28 iterations
 
     Etot =   -9558.999637 Ry,   -4779.499819 Ha, -130056.815626 eV

     Ekin =    9897.155693 Ry,    4948.577847 Ha,  134657.663150 eV
     Encl =  -23082.369667 Ry,  -11541.184833 Ha, -314051.638238 eV
     Eh   =    3893.866322 Ry,    1946.933161 Ha,   52978.750238 eV
     Exc  =    -267.651985 Ry,    -133.825993 Ha,   -3641.590777 eV


     normalization and overlap integrals

     s(1S/1S) =  1.000000  <r> =   0.0327  <r2> =    0.0014  r(max) =   0.0211
     s(1S/2S) = -0.010472
     s(1S/3S) = -0.004291
     s(1S/4S) = -0.001829
     s(1S/5S) = -0.000493
     s(2S/2S) =  1.000000  <r> =   0.1421  <r2> =    0.0238  r(max) =   0.1201
     s(2S/3S) = -0.002606
     s(2S/4S) = -0.001073
     s(2S/5S) = -0.000288
     s(2P/2P) =  1.000000  <r> =   0.1238  <r2> =    0.0187  r(max) =   0.0959
     s(2P/3P) = -0.002133
     s(2P/4P) = -0.000804
     s(2P/5P) = -0.000141
     s(3S/3S) =  1.000000  <r> =   0.3914  <r2> =    0.1753  r(max) =   0.3520
     s(3S/4S) = -0.000699
     s(3S/5S) = -0.000184
     s(3P/3P) =  1.000000  <r> =   0.3910  <r2> =    0.1777  r(max) =   0.3433
     s(3P/4P) = -0.000575
     s(3P/5P) = -0.000099
     s(4S/4S) =  1.000000  <r> =   0.9792  <r2> =    1.0880  r(max) =   0.8766
     s(4S/5S) = -0.000108
     s(4P/4P) =  1.000000  <r> =   1.0810  <r2> =    1.3427  r(max) =   0.9449
     s(4P/5P) = -0.000057
     s(3D/3D) =  1.000000  <r> =   0.3706  <r2> =    0.1643  r(max) =   0.2918
     s(3D/4D) = -0.000320
     s(4D/4D) =  1.000000  <r> =   1.5963  <r2> =    3.1923  r(max) =   1.1541
     s(5S/5S) =  1.000000  <r> =   3.2519  <r2> =   12.2462  r(max) =   2.6336
     s(5P/5P) =  1.000000  <r> =   4.9969  <r2> =   30.0239  r(max) =   3.7842

     ------------------------ End of All-electron run ------------------------


     --------------------- Generating US pseudopotential ---------------------


      Generating local potential from pseudized AE potential:
      Matching radius rcloc =   1.9000

      Local pseudo, rcloc= 1.903 Estimated cut-off energy=     6.96 Ry

      Computing core charge for nlcc: 

       r > 0.91 : true rho core
      Core charge pseudized with two Bessel functions
      Integrated core pseudo-charge :   4.88
      Wfc-us  4S rcutus= 1.679  Estimated cut-off energy=    19.79 Ry
      Wfc-us  5S rcutus= 1.308  Estimated cut-off energy=    54.85 Ry
      Wfc-us  4P rcutus= 1.679  Estimated cut-off energy=    30.09 Ry
      Wfc-us  5P rcutus= 1.679  Estimated cut-off energy=    55.11 Ry
      Wfc-us  4D rcutus= 1.903  Estimated cut-off energy=    32.04 Ry
      Wfc-us  4D rcutus= 1.903  Estimated cut-off energy=    37.56 Ry

      The bmat matrix
    -0.82832     0.79006     0.00000     0.00000     0.00000     0.00000
    -0.09343     0.23882     0.00000     0.00000     0.00000     0.00000
     0.00000     0.00000    -1.82051    -0.16556     0.00000     0.00000
     0.00000     0.00000    -0.43967    -0.15005     0.00000     0.00000
     0.00000     0.00000     0.00000     0.00000    -0.84410    -0.60062
     0.00000     0.00000     0.00000     0.00000    -0.50460    -0.36153

      The bmat + epsilon qq matrix
     1.63856     0.84214     0.00000     0.00000     0.00000     0.00000
     0.84275     0.25800     0.00000     0.00000     0.00000     0.00000
     0.00000     0.00000    -2.07693    -0.16019     0.00000     0.00000
     0.00000     0.00000    -0.15998    -0.14717     0.00000     0.00000
     0.00000     0.00000     0.00000     0.00000    -0.92982    -0.56234
     0.00000     0.00000     0.00000     0.00000    -0.56225    -0.33581

      The qq matrix
    -0.40657    -0.15429     0.00000     0.00000     0.00000     0.00000
    -0.15429    -0.05682     0.00000     0.00000     0.00000     0.00000
     0.00000     0.00000     0.06904    -0.07531     0.00000     0.00000
     0.00000     0.00000    -0.07531    -0.04034     0.00000     0.00000
     0.00000     0.00000     0.00000     0.00000     0.18972     0.12760
     0.00000     0.00000     0.00000     0.00000     0.12760     0.08576

     Q pseudized with Bessel functions
     Expected ecutrho=     438.9743 due to l1=  2   l2=  2

      The ddd matrix
    -2.58646    -0.79222     0.00000     0.00000     0.00000     0.00000
    -0.79222    -0.34994     0.00000     0.00000     0.00000     0.00000
     0.00000     0.00000    -1.59784    -0.82996     0.00000     0.00000
     0.00000     0.00000    -0.82996    -0.51840     0.00000     0.00000
     0.00000     0.00000     0.00000     0.00000     0.55656     0.44204
     0.00000     0.00000     0.00000     0.00000     0.44204     0.34271

     ------------------- End of pseudopotential generation -------------------

     --------------------------- All-electron run ----------------------------

     Rh                                                                         
     scalar relativistic calculation

     atomic number is 45.00
     dft =LDA   lsd =0 sic =0 latt =0  beta=0.20 tr2=1.0E-14
     Exchange-correlation= LDA
                           (   1   1   0   0   0   0   0)
     mesh =1233 r(mesh) =  98.82371 a.u. xmin = -7.00 dx = 0.01250
     1 Ry =  13.60569312 eV, c = 137.03599908

     n l     nl                  e(Ry)          e(Ha)          e(eV)
     1 0     1S 1( 2.00)     -1691.1368      -845.5684    -23009.0885
     2 0     2S 1( 2.00)      -245.2372      -122.6186     -3336.6214
     2 1     2P 1( 6.00)      -219.9349      -109.9675     -2992.3674
     3 0     3S 1( 2.00)       -43.7854       -21.8927      -595.7304
     3 1     3P 1( 6.00)       -35.4673       -17.7337      -482.5575
     4 0     4S 1( 2.00)        -6.0676        -3.0338       -82.5534
     4 1     4P 1( 6.00)        -3.7140        -1.8570       -50.5318
     3 2     3D 1(10.00)       -22.1235       -11.0617      -301.0050
     4 2     4D 1( 8.00)        -0.4518        -0.2259        -6.1470
     5 0     5S 1( 1.00)        -0.3376        -0.1688        -4.5928
     5 1     5P 1( 0.00)        -0.0714        -0.0357        -0.9713

     final scf error:  5.5E-15 reached in  28 iterations
 
     Etot =   -9558.999637 Ry,   -4779.499819 Ha, -130056.815626 eV

     Ekin =    9897.155693 Ry,    4948.577847 Ha,  134657.663150 eV
     Encl =  -23082.369667 Ry,  -11541.184833 Ha, -314051.638238 eV
     Eh   =    3893.866322 Ry,    1946.933161 Ha,   52978.750238 eV
     Exc  =    -267.651985 Ry,    -133.825993 Ha,   -3641.590777 eV


     normalization and overlap integrals

     s(1S/1S) =  1.000000  <r> =   0.0327  <r2> =    0.0014  r(max) =   0.0211
     s(1S/2S) = -0.010472
     s(1S/3S) = -0.004291
     s(1S/4S) = -0.001829
     s(1S/5S) = -0.000493
     s(2S/2S) =  1.000000  <r> =   0.1421  <r2> =    0.0238  r(max) =   0.1201
     s(2S/3S) = -0.002606
     s(2S/4S) = -0.001073
     s(2S/5S) = -0.000288
     s(2P/2P) =  1.000000  <r> =   0.1238  <r2> =    0.0187  r(max) =   0.0959
     s(2P/3P) = -0.002133
     s(2P/4P) = -0.000804
     s(2P/5P) = -0.000141
     s(3S/3S) =  1.000000  <r> =   0.3914  <r2> =    0.1753  r(max) =   0.3520
     s(3S/4S) = -0.000699
     s(3S/5S) = -0.000184
     s(3P/3P) =  1.000000  <r> =   0.3910  <r2> =    0.1777  r(max) =   0.3433
     s(3P/4P) = -0.000575
     s(3P/5P) = -0.000099
     s(4S/4S) =  1.000000  <r> =   0.9792  <r2> =    1.0880  r(max) =   0.8766
     s(4S/5S) = -0.000108
     s(4P/4P) =  1.000000  <r> =   1.0810  <r2> =    1.3427  r(max) =   0.9449
     s(4P/5P) = -0.000057
     s(3D/3D) =  1.000000  <r> =   0.3706  <r2> =    0.1643  r(max) =   0.2918
     s(3D/4D) = -0.000320
     s(4D/4D) =  1.000000  <r> =   1.5963  <r2> =    3.1923  r(max) =   1.1541
     s(5S/5S) =  1.000000  <r> =   3.2519  <r2> =   12.2462  r(max) =   2.6336
     s(5P/5P) =  1.000000  <r> =   4.9969  <r2> =   30.0239  r(max) =   3.7842

     ------------------------ End of All-electron run ------------------------


     ---------------------- Testing the pseudopotential ----------------------

     Rh                                                                         
     scalar relativistic calculation

     atomic number is 45.00   valence charge is 17.00
     dft =LDA   lsd =0 sic =0 latt =0  beta=0.20 tr2=1.0E-14
     mesh =1233 r(mesh) =  98.82371 xmin = -7.00 dx = 0.01250

     n l     nl             e AE (Ry)        e PS (Ry)    De AE-PS (Ry) 
     1 0     4S   1( 2.00)       -6.06756       -6.06754       -0.00003
     2 0     5S   1( 1.00)       -0.33756       -0.33756       -0.00000
     2 1     4P   1( 6.00)       -3.71402       -3.71400       -0.00002
     3 1     5P   1( 0.00)       -0.07139       -0.07139       -0.00000
     3 2     4D   1( 8.00)       -0.45179       -0.45178       -0.00001

     eps = 2.8E-17  iter =  6
 
     Etot =   -9558.999637 Ry,   -4779.499819 Ha, -130056.815626 eV
     Etotps =  -232.639764 Ry,    -116.319882 Ha,   -3165.225242 eV

     Ekin =      60.749683 Ry,      30.374842 Ha,     826.541545 eV
     Encl =    -435.616771 Ry,    -217.808385 Ha,   -5926.868101 eV
     Ehrt =     188.923910 Ry,      94.461955 Ha,    2570.440741 eV
     Ecxc =     -36.038585 Ry,     -18.019293 Ha,    -490.329929 eV
     (Ecc =     -11.258489 Ry,      -5.629245 Ha,    -153.179549 eV)
     Epseu=     -10.658002 Ry,      -5.329001 Ha,    -145.009499 eV

     ---------------------- End of pseudopotential test ----------------------

