[0] MPI startup(): I_MPI_SHM_LMT environment variable is not supported.
[0] MPI startup(): Similar variables:
	 I_MPI_SHM_HEAP
	 I_MPI_SHM
	 I_MPI_SHM_OPT
	 I_MPI_SHM_THP
[0] MPI startup(): To check the list of supported variables, use the impi_info utility or refer to https://software.intel.com/en-us/mpi-library/documentation/get-started.

     Program LD1 v.7.3.1 starts on 19Sep2024 at 21:46:15 

     This program is part of the open-source Quantum ESPRESSO suite
     for quantum simulation of materials; please cite
         "P. Giannozzi et al., J. Phys.:Condens. Matter 21 395502 (2009);
         "P. Giannozzi et al., J. Phys.:Condens. Matter 29 465901 (2017);
         "P. Giannozzi et al., J. Chem. Phys. 152 154105 (2020);
          URL http://www.quantum-espresso.org", 
     in publications or presentations arising from this work. More details at
     http://www.quantum-espresso.org/quote

     Parallel version (MPI), running on     1 processors

     MPI processes distributed on     1 nodes
     89995 MiB available memory on the printing compute node when the environment starts
 
     Waiting for input...
     Reading input from standard input
     --------------------------- All-electron run ----------------------------

     S                                                                          
     scalar relativistic calculation

     atomic number is 16.00
     dft =LDA   lsd =0 sic =0 latt =0  beta=0.20 tr2=1.0E-14
     Exchange-correlation= LDA
                           (   1   1   0   0   0   0   0)
     mesh =1151 r(mesh) =  99.72449 a.u. xmin = -7.00 dx = 0.01250
     1 Ry =  13.60569312 eV, c = 137.03599908

     n l     nl                  e(Ry)          e(Ha)          e(eV)
     1 0     1S 1( 2.00)      -176.1918       -88.0959     -2397.2114
     2 0     2S 1( 2.00)       -15.4931        -7.7465      -210.7941
     2 1     2P 1( 6.00)       -11.5037        -5.7518      -156.5158
     3 0     3S 1( 2.00)        -1.2704        -0.6352       -17.2842
     3 1     3P 1( 4.00)        -0.5227        -0.2614        -7.1120

     final scf error:  4.6E-15 reached in  27 iterations
 
     Etot =    -795.661173 Ry,    -397.830586 Ha,  -10825.521747 eV

     Ekin =     798.026441 Ry,     399.013220 Ha,   10857.702854 eV
     Encl =   -1899.490147 Ry,    -949.745074 Ha,  -25843.880034 eV
     Eh   =     354.221890 Ry,     177.110945 Ha,    4819.434336 eV
     Exc  =     -48.419356 Ry,     -24.209678 Ha,    -658.778904 eV


     normalization and overlap integrals

     s(1S/1S) =  1.000000  <r> =   0.0972  <r2> =    0.0127  r(max) =   0.0633
     s(1S/2S) = -0.001061
     s(1S/3S) = -0.000329
     s(2S/2S) =  1.000000  <r> =   0.4810  <r2> =    0.2755  r(max) =   0.3877
     s(2S/3S) = -0.000170
     s(2P/2P) =  1.000000  <r> =   0.4434  <r2> =    0.2461  r(max) =   0.3254
     s(2P/3P) = -0.000119
     s(3S/3S) =  1.000000  <r> =   1.6939  <r2> =    3.3474  r(max) =   1.4048
     s(3P/3P) =  1.000000  <r> =   2.0725  <r2> =    5.1850  r(max) =   1.5919

     ------------------------ End of All-electron run ------------------------


     --------------------- Generating PAW atomic setup --------------------


      Generating local pot.: lloc=2, matching radius rcloc =   1.9000

      Computing core charge for nlcc: 

       r > 1.21 : true rho core
      Core charge pseudized with two Bessel functions
      Integrated core pseudo-charge :   1.73
      Wfc-us  3S rcutus= 2.122  Estimated cut-off energy=    11.10 Ry
      Wfc-us  3S rcutus= 2.122  Estimated cut-off energy=    11.87 Ry
      Wfc-us  3P rcutus= 2.122  Estimated cut-off energy=    17.32 Ry
      Wfc-us  3P rcutus= 2.122  Estimated cut-off energy=    17.58 Ry

      The bmat matrix
     3.74620     5.82888     0.00000     0.00000
     3.37960     5.79769     0.00000     0.00000
     0.00000     0.00000     0.69247     0.19971
     0.00000     0.00000     0.47837     0.50000

      The bmat + epsilon qq matrix
     4.19636     3.80730     0.00000     0.00000
     3.80762     3.52543     0.00000     0.00000
     0.00000     0.00000     0.71021     0.45586
     0.00000     0.00000     0.45605     0.82389

      The qq matrix
    -0.35435    -0.33693     0.00000     0.00000
    -0.33693    -0.37871     0.00000     0.00000
     0.00000     0.00000    -0.03394     0.04269
     0.00000     0.00000     0.04269     0.05398


    multipoles (all-electron charge) - (pseudo charge)
        ns l1:ns1 l2    l=0     l=1     l=2     l=3     l=4     l=5  
         1  0:  1  0 -0.3544
         2  0:  1  0 -0.3369
         2  0:  2  0 -0.3787
         3  1:  1  0  0.0000  0.1366
         3  1:  2  0  0.0000  0.0971
         3  1:  3  1 -0.0339  0.0000 -0.0550
         4  1:  1  0  0.0000 -0.0017
         4  1:  2  0  0.0000  0.0472
         4  1:  3  1  0.0427  0.0000  0.0564
         4  1:  4  1  0.0540  0.0000  0.0374
     Required augmentation: PSQ   radius:    1.900000

     Q pseudized with Bessel functions
     Expected ecutrho=      77.3524 due to l1=  1   l2=  1

     Estimated PAW energy =  -63.470202 Ryd

     The PAW screened D coefficients
     4.19636     3.80762     0.00000     0.00000
     3.80762     3.52543     0.00000     0.00000
     0.00000     0.00000     0.71021     0.45605
     0.00000     0.00000     0.45605     0.82389

     The PAW descreened D coefficients (US)
     1.14418     0.42198     0.00000     0.00000
     0.42198    -0.03447     0.00000     0.00000
     0.00000     0.00000     0.63497     0.72957
     0.00000     0.00000     0.72957     1.68908

     ------------------- End of pseudopotential generation -------------------

     --------------------------- All-electron run ----------------------------

     S                                                                          
     scalar relativistic calculation

     atomic number is 16.00
     dft = SLA  PZ   NOGX NOGC   lsd =0 sic =0 latt =0  beta=0.20 tr2=1.0E-14
     Exchange-correlation=  SLA  PZ   NOGX NOGC
                           (   1   1   0   0   0   0   0)
     mesh =1151 r(mesh) =  99.72449 a.u. xmin = -7.00 dx = 0.01250
     1 Ry =  13.60569312 eV, c = 137.03599908

     n l     nl                  e(Ry)          e(Ha)          e(eV)
     1 0     1S 1( 2.00)      -176.1918       -88.0959     -2397.2114
     2 0     2S 1( 2.00)       -15.4931        -7.7465      -210.7941
     2 1     2P 1( 6.00)       -11.5037        -5.7518      -156.5158
     3 0     3S 1( 2.00)        -1.2704        -0.6352       -17.2842
     3 1     3P 1( 4.00)        -0.5227        -0.2614        -7.1120

     final scf error:  4.6E-15 reached in  27 iterations
 
     Etot =    -795.661173 Ry,    -397.830586 Ha,  -10825.521747 eV

     Ekin =     798.026441 Ry,     399.013220 Ha,   10857.702854 eV
     Encl =   -1899.490147 Ry,    -949.745074 Ha,  -25843.880034 eV
     Eh   =     354.221890 Ry,     177.110945 Ha,    4819.434336 eV
     Exc  =     -48.419356 Ry,     -24.209678 Ha,    -658.778904 eV


     normalization and overlap integrals

     s(1S/1S) =  1.000000  <r> =   0.0972  <r2> =    0.0127  r(max) =   0.0633
     s(1S/2S) = -0.001061
     s(1S/3S) = -0.000329
     s(2S/2S) =  1.000000  <r> =   0.4810  <r2> =    0.2755  r(max) =   0.3877
     s(2S/3S) = -0.000170
     s(2P/2P) =  1.000000  <r> =   0.4434  <r2> =    0.2461  r(max) =   0.3254
     s(2P/3P) = -0.000119
     s(3S/3S) =  1.000000  <r> =   1.6939  <r2> =    3.3474  r(max) =   1.4048
     s(3P/3P) =  1.000000  <r> =   2.0725  <r2> =    5.1850  r(max) =   1.5919

     ------------------------ End of All-electron run ------------------------


     ---------------------- Testing the pseudopotential ----------------------

     S                                                                          
     scalar relativistic calculation

     atomic number is 16.00   valence charge is  6.00
     dft = SLA  PZ   NOGX NOGC   lsd =0 sic =0 latt =0  beta=0.20 tr2=1.0E-14
     mesh =1151 r(mesh) =  99.72449 xmin = -7.00 dx = 0.01250

     n l     nl             e AE (Ry)        e PS (Ry)    De AE-PS (Ry) 
     1 0     3S   1( 2.00)       -1.27036       -1.27036        0.00000
     2 1     3P   1( 4.00)       -0.52273       -0.52273        0.00000

     eps = 1.3E-15  iter =  3
 
     Etot =    -795.661173 Ry,    -397.830586 Ha,  -10825.521747 eV
     Etotps =   -63.470209 Ry,     -31.735104 Ha,    -863.556184 eV

     Ekin =      26.728521 Ry,      13.364260 Ha,     363.660051 eV
     Encl =     -58.624584 Ry,     -29.312292 Ha,    -797.628106 eV
     Ehrt =      16.845209 Ry,       8.422605 Ha,     229.190750 eV
     Ecxc =     -48.419355 Ry,     -24.209677 Ha,    -658.778880 eV
     (Ecc =      -2.158877 Ry,      -1.079438 Ha,     -29.373013 eV)

     ---------------------- End of pseudopotential test ----------------------

