[0] MPI startup(): I_MPI_SHM_LMT environment variable is not supported.
[0] MPI startup(): Similar variables:
	 I_MPI_SHM_HEAP
	 I_MPI_SHM
	 I_MPI_SHM_OPT
	 I_MPI_SHM_THP
[0] MPI startup(): To check the list of supported variables, use the impi_info utility or refer to https://software.intel.com/en-us/mpi-library/documentation/get-started.

     Program LD1 v.7.3.1 starts on 19Sep2024 at 21:46:13 

     This program is part of the open-source Quantum ESPRESSO suite
     for quantum simulation of materials; please cite
         "P. Giannozzi et al., J. Phys.:Condens. Matter 21 395502 (2009);
         "P. Giannozzi et al., J. Phys.:Condens. Matter 29 465901 (2017);
         "P. Giannozzi et al., J. Chem. Phys. 152 154105 (2020);
          URL http://www.quantum-espresso.org", 
     in publications or presentations arising from this work. More details at
     http://www.quantum-espresso.org/quote

     Parallel version (MPI), running on     1 processors

     MPI processes distributed on     1 nodes
     89993 MiB available memory on the printing compute node when the environment starts
 
     Waiting for input...
     Reading input from standard input
     --------------------------- All-electron run ----------------------------

     Si                                                                         
     scalar relativistic calculation

     atomic number is 14.00
     dft =LDA   lsd =0 sic =0 latt =0  beta=0.20 tr2=1.0E-14
     Exchange-correlation= LDA
                           (   1   1   0   0   0   0   0)
     mesh =1141 r(mesh) = 100.57892 a.u. xmin = -7.00 dx = 0.01250
     1 Ry =  13.60569312 eV, c = 137.03599908

     n l     nl                  e(Ry)          e(Ha)          e(eV)
     1 0     1S 1( 2.00)      -130.7150       -65.3575     -1778.4678
     2 0     2S 1( 2.00)       -10.1968        -5.0984      -138.7341
     2 1     2P 1( 6.00)        -7.0265        -3.5133       -95.6005
     3 0     3S 1( 2.00)        -0.8000        -0.4000       -10.8844
     3 1     3P 1( 2.00)        -0.3064        -0.1532        -4.1687

     final scf error:  7.1E-15 reached in  24 iterations
 
     Etot =    -577.639429 Ry,    -288.819714 Ha,   -7859.184802 eV

     Ekin =     578.502686 Ry,     289.251343 Ha,    7870.930010 eV
     Encl =   -1380.991066 Ry,    -690.495533 Ha,  -18789.340653 eV
     Eh   =     264.037620 Ry,     132.018810 Ha,    3592.414836 eV
     Exc  =     -39.188668 Ry,     -19.594334 Ha,    -533.188995 eV


     normalization and overlap integrals

     s(1S/1S) =  1.000000  <r> =   0.1116  <r2> =    0.0168  r(max) =   0.0732
     s(1S/2S) = -0.000779
     s(1S/3S) = -0.000220
     s(2S/2S) =  1.000000  <r> =   0.5706  <r2> =    0.3895  r(max) =   0.4543
     s(2S/3S) = -0.000109
     s(2P/2P) =  1.000000  <r> =   0.5387  <r2> =    0.3668  r(max) =   0.3861
     s(2P/3P) = -0.000072
     s(3S/3S) =  1.000000  <r> =   2.1579  <r2> =    5.4402  r(max) =   1.7744
     s(3P/3P) =  1.000000  <r> =   2.7934  <r2> =    9.4068  r(max) =   2.1403

     ------------------------ End of All-electron run ------------------------


     --------------------- Generating PAW atomic setup --------------------


      Generating local pot.: lloc=2, matching radius rcloc =   2.0000

      Computing core charge for nlcc: 

       r > 1.31 : true rho core
      Core charge pseudized with two Bessel functions
      Integrated core pseudo-charge :   2.64
      Wfc-us  3S rcutus= 2.087  Estimated cut-off energy=    10.69 Ry
      Wfc-us  3S rcutus= 2.087  Estimated cut-off energy=    27.44 Ry
      Wfc-us  3P rcutus= 2.087  Estimated cut-off energy=    17.10 Ry
      Wfc-us  3P rcutus= 2.087  Estimated cut-off energy=    37.91 Ry

      The bmat matrix
     1.75960     1.14362     0.00000     0.00000
     0.91720     0.91204     0.00000     0.00000
     0.00000     0.00000     0.35373     0.73848
     0.00000     0.00000     0.49105     1.32618

      The bmat + epsilon qq matrix
     1.90995     0.94363     0.00000     0.00000
     0.94386     1.19960     0.00000     0.00000
     0.00000     0.00000     0.36271     0.50294
     0.00000     0.00000     0.50308     0.91473

      The qq matrix
    -0.18794    -0.03333     0.00000     0.00000
    -0.03333     0.04793     0.00000     0.00000
     0.00000     0.00000    -0.02932    -0.03926
     0.00000     0.00000    -0.03926    -0.06858


    multipoles (all-electron charge) - (pseudo charge)
        ns l1:ns1 l2    l=0     l=1     l=2     l=3     l=4     l=5  
         1  0:  1  0 -0.1879
         2  0:  1  0 -0.0333
         2  0:  2  0  0.0479
         3  1:  1  0  0.0000  0.0943
         3  1:  2  0  0.0000 -0.0038
         3  1:  3  1 -0.0293  0.0000 -0.0573
         4  1:  1  0  0.0000  0.1213
         4  1:  2  0  0.0000  0.0051
         4  1:  3  1 -0.0393  0.0000 -0.0497
         4  1:  4  1 -0.0686  0.0000 -0.0649
     Required augmentation: PSQ   radius:    1.800000

     Q pseudized with Bessel functions
     Expected ecutrho=      83.9490 due to l1=  1   l2=  1

     Estimated PAW energy =  -44.206359 Ryd

     The PAW screened D coefficients
     1.90995     0.94386     0.00000     0.00000
     0.94386     1.19960     0.00000     0.00000
     0.00000     0.00000     0.36271     0.50308
     0.00000     0.00000     0.50308     0.91473

     The PAW descreened D coefficients (US)
     0.73421     0.58417     0.00000     0.00000
     0.58417     1.74246     0.00000     0.00000
     0.00000     0.00000     0.29966     0.25125
     0.00000     0.00000     0.25125     0.48334

     ------------------- End of pseudopotential generation -------------------

     --------------------------- All-electron run ----------------------------

     Si                                                                         
     scalar relativistic calculation

     atomic number is 14.00
     dft = SLA  PZ   NOGX NOGC   lsd =0 sic =0 latt =0  beta=0.20 tr2=1.0E-14
     Exchange-correlation=  SLA  PZ   NOGX NOGC
                           (   1   1   0   0   0   0   0)
     mesh =1141 r(mesh) = 100.57892 a.u. xmin = -7.00 dx = 0.01250
     1 Ry =  13.60569312 eV, c = 137.03599908

     n l     nl                  e(Ry)          e(Ha)          e(eV)
     1 0     1S 1( 2.00)      -130.7150       -65.3575     -1778.4678
     2 0     2S 1( 2.00)       -10.1968        -5.0984      -138.7341
     2 1     2P 1( 6.00)        -7.0265        -3.5133       -95.6005
     3 0     3S 1( 2.00)        -0.8000        -0.4000       -10.8844
     3 1     3P 1( 2.00)        -0.3064        -0.1532        -4.1687

     final scf error:  7.1E-15 reached in  24 iterations
 
     Etot =    -577.639429 Ry,    -288.819714 Ha,   -7859.184802 eV

     Ekin =     578.502686 Ry,     289.251343 Ha,    7870.930010 eV
     Encl =   -1380.991066 Ry,    -690.495533 Ha,  -18789.340653 eV
     Eh   =     264.037620 Ry,     132.018810 Ha,    3592.414836 eV
     Exc  =     -39.188668 Ry,     -19.594334 Ha,    -533.188995 eV


     normalization and overlap integrals

     s(1S/1S) =  1.000000  <r> =   0.1116  <r2> =    0.0168  r(max) =   0.0732
     s(1S/2S) = -0.000779
     s(1S/3S) = -0.000220
     s(2S/2S) =  1.000000  <r> =   0.5706  <r2> =    0.3895  r(max) =   0.4543
     s(2S/3S) = -0.000109
     s(2P/2P) =  1.000000  <r> =   0.5387  <r2> =    0.3668  r(max) =   0.3861
     s(2P/3P) = -0.000072
     s(3S/3S) =  1.000000  <r> =   2.1579  <r2> =    5.4402  r(max) =   1.7744
     s(3P/3P) =  1.000000  <r> =   2.7934  <r2> =    9.4068  r(max) =   2.1403

     ------------------------ End of All-electron run ------------------------


     ---------------------- Testing the pseudopotential ----------------------

     Si                                                                         
     scalar relativistic calculation

     atomic number is 14.00   valence charge is  4.00
     dft = SLA  PZ   NOGX NOGC   lsd =0 sic =0 latt =0  beta=0.20 tr2=1.0E-14
     mesh =1141 r(mesh) = 100.57892 xmin = -7.00 dx = 0.01250

     n l     nl             e AE (Ry)        e PS (Ry)    De AE-PS (Ry) 
     1 0     3S   1( 2.00)       -0.79999       -0.79999        0.00000
     2 1     3P   1( 2.00)       -0.30639       -0.30639        0.00000

     eps = 8.3E-16  iter =  3
 
     Etot =    -577.639429 Ry,    -288.819714 Ha,   -7859.184802 eV
     Etotps =   -44.206365 Ry,     -22.103182 Ha,    -601.458231 eV

     Ekin =      10.635345 Ry,       5.317673 Ha,     144.701243 eV
     Encl =     -21.546919 Ry,     -10.773460 Ha,    -293.160771 eV
     Ehrt =       5.893877 Ry,       2.946938 Ha,      80.190279 eV
     Ecxc =     -39.188667 Ry,     -19.594334 Ha,    -533.188981 eV
     (Ecc =      -3.358730 Ry,      -1.679365 Ha,     -45.697849 eV)

     ---------------------- End of pseudopotential test ----------------------

