[0] MPI startup(): I_MPI_SHM_LMT environment variable is not supported.
[0] MPI startup(): Similar variables:
	 I_MPI_SHM_HEAP
	 I_MPI_SHM
	 I_MPI_SHM_OPT
	 I_MPI_SHM_THP
[0] MPI startup(): To check the list of supported variables, use the impi_info utility or refer to https://software.intel.com/en-us/mpi-library/documentation/get-started.

     Program LD1 v.7.3.1 starts on 19Sep2024 at 21:46:14 

     This program is part of the open-source Quantum ESPRESSO suite
     for quantum simulation of materials; please cite
         "P. Giannozzi et al., J. Phys.:Condens. Matter 21 395502 (2009);
         "P. Giannozzi et al., J. Phys.:Condens. Matter 29 465901 (2017);
         "P. Giannozzi et al., J. Chem. Phys. 152 154105 (2020);
          URL http://www.quantum-espresso.org", 
     in publications or presentations arising from this work. More details at
     http://www.quantum-espresso.org/quote

     Parallel version (MPI), running on     1 processors

     MPI processes distributed on     1 nodes
     89998 MiB available memory on the printing compute node when the environment starts
 
     Waiting for input...
     Reading input from standard input
     --------------------------- All-electron run ----------------------------

     Sn                                                                         
     scalar relativistic calculation

     atomic number is 50.00
     dft =LDA   lsd =0 sic =0 latt =0  beta=0.20 tr2=1.0E-14
     Exchange-correlation= LDA
                           (   1   1   0   0   0   0   0)
     mesh =1243 r(mesh) = 100.78374 a.u. xmin = -7.00 dx = 0.01250
     1 Ry =  13.60569312 eV, c = 137.03599908

     n l     nl                  e(Ry)          e(Ha)          e(eV)
     1 0     1S 1( 2.00)     -2130.0028     -1065.0014    -28980.1651
     2 0     2S 1( 2.00)      -321.6218      -160.8109     -4375.8869
     2 1     2P 1( 6.00)      -288.8968      -144.4484     -3930.6415
     3 0     3S 1( 2.00)       -62.0253       -31.0127      -843.8973
     3 1     3P 1( 6.00)       -51.3305       -25.6653      -698.3871
     4 0     4S 1( 2.00)        -9.8232        -4.9116      -133.6515
     4 1     4P 1( 6.00)        -6.5823        -3.2911       -89.5562
     3 2     3D 1(10.00)       -34.8160       -17.4080      -473.6958
     4 2     4D 1(10.00)        -1.9034        -0.9517       -25.8970
     5 0     5S 1( 2.00)        -0.7948        -0.3974       -10.8144
     5 1     5P 1( 2.00)        -0.2847        -0.1423        -3.8733

     final scf error:  1.6E-15 reached in  29 iterations
 
     Etot =  -12343.731820 Ry,   -6171.865910 Ha, -167945.027140 eV

     Ekin =   12884.626329 Ry,    6442.313164 Ha,  175304.271831 eV
     Encl =  -29860.145645 Ry,  -14930.072822 Ha, -406267.978248 eV
     Eh   =    4950.545965 Ry,    2475.272982 Ha,   67355.609190 eV
     Exc  =    -318.758469 Ry,    -159.379235 Ha,   -4336.929913 eV


     normalization and overlap integrals

     s(1S/1S) =  1.000000  <r> =   0.0291  <r2> =    0.0011  r(max) =   0.0188
     s(1S/2S) = -0.013200
     s(1S/3S) = -0.005518
     s(1S/4S) = -0.002468
     s(1S/5S) = -0.000791
     s(2S/2S) =  1.000000  <r> =   0.1256  <r2> =    0.0186  r(max) =   0.1068
     s(2S/3S) = -0.003385
     s(2S/4S) = -0.001458
     s(2S/5S) = -0.000465
     s(2P/2P) =  1.000000  <r> =   0.1096  <r2> =    0.0147  r(max) =   0.0853
     s(2P/3P) = -0.002766
     s(2P/4P) = -0.001106
     s(2P/5P) = -0.000269
     s(3S/3S) =  1.000000  <r> =   0.3399  <r2> =    0.1321  r(max) =   0.3090
     s(3S/4S) = -0.000975
     s(3S/5S) = -0.000304
     s(3P/3P) =  1.000000  <r> =   0.3381  <r2> =    0.1327  r(max) =   0.3013
     s(3P/4P) = -0.000818
     s(3P/5P) = -0.000195
     s(4S/4S) =  1.000000  <r> =   0.8183  <r2> =    0.7583  r(max) =   0.7412
     s(4S/5S) = -0.000189
     s(4P/4P) =  1.000000  <r> =   0.8858  <r2> =    0.8976  r(max) =   0.7890
     s(4P/5P) = -0.000120
     s(3D/3D) =  1.000000  <r> =   0.3148  <r2> =    0.1177  r(max) =   0.2498
     s(3D/4D) = -0.000525
     s(4D/4D) =  1.000000  <r> =   1.1011  <r2> =    1.4447  r(max) =   0.8829
     s(5S/5S) =  1.000000  <r> =   2.3836  <r2> =    6.4976  r(max) =   2.0147
     s(5P/5P) =  1.000000  <r> =   3.2208  <r2> =   12.1551  r(max) =   2.5548

     ------------------------ End of All-electron run ------------------------


     --------------------- Generating PAW atomic setup --------------------


      Generating local potential from pseudized AE potential:
      Matching radius rcloc =   2.3000

      Local pseudo, rcloc= 2.312 Estimated cut-off energy=     4.63 Ry

      Computing core charge for nlcc: 

       r > 1.21 : true rho core
       r < 1.21 : rho core = a sin(br)/r    a=   8.14  b=   2.21

      Integrated core pseudo-charge :   5.79
      Wfc-us  5S rcutus= 2.199  Estimated cut-off energy=     9.52 Ry
      Wfc-us  5S rcutus= 2.199  Estimated cut-off energy=    18.50 Ry
      Wfc-us  5P rcutus= 2.492  Estimated cut-off energy=    12.01 Ry
      Wfc-us  5P rcutus= 2.492  Estimated cut-off energy=    11.73 Ry
      Wfc-us  4D rcutus= 2.370  Estimated cut-off energy=    22.02 Ry
      Wfc-us  4D rcutus= 2.370  Estimated cut-off energy=    25.50 Ry

      The bmat matrix
     1.27415     1.87257     0.00000     0.00000     0.00000     0.00000
     1.20677     1.91531     0.00000     0.00000     0.00000     0.00000
     0.00000     0.00000     0.35751     1.42580     0.00000     0.00000
     0.00000     0.00000     0.53698     3.00589     0.00000     0.00000
     0.00000     0.00000     0.00000     0.00000    -0.75702    -0.57595
     0.00000     0.00000     0.00000     0.00000     0.74572     0.54837

      The bmat + epsilon qq matrix
     1.42058     1.34237     0.00000     0.00000     0.00000     0.00000
     1.34271     1.43341     0.00000     0.00000     0.00000     0.00000
     0.00000     0.00000     0.37365     0.57518     0.00000     0.00000
     0.00000     0.00000     0.57542     0.72289     0.00000     0.00000
     0.00000     0.00000     0.00000     0.00000    -2.18963     0.33968
     0.00000     0.00000     0.00000     0.00000     0.34042     0.49277

      The qq matrix
    -0.18422    -0.17103     0.00000     0.00000     0.00000     0.00000
    -0.17103    -0.15545     0.00000     0.00000     0.00000     0.00000
     0.00000     0.00000    -0.05671    -0.13502     0.00000     0.00000
     0.00000     0.00000    -0.13502    -0.36238     0.00000     0.00000
     0.00000     0.00000     0.00000     0.00000     0.75266     0.21294
     0.00000     0.00000     0.00000     0.00000     0.21294    -0.01293


    multipoles (all-electron charge) - (pseudo charge)
        ns l1:ns1 l2    l=0     l=1     l=2     l=3     l=4     l=5  
         1  0:  1  0 -0.1842
         2  0:  1  0 -0.1710
         2  0:  2  0 -0.1555
         3  1:  1  0  0.0000  0.1410
         3  1:  2  0  0.0000  0.1232
         3  1:  3  1 -0.0567  0.0000 -0.1419
         4  1:  1  0  0.0000  0.2995
         4  1:  2  0  0.0000  0.2850
         4  1:  3  1 -0.1350  0.0000 -0.2232
         4  1:  4  1 -0.3624  0.0000 -0.4619
         5  2:  1  0  0.0000  0.0000  0.0202
         5  2:  2  0  0.0000  0.0000 -0.0477
         5  2:  3  1  0.0000 -0.1069  0.0000 -0.0743
         5  2:  4  1  0.0000 -0.1184  0.0000 -0.0638
         5  2:  5  2  0.7527  0.0000  0.7326  0.0000  1.0090
         6  2:  1  0  0.0000  0.0000 -0.1800
         6  2:  2  0  0.0000  0.0000 -0.1559
         6  2:  3  1  0.0000  0.0798  0.0000  0.2005
         6  2:  4  1  0.0000  0.1632  0.0000  0.2998
         6  2:  5  2  0.2129  0.0000  0.1283  0.0000  0.0804
         6  2:  6  2 -0.0129  0.0000 -0.1127  0.0000 -0.2861
     Required augmentation: BESSEL   radius:    2.100000
     Suggested rho cutoff for augmentation:  22.13 Ry

     Estimated PAW energy = -431.028291 Ryd

     The PAW screened D coefficients
     1.42058     1.34271     0.00000     0.00000     0.00000     0.00000
     1.34271     1.43341     0.00000     0.00000     0.00000     0.00000
     0.00000     0.00000     0.37365     0.57542     0.00000     0.00000
     0.00000     0.00000     0.57542     0.72289     0.00000     0.00000
     0.00000     0.00000     0.00000     0.00000    -2.18963     0.34042
     0.00000     0.00000     0.00000     0.00000     0.34042     0.49277

     The PAW descreened D coefficients (US)
     0.38024     0.41283     0.00000     0.00000     0.00000     0.00000
     0.41283     0.59993     0.00000     0.00000     0.00000     0.00000
     0.00000     0.00000    -0.08625    -0.23720     0.00000     0.00000
     0.00000     0.00000    -0.23720    -1.10431     0.00000     0.00000
     0.00000     0.00000     0.00000     0.00000     0.42279     0.97385
     0.00000     0.00000     0.00000     0.00000     0.97385     0.14980

     ------------------- End of pseudopotential generation -------------------

     --------------------------- All-electron run ----------------------------

     Sn                                                                         
     scalar relativistic calculation

     atomic number is 50.00
     dft = SLA  PZ   NOGX NOGC   lsd =0 sic =0 latt =0  beta=0.20 tr2=1.0E-14
     Exchange-correlation=  SLA  PZ   NOGX NOGC
                           (   1   1   0   0   0   0   0)
     mesh =1243 r(mesh) = 100.78374 a.u. xmin = -7.00 dx = 0.01250
     1 Ry =  13.60569312 eV, c = 137.03599908

     n l     nl                  e(Ry)          e(Ha)          e(eV)
     1 0     1S 1( 2.00)     -2130.0028     -1065.0014    -28980.1651
     2 0     2S 1( 2.00)      -321.6218      -160.8109     -4375.8869
     2 1     2P 1( 6.00)      -288.8968      -144.4484     -3930.6415
     3 0     3S 1( 2.00)       -62.0253       -31.0127      -843.8973
     3 1     3P 1( 6.00)       -51.3305       -25.6653      -698.3871
     4 0     4S 1( 2.00)        -9.8232        -4.9116      -133.6515
     4 1     4P 1( 6.00)        -6.5823        -3.2911       -89.5562
     3 2     3D 1(10.00)       -34.8160       -17.4080      -473.6958
     4 2     4D 1(10.00)        -1.9034        -0.9517       -25.8970
     5 0     5S 1( 2.00)        -0.7948        -0.3974       -10.8144
     5 1     5P 1( 2.00)        -0.2847        -0.1423        -3.8733

     final scf error:  1.6E-15 reached in  29 iterations
 
     Etot =  -12343.731820 Ry,   -6171.865910 Ha, -167945.027140 eV

     Ekin =   12884.626329 Ry,    6442.313164 Ha,  175304.271831 eV
     Encl =  -29860.145645 Ry,  -14930.072822 Ha, -406267.978248 eV
     Eh   =    4950.545965 Ry,    2475.272982 Ha,   67355.609190 eV
     Exc  =    -318.758469 Ry,    -159.379235 Ha,   -4336.929913 eV


     normalization and overlap integrals

     s(1S/1S) =  1.000000  <r> =   0.0291  <r2> =    0.0011  r(max) =   0.0188
     s(1S/2S) = -0.013200
     s(1S/3S) = -0.005518
     s(1S/4S) = -0.002468
     s(1S/5S) = -0.000791
     s(2S/2S) =  1.000000  <r> =   0.1256  <r2> =    0.0186  r(max) =   0.1068
     s(2S/3S) = -0.003385
     s(2S/4S) = -0.001458
     s(2S/5S) = -0.000465
     s(2P/2P) =  1.000000  <r> =   0.1096  <r2> =    0.0147  r(max) =   0.0853
     s(2P/3P) = -0.002766
     s(2P/4P) = -0.001106
     s(2P/5P) = -0.000269
     s(3S/3S) =  1.000000  <r> =   0.3399  <r2> =    0.1321  r(max) =   0.3090
     s(3S/4S) = -0.000975
     s(3S/5S) = -0.000304
     s(3P/3P) =  1.000000  <r> =   0.3381  <r2> =    0.1327  r(max) =   0.3013
     s(3P/4P) = -0.000818
     s(3P/5P) = -0.000195
     s(4S/4S) =  1.000000  <r> =   0.8183  <r2> =    0.7583  r(max) =   0.7412
     s(4S/5S) = -0.000189
     s(4P/4P) =  1.000000  <r> =   0.8858  <r2> =    0.8976  r(max) =   0.7890
     s(4P/5P) = -0.000120
     s(3D/3D) =  1.000000  <r> =   0.3148  <r2> =    0.1177  r(max) =   0.2498
     s(3D/4D) = -0.000525
     s(4D/4D) =  1.000000  <r> =   1.1011  <r2> =    1.4447  r(max) =   0.8829
     s(5S/5S) =  1.000000  <r> =   2.3836  <r2> =    6.4976  r(max) =   2.0147
     s(5P/5P) =  1.000000  <r> =   3.2208  <r2> =   12.1551  r(max) =   2.5548

     ------------------------ End of All-electron run ------------------------


     ---------------------- Testing the pseudopotential ----------------------

     Sn                                                                         
     scalar relativistic calculation

     atomic number is 50.00   valence charge is 14.00
     dft = SLA  PZ   NOGX NOGC   lsd =0 sic =0 latt =0  beta=0.20 tr2=1.0E-14
     mesh =1243 r(mesh) = 100.78374 xmin = -7.00 dx = 0.01250

     n l     nl             e AE (Ry)        e PS (Ry)    De AE-PS (Ry) 
     1 0     5S   1( 2.00)       -0.79485       -0.79485        0.00000
     2 1     5P   1( 2.00)       -0.28469       -0.28469        0.00000
     3 2     4D   1(10.00)       -1.90340       -1.90340        0.00000

     eps = 2.0E-15  iter =  3
 
     Etot =  -12343.731820 Ry,   -6171.865910 Ha, -167945.027140 eV
     Etotps =  -431.028295 Ry,    -215.514148 Ha,   -5864.438713 eV

     Ekin =     257.394194 Ry,     128.697097 Ha,    3502.026420 eV
     Encl =    -490.546726 Ry,    -245.273363 Ha,   -6674.228222 eV
     Ehrt =     120.882706 Ry,      60.441353 Ha,    1644.693001 eV
     Ecxc =    -318.758469 Ry,    -159.379235 Ha,   -4336.929911 eV
     (Ecc =      -7.723955 Ry,      -3.861977 Ha,    -105.089761 eV)

     ---------------------- End of pseudopotential test ----------------------

