[0] MPI startup(): I_MPI_SHM_LMT environment variable is not supported.
[0] MPI startup(): Similar variables:
	 I_MPI_SHM_HEAP
	 I_MPI_SHM
	 I_MPI_SHM_OPT
	 I_MPI_SHM_THP
[0] MPI startup(): To check the list of supported variables, use the impi_info utility or refer to https://software.intel.com/en-us/mpi-library/documentation/get-started.

     Program LD1 v.7.3.1 starts on 19Sep2024 at 21:46:17 

     This program is part of the open-source Quantum ESPRESSO suite
     for quantum simulation of materials; please cite
         "P. Giannozzi et al., J. Phys.:Condens. Matter 21 395502 (2009);
         "P. Giannozzi et al., J. Phys.:Condens. Matter 29 465901 (2017);
         "P. Giannozzi et al., J. Chem. Phys. 152 154105 (2020);
          URL http://www.quantum-espresso.org", 
     in publications or presentations arising from this work. More details at
     http://www.quantum-espresso.org/quote

     Parallel version (MPI), running on     1 processors

     MPI processes distributed on     1 nodes
     89992 MiB available memory on the printing compute node when the environment starts
 
     Waiting for input...
     Reading input from standard input
     --------------------------- All-electron run ----------------------------

     Sr                                                                         
     scalar relativistic calculation

     atomic number is 38.00
     dft =LDA   lsd =0 sic =0 latt =0  beta=0.20 tr2=1.0E-14
     Exchange-correlation= LDA
                           (   1   1   0   0   0   0   0)
     mesh =1221 r(mesh) = 100.72700 a.u. xmin = -7.00 dx = 0.01250
     1 Ry =  13.60569312 eV, c = 137.03599908

     n l     nl                  e(Ry)          e(Ha)          e(eV)
     1 0     1S 1( 2.00)     -1169.5780      -584.7890    -15912.9200
     2 0     2S 1( 2.00)      -158.4010       -79.2005     -2155.1551
     2 1     2P 1( 6.00)      -140.8703       -70.4352     -1916.6387
     3 0     3S 1( 2.00)       -24.4531       -12.2266      -332.7019
     3 1     3P 1( 6.00)       -18.7969        -9.3984      -255.7447
     4 0     4S 1( 2.00)        -3.0069        -1.5034       -40.9107
     4 1     4P 1( 6.00)        -1.6798        -0.8399       -22.8544
     3 2     3D 1(10.00)        -9.4247        -4.7124      -128.2301
     4 2     4D 1( 0.00)        -0.1033        -0.0516        -1.4052
     5 0     5S 1( 2.00)        -0.2679        -0.1340        -3.6456
     5 1     5P 1( 0.00)        -0.0970        -0.0485        -1.3204

     final scf error:  7.5E-15 reached in  29 iterations
 
     Etot =   -6351.628563 Ry,   -3175.814281 Ha,  -86418.309059 eV

     Ekin =    6511.440608 Ry,    3255.720304 Ha,   88592.662697 eV
     Encl =  -15304.397763 Ry,   -7652.198882 Ha, -208226.939398 eV
     Eh   =    2643.716576 Ry,    1321.858288 Ha,   35969.596440 eV
     Exc  =    -202.387984 Ry,    -101.193992 Ha,   -2753.628797 eV


     normalization and overlap integrals

     s(1S/1S) =  1.000000  <r> =   0.0392  <r2> =    0.0021  r(max) =   0.0257
     s(1S/2S) = -0.007238
     s(1S/3S) = -0.002852
     s(1S/4S) = -0.001071
     s(1S/5S) = -0.000317
     s(2S/2S) =  1.000000  <r> =   0.1727  <r2> =    0.0352  r(max) =   0.1459
     s(2S/3S) = -0.001703
     s(2S/4S) = -0.000621
     s(2S/5S) = -0.000183
     s(2P/2P) =  1.000000  <r> =   0.1505  <r2> =    0.0277  r(max) =   0.1165
     s(2P/3P) = -0.001388
     s(2P/4P) = -0.000445
     s(2P/5P) = -0.000106
     s(3S/3S) =  1.000000  <r> =   0.4931  <r2> =    0.2792  r(max) =   0.4382
     s(3S/4S) = -0.000386
     s(3S/5S) = -0.000112
     s(3P/3P) =  1.000000  <r> =   0.4992  <r2> =    0.2911  r(max) =   0.4328
     s(3P/4P) = -0.000300
     s(3P/5P) = -0.000071
     s(4S/4S) =  1.000000  <r> =   1.3557  <r2> =    2.0925  r(max) =   1.1911
     s(4S/5S) = -0.000057
     s(4P/4P) =  1.000000  <r> =   1.5695  <r2> =    2.8460  r(max) =   1.3164
     s(4P/5P) = -0.000034
     s(3D/3D) =  1.000000  <r> =   0.4986  <r2> =    0.3033  r(max) =   0.3772
     s(3D/4D) = -0.000110
     s(4D/4D) =  1.000000  <r> =   3.4567  <r2> =   15.4589  r(max) =   2.1434
     s(5S/5S) =  1.000000  <r> =   4.2710  <r2> =   20.8157  r(max) =   3.6234
     s(5P/5P) =  1.000000  <r> =   5.8398  <r2> =   39.2658  r(max) =   4.8303

     ------------------------ End of All-electron run ------------------------


     --------------------- Generating US pseudopotential ---------------------


      Generating local potential from pseudized AE potential:
      Matching radius rcloc =   2.3000

      Local pseudo, rcloc= 2.310 Estimated cut-off energy=     4.63 Ry

      Computing core charge for nlcc: 

       r > 1.21 : true rho core
      Core charge pseudized with two Bessel functions
      Integrated core pseudo-charge :   4.76
      Wfc-us  4S rcutus= 1.712  Estimated cut-off energy=    17.36 Ry
      Wfc-us  5S rcutus= 1.712  Estimated cut-off energy=    29.02 Ry
      Wfc-us  4P rcutus= 1.799  Estimated cut-off energy=    24.66 Ry
      Wfc-us  5P rcutus= 1.799  Estimated cut-off energy=    31.52 Ry
      Wfc-us  4D rcutus= 2.091  Estimated cut-off energy=    25.71 Ry
      Wfc-us  4D rcutus= 2.091  Estimated cut-off energy=    26.17 Ry

      The bmat matrix
     0.92902     0.71704     0.00000     0.00000     0.00000     0.00000
     0.25844     0.20669     0.00000     0.00000     0.00000     0.00000
     0.00000     0.00000    -0.39686    -0.04248     0.00000     0.00000
     0.00000     0.00000    -0.09297    -0.01022     0.00000     0.00000
     0.00000     0.00000     0.00000     0.00000    -0.10741    -0.11129
     0.00000     0.00000     0.00000     0.00000    -0.11037    -0.11425

      The bmat + epsilon qq matrix
     2.63606     0.76192     0.00000     0.00000     0.00000     0.00000
     0.76207     0.22013     0.00000     0.00000     0.00000     0.00000
     0.00000     0.00000    -0.16805    -0.03938     0.00000     0.00000
     0.00000     0.00000    -0.03932    -0.00949     0.00000     0.00000
     0.00000     0.00000     0.00000     0.00000    -0.10704    -0.10993
     0.00000     0.00000     0.00000     0.00000    -0.10992    -0.11261

      The qq matrix
    -0.56771    -0.16749     0.00000     0.00000     0.00000     0.00000
    -0.16749    -0.05013     0.00000     0.00000     0.00000     0.00000
     0.00000     0.00000    -0.13621    -0.03194     0.00000     0.00000
     0.00000     0.00000    -0.03194    -0.00758     0.00000     0.00000
     0.00000     0.00000     0.00000     0.00000     0.00365     0.00453
     0.00000     0.00000     0.00000     0.00000     0.00453     0.00546

     Q pseudized with Bessel functions
     Expected ecutrho=     390.1102 due to l1=  2   l2=  2

      The ddd matrix
    -1.07359    -0.35074     0.00000     0.00000     0.00000     0.00000
    -0.35074    -0.11741     0.00000     0.00000     0.00000     0.00000
     0.00000     0.00000    -0.94587    -0.22568     0.00000     0.00000
     0.00000     0.00000    -0.22568    -0.05455     0.00000     0.00000
     0.00000     0.00000     0.00000     0.00000    -0.06029    -0.05787
     0.00000     0.00000     0.00000     0.00000    -0.05787    -0.05484

     ------------------- End of pseudopotential generation -------------------

     --------------------------- All-electron run ----------------------------

     Sr                                                                         
     scalar relativistic calculation

     atomic number is 38.00
     dft =LDA   lsd =0 sic =0 latt =0  beta=0.20 tr2=1.0E-14
     Exchange-correlation= LDA
                           (   1   1   0   0   0   0   0)
     mesh =1221 r(mesh) = 100.72700 a.u. xmin = -7.00 dx = 0.01250
     1 Ry =  13.60569312 eV, c = 137.03599908

     n l     nl                  e(Ry)          e(Ha)          e(eV)
     1 0     1S 1( 2.00)     -1169.5780      -584.7890    -15912.9200
     2 0     2S 1( 2.00)      -158.4010       -79.2005     -2155.1551
     2 1     2P 1( 6.00)      -140.8703       -70.4352     -1916.6387
     3 0     3S 1( 2.00)       -24.4531       -12.2266      -332.7019
     3 1     3P 1( 6.00)       -18.7969        -9.3984      -255.7447
     4 0     4S 1( 2.00)        -3.0069        -1.5034       -40.9107
     4 1     4P 1( 6.00)        -1.6798        -0.8399       -22.8544
     3 2     3D 1(10.00)        -9.4247        -4.7124      -128.2301
     4 2     4D 1( 0.00)        -0.1033        -0.0516        -1.4052
     5 0     5S 1( 2.00)        -0.2679        -0.1340        -3.6456
     5 1     5P 1( 0.00)        -0.0970        -0.0485        -1.3204

     final scf error:  7.5E-15 reached in  29 iterations
 
     Etot =   -6351.628563 Ry,   -3175.814281 Ha,  -86418.309059 eV

     Ekin =    6511.440608 Ry,    3255.720304 Ha,   88592.662697 eV
     Encl =  -15304.397763 Ry,   -7652.198882 Ha, -208226.939398 eV
     Eh   =    2643.716576 Ry,    1321.858288 Ha,   35969.596440 eV
     Exc  =    -202.387984 Ry,    -101.193992 Ha,   -2753.628797 eV


     normalization and overlap integrals

     s(1S/1S) =  1.000000  <r> =   0.0392  <r2> =    0.0021  r(max) =   0.0257
     s(1S/2S) = -0.007238
     s(1S/3S) = -0.002852
     s(1S/4S) = -0.001071
     s(1S/5S) = -0.000317
     s(2S/2S) =  1.000000  <r> =   0.1727  <r2> =    0.0352  r(max) =   0.1459
     s(2S/3S) = -0.001703
     s(2S/4S) = -0.000621
     s(2S/5S) = -0.000183
     s(2P/2P) =  1.000000  <r> =   0.1505  <r2> =    0.0277  r(max) =   0.1165
     s(2P/3P) = -0.001388
     s(2P/4P) = -0.000445
     s(2P/5P) = -0.000106
     s(3S/3S) =  1.000000  <r> =   0.4931  <r2> =    0.2792  r(max) =   0.4382
     s(3S/4S) = -0.000386
     s(3S/5S) = -0.000112
     s(3P/3P) =  1.000000  <r> =   0.4992  <r2> =    0.2911  r(max) =   0.4328
     s(3P/4P) = -0.000300
     s(3P/5P) = -0.000071
     s(4S/4S) =  1.000000  <r> =   1.3557  <r2> =    2.0925  r(max) =   1.1911
     s(4S/5S) = -0.000057
     s(4P/4P) =  1.000000  <r> =   1.5695  <r2> =    2.8460  r(max) =   1.3164
     s(4P/5P) = -0.000034
     s(3D/3D) =  1.000000  <r> =   0.4986  <r2> =    0.3033  r(max) =   0.3772
     s(3D/4D) = -0.000110
     s(4D/4D) =  1.000000  <r> =   3.4567  <r2> =   15.4589  r(max) =   2.1434
     s(5S/5S) =  1.000000  <r> =   4.2710  <r2> =   20.8157  r(max) =   3.6234
     s(5P/5P) =  1.000000  <r> =   5.8398  <r2> =   39.2658  r(max) =   4.8303

     ------------------------ End of All-electron run ------------------------


     ---------------------- Testing the pseudopotential ----------------------

     Sr                                                                         
     scalar relativistic calculation

     atomic number is 38.00   valence charge is 10.00
     dft =LDA   lsd =0 sic =0 latt =0  beta=0.20 tr2=1.0E-14
     mesh =1221 r(mesh) = 100.72700 xmin = -7.00 dx = 0.01250

     n l     nl             e AE (Ry)        e PS (Ry)    De AE-PS (Ry) 
     1 0     4S   1( 2.00)       -3.00688       -3.00684       -0.00004
     2 0     5S   1( 2.00)       -0.26795       -0.26794       -0.00001
     2 1     4P   1( 6.00)       -1.67977       -1.67974       -0.00003
     3 1     5P   1( 0.00)       -0.09705       -0.09704       -0.00000

     eps = 2.0E-15  iter =  4
 
     Etot =   -6351.628563 Ry,   -3175.814281 Ha,  -86418.309059 eV
     Etotps =   -70.274351 Ry,     -35.137175 Ha,    -956.131251 eV

     Ekin =      23.401594 Ry,      11.700797 Ha,     318.394906 eV
     Encl =    -115.006976 Ry,     -57.503488 Ha,   -1564.749617 eV
     Ehrt =      47.532058 Ry,      23.766029 Ha,     646.706589 eV
     Ecxc =     -18.143592 Ry,      -9.071796 Ha,    -246.856141 eV
     (Ecc =      -8.160222 Ry,      -4.080111 Ha,    -111.025473 eV)
     Epseu=      -8.057435 Ry,      -4.028718 Ha,    -109.626989 eV

     ---------------------- End of pseudopotential test ----------------------

