[0] MPI startup(): I_MPI_SHM_LMT environment variable is not supported.
[0] MPI startup(): Similar variables:
	 I_MPI_SHM_HEAP
	 I_MPI_SHM
	 I_MPI_SHM_OPT
	 I_MPI_SHM_THP
[0] MPI startup(): To check the list of supported variables, use the impi_info utility or refer to https://software.intel.com/en-us/mpi-library/documentation/get-started.

     Program LD1 v.7.3.1 starts on 19Sep2024 at 21:46:18 

     This program is part of the open-source Quantum ESPRESSO suite
     for quantum simulation of materials; please cite
         "P. Giannozzi et al., J. Phys.:Condens. Matter 21 395502 (2009);
         "P. Giannozzi et al., J. Phys.:Condens. Matter 29 465901 (2017);
         "P. Giannozzi et al., J. Chem. Phys. 152 154105 (2020);
          URL http://www.quantum-espresso.org", 
     in publications or presentations arising from this work. More details at
     http://www.quantum-espresso.org/quote

     Parallel version (MPI), running on     1 processors

     MPI processes distributed on     1 nodes
     89994 MiB available memory on the printing compute node when the environment starts
 
     Waiting for input...
     Reading input from standard input
     --------------------------- All-electron run ----------------------------

     Ta                                                                         
     scalar relativistic calculation

     atomic number is 73.00
     dft =LDA   lsd =0 sic =0 latt =0  beta=0.20 tr2=1.0E-14
     Exchange-correlation= LDA
                           (   1   1   0   0   0   0   0)
     mesh =1273 r(mesh) = 100.43799 a.u. xmin = -7.00 dx = 0.01250
     1 Ry =  13.60569312 eV, c = 137.03599908

     n l     nl                  e(Ry)          e(Ha)          e(eV)
     1 0     1S 1( 2.00)     -4947.5413     -2473.7707    -67314.7290
     2 0     2S 1( 2.00)      -850.1251      -425.0626    -11566.5414
     2 1     2P 1( 6.00)      -745.2664      -372.6332    -10139.8659
     3 0     3S 1( 2.00)      -194.7102       -97.3551     -2649.1678
     3 1     3P 1( 6.00)      -163.5280       -81.7640     -2224.9112
     4 0     4S 1( 2.00)       -39.6484       -19.8242      -539.4444
     4 1     4P 1( 6.00)       -29.4150       -14.7075      -400.2117
     3 2     3D 1(10.00)      -127.0844       -63.5422     -1729.0709
     5 0     5S 1( 2.00)        -5.3793        -2.6896       -73.1890
     5 1     5P 1( 6.00)        -2.9075        -1.4537       -39.5579
     4 2     4D 1(10.00)       -16.3170        -8.1585      -222.0035
     4 3     4F 1(14.00)        -1.8323        -0.9162       -24.9300
     5 2     5D 1( 3.00)        -0.2782        -0.1391        -3.7851
     6 0     6S 1( 2.00)        -0.4131        -0.2065        -5.6204
     6 1     6P 1( 0.00)        -0.1089        -0.0545        -1.4821

     final scf error:  8.0E-15 reached in  30 iterations
 
     Etot =  -31190.698091 Ry,  -15595.349046 Ha, -424371.066520 eV

     Ekin =   34267.250156 Ry,   17133.625078 Ha,  466229.689795 eV
     Encl =  -77054.293782 Ry,  -38527.146891 Ha,-1048377.075012 eV
     Eh   =   12208.123594 Ry,    6104.061797 Ha,  166099.983223 eV
     Exc  =    -611.778059 Ry,    -305.889029 Ha,   -8323.664526 eV


     normalization and overlap integrals

     s(1S/1S) =  1.000000  <r> =   0.0187  <r2> =    0.0005  r(max) =   0.0116
     s(1S/2S) = -0.030996
     s(1S/3S) = -0.013558
     s(1S/4S) = -0.006616
     s(1S/5S) = -0.002741
     s(1S/6S) = -0.000831
     s(2S/2S) =  1.000000  <r> =   0.0790  <r2> =    0.0074  r(max) =   0.0670
     s(2S/3S) = -0.008639
     s(2S/4S) = -0.004023
     s(2S/5S) = -0.001651
     s(2S/6S) = -0.000500
     s(2P/2P) =  1.000000  <r> =   0.0706  <r2> =    0.0061  r(max) =   0.0549
     s(2P/3P) = -0.006849
     s(2P/4P) = -0.003012
     s(2P/5P) = -0.001103
     s(2P/6P) = -0.000250
     s(3S/3S) =  1.000000  <r> =   0.2050  <r2> =    0.0480  r(max) =   0.1891
     s(3S/4S) = -0.002900
     s(3S/5S) = -0.001153
     s(3S/6S) = -0.000347
     s(3P/3P) =  1.000000  <r> =   0.2050  <r2> =    0.0487  r(max) =   0.1868
     s(3P/4P) = -0.002448
     s(3P/5P) = -0.000870
     s(3P/6P) = -0.000197
     s(4S/4S) =  1.000000  <r> =   0.4590  <r2> =    0.2379  r(max) =   0.4315
     s(4S/5S) = -0.000796
     s(4S/6S) = -0.000237
     s(4P/4P) =  1.000000  <r> =   0.4880  <r2> =    0.2710  r(max) =   0.4480
     s(4P/5P) = -0.000608
     s(4P/6P) = -0.000136
     s(3D/3D) =  1.000000  <r> =   0.1857  <r2> =    0.0404  r(max) =   0.1510
     s(3D/4D) = -0.001771
     s(3D/5D) = -0.000379
     s(5S/5S) =  1.000000  <r> =   1.0994  <r2> =    1.3600  r(max) =   0.9847
     s(5S/6S) = -0.000127
     s(5P/5P) =  1.000000  <r> =   1.2943  <r2> =    1.9046  r(max) =   1.1298
     s(5P/6P) = -0.000067
     s(4D/4D) =  1.000000  <r> =   0.5233  <r2> =    0.3177  r(max) =   0.4593
     s(4D/5D) = -0.000287
     s(4F/4F) =  1.000000  <r> =   0.6394  <r2> =    0.5210  r(max) =   0.4424
     s(5D/5D) =  1.000000  <r> =   2.2477  <r2> =    6.2458  r(max) =   1.5833
     s(6S/6S) =  1.000000  <r> =   3.2782  <r2> =   12.2671  r(max) =   2.7443
     s(6P/6P) =  1.000000  <r> =   4.8420  <r2> =   27.3461  r(max) =   3.8944

     ------------------------ End of All-electron run ------------------------


     --------------------- Generating PAW atomic setup --------------------


      Generating local potential from pseudized AE potential:
      Matching radius rcloc =   2.3000

      Local pseudo, rcloc= 2.304 Estimated cut-off energy=     4.69 Ry

      Computing core charge for nlcc: 

       r > 1.10 : true rho core
      Core charge pseudized with two Bessel functions
      Integrated core pseudo-charge :  14.72
      Wfc-us  5S rcutus= 1.583  Estimated cut-off energy=    21.38 Ry
      Wfc-us  6S rcutus= 1.583  Estimated cut-off energy=    41.37 Ry
      Wfc-us  5P rcutus= 1.583  Estimated cut-off energy=    32.46 Ry
      Wfc-us  6P rcutus= 1.583  Estimated cut-off energy=    46.97 Ry
      Wfc-us  5D rcutus= 1.886  Estimated cut-off energy=    31.68 Ry
      Wfc-us  5D rcutus= 1.886  Estimated cut-off energy=    33.20 Ry

      The bmat matrix
    -2.58010     0.65146     0.00000     0.00000     0.00000     0.00000
    -0.77656     0.17331     0.00000     0.00000     0.00000     0.00000
     0.00000     0.00000    -2.07355    -0.29667     0.00000     0.00000
     0.00000     0.00000    -0.44319    -0.06898     0.00000     0.00000
     0.00000     0.00000     0.00000     0.00000    -0.49283    -0.38726
     0.00000     0.00000     0.00000     0.00000    -0.38922    -0.30552

      The bmat + epsilon qq matrix
     1.74072     0.77030     0.00000     0.00000     0.00000     0.00000
     0.77092     0.21703     0.00000     0.00000     0.00000     0.00000
     0.00000     0.00000    -1.44577    -0.29096     0.00000     0.00000
     0.00000     0.00000    -0.29078    -0.06757     0.00000     0.00000
     0.00000     0.00000     0.00000     0.00000    -0.49090    -0.38830
     0.00000     0.00000     0.00000     0.00000    -0.38825    -0.30587

      The qq matrix
    -0.80323    -0.28767     0.00000     0.00000     0.00000     0.00000
    -0.28767    -0.10584     0.00000     0.00000     0.00000     0.00000
     0.00000     0.00000    -0.21592    -0.05242     0.00000     0.00000
     0.00000     0.00000    -0.05242    -0.01290     0.00000     0.00000
     0.00000     0.00000     0.00000     0.00000    -0.00694    -0.00349
     0.00000     0.00000     0.00000     0.00000    -0.00349    -0.00116


    multipoles (all-electron charge) - (pseudo charge)
        ns l1:ns1 l2    l=0     l=1     l=2     l=3     l=4     l=5  
         1  0:  1  0 -0.8032
         2  0:  1  0 -0.2877
         2  0:  2  0 -0.1058
         3  1:  1  0  0.0000  0.2931
         3  1:  2  0  0.0000  0.0932
         3  1:  3  1 -0.2159  0.0000 -0.1498
         4  1:  1  0  0.0000  0.0697
         4  1:  2  0  0.0000  0.0228
         4  1:  3  1 -0.0524  0.0000 -0.0335
         4  1:  4  1 -0.0129  0.0000 -0.0077
         5  2:  1  0  0.0000  0.0000 -0.0773
         5  2:  2  0  0.0000  0.0000 -0.0196
         5  2:  3  1  0.0000  0.0566  0.0000  0.0530
         5  2:  4  1  0.0000  0.0123  0.0000  0.0100
         5  2:  5  2 -0.0069  0.0000 -0.0227  0.0000 -0.0321
         6  2:  1  0  0.0000  0.0000 -0.0579
         6  2:  2  0  0.0000  0.0000 -0.0155
         6  2:  3  1  0.0000  0.0419  0.0000  0.0372
         6  2:  4  1  0.0000  0.0094  0.0000  0.0073
         6  2:  5  2 -0.0035  0.0000 -0.0153  0.0000 -0.0207
         6  2:  6  2 -0.0012  0.0000 -0.0100  0.0000 -0.0129
     Required augmentation: PSQ   radius:    1.000000

     Q pseudized with Bessel functions
     Expected ecutrho=     389.2012 due to l1=  2   l2=  2

     Estimated PAW energy = -707.988383 Ryd

     The PAW screened D coefficients
     1.74072     0.77092     0.00000     0.00000     0.00000     0.00000
     0.77092     0.21703     0.00000     0.00000     0.00000     0.00000
     0.00000     0.00000    -1.44577    -0.29078     0.00000     0.00000
     0.00000     0.00000    -0.29078    -0.06757     0.00000     0.00000
     0.00000     0.00000     0.00000     0.00000    -0.49090    -0.38825
     0.00000     0.00000     0.00000     0.00000    -0.38825    -0.30587

     The PAW descreened D coefficients (US)
    -3.86700    -1.29784     0.00000     0.00000     0.00000     0.00000
    -1.29784    -0.56110     0.00000     0.00000     0.00000     0.00000
     0.00000     0.00000    -2.62535    -0.58885     0.00000     0.00000
     0.00000     0.00000    -0.58885    -0.14358     0.00000     0.00000
     0.00000     0.00000     0.00000     0.00000    -0.40287    -0.30480
     0.00000     0.00000     0.00000     0.00000    -0.30480    -0.22826

     ------------------- End of pseudopotential generation -------------------

     --------------------------- All-electron run ----------------------------

     Ta                                                                         
     scalar relativistic calculation

     atomic number is 73.00
     dft = SLA  PZ   NOGX NOGC   lsd =0 sic =0 latt =0  beta=0.20 tr2=1.0E-14
     Exchange-correlation=  SLA  PZ   NOGX NOGC
                           (   1   1   0   0   0   0   0)
     mesh =1273 r(mesh) = 100.43799 a.u. xmin = -7.00 dx = 0.01250
     1 Ry =  13.60569312 eV, c = 137.03599908

     n l     nl                  e(Ry)          e(Ha)          e(eV)
     1 0     1S 1( 2.00)     -4947.5413     -2473.7707    -67314.7290
     2 0     2S 1( 2.00)      -850.1251      -425.0626    -11566.5414
     2 1     2P 1( 6.00)      -745.2664      -372.6332    -10139.8659
     3 0     3S 1( 2.00)      -194.7102       -97.3551     -2649.1678
     3 1     3P 1( 6.00)      -163.5280       -81.7640     -2224.9112
     4 0     4S 1( 2.00)       -39.6484       -19.8242      -539.4444
     4 1     4P 1( 6.00)       -29.4150       -14.7075      -400.2117
     3 2     3D 1(10.00)      -127.0844       -63.5422     -1729.0709
     5 0     5S 1( 2.00)        -5.3793        -2.6896       -73.1890
     5 1     5P 1( 6.00)        -2.9075        -1.4537       -39.5579
     4 2     4D 1(10.00)       -16.3170        -8.1585      -222.0035
     4 3     4F 1(14.00)        -1.8323        -0.9162       -24.9300
     5 2     5D 1( 3.00)        -0.2782        -0.1391        -3.7851
     6 0     6S 1( 2.00)        -0.4131        -0.2065        -5.6204
     6 1     6P 1( 0.00)        -0.1089        -0.0545        -1.4821

     final scf error:  8.0E-15 reached in  30 iterations
 
     Etot =  -31190.698091 Ry,  -15595.349046 Ha, -424371.066520 eV

     Ekin =   34267.250156 Ry,   17133.625078 Ha,  466229.689795 eV
     Encl =  -77054.293782 Ry,  -38527.146891 Ha,-1048377.075012 eV
     Eh   =   12208.123594 Ry,    6104.061797 Ha,  166099.983223 eV
     Exc  =    -611.778059 Ry,    -305.889029 Ha,   -8323.664526 eV


     normalization and overlap integrals

     s(1S/1S) =  1.000000  <r> =   0.0187  <r2> =    0.0005  r(max) =   0.0116
     s(1S/2S) = -0.030996
     s(1S/3S) = -0.013558
     s(1S/4S) = -0.006616
     s(1S/5S) = -0.002741
     s(1S/6S) = -0.000831
     s(2S/2S) =  1.000000  <r> =   0.0790  <r2> =    0.0074  r(max) =   0.0670
     s(2S/3S) = -0.008639
     s(2S/4S) = -0.004023
     s(2S/5S) = -0.001651
     s(2S/6S) = -0.000500
     s(2P/2P) =  1.000000  <r> =   0.0706  <r2> =    0.0061  r(max) =   0.0549
     s(2P/3P) = -0.006849
     s(2P/4P) = -0.003012
     s(2P/5P) = -0.001103
     s(2P/6P) = -0.000250
     s(3S/3S) =  1.000000  <r> =   0.2050  <r2> =    0.0480  r(max) =   0.1891
     s(3S/4S) = -0.002900
     s(3S/5S) = -0.001153
     s(3S/6S) = -0.000347
     s(3P/3P) =  1.000000  <r> =   0.2050  <r2> =    0.0487  r(max) =   0.1868
     s(3P/4P) = -0.002448
     s(3P/5P) = -0.000870
     s(3P/6P) = -0.000197
     s(4S/4S) =  1.000000  <r> =   0.4590  <r2> =    0.2379  r(max) =   0.4315
     s(4S/5S) = -0.000796
     s(4S/6S) = -0.000237
     s(4P/4P) =  1.000000  <r> =   0.4880  <r2> =    0.2710  r(max) =   0.4480
     s(4P/5P) = -0.000608
     s(4P/6P) = -0.000136
     s(3D/3D) =  1.000000  <r> =   0.1857  <r2> =    0.0404  r(max) =   0.1510
     s(3D/4D) = -0.001771
     s(3D/5D) = -0.000379
     s(5S/5S) =  1.000000  <r> =   1.0994  <r2> =    1.3600  r(max) =   0.9847
     s(5S/6S) = -0.000127
     s(5P/5P) =  1.000000  <r> =   1.2943  <r2> =    1.9046  r(max) =   1.1298
     s(5P/6P) = -0.000067
     s(4D/4D) =  1.000000  <r> =   0.5233  <r2> =    0.3177  r(max) =   0.4593
     s(4D/5D) = -0.000287
     s(4F/4F) =  1.000000  <r> =   0.6394  <r2> =    0.5210  r(max) =   0.4424
     s(5D/5D) =  1.000000  <r> =   2.2477  <r2> =    6.2458  r(max) =   1.5833
     s(6S/6S) =  1.000000  <r> =   3.2782  <r2> =   12.2671  r(max) =   2.7443
     s(6P/6P) =  1.000000  <r> =   4.8420  <r2> =   27.3461  r(max) =   3.8944

     ------------------------ End of All-electron run ------------------------


     ---------------------- Testing the pseudopotential ----------------------

     Ta                                                                         
     scalar relativistic calculation

     atomic number is 73.00   valence charge is 13.00
     dft = SLA  PZ   NOGX NOGC   lsd =0 sic =0 latt =0  beta=0.20 tr2=1.0E-14
     mesh =1273 r(mesh) = 100.43799 xmin = -7.00 dx = 0.01250

     n l     nl             e AE (Ry)        e PS (Ry)    De AE-PS (Ry) 
     1 0     5S   1( 2.00)       -5.37930       -5.37923       -0.00006
     2 0     6S   1( 2.00)       -0.41309       -0.41309       -0.00001
     2 1     5P   1( 6.00)       -2.90745       -2.90740       -0.00005
     3 1     6P   1( 0.00)       -0.10893       -0.10893       -0.00000
     3 2     5D   1( 3.00)       -0.27820       -0.27818       -0.00002

     eps = 6.1E-17  iter =  6
 
     Etot =  -31190.698091 Ry,  -15595.349046 Ha, -424371.066520 eV
     Etotps =  -707.988382 Ry,    -353.994191 Ha,   -9632.672662 eV

     Ekin =     227.987427 Ry,     113.993713 Ha,    3101.926966 eV
     Encl =    -414.480976 Ry,    -207.240488 Ha,   -5639.300959 eV
     Ehrt =      90.283497 Ry,      45.141748 Ha,    1228.369553 eV
     Ecxc =    -611.778330 Ry,    -305.889165 Ha,   -8323.668222 eV
     (Ecc =     -34.967056 Ry,     -17.483528 Ha,    -475.751036 eV)

     ---------------------- End of pseudopotential test ----------------------

