[0] MPI startup(): I_MPI_SHM_LMT environment variable is not supported.
[0] MPI startup(): Similar variables:
	 I_MPI_SHM_HEAP
	 I_MPI_SHM
	 I_MPI_SHM_OPT
	 I_MPI_SHM_THP
[0] MPI startup(): To check the list of supported variables, use the impi_info utility or refer to https://software.intel.com/en-us/mpi-library/documentation/get-started.

     Program LD1 v.7.3.1 starts on 19Sep2024 at 21:46:21 

     This program is part of the open-source Quantum ESPRESSO suite
     for quantum simulation of materials; please cite
         "P. Giannozzi et al., J. Phys.:Condens. Matter 21 395502 (2009);
         "P. Giannozzi et al., J. Phys.:Condens. Matter 29 465901 (2017);
         "P. Giannozzi et al., J. Chem. Phys. 152 154105 (2020);
          URL http://www.quantum-espresso.org", 
     in publications or presentations arising from this work. More details at
     http://www.quantum-espresso.org/quote

     Parallel version (MPI), running on     1 processors

     MPI processes distributed on     1 nodes
     89983 MiB available memory on the printing compute node when the environment starts
 
     Waiting for input...
     Reading input from standard input
     --------------------------- All-electron run ----------------------------

     Te                                                                         
     scalar relativistic calculation

     atomic number is 52.00
     dft =LDA   lsd =0 sic =0 latt =0  beta=0.20 tr2=1.0E-14
     Exchange-correlation= LDA
                           (   1   1   0   0   0   0   0)
     mesh =1245 r(mesh) =  99.36066 a.u. xmin = -7.00 dx = 0.01250
     1 Ry =  13.60569312 eV, c = 137.03599908

     n l     nl                  e(Ry)          e(Ha)          e(eV)
     1 0     1S 1( 2.00)     -2322.0765     -1161.0383    -31593.4607
     2 0     2S 1( 2.00)      -356.1619      -178.0809     -4845.8289
     2 1     2P 1( 6.00)      -319.9077      -159.9539     -4352.5660
     3 0     3S 1( 2.00)       -70.8399       -35.4200      -963.8264
     3 1     3P 1( 6.00)       -59.0541       -29.5271      -803.4722
     4 0     4S 1( 2.00)       -12.0532        -6.0266      -163.9921
     4 1     4P 1( 6.00)        -8.3930        -4.1965      -114.1930
     3 2     3D 1(10.00)       -41.1817       -20.5908      -560.3049
     4 2     4D 1(10.00)        -3.0646        -1.5323       -41.6958
     5 0     5S 1( 2.00)        -1.1290        -0.5645       -15.3605
     5 1     5P 1( 4.00)        -0.4496        -0.2248        -6.1171

     final scf error:  9.5E-15 reached in  36 iterations
 
     Etot =  -13577.696953 Ry,   -6788.848477 Ha, -184733.978065 eV

     Ekin =   14222.673736 Ry,    7111.336868 Ha,  193509.334242 eV
     Encl =  -32856.317009 Ry,  -16428.158505 Ha, -447032.966382 eV
     Eh   =    5395.624922 Ry,    2697.812461 Ha,   73411.216896 eV
     Exc  =    -339.678602 Ry,    -169.839301 Ha,   -4621.562821 eV


     normalization and overlap integrals

     s(1S/1S) =  1.000000  <r> =   0.0278  <r2> =    0.0010  r(max) =   0.0181
     s(1S/2S) = -0.014393
     s(1S/3S) = -0.006058
     s(1S/4S) = -0.002761
     s(1S/5S) = -0.000976
     s(2S/2S) =  1.000000  <r> =   0.1200  <r2> =    0.0170  r(max) =   0.1014
     s(2S/3S) = -0.003729
     s(2S/4S) = -0.001635
     s(2S/5S) = -0.000574
     s(2P/2P) =  1.000000  <r> =   0.1048  <r2> =    0.0134  r(max) =   0.0810
     s(2P/3P) = -0.003044
     s(2P/4P) = -0.001247
     s(2P/5P) = -0.000356
     s(3S/3S) =  1.000000  <r> =   0.3226  <r2> =    0.1190  r(max) =   0.2934
     s(3S/4S) = -0.001103
     s(3S/5S) = -0.000378
     s(3P/3P) =  1.000000  <r> =   0.3206  <r2> =    0.1192  r(max) =   0.2861
     s(3P/4P) = -0.000932
     s(3P/5P) = -0.000260
     s(4S/4S) =  1.000000  <r> =   0.7646  <r2> =    0.6613  r(max) =   0.7038
     s(4S/5S) = -0.000239
     s(4P/4P) =  1.000000  <r> =   0.8213  <r2> =    0.7699  r(max) =   0.7399
     s(4P/5P) = -0.000164
     s(3D/3D) =  1.000000  <r> =   0.2970  <r2> =    0.1045  r(max) =   0.2372
     s(3D/4D) = -0.000623
     s(4D/4D) =  1.000000  <r> =   0.9732  <r2> =    1.1147  r(max) =   0.8076
     s(5S/5S) =  1.000000  <r> =   2.0763  <r2> =    4.9022  r(max) =   1.7749
     s(5P/5P) =  1.000000  <r> =   2.6629  <r2> =    8.2318  r(max) =   2.1679

     ------------------------ End of All-electron run ------------------------


     --------------------- Generating PAW atomic setup --------------------


      Generating local potential from pseudized AE potential:
      Matching radius rcloc =   2.1000

      Local pseudo, rcloc= 2.114 Estimated cut-off energy=     5.59 Ry

      Computing core charge for nlcc: 

       r > 0.90 : true rho core
       r < 0.90 : rho core = a sin(br)/r    a=  19.33  b=   2.78

      Integrated core pseudo-charge :   9.23
      Wfc-us  5S rcutus= 2.011  Estimated cut-off energy=    11.54 Ry
      Wfc-us  5S rcutus= 2.011  Estimated cut-off energy=    26.59 Ry
      Wfc-us  5P rcutus= 2.396  Estimated cut-off energy=    13.32 Ry
      Wfc-us  5P rcutus= 2.396  Estimated cut-off energy=    12.92 Ry
      Wfc-us  4D rcutus= 1.688  Estimated cut-off energy=    42.73 Ry
      Wfc-us  4D rcutus= 1.688  Estimated cut-off energy=    34.87 Ry

      The bmat matrix
     2.04528     1.68158     0.00000     0.00000     0.00000     0.00000
     1.07741     1.05700     0.00000     0.00000     0.00000     0.00000
     0.00000     0.00000     0.70523     1.84082     0.00000     0.00000
     0.00000     0.00000     0.80735     2.83050     0.00000     0.00000
     0.00000     0.00000     0.00000     0.00000    -2.68082    -1.25543
     0.00000     0.00000     0.00000     0.00000     0.08112     0.12490

      The bmat + epsilon qq matrix
     2.30803     1.16857     0.00000     0.00000     0.00000     0.00000
     1.16935     1.10478     0.00000     0.00000     0.00000     0.00000
     0.00000     0.00000     0.75241     0.87587     0.00000     0.00000
     0.00000     0.00000     0.87622     1.10746     0.00000     0.00000
     0.00000     0.00000     0.00000     0.00000    -4.20189    -0.85762
     0.00000     0.00000     0.00000     0.00000    -0.85666     0.31057

      The qq matrix
    -0.23273    -0.08143     0.00000     0.00000     0.00000     0.00000
    -0.08143     0.00758     0.00000     0.00000     0.00000     0.00000
     0.00000     0.00000    -0.10492    -0.15317     0.00000     0.00000
     0.00000     0.00000    -0.15317    -0.27350     0.00000     0.00000
     0.00000     0.00000     0.00000     0.00000     0.49634     0.30600
     0.00000     0.00000     0.00000     0.00000     0.30600     0.14282


    multipoles (all-electron charge) - (pseudo charge)
        ns l1:ns1 l2    l=0     l=1     l=2     l=3     l=4     l=5  
         1  0:  1  0 -0.2327
         2  0:  1  0 -0.0814
         2  0:  2  0  0.0076
         3  1:  1  0  0.0000  0.1924
         3  1:  2  0  0.0000  0.0818
         3  1:  3  1 -0.1049  0.0000 -0.2118
         4  1:  1  0  0.0000  0.2649
         4  1:  2  0  0.0000  0.1299
         4  1:  3  1 -0.1532  0.0000 -0.2131
         4  1:  4  1 -0.2735  0.0000 -0.3074
         5  2:  1  0  0.0000  0.0000  0.2472
         5  2:  2  0  0.0000  0.0000  0.0416
         5  2:  3  1  0.0000 -0.2496  0.0000 -0.2635
         5  2:  4  1  0.0000 -0.2852  0.0000 -0.2546
         5  2:  5  2  0.4963  0.0000  0.2981  0.0000  0.2431
         6  2:  1  0  0.0000  0.0000 -0.0182
         6  2:  2  0  0.0000  0.0000 -0.0023
         6  2:  3  1  0.0000  0.0061  0.0000  0.1049
         6  2:  4  1  0.0000 -0.0064  0.0000  0.0493
         6  2:  5  2  0.3060  0.0000  0.1821  0.0000  0.1481
         6  2:  6  2  0.1428  0.0000  0.0627  0.0000  0.0293
     Required augmentation: PSQ   radius:    1.400000

     Q pseudized with Bessel functions
     Expected ecutrho=     211.0768 due to l1=  2   l2=  2

     Estimated PAW energy = -500.657042 Ryd

     The PAW screened D coefficients
     2.30803     1.16935     0.00000     0.00000     0.00000     0.00000
     1.16935     1.10478     0.00000     0.00000     0.00000     0.00000
     0.00000     0.00000     0.75241     0.87622     0.00000     0.00000
     0.00000     0.00000     0.87622     1.10746     0.00000     0.00000
     0.00000     0.00000     0.00000     0.00000    -4.20189    -0.85666
     0.00000     0.00000     0.00000     0.00000    -0.85666     0.31057

     The PAW descreened D coefficients (US)
     1.14723     1.45710     0.00000     0.00000     0.00000     0.00000
     1.45710     1.02881     0.00000     0.00000     0.00000     0.00000
     0.00000     0.00000     0.47987     0.28210     0.00000     0.00000
     0.00000     0.00000     0.28210    -0.24468     0.00000     0.00000
     0.00000     0.00000     0.00000     0.00000     0.61084     2.22044
     0.00000     0.00000     0.00000     0.00000     2.22044     2.05390

     ------------------- End of pseudopotential generation -------------------

     --------------------------- All-electron run ----------------------------

     Te                                                                         
     scalar relativistic calculation

     atomic number is 52.00
     dft = SLA  PZ   NOGX NOGC   lsd =0 sic =0 latt =0  beta=0.20 tr2=1.0E-14
     Exchange-correlation=  SLA  PZ   NOGX NOGC
                           (   1   1   0   0   0   0   0)
     mesh =1245 r(mesh) =  99.36066 a.u. xmin = -7.00 dx = 0.01250
     1 Ry =  13.60569312 eV, c = 137.03599908

     n l     nl                  e(Ry)          e(Ha)          e(eV)
     1 0     1S 1( 2.00)     -2322.0765     -1161.0383    -31593.4607
     2 0     2S 1( 2.00)      -356.1619      -178.0809     -4845.8289
     2 1     2P 1( 6.00)      -319.9077      -159.9539     -4352.5660
     3 0     3S 1( 2.00)       -70.8399       -35.4200      -963.8264
     3 1     3P 1( 6.00)       -59.0541       -29.5271      -803.4722
     4 0     4S 1( 2.00)       -12.0532        -6.0266      -163.9921
     4 1     4P 1( 6.00)        -8.3930        -4.1965      -114.1930
     3 2     3D 1(10.00)       -41.1817       -20.5908      -560.3049
     4 2     4D 1(10.00)        -3.0646        -1.5323       -41.6958
     5 0     5S 1( 2.00)        -1.1290        -0.5645       -15.3605
     5 1     5P 1( 4.00)        -0.4496        -0.2248        -6.1171

     final scf error:  9.5E-15 reached in  36 iterations
 
     Etot =  -13577.696953 Ry,   -6788.848477 Ha, -184733.978065 eV

     Ekin =   14222.673736 Ry,    7111.336868 Ha,  193509.334242 eV
     Encl =  -32856.317009 Ry,  -16428.158505 Ha, -447032.966382 eV
     Eh   =    5395.624922 Ry,    2697.812461 Ha,   73411.216896 eV
     Exc  =    -339.678602 Ry,    -169.839301 Ha,   -4621.562821 eV


     normalization and overlap integrals

     s(1S/1S) =  1.000000  <r> =   0.0278  <r2> =    0.0010  r(max) =   0.0181
     s(1S/2S) = -0.014393
     s(1S/3S) = -0.006058
     s(1S/4S) = -0.002761
     s(1S/5S) = -0.000976
     s(2S/2S) =  1.000000  <r> =   0.1200  <r2> =    0.0170  r(max) =   0.1014
     s(2S/3S) = -0.003729
     s(2S/4S) = -0.001635
     s(2S/5S) = -0.000574
     s(2P/2P) =  1.000000  <r> =   0.1048  <r2> =    0.0134  r(max) =   0.0810
     s(2P/3P) = -0.003044
     s(2P/4P) = -0.001247
     s(2P/5P) = -0.000356
     s(3S/3S) =  1.000000  <r> =   0.3226  <r2> =    0.1190  r(max) =   0.2934
     s(3S/4S) = -0.001103
     s(3S/5S) = -0.000378
     s(3P/3P) =  1.000000  <r> =   0.3206  <r2> =    0.1192  r(max) =   0.2861
     s(3P/4P) = -0.000932
     s(3P/5P) = -0.000260
     s(4S/4S) =  1.000000  <r> =   0.7646  <r2> =    0.6613  r(max) =   0.7038
     s(4S/5S) = -0.000239
     s(4P/4P) =  1.000000  <r> =   0.8213  <r2> =    0.7699  r(max) =   0.7399
     s(4P/5P) = -0.000164
     s(3D/3D) =  1.000000  <r> =   0.2970  <r2> =    0.1045  r(max) =   0.2372
     s(3D/4D) = -0.000623
     s(4D/4D) =  1.000000  <r> =   0.9732  <r2> =    1.1147  r(max) =   0.8076
     s(5S/5S) =  1.000000  <r> =   2.0763  <r2> =    4.9022  r(max) =   1.7749
     s(5P/5P) =  1.000000  <r> =   2.6629  <r2> =    8.2318  r(max) =   2.1679

     ------------------------ End of All-electron run ------------------------


     ---------------------- Testing the pseudopotential ----------------------

     Te                                                                         
     scalar relativistic calculation

     atomic number is 52.00   valence charge is 16.00
     dft = SLA  PZ   NOGX NOGC   lsd =0 sic =0 latt =0  beta=0.20 tr2=1.0E-14
     mesh =1245 r(mesh) =  99.36066 xmin = -7.00 dx = 0.01250

     n l     nl             e AE (Ry)        e PS (Ry)    De AE-PS (Ry) 
     1 0     5S   1( 2.00)       -1.12898       -1.12898        0.00000
     2 1     5P   1( 4.00)       -0.44960       -0.44960        0.00000
     3 2     4D   1(10.00)       -3.06458       -3.06458        0.00000

     eps = 1.9E-15  iter =  3
 
     Etot =  -13577.696953 Ry,   -6788.848477 Ha, -184733.978065 eV
     Etotps =  -500.657052 Ry,    -250.328526 Ha,   -6811.786215 eV

     Ekin =     337.303601 Ry,     168.651800 Ha,    4589.249284 eV
     Encl =    -660.649475 Ry,    -330.324738 Ha,   -8988.594024 eV
     Ehrt =     162.367424 Ry,      81.183712 Ha,    2209.121340 eV
     Ecxc =    -339.678602 Ry,    -169.839301 Ha,   -4621.562815 eV
     (Ecc =     -16.973463 Ry,      -8.486732 Ha,    -230.935735 eV)

     ---------------------- End of pseudopotential test ----------------------

