[0] MPI startup(): I_MPI_SHM_LMT environment variable is not supported.
[0] MPI startup(): Similar variables:
	 I_MPI_SHM_HEAP
	 I_MPI_SHM
	 I_MPI_SHM_OPT
	 I_MPI_SHM_THP
[0] MPI startup(): To check the list of supported variables, use the impi_info utility or refer to https://software.intel.com/en-us/mpi-library/documentation/get-started.

     Program LD1 v.7.3.1 starts on 19Sep2024 at 21:46:23 

     This program is part of the open-source Quantum ESPRESSO suite
     for quantum simulation of materials; please cite
         "P. Giannozzi et al., J. Phys.:Condens. Matter 21 395502 (2009);
         "P. Giannozzi et al., J. Phys.:Condens. Matter 29 465901 (2017);
         "P. Giannozzi et al., J. Chem. Phys. 152 154105 (2020);
          URL http://www.quantum-espresso.org", 
     in publications or presentations arising from this work. More details at
     http://www.quantum-espresso.org/quote

     Parallel version (MPI), running on     1 processors

     MPI processes distributed on     1 nodes
     89974 MiB available memory on the printing compute node when the environment starts
 
     Waiting for input...
     Reading input from standard input
     --------------------------- All-electron run ----------------------------

     Tl                                                                         
     scalar relativistic calculation

     atomic number is 81.00
     dft =LDA   lsd =0 sic =0 latt =0  beta=0.20 tr2=1.0E-14
     Exchange-correlation= LDA
                           (   1   1   0   0   0   0   0)
     mesh =1281 r(mesh) = 100.03807 a.u. xmin = -7.00 dx = 0.01250
     1 Ry =  13.60569312 eV, c = 137.03599908

     n l     nl                  e(Ry)          e(Ha)          e(eV)
     1 0     1S 1( 2.00)     -6289.3485     -3144.6743    -85570.9463
     2 0     2S 1( 2.00)     -1119.8997      -559.9499    -15237.0120
     2 1     2P 1( 6.00)      -963.4373      -481.7187    -13108.2324
     3 0     3S 1( 2.00)      -267.2846      -133.6423     -3636.5922
     3 1     3P 1( 6.00)      -222.2673      -111.1336     -3024.1004
     4 0     4S 1( 2.00)       -59.6014       -29.8007      -810.9177
     4 1     4P 1( 6.00)       -44.8436       -22.4218      -610.1276
     3 2     3D 1(10.00)      -175.5924       -87.7962     -2389.0561
     5 0     5S 1( 2.00)        -9.6503        -4.8251      -131.2983
     5 1     5P 1( 6.00)        -5.6047        -2.8024       -76.2563
     4 2     4D 1(10.00)       -27.5548       -13.7774      -374.9028
     4 3     4F 1(14.00)        -8.4090        -4.2045      -114.4105
     5 2     5D 1(10.00)        -1.1480        -0.5740       -15.6188
     6 0     6S 1( 2.00)        -0.7227        -0.3614        -9.8332
     6 1     6P 1( 1.00)        -0.1897        -0.0948        -2.5808

     final scf error:  9.9E-15 reached in  28 iterations
 
     Etot =  -40469.956491 Ry,  -20234.978245 Ha, -550621.808714 eV

     Ekin =   45586.962063 Ry,   22793.481032 Ha,  620242.216243 eV
     Encl = -100962.062991 Ry,  -50481.031496 Ha,-1373658.846124 eV
     Eh   =   15639.915207 Ry,    7819.957603 Ha,  212791.886772 eV
     Exc  =    -734.770770 Ry,    -367.385385 Ha,   -9997.065606 eV


     normalization and overlap integrals

     s(1S/1S) =  1.000000  <r> =   0.0163  <r2> =    0.0004  r(max) =   0.0100
     s(1S/2S) = -0.039624
     s(1S/3S) = -0.017379
     s(1S/4S) = -0.008635
     s(1S/5S) = -0.003942
     s(1S/6S) = -0.001271
     s(2S/2S) =  1.000000  <r> =   0.0688  <r2> =    0.0056  r(max) =   0.0582
     s(2S/3S) = -0.011218
     s(2S/4S) = -0.005310
     s(2S/5S) = -0.002399
     s(2S/6S) = -0.000772
     s(2P/2P) =  1.000000  <r> =   0.0624  <r2> =    0.0048  r(max) =   0.0482
     s(2P/3P) = -0.008732
     s(2P/4P) = -0.003917
     s(2P/5P) = -0.001636
     s(2P/6P) = -0.000366
     s(3S/3S) =  1.000000  <r> =   0.1777  <r2> =    0.0361  r(max) =   0.1642
     s(3S/4S) = -0.003883
     s(3S/5S) = -0.001693
     s(3S/6S) = -0.000542
     s(3P/3P) =  1.000000  <r> =   0.1794  <r2> =    0.0373  r(max) =   0.1642
     s(3P/4P) = -0.003249
     s(3P/5P) = -0.001310
     s(3P/6P) = -0.000292
     s(4S/4S) =  1.000000  <r> =   0.3919  <r2> =    0.1733  r(max) =   0.3699
     s(4S/5S) = -0.001199
     s(4S/6S) = -0.000377
     s(4P/4P) =  1.000000  <r> =   0.4179  <r2> =    0.1984  r(max) =   0.3889
     s(4P/5P) = -0.000943
     s(4P/6P) = -0.000207
     s(3D/3D) =  1.000000  <r> =   0.1625  <r2> =    0.0309  r(max) =   0.1327
     s(3D/4D) = -0.002377
     s(3D/5D) = -0.000725
     s(5S/5S) =  1.000000  <r> =   0.8759  <r2> =    0.8603  r(max) =   0.8030
     s(5S/6S) = -0.000224
     s(5P/5P) =  1.000000  <r> =   1.0067  <r2> =    1.1452  r(max) =   0.8986
     s(5P/6P) = -0.000117
     s(4D/4D) =  1.000000  <r> =   0.4400  <r2> =    0.2236  r(max) =   0.3938
     s(4D/5D) = -0.000574
     s(4F/4F) =  1.000000  <r> =   0.4677  <r2> =    0.2629  r(max) =   0.3563
     s(5D/5D) =  1.000000  <r> =   1.3924  <r2> =    2.2846  r(max) =   1.1113
     s(6S/6S) =  1.000000  <r> =   2.4716  <r2> =    6.9778  r(max) =   2.0762
     s(6P/6P) =  1.000000  <r> =   3.7715  <r2> =   16.7920  r(max) =   2.9097

     ------------------------ End of All-electron run ------------------------


     --------------------- Generating US pseudopotential ---------------------


      Generating local potential from pseudized AE potential:
      Matching radius rcloc =   2.2000

      Local pseudo, rcloc= 2.183 Estimated cut-off energy=     5.27 Ry

      Computing core charge for nlcc: 

       r > 1.50 : true rho core
      Core charge pseudized with two Bessel functions
      Integrated core pseudo-charge :  11.22
      Wfc-us  6S rcutus= 2.025  Estimated cut-off energy=    10.73 Ry
      Wfc-us  6S rcutus= 2.025  Estimated cut-off energy=    21.84 Ry
      Wfc-us  6P rcutus= 2.600  Estimated cut-off energy=    10.85 Ry
      Wfc-us  6P rcutus= 2.600  Estimated cut-off energy=    10.69 Ry
      Wfc-us  5D rcutus= 2.025  Estimated cut-off energy=    29.06 Ry
      Wfc-us  5D rcutus= 2.025  Estimated cut-off energy=    35.14 Ry

      The bmat matrix
     0.93039     1.32622     0.00000     0.00000     0.00000     0.00000
     0.95465     1.49191     0.00000     0.00000     0.00000     0.00000
     0.00000     0.00000     0.30966     1.64930     0.00000     0.00000
     0.00000     0.00000     0.72311     5.14276     0.00000     0.00000
     0.00000     0.00000     0.00000     0.00000    -1.35651    -0.84448
     0.00000     0.00000     0.00000     0.00000    -0.75200    -0.47469

      The bmat + epsilon qq matrix
     0.97528     0.99718     0.00000     0.00000     0.00000     0.00000
     0.99789     1.20230     0.00000     0.00000     0.00000     0.00000
     0.00000     0.00000     0.31642     0.74913     0.00000     0.00000
     0.00000     0.00000     0.74938     1.56894     0.00000     0.00000
     0.00000     0.00000     0.00000     0.00000    -1.69501    -0.94565
     0.00000     0.00000     0.00000     0.00000    -0.94556    -0.53254

      The qq matrix
    -0.06212    -0.05982     0.00000     0.00000     0.00000     0.00000
    -0.05982    -0.05266     0.00000     0.00000     0.00000     0.00000
     0.00000     0.00000    -0.03564    -0.13849     0.00000     0.00000
     0.00000     0.00000    -0.13849    -0.54982     0.00000     0.00000
     0.00000     0.00000     0.00000     0.00000     0.29487     0.16862
     0.00000     0.00000     0.00000     0.00000     0.16862     0.09641

     Q pseudized with Bessel functions
     Expected ecutrho=     150.4287 due to l1=  2   l2=  2

      The ddd matrix
     0.80248     0.83831     0.00000     0.00000     0.00000     0.00000
     0.83831     1.03680     0.00000     0.00000     0.00000     0.00000
     0.00000     0.00000     0.27668     0.22593     0.00000     0.00000
     0.00000     0.00000     0.22593    -1.21138     0.00000     0.00000
     0.00000     0.00000     0.00000     0.00000     0.25292     0.20537
     0.00000     0.00000     0.00000     0.00000     0.20537     0.14178

     ------------------- End of pseudopotential generation -------------------

     --------------------------- All-electron run ----------------------------

     Tl                                                                         
     scalar relativistic calculation

     atomic number is 81.00
     dft =LDA   lsd =0 sic =0 latt =0  beta=0.20 tr2=1.0E-14
     Exchange-correlation= LDA
                           (   1   1   0   0   0   0   0)
     mesh =1281 r(mesh) = 100.03807 a.u. xmin = -7.00 dx = 0.01250
     1 Ry =  13.60569312 eV, c = 137.03599908

     n l     nl                  e(Ry)          e(Ha)          e(eV)
     1 0     1S 1( 2.00)     -6289.3485     -3144.6743    -85570.9463
     2 0     2S 1( 2.00)     -1119.8997      -559.9499    -15237.0120
     2 1     2P 1( 6.00)      -963.4373      -481.7187    -13108.2324
     3 0     3S 1( 2.00)      -267.2846      -133.6423     -3636.5922
     3 1     3P 1( 6.00)      -222.2673      -111.1336     -3024.1004
     4 0     4S 1( 2.00)       -59.6014       -29.8007      -810.9177
     4 1     4P 1( 6.00)       -44.8436       -22.4218      -610.1276
     3 2     3D 1(10.00)      -175.5924       -87.7962     -2389.0561
     5 0     5S 1( 2.00)        -9.6503        -4.8251      -131.2983
     5 1     5P 1( 6.00)        -5.6047        -2.8024       -76.2563
     4 2     4D 1(10.00)       -27.5548       -13.7774      -374.9028
     4 3     4F 1(14.00)        -8.4090        -4.2045      -114.4105
     5 2     5D 1(10.00)        -1.1480        -0.5740       -15.6188
     6 0     6S 1( 2.00)        -0.7227        -0.3614        -9.8332
     6 1     6P 1( 1.00)        -0.1897        -0.0948        -2.5808

     final scf error:  9.9E-15 reached in  28 iterations
 
     Etot =  -40469.956491 Ry,  -20234.978245 Ha, -550621.808714 eV

     Ekin =   45586.962063 Ry,   22793.481032 Ha,  620242.216243 eV
     Encl = -100962.062991 Ry,  -50481.031496 Ha,-1373658.846124 eV
     Eh   =   15639.915207 Ry,    7819.957603 Ha,  212791.886772 eV
     Exc  =    -734.770770 Ry,    -367.385385 Ha,   -9997.065606 eV


     normalization and overlap integrals

     s(1S/1S) =  1.000000  <r> =   0.0163  <r2> =    0.0004  r(max) =   0.0100
     s(1S/2S) = -0.039624
     s(1S/3S) = -0.017379
     s(1S/4S) = -0.008635
     s(1S/5S) = -0.003942
     s(1S/6S) = -0.001271
     s(2S/2S) =  1.000000  <r> =   0.0688  <r2> =    0.0056  r(max) =   0.0582
     s(2S/3S) = -0.011218
     s(2S/4S) = -0.005310
     s(2S/5S) = -0.002399
     s(2S/6S) = -0.000772
     s(2P/2P) =  1.000000  <r> =   0.0624  <r2> =    0.0048  r(max) =   0.0482
     s(2P/3P) = -0.008732
     s(2P/4P) = -0.003917
     s(2P/5P) = -0.001636
     s(2P/6P) = -0.000366
     s(3S/3S) =  1.000000  <r> =   0.1777  <r2> =    0.0361  r(max) =   0.1642
     s(3S/4S) = -0.003883
     s(3S/5S) = -0.001693
     s(3S/6S) = -0.000542
     s(3P/3P) =  1.000000  <r> =   0.1794  <r2> =    0.0373  r(max) =   0.1642
     s(3P/4P) = -0.003249
     s(3P/5P) = -0.001310
     s(3P/6P) = -0.000292
     s(4S/4S) =  1.000000  <r> =   0.3919  <r2> =    0.1733  r(max) =   0.3699
     s(4S/5S) = -0.001199
     s(4S/6S) = -0.000377
     s(4P/4P) =  1.000000  <r> =   0.4179  <r2> =    0.1984  r(max) =   0.3889
     s(4P/5P) = -0.000943
     s(4P/6P) = -0.000207
     s(3D/3D) =  1.000000  <r> =   0.1625  <r2> =    0.0309  r(max) =   0.1327
     s(3D/4D) = -0.002377
     s(3D/5D) = -0.000725
     s(5S/5S) =  1.000000  <r> =   0.8759  <r2> =    0.8603  r(max) =   0.8030
     s(5S/6S) = -0.000224
     s(5P/5P) =  1.000000  <r> =   1.0067  <r2> =    1.1452  r(max) =   0.8986
     s(5P/6P) = -0.000117
     s(4D/4D) =  1.000000  <r> =   0.4400  <r2> =    0.2236  r(max) =   0.3938
     s(4D/5D) = -0.000574
     s(4F/4F) =  1.000000  <r> =   0.4677  <r2> =    0.2629  r(max) =   0.3563
     s(5D/5D) =  1.000000  <r> =   1.3924  <r2> =    2.2846  r(max) =   1.1113
     s(6S/6S) =  1.000000  <r> =   2.4716  <r2> =    6.9778  r(max) =   2.0762
     s(6P/6P) =  1.000000  <r> =   3.7715  <r2> =   16.7920  r(max) =   2.9097

     ------------------------ End of All-electron run ------------------------


     ---------------------- Testing the pseudopotential ----------------------

     Tl                                                                         
     scalar relativistic calculation

     atomic number is 81.00   valence charge is 13.00
     dft =LDA   lsd =0 sic =0 latt =0  beta=0.20 tr2=1.0E-14
     mesh =1281 r(mesh) = 100.03807 xmin = -7.00 dx = 0.01250

     n l     nl             e AE (Ry)        e PS (Ry)    De AE-PS (Ry) 
     1 0     6S   1( 2.00)       -0.72273       -0.72273        0.00000
     2 1     6P   1( 1.00)       -0.18968       -0.18968        0.00000
     3 2     5D   1(10.00)       -1.14796       -1.14796        0.00000

     eps = 3.3E-16  iter =  4
 
     Etot =  -40469.956491 Ry,  -20234.978245 Ha, -550621.808714 eV
     Etotps =  -121.772894 Ry,     -60.886447 Ha,   -1656.804630 eV

     Ekin =      34.372738 Ry,      17.186369 Ha,     467.664929 eV
     Encl =    -214.268490 Ry,    -107.134245 Ha,   -2915.271325 eV
     Ehrt =      91.520535 Ry,      45.760268 Ha,    1245.200319 eV
     Ecxc =     -37.808480 Ry,     -18.904240 Ha,    -514.410570 eV
     (Ecc =     -19.426919 Ry,      -9.713460 Ha,    -264.316700 eV)
     Epseu=       4.410802 Ry,       2.205401 Ha,      60.012017 eV

     ---------------------- End of pseudopotential test ----------------------

