[0] MPI startup(): I_MPI_SHM_LMT environment variable is not supported.
[0] MPI startup(): Similar variables:
	 I_MPI_SHM_HEAP
	 I_MPI_SHM
	 I_MPI_SHM_OPT
	 I_MPI_SHM_THP
[0] MPI startup(): To check the list of supported variables, use the impi_info utility or refer to https://software.intel.com/en-us/mpi-library/documentation/get-started.

     Program LD1 v.7.3.1 starts on 19Sep2024 at 21:46:23 

     This program is part of the open-source Quantum ESPRESSO suite
     for quantum simulation of materials; please cite
         "P. Giannozzi et al., J. Phys.:Condens. Matter 21 395502 (2009);
         "P. Giannozzi et al., J. Phys.:Condens. Matter 29 465901 (2017);
         "P. Giannozzi et al., J. Chem. Phys. 152 154105 (2020);
          URL http://www.quantum-espresso.org", 
     in publications or presentations arising from this work. More details at
     http://www.quantum-espresso.org/quote

     Parallel version (MPI), running on     1 processors

     MPI processes distributed on     1 nodes
     89974 MiB available memory on the printing compute node when the environment starts
 
     Waiting for input...
     Reading input from standard input
     --------------------------- All-electron run ----------------------------

     Y                                                                          
     scalar relativistic calculation

     atomic number is 39.00
     dft =LDA   lsd =0 sic =0 latt =0  beta=0.20 tr2=1.0E-14
     Exchange-correlation= LDA
                           (   1   1   0   0   0   0   0)
     mesh =1223 r(mesh) = 100.62879 a.u. xmin = -7.00 dx = 0.01250
     1 Ry =  13.60569312 eV, c = 137.03599908

     n l     nl                  e(Ry)          e(Ha)          e(eV)
     1 0     1S 1( 2.00)     -1237.8778      -618.9389    -16842.1858
     2 0     2S 1( 2.00)      -169.6738       -84.8369     -2308.5293
     2 1     2P 1( 6.00)      -151.1835       -75.5918     -2056.9569
     3 0     3S 1( 2.00)       -27.0368       -13.5184      -367.8548
     3 1     3P 1( 6.00)       -21.0397       -10.5198      -286.2596
     4 0     4S 1( 2.00)        -3.5272        -1.7636       -47.9903
     4 1     4P 1( 6.00)        -2.0537        -1.0268       -27.9414
     3 2     3D 1(10.00)       -11.1288        -5.5644      -151.4147
     4 2     4D 1( 1.00)        -0.1945        -0.0973        -2.6463
     5 0     5S 1( 2.00)        -0.3112        -0.1556        -4.2347
     5 1     5P 1( 0.00)        -0.1101        -0.0551        -1.4982

     final scf error:  2.6E-15 reached in  25 iterations
 
     Etot =   -6762.773949 Ry,   -3381.386975 Ha,  -92012.227014 eV

     Ekin =    6942.115083 Ry,    3471.057542 Ha,   94452.287451 eV
     Encl =  -16291.331930 Ry,   -8145.665965 Ha, -221654.862810 eV
     Eh   =    2797.422726 Ry,    1398.711363 Ha,   38060.875148 eV
     Exc  =    -210.979829 Ry,    -105.489914 Ha,   -2870.526803 eV


     normalization and overlap integrals

     s(1S/1S) =  1.000000  <r> =   0.0381  <r2> =    0.0020  r(max) =   0.0247
     s(1S/2S) = -0.007660
     s(1S/3S) = -0.003038
     s(1S/4S) = -0.001176
     s(1S/5S) = -0.000360
     s(2S/2S) =  1.000000  <r> =   0.1676  <r2> =    0.0331  r(max) =   0.1404
     s(2S/3S) = -0.001819
     s(2S/4S) = -0.000684
     s(2S/5S) = -0.000208
     s(2P/2P) =  1.000000  <r> =   0.1460  <r2> =    0.0261  r(max) =   0.1121
     s(2P/3P) = -0.001484
     s(2P/4P) = -0.000497
     s(2P/5P) = -0.000121
     s(3S/3S) =  1.000000  <r> =   0.4757  <r2> =    0.2597  r(max) =   0.4217
     s(3S/4S) = -0.000428
     s(3S/5S) = -0.000129
     s(3P/3P) =  1.000000  <r> =   0.4803  <r2> =    0.2692  r(max) =   0.4164
     s(3P/4P) = -0.000339
     s(3P/5P) = -0.000082
     s(4S/4S) =  1.000000  <r> =   1.2779  <r2> =    1.8561  r(max) =   1.1319
     s(4S/5S) = -0.000068
     s(4P/4P) =  1.000000  <r> =   1.4582  <r2> =    2.4491  r(max) =   1.2510
     s(4P/5P) = -0.000041
     s(3D/3D) =  1.000000  <r> =   0.4745  <r2> =    0.2734  r(max) =   0.3584
     s(3D/4D) = -0.000149
     s(4D/4D) =  1.000000  <r> =   2.6755  <r2> =    9.0684  r(max) =   1.7976
     s(5S/5S) =  1.000000  <r> =   3.9208  <r2> =   17.5435  r(max) =   3.3166
     s(5P/5P) =  1.000000  <r> =   5.3492  <r2> =   33.0564  r(max) =   4.4213

     ------------------------ End of All-electron run ------------------------


     --------------------- Generating PAW atomic setup --------------------


      Generating local potential from pseudized AE potential:
      Matching radius rcloc =   2.4000

      Local pseudo, rcloc= 2.426 Estimated cut-off energy=     4.19 Ry

      Computing core charge for nlcc: 

       r > 1.10 : true rho core
      Core charge pseudized with two Bessel functions
      Integrated core pseudo-charge :   5.79
      Wfc-us  4S rcutus= 1.586  Estimated cut-off energy=    20.14 Ry
      Wfc-us  5S rcutus= 1.586  Estimated cut-off energy=    32.93 Ry
      Wfc-us  4P rcutus= 1.710  Estimated cut-off energy=    27.45 Ry
      Wfc-us  5P rcutus= 1.710  Estimated cut-off energy=    36.55 Ry
      Wfc-us  4D rcutus= 1.890  Estimated cut-off energy=    31.15 Ry
      Wfc-us  4D rcutus= 1.890  Estimated cut-off energy=    32.26 Ry

      The bmat matrix
    -0.20107     0.51740     0.00000     0.00000     0.00000     0.00000
    -0.04302     0.15235     0.00000     0.00000     0.00000     0.00000
     0.00000     0.00000    -1.08387    -0.17798     0.00000     0.00000
     0.00000     0.00000    -0.24861    -0.04241     0.00000     0.00000
     0.00000     0.00000     0.00000     0.00000    -0.33278    -0.30558
     0.00000     0.00000     0.00000     0.00000    -0.30490    -0.27983

      The bmat + epsilon qq matrix
     1.83658     0.57166     0.00000     0.00000     0.00000     0.00000
     0.57187     0.16893     0.00000     0.00000     0.00000     0.00000
     0.00000     0.00000    -0.77691    -0.17397     0.00000     0.00000
     0.00000     0.00000    -0.17389    -0.04142     0.00000     0.00000
     0.00000     0.00000     0.00000     0.00000    -0.33270    -0.30519
     0.00000     0.00000     0.00000     0.00000    -0.30516    -0.27899

      The qq matrix
    -0.57769    -0.17433     0.00000     0.00000     0.00000     0.00000
    -0.17433    -0.05328     0.00000     0.00000     0.00000     0.00000
     0.00000     0.00000    -0.14947    -0.03638     0.00000     0.00000
     0.00000     0.00000    -0.03638    -0.00898     0.00000     0.00000
     0.00000     0.00000     0.00000     0.00000    -0.00039     0.00132
     0.00000     0.00000     0.00000     0.00000     0.00132     0.00279


    multipoles (all-electron charge) - (pseudo charge)
        ns l1:ns1 l2    l=0     l=1     l=2     l=3     l=4     l=5  
         1  0:  1  0 -0.5777
         2  0:  1  0 -0.1743
         2  0:  2  0 -0.0533
         3  1:  1  0  0.0000  0.2323
         3  1:  2  0  0.0000  0.0642
         3  1:  3  1 -0.1495  0.0000 -0.1285
         4  1:  1  0  0.0000  0.0563
         4  1:  2  0  0.0000  0.0158
         4  1:  3  1 -0.0364  0.0000 -0.0290
         4  1:  4  1 -0.0090  0.0000 -0.0067
         5  2:  1  0  0.0000  0.0000 -0.0630
         5  2:  2  0  0.0000  0.0000 -0.0149
         5  2:  3  1  0.0000  0.0423  0.0000  0.0465
         5  2:  4  1  0.0000  0.0092  0.0000  0.0091
         5  2:  5  2 -0.0004  0.0000 -0.0168  0.0000 -0.0259
         6  2:  1  0  0.0000  0.0000 -0.0545
         6  2:  2  0  0.0000  0.0000 -0.0131
         6  2:  3  1  0.0000  0.0361  0.0000  0.0384
         6  2:  4  1  0.0000  0.0079  0.0000  0.0076
         6  2:  5  2  0.0013  0.0000 -0.0132  0.0000 -0.0202
         6  2:  6  2  0.0028  0.0000 -0.0102  0.0000 -0.0153
     Required augmentation: PSQ   radius:    1.200000

     Q pseudized with Bessel functions
     Expected ecutrho=     250.4401 due to l1=  2   l2=  2

     Estimated PAW energy = -274.530392 Ryd

     The PAW screened D coefficients
     1.83658     0.57187     0.00000     0.00000     0.00000     0.00000
     0.57187     0.16893     0.00000     0.00000     0.00000     0.00000
     0.00000     0.00000    -0.77691    -0.17389     0.00000     0.00000
     0.00000     0.00000    -0.17389    -0.04142     0.00000     0.00000
     0.00000     0.00000     0.00000     0.00000    -0.33270    -0.30516
     0.00000     0.00000     0.00000     0.00000    -0.30516    -0.27899

     The PAW descreened D coefficients (US)
    -1.59277    -0.47747     0.00000     0.00000     0.00000     0.00000
    -0.47747    -0.15577     0.00000     0.00000     0.00000     0.00000
     0.00000     0.00000    -1.45506    -0.34314     0.00000     0.00000
     0.00000     0.00000    -0.34314    -0.08425     0.00000     0.00000
     0.00000     0.00000     0.00000     0.00000    -0.25924    -0.22853
     0.00000     0.00000     0.00000     0.00000    -0.22853    -0.19993

     ------------------- End of pseudopotential generation -------------------

     --------------------------- All-electron run ----------------------------

     Y                                                                          
     scalar relativistic calculation

     atomic number is 39.00
     dft = SLA  PZ   NOGX NOGC   lsd =0 sic =0 latt =0  beta=0.20 tr2=1.0E-14
     Exchange-correlation=  SLA  PZ   NOGX NOGC
                           (   1   1   0   0   0   0   0)
     mesh =1223 r(mesh) = 100.62879 a.u. xmin = -7.00 dx = 0.01250
     1 Ry =  13.60569312 eV, c = 137.03599908

     n l     nl                  e(Ry)          e(Ha)          e(eV)
     1 0     1S 1( 2.00)     -1237.8778      -618.9389    -16842.1858
     2 0     2S 1( 2.00)      -169.6738       -84.8369     -2308.5293
     2 1     2P 1( 6.00)      -151.1835       -75.5918     -2056.9569
     3 0     3S 1( 2.00)       -27.0368       -13.5184      -367.8548
     3 1     3P 1( 6.00)       -21.0397       -10.5198      -286.2596
     4 0     4S 1( 2.00)        -3.5272        -1.7636       -47.9903
     4 1     4P 1( 6.00)        -2.0537        -1.0268       -27.9414
     3 2     3D 1(10.00)       -11.1288        -5.5644      -151.4147
     4 2     4D 1( 1.00)        -0.1945        -0.0973        -2.6463
     5 0     5S 1( 2.00)        -0.3112        -0.1556        -4.2347
     5 1     5P 1( 0.00)        -0.1101        -0.0551        -1.4982

     final scf error:  2.6E-15 reached in  25 iterations
 
     Etot =   -6762.773949 Ry,   -3381.386975 Ha,  -92012.227014 eV

     Ekin =    6942.115083 Ry,    3471.057542 Ha,   94452.287451 eV
     Encl =  -16291.331930 Ry,   -8145.665965 Ha, -221654.862810 eV
     Eh   =    2797.422726 Ry,    1398.711363 Ha,   38060.875148 eV
     Exc  =    -210.979829 Ry,    -105.489914 Ha,   -2870.526803 eV


     normalization and overlap integrals

     s(1S/1S) =  1.000000  <r> =   0.0381  <r2> =    0.0020  r(max) =   0.0247
     s(1S/2S) = -0.007660
     s(1S/3S) = -0.003038
     s(1S/4S) = -0.001176
     s(1S/5S) = -0.000360
     s(2S/2S) =  1.000000  <r> =   0.1676  <r2> =    0.0331  r(max) =   0.1404
     s(2S/3S) = -0.001819
     s(2S/4S) = -0.000684
     s(2S/5S) = -0.000208
     s(2P/2P) =  1.000000  <r> =   0.1460  <r2> =    0.0261  r(max) =   0.1121
     s(2P/3P) = -0.001484
     s(2P/4P) = -0.000497
     s(2P/5P) = -0.000121
     s(3S/3S) =  1.000000  <r> =   0.4757  <r2> =    0.2597  r(max) =   0.4217
     s(3S/4S) = -0.000428
     s(3S/5S) = -0.000129
     s(3P/3P) =  1.000000  <r> =   0.4803  <r2> =    0.2692  r(max) =   0.4164
     s(3P/4P) = -0.000339
     s(3P/5P) = -0.000082
     s(4S/4S) =  1.000000  <r> =   1.2779  <r2> =    1.8561  r(max) =   1.1319
     s(4S/5S) = -0.000068
     s(4P/4P) =  1.000000  <r> =   1.4582  <r2> =    2.4491  r(max) =   1.2510
     s(4P/5P) = -0.000041
     s(3D/3D) =  1.000000  <r> =   0.4745  <r2> =    0.2734  r(max) =   0.3584
     s(3D/4D) = -0.000149
     s(4D/4D) =  1.000000  <r> =   2.6755  <r2> =    9.0684  r(max) =   1.7976
     s(5S/5S) =  1.000000  <r> =   3.9208  <r2> =   17.5435  r(max) =   3.3166
     s(5P/5P) =  1.000000  <r> =   5.3492  <r2> =   33.0564  r(max) =   4.4213

     ------------------------ End of All-electron run ------------------------


     ---------------------- Testing the pseudopotential ----------------------

     Y                                                                          
     scalar relativistic calculation

     atomic number is 39.00   valence charge is 11.00
     dft = SLA  PZ   NOGX NOGC   lsd =0 sic =0 latt =0  beta=0.20 tr2=1.0E-14
     mesh =1223 r(mesh) = 100.62879 xmin = -7.00 dx = 0.01250

     n l     nl             e AE (Ry)        e PS (Ry)    De AE-PS (Ry) 
     1 0     4S   1( 2.00)       -3.52722       -3.52719       -0.00003
     2 0     5S   1( 2.00)       -0.31125       -0.31124       -0.00000
     2 1     4P   1( 6.00)       -2.05366       -2.05363       -0.00002
     3 1     5P   1( 0.00)       -0.11011       -0.11011       -0.00000
     3 2     4D   1( 1.00)       -0.19450       -0.19449       -0.00001

     eps = 6.1E-15  iter =  5
 
     Etot =   -6762.773949 Ry,   -3381.386975 Ha,  -92012.227014 eV
     Etotps =  -274.530390 Ry,    -137.265195 Ha,   -3735.176236 eV

     Ekin =     115.261272 Ry,      57.630636 Ha,    1568.209493 eV
     Encl =    -238.316980 Ry,    -119.158490 Ha,   -3242.467698 eV
     Ehrt =      59.505219 Ry,      29.752610 Ha,     809.609751 eV
     Ecxc =    -210.979901 Ry,    -105.489950 Ha,   -2870.527783 eV
     (Ecc =     -11.426647 Ry,      -5.713323 Ha,    -155.467452 eV)

     ---------------------- End of pseudopotential test ----------------------

