[0] MPI startup(): I_MPI_SHM_LMT environment variable is not supported.
[0] MPI startup(): Similar variables:
	 I_MPI_SHM_HEAP
	 I_MPI_SHM
	 I_MPI_SHM_OPT
	 I_MPI_SHM_THP
[0] MPI startup(): To check the list of supported variables, use the impi_info utility or refer to https://software.intel.com/en-us/mpi-library/documentation/get-started.

     Program LD1 v.7.3.1 starts on 19Sep2024 at 21:46:24 

     This program is part of the open-source Quantum ESPRESSO suite
     for quantum simulation of materials; please cite
         "P. Giannozzi et al., J. Phys.:Condens. Matter 21 395502 (2009);
         "P. Giannozzi et al., J. Phys.:Condens. Matter 29 465901 (2017);
         "P. Giannozzi et al., J. Chem. Phys. 152 154105 (2020);
          URL http://www.quantum-espresso.org", 
     in publications or presentations arising from this work. More details at
     http://www.quantum-espresso.org/quote

     Parallel version (MPI), running on     1 processors

     MPI processes distributed on     1 nodes
     89974 MiB available memory on the printing compute node when the environment starts
 
     Waiting for input...
     Reading input from standard input
     --------------------------- All-electron run ----------------------------

     Y                                                                          
     scalar relativistic calculation

     atomic number is 39.00
     dft =LDA   lsd =0 sic =0 latt =0  beta=0.20 tr2=1.0E-14
     Exchange-correlation= LDA
                           (   1   1   0   0   0   0   0)
     mesh =1223 r(mesh) = 100.62879 a.u. xmin = -7.00 dx = 0.01250
     1 Ry =  13.60569312 eV, c = 137.03599908

     n l     nl                  e(Ry)          e(Ha)          e(eV)
     1 0     1S 1( 2.00)     -1237.8778      -618.9389    -16842.1858
     2 0     2S 1( 2.00)      -169.6738       -84.8369     -2308.5293
     2 1     2P 1( 6.00)      -151.1835       -75.5918     -2056.9569
     3 0     3S 1( 2.00)       -27.0368       -13.5184      -367.8548
     3 1     3P 1( 6.00)       -21.0397       -10.5198      -286.2596
     4 0     4S 1( 2.00)        -3.5272        -1.7636       -47.9903
     4 1     4P 1( 6.00)        -2.0537        -1.0268       -27.9414
     3 2     3D 1(10.00)       -11.1288        -5.5644      -151.4147
     4 2     4D 1( 1.00)        -0.1945        -0.0973        -2.6463
     5 0     5S 1( 2.00)        -0.3112        -0.1556        -4.2347
     5 1     5P 1( 0.00)        -0.1101        -0.0551        -1.4982

     final scf error:  2.6E-15 reached in  25 iterations
 
     Etot =   -6762.773949 Ry,   -3381.386975 Ha,  -92012.227014 eV

     Ekin =    6942.115083 Ry,    3471.057542 Ha,   94452.287451 eV
     Encl =  -16291.331930 Ry,   -8145.665965 Ha, -221654.862810 eV
     Eh   =    2797.422726 Ry,    1398.711363 Ha,   38060.875148 eV
     Exc  =    -210.979829 Ry,    -105.489914 Ha,   -2870.526803 eV


     normalization and overlap integrals

     s(1S/1S) =  1.000000  <r> =   0.0381  <r2> =    0.0020  r(max) =   0.0247
     s(1S/2S) = -0.007660
     s(1S/3S) = -0.003038
     s(1S/4S) = -0.001176
     s(1S/5S) = -0.000360
     s(2S/2S) =  1.000000  <r> =   0.1676  <r2> =    0.0331  r(max) =   0.1404
     s(2S/3S) = -0.001819
     s(2S/4S) = -0.000684
     s(2S/5S) = -0.000208
     s(2P/2P) =  1.000000  <r> =   0.1460  <r2> =    0.0261  r(max) =   0.1121
     s(2P/3P) = -0.001484
     s(2P/4P) = -0.000497
     s(2P/5P) = -0.000121
     s(3S/3S) =  1.000000  <r> =   0.4757  <r2> =    0.2597  r(max) =   0.4217
     s(3S/4S) = -0.000428
     s(3S/5S) = -0.000129
     s(3P/3P) =  1.000000  <r> =   0.4803  <r2> =    0.2692  r(max) =   0.4164
     s(3P/4P) = -0.000339
     s(3P/5P) = -0.000082
     s(4S/4S) =  1.000000  <r> =   1.2779  <r2> =    1.8561  r(max) =   1.1319
     s(4S/5S) = -0.000068
     s(4P/4P) =  1.000000  <r> =   1.4582  <r2> =    2.4491  r(max) =   1.2510
     s(4P/5P) = -0.000041
     s(3D/3D) =  1.000000  <r> =   0.4745  <r2> =    0.2734  r(max) =   0.3584
     s(3D/4D) = -0.000149
     s(4D/4D) =  1.000000  <r> =   2.6755  <r2> =    9.0684  r(max) =   1.7976
     s(5S/5S) =  1.000000  <r> =   3.9208  <r2> =   17.5435  r(max) =   3.3166
     s(5P/5P) =  1.000000  <r> =   5.3492  <r2> =   33.0564  r(max) =   4.4213

     ------------------------ End of All-electron run ------------------------


     --------------------- Generating US pseudopotential ---------------------


      Generating local potential from pseudized AE potential:
      Matching radius rcloc =   2.4000

      Local pseudo, rcloc= 2.426 Estimated cut-off energy=     4.19 Ry

      Computing core charge for nlcc: 

       r > 0.90 : true rho core
       r < 0.90 : rho core = a sin(br)/r    a=  11.94  b=   3.03

      Integrated core pseudo-charge :   4.46
      Wfc-us  4S rcutus= 1.586  Estimated cut-off energy=    20.14 Ry
      Wfc-us  5S rcutus= 1.586  Estimated cut-off energy=    32.93 Ry
      Wfc-us  4P rcutus= 1.710  Estimated cut-off energy=    27.45 Ry
      Wfc-us  5P rcutus= 1.710  Estimated cut-off energy=    36.55 Ry
      Wfc-us  4D rcutus= 1.890  Estimated cut-off energy=    31.15 Ry
      Wfc-us  4D rcutus= 1.890  Estimated cut-off energy=    32.26 Ry

      The bmat matrix
    -0.20107     0.51740     0.00000     0.00000     0.00000     0.00000
    -0.04302     0.15235     0.00000     0.00000     0.00000     0.00000
     0.00000     0.00000    -1.08387    -0.17798     0.00000     0.00000
     0.00000     0.00000    -0.24861    -0.04241     0.00000     0.00000
     0.00000     0.00000     0.00000     0.00000    -0.33278    -0.30558
     0.00000     0.00000     0.00000     0.00000    -0.30490    -0.27983

      The bmat + epsilon qq matrix
     1.83658     0.57166     0.00000     0.00000     0.00000     0.00000
     0.57187     0.16893     0.00000     0.00000     0.00000     0.00000
     0.00000     0.00000    -0.77691    -0.17397     0.00000     0.00000
     0.00000     0.00000    -0.17389    -0.04142     0.00000     0.00000
     0.00000     0.00000     0.00000     0.00000    -0.33270    -0.30519
     0.00000     0.00000     0.00000     0.00000    -0.30516    -0.27899

      The qq matrix
    -0.57769    -0.17433     0.00000     0.00000     0.00000     0.00000
    -0.17433    -0.05328     0.00000     0.00000     0.00000     0.00000
     0.00000     0.00000    -0.14947    -0.03638     0.00000     0.00000
     0.00000     0.00000    -0.03638    -0.00898     0.00000     0.00000
     0.00000     0.00000     0.00000     0.00000    -0.00039     0.00132
     0.00000     0.00000     0.00000     0.00000     0.00132     0.00279

     Q pseudized with Bessel functions
     Expected ecutrho=     250.4401 due to l1=  2   l2=  2

      The ddd matrix
    -1.84353    -0.55446     0.00000     0.00000     0.00000     0.00000
    -0.55446    -0.17967     0.00000     0.00000     0.00000     0.00000
     0.00000     0.00000    -1.65266    -0.39139     0.00000     0.00000
     0.00000     0.00000    -0.39139    -0.09607     0.00000     0.00000
     0.00000     0.00000     0.00000     0.00000    -0.31423    -0.28030
     0.00000     0.00000     0.00000     0.00000    -0.28030    -0.24872

     ------------------- End of pseudopotential generation -------------------

     --------------------------- All-electron run ----------------------------

     Y                                                                          
     scalar relativistic calculation

     atomic number is 39.00
     dft =LDA   lsd =0 sic =0 latt =0  beta=0.20 tr2=1.0E-14
     Exchange-correlation= LDA
                           (   1   1   0   0   0   0   0)
     mesh =1223 r(mesh) = 100.62879 a.u. xmin = -7.00 dx = 0.01250
     1 Ry =  13.60569312 eV, c = 137.03599908

     n l     nl                  e(Ry)          e(Ha)          e(eV)
     1 0     1S 1( 2.00)     -1237.8778      -618.9389    -16842.1858
     2 0     2S 1( 2.00)      -169.6738       -84.8369     -2308.5293
     2 1     2P 1( 6.00)      -151.1835       -75.5918     -2056.9569
     3 0     3S 1( 2.00)       -27.0368       -13.5184      -367.8548
     3 1     3P 1( 6.00)       -21.0397       -10.5198      -286.2596
     4 0     4S 1( 2.00)        -3.5272        -1.7636       -47.9903
     4 1     4P 1( 6.00)        -2.0537        -1.0268       -27.9414
     3 2     3D 1(10.00)       -11.1288        -5.5644      -151.4147
     4 2     4D 1( 1.00)        -0.1945        -0.0973        -2.6463
     5 0     5S 1( 2.00)        -0.3112        -0.1556        -4.2347
     5 1     5P 1( 0.00)        -0.1101        -0.0551        -1.4982

     final scf error:  2.6E-15 reached in  25 iterations
 
     Etot =   -6762.773949 Ry,   -3381.386975 Ha,  -92012.227014 eV

     Ekin =    6942.115083 Ry,    3471.057542 Ha,   94452.287451 eV
     Encl =  -16291.331930 Ry,   -8145.665965 Ha, -221654.862810 eV
     Eh   =    2797.422726 Ry,    1398.711363 Ha,   38060.875148 eV
     Exc  =    -210.979829 Ry,    -105.489914 Ha,   -2870.526803 eV


     normalization and overlap integrals

     s(1S/1S) =  1.000000  <r> =   0.0381  <r2> =    0.0020  r(max) =   0.0247
     s(1S/2S) = -0.007660
     s(1S/3S) = -0.003038
     s(1S/4S) = -0.001176
     s(1S/5S) = -0.000360
     s(2S/2S) =  1.000000  <r> =   0.1676  <r2> =    0.0331  r(max) =   0.1404
     s(2S/3S) = -0.001819
     s(2S/4S) = -0.000684
     s(2S/5S) = -0.000208
     s(2P/2P) =  1.000000  <r> =   0.1460  <r2> =    0.0261  r(max) =   0.1121
     s(2P/3P) = -0.001484
     s(2P/4P) = -0.000497
     s(2P/5P) = -0.000121
     s(3S/3S) =  1.000000  <r> =   0.4757  <r2> =    0.2597  r(max) =   0.4217
     s(3S/4S) = -0.000428
     s(3S/5S) = -0.000129
     s(3P/3P) =  1.000000  <r> =   0.4803  <r2> =    0.2692  r(max) =   0.4164
     s(3P/4P) = -0.000339
     s(3P/5P) = -0.000082
     s(4S/4S) =  1.000000  <r> =   1.2779  <r2> =    1.8561  r(max) =   1.1319
     s(4S/5S) = -0.000068
     s(4P/4P) =  1.000000  <r> =   1.4582  <r2> =    2.4491  r(max) =   1.2510
     s(4P/5P) = -0.000041
     s(3D/3D) =  1.000000  <r> =   0.4745  <r2> =    0.2734  r(max) =   0.3584
     s(3D/4D) = -0.000149
     s(4D/4D) =  1.000000  <r> =   2.6755  <r2> =    9.0684  r(max) =   1.7976
     s(5S/5S) =  1.000000  <r> =   3.9208  <r2> =   17.5435  r(max) =   3.3166
     s(5P/5P) =  1.000000  <r> =   5.3492  <r2> =   33.0564  r(max) =   4.4213

     ------------------------ End of All-electron run ------------------------


     ---------------------- Testing the pseudopotential ----------------------

     Y                                                                          
     scalar relativistic calculation

     atomic number is 39.00   valence charge is 11.00
     dft =LDA   lsd =0 sic =0 latt =0  beta=0.20 tr2=1.0E-14
     mesh =1223 r(mesh) = 100.62879 xmin = -7.00 dx = 0.01250

     n l     nl             e AE (Ry)        e PS (Ry)    De AE-PS (Ry) 
     1 0     4S   1( 2.00)       -3.52722       -3.52719       -0.00003
     2 0     5S   1( 2.00)       -0.31125       -0.31124       -0.00000
     2 1     4P   1( 6.00)       -2.05366       -2.05363       -0.00002
     3 1     5P   1( 0.00)       -0.11011       -0.11011       -0.00000
     3 2     4D   1( 1.00)       -0.19450       -0.19449       -0.00001

     eps = 8.7E-15  iter =  4
 
     Etot =   -6762.773949 Ry,   -3381.386975 Ha,  -92012.227014 eV
     Etotps =   -84.445799 Ry,     -42.222900 Ha,   -1148.943629 eV

     Ekin =      29.349447 Ry,      14.674724 Ha,     399.319575 eV
     Encl =    -139.998340 Ry,     -69.999170 Ha,   -1904.774451 eV
     Ehrt =      59.195904 Ry,      29.597952 Ha,     805.401302 eV
     Ecxc =     -18.716056 Ry,      -9.358028 Ha,    -254.644909 eV
     (Ecc =      -7.462505 Ry,      -3.731252 Ha,    -101.532552 eV)
     Epseu=     -14.276755 Ry,      -7.138377 Ha,    -194.245145 eV

     ---------------------- End of pseudopotential test ----------------------

