[0] MPI startup(): I_MPI_SHM_LMT environment variable is not supported.
[0] MPI startup(): Similar variables:
	 I_MPI_SHM_HEAP
	 I_MPI_SHM
	 I_MPI_SHM_OPT
	 I_MPI_SHM_THP
[0] MPI startup(): To check the list of supported variables, use the impi_info utility or refer to https://software.intel.com/en-us/mpi-library/documentation/get-started.

     Program LD1 v.7.3.1 starts on 19Sep2024 at 21:46:25 

     This program is part of the open-source Quantum ESPRESSO suite
     for quantum simulation of materials; please cite
         "P. Giannozzi et al., J. Phys.:Condens. Matter 21 395502 (2009);
         "P. Giannozzi et al., J. Phys.:Condens. Matter 29 465901 (2017);
         "P. Giannozzi et al., J. Chem. Phys. 152 154105 (2020);
          URL http://www.quantum-espresso.org", 
     in publications or presentations arising from this work. More details at
     http://www.quantum-espresso.org/quote

     Parallel version (MPI), running on     1 processors

     MPI processes distributed on     1 nodes
     89969 MiB available memory on the printing compute node when the environment starts
 
     Waiting for input...
     Reading input from standard input
     --------------------------- All-electron run ----------------------------

     Zn                                                                         
     scalar relativistic calculation

     atomic number is 30.00
     dft =LDA   lsd =0 sic =0 latt =0  beta=0.20 tr2=1.0E-14
     Exchange-correlation= LDA
                           (   1   1   0   0   0   0   0)
     mesh =1201 r(mesh) =  99.36527 a.u. xmin = -7.00 dx = 0.01250
     1 Ry =  13.60569312 eV, c = 137.03599908

     n l     nl                  e(Ry)          e(Ha)          e(eV)
     1 0     1S 1( 2.00)      -698.7683      -349.3841     -9507.2266
     2 0     2S 1( 2.00)       -84.9778       -42.4889     -1156.1821
     2 1     2P 1( 6.00)       -73.7532       -36.8766     -1003.4636
     3 0     3S 1( 2.00)        -9.4537        -4.7269      -128.6247
     3 1     3P 1( 6.00)        -6.1195        -3.0598       -83.2607
     3 2     3D 1(10.00)        -0.7660        -0.3830       -10.4220
     4 0     4S 1( 2.00)        -0.4576        -0.2288        -6.2257
     4 1     4P 1( 0.00)        -0.0907        -0.0454        -1.2341

     final scf error:  8.3E-15 reached in  33 iterations
 
     Etot =   -3586.632149 Ry,   -1793.316075 Ha,  -48798.616369 eV

     Ekin =    3642.289282 Ry,    1821.144641 Ha,   49555.870230 eV
     Encl =   -8648.418389 Ry,   -4324.209195 Ha, -117667.726605 eV
     Eh   =    1557.020800 Ry,     778.510400 Ha,   21184.347187 eV
     Exc  =    -137.523841 Ry,     -68.761921 Ha,   -1871.107181 eV


     normalization and overlap integrals

     s(1S/1S) =  1.000000  <r> =   0.0504  <r2> =    0.0034  r(max) =   0.0329
     s(1S/2S) = -0.004323
     s(1S/3S) = -0.001612
     s(1S/4S) = -0.000384
     s(2S/2S) =  1.000000  <r> =   0.2266  <r2> =    0.0606  r(max) =   0.1894
     s(2S/3S) = -0.000937
     s(2S/4S) = -0.000219
     s(2P/2P) =  1.000000  <r> =   0.1985  <r2> =    0.0483  r(max) =   0.1513
     s(2P/3P) = -0.000748
     s(2P/4P) = -0.000107
     s(3S/3S) =  1.000000  <r> =   0.6823  <r2> =    0.5385  r(max) =   0.5908
     s(3S/4S) = -0.000128
     s(3P/3P) =  1.000000  <r> =   0.7141  <r2> =    0.6034  r(max) =   0.5908
     s(3P/4P) = -0.000066
     s(3D/3D) =  1.000000  <r> =   0.9120  <r2> =    1.1334  r(max) =   0.5620
     s(4S/4S) =  1.000000  <r> =   2.6302  <r2> =    8.1216  r(max) =   2.0882
     s(4P/4P) =  1.000000  <r> =   4.1466  <r2> =   21.1001  r(max) =   3.0383

     ------------------------ End of All-electron run ------------------------


     --------------------- Generating US pseudopotential ---------------------


      Generating local potential from pseudized AE potential:
      Matching radius rcloc =   1.7000

      Local pseudo, rcloc= 1.688 Estimated cut-off energy=     8.66 Ry

      Computing core charge for nlcc: 

       r > 0.70 : true rho core
       r < 0.70 : rho core = a sin(br)/r    a=  23.91  b=   3.34

      Integrated core pseudo-charge :   8.67
      Wfc-us  4S rcutus= 2.223  Estimated cut-off energy=     9.15 Ry
      Wfc-us  4S rcutus= 2.223  Estimated cut-off energy=    23.77 Ry
      Wfc-us  4P rcutus= 2.279  Estimated cut-off energy=    13.92 Ry
      Wfc-us  4P rcutus= 2.279  Estimated cut-off energy=    31.30 Ry
      Wfc-us  3D rcutus= 1.820  Estimated cut-off energy=    35.77 Ry
      Wfc-us  3D rcutus= 1.820  Estimated cut-off energy=    39.86 Ry

      The bmat matrix
     0.99667     0.65630     0.00000     0.00000     0.00000     0.00000
     0.52842     0.55195     0.00000     0.00000     0.00000     0.00000
     0.00000     0.00000     0.13133     0.33507     0.00000     0.00000
     0.00000     0.00000     0.22701     0.98816     0.00000     0.00000
     0.00000     0.00000     0.00000     0.00000    -0.95884    -0.53389
     0.00000     0.00000     0.00000     0.00000    -0.47325    -0.26471

      The bmat + epsilon qq matrix
     1.05494     0.53711     0.00000     0.00000     0.00000     0.00000
     0.53736     0.90912     0.00000     0.00000     0.00000     0.00000
     0.00000     0.00000     0.13258     0.22842     0.00000     0.00000
     0.00000     0.00000     0.22854     0.90192     0.00000     0.00000
     0.00000     0.00000     0.00000     0.00000    -1.48221    -0.75297
     0.00000     0.00000     0.00000     0.00000    -0.75294    -0.38184

      The qq matrix
    -0.12735    -0.01954     0.00000     0.00000     0.00000     0.00000
    -0.01954     0.05855     0.00000     0.00000     0.00000     0.00000
     0.00000     0.00000    -0.01379    -0.01693     0.00000     0.00000
     0.00000     0.00000    -0.01693    -0.01369     0.00000     0.00000
     0.00000     0.00000     0.00000     0.00000     0.68325     0.36513
     0.00000     0.00000     0.00000     0.00000     0.36513     0.19522

     Q pseudized with Bessel functions
     Expected ecutrho=     232.6395 due to l1=  2   l2=  2

      The ddd matrix
     0.47538     0.88118     0.00000     0.00000     0.00000     0.00000
     0.88118     1.18912     0.00000     0.00000     0.00000     0.00000
     0.00000     0.00000     0.12197     0.21806     0.00000     0.00000
     0.00000     0.00000     0.21806     0.69221     0.00000     0.00000
     0.00000     0.00000     0.00000     0.00000     3.64154     1.99954
     0.00000     0.00000     0.00000     0.00000     1.99954     1.09720

     ------------------- End of pseudopotential generation -------------------

     --------------------------- All-electron run ----------------------------

     Zn                                                                         
     scalar relativistic calculation

     atomic number is 30.00
     dft =LDA   lsd =0 sic =0 latt =0  beta=0.20 tr2=1.0E-14
     Exchange-correlation= LDA
                           (   1   1   0   0   0   0   0)
     mesh =1201 r(mesh) =  99.36527 a.u. xmin = -7.00 dx = 0.01250
     1 Ry =  13.60569312 eV, c = 137.03599908

     n l     nl                  e(Ry)          e(Ha)          e(eV)
     1 0     1S 1( 2.00)      -698.7683      -349.3841     -9507.2266
     2 0     2S 1( 2.00)       -84.9778       -42.4889     -1156.1821
     2 1     2P 1( 6.00)       -73.7532       -36.8766     -1003.4636
     3 0     3S 1( 2.00)        -9.4537        -4.7269      -128.6247
     3 1     3P 1( 6.00)        -6.1195        -3.0598       -83.2607
     3 2     3D 1(10.00)        -0.7660        -0.3830       -10.4220
     4 0     4S 1( 2.00)        -0.4576        -0.2288        -6.2257
     4 1     4P 1( 0.00)        -0.0907        -0.0454        -1.2341

     final scf error:  8.3E-15 reached in  33 iterations
 
     Etot =   -3586.632149 Ry,   -1793.316075 Ha,  -48798.616369 eV

     Ekin =    3642.289282 Ry,    1821.144641 Ha,   49555.870230 eV
     Encl =   -8648.418389 Ry,   -4324.209195 Ha, -117667.726605 eV
     Eh   =    1557.020800 Ry,     778.510400 Ha,   21184.347187 eV
     Exc  =    -137.523841 Ry,     -68.761921 Ha,   -1871.107181 eV


     normalization and overlap integrals

     s(1S/1S) =  1.000000  <r> =   0.0504  <r2> =    0.0034  r(max) =   0.0329
     s(1S/2S) = -0.004323
     s(1S/3S) = -0.001612
     s(1S/4S) = -0.000384
     s(2S/2S) =  1.000000  <r> =   0.2266  <r2> =    0.0606  r(max) =   0.1894
     s(2S/3S) = -0.000937
     s(2S/4S) = -0.000219
     s(2P/2P) =  1.000000  <r> =   0.1985  <r2> =    0.0483  r(max) =   0.1513
     s(2P/3P) = -0.000748
     s(2P/4P) = -0.000107
     s(3S/3S) =  1.000000  <r> =   0.6823  <r2> =    0.5385  r(max) =   0.5908
     s(3S/4S) = -0.000128
     s(3P/3P) =  1.000000  <r> =   0.7141  <r2> =    0.6034  r(max) =   0.5908
     s(3P/4P) = -0.000066
     s(3D/3D) =  1.000000  <r> =   0.9120  <r2> =    1.1334  r(max) =   0.5620
     s(4S/4S) =  1.000000  <r> =   2.6302  <r2> =    8.1216  r(max) =   2.0882
     s(4P/4P) =  1.000000  <r> =   4.1466  <r2> =   21.1001  r(max) =   3.0383

     ------------------------ End of All-electron run ------------------------


     ---------------------- Testing the pseudopotential ----------------------

     Zn                                                                         
     scalar relativistic calculation

     atomic number is 30.00   valence charge is 12.00
     dft =LDA   lsd =0 sic =0 latt =0  beta=0.20 tr2=1.0E-14
     mesh =1201 r(mesh) =  99.36527 xmin = -7.00 dx = 0.01250

     n l     nl             e AE (Ry)        e PS (Ry)    De AE-PS (Ry) 
     1 0     4S   1( 2.00)       -0.45758       -0.45758        0.00000
     2 1     4P   1( 0.00)       -0.09070       -0.09070       -0.00000
     3 2     3D   1(10.00)       -0.76600       -0.76600        0.00000

     eps = 7.0E-15  iter =  5
 
     Etot =   -3586.632149 Ry,   -1793.316075 Ha,  -48798.616369 eV
     Etotps =  -144.721382 Ry,     -72.360691 Ha,   -1969.034714 eV

     Ekin =      18.311436 Ry,       9.155718 Ha,     249.139783 eV
     Encl =    -278.891514 Ry,    -139.445757 Ha,   -3794.512353 eV
     Ehrt =     121.601637 Ry,      60.800818 Ha,    1654.474553 eV
     Ecxc =     -43.109089 Ry,     -21.554545 Ha,    -586.529042 eV
     (Ecc =     -17.392820 Ry,      -8.696410 Ha,    -236.641371 eV)
     Epseu=      37.366148 Ry,      18.683074 Ha,     508.392345 eV

     ---------------------- End of pseudopotential test ----------------------

