[0] MPI startup(): I_MPI_SHM_LMT environment variable is not supported.
[0] MPI startup(): Similar variables:
	 I_MPI_SHM_HEAP
	 I_MPI_SHM
	 I_MPI_SHM_OPT
	 I_MPI_SHM_THP
[0] MPI startup(): To check the list of supported variables, use the impi_info utility or refer to https://software.intel.com/en-us/mpi-library/documentation/get-started.

     Program LD1 v.7.3.1 starts on 19Sep2024 at 21:46:26 

     This program is part of the open-source Quantum ESPRESSO suite
     for quantum simulation of materials; please cite
         "P. Giannozzi et al., J. Phys.:Condens. Matter 21 395502 (2009);
         "P. Giannozzi et al., J. Phys.:Condens. Matter 29 465901 (2017);
         "P. Giannozzi et al., J. Chem. Phys. 152 154105 (2020);
          URL http://www.quantum-espresso.org", 
     in publications or presentations arising from this work. More details at
     http://www.quantum-espresso.org/quote

     Parallel version (MPI), running on     1 processors

     MPI processes distributed on     1 nodes
     89971 MiB available memory on the printing compute node when the environment starts
 
     Waiting for input...
     Reading input from standard input
     --------------------------- All-electron run ----------------------------

     Zr                                                                         
     scalar relativistic calculation

     atomic number is 40.00
     dft =LDA   lsd =0 sic =0 latt =0  beta=0.20 tr2=1.0E-14
     Exchange-correlation= LDA
                           (   1   1   0   0   0   0   0)
     mesh =1225 r(mesh) = 100.59681 a.u. xmin = -7.00 dx = 0.01250
     1 Ry =  13.60569312 eV, c = 137.03599908

     n l     nl                  e(Ry)          e(Ha)          e(eV)
     1 0     1S 1( 2.00)     -1308.2121      -654.1060    -17799.1317
     2 0     2S 1( 2.00)      -181.3068       -90.6534     -2466.8044
     2 1     2P 1( 6.00)      -161.8116       -80.9058     -2201.5592
     3 0     3S 1( 2.00)       -29.6668       -14.8334      -403.6376
     3 1     3P 1( 6.00)       -23.3167       -11.6583      -317.2397
     4 0     4S 1( 2.00)        -4.0066        -2.0033       -54.5120
     4 1     4P 1( 6.00)        -2.3887        -1.1944       -32.5004
     3 2     3D 1(10.00)       -12.8583        -6.4292      -174.9463
     4 2     4D 1( 2.00)        -0.2746        -0.1373        -3.7368
     5 0     5S 1( 2.00)        -0.3378        -0.1689        -4.5954
     5 1     5P 1( 0.00)        -0.1140        -0.0570        -1.5504

     final scf error:  5.1E-15 reached in  39 iterations
 
     Etot =   -7189.192687 Ry,   -3594.596343 Ha,  -97813.949498 eV

     Ekin =    7389.840295 Ry,    3694.920147 Ha,  100543.899281 eV
     Encl =  -17318.655363 Ry,   -8659.327681 Ha, -235632.310165 eV
     Eh   =    2959.438073 Ry,    1479.719037 Ha,   40265.206243 eV
     Exc  =    -219.815693 Ry,    -109.907846 Ha,   -2990.744857 eV


     normalization and overlap integrals

     s(1S/1S) =  1.000000  <r> =   0.0371  <r2> =    0.0019  r(max) =   0.0241
     s(1S/2S) = -0.008095
     s(1S/3S) = -0.003230
     s(1S/4S) = -0.001282
     s(1S/5S) = -0.000395
     s(2S/2S) =  1.000000  <r> =   0.1628  <r2> =    0.0312  r(max) =   0.1368
     s(2S/3S) = -0.001939
     s(2S/4S) = -0.000746
     s(2S/5S) = -0.000229
     s(2P/2P) =  1.000000  <r> =   0.1418  <r2> =    0.0246  r(max) =   0.1093
     s(2P/3P) = -0.001584
     s(2P/4P) = -0.000548
     s(2P/5P) = -0.000132
     s(3S/3S) =  1.000000  <r> =   0.4594  <r2> =    0.2420  r(max) =   0.4111
     s(3S/4S) = -0.000471
     s(3S/5S) = -0.000142
     s(3P/3P) =  1.000000  <r> =   0.4628  <r2> =    0.2497  r(max) =   0.4010
     s(3P/4P) = -0.000377
     s(3P/5P) = -0.000089
     s(4S/4S) =  1.000000  <r> =   1.2117  <r2> =    1.6673  r(max) =   1.0764
     s(4S/5S) = -0.000077
     s(4P/4P) =  1.000000  <r> =   1.3690  <r2> =    2.1551  r(max) =   1.1748
     s(4P/5P) = -0.000046
     s(3D/3D) =  1.000000  <r> =   0.4528  <r2> =    0.2481  r(max) =   0.3451
     s(3D/4D) = -0.000182
     s(4D/4D) =  1.000000  <r> =   2.2967  <r2> =    6.6053  r(max) =   1.6058
     s(5S/5S) =  1.000000  <r> =   3.6937  <r2> =   15.5874  r(max) =   3.1147
     s(5P/5P) =  1.000000  <r> =   5.0663  <r2> =   29.7732  r(max) =   4.1521

     ------------------------ End of All-electron run ------------------------


     --------------------- Generating US pseudopotential ---------------------


      Generating local potential from pseudized AE potential:
      Matching radius rcloc =   2.4000

      Local pseudo, rcloc= 2.426 Estimated cut-off energy=     4.20 Ry

      Computing core charge for nlcc: 

       r > 1.10 : true rho core
      Core charge pseudized with two Bessel functions
      Integrated core pseudo-charge :   4.78
      Wfc-us  4S rcutus= 1.586  Estimated cut-off energy=    20.51 Ry
      Wfc-us  5S rcutus= 1.586  Estimated cut-off energy=    36.37 Ry
      Wfc-us  4P rcutus= 1.709  Estimated cut-off energy=    27.82 Ry
      Wfc-us  5P rcutus= 1.709  Estimated cut-off energy=    41.41 Ry
      Wfc-us  4D rcutus= 1.889  Estimated cut-off energy=    31.50 Ry
      Wfc-us  4D rcutus= 1.889  Estimated cut-off energy=    33.07 Ry

      The bmat matrix
    -1.04590     0.45162     0.00000     0.00000     0.00000     0.00000
    -0.28596     0.12936     0.00000     0.00000     0.00000     0.00000
     0.00000     0.00000    -1.61401    -0.27824     0.00000     0.00000
     0.00000     0.00000    -0.36628    -0.06904     0.00000     0.00000
     0.00000     0.00000     0.00000     0.00000    -0.56586    -0.45863
     0.00000     0.00000     0.00000     0.00000    -0.45126    -0.36567

      The bmat + epsilon qq matrix
     1.54568     0.51955     0.00000     0.00000     0.00000     0.00000
     0.51982     0.15091     0.00000     0.00000     0.00000     0.00000
     0.00000     0.00000    -1.27439    -0.27382     0.00000     0.00000
     0.00000     0.00000    -0.27372    -0.06782     0.00000     0.00000
     0.00000     0.00000     0.00000     0.00000    -0.56921    -0.45480
     0.00000     0.00000     0.00000     0.00000    -0.45476    -0.36186

      The qq matrix
    -0.64684    -0.20112     0.00000     0.00000     0.00000     0.00000
    -0.20112    -0.06378     0.00000     0.00000     0.00000     0.00000
     0.00000     0.00000    -0.14217    -0.03875     0.00000     0.00000
     0.00000     0.00000    -0.03875    -0.01065     0.00000     0.00000
     0.00000     0.00000     0.00000     0.00000     0.01220     0.01276
     0.00000     0.00000     0.00000     0.00000     0.01276     0.01269

     Q pseudized with Bessel functions
     Expected ecutrho=     316.0058 due to l1=  2   l2=  2

      The ddd matrix
    -2.60438    -0.79015     0.00000     0.00000     0.00000     0.00000
    -0.79015    -0.26951     0.00000     0.00000     0.00000     0.00000
     0.00000     0.00000    -2.11535    -0.50768     0.00000     0.00000
     0.00000     0.00000    -0.50768    -0.13310     0.00000     0.00000
     0.00000     0.00000     0.00000     0.00000    -0.47695    -0.36631
     0.00000     0.00000     0.00000     0.00000    -0.36631    -0.27858

     ------------------- End of pseudopotential generation -------------------

     --------------------------- All-electron run ----------------------------

     Zr                                                                         
     scalar relativistic calculation

     atomic number is 40.00
     dft =LDA   lsd =0 sic =0 latt =0  beta=0.20 tr2=1.0E-14
     Exchange-correlation= LDA
                           (   1   1   0   0   0   0   0)
     mesh =1225 r(mesh) = 100.59681 a.u. xmin = -7.00 dx = 0.01250
     1 Ry =  13.60569312 eV, c = 137.03599908

     n l     nl                  e(Ry)          e(Ha)          e(eV)
     1 0     1S 1( 2.00)     -1308.2121      -654.1060    -17799.1317
     2 0     2S 1( 2.00)      -181.3068       -90.6534     -2466.8044
     2 1     2P 1( 6.00)      -161.8116       -80.9058     -2201.5592
     3 0     3S 1( 2.00)       -29.6668       -14.8334      -403.6376
     3 1     3P 1( 6.00)       -23.3167       -11.6583      -317.2397
     4 0     4S 1( 2.00)        -4.0066        -2.0033       -54.5120
     4 1     4P 1( 6.00)        -2.3887        -1.1944       -32.5004
     3 2     3D 1(10.00)       -12.8583        -6.4292      -174.9463
     4 2     4D 1( 2.00)        -0.2746        -0.1373        -3.7368
     5 0     5S 1( 2.00)        -0.3378        -0.1689        -4.5954
     5 1     5P 1( 0.00)        -0.1140        -0.0570        -1.5504

     final scf error:  5.1E-15 reached in  39 iterations
 
     Etot =   -7189.192687 Ry,   -3594.596343 Ha,  -97813.949498 eV

     Ekin =    7389.840295 Ry,    3694.920147 Ha,  100543.899281 eV
     Encl =  -17318.655363 Ry,   -8659.327681 Ha, -235632.310165 eV
     Eh   =    2959.438073 Ry,    1479.719037 Ha,   40265.206243 eV
     Exc  =    -219.815693 Ry,    -109.907846 Ha,   -2990.744857 eV


     normalization and overlap integrals

     s(1S/1S) =  1.000000  <r> =   0.0371  <r2> =    0.0019  r(max) =   0.0241
     s(1S/2S) = -0.008095
     s(1S/3S) = -0.003230
     s(1S/4S) = -0.001282
     s(1S/5S) = -0.000395
     s(2S/2S) =  1.000000  <r> =   0.1628  <r2> =    0.0312  r(max) =   0.1368
     s(2S/3S) = -0.001939
     s(2S/4S) = -0.000746
     s(2S/5S) = -0.000229
     s(2P/2P) =  1.000000  <r> =   0.1418  <r2> =    0.0246  r(max) =   0.1093
     s(2P/3P) = -0.001584
     s(2P/4P) = -0.000548
     s(2P/5P) = -0.000132
     s(3S/3S) =  1.000000  <r> =   0.4594  <r2> =    0.2420  r(max) =   0.4111
     s(3S/4S) = -0.000471
     s(3S/5S) = -0.000142
     s(3P/3P) =  1.000000  <r> =   0.4628  <r2> =    0.2497  r(max) =   0.4010
     s(3P/4P) = -0.000377
     s(3P/5P) = -0.000089
     s(4S/4S) =  1.000000  <r> =   1.2117  <r2> =    1.6673  r(max) =   1.0764
     s(4S/5S) = -0.000077
     s(4P/4P) =  1.000000  <r> =   1.3690  <r2> =    2.1551  r(max) =   1.1748
     s(4P/5P) = -0.000046
     s(3D/3D) =  1.000000  <r> =   0.4528  <r2> =    0.2481  r(max) =   0.3451
     s(3D/4D) = -0.000182
     s(4D/4D) =  1.000000  <r> =   2.2967  <r2> =    6.6053  r(max) =   1.6058
     s(5S/5S) =  1.000000  <r> =   3.6937  <r2> =   15.5874  r(max) =   3.1147
     s(5P/5P) =  1.000000  <r> =   5.0663  <r2> =   29.7732  r(max) =   4.1521

     ------------------------ End of All-electron run ------------------------


     ---------------------- Testing the pseudopotential ----------------------

     Zr                                                                         
     scalar relativistic calculation

     atomic number is 40.00   valence charge is 12.00
     dft =LDA   lsd =0 sic =0 latt =0  beta=0.20 tr2=1.0E-14
     mesh =1225 r(mesh) = 100.59681 xmin = -7.00 dx = 0.01250

     n l     nl             e AE (Ry)        e PS (Ry)    De AE-PS (Ry) 
     1 0     4S   1( 2.00)       -4.00656       -4.00652       -0.00004
     2 0     5S   1( 2.00)       -0.33776       -0.33775       -0.00000
     2 1     4P   1( 6.00)       -2.38873       -2.38870       -0.00003
     3 1     5P   1( 0.00)       -0.11395       -0.11395       -0.00000
     3 2     4D   1( 2.00)       -0.27465       -0.27463       -0.00002

     eps = 1.9E-15  iter =  4
 
     Etot =   -7189.192687 Ry,   -3594.596343 Ha,  -97813.949498 eV
     Etotps =  -103.323855 Ry,     -51.661927 Ha,   -1405.792662 eV

     Ekin =      35.911805 Ry,      17.955903 Ha,     488.604999 eV
     Encl =    -171.462539 Ry,     -85.731270 Ha,   -2332.866690 eV
     Ehrt =      73.597913 Ry,      36.798956 Ha,    1001.350613 eV
     Ecxc =     -21.976924 Ry,     -10.988462 Ha,    -299.011285 eV
     (Ecc =      -8.998896 Ry,      -4.499448 Ha,    -122.436220 eV)
     Epseu=     -19.394109 Ry,      -9.697055 Ha,    -263.870299 eV

     ---------------------- End of pseudopotential test ----------------------

